[0.034s] Invoking command in '/home/bizare/Desktop/cw2_team_14/build/cw2_world_spawner': CMAKE_PREFIX_PATH=${CMAKE_PREFIX_PATH}:/opt/ros/humble /usr/bin/cmake --build /home/bizare/Desktop/cw2_team_14/build/cw2_world_spawner -- -j2 -l2
[0.208s] [  1%] Built target cw2_world_spawner__cpp
[0.311s] [ 12%] Built target cw2_world_spawner__rosidl_generator_c
[0.409s] [ 12%] Built target ament_cmake_python_copy_cw2_world_spawner
[0.485s] [ 12%] Built target ament_cmake_python_copy_cw2_world_spawner_lib
[0.589s] [ 23%] Built target cw2_world_spawner__rosidl_typesupport_cpp
[0.662s] [ 34%] Built target cw2_world_spawner__rosidl_typesupport_fastrtps_c
[0.725s] [ 45%] Built target cw2_world_spawner__rosidl_typesupport_introspection_c
[0.813s] [ 56%] Built target cw2_world_spawner__rosidl_typesupport_c
[0.887s] [ 67%] Built target cw2_world_spawner__rosidl_typesupport_fastrtps_cpp
[0.938s] [ 78%] Built target cw2_world_spawner__rosidl_typesupport_introspection_cpp
[1.320s] running egg_info
[1.321s] writing cw2_world_spawner.egg-info/PKG-INFO
[1.323s] writing dependency_links to cw2_world_spawner.egg-info/dependency_links.txt
[1.323s] writing top-level names to cw2_world_spawner.egg-info/top_level.txt
[1.329s] reading manifest file 'cw2_world_spawner.egg-info/SOURCES.txt'
[1.332s] writing manifest file 'cw2_world_spawner.egg-info/SOURCES.txt'
[1.372s] [ 78%] Built target ament_cmake_python_build_cw2_world_spawner_egg
[1.882s] running egg_info
[1.883s] writing cw2_world_spawner_lib.egg-info/PKG-INFO
[1.884s] writing dependency_links to cw2_world_spawner_lib.egg-info/dependency_links.txt
[1.888s] writing top-level names to cw2_world_spawner_lib.egg-info/top_level.txt
[1.893s] reading manifest file 'cw2_world_spawner_lib.egg-info/SOURCES.txt'
[1.893s] writing manifest file 'cw2_world_spawner_lib.egg-info/SOURCES.txt'
[1.963s] [ 78%] Built target ament_cmake_python_build_cw2_world_spawner_lib_egg
[1.997s] [ 78%] Built target cw2_world_spawner
[2.059s] [ 80%] Built target cw2_world_spawner__py
[2.145s] [ 89%] Built target cw2_world_spawner__rosidl_generator_py
[2.220s] [ 92%] Built target cw2_world_spawner__rosidl_typesupport_fastrtps_c__pyext
[2.274s] [ 96%] Built target cw2_world_spawner__rosidl_typesupport_introspection_c__pyext
[2.349s] [100%] Built target cw2_world_spawner__rosidl_typesupport_c__pyext
[2.379s] Invoked command in '/home/bizare/Desktop/cw2_team_14/build/cw2_world_spawner' returned '0': CMAKE_PREFIX_PATH=${CMAKE_PREFIX_PATH}:/opt/ros/humble /usr/bin/cmake --build /home/bizare/Desktop/cw2_team_14/build/cw2_world_spawner -- -j2 -l2
[2.384s] Invoking command in '/home/bizare/Desktop/cw2_team_14/build/cw2_world_spawner': CMAKE_PREFIX_PATH=${CMAKE_PREFIX_PATH}:/opt/ros/humble /usr/bin/cmake --install /home/bizare/Desktop/cw2_team_14/build/cw2_world_spawner
[2.398s] -- Install configuration: ""
[2.400s] -- Up-to-date: /home/bizare/Desktop/cw2_team_14/install/cw2_world_spawner/share/ament_index/resource_index/rosidl_interfaces/cw2_world_spawner
[2.400s] -- Up-to-date: /home/bizare/Desktop/cw2_team_14/install/cw2_world_spawner/include/cw2_world_spawner/cw2_world_spawner
[2.400s] -- Up-to-date: /home/bizare/Desktop/cw2_team_14/install/cw2_world_spawner/include/cw2_world_spawner/cw2_world_spawner/msg
[2.400s] -- Up-to-date: /home/bizare/Desktop/cw2_team_14/install/cw2_world_spawner/include/cw2_world_spawner/cw2_world_spawner/msg/rosidl_generator_c__visibility_control.h
[2.401s] -- Up-to-date: /home/bizare/Desktop/cw2_team_14/install/cw2_world_spawner/include/cw2_world_spawner/cw2_world_spawner/srv
[2.401s] -- Up-to-date: /home/bizare/Desktop/cw2_team_14/install/cw2_world_spawner/include/cw2_world_spawner/cw2_world_spawner/srv/task3_service.h
[2.401s] -- Up-to-date: /home/bizare/Desktop/cw2_team_14/install/cw2_world_spawner/include/cw2_world_spawner/cw2_world_spawner/srv/detail
[2.401s] -- Up-to-date: /home/bizare/Desktop/cw2_team_14/install/cw2_world_spawner/include/cw2_world_spawner/cw2_world_spawner/srv/detail/task1_service__struct.h
[2.401s] -- Up-to-date: /home/bizare/Desktop/cw2_team_14/install/cw2_world_spawner/include/cw2_world_spawner/cw2_world_spawner/srv/detail/task1_service__functions.c
[2.401s] -- Up-to-date: /home/bizare/Desktop/cw2_team_14/install/cw2_world_spawner/include/cw2_world_spawner/cw2_world_spawner/srv/detail/task_setup__functions.c
[2.401s] -- Up-to-date: /home/bizare/Desktop/cw2_team_14/install/cw2_world_spawner/include/cw2_world_spawner/cw2_world_spawner/srv/detail/task3_service__type_support.h
[2.401s] -- Up-to-date: /home/bizare/Desktop/cw2_team_14/install/cw2_world_spawner/include/cw2_world_spawner/cw2_world_spawner/srv/detail/task3_service__functions.h
[2.405s] -- Up-to-date: /home/bizare/Desktop/cw2_team_14/install/cw2_world_spawner/include/cw2_world_spawner/cw2_world_spawner/srv/detail/task1_service__type_support.h
[2.405s] -- Up-to-date: /home/bizare/Desktop/cw2_team_14/install/cw2_world_spawner/include/cw2_world_spawner/cw2_world_spawner/srv/detail/task2_service__type_support.h
[2.405s] -- Up-to-date: /home/bizare/Desktop/cw2_team_14/install/cw2_world_spawner/include/cw2_world_spawner/cw2_world_spawner/srv/detail/task1_service__functions.h
[2.405s] -- Up-to-date: /home/bizare/Desktop/cw2_team_14/install/cw2_world_spawner/include/cw2_world_spawner/cw2_world_spawner/srv/detail/task2_service__functions.c
[2.405s] -- Up-to-date: /home/bizare/Desktop/cw2_team_14/install/cw2_world_spawner/include/cw2_world_spawner/cw2_world_spawner/srv/detail/task2_service__functions.h
[2.405s] -- Up-to-date: /home/bizare/Desktop/cw2_team_14/install/cw2_world_spawner/include/cw2_world_spawner/cw2_world_spawner/srv/detail/task3_service__struct.h
[2.405s] -- Up-to-date: /home/bizare/Desktop/cw2_team_14/install/cw2_world_spawner/include/cw2_world_spawner/cw2_world_spawner/srv/detail/task3_service__functions.c
[2.405s] -- Up-to-date: /home/bizare/Desktop/cw2_team_14/install/cw2_world_spawner/include/cw2_world_spawner/cw2_world_spawner/srv/detail/task_setup__struct.h
[2.405s] -- Up-to-date: /home/bizare/Desktop/cw2_team_14/install/cw2_world_spawner/include/cw2_world_spawner/cw2_world_spawner/srv/detail/task_setup__type_support.h
[2.405s] -- Up-to-date: /home/bizare/Desktop/cw2_team_14/install/cw2_world_spawner/include/cw2_world_spawner/cw2_world_spawner/srv/detail/task2_service__struct.h
[2.405s] -- Up-to-date: /home/bizare/Desktop/cw2_team_14/install/cw2_world_spawner/include/cw2_world_spawner/cw2_world_spawner/srv/detail/task_setup__functions.h
[2.405s] -- Up-to-date: /home/bizare/Desktop/cw2_team_14/install/cw2_world_spawner/include/cw2_world_spawner/cw2_world_spawner/srv/task2_service.h
[2.406s] -- Up-to-date: /home/bizare/Desktop/cw2_team_14/install/cw2_world_spawner/include/cw2_world_spawner/cw2_world_spawner/srv/task1_service.h
[2.406s] -- Up-to-date: /home/bizare/Desktop/cw2_team_14/install/cw2_world_spawner/include/cw2_world_spawner/cw2_world_spawner/srv/task_setup.h
[2.406s] -- Up-to-date: /home/bizare/Desktop/cw2_team_14/install/cw2_world_spawner/share/cw2_world_spawner/environment/library_path.sh
[2.406s] -- Up-to-date: /home/bizare/Desktop/cw2_team_14/install/cw2_world_spawner/share/cw2_world_spawner/environment/library_path.dsv
[2.406s] -- Up-to-date: /home/bizare/Desktop/cw2_team_14/install/cw2_world_spawner/lib/libcw2_world_spawner__rosidl_generator_c.so
[2.406s] -- Up-to-date: /home/bizare/Desktop/cw2_team_14/install/cw2_world_spawner/include/cw2_world_spawner/cw2_world_spawner
[2.406s] -- Up-to-date: /home/bizare/Desktop/cw2_team_14/install/cw2_world_spawner/include/cw2_world_spawner/cw2_world_spawner/msg
[2.406s] -- Up-to-date: /home/bizare/Desktop/cw2_team_14/install/cw2_world_spawner/include/cw2_world_spawner/cw2_world_spawner/msg/rosidl_typesupport_fastrtps_c__visibility_control.h
[2.406s] -- Up-to-date: /home/bizare/Desktop/cw2_team_14/install/cw2_world_spawner/include/cw2_world_spawner/cw2_world_spawner/srv
[2.406s] -- Up-to-date: /home/bizare/Desktop/cw2_team_14/install/cw2_world_spawner/include/cw2_world_spawner/cw2_world_spawner/srv/detail
[2.406s] -- Up-to-date: /home/bizare/Desktop/cw2_team_14/install/cw2_world_spawner/include/cw2_world_spawner/cw2_world_spawner/srv/detail/task2_service__rosidl_typesupport_fastrtps_c.h
[2.406s] -- Up-to-date: /home/bizare/Desktop/cw2_team_14/install/cw2_world_spawner/include/cw2_world_spawner/cw2_world_spawner/srv/detail/task_setup__rosidl_typesupport_fastrtps_c.h
[2.406s] -- Up-to-date: /home/bizare/Desktop/cw2_team_14/install/cw2_world_spawner/include/cw2_world_spawner/cw2_world_spawner/srv/detail/task3_service__rosidl_typesupport_fastrtps_c.h
[2.406s] -- Up-to-date: /home/bizare/Desktop/cw2_team_14/install/cw2_world_spawner/include/cw2_world_spawner/cw2_world_spawner/srv/detail/task1_service__rosidl_typesupport_fastrtps_c.h
[2.406s] -- Up-to-date: /home/bizare/Desktop/cw2_team_14/install/cw2_world_spawner/lib/libcw2_world_spawner__rosidl_typesupport_fastrtps_c.so
[2.406s] -- Up-to-date: /home/bizare/Desktop/cw2_team_14/install/cw2_world_spawner/include/cw2_world_spawner/cw2_world_spawner
[2.406s] -- Up-to-date: /home/bizare/Desktop/cw2_team_14/install/cw2_world_spawner/include/cw2_world_spawner/cw2_world_spawner/msg
[2.406s] -- Up-to-date: /home/bizare/Desktop/cw2_team_14/install/cw2_world_spawner/include/cw2_world_spawner/cw2_world_spawner/msg/rosidl_typesupport_introspection_c__visibility_control.h
[2.418s] -- Up-to-date: /home/bizare/Desktop/cw2_team_14/install/cw2_world_spawner/include/cw2_world_spawner/cw2_world_spawner/srv
[2.418s] -- Up-to-date: /home/bizare/Desktop/cw2_team_14/install/cw2_world_spawner/include/cw2_world_spawner/cw2_world_spawner/srv/detail
[2.419s] -- Up-to-date: /home/bizare/Desktop/cw2_team_14/install/cw2_world_spawner/include/cw2_world_spawner/cw2_world_spawner/srv/detail/task2_service__rosidl_typesupport_introspection_c.h
[2.419s] -- Up-to-date: /home/bizare/Desktop/cw2_team_14/install/cw2_world_spawner/include/cw2_world_spawner/cw2_world_spawner/srv/detail/task_setup__rosidl_typesupport_introspection_c.h
[2.419s] -- Up-to-date: /home/bizare/Desktop/cw2_team_14/install/cw2_world_spawner/include/cw2_world_spawner/cw2_world_spawner/srv/detail/task3_service__type_support.c
[2.419s] -- Up-to-date: /home/bizare/Desktop/cw2_team_14/install/cw2_world_spawner/include/cw2_world_spawner/cw2_world_spawner/srv/detail/task2_service__type_support.c
[2.419s] -- Up-to-date: /home/bizare/Desktop/cw2_team_14/install/cw2_world_spawner/include/cw2_world_spawner/cw2_world_spawner/srv/detail/task1_service__rosidl_typesupport_introspection_c.h
[2.419s] -- Up-to-date: /home/bizare/Desktop/cw2_team_14/install/cw2_world_spawner/include/cw2_world_spawner/cw2_world_spawner/srv/detail/task3_service__rosidl_typesupport_introspection_c.h
[2.419s] -- Up-to-date: /home/bizare/Desktop/cw2_team_14/install/cw2_world_spawner/include/cw2_world_spawner/cw2_world_spawner/srv/detail/task_setup__type_support.c
[2.419s] -- Up-to-date: /home/bizare/Desktop/cw2_team_14/install/cw2_world_spawner/include/cw2_world_spawner/cw2_world_spawner/srv/detail/task1_service__type_support.c
[2.419s] -- Up-to-date: /home/bizare/Desktop/cw2_team_14/install/cw2_world_spawner/lib/libcw2_world_spawner__rosidl_typesupport_introspection_c.so
[2.423s] -- Up-to-date: /home/bizare/Desktop/cw2_team_14/install/cw2_world_spawner/lib/libcw2_world_spawner__rosidl_typesupport_c.so
[2.424s] -- Up-to-date: /home/bizare/Desktop/cw2_team_14/install/cw2_world_spawner/include/cw2_world_spawner/cw2_world_spawner
[2.424s] -- Up-to-date: /home/bizare/Desktop/cw2_team_14/install/cw2_world_spawner/include/cw2_world_spawner/cw2_world_spawner/msg
[2.424s] -- Up-to-date: /home/bizare/Desktop/cw2_team_14/install/cw2_world_spawner/include/cw2_world_spawner/cw2_world_spawner/msg/rosidl_generator_cpp__visibility_control.hpp
[2.424s] -- Up-to-date: /home/bizare/Desktop/cw2_team_14/install/cw2_world_spawner/include/cw2_world_spawner/cw2_world_spawner/srv
[2.424s] -- Up-to-date: /home/bizare/Desktop/cw2_team_14/install/cw2_world_spawner/include/cw2_world_spawner/cw2_world_spawner/srv/task3_service.hpp
[2.424s] -- Up-to-date: /home/bizare/Desktop/cw2_team_14/install/cw2_world_spawner/include/cw2_world_spawner/cw2_world_spawner/srv/task1_service.hpp
[2.424s] -- Up-to-date: /home/bizare/Desktop/cw2_team_14/install/cw2_world_spawner/include/cw2_world_spawner/cw2_world_spawner/srv/task_setup.hpp
[2.424s] -- Up-to-date: /home/bizare/Desktop/cw2_team_14/install/cw2_world_spawner/include/cw2_world_spawner/cw2_world_spawner/srv/detail
[2.424s] -- Up-to-date: /home/bizare/Desktop/cw2_team_14/install/cw2_world_spawner/include/cw2_world_spawner/cw2_world_spawner/srv/detail/task_setup__struct.hpp
[2.424s] -- Up-to-date: /home/bizare/Desktop/cw2_team_14/install/cw2_world_spawner/include/cw2_world_spawner/cw2_world_spawner/srv/detail/task2_service__type_support.hpp
[2.424s] -- Up-to-date: /home/bizare/Desktop/cw2_team_14/install/cw2_world_spawner/include/cw2_world_spawner/cw2_world_spawner/srv/detail/task_setup__type_support.hpp
[2.424s] -- Up-to-date: /home/bizare/Desktop/cw2_team_14/install/cw2_world_spawner/include/cw2_world_spawner/cw2_world_spawner/srv/detail/task3_service__builder.hpp
[2.424s] -- Up-to-date: /home/bizare/Desktop/cw2_team_14/install/cw2_world_spawner/include/cw2_world_spawner/cw2_world_spawner/srv/detail/task1_service__struct.hpp
[2.424s] -- Up-to-date: /home/bizare/Desktop/cw2_team_14/install/cw2_world_spawner/include/cw2_world_spawner/cw2_world_spawner/srv/detail/task2_service__builder.hpp
[2.424s] -- Up-to-date: /home/bizare/Desktop/cw2_team_14/install/cw2_world_spawner/include/cw2_world_spawner/cw2_world_spawner/srv/detail/task1_service__type_support.hpp
[2.424s] -- Up-to-date: /home/bizare/Desktop/cw2_team_14/install/cw2_world_spawner/include/cw2_world_spawner/cw2_world_spawner/srv/detail/task2_service__traits.hpp
[2.425s] -- Up-to-date: /home/bizare/Desktop/cw2_team_14/install/cw2_world_spawner/include/cw2_world_spawner/cw2_world_spawner/srv/detail/task3_service__struct.hpp
[2.425s] -- Up-to-date: /home/bizare/Desktop/cw2_team_14/install/cw2_world_spawner/include/cw2_world_spawner/cw2_world_spawner/srv/detail/task_setup__builder.hpp
[2.425s] -- Up-to-date: /home/bizare/Desktop/cw2_team_14/install/cw2_world_spawner/include/cw2_world_spawner/cw2_world_spawner/srv/detail/task_setup__traits.hpp
[2.425s] -- Up-to-date: /home/bizare/Desktop/cw2_team_14/install/cw2_world_spawner/include/cw2_world_spawner/cw2_world_spawner/srv/detail/task2_service__struct.hpp
[2.425s] -- Up-to-date: /home/bizare/Desktop/cw2_team_14/install/cw2_world_spawner/include/cw2_world_spawner/cw2_world_spawner/srv/detail/task1_service__builder.hpp
[2.425s] -- Up-to-date: /home/bizare/Desktop/cw2_team_14/install/cw2_world_spawner/include/cw2_world_spawner/cw2_world_spawner/srv/detail/task3_service__traits.hpp
[2.425s] -- Up-to-date: /home/bizare/Desktop/cw2_team_14/install/cw2_world_spawner/include/cw2_world_spawner/cw2_world_spawner/srv/detail/task3_service__type_support.hpp
[2.425s] -- Up-to-date: /home/bizare/Desktop/cw2_team_14/install/cw2_world_spawner/include/cw2_world_spawner/cw2_world_spawner/srv/detail/task1_service__traits.hpp
[2.425s] -- Up-to-date: /home/bizare/Desktop/cw2_team_14/install/cw2_world_spawner/include/cw2_world_spawner/cw2_world_spawner/srv/task2_service.hpp
[2.425s] -- Up-to-date: /home/bizare/Desktop/cw2_team_14/install/cw2_world_spawner/include/cw2_world_spawner/cw2_world_spawner
[2.425s] -- Up-to-date: /home/bizare/Desktop/cw2_team_14/install/cw2_world_spawner/include/cw2_world_spawner/cw2_world_spawner/msg
[2.425s] -- Up-to-date: /home/bizare/Desktop/cw2_team_14/install/cw2_world_spawner/include/cw2_world_spawner/cw2_world_spawner/msg/rosidl_typesupport_fastrtps_cpp__visibility_control.h
[2.425s] -- Up-to-date: /home/bizare/Desktop/cw2_team_14/install/cw2_world_spawner/include/cw2_world_spawner/cw2_world_spawner/srv
[2.425s] -- Up-to-date: /home/bizare/Desktop/cw2_team_14/install/cw2_world_spawner/include/cw2_world_spawner/cw2_world_spawner/srv/detail
[2.425s] -- Up-to-date: /home/bizare/Desktop/cw2_team_14/install/cw2_world_spawner/include/cw2_world_spawner/cw2_world_spawner/srv/detail/dds_fastrtps
[2.425s] -- Up-to-date: /home/bizare/Desktop/cw2_team_14/install/cw2_world_spawner/include/cw2_world_spawner/cw2_world_spawner/srv/detail/task_setup__rosidl_typesupport_fastrtps_cpp.hpp
[2.441s] -- Up-to-date: /home/bizare/Desktop/cw2_team_14/install/cw2_world_spawner/include/cw2_world_spawner/cw2_world_spawner/srv/detail/task1_service__rosidl_typesupport_fastrtps_cpp.hpp
[2.441s] -- Up-to-date: /home/bizare/Desktop/cw2_team_14/install/cw2_world_spawner/include/cw2_world_spawner/cw2_world_spawner/srv/detail/task2_service__rosidl_typesupport_fastrtps_cpp.hpp
[2.441s] -- Up-to-date: /home/bizare/Desktop/cw2_team_14/install/cw2_world_spawner/include/cw2_world_spawner/cw2_world_spawner/srv/detail/task3_service__rosidl_typesupport_fastrtps_cpp.hpp
[2.441s] -- Up-to-date: /home/bizare/Desktop/cw2_team_14/install/cw2_world_spawner/lib/libcw2_world_spawner__rosidl_typesupport_fastrtps_cpp.so
[2.441s] -- Up-to-date: /home/bizare/Desktop/cw2_team_14/install/cw2_world_spawner/include/cw2_world_spawner/cw2_world_spawner
[2.441s] -- Up-to-date: /home/bizare/Desktop/cw2_team_14/install/cw2_world_spawner/include/cw2_world_spawner/cw2_world_spawner/srv
[2.441s] -- Up-to-date: /home/bizare/Desktop/cw2_team_14/install/cw2_world_spawner/include/cw2_world_spawner/cw2_world_spawner/srv/detail
[2.441s] -- Up-to-date: /home/bizare/Desktop/cw2_team_14/install/cw2_world_spawner/include/cw2_world_spawner/cw2_world_spawner/srv/detail/task3_service__rosidl_typesupport_introspection_cpp.hpp
[2.442s] -- Up-to-date: /home/bizare/Desktop/cw2_team_14/install/cw2_world_spawner/include/cw2_world_spawner/cw2_world_spawner/srv/detail/task3_service__type_support.cpp
[2.444s] -- Up-to-date: /home/bizare/Desktop/cw2_team_14/install/cw2_world_spawner/include/cw2_world_spawner/cw2_world_spawner/srv/detail/task2_service__type_support.cpp
[2.444s] -- Up-to-date: /home/bizare/Desktop/cw2_team_14/install/cw2_world_spawner/include/cw2_world_spawner/cw2_world_spawner/srv/detail/task2_service__rosidl_typesupport_introspection_cpp.hpp
[2.444s] -- Up-to-date: /home/bizare/Desktop/cw2_team_14/install/cw2_world_spawner/include/cw2_world_spawner/cw2_world_spawner/srv/detail/task1_service__rosidl_typesupport_introspection_cpp.hpp
[2.444s] -- Up-to-date: /home/bizare/Desktop/cw2_team_14/install/cw2_world_spawner/include/cw2_world_spawner/cw2_world_spawner/srv/detail/task_setup__type_support.cpp
[2.444s] -- Up-to-date: /home/bizare/Desktop/cw2_team_14/install/cw2_world_spawner/include/cw2_world_spawner/cw2_world_spawner/srv/detail/task_setup__rosidl_typesupport_introspection_cpp.hpp
[2.444s] -- Up-to-date: /home/bizare/Desktop/cw2_team_14/install/cw2_world_spawner/include/cw2_world_spawner/cw2_world_spawner/srv/detail/task1_service__type_support.cpp
[2.444s] -- Up-to-date: /home/bizare/Desktop/cw2_team_14/install/cw2_world_spawner/lib/libcw2_world_spawner__rosidl_typesupport_introspection_cpp.so
[2.448s] -- Up-to-date: /home/bizare/Desktop/cw2_team_14/install/cw2_world_spawner/lib/libcw2_world_spawner__rosidl_typesupport_cpp.so
[2.448s] -- Up-to-date: /home/bizare/Desktop/cw2_team_14/install/cw2_world_spawner/share/cw2_world_spawner/environment/pythonpath.sh
[2.448s] -- Up-to-date: /home/bizare/Desktop/cw2_team_14/install/cw2_world_spawner/share/cw2_world_spawner/environment/pythonpath.dsv
[2.448s] -- Up-to-date: /home/bizare/Desktop/cw2_team_14/install/cw2_world_spawner/local/lib/python3.10/dist-packages/cw2_world_spawner-0.1.0-py3.10.egg-info
[2.448s] -- Installing: /home/bizare/Desktop/cw2_team_14/install/cw2_world_spawner/local/lib/python3.10/dist-packages/cw2_world_spawner-0.1.0-py3.10.egg-info/SOURCES.txt
[2.448s] -- Installing: /home/bizare/Desktop/cw2_team_14/install/cw2_world_spawner/local/lib/python3.10/dist-packages/cw2_world_spawner-0.1.0-py3.10.egg-info/dependency_links.txt
[2.448s] -- Installing: /home/bizare/Desktop/cw2_team_14/install/cw2_world_spawner/local/lib/python3.10/dist-packages/cw2_world_spawner-0.1.0-py3.10.egg-info/PKG-INFO
[2.448s] -- Installing: /home/bizare/Desktop/cw2_team_14/install/cw2_world_spawner/local/lib/python3.10/dist-packages/cw2_world_spawner-0.1.0-py3.10.egg-info/top_level.txt
[2.448s] -- Up-to-date: /home/bizare/Desktop/cw2_team_14/install/cw2_world_spawner/local/lib/python3.10/dist-packages/cw2_world_spawner
[2.448s] -- Up-to-date: /home/bizare/Desktop/cw2_team_14/install/cw2_world_spawner/local/lib/python3.10/dist-packages/cw2_world_spawner/_cw2_world_spawner_s.ep.rosidl_typesupport_fastrtps_c.c
[2.448s] -- Up-to-date: /home/bizare/Desktop/cw2_team_14/install/cw2_world_spawner/local/lib/python3.10/dist-packages/cw2_world_spawner/_cw2_world_spawner_s.ep.rosidl_typesupport_introspection_c.c
[2.448s] -- Up-to-date: /home/bizare/Desktop/cw2_team_14/install/cw2_world_spawner/local/lib/python3.10/dist-packages/cw2_world_spawner/cw2_world_spawner_s__rosidl_typesupport_fastrtps_c.cpython-310-x86_64-linux-gnu.so
[2.448s] -- Up-to-date: /home/bizare/Desktop/cw2_team_14/install/cw2_world_spawner/local/lib/python3.10/dist-packages/cw2_world_spawner/__init__.py
[2.448s] -- Up-to-date: /home/bizare/Desktop/cw2_team_14/install/cw2_world_spawner/local/lib/python3.10/dist-packages/cw2_world_spawner/_cw2_world_spawner_s.ep.rosidl_typesupport_c.c
[2.448s] -- Up-to-date: /home/bizare/Desktop/cw2_team_14/install/cw2_world_spawner/local/lib/python3.10/dist-packages/cw2_world_spawner/cw2_world_spawner_s__rosidl_typesupport_introspection_c.cpython-310-x86_64-linux-gnu.so
[2.448s] -- Up-to-date: /home/bizare/Desktop/cw2_team_14/install/cw2_world_spawner/local/lib/python3.10/dist-packages/cw2_world_spawner/libcw2_world_spawner__rosidl_generator_py.so
[2.448s] -- Up-to-date: /home/bizare/Desktop/cw2_team_14/install/cw2_world_spawner/local/lib/python3.10/dist-packages/cw2_world_spawner/cw2_world_spawner_s__rosidl_typesupport_c.cpython-310-x86_64-linux-gnu.so
[2.449s] -- Up-to-date: /home/bizare/Desktop/cw2_team_14/install/cw2_world_spawner/local/lib/python3.10/dist-packages/cw2_world_spawner/srv
[2.449s] -- Up-to-date: /home/bizare/Desktop/cw2_team_14/install/cw2_world_spawner/local/lib/python3.10/dist-packages/cw2_world_spawner/srv/_task3_service_s.c
[2.449s] -- Up-to-date: /home/bizare/Desktop/cw2_team_14/install/cw2_world_spawner/local/lib/python3.10/dist-packages/cw2_world_spawner/srv/_task1_service_s.c
[2.449s] -- Up-to-date: /home/bizare/Desktop/cw2_team_14/install/cw2_world_spawner/local/lib/python3.10/dist-packages/cw2_world_spawner/srv/__init__.py
[2.449s] -- Up-to-date: /home/bizare/Desktop/cw2_team_14/install/cw2_world_spawner/local/lib/python3.10/dist-packages/cw2_world_spawner/srv/_task_setup_s.c
[2.449s] -- Up-to-date: /home/bizare/Desktop/cw2_team_14/install/cw2_world_spawner/local/lib/python3.10/dist-packages/cw2_world_spawner/srv/_task2_service_s.c
[2.449s] -- Up-to-date: /home/bizare/Desktop/cw2_team_14/install/cw2_world_spawner/local/lib/python3.10/dist-packages/cw2_world_spawner/srv/_task_setup.py
[2.449s] -- Up-to-date: /home/bizare/Desktop/cw2_team_14/install/cw2_world_spawner/local/lib/python3.10/dist-packages/cw2_world_spawner/srv/_task2_service.py
[2.449s] -- Up-to-date: /home/bizare/Desktop/cw2_team_14/install/cw2_world_spawner/local/lib/python3.10/dist-packages/cw2_world_spawner/srv/_task1_service.py
[2.449s] -- Up-to-date: /home/bizare/Desktop/cw2_team_14/install/cw2_world_spawner/local/lib/python3.10/dist-packages/cw2_world_spawner/srv/_task3_service.py
[2.555s] Listing '/home/bizare/Desktop/cw2_team_14/install/cw2_world_spawner/local/lib/python3.10/dist-packages/cw2_world_spawner'...
[2.555s] Listing '/home/bizare/Desktop/cw2_team_14/install/cw2_world_spawner/local/lib/python3.10/dist-packages/cw2_world_spawner/srv'...
[2.568s] -- Up-to-date: /home/bizare/Desktop/cw2_team_14/install/cw2_world_spawner/local/lib/python3.10/dist-packages/cw2_world_spawner/cw2_world_spawner_s__rosidl_typesupport_fastrtps_c.cpython-310-x86_64-linux-gnu.so
[2.572s] -- Up-to-date: /home/bizare/Desktop/cw2_team_14/install/cw2_world_spawner/local/lib/python3.10/dist-packages/cw2_world_spawner/cw2_world_spawner_s__rosidl_typesupport_introspection_c.cpython-310-x86_64-linux-gnu.so
[2.572s] -- Up-to-date: /home/bizare/Desktop/cw2_team_14/install/cw2_world_spawner/local/lib/python3.10/dist-packages/cw2_world_spawner/cw2_world_spawner_s__rosidl_typesupport_c.cpython-310-x86_64-linux-gnu.so
[2.572s] -- Up-to-date: /home/bizare/Desktop/cw2_team_14/install/cw2_world_spawner/lib/libcw2_world_spawner__rosidl_generator_py.so
[2.576s] -- Up-to-date: /home/bizare/Desktop/cw2_team_14/install/cw2_world_spawner/share/cw2_world_spawner/srv/TaskSetup.idl
[2.576s] -- Up-to-date: /home/bizare/Desktop/cw2_team_14/install/cw2_world_spawner/share/cw2_world_spawner/srv/Task1Service.idl
[2.576s] -- Up-to-date: /home/bizare/Desktop/cw2_team_14/install/cw2_world_spawner/share/cw2_world_spawner/srv/Task2Service.idl
[2.576s] -- Up-to-date: /home/bizare/Desktop/cw2_team_14/install/cw2_world_spawner/share/cw2_world_spawner/srv/Task3Service.idl
[2.576s] -- Up-to-date: /home/bizare/Desktop/cw2_team_14/install/cw2_world_spawner/share/cw2_world_spawner/srv/TaskSetup.srv
[2.576s] -- Up-to-date: /home/bizare/Desktop/cw2_team_14/install/cw2_world_spawner/share/cw2_world_spawner/srv/TaskSetup_Request.msg
[2.576s] -- Up-to-date: /home/bizare/Desktop/cw2_team_14/install/cw2_world_spawner/share/cw2_world_spawner/srv/TaskSetup_Response.msg
[2.576s] -- Up-to-date: /home/bizare/Desktop/cw2_team_14/install/cw2_world_spawner/share/cw2_world_spawner/srv/Task1Service.srv
[2.576s] -- Up-to-date: /home/bizare/Desktop/cw2_team_14/install/cw2_world_spawner/share/cw2_world_spawner/srv/Task1Service_Request.msg
[2.576s] -- Up-to-date: /home/bizare/Desktop/cw2_team_14/install/cw2_world_spawner/share/cw2_world_spawner/srv/Task1Service_Response.msg
[2.583s] -- Up-to-date: /home/bizare/Desktop/cw2_team_14/install/cw2_world_spawner/share/cw2_world_spawner/srv/Task2Service.srv
[2.583s] -- Up-to-date: /home/bizare/Desktop/cw2_team_14/install/cw2_world_spawner/share/cw2_world_spawner/srv/Task2Service_Request.msg
[2.584s] -- Up-to-date: /home/bizare/Desktop/cw2_team_14/install/cw2_world_spawner/share/cw2_world_spawner/srv/Task2Service_Response.msg
[2.584s] -- Up-to-date: /home/bizare/Desktop/cw2_team_14/install/cw2_world_spawner/share/cw2_world_spawner/srv/Task3Service.srv
[2.584s] -- Up-to-date: /home/bizare/Desktop/cw2_team_14/install/cw2_world_spawner/share/cw2_world_spawner/srv/Task3Service_Request.msg
[2.584s] -- Up-to-date: /home/bizare/Desktop/cw2_team_14/install/cw2_world_spawner/share/cw2_world_spawner/srv/Task3Service_Response.msg
[2.584s] -- Up-to-date: /home/bizare/Desktop/cw2_team_14/install/cw2_world_spawner/local/lib/python3.10/dist-packages/cw2_world_spawner_lib-0.1.0-py3.10.egg-info
[2.584s] -- Installing: /home/bizare/Desktop/cw2_team_14/install/cw2_world_spawner/local/lib/python3.10/dist-packages/cw2_world_spawner_lib-0.1.0-py3.10.egg-info/SOURCES.txt
[2.584s] -- Installing: /home/bizare/Desktop/cw2_team_14/install/cw2_world_spawner/local/lib/python3.10/dist-packages/cw2_world_spawner_lib-0.1.0-py3.10.egg-info/dependency_links.txt
[2.584s] -- Installing: /home/bizare/Desktop/cw2_team_14/install/cw2_world_spawner/local/lib/python3.10/dist-packages/cw2_world_spawner_lib-0.1.0-py3.10.egg-info/PKG-INFO
[2.584s] -- Installing: /home/bizare/Desktop/cw2_team_14/install/cw2_world_spawner/local/lib/python3.10/dist-packages/cw2_world_spawner_lib-0.1.0-py3.10.egg-info/top_level.txt
[2.584s] -- Up-to-date: /home/bizare/Desktop/cw2_team_14/install/cw2_world_spawner/local/lib/python3.10/dist-packages/cw2_world_spawner_lib
[2.584s] -- Up-to-date: /home/bizare/Desktop/cw2_team_14/install/cw2_world_spawner/local/lib/python3.10/dist-packages/cw2_world_spawner_lib/__init__.py
[2.584s] -- Up-to-date: /home/bizare/Desktop/cw2_team_14/install/cw2_world_spawner/local/lib/python3.10/dist-packages/cw2_world_spawner_lib/coursework_world_spawner.py
[2.668s] Listing '/home/bizare/Desktop/cw2_team_14/install/cw2_world_spawner/local/lib/python3.10/dist-packages/cw2_world_spawner_lib'...
[2.674s] -- Up-to-date: /home/bizare/Desktop/cw2_team_14/install/cw2_world_spawner/lib/cw2_world_spawner/world_spawner.py
[2.675s] -- Up-to-date: /home/bizare/Desktop/cw2_team_14/install/cw2_world_spawner/share/cw2_world_spawner/models
[2.677s] -- Up-to-date: /home/bizare/Desktop/cw2_team_14/install/cw2_world_spawner/share/cw2_world_spawner/models/cross_red_20mm
[2.678s] -- Up-to-date: /home/bizare/Desktop/cw2_team_14/install/cw2_world_spawner/share/cw2_world_spawner/models/cross_red_20mm/cross_20mm_40H.STL
[2.678s] -- Up-to-date: /home/bizare/Desktop/cw2_team_14/install/cw2_world_spawner/share/cw2_world_spawner/models/cross_red_20mm/model.config
[2.678s] -- Up-to-date: /home/bizare/Desktop/cw2_team_14/install/cw2_world_spawner/share/cw2_world_spawner/models/cross_red_20mm/model.sdf
[2.678s] -- Up-to-date: /home/bizare/Desktop/cw2_team_14/install/cw2_world_spawner/share/cw2_world_spawner/models/cross_red_20mm/cross_40mm.STL
[2.678s] -- Up-to-date: /home/bizare/Desktop/cw2_team_14/install/cw2_world_spawner/share/cw2_world_spawner/models/nought_purple_20mm
[2.678s] -- Up-to-date: /home/bizare/Desktop/cw2_team_14/install/cw2_world_spawner/share/cw2_world_spawner/models/nought_purple_20mm/model.config
[2.678s] -- Up-to-date: /home/bizare/Desktop/cw2_team_14/install/cw2_world_spawner/share/cw2_world_spawner/models/nought_purple_20mm/nought_20mm_40H.STL
[2.683s] -- Up-to-date: /home/bizare/Desktop/cw2_team_14/install/cw2_world_spawner/share/cw2_world_spawner/models/nought_purple_20mm/model.sdf
[2.683s] -- Up-to-date: /home/bizare/Desktop/cw2_team_14/install/cw2_world_spawner/share/cw2_world_spawner/models/cross_blue_40mm
[2.683s] -- Up-to-date: /home/bizare/Desktop/cw2_team_14/install/cw2_world_spawner/share/cw2_world_spawner/models/cross_blue_40mm/model.config
[2.683s] -- Up-to-date: /home/bizare/Desktop/cw2_team_14/install/cw2_world_spawner/share/cw2_world_spawner/models/cross_blue_40mm/model.sdf
[2.684s] -- Up-to-date: /home/bizare/Desktop/cw2_team_14/install/cw2_world_spawner/share/cw2_world_spawner/models/cross_blue_40mm/cross_40mm.STL
[2.684s] -- Up-to-date: /home/bizare/Desktop/cw2_team_14/install/cw2_world_spawner/share/cw2_world_spawner/models/all_tiles
[2.684s] -- Up-to-date: /home/bizare/Desktop/cw2_team_14/install/cw2_world_spawner/share/cw2_world_spawner/models/all_tiles/model.config
[2.684s] -- Up-to-date: /home/bizare/Desktop/cw2_team_14/install/cw2_world_spawner/share/cw2_world_spawner/models/all_tiles/model.sdf.xmacro
[2.684s] -- Up-to-date: /home/bizare/Desktop/cw2_team_14/install/cw2_world_spawner/share/cw2_world_spawner/models/all_tiles/model.sdf
[2.684s] -- Up-to-date: /home/bizare/Desktop/cw2_team_14/install/cw2_world_spawner/share/cw2_world_spawner/models/nought_purple_40mm
[2.684s] -- Up-to-date: /home/bizare/Desktop/cw2_team_14/install/cw2_world_spawner/share/cw2_world_spawner/models/nought_purple_40mm/nought_40mm.STL
[2.684s] -- Up-to-date: /home/bizare/Desktop/cw2_team_14/install/cw2_world_spawner/share/cw2_world_spawner/models/nought_purple_40mm/model.config
[2.684s] -- Up-to-date: /home/bizare/Desktop/cw2_team_14/install/cw2_world_spawner/share/cw2_world_spawner/models/nought_purple_40mm/model.sdf
[2.684s] -- Up-to-date: /home/bizare/Desktop/cw2_team_14/install/cw2_world_spawner/share/cw2_world_spawner/models/nought_blue_30mm
[2.684s] -- Up-to-date: /home/bizare/Desktop/cw2_team_14/install/cw2_world_spawner/share/cw2_world_spawner/models/nought_blue_30mm/model.config
[2.684s] -- Up-to-date: /home/bizare/Desktop/cw2_team_14/install/cw2_world_spawner/share/cw2_world_spawner/models/nought_blue_30mm/nought_30mm_40H.STL
[2.684s] -- Up-to-date: /home/bizare/Desktop/cw2_team_14/install/cw2_world_spawner/share/cw2_world_spawner/models/nought_blue_30mm/model.sdf
[2.684s] -- Up-to-date: /home/bizare/Desktop/cw2_team_14/install/cw2_world_spawner/share/cw2_world_spawner/models/obstacle_4
[2.684s] -- Up-to-date: /home/bizare/Desktop/cw2_team_14/install/cw2_world_spawner/share/cw2_world_spawner/models/obstacle_4/model.config
[2.684s] -- Up-to-date: /home/bizare/Desktop/cw2_team_14/install/cw2_world_spawner/share/cw2_world_spawner/models/obstacle_4/model.sdf
[2.684s] -- Up-to-date: /home/bizare/Desktop/cw2_team_14/install/cw2_world_spawner/share/cw2_world_spawner/models/basket
[2.684s] -- Up-to-date: /home/bizare/Desktop/cw2_team_14/install/cw2_world_spawner/share/cw2_world_spawner/models/basket/model.config
[2.684s] -- Up-to-date: /home/bizare/Desktop/cw2_team_14/install/cw2_world_spawner/share/cw2_world_spawner/models/basket/model.sdf.xmacro
[2.684s] -- Up-to-date: /home/bizare/Desktop/cw2_team_14/install/cw2_world_spawner/share/cw2_world_spawner/models/basket/model.sdf
[2.684s] -- Up-to-date: /home/bizare/Desktop/cw2_team_14/install/cw2_world_spawner/share/cw2_world_spawner/models/obstacle_3
[2.685s] -- Up-to-date: /home/bizare/Desktop/cw2_team_14/install/cw2_world_spawner/share/cw2_world_spawner/models/obstacle_3/model.config
[2.685s] -- Up-to-date: /home/bizare/Desktop/cw2_team_14/install/cw2_world_spawner/share/cw2_world_spawner/models/obstacle_3/model.sdf
[2.685s] -- Up-to-date: /home/bizare/Desktop/cw2_team_14/install/cw2_world_spawner/share/cw2_world_spawner/models/nought_blue_20mm
[2.685s] -- Up-to-date: /home/bizare/Desktop/cw2_team_14/install/cw2_world_spawner/share/cw2_world_spawner/models/nought_blue_20mm/model.config
[2.690s] -- Up-to-date: /home/bizare/Desktop/cw2_team_14/install/cw2_world_spawner/share/cw2_world_spawner/models/nought_blue_20mm/nought_20mm_40H.STL
[2.690s] -- Up-to-date: /home/bizare/Desktop/cw2_team_14/install/cw2_world_spawner/share/cw2_world_spawner/models/nought_blue_20mm/model.sdf
[2.690s] -- Up-to-date: /home/bizare/Desktop/cw2_team_14/install/cw2_world_spawner/share/cw2_world_spawner/models/nought_blue_40mm
[2.690s] -- Up-to-date: /home/bizare/Desktop/cw2_team_14/install/cw2_world_spawner/share/cw2_world_spawner/models/nought_blue_40mm/nought_40mm.STL
[2.691s] -- Up-to-date: /home/bizare/Desktop/cw2_team_14/install/cw2_world_spawner/share/cw2_world_spawner/models/nought_blue_40mm/model.config
[2.691s] -- Up-to-date: /home/bizare/Desktop/cw2_team_14/install/cw2_world_spawner/share/cw2_world_spawner/models/nought_blue_40mm/model.sdf
[2.691s] -- Up-to-date: /home/bizare/Desktop/cw2_team_14/install/cw2_world_spawner/share/cw2_world_spawner/models/cross_red_40mm
[2.691s] -- Up-to-date: /home/bizare/Desktop/cw2_team_14/install/cw2_world_spawner/share/cw2_world_spawner/models/cross_red_40mm/model.config
[2.691s] -- Up-to-date: /home/bizare/Desktop/cw2_team_14/install/cw2_world_spawner/share/cw2_world_spawner/models/cross_red_40mm/model.sdf
[2.691s] -- Up-to-date: /home/bizare/Desktop/cw2_team_14/install/cw2_world_spawner/share/cw2_world_spawner/models/cross_red_40mm/cross_40mm.STL
[2.691s] -- Up-to-date: /home/bizare/Desktop/cw2_team_14/install/cw2_world_spawner/share/cw2_world_spawner/models/cross_purple_30mm
[2.691s] -- Up-to-date: /home/bizare/Desktop/cw2_team_14/install/cw2_world_spawner/share/cw2_world_spawner/models/cross_purple_30mm/model.config
[2.695s] -- Up-to-date: /home/bizare/Desktop/cw2_team_14/install/cw2_world_spawner/share/cw2_world_spawner/models/cross_purple_30mm/cross_30mm_40H.STL
[2.695s] -- Up-to-date: /home/bizare/Desktop/cw2_team_14/install/cw2_world_spawner/share/cw2_world_spawner/models/cross_purple_30mm/model.sdf
[2.695s] -- Up-to-date: /home/bizare/Desktop/cw2_team_14/install/cw2_world_spawner/share/cw2_world_spawner/models/cross_red_30mm
[2.695s] -- Up-to-date: /home/bizare/Desktop/cw2_team_14/install/cw2_world_spawner/share/cw2_world_spawner/models/cross_red_30mm/model.config
[2.696s] -- Up-to-date: /home/bizare/Desktop/cw2_team_14/install/cw2_world_spawner/share/cw2_world_spawner/models/cross_red_30mm/cross_30mm_40H.STL
[2.696s] -- Up-to-date: /home/bizare/Desktop/cw2_team_14/install/cw2_world_spawner/share/cw2_world_spawner/models/cross_red_30mm/model.sdf
[2.696s] -- Up-to-date: /home/bizare/Desktop/cw2_team_14/install/cw2_world_spawner/share/cw2_world_spawner/models/nought_red_30mm
[2.696s] -- Up-to-date: /home/bizare/Desktop/cw2_team_14/install/cw2_world_spawner/share/cw2_world_spawner/models/nought_red_30mm/model.config
[2.696s] -- Up-to-date: /home/bizare/Desktop/cw2_team_14/install/cw2_world_spawner/share/cw2_world_spawner/models/nought_red_30mm/nought_30mm_40H.STL
[2.696s] -- Up-to-date: /home/bizare/Desktop/cw2_team_14/install/cw2_world_spawner/share/cw2_world_spawner/models/nought_red_30mm/model.sdf
[2.696s] -- Up-to-date: /home/bizare/Desktop/cw2_team_14/install/cw2_world_spawner/share/cw2_world_spawner/models/nought_purple_30mm
[2.699s] -- Up-to-date: /home/bizare/Desktop/cw2_team_14/install/cw2_world_spawner/share/cw2_world_spawner/models/nought_purple_30mm/model.config
[2.700s] -- Up-to-date: /home/bizare/Desktop/cw2_team_14/install/cw2_world_spawner/share/cw2_world_spawner/models/nought_purple_30mm/nought_30mm_40H.STL
[2.700s] -- Up-to-date: /home/bizare/Desktop/cw2_team_14/install/cw2_world_spawner/share/cw2_world_spawner/models/nought_purple_30mm/model.sdf
[2.700s] -- Up-to-date: /home/bizare/Desktop/cw2_team_14/install/cw2_world_spawner/share/cw2_world_spawner/models/cross_blue_20mm
[2.700s] -- Up-to-date: /home/bizare/Desktop/cw2_team_14/install/cw2_world_spawner/share/cw2_world_spawner/models/cross_blue_20mm/cross_20mm_40H.STL
[2.700s] -- Up-to-date: /home/bizare/Desktop/cw2_team_14/install/cw2_world_spawner/share/cw2_world_spawner/models/cross_blue_20mm/model.config
[2.700s] -- Up-to-date: /home/bizare/Desktop/cw2_team_14/install/cw2_world_spawner/share/cw2_world_spawner/models/cross_blue_20mm/model.sdf
[2.701s] -- Up-to-date: /home/bizare/Desktop/cw2_team_14/install/cw2_world_spawner/share/cw2_world_spawner/models/cross_blue_20mm/cross_40mm.STL
[2.701s] -- Up-to-date: /home/bizare/Desktop/cw2_team_14/install/cw2_world_spawner/share/cw2_world_spawner/models/obstacle_1
[2.701s] -- Up-to-date: /home/bizare/Desktop/cw2_team_14/install/cw2_world_spawner/share/cw2_world_spawner/models/obstacle_1/model.config
[2.701s] -- Up-to-date: /home/bizare/Desktop/cw2_team_14/install/cw2_world_spawner/share/cw2_world_spawner/models/obstacle_1/model.sdf
[2.701s] -- Up-to-date: /home/bizare/Desktop/cw2_team_14/install/cw2_world_spawner/share/cw2_world_spawner/models/obstacle_2
[2.701s] -- Up-to-date: /home/bizare/Desktop/cw2_team_14/install/cw2_world_spawner/share/cw2_world_spawner/models/obstacle_2/model.config
[2.701s] -- Up-to-date: /home/bizare/Desktop/cw2_team_14/install/cw2_world_spawner/share/cw2_world_spawner/models/obstacle_2/model.sdf
[2.701s] -- Up-to-date: /home/bizare/Desktop/cw2_team_14/install/cw2_world_spawner/share/cw2_world_spawner/models/nought_red_20mm
[2.701s] -- Up-to-date: /home/bizare/Desktop/cw2_team_14/install/cw2_world_spawner/share/cw2_world_spawner/models/nought_red_20mm/model.config
[2.701s] -- Up-to-date: /home/bizare/Desktop/cw2_team_14/install/cw2_world_spawner/share/cw2_world_spawner/models/nought_red_20mm/nought_20mm_40H.STL
[2.701s] -- Up-to-date: /home/bizare/Desktop/cw2_team_14/install/cw2_world_spawner/share/cw2_world_spawner/models/nought_red_20mm/model.sdf
[2.701s] -- Up-to-date: /home/bizare/Desktop/cw2_team_14/install/cw2_world_spawner/share/cw2_world_spawner/models/cross_blue_30mm
[2.701s] -- Up-to-date: /home/bizare/Desktop/cw2_team_14/install/cw2_world_spawner/share/cw2_world_spawner/models/cross_blue_30mm/model.config
[2.701s] -- Up-to-date: /home/bizare/Desktop/cw2_team_14/install/cw2_world_spawner/share/cw2_world_spawner/models/cross_blue_30mm/cross_30mm_40H.STL
[2.701s] -- Up-to-date: /home/bizare/Desktop/cw2_team_14/install/cw2_world_spawner/share/cw2_world_spawner/models/cross_blue_30mm/model.sdf
[2.701s] -- Up-to-date: /home/bizare/Desktop/cw2_team_14/install/cw2_world_spawner/share/cw2_world_spawner/models/cross_purple_20mm
[2.701s] -- Up-to-date: /home/bizare/Desktop/cw2_team_14/install/cw2_world_spawner/share/cw2_world_spawner/models/cross_purple_20mm/cross_20mm_40H.STL
[2.701s] -- Up-to-date: /home/bizare/Desktop/cw2_team_14/install/cw2_world_spawner/share/cw2_world_spawner/models/cross_purple_20mm/model.config
[2.701s] -- Up-to-date: /home/bizare/Desktop/cw2_team_14/install/cw2_world_spawner/share/cw2_world_spawner/models/cross_purple_20mm/model.sdf
[2.701s] -- Up-to-date: /home/bizare/Desktop/cw2_team_14/install/cw2_world_spawner/share/cw2_world_spawner/models/cross_purple_20mm/cross_40mm.STL
[2.702s] -- Up-to-date: /home/bizare/Desktop/cw2_team_14/install/cw2_world_spawner/share/cw2_world_spawner/models/cross_purple_40mm
[2.704s] -- Up-to-date: /home/bizare/Desktop/cw2_team_14/install/cw2_world_spawner/share/cw2_world_spawner/models/cross_purple_40mm/model.config
[2.706s] -- Up-to-date: /home/bizare/Desktop/cw2_team_14/install/cw2_world_spawner/share/cw2_world_spawner/models/cross_purple_40mm/model.sdf
[2.709s] -- Up-to-date: /home/bizare/Desktop/cw2_team_14/install/cw2_world_spawner/share/cw2_world_spawner/models/cross_purple_40mm/cross_40mm.STL
[2.709s] -- Up-to-date: /home/bizare/Desktop/cw2_team_14/install/cw2_world_spawner/share/cw2_world_spawner/models/nought_red_40mm
[2.710s] -- Up-to-date: /home/bizare/Desktop/cw2_team_14/install/cw2_world_spawner/share/cw2_world_spawner/models/nought_red_40mm/nought_40mm.STL
[2.710s] -- Up-to-date: /home/bizare/Desktop/cw2_team_14/install/cw2_world_spawner/share/cw2_world_spawner/models/nought_red_40mm/model.config
[2.710s] -- Up-to-date: /home/bizare/Desktop/cw2_team_14/install/cw2_world_spawner/share/cw2_world_spawner/models/nought_red_40mm/model.sdf
[2.710s] -- Up-to-date: /home/bizare/Desktop/cw2_team_14/install/cw2_world_spawner/share/cw2_world_spawner/launch
[2.710s] -- Up-to-date: /home/bizare/Desktop/cw2_team_14/install/cw2_world_spawner/share/cw2_world_spawner/launch/world_spawner.launch.py
[2.710s] -- Up-to-date: /home/bizare/Desktop/cw2_team_14/install/cw2_world_spawner/share/ament_index/resource_index/package_run_dependencies/cw2_world_spawner
[2.710s] -- Up-to-date: /home/bizare/Desktop/cw2_team_14/install/cw2_world_spawner/share/ament_index/resource_index/parent_prefix_path/cw2_world_spawner
[2.710s] -- Up-to-date: /home/bizare/Desktop/cw2_team_14/install/cw2_world_spawner/share/cw2_world_spawner/environment/ament_prefix_path.sh
[2.710s] -- Up-to-date: /home/bizare/Desktop/cw2_team_14/install/cw2_world_spawner/share/cw2_world_spawner/environment/ament_prefix_path.dsv
[2.710s] -- Up-to-date: /home/bizare/Desktop/cw2_team_14/install/cw2_world_spawner/share/cw2_world_spawner/environment/path.sh
[2.710s] -- Up-to-date: /home/bizare/Desktop/cw2_team_14/install/cw2_world_spawner/share/cw2_world_spawner/environment/path.dsv
[2.710s] -- Up-to-date: /home/bizare/Desktop/cw2_team_14/install/cw2_world_spawner/share/cw2_world_spawner/local_setup.bash
[2.710s] -- Up-to-date: /home/bizare/Desktop/cw2_team_14/install/cw2_world_spawner/share/cw2_world_spawner/local_setup.sh
[2.710s] -- Up-to-date: /home/bizare/Desktop/cw2_team_14/install/cw2_world_spawner/share/cw2_world_spawner/local_setup.zsh
[2.710s] -- Up-to-date: /home/bizare/Desktop/cw2_team_14/install/cw2_world_spawner/share/cw2_world_spawner/local_setup.dsv
[2.710s] -- Installing: /home/bizare/Desktop/cw2_team_14/install/cw2_world_spawner/share/cw2_world_spawner/package.dsv
[2.710s] -- Up-to-date: /home/bizare/Desktop/cw2_team_14/install/cw2_world_spawner/share/ament_index/resource_index/packages/cw2_world_spawner
[2.710s] -- Up-to-date: /home/bizare/Desktop/cw2_team_14/install/cw2_world_spawner/share/cw2_world_spawner/cmake/export_cw2_world_spawner__rosidl_generator_cExport.cmake
[2.710s] -- Up-to-date: /home/bizare/Desktop/cw2_team_14/install/cw2_world_spawner/share/cw2_world_spawner/cmake/export_cw2_world_spawner__rosidl_generator_cExport-noconfig.cmake
[2.711s] -- Up-to-date: /home/bizare/Desktop/cw2_team_14/install/cw2_world_spawner/share/cw2_world_spawner/cmake/export_cw2_world_spawner__rosidl_typesupport_fastrtps_cExport.cmake
[2.711s] -- Up-to-date: /home/bizare/Desktop/cw2_team_14/install/cw2_world_spawner/share/cw2_world_spawner/cmake/export_cw2_world_spawner__rosidl_typesupport_fastrtps_cExport-noconfig.cmake
[2.711s] -- Up-to-date: /home/bizare/Desktop/cw2_team_14/install/cw2_world_spawner/share/cw2_world_spawner/cmake/cw2_world_spawner__rosidl_typesupport_introspection_cExport.cmake
[2.711s] -- Up-to-date: /home/bizare/Desktop/cw2_team_14/install/cw2_world_spawner/share/cw2_world_spawner/cmake/cw2_world_spawner__rosidl_typesupport_introspection_cExport-noconfig.cmake
[2.711s] -- Up-to-date: /home/bizare/Desktop/cw2_team_14/install/cw2_world_spawner/share/cw2_world_spawner/cmake/cw2_world_spawner__rosidl_typesupport_cExport.cmake
[2.711s] -- Up-to-date: /home/bizare/Desktop/cw2_team_14/install/cw2_world_spawner/share/cw2_world_spawner/cmake/cw2_world_spawner__rosidl_typesupport_cExport-noconfig.cmake
[2.711s] -- Up-to-date: /home/bizare/Desktop/cw2_team_14/install/cw2_world_spawner/share/cw2_world_spawner/cmake/export_cw2_world_spawner__rosidl_generator_cppExport.cmake
[2.711s] -- Up-to-date: /home/bizare/Desktop/cw2_team_14/install/cw2_world_spawner/share/cw2_world_spawner/cmake/export_cw2_world_spawner__rosidl_typesupport_fastrtps_cppExport.cmake
[2.711s] -- Up-to-date: /home/bizare/Desktop/cw2_team_14/install/cw2_world_spawner/share/cw2_world_spawner/cmake/export_cw2_world_spawner__rosidl_typesupport_fastrtps_cppExport-noconfig.cmake
[2.711s] -- Up-to-date: /home/bizare/Desktop/cw2_team_14/install/cw2_world_spawner/share/cw2_world_spawner/cmake/cw2_world_spawner__rosidl_typesupport_introspection_cppExport.cmake
[2.711s] -- Up-to-date: /home/bizare/Desktop/cw2_team_14/install/cw2_world_spawner/share/cw2_world_spawner/cmake/cw2_world_spawner__rosidl_typesupport_introspection_cppExport-noconfig.cmake
[2.711s] -- Up-to-date: /home/bizare/Desktop/cw2_team_14/install/cw2_world_spawner/share/cw2_world_spawner/cmake/cw2_world_spawner__rosidl_typesupport_cppExport.cmake
[2.711s] -- Up-to-date: /home/bizare/Desktop/cw2_team_14/install/cw2_world_spawner/share/cw2_world_spawner/cmake/cw2_world_spawner__rosidl_typesupport_cppExport-noconfig.cmake
[2.711s] -- Up-to-date: /home/bizare/Desktop/cw2_team_14/install/cw2_world_spawner/share/cw2_world_spawner/cmake/export_cw2_world_spawner__rosidl_generator_pyExport.cmake
[2.711s] -- Up-to-date: /home/bizare/Desktop/cw2_team_14/install/cw2_world_spawner/share/cw2_world_spawner/cmake/export_cw2_world_spawner__rosidl_generator_pyExport-noconfig.cmake
[2.711s] -- Up-to-date: /home/bizare/Desktop/cw2_team_14/install/cw2_world_spawner/share/cw2_world_spawner/cmake/rosidl_cmake-extras.cmake
[2.711s] -- Up-to-date: /home/bizare/Desktop/cw2_team_14/install/cw2_world_spawner/share/cw2_world_spawner/cmake/ament_cmake_export_dependencies-extras.cmake
[2.711s] -- Up-to-date: /home/bizare/Desktop/cw2_team_14/install/cw2_world_spawner/share/cw2_world_spawner/cmake/ament_cmake_export_include_directories-extras.cmake
[2.711s] -- Up-to-date: /home/bizare/Desktop/cw2_team_14/install/cw2_world_spawner/share/cw2_world_spawner/cmake/ament_cmake_export_libraries-extras.cmake
[2.711s] -- Up-to-date: /home/bizare/Desktop/cw2_team_14/install/cw2_world_spawner/share/cw2_world_spawner/cmake/ament_cmake_export_targets-extras.cmake
[2.719s] -- Up-to-date: /home/bizare/Desktop/cw2_team_14/install/cw2_world_spawner/share/cw2_world_spawner/cmake/rosidl_cmake_export_typesupport_targets-extras.cmake
[2.719s] -- Up-to-date: /home/bizare/Desktop/cw2_team_14/install/cw2_world_spawner/share/cw2_world_spawner/cmake/rosidl_cmake_export_typesupport_libraries-extras.cmake
[2.719s] -- Up-to-date: /home/bizare/Desktop/cw2_team_14/install/cw2_world_spawner/share/cw2_world_spawner/cmake/cw2_world_spawnerConfig.cmake
[2.719s] -- Up-to-date: /home/bizare/Desktop/cw2_team_14/install/cw2_world_spawner/share/cw2_world_spawner/cmake/cw2_world_spawnerConfig-version.cmake
[2.719s] -- Up-to-date: /home/bizare/Desktop/cw2_team_14/install/cw2_world_spawner/share/cw2_world_spawner/package.xml
[2.724s] Invoked command in '/home/bizare/Desktop/cw2_team_14/build/cw2_world_spawner' returned '0': CMAKE_PREFIX_PATH=${CMAKE_PREFIX_PATH}:/opt/ros/humble /usr/bin/cmake --install /home/bizare/Desktop/cw2_team_14/build/cw2_world_spawner
