[0.008s] Invoking command in '/home/bizare/Desktop/cw2_team_14/build/realsense_gazebo_plugin': CMAKE_PREFIX_PATH=${CMAKE_PREFIX_PATH}:/opt/ros/humble /usr/bin/cmake --build /home/bizare/Desktop/cw2_team_14/build/realsense_gazebo_plugin -- -j2 -l2
[0.185s] [100%] Built target realsense_gazebo_plugin
[0.198s] Invoked command in '/home/bizare/Desktop/cw2_team_14/build/realsense_gazebo_plugin' returned '0': CMAKE_PREFIX_PATH=${CMAKE_PREFIX_PATH}:/opt/ros/humble /usr/bin/cmake --build /home/bizare/Desktop/cw2_team_14/build/realsense_gazebo_plugin -- -j2 -l2
[0.203s] Invoking command in '/home/bizare/Desktop/cw2_team_14/build/realsense_gazebo_plugin': CMAKE_PREFIX_PATH=${CMAKE_PREFIX_PATH}:/opt/ros/humble /usr/bin/cmake --install /home/bizare/Desktop/cw2_team_14/build/realsense_gazebo_plugin
[0.213s] -- Install configuration: ""
[0.215s] -- Up-to-date: /home/bizare/Desktop/cw2_team_14/install/realsense_gazebo_plugin/lib/librealsense_gazebo_plugin.so
[0.216s] -- Up-to-date: /home/bizare/Desktop/cw2_team_14/install/realsense_gazebo_plugin/include/
[0.217s] -- Up-to-date: /home/bizare/Desktop/cw2_team_14/install/realsense_gazebo_plugin/include//realsense_gazebo_plugin
[0.218s] -- Up-to-date: /home/bizare/Desktop/cw2_team_14/install/realsense_gazebo_plugin/include//realsense_gazebo_plugin/gazebo_ros_realsense.hpp
[0.219s] -- Up-to-date: /home/bizare/Desktop/cw2_team_14/install/realsense_gazebo_plugin/include//realsense_gazebo_plugin/RealSensePlugin.hpp
[0.219s] -- Up-to-date: /home/bizare/Desktop/cw2_team_14/install/realsense_gazebo_plugin/share/realsense_gazebo_plugin/models
[0.219s] -- Up-to-date: /home/bizare/Desktop/cw2_team_14/install/realsense_gazebo_plugin/share/realsense_gazebo_plugin/models/realsense_camera
[0.220s] -- Up-to-date: /home/bizare/Desktop/cw2_team_14/install/realsense_gazebo_plugin/share/realsense_gazebo_plugin/models/realsense_camera/model.config
[0.220s] -- Up-to-date: /home/bizare/Desktop/cw2_team_14/install/realsense_gazebo_plugin/share/realsense_gazebo_plugin/models/realsense_camera/model.sdf
[0.220s] -- Up-to-date: /home/bizare/Desktop/cw2_team_14/install/realsense_gazebo_plugin/share/realsense_gazebo_plugin/models/realsense_camera/meshes
[0.221s] -- Up-to-date: /home/bizare/Desktop/cw2_team_14/install/realsense_gazebo_plugin/share/realsense_gazebo_plugin/models/realsense_camera/meshes/realsense.dae
[0.221s] -- Up-to-date: /home/bizare/Desktop/cw2_team_14/install/realsense_gazebo_plugin/share/realsense_gazebo_plugin/models/realsense_camera/materials
[0.221s] -- Up-to-date: /home/bizare/Desktop/cw2_team_14/install/realsense_gazebo_plugin/share/realsense_gazebo_plugin/models/realsense_camera/materials/textures
[0.221s] -- Up-to-date: /home/bizare/Desktop/cw2_team_14/install/realsense_gazebo_plugin/share/realsense_gazebo_plugin/models/realsense_camera/materials/textures/realsense_diffuse.png
[0.221s] -- Up-to-date: /home/bizare/Desktop/cw2_team_14/install/realsense_gazebo_plugin/share/realsense_gazebo_plugin/urdf
[0.221s] -- Up-to-date: /home/bizare/Desktop/cw2_team_14/install/realsense_gazebo_plugin/share/realsense_gazebo_plugin/urdf/realsense-D435.macro.xacro
[0.221s] -- Up-to-date: /home/bizare/Desktop/cw2_team_14/install/realsense_gazebo_plugin/share/realsense_gazebo_plugin/urdf/d435_simulation.xacro
[0.221s] -- Up-to-date: /home/bizare/Desktop/cw2_team_14/install/realsense_gazebo_plugin/share/realsense_gazebo_plugin/urdf/multi_d435_simulation.xacro
[0.221s] -- Up-to-date: /home/bizare/Desktop/cw2_team_14/install/realsense_gazebo_plugin/share/realsense_gazebo_plugin/worlds
[0.221s] -- Up-to-date: /home/bizare/Desktop/cw2_team_14/install/realsense_gazebo_plugin/share/realsense_gazebo_plugin/worlds/realsense.world
[0.221s] -- Up-to-date: /home/bizare/Desktop/cw2_team_14/install/realsense_gazebo_plugin/share/realsense_gazebo_plugin/environment/library_path.sh
[0.221s] -- Up-to-date: /home/bizare/Desktop/cw2_team_14/install/realsense_gazebo_plugin/share/realsense_gazebo_plugin/environment/library_path.dsv
[0.221s] -- Up-to-date: /home/bizare/Desktop/cw2_team_14/install/realsense_gazebo_plugin/share/ament_index/resource_index/package_run_dependencies/realsense_gazebo_plugin
[0.221s] -- Up-to-date: /home/bizare/Desktop/cw2_team_14/install/realsense_gazebo_plugin/share/ament_index/resource_index/parent_prefix_path/realsense_gazebo_plugin
[0.221s] -- Up-to-date: /home/bizare/Desktop/cw2_team_14/install/realsense_gazebo_plugin/share/realsense_gazebo_plugin/environment/ament_prefix_path.sh
[0.221s] -- Up-to-date: /home/bizare/Desktop/cw2_team_14/install/realsense_gazebo_plugin/share/realsense_gazebo_plugin/environment/ament_prefix_path.dsv
[0.221s] -- Up-to-date: /home/bizare/Desktop/cw2_team_14/install/realsense_gazebo_plugin/share/realsense_gazebo_plugin/environment/path.sh
[0.221s] -- Up-to-date: /home/bizare/Desktop/cw2_team_14/install/realsense_gazebo_plugin/share/realsense_gazebo_plugin/environment/path.dsv
[0.221s] -- Up-to-date: /home/bizare/Desktop/cw2_team_14/install/realsense_gazebo_plugin/share/realsense_gazebo_plugin/local_setup.bash
[0.228s] -- Up-to-date: /home/bizare/Desktop/cw2_team_14/install/realsense_gazebo_plugin/share/realsense_gazebo_plugin/local_setup.sh
[0.228s] -- Up-to-date: /home/bizare/Desktop/cw2_team_14/install/realsense_gazebo_plugin/share/realsense_gazebo_plugin/local_setup.zsh
[0.228s] -- Up-to-date: /home/bizare/Desktop/cw2_team_14/install/realsense_gazebo_plugin/share/realsense_gazebo_plugin/local_setup.dsv
[0.228s] -- Installing: /home/bizare/Desktop/cw2_team_14/install/realsense_gazebo_plugin/share/realsense_gazebo_plugin/package.dsv
[0.228s] -- Up-to-date: /home/bizare/Desktop/cw2_team_14/install/realsense_gazebo_plugin/share/ament_index/resource_index/packages/realsense_gazebo_plugin
[0.228s] -- Up-to-date: /home/bizare/Desktop/cw2_team_14/install/realsense_gazebo_plugin/share/realsense_gazebo_plugin/cmake/ament_cmake_export_include_directories-extras.cmake
[0.228s] -- Up-to-date: /home/bizare/Desktop/cw2_team_14/install/realsense_gazebo_plugin/share/realsense_gazebo_plugin/cmake/ament_cmake_export_libraries-extras.cmake
[0.228s] -- Up-to-date: /home/bizare/Desktop/cw2_team_14/install/realsense_gazebo_plugin/share/realsense_gazebo_plugin/cmake/realsense_gazebo_pluginConfig.cmake
[0.228s] -- Up-to-date: /home/bizare/Desktop/cw2_team_14/install/realsense_gazebo_plugin/share/realsense_gazebo_plugin/cmake/realsense_gazebo_pluginConfig-version.cmake
[0.228s] -- Up-to-date: /home/bizare/Desktop/cw2_team_14/install/realsense_gazebo_plugin/share/realsense_gazebo_plugin/package.xml
[0.229s] Invoked command in '/home/bizare/Desktop/cw2_team_14/build/realsense_gazebo_plugin' returned '0': CMAKE_PREFIX_PATH=${CMAKE_PREFIX_PATH}:/opt/ros/humble /usr/bin/cmake --install /home/bizare/Desktop/cw2_team_14/build/realsense_gazebo_plugin
