[0.020s] Invoking command in '/home/bizare/Desktop/cw2_team_14/build/cw2_world_spawner': CMAKE_PREFIX_PATH=${CMAKE_PREFIX_PATH}:/opt/ros/humble /usr/bin/cmake /home/bizare/Desktop/cw2_team_14/src/courseworks/cw2_world_spawner -DCMAKE_INSTALL_PREFIX=/home/bizare/Desktop/cw2_team_14/install/cw2_world_spawner
[0.144s] -- The C compiler identification is GNU 11.4.0
[0.259s] -- The CXX compiler identification is GNU 11.4.0
[0.275s] -- Detecting C compiler ABI info
[0.339s] -- Detecting C compiler ABI info - done
[0.349s] -- Check for working C compiler: /usr/bin/cc - skipped
[0.350s] -- Detecting C compile features
[0.351s] -- Detecting C compile features - done
[0.354s] -- Detecting CXX compiler ABI info
[0.448s] -- Detecting CXX compiler ABI info - done
[0.459s] -- Check for working CXX compiler: /usr/bin/c++ - skipped
[0.459s] -- Detecting CXX compile features
[0.460s] -- Detecting CXX compile features - done
[0.465s] -- Found ament_cmake: 1.3.12 (/opt/ros/humble/share/ament_cmake/cmake)
[0.660s] -- Found Python3: /usr/bin/python3 (found version "3.10.12") found components: Interpreter 
[0.750s] -- Found rosidl_default_generators: 1.2.0 (/opt/ros/humble/share/rosidl_default_generators/cmake)
[0.756s] -- Using all available rosidl_typesupport_c: rosidl_typesupport_fastrtps_c;rosidl_typesupport_introspection_c
[0.764s] -- Found rosidl_adapter: 3.1.8 (/opt/ros/humble/share/rosidl_adapter/cmake)
[0.811s] -- Using all available rosidl_typesupport_cpp: rosidl_typesupport_fastrtps_cpp;rosidl_typesupport_introspection_cpp
[0.859s] -- Found geometry_msgs: 4.9.0 (/opt/ros/humble/share/geometry_msgs/cmake)
[1.336s] -- Found ament_cmake_ros: 0.10.0 (/opt/ros/humble/share/ament_cmake_ros/cmake)
[1.619s] -- Using all available rosidl_typesupport_c: rosidl_typesupport_fastrtps_c;rosidl_typesupport_introspection_c
[1.997s] -- Using all available rosidl_typesupport_cpp: rosidl_typesupport_fastrtps_cpp;rosidl_typesupport_introspection_cpp
[2.052s] -- Found PythonInterp: /usr/bin/python3 (found suitable version "3.10.12", minimum required is "3.6") 
[2.053s] -- Found python_cmake_module: 0.10.0 (/opt/ros/humble/share/python_cmake_module/cmake)
[2.086s] -- Found PythonLibs: /usr/lib/x86_64-linux-gnu/libpython3.10.so (found suitable version "3.10.12", minimum required is "3.5") 
[2.087s] -- Using PYTHON_EXECUTABLE: /usr/bin/python3
[2.088s] -- Using PYTHON_INCLUDE_DIRS: /usr/include/python3.10
[2.088s] -- Using PYTHON_LIBRARIES: /usr/lib/x86_64-linux-gnu/libpython3.10.so
[2.106s] -- Found PythonExtra: .so  
[2.184s] -- Found ament_lint_auto: 0.12.14 (/opt/ros/humble/share/ament_lint_auto/cmake)
[2.228s] -- Added test 'flake8' to check Python code syntax and style conventions
[2.233s] -- Added test 'lint_cmake' to check CMake code style
[2.236s] -- Added test 'pep257' to check Python code against some of the docstring style conventions in PEP 257
[2.248s] -- Added test 'xmllint' to check XML markup files
[2.252s] -- Configuring done
[2.323s] -- Generating done
[2.346s] -- Build files have been written to: /home/bizare/Desktop/cw2_team_14/build/cw2_world_spawner
[2.367s] Invoked command in '/home/bizare/Desktop/cw2_team_14/build/cw2_world_spawner' returned '0': CMAKE_PREFIX_PATH=${CMAKE_PREFIX_PATH}:/opt/ros/humble /usr/bin/cmake /home/bizare/Desktop/cw2_team_14/src/courseworks/cw2_world_spawner -DCMAKE_INSTALL_PREFIX=/home/bizare/Desktop/cw2_team_14/install/cw2_world_spawner
[2.367s] Invoking command in '/home/bizare/Desktop/cw2_team_14/build/cw2_world_spawner': CMAKE_PREFIX_PATH=${CMAKE_PREFIX_PATH}:/opt/ros/humble /usr/bin/cmake --build /home/bizare/Desktop/cw2_team_14/build/cw2_world_spawner -- -j2 -l2
[2.451s] [  1%] [34m[1mGenerating C++ code for ROS interfaces[0m
[2.464s] [  3%] [34m[1mGenerating C code for ROS interfaces[0m
[3.479s] [  3%] Built target cw2_world_spawner__cpp
[3.501s] [  5%] [32mBuilding C object CMakeFiles/cw2_world_spawner__rosidl_generator_c.dir/rosidl_generator_c/cw2_world_spawner/srv/detail/task_setup__functions.c.o[0m
[3.531s] [  5%] Built target ament_cmake_python_copy_cw2_world_spawner
[3.581s] [  5%] Built target ament_cmake_python_copy_cw2_world_spawner_lib
[3.585s] [  7%] [32mBuilding C object CMakeFiles/cw2_world_spawner__rosidl_generator_c.dir/rosidl_generator_c/cw2_world_spawner/srv/detail/task1_service__functions.c.o[0m
[3.601s] [  9%] [32mBuilding C object CMakeFiles/cw2_world_spawner__rosidl_generator_c.dir/rosidl_generator_c/cw2_world_spawner/srv/detail/task2_service__functions.c.o[0m
[3.700s] [ 10%] [32mBuilding C object CMakeFiles/cw2_world_spawner__rosidl_generator_c.dir/rosidl_generator_c/cw2_world_spawner/srv/detail/task3_service__functions.c.o[0m
[3.704s] [ 12%] [34m[1mGenerating C++ type support dispatch for ROS interfaces[0m
[3.829s] [ 14%] [32m[1mLinking C shared library libcw2_world_spawner__rosidl_generator_c.so[0m
[3.865s] [ 14%] Built target cw2_world_spawner__rosidl_generator_c
[3.876s] [ 16%] [34m[1mGenerating C++ type support for eProsima Fast-RTPS[0m
[4.434s] [ 18%] [32mBuilding CXX object CMakeFiles/cw2_world_spawner__rosidl_typesupport_cpp.dir/rosidl_typesupport_cpp/cw2_world_spawner/srv/task_setup__type_support.cpp.o[0m
[5.050s] [ 20%] [32mBuilding CXX object CMakeFiles/cw2_world_spawner__rosidl_typesupport_cpp.dir/rosidl_typesupport_cpp/cw2_world_spawner/srv/task1_service__type_support.cpp.o[0m
[5.072s] [ 21%] [32mBuilding CXX object CMakeFiles/cw2_world_spawner__rosidl_typesupport_fastrtps_cpp.dir/rosidl_typesupport_fastrtps_cpp/cw2_world_spawner/srv/detail/dds_fastrtps/task_setup__type_support.cpp.o[0m
[5.655s] [ 23%] [32mBuilding CXX object CMakeFiles/cw2_world_spawner__rosidl_typesupport_cpp.dir/rosidl_typesupport_cpp/cw2_world_spawner/srv/task2_service__type_support.cpp.o[0m
[5.994s] [ 25%] [32mBuilding CXX object CMakeFiles/cw2_world_spawner__rosidl_typesupport_fastrtps_cpp.dir/rosidl_typesupport_fastrtps_cpp/cw2_world_spawner/srv/detail/dds_fastrtps/task1_service__type_support.cpp.o[0m
[6.250s] [ 27%] [32mBuilding CXX object CMakeFiles/cw2_world_spawner__rosidl_typesupport_cpp.dir/rosidl_typesupport_cpp/cw2_world_spawner/srv/task3_service__type_support.cpp.o[0m
[6.779s] [ 29%] [32m[1mLinking CXX shared library libcw2_world_spawner__rosidl_typesupport_cpp.so[0m
[6.825s] [ 29%] Built target cw2_world_spawner__rosidl_typesupport_cpp
[6.845s] [ 30%] [32mBuilding CXX object CMakeFiles/cw2_world_spawner__rosidl_typesupport_fastrtps_cpp.dir/rosidl_typesupport_fastrtps_cpp/cw2_world_spawner/srv/detail/dds_fastrtps/task2_service__type_support.cpp.o[0m
[7.034s] [ 32%] [32mBuilding CXX object CMakeFiles/cw2_world_spawner__rosidl_typesupport_fastrtps_cpp.dir/rosidl_typesupport_fastrtps_cpp/cw2_world_spawner/srv/detail/dds_fastrtps/task3_service__type_support.cpp.o[0m
[7.927s] [ 34%] [34m[1mGenerating C++ introspection for ROS interfaces[0m
[8.219s] [ 36%] [32m[1mLinking CXX shared library libcw2_world_spawner__rosidl_typesupport_fastrtps_cpp.so[0m
[8.405s] [ 36%] Built target cw2_world_spawner__rosidl_typesupport_fastrtps_cpp
[9.158s] running egg_info
[9.158s] creating cw2_world_spawner.egg-info
[9.158s] writing cw2_world_spawner.egg-info/PKG-INFO
[9.158s] writing dependency_links to cw2_world_spawner.egg-info/dependency_links.txt
[9.158s] writing top-level names to cw2_world_spawner.egg-info/top_level.txt
[9.163s] [ 38%] [32mBuilding CXX object CMakeFiles/cw2_world_spawner__rosidl_typesupport_introspection_cpp.dir/rosidl_typesupport_introspection_cpp/cw2_world_spawner/srv/detail/task_setup__type_support.cpp.o[0m
[9.163s] writing manifest file 'cw2_world_spawner.egg-info/SOURCES.txt'
[9.171s] reading manifest file 'cw2_world_spawner.egg-info/SOURCES.txt'
[9.173s] writing manifest file 'cw2_world_spawner.egg-info/SOURCES.txt'
[9.291s] [ 38%] Built target ament_cmake_python_build_cw2_world_spawner_egg
[9.306s] [ 40%] [32mBuilding CXX object CMakeFiles/cw2_world_spawner__rosidl_typesupport_introspection_cpp.dir/rosidl_typesupport_introspection_cpp/cw2_world_spawner/srv/detail/task1_service__type_support.cpp.o[0m
[10.549s] [ 41%] [32mBuilding CXX object CMakeFiles/cw2_world_spawner__rosidl_typesupport_introspection_cpp.dir/rosidl_typesupport_introspection_cpp/cw2_world_spawner/srv/detail/task2_service__type_support.cpp.o[0m
[10.677s] [ 43%] [32mBuilding CXX object CMakeFiles/cw2_world_spawner__rosidl_typesupport_introspection_cpp.dir/rosidl_typesupport_introspection_cpp/cw2_world_spawner/srv/detail/task3_service__type_support.cpp.o[0m
[12.032s] [ 45%] [32m[1mLinking CXX shared library libcw2_world_spawner__rosidl_typesupport_introspection_cpp.so[0m
[12.196s] [ 45%] Built target cw2_world_spawner__rosidl_typesupport_introspection_cpp
[12.223s] [ 47%] [34m[1mGenerating C type support for eProsima Fast-RTPS[0m
[12.391s] running egg_info
[12.392s] creating cw2_world_spawner_lib.egg-info
[12.393s] writing cw2_world_spawner_lib.egg-info/PKG-INFO
[12.395s] writing dependency_links to cw2_world_spawner_lib.egg-info/dependency_links.txt
[12.395s] writing top-level names to cw2_world_spawner_lib.egg-info/top_level.txt
[12.395s] writing manifest file 'cw2_world_spawner_lib.egg-info/SOURCES.txt'
[12.402s] reading manifest file 'cw2_world_spawner_lib.egg-info/SOURCES.txt'
[12.402s] writing manifest file 'cw2_world_spawner_lib.egg-info/SOURCES.txt'
[12.446s] [ 47%] Built target ament_cmake_python_build_cw2_world_spawner_lib_egg
[12.473s] [ 49%] [34m[1mGenerating C introspection for ROS interfaces[0m
[13.641s] [ 50%] [32mBuilding CXX object CMakeFiles/cw2_world_spawner__rosidl_typesupport_fastrtps_c.dir/rosidl_typesupport_fastrtps_c/cw2_world_spawner/srv/detail/task_setup__type_support_c.cpp.o[0m
[13.849s] [ 52%] [32mBuilding C object CMakeFiles/cw2_world_spawner__rosidl_typesupport_introspection_c.dir/rosidl_typesupport_introspection_c/cw2_world_spawner/srv/detail/task_setup__type_support.c.o[0m
[13.962s] [ 54%] [32mBuilding C object CMakeFiles/cw2_world_spawner__rosidl_typesupport_introspection_c.dir/rosidl_typesupport_introspection_c/cw2_world_spawner/srv/detail/task1_service__type_support.c.o[0m
[14.089s] [ 56%] [32mBuilding C object CMakeFiles/cw2_world_spawner__rosidl_typesupport_introspection_c.dir/rosidl_typesupport_introspection_c/cw2_world_spawner/srv/detail/task2_service__type_support.c.o[0m
[14.218s] [ 58%] [32mBuilding C object CMakeFiles/cw2_world_spawner__rosidl_typesupport_introspection_c.dir/rosidl_typesupport_introspection_c/cw2_world_spawner/srv/detail/task3_service__type_support.c.o[0m
[14.349s] [ 60%] [32m[1mLinking C shared library libcw2_world_spawner__rosidl_typesupport_introspection_c.so[0m
[14.453s] [ 60%] Built target cw2_world_spawner__rosidl_typesupport_introspection_c
[14.766s] [ 61%] [32mBuilding CXX object CMakeFiles/cw2_world_spawner__rosidl_typesupport_fastrtps_c.dir/rosidl_typesupport_fastrtps_c/cw2_world_spawner/srv/detail/task1_service__type_support_c.cpp.o[0m
[15.705s] [ 63%] [32mBuilding CXX object CMakeFiles/cw2_world_spawner__rosidl_typesupport_fastrtps_c.dir/rosidl_typesupport_fastrtps_c/cw2_world_spawner/srv/detail/task2_service__type_support_c.cpp.o[0m
[16.698s] [ 65%] [32mBuilding CXX object CMakeFiles/cw2_world_spawner__rosidl_typesupport_fastrtps_c.dir/rosidl_typesupport_fastrtps_c/cw2_world_spawner/srv/detail/task3_service__type_support_c.cpp.o[0m
[17.279s] [ 67%] [32m[1mLinking CXX shared library libcw2_world_spawner__rosidl_typesupport_fastrtps_c.so[0m
[17.545s] [ 67%] Built target cw2_world_spawner__rosidl_typesupport_fastrtps_c
[17.573s] [ 69%] [34m[1mGenerating C type support dispatch for ROS interfaces[0m
[18.137s] [ 70%] [32mBuilding CXX object CMakeFiles/cw2_world_spawner__rosidl_typesupport_c.dir/rosidl_typesupport_c/cw2_world_spawner/srv/task_setup__type_support.cpp.o[0m
[18.194s] [ 72%] [32mBuilding CXX object CMakeFiles/cw2_world_spawner__rosidl_typesupport_c.dir/rosidl_typesupport_c/cw2_world_spawner/srv/task1_service__type_support.cpp.o[0m
[18.264s] [ 74%] [32mBuilding CXX object CMakeFiles/cw2_world_spawner__rosidl_typesupport_c.dir/rosidl_typesupport_c/cw2_world_spawner/srv/task2_service__type_support.cpp.o[0m
[18.330s] [ 76%] [32mBuilding CXX object CMakeFiles/cw2_world_spawner__rosidl_typesupport_c.dir/rosidl_typesupport_c/cw2_world_spawner/srv/task3_service__type_support.cpp.o[0m
[18.381s] [ 78%] [32m[1mLinking CXX shared library libcw2_world_spawner__rosidl_typesupport_c.so[0m
[18.463s] [ 78%] Built target cw2_world_spawner__rosidl_typesupport_c
[18.501s] [ 78%] Built target cw2_world_spawner
[18.550s] [ 80%] [34m[1mGenerating Python code for ROS interfaces[0m
[19.888s] [ 80%] Built target cw2_world_spawner__py
[19.909s] [ 81%] [32mBuilding C object CMakeFiles/cw2_world_spawner__rosidl_generator_py.dir/rosidl_generator_py/cw2_world_spawner/srv/_task_setup_s.c.o[0m
[20.117s] [ 83%] [32mBuilding C object CMakeFiles/cw2_world_spawner__rosidl_generator_py.dir/rosidl_generator_py/cw2_world_spawner/srv/_task1_service_s.c.o[0m
[20.366s] [ 85%] [32mBuilding C object CMakeFiles/cw2_world_spawner__rosidl_generator_py.dir/rosidl_generator_py/cw2_world_spawner/srv/_task2_service_s.c.o[0m
[20.534s] [ 87%] [32mBuilding C object CMakeFiles/cw2_world_spawner__rosidl_generator_py.dir/rosidl_generator_py/cw2_world_spawner/srv/_task3_service_s.c.o[0m
[20.673s] [ 89%] [32m[1mLinking C shared library rosidl_generator_py/cw2_world_spawner/libcw2_world_spawner__rosidl_generator_py.so[0m
[20.756s] [ 89%] Built target cw2_world_spawner__rosidl_generator_py
[20.794s] [ 90%] [32mBuilding C object CMakeFiles/cw2_world_spawner__rosidl_typesupport_fastrtps_c__pyext.dir/rosidl_generator_py/cw2_world_spawner/_cw2_world_spawner_s.ep.rosidl_typesupport_fastrtps_c.c.o[0m
[20.992s] [ 92%] [32m[1mLinking C shared library rosidl_generator_py/cw2_world_spawner/cw2_world_spawner_s__rosidl_typesupport_fastrtps_c.cpython-310-x86_64-linux-gnu.so[0m
[21.083s] [ 92%] Built target cw2_world_spawner__rosidl_typesupport_fastrtps_c__pyext
[21.141s] [ 94%] [32mBuilding C object CMakeFiles/cw2_world_spawner__rosidl_typesupport_introspection_c__pyext.dir/rosidl_generator_py/cw2_world_spawner/_cw2_world_spawner_s.ep.rosidl_typesupport_introspection_c.c.o[0m
[21.314s] [ 96%] [32m[1mLinking C shared library rosidl_generator_py/cw2_world_spawner/cw2_world_spawner_s__rosidl_typesupport_introspection_c.cpython-310-x86_64-linux-gnu.so[0m
[21.354s] [ 96%] Built target cw2_world_spawner__rosidl_typesupport_introspection_c__pyext
[21.374s] [ 98%] [32mBuilding C object CMakeFiles/cw2_world_spawner__rosidl_typesupport_c__pyext.dir/rosidl_generator_py/cw2_world_spawner/_cw2_world_spawner_s.ep.rosidl_typesupport_c.c.o[0m
[21.569s] [100%] [32m[1mLinking C shared library rosidl_generator_py/cw2_world_spawner/cw2_world_spawner_s__rosidl_typesupport_c.cpython-310-x86_64-linux-gnu.so[0m
[21.605s] [100%] Built target cw2_world_spawner__rosidl_typesupport_c__pyext
[21.620s] Invoked command in '/home/bizare/Desktop/cw2_team_14/build/cw2_world_spawner' returned '0': CMAKE_PREFIX_PATH=${CMAKE_PREFIX_PATH}:/opt/ros/humble /usr/bin/cmake --build /home/bizare/Desktop/cw2_team_14/build/cw2_world_spawner -- -j2 -l2
[21.621s] Invoking command in '/home/bizare/Desktop/cw2_team_14/build/cw2_world_spawner': CMAKE_PREFIX_PATH=${CMAKE_PREFIX_PATH}:/opt/ros/humble /usr/bin/cmake --install /home/bizare/Desktop/cw2_team_14/build/cw2_world_spawner
[21.634s] -- Install configuration: ""
[21.635s] -- Installing: /home/bizare/Desktop/cw2_team_14/install/cw2_world_spawner/share/ament_index/resource_index/rosidl_interfaces/cw2_world_spawner
[21.636s] -- Installing: /home/bizare/Desktop/cw2_team_14/install/cw2_world_spawner/include/cw2_world_spawner/cw2_world_spawner
[21.636s] -- Installing: /home/bizare/Desktop/cw2_team_14/install/cw2_world_spawner/include/cw2_world_spawner/cw2_world_spawner/msg
[21.636s] -- Installing: /home/bizare/Desktop/cw2_team_14/install/cw2_world_spawner/include/cw2_world_spawner/cw2_world_spawner/msg/rosidl_generator_c__visibility_control.h
[21.638s] -- Installing: /home/bizare/Desktop/cw2_team_14/install/cw2_world_spawner/include/cw2_world_spawner/cw2_world_spawner/srv
[21.638s] -- Installing: /home/bizare/Desktop/cw2_team_14/install/cw2_world_spawner/include/cw2_world_spawner/cw2_world_spawner/srv/task3_service.h
[21.638s] -- Installing: /home/bizare/Desktop/cw2_team_14/install/cw2_world_spawner/include/cw2_world_spawner/cw2_world_spawner/srv/detail
[21.638s] -- Installing: /home/bizare/Desktop/cw2_team_14/install/cw2_world_spawner/include/cw2_world_spawner/cw2_world_spawner/srv/detail/task1_service__struct.h
[21.638s] -- Installing: /home/bizare/Desktop/cw2_team_14/install/cw2_world_spawner/include/cw2_world_spawner/cw2_world_spawner/srv/detail/task1_service__functions.c
[21.638s] -- Installing: /home/bizare/Desktop/cw2_team_14/install/cw2_world_spawner/include/cw2_world_spawner/cw2_world_spawner/srv/detail/task_setup__functions.c
[21.639s] -- Installing: /home/bizare/Desktop/cw2_team_14/install/cw2_world_spawner/include/cw2_world_spawner/cw2_world_spawner/srv/detail/task3_service__type_support.h
[21.639s] -- Installing: /home/bizare/Desktop/cw2_team_14/install/cw2_world_spawner/include/cw2_world_spawner/cw2_world_spawner/srv/detail/task3_service__functions.h
[21.639s] -- Installing: /home/bizare/Desktop/cw2_team_14/install/cw2_world_spawner/include/cw2_world_spawner/cw2_world_spawner/srv/detail/task1_service__type_support.h
[21.639s] -- Installing: /home/bizare/Desktop/cw2_team_14/install/cw2_world_spawner/include/cw2_world_spawner/cw2_world_spawner/srv/detail/task2_service__type_support.h
[21.639s] -- Installing: /home/bizare/Desktop/cw2_team_14/install/cw2_world_spawner/include/cw2_world_spawner/cw2_world_spawner/srv/detail/task1_service__functions.h
[21.639s] -- Installing: /home/bizare/Desktop/cw2_team_14/install/cw2_world_spawner/include/cw2_world_spawner/cw2_world_spawner/srv/detail/task2_service__functions.c
[21.639s] -- Installing: /home/bizare/Desktop/cw2_team_14/install/cw2_world_spawner/include/cw2_world_spawner/cw2_world_spawner/srv/detail/task2_service__functions.h
[21.639s] -- Installing: /home/bizare/Desktop/cw2_team_14/install/cw2_world_spawner/include/cw2_world_spawner/cw2_world_spawner/srv/detail/task3_service__struct.h
[21.639s] -- Installing: /home/bizare/Desktop/cw2_team_14/install/cw2_world_spawner/include/cw2_world_spawner/cw2_world_spawner/srv/detail/task3_service__functions.c
[21.639s] -- Installing: /home/bizare/Desktop/cw2_team_14/install/cw2_world_spawner/include/cw2_world_spawner/cw2_world_spawner/srv/detail/task_setup__struct.h
[21.639s] -- Installing: /home/bizare/Desktop/cw2_team_14/install/cw2_world_spawner/include/cw2_world_spawner/cw2_world_spawner/srv/detail/task_setup__type_support.h
[21.640s] -- Installing: /home/bizare/Desktop/cw2_team_14/install/cw2_world_spawner/include/cw2_world_spawner/cw2_world_spawner/srv/detail/task2_service__struct.h
[21.640s] -- Installing: /home/bizare/Desktop/cw2_team_14/install/cw2_world_spawner/include/cw2_world_spawner/cw2_world_spawner/srv/detail/task_setup__functions.h
[21.640s] -- Installing: /home/bizare/Desktop/cw2_team_14/install/cw2_world_spawner/include/cw2_world_spawner/cw2_world_spawner/srv/task2_service.h
[21.641s] -- Installing: /home/bizare/Desktop/cw2_team_14/install/cw2_world_spawner/include/cw2_world_spawner/cw2_world_spawner/srv/task1_service.h
[21.642s] -- Installing: /home/bizare/Desktop/cw2_team_14/install/cw2_world_spawner/include/cw2_world_spawner/cw2_world_spawner/srv/task_setup.h
[21.645s] -- Installing: /home/bizare/Desktop/cw2_team_14/install/cw2_world_spawner/share/cw2_world_spawner/environment/library_path.sh
[21.645s] -- Installing: /home/bizare/Desktop/cw2_team_14/install/cw2_world_spawner/share/cw2_world_spawner/environment/library_path.dsv
[21.645s] -- Installing: /home/bizare/Desktop/cw2_team_14/install/cw2_world_spawner/lib/libcw2_world_spawner__rosidl_generator_c.so
[21.646s] -- Set runtime path of "/home/bizare/Desktop/cw2_team_14/install/cw2_world_spawner/lib/libcw2_world_spawner__rosidl_generator_c.so" to ""
[21.646s] -- Up-to-date: /home/bizare/Desktop/cw2_team_14/install/cw2_world_spawner/include/cw2_world_spawner/cw2_world_spawner
[21.649s] -- Up-to-date: /home/bizare/Desktop/cw2_team_14/install/cw2_world_spawner/include/cw2_world_spawner/cw2_world_spawner/msg
[21.650s] -- Installing: /home/bizare/Desktop/cw2_team_14/install/cw2_world_spawner/include/cw2_world_spawner/cw2_world_spawner/msg/rosidl_typesupport_fastrtps_c__visibility_control.h
[21.650s] -- Up-to-date: /home/bizare/Desktop/cw2_team_14/install/cw2_world_spawner/include/cw2_world_spawner/cw2_world_spawner/srv
[21.650s] -- Up-to-date: /home/bizare/Desktop/cw2_team_14/install/cw2_world_spawner/include/cw2_world_spawner/cw2_world_spawner/srv/detail
[21.650s] -- Installing: /home/bizare/Desktop/cw2_team_14/install/cw2_world_spawner/include/cw2_world_spawner/cw2_world_spawner/srv/detail/task2_service__rosidl_typesupport_fastrtps_c.h
[21.650s] -- Installing: /home/bizare/Desktop/cw2_team_14/install/cw2_world_spawner/include/cw2_world_spawner/cw2_world_spawner/srv/detail/task_setup__rosidl_typesupport_fastrtps_c.h
[21.650s] -- Installing: /home/bizare/Desktop/cw2_team_14/install/cw2_world_spawner/include/cw2_world_spawner/cw2_world_spawner/srv/detail/task3_service__rosidl_typesupport_fastrtps_c.h
[21.650s] -- Installing: /home/bizare/Desktop/cw2_team_14/install/cw2_world_spawner/include/cw2_world_spawner/cw2_world_spawner/srv/detail/task1_service__rosidl_typesupport_fastrtps_c.h
[21.651s] -- Installing: /home/bizare/Desktop/cw2_team_14/install/cw2_world_spawner/lib/libcw2_world_spawner__rosidl_typesupport_fastrtps_c.so
[21.652s] -- Set runtime path of "/home/bizare/Desktop/cw2_team_14/install/cw2_world_spawner/lib/libcw2_world_spawner__rosidl_typesupport_fastrtps_c.so" to ""
[21.653s] -- Up-to-date: /home/bizare/Desktop/cw2_team_14/install/cw2_world_spawner/include/cw2_world_spawner/cw2_world_spawner
[21.653s] -- Up-to-date: /home/bizare/Desktop/cw2_team_14/install/cw2_world_spawner/include/cw2_world_spawner/cw2_world_spawner/msg
[21.653s] -- Installing: /home/bizare/Desktop/cw2_team_14/install/cw2_world_spawner/include/cw2_world_spawner/cw2_world_spawner/msg/rosidl_typesupport_introspection_c__visibility_control.h
[21.654s] -- Up-to-date: /home/bizare/Desktop/cw2_team_14/install/cw2_world_spawner/include/cw2_world_spawner/cw2_world_spawner/srv
[21.656s] -- Up-to-date: /home/bizare/Desktop/cw2_team_14/install/cw2_world_spawner/include/cw2_world_spawner/cw2_world_spawner/srv/detail
[21.656s] -- Installing: /home/bizare/Desktop/cw2_team_14/install/cw2_world_spawner/include/cw2_world_spawner/cw2_world_spawner/srv/detail/task2_service__rosidl_typesupport_introspection_c.h
[21.656s] -- Installing: /home/bizare/Desktop/cw2_team_14/install/cw2_world_spawner/include/cw2_world_spawner/cw2_world_spawner/srv/detail/task_setup__rosidl_typesupport_introspection_c.h
[21.656s] -- Installing: /home/bizare/Desktop/cw2_team_14/install/cw2_world_spawner/include/cw2_world_spawner/cw2_world_spawner/srv/detail/task3_service__type_support.c
[21.656s] -- Installing: /home/bizare/Desktop/cw2_team_14/install/cw2_world_spawner/include/cw2_world_spawner/cw2_world_spawner/srv/detail/task2_service__type_support.c
[21.656s] -- Installing: /home/bizare/Desktop/cw2_team_14/install/cw2_world_spawner/include/cw2_world_spawner/cw2_world_spawner/srv/detail/task1_service__rosidl_typesupport_introspection_c.h
[21.656s] -- Installing: /home/bizare/Desktop/cw2_team_14/install/cw2_world_spawner/include/cw2_world_spawner/cw2_world_spawner/srv/detail/task3_service__rosidl_typesupport_introspection_c.h
[21.656s] -- Installing: /home/bizare/Desktop/cw2_team_14/install/cw2_world_spawner/include/cw2_world_spawner/cw2_world_spawner/srv/detail/task_setup__type_support.c
[21.656s] -- Installing: /home/bizare/Desktop/cw2_team_14/install/cw2_world_spawner/include/cw2_world_spawner/cw2_world_spawner/srv/detail/task1_service__type_support.c
[21.656s] -- Installing: /home/bizare/Desktop/cw2_team_14/install/cw2_world_spawner/lib/libcw2_world_spawner__rosidl_typesupport_introspection_c.so
[21.658s] -- Set runtime path of "/home/bizare/Desktop/cw2_team_14/install/cw2_world_spawner/lib/libcw2_world_spawner__rosidl_typesupport_introspection_c.so" to ""
[21.658s] -- Installing: /home/bizare/Desktop/cw2_team_14/install/cw2_world_spawner/lib/libcw2_world_spawner__rosidl_typesupport_c.so
[21.662s] -- Set runtime path of "/home/bizare/Desktop/cw2_team_14/install/cw2_world_spawner/lib/libcw2_world_spawner__rosidl_typesupport_c.so" to ""
[21.662s] -- Up-to-date: /home/bizare/Desktop/cw2_team_14/install/cw2_world_spawner/include/cw2_world_spawner/cw2_world_spawner
[21.662s] -- Up-to-date: /home/bizare/Desktop/cw2_team_14/install/cw2_world_spawner/include/cw2_world_spawner/cw2_world_spawner/msg
[21.662s] -- Installing: /home/bizare/Desktop/cw2_team_14/install/cw2_world_spawner/include/cw2_world_spawner/cw2_world_spawner/msg/rosidl_generator_cpp__visibility_control.hpp
[21.662s] -- Up-to-date: /home/bizare/Desktop/cw2_team_14/install/cw2_world_spawner/include/cw2_world_spawner/cw2_world_spawner/srv
[21.662s] -- Installing: /home/bizare/Desktop/cw2_team_14/install/cw2_world_spawner/include/cw2_world_spawner/cw2_world_spawner/srv/task3_service.hpp
[21.663s] -- Installing: /home/bizare/Desktop/cw2_team_14/install/cw2_world_spawner/include/cw2_world_spawner/cw2_world_spawner/srv/task1_service.hpp
[21.663s] -- Installing: /home/bizare/Desktop/cw2_team_14/install/cw2_world_spawner/include/cw2_world_spawner/cw2_world_spawner/srv/task_setup.hpp
[21.663s] -- Up-to-date: /home/bizare/Desktop/cw2_team_14/install/cw2_world_spawner/include/cw2_world_spawner/cw2_world_spawner/srv/detail
[21.663s] -- Installing: /home/bizare/Desktop/cw2_team_14/install/cw2_world_spawner/include/cw2_world_spawner/cw2_world_spawner/srv/detail/task_setup__struct.hpp
[21.665s] -- Installing: /home/bizare/Desktop/cw2_team_14/install/cw2_world_spawner/include/cw2_world_spawner/cw2_world_spawner/srv/detail/task2_service__type_support.hpp
[21.665s] -- Installing: /home/bizare/Desktop/cw2_team_14/install/cw2_world_spawner/include/cw2_world_spawner/cw2_world_spawner/srv/detail/task_setup__type_support.hpp
[21.665s] -- Installing: /home/bizare/Desktop/cw2_team_14/install/cw2_world_spawner/include/cw2_world_spawner/cw2_world_spawner/srv/detail/task3_service__builder.hpp
[21.665s] -- Installing: /home/bizare/Desktop/cw2_team_14/install/cw2_world_spawner/include/cw2_world_spawner/cw2_world_spawner/srv/detail/task1_service__struct.hpp
[21.665s] -- Installing: /home/bizare/Desktop/cw2_team_14/install/cw2_world_spawner/include/cw2_world_spawner/cw2_world_spawner/srv/detail/task2_service__builder.hpp
[21.665s] -- Installing: /home/bizare/Desktop/cw2_team_14/install/cw2_world_spawner/include/cw2_world_spawner/cw2_world_spawner/srv/detail/task1_service__type_support.hpp
[21.665s] -- Installing: /home/bizare/Desktop/cw2_team_14/install/cw2_world_spawner/include/cw2_world_spawner/cw2_world_spawner/srv/detail/task2_service__traits.hpp
[21.666s] -- Installing: /home/bizare/Desktop/cw2_team_14/install/cw2_world_spawner/include/cw2_world_spawner/cw2_world_spawner/srv/detail/task3_service__struct.hpp
[21.666s] -- Installing: /home/bizare/Desktop/cw2_team_14/install/cw2_world_spawner/include/cw2_world_spawner/cw2_world_spawner/srv/detail/task_setup__builder.hpp
[21.666s] -- Installing: /home/bizare/Desktop/cw2_team_14/install/cw2_world_spawner/include/cw2_world_spawner/cw2_world_spawner/srv/detail/task_setup__traits.hpp
[21.667s] -- Installing: /home/bizare/Desktop/cw2_team_14/install/cw2_world_spawner/include/cw2_world_spawner/cw2_world_spawner/srv/detail/task2_service__struct.hpp
[21.667s] -- Installing: /home/bizare/Desktop/cw2_team_14/install/cw2_world_spawner/include/cw2_world_spawner/cw2_world_spawner/srv/detail/task1_service__builder.hpp
[21.667s] -- Installing: /home/bizare/Desktop/cw2_team_14/install/cw2_world_spawner/include/cw2_world_spawner/cw2_world_spawner/srv/detail/task3_service__traits.hpp
[21.667s] -- Installing: /home/bizare/Desktop/cw2_team_14/install/cw2_world_spawner/include/cw2_world_spawner/cw2_world_spawner/srv/detail/task3_service__type_support.hpp
[21.668s] -- Installing: /home/bizare/Desktop/cw2_team_14/install/cw2_world_spawner/include/cw2_world_spawner/cw2_world_spawner/srv/detail/task1_service__traits.hpp
[21.668s] -- Installing: /home/bizare/Desktop/cw2_team_14/install/cw2_world_spawner/include/cw2_world_spawner/cw2_world_spawner/srv/task2_service.hpp
[21.668s] -- Up-to-date: /home/bizare/Desktop/cw2_team_14/install/cw2_world_spawner/include/cw2_world_spawner/cw2_world_spawner
[21.672s] -- Up-to-date: /home/bizare/Desktop/cw2_team_14/install/cw2_world_spawner/include/cw2_world_spawner/cw2_world_spawner/msg
[21.672s] -- Installing: /home/bizare/Desktop/cw2_team_14/install/cw2_world_spawner/include/cw2_world_spawner/cw2_world_spawner/msg/rosidl_typesupport_fastrtps_cpp__visibility_control.h
[21.672s] -- Up-to-date: /home/bizare/Desktop/cw2_team_14/install/cw2_world_spawner/include/cw2_world_spawner/cw2_world_spawner/srv
[21.672s] -- Up-to-date: /home/bizare/Desktop/cw2_team_14/install/cw2_world_spawner/include/cw2_world_spawner/cw2_world_spawner/srv/detail
[21.672s] -- Installing: /home/bizare/Desktop/cw2_team_14/install/cw2_world_spawner/include/cw2_world_spawner/cw2_world_spawner/srv/detail/dds_fastrtps
[21.672s] -- Installing: /home/bizare/Desktop/cw2_team_14/install/cw2_world_spawner/include/cw2_world_spawner/cw2_world_spawner/srv/detail/task_setup__rosidl_typesupport_fastrtps_cpp.hpp
[21.672s] -- Installing: /home/bizare/Desktop/cw2_team_14/install/cw2_world_spawner/include/cw2_world_spawner/cw2_world_spawner/srv/detail/task1_service__rosidl_typesupport_fastrtps_cpp.hpp
[21.672s] -- Installing: /home/bizare/Desktop/cw2_team_14/install/cw2_world_spawner/include/cw2_world_spawner/cw2_world_spawner/srv/detail/task2_service__rosidl_typesupport_fastrtps_cpp.hpp
[21.672s] -- Installing: /home/bizare/Desktop/cw2_team_14/install/cw2_world_spawner/include/cw2_world_spawner/cw2_world_spawner/srv/detail/task3_service__rosidl_typesupport_fastrtps_cpp.hpp
[21.672s] -- Installing: /home/bizare/Desktop/cw2_team_14/install/cw2_world_spawner/lib/libcw2_world_spawner__rosidl_typesupport_fastrtps_cpp.so
[21.672s] -- Set runtime path of "/home/bizare/Desktop/cw2_team_14/install/cw2_world_spawner/lib/libcw2_world_spawner__rosidl_typesupport_fastrtps_cpp.so" to ""
[21.672s] -- Up-to-date: /home/bizare/Desktop/cw2_team_14/install/cw2_world_spawner/include/cw2_world_spawner/cw2_world_spawner
[21.672s] -- Up-to-date: /home/bizare/Desktop/cw2_team_14/install/cw2_world_spawner/include/cw2_world_spawner/cw2_world_spawner/srv
[21.672s] -- Up-to-date: /home/bizare/Desktop/cw2_team_14/install/cw2_world_spawner/include/cw2_world_spawner/cw2_world_spawner/srv/detail
[21.672s] -- Installing: /home/bizare/Desktop/cw2_team_14/install/cw2_world_spawner/include/cw2_world_spawner/cw2_world_spawner/srv/detail/task3_service__rosidl_typesupport_introspection_cpp.hpp
[21.672s] -- Installing: /home/bizare/Desktop/cw2_team_14/install/cw2_world_spawner/include/cw2_world_spawner/cw2_world_spawner/srv/detail/task3_service__type_support.cpp
[21.672s] -- Installing: /home/bizare/Desktop/cw2_team_14/install/cw2_world_spawner/include/cw2_world_spawner/cw2_world_spawner/srv/detail/task2_service__type_support.cpp
[21.672s] -- Installing: /home/bizare/Desktop/cw2_team_14/install/cw2_world_spawner/include/cw2_world_spawner/cw2_world_spawner/srv/detail/task2_service__rosidl_typesupport_introspection_cpp.hpp
[21.673s] -- Installing: /home/bizare/Desktop/cw2_team_14/install/cw2_world_spawner/include/cw2_world_spawner/cw2_world_spawner/srv/detail/task1_service__rosidl_typesupport_introspection_cpp.hpp
[21.673s] -- Installing: /home/bizare/Desktop/cw2_team_14/install/cw2_world_spawner/include/cw2_world_spawner/cw2_world_spawner/srv/detail/task_setup__type_support.cpp
[21.674s] -- Installing: /home/bizare/Desktop/cw2_team_14/install/cw2_world_spawner/include/cw2_world_spawner/cw2_world_spawner/srv/detail/task_setup__rosidl_typesupport_introspection_cpp.hpp
[21.674s] -- Installing: /home/bizare/Desktop/cw2_team_14/install/cw2_world_spawner/include/cw2_world_spawner/cw2_world_spawner/srv/detail/task1_service__type_support.cpp
[21.674s] -- Installing: /home/bizare/Desktop/cw2_team_14/install/cw2_world_spawner/lib/libcw2_world_spawner__rosidl_typesupport_introspection_cpp.so
[21.682s] -- Set runtime path of "/home/bizare/Desktop/cw2_team_14/install/cw2_world_spawner/lib/libcw2_world_spawner__rosidl_typesupport_introspection_cpp.so" to ""
[21.683s] -- Installing: /home/bizare/Desktop/cw2_team_14/install/cw2_world_spawner/lib/libcw2_world_spawner__rosidl_typesupport_cpp.so
[21.683s] -- Set runtime path of "/home/bizare/Desktop/cw2_team_14/install/cw2_world_spawner/lib/libcw2_world_spawner__rosidl_typesupport_cpp.so" to ""
[21.683s] -- Installing: /home/bizare/Desktop/cw2_team_14/install/cw2_world_spawner/share/cw2_world_spawner/environment/pythonpath.sh
[21.683s] -- Installing: /home/bizare/Desktop/cw2_team_14/install/cw2_world_spawner/share/cw2_world_spawner/environment/pythonpath.dsv
[21.683s] -- Installing: /home/bizare/Desktop/cw2_team_14/install/cw2_world_spawner/local/lib/python3.10/dist-packages/cw2_world_spawner-0.1.0-py3.10.egg-info
[21.687s] -- Installing: /home/bizare/Desktop/cw2_team_14/install/cw2_world_spawner/local/lib/python3.10/dist-packages/cw2_world_spawner-0.1.0-py3.10.egg-info/SOURCES.txt
[21.687s] -- Installing: /home/bizare/Desktop/cw2_team_14/install/cw2_world_spawner/local/lib/python3.10/dist-packages/cw2_world_spawner-0.1.0-py3.10.egg-info/dependency_links.txt
[21.687s] -- Installing: /home/bizare/Desktop/cw2_team_14/install/cw2_world_spawner/local/lib/python3.10/dist-packages/cw2_world_spawner-0.1.0-py3.10.egg-info/PKG-INFO
[21.687s] -- Installing: /home/bizare/Desktop/cw2_team_14/install/cw2_world_spawner/local/lib/python3.10/dist-packages/cw2_world_spawner-0.1.0-py3.10.egg-info/top_level.txt
[21.687s] -- Installing: /home/bizare/Desktop/cw2_team_14/install/cw2_world_spawner/local/lib/python3.10/dist-packages/cw2_world_spawner
[21.687s] -- Installing: /home/bizare/Desktop/cw2_team_14/install/cw2_world_spawner/local/lib/python3.10/dist-packages/cw2_world_spawner/_cw2_world_spawner_s.ep.rosidl_typesupport_fastrtps_c.c
[21.687s] -- Installing: /home/bizare/Desktop/cw2_team_14/install/cw2_world_spawner/local/lib/python3.10/dist-packages/cw2_world_spawner/_cw2_world_spawner_s.ep.rosidl_typesupport_introspection_c.c
[21.687s] -- Installing: /home/bizare/Desktop/cw2_team_14/install/cw2_world_spawner/local/lib/python3.10/dist-packages/cw2_world_spawner/cw2_world_spawner_s__rosidl_typesupport_fastrtps_c.cpython-310-x86_64-linux-gnu.so
[21.687s] -- Installing: /home/bizare/Desktop/cw2_team_14/install/cw2_world_spawner/local/lib/python3.10/dist-packages/cw2_world_spawner/__init__.py
[21.687s] -- Installing: /home/bizare/Desktop/cw2_team_14/install/cw2_world_spawner/local/lib/python3.10/dist-packages/cw2_world_spawner/_cw2_world_spawner_s.ep.rosidl_typesupport_c.c
[21.687s] -- Installing: /home/bizare/Desktop/cw2_team_14/install/cw2_world_spawner/local/lib/python3.10/dist-packages/cw2_world_spawner/cw2_world_spawner_s__rosidl_typesupport_introspection_c.cpython-310-x86_64-linux-gnu.so
[21.687s] -- Installing: /home/bizare/Desktop/cw2_team_14/install/cw2_world_spawner/local/lib/python3.10/dist-packages/cw2_world_spawner/libcw2_world_spawner__rosidl_generator_py.so
[21.687s] -- Installing: /home/bizare/Desktop/cw2_team_14/install/cw2_world_spawner/local/lib/python3.10/dist-packages/cw2_world_spawner/cw2_world_spawner_s__rosidl_typesupport_c.cpython-310-x86_64-linux-gnu.so
[21.687s] -- Installing: /home/bizare/Desktop/cw2_team_14/install/cw2_world_spawner/local/lib/python3.10/dist-packages/cw2_world_spawner/srv
[21.687s] -- Installing: /home/bizare/Desktop/cw2_team_14/install/cw2_world_spawner/local/lib/python3.10/dist-packages/cw2_world_spawner/srv/_task3_service_s.c
[21.692s] -- Installing: /home/bizare/Desktop/cw2_team_14/install/cw2_world_spawner/local/lib/python3.10/dist-packages/cw2_world_spawner/srv/_task1_service_s.c
[21.692s] -- Installing: /home/bizare/Desktop/cw2_team_14/install/cw2_world_spawner/local/lib/python3.10/dist-packages/cw2_world_spawner/srv/__init__.py
[21.692s] -- Installing: /home/bizare/Desktop/cw2_team_14/install/cw2_world_spawner/local/lib/python3.10/dist-packages/cw2_world_spawner/srv/_task_setup_s.c
[21.692s] -- Installing: /home/bizare/Desktop/cw2_team_14/install/cw2_world_spawner/local/lib/python3.10/dist-packages/cw2_world_spawner/srv/_task2_service_s.c
[21.692s] -- Installing: /home/bizare/Desktop/cw2_team_14/install/cw2_world_spawner/local/lib/python3.10/dist-packages/cw2_world_spawner/srv/_task_setup.py
[21.692s] -- Installing: /home/bizare/Desktop/cw2_team_14/install/cw2_world_spawner/local/lib/python3.10/dist-packages/cw2_world_spawner/srv/_task2_service.py
[21.692s] -- Installing: /home/bizare/Desktop/cw2_team_14/install/cw2_world_spawner/local/lib/python3.10/dist-packages/cw2_world_spawner/srv/_task1_service.py
[21.692s] -- Installing: /home/bizare/Desktop/cw2_team_14/install/cw2_world_spawner/local/lib/python3.10/dist-packages/cw2_world_spawner/srv/_task3_service.py
[21.775s] Listing '/home/bizare/Desktop/cw2_team_14/install/cw2_world_spawner/local/lib/python3.10/dist-packages/cw2_world_spawner'...
[21.776s] Compiling '/home/bizare/Desktop/cw2_team_14/install/cw2_world_spawner/local/lib/python3.10/dist-packages/cw2_world_spawner/__init__.py'...
[21.776s] Listing '/home/bizare/Desktop/cw2_team_14/install/cw2_world_spawner/local/lib/python3.10/dist-packages/cw2_world_spawner/srv'...
[21.776s] Compiling '/home/bizare/Desktop/cw2_team_14/install/cw2_world_spawner/local/lib/python3.10/dist-packages/cw2_world_spawner/srv/__init__.py'...
[21.776s] Compiling '/home/bizare/Desktop/cw2_team_14/install/cw2_world_spawner/local/lib/python3.10/dist-packages/cw2_world_spawner/srv/_task1_service.py'...
[21.776s] Compiling '/home/bizare/Desktop/cw2_team_14/install/cw2_world_spawner/local/lib/python3.10/dist-packages/cw2_world_spawner/srv/_task2_service.py'...
[21.776s] Compiling '/home/bizare/Desktop/cw2_team_14/install/cw2_world_spawner/local/lib/python3.10/dist-packages/cw2_world_spawner/srv/_task3_service.py'...
[21.776s] Compiling '/home/bizare/Desktop/cw2_team_14/install/cw2_world_spawner/local/lib/python3.10/dist-packages/cw2_world_spawner/srv/_task_setup.py'...
[21.783s] -- Installing: /home/bizare/Desktop/cw2_team_14/install/cw2_world_spawner/local/lib/python3.10/dist-packages/cw2_world_spawner/cw2_world_spawner_s__rosidl_typesupport_fastrtps_c.cpython-310-x86_64-linux-gnu.so
[21.783s] -- Set runtime path of "/home/bizare/Desktop/cw2_team_14/install/cw2_world_spawner/local/lib/python3.10/dist-packages/cw2_world_spawner/cw2_world_spawner_s__rosidl_typesupport_fastrtps_c.cpython-310-x86_64-linux-gnu.so" to ""
[21.783s] -- Installing: /home/bizare/Desktop/cw2_team_14/install/cw2_world_spawner/local/lib/python3.10/dist-packages/cw2_world_spawner/cw2_world_spawner_s__rosidl_typesupport_introspection_c.cpython-310-x86_64-linux-gnu.so
[21.783s] -- Set runtime path of "/home/bizare/Desktop/cw2_team_14/install/cw2_world_spawner/local/lib/python3.10/dist-packages/cw2_world_spawner/cw2_world_spawner_s__rosidl_typesupport_introspection_c.cpython-310-x86_64-linux-gnu.so" to ""
[21.783s] -- Installing: /home/bizare/Desktop/cw2_team_14/install/cw2_world_spawner/local/lib/python3.10/dist-packages/cw2_world_spawner/cw2_world_spawner_s__rosidl_typesupport_c.cpython-310-x86_64-linux-gnu.so
[21.783s] -- Set runtime path of "/home/bizare/Desktop/cw2_team_14/install/cw2_world_spawner/local/lib/python3.10/dist-packages/cw2_world_spawner/cw2_world_spawner_s__rosidl_typesupport_c.cpython-310-x86_64-linux-gnu.so" to ""
[21.783s] -- Installing: /home/bizare/Desktop/cw2_team_14/install/cw2_world_spawner/lib/libcw2_world_spawner__rosidl_generator_py.so
[21.785s] -- Set runtime path of "/home/bizare/Desktop/cw2_team_14/install/cw2_world_spawner/lib/libcw2_world_spawner__rosidl_generator_py.so" to ""
[21.793s] -- Installing: /home/bizare/Desktop/cw2_team_14/install/cw2_world_spawner/share/cw2_world_spawner/srv/TaskSetup.idl
[21.793s] -- Installing: /home/bizare/Desktop/cw2_team_14/install/cw2_world_spawner/share/cw2_world_spawner/srv/Task1Service.idl
[21.794s] -- Installing: /home/bizare/Desktop/cw2_team_14/install/cw2_world_spawner/share/cw2_world_spawner/srv/Task2Service.idl
[21.794s] -- Installing: /home/bizare/Desktop/cw2_team_14/install/cw2_world_spawner/share/cw2_world_spawner/srv/Task3Service.idl
[21.794s] -- Installing: /home/bizare/Desktop/cw2_team_14/install/cw2_world_spawner/share/cw2_world_spawner/srv/TaskSetup.srv
[21.794s] -- Installing: /home/bizare/Desktop/cw2_team_14/install/cw2_world_spawner/share/cw2_world_spawner/srv/TaskSetup_Request.msg
[21.794s] -- Installing: /home/bizare/Desktop/cw2_team_14/install/cw2_world_spawner/share/cw2_world_spawner/srv/TaskSetup_Response.msg
[21.794s] -- Installing: /home/bizare/Desktop/cw2_team_14/install/cw2_world_spawner/share/cw2_world_spawner/srv/Task1Service.srv
[21.794s] -- Installing: /home/bizare/Desktop/cw2_team_14/install/cw2_world_spawner/share/cw2_world_spawner/srv/Task1Service_Request.msg
[21.794s] -- Installing: /home/bizare/Desktop/cw2_team_14/install/cw2_world_spawner/share/cw2_world_spawner/srv/Task1Service_Response.msg
[21.794s] -- Installing: /home/bizare/Desktop/cw2_team_14/install/cw2_world_spawner/share/cw2_world_spawner/srv/Task2Service.srv
[21.794s] -- Installing: /home/bizare/Desktop/cw2_team_14/install/cw2_world_spawner/share/cw2_world_spawner/srv/Task2Service_Request.msg
[21.794s] -- Installing: /home/bizare/Desktop/cw2_team_14/install/cw2_world_spawner/share/cw2_world_spawner/srv/Task2Service_Response.msg
[21.794s] -- Installing: /home/bizare/Desktop/cw2_team_14/install/cw2_world_spawner/share/cw2_world_spawner/srv/Task3Service.srv
[21.794s] -- Installing: /home/bizare/Desktop/cw2_team_14/install/cw2_world_spawner/share/cw2_world_spawner/srv/Task3Service_Request.msg
[21.794s] -- Installing: /home/bizare/Desktop/cw2_team_14/install/cw2_world_spawner/share/cw2_world_spawner/srv/Task3Service_Response.msg
[21.795s] -- Installing: /home/bizare/Desktop/cw2_team_14/install/cw2_world_spawner/local/lib/python3.10/dist-packages/cw2_world_spawner_lib-0.1.0-py3.10.egg-info
[21.795s] -- Installing: /home/bizare/Desktop/cw2_team_14/install/cw2_world_spawner/local/lib/python3.10/dist-packages/cw2_world_spawner_lib-0.1.0-py3.10.egg-info/SOURCES.txt
[21.795s] -- Installing: /home/bizare/Desktop/cw2_team_14/install/cw2_world_spawner/local/lib/python3.10/dist-packages/cw2_world_spawner_lib-0.1.0-py3.10.egg-info/dependency_links.txt
[21.795s] -- Installing: /home/bizare/Desktop/cw2_team_14/install/cw2_world_spawner/local/lib/python3.10/dist-packages/cw2_world_spawner_lib-0.1.0-py3.10.egg-info/PKG-INFO
[21.795s] -- Installing: /home/bizare/Desktop/cw2_team_14/install/cw2_world_spawner/local/lib/python3.10/dist-packages/cw2_world_spawner_lib-0.1.0-py3.10.egg-info/top_level.txt
[21.795s] -- Installing: /home/bizare/Desktop/cw2_team_14/install/cw2_world_spawner/local/lib/python3.10/dist-packages/cw2_world_spawner_lib
[21.795s] -- Installing: /home/bizare/Desktop/cw2_team_14/install/cw2_world_spawner/local/lib/python3.10/dist-packages/cw2_world_spawner_lib/__init__.py
[21.795s] -- Installing: /home/bizare/Desktop/cw2_team_14/install/cw2_world_spawner/local/lib/python3.10/dist-packages/cw2_world_spawner_lib/coursework_world_spawner.py
[21.882s] Listing '/home/bizare/Desktop/cw2_team_14/install/cw2_world_spawner/local/lib/python3.10/dist-packages/cw2_world_spawner_lib'...
[21.882s] Compiling '/home/bizare/Desktop/cw2_team_14/install/cw2_world_spawner/local/lib/python3.10/dist-packages/cw2_world_spawner_lib/__init__.py'...
[21.882s] Compiling '/home/bizare/Desktop/cw2_team_14/install/cw2_world_spawner/local/lib/python3.10/dist-packages/cw2_world_spawner_lib/coursework_world_spawner.py'...
[21.892s] -- Installing: /home/bizare/Desktop/cw2_team_14/install/cw2_world_spawner/lib/cw2_world_spawner/world_spawner.py
[21.892s] -- Installing: /home/bizare/Desktop/cw2_team_14/install/cw2_world_spawner/share/cw2_world_spawner/models
[21.892s] -- Installing: /home/bizare/Desktop/cw2_team_14/install/cw2_world_spawner/share/cw2_world_spawner/models/cross_red_20mm
[21.893s] -- Installing: /home/bizare/Desktop/cw2_team_14/install/cw2_world_spawner/share/cw2_world_spawner/models/cross_red_20mm/cross_20mm_40H.STL
[21.893s] -- Installing: /home/bizare/Desktop/cw2_team_14/install/cw2_world_spawner/share/cw2_world_spawner/models/cross_red_20mm/model.config
[21.893s] -- Installing: /home/bizare/Desktop/cw2_team_14/install/cw2_world_spawner/share/cw2_world_spawner/models/cross_red_20mm/model.sdf
[21.893s] -- Installing: /home/bizare/Desktop/cw2_team_14/install/cw2_world_spawner/share/cw2_world_spawner/models/cross_red_20mm/cross_40mm.STL
[21.894s] -- Installing: /home/bizare/Desktop/cw2_team_14/install/cw2_world_spawner/share/cw2_world_spawner/models/nought_purple_20mm
[21.894s] -- Installing: /home/bizare/Desktop/cw2_team_14/install/cw2_world_spawner/share/cw2_world_spawner/models/nought_purple_20mm/model.config
[21.894s] -- Installing: /home/bizare/Desktop/cw2_team_14/install/cw2_world_spawner/share/cw2_world_spawner/models/nought_purple_20mm/nought_20mm_40H.STL
[21.894s] -- Installing: /home/bizare/Desktop/cw2_team_14/install/cw2_world_spawner/share/cw2_world_spawner/models/nought_purple_20mm/model.sdf
[21.894s] -- Installing: /home/bizare/Desktop/cw2_team_14/install/cw2_world_spawner/share/cw2_world_spawner/models/cross_blue_40mm
[21.894s] -- Installing: /home/bizare/Desktop/cw2_team_14/install/cw2_world_spawner/share/cw2_world_spawner/models/cross_blue_40mm/model.config
[21.894s] -- Installing: /home/bizare/Desktop/cw2_team_14/install/cw2_world_spawner/share/cw2_world_spawner/models/cross_blue_40mm/model.sdf
[21.894s] -- Installing: /home/bizare/Desktop/cw2_team_14/install/cw2_world_spawner/share/cw2_world_spawner/models/cross_blue_40mm/cross_40mm.STL
[21.899s] -- Installing: /home/bizare/Desktop/cw2_team_14/install/cw2_world_spawner/share/cw2_world_spawner/models/all_tiles
[21.899s] -- Installing: /home/bizare/Desktop/cw2_team_14/install/cw2_world_spawner/share/cw2_world_spawner/models/all_tiles/model.config
[21.899s] -- Installing: /home/bizare/Desktop/cw2_team_14/install/cw2_world_spawner/share/cw2_world_spawner/models/all_tiles/model.sdf.xmacro
[21.900s] -- Installing: /home/bizare/Desktop/cw2_team_14/install/cw2_world_spawner/share/cw2_world_spawner/models/all_tiles/model.sdf
[21.900s] -- Installing: /home/bizare/Desktop/cw2_team_14/install/cw2_world_spawner/share/cw2_world_spawner/models/nought_purple_40mm
[21.900s] -- Installing: /home/bizare/Desktop/cw2_team_14/install/cw2_world_spawner/share/cw2_world_spawner/models/nought_purple_40mm/nought_40mm.STL
[21.900s] -- Installing: /home/bizare/Desktop/cw2_team_14/install/cw2_world_spawner/share/cw2_world_spawner/models/nought_purple_40mm/model.config
[21.900s] -- Installing: /home/bizare/Desktop/cw2_team_14/install/cw2_world_spawner/share/cw2_world_spawner/models/nought_purple_40mm/model.sdf
[21.900s] -- Installing: /home/bizare/Desktop/cw2_team_14/install/cw2_world_spawner/share/cw2_world_spawner/models/nought_blue_30mm
[21.900s] -- Installing: /home/bizare/Desktop/cw2_team_14/install/cw2_world_spawner/share/cw2_world_spawner/models/nought_blue_30mm/model.config
[21.900s] -- Installing: /home/bizare/Desktop/cw2_team_14/install/cw2_world_spawner/share/cw2_world_spawner/models/nought_blue_30mm/nought_30mm_40H.STL
[21.900s] -- Installing: /home/bizare/Desktop/cw2_team_14/install/cw2_world_spawner/share/cw2_world_spawner/models/nought_blue_30mm/model.sdf
[21.900s] -- Installing: /home/bizare/Desktop/cw2_team_14/install/cw2_world_spawner/share/cw2_world_spawner/models/obstacle_4
[21.900s] -- Installing: /home/bizare/Desktop/cw2_team_14/install/cw2_world_spawner/share/cw2_world_spawner/models/obstacle_4/model.config
[21.900s] -- Installing: /home/bizare/Desktop/cw2_team_14/install/cw2_world_spawner/share/cw2_world_spawner/models/obstacle_4/model.sdf
[21.901s] -- Installing: /home/bizare/Desktop/cw2_team_14/install/cw2_world_spawner/share/cw2_world_spawner/models/basket
[21.901s] -- Installing: /home/bizare/Desktop/cw2_team_14/install/cw2_world_spawner/share/cw2_world_spawner/models/basket/model.config
[21.901s] -- Installing: /home/bizare/Desktop/cw2_team_14/install/cw2_world_spawner/share/cw2_world_spawner/models/basket/model.sdf.xmacro
[21.901s] -- Installing: /home/bizare/Desktop/cw2_team_14/install/cw2_world_spawner/share/cw2_world_spawner/models/basket/model.sdf
[21.901s] -- Installing: /home/bizare/Desktop/cw2_team_14/install/cw2_world_spawner/share/cw2_world_spawner/models/obstacle_3
[21.901s] -- Installing: /home/bizare/Desktop/cw2_team_14/install/cw2_world_spawner/share/cw2_world_spawner/models/obstacle_3/model.config
[21.902s] -- Installing: /home/bizare/Desktop/cw2_team_14/install/cw2_world_spawner/share/cw2_world_spawner/models/obstacle_3/model.sdf
[21.905s] -- Installing: /home/bizare/Desktop/cw2_team_14/install/cw2_world_spawner/share/cw2_world_spawner/models/nought_blue_20mm
[21.905s] -- Installing: /home/bizare/Desktop/cw2_team_14/install/cw2_world_spawner/share/cw2_world_spawner/models/nought_blue_20mm/model.config
[21.905s] -- Installing: /home/bizare/Desktop/cw2_team_14/install/cw2_world_spawner/share/cw2_world_spawner/models/nought_blue_20mm/nought_20mm_40H.STL
[21.905s] -- Installing: /home/bizare/Desktop/cw2_team_14/install/cw2_world_spawner/share/cw2_world_spawner/models/nought_blue_20mm/model.sdf
[21.905s] -- Installing: /home/bizare/Desktop/cw2_team_14/install/cw2_world_spawner/share/cw2_world_spawner/models/nought_blue_40mm
[21.905s] -- Installing: /home/bizare/Desktop/cw2_team_14/install/cw2_world_spawner/share/cw2_world_spawner/models/nought_blue_40mm/nought_40mm.STL
[21.905s] -- Installing: /home/bizare/Desktop/cw2_team_14/install/cw2_world_spawner/share/cw2_world_spawner/models/nought_blue_40mm/model.config
[21.905s] -- Installing: /home/bizare/Desktop/cw2_team_14/install/cw2_world_spawner/share/cw2_world_spawner/models/nought_blue_40mm/model.sdf
[21.905s] -- Installing: /home/bizare/Desktop/cw2_team_14/install/cw2_world_spawner/share/cw2_world_spawner/models/cross_red_40mm
[21.905s] -- Installing: /home/bizare/Desktop/cw2_team_14/install/cw2_world_spawner/share/cw2_world_spawner/models/cross_red_40mm/model.config
[21.906s] -- Installing: /home/bizare/Desktop/cw2_team_14/install/cw2_world_spawner/share/cw2_world_spawner/models/cross_red_40mm/model.sdf
[21.906s] -- Installing: /home/bizare/Desktop/cw2_team_14/install/cw2_world_spawner/share/cw2_world_spawner/models/cross_red_40mm/cross_40mm.STL
[21.906s] -- Installing: /home/bizare/Desktop/cw2_team_14/install/cw2_world_spawner/share/cw2_world_spawner/models/cross_purple_30mm
[21.907s] -- Installing: /home/bizare/Desktop/cw2_team_14/install/cw2_world_spawner/share/cw2_world_spawner/models/cross_purple_30mm/model.config
[21.907s] -- Installing: /home/bizare/Desktop/cw2_team_14/install/cw2_world_spawner/share/cw2_world_spawner/models/cross_purple_30mm/cross_30mm_40H.STL
[21.907s] -- Installing: /home/bizare/Desktop/cw2_team_14/install/cw2_world_spawner/share/cw2_world_spawner/models/cross_purple_30mm/model.sdf
[21.907s] -- Installing: /home/bizare/Desktop/cw2_team_14/install/cw2_world_spawner/share/cw2_world_spawner/models/cross_red_30mm
[21.908s] -- Installing: /home/bizare/Desktop/cw2_team_14/install/cw2_world_spawner/share/cw2_world_spawner/models/cross_red_30mm/model.config
[21.908s] -- Installing: /home/bizare/Desktop/cw2_team_14/install/cw2_world_spawner/share/cw2_world_spawner/models/cross_red_30mm/cross_30mm_40H.STL
[21.908s] -- Installing: /home/bizare/Desktop/cw2_team_14/install/cw2_world_spawner/share/cw2_world_spawner/models/cross_red_30mm/model.sdf
[21.910s] -- Installing: /home/bizare/Desktop/cw2_team_14/install/cw2_world_spawner/share/cw2_world_spawner/models/nought_red_30mm
[21.910s] -- Installing: /home/bizare/Desktop/cw2_team_14/install/cw2_world_spawner/share/cw2_world_spawner/models/nought_red_30mm/model.config
[21.910s] -- Installing: /home/bizare/Desktop/cw2_team_14/install/cw2_world_spawner/share/cw2_world_spawner/models/nought_red_30mm/nought_30mm_40H.STL
[21.910s] -- Installing: /home/bizare/Desktop/cw2_team_14/install/cw2_world_spawner/share/cw2_world_spawner/models/nought_red_30mm/model.sdf
[21.910s] -- Installing: /home/bizare/Desktop/cw2_team_14/install/cw2_world_spawner/share/cw2_world_spawner/models/nought_purple_30mm
[21.910s] -- Installing: /home/bizare/Desktop/cw2_team_14/install/cw2_world_spawner/share/cw2_world_spawner/models/nought_purple_30mm/model.config
[21.911s] -- Installing: /home/bizare/Desktop/cw2_team_14/install/cw2_world_spawner/share/cw2_world_spawner/models/nought_purple_30mm/nought_30mm_40H.STL
[21.911s] -- Installing: /home/bizare/Desktop/cw2_team_14/install/cw2_world_spawner/share/cw2_world_spawner/models/nought_purple_30mm/model.sdf
[21.911s] -- Installing: /home/bizare/Desktop/cw2_team_14/install/cw2_world_spawner/share/cw2_world_spawner/models/cross_blue_20mm
[21.911s] -- Installing: /home/bizare/Desktop/cw2_team_14/install/cw2_world_spawner/share/cw2_world_spawner/models/cross_blue_20mm/cross_20mm_40H.STL
[21.911s] -- Installing: /home/bizare/Desktop/cw2_team_14/install/cw2_world_spawner/share/cw2_world_spawner/models/cross_blue_20mm/model.config
[21.915s] -- Installing: /home/bizare/Desktop/cw2_team_14/install/cw2_world_spawner/share/cw2_world_spawner/models/cross_blue_20mm/model.sdf
[21.915s] -- Installing: /home/bizare/Desktop/cw2_team_14/install/cw2_world_spawner/share/cw2_world_spawner/models/cross_blue_20mm/cross_40mm.STL
[21.915s] -- Installing: /home/bizare/Desktop/cw2_team_14/install/cw2_world_spawner/share/cw2_world_spawner/models/obstacle_1
[21.915s] -- Installing: /home/bizare/Desktop/cw2_team_14/install/cw2_world_spawner/share/cw2_world_spawner/models/obstacle_1/model.config
[21.915s] -- Installing: /home/bizare/Desktop/cw2_team_14/install/cw2_world_spawner/share/cw2_world_spawner/models/obstacle_1/model.sdf
[21.915s] -- Installing: /home/bizare/Desktop/cw2_team_14/install/cw2_world_spawner/share/cw2_world_spawner/models/obstacle_2
[21.915s] -- Installing: /home/bizare/Desktop/cw2_team_14/install/cw2_world_spawner/share/cw2_world_spawner/models/obstacle_2/model.config
[21.915s] -- Installing: /home/bizare/Desktop/cw2_team_14/install/cw2_world_spawner/share/cw2_world_spawner/models/obstacle_2/model.sdf
[21.915s] -- Installing: /home/bizare/Desktop/cw2_team_14/install/cw2_world_spawner/share/cw2_world_spawner/models/nought_red_20mm
[21.915s] -- Installing: /home/bizare/Desktop/cw2_team_14/install/cw2_world_spawner/share/cw2_world_spawner/models/nought_red_20mm/model.config
[21.915s] -- Installing: /home/bizare/Desktop/cw2_team_14/install/cw2_world_spawner/share/cw2_world_spawner/models/nought_red_20mm/nought_20mm_40H.STL
[21.916s] -- Installing: /home/bizare/Desktop/cw2_team_14/install/cw2_world_spawner/share/cw2_world_spawner/models/nought_red_20mm/model.sdf
[21.916s] -- Installing: /home/bizare/Desktop/cw2_team_14/install/cw2_world_spawner/share/cw2_world_spawner/models/cross_blue_30mm
[21.916s] -- Installing: /home/bizare/Desktop/cw2_team_14/install/cw2_world_spawner/share/cw2_world_spawner/models/cross_blue_30mm/model.config
[21.919s] -- Installing: /home/bizare/Desktop/cw2_team_14/install/cw2_world_spawner/share/cw2_world_spawner/models/cross_blue_30mm/cross_30mm_40H.STL
[21.920s] -- Installing: /home/bizare/Desktop/cw2_team_14/install/cw2_world_spawner/share/cw2_world_spawner/models/cross_blue_30mm/model.sdf
[21.920s] -- Installing: /home/bizare/Desktop/cw2_team_14/install/cw2_world_spawner/share/cw2_world_spawner/models/cross_purple_20mm
[21.920s] -- Installing: /home/bizare/Desktop/cw2_team_14/install/cw2_world_spawner/share/cw2_world_spawner/models/cross_purple_20mm/cross_20mm_40H.STL
[21.920s] -- Installing: /home/bizare/Desktop/cw2_team_14/install/cw2_world_spawner/share/cw2_world_spawner/models/cross_purple_20mm/model.config
[21.920s] -- Installing: /home/bizare/Desktop/cw2_team_14/install/cw2_world_spawner/share/cw2_world_spawner/models/cross_purple_20mm/model.sdf
[21.920s] -- Installing: /home/bizare/Desktop/cw2_team_14/install/cw2_world_spawner/share/cw2_world_spawner/models/cross_purple_20mm/cross_40mm.STL
[21.920s] -- Installing: /home/bizare/Desktop/cw2_team_14/install/cw2_world_spawner/share/cw2_world_spawner/models/cross_purple_40mm
[21.920s] -- Installing: /home/bizare/Desktop/cw2_team_14/install/cw2_world_spawner/share/cw2_world_spawner/models/cross_purple_40mm/model.config
[21.923s] -- Installing: /home/bizare/Desktop/cw2_team_14/install/cw2_world_spawner/share/cw2_world_spawner/models/cross_purple_40mm/model.sdf
[21.923s] -- Installing: /home/bizare/Desktop/cw2_team_14/install/cw2_world_spawner/share/cw2_world_spawner/models/cross_purple_40mm/cross_40mm.STL
[21.923s] -- Installing: /home/bizare/Desktop/cw2_team_14/install/cw2_world_spawner/share/cw2_world_spawner/models/nought_red_40mm
[21.923s] -- Installing: /home/bizare/Desktop/cw2_team_14/install/cw2_world_spawner/share/cw2_world_spawner/models/nought_red_40mm/nought_40mm.STL
[21.923s] -- Installing: /home/bizare/Desktop/cw2_team_14/install/cw2_world_spawner/share/cw2_world_spawner/models/nought_red_40mm/model.config
[21.923s] -- Installing: /home/bizare/Desktop/cw2_team_14/install/cw2_world_spawner/share/cw2_world_spawner/models/nought_red_40mm/model.sdf
[21.923s] -- Installing: /home/bizare/Desktop/cw2_team_14/install/cw2_world_spawner/share/cw2_world_spawner/launch
[21.923s] -- Installing: /home/bizare/Desktop/cw2_team_14/install/cw2_world_spawner/share/cw2_world_spawner/launch/world_spawner.launch.py
[21.927s] -- Installing: /home/bizare/Desktop/cw2_team_14/install/cw2_world_spawner/share/ament_index/resource_index/package_run_dependencies/cw2_world_spawner
[21.927s] -- Installing: /home/bizare/Desktop/cw2_team_14/install/cw2_world_spawner/share/ament_index/resource_index/parent_prefix_path/cw2_world_spawner
[21.927s] -- Installing: /home/bizare/Desktop/cw2_team_14/install/cw2_world_spawner/share/cw2_world_spawner/environment/ament_prefix_path.sh
[21.927s] -- Installing: /home/bizare/Desktop/cw2_team_14/install/cw2_world_spawner/share/cw2_world_spawner/environment/ament_prefix_path.dsv
[21.927s] -- Installing: /home/bizare/Desktop/cw2_team_14/install/cw2_world_spawner/share/cw2_world_spawner/environment/path.sh
[21.927s] -- Installing: /home/bizare/Desktop/cw2_team_14/install/cw2_world_spawner/share/cw2_world_spawner/environment/path.dsv
[21.928s] -- Installing: /home/bizare/Desktop/cw2_team_14/install/cw2_world_spawner/share/cw2_world_spawner/local_setup.bash
[21.928s] -- Installing: /home/bizare/Desktop/cw2_team_14/install/cw2_world_spawner/share/cw2_world_spawner/local_setup.sh
[21.928s] -- Installing: /home/bizare/Desktop/cw2_team_14/install/cw2_world_spawner/share/cw2_world_spawner/local_setup.zsh
[21.928s] -- Installing: /home/bizare/Desktop/cw2_team_14/install/cw2_world_spawner/share/cw2_world_spawner/local_setup.dsv
[21.933s] -- Installing: /home/bizare/Desktop/cw2_team_14/install/cw2_world_spawner/share/cw2_world_spawner/package.dsv
[21.933s] -- Installing: /home/bizare/Desktop/cw2_team_14/install/cw2_world_spawner/share/ament_index/resource_index/packages/cw2_world_spawner
[21.933s] -- Installing: /home/bizare/Desktop/cw2_team_14/install/cw2_world_spawner/share/cw2_world_spawner/cmake/export_cw2_world_spawner__rosidl_generator_cExport.cmake
[21.933s] -- Installing: /home/bizare/Desktop/cw2_team_14/install/cw2_world_spawner/share/cw2_world_spawner/cmake/export_cw2_world_spawner__rosidl_generator_cExport-noconfig.cmake
[21.933s] -- Installing: /home/bizare/Desktop/cw2_team_14/install/cw2_world_spawner/share/cw2_world_spawner/cmake/export_cw2_world_spawner__rosidl_typesupport_fastrtps_cExport.cmake
[21.933s] -- Installing: /home/bizare/Desktop/cw2_team_14/install/cw2_world_spawner/share/cw2_world_spawner/cmake/export_cw2_world_spawner__rosidl_typesupport_fastrtps_cExport-noconfig.cmake
[21.933s] -- Installing: /home/bizare/Desktop/cw2_team_14/install/cw2_world_spawner/share/cw2_world_spawner/cmake/cw2_world_spawner__rosidl_typesupport_introspection_cExport.cmake
[21.933s] -- Installing: /home/bizare/Desktop/cw2_team_14/install/cw2_world_spawner/share/cw2_world_spawner/cmake/cw2_world_spawner__rosidl_typesupport_introspection_cExport-noconfig.cmake
[21.933s] -- Installing: /home/bizare/Desktop/cw2_team_14/install/cw2_world_spawner/share/cw2_world_spawner/cmake/cw2_world_spawner__rosidl_typesupport_cExport.cmake
[21.933s] -- Installing: /home/bizare/Desktop/cw2_team_14/install/cw2_world_spawner/share/cw2_world_spawner/cmake/cw2_world_spawner__rosidl_typesupport_cExport-noconfig.cmake
[21.934s] -- Installing: /home/bizare/Desktop/cw2_team_14/install/cw2_world_spawner/share/cw2_world_spawner/cmake/export_cw2_world_spawner__rosidl_generator_cppExport.cmake
[21.938s] -- Installing: /home/bizare/Desktop/cw2_team_14/install/cw2_world_spawner/share/cw2_world_spawner/cmake/export_cw2_world_spawner__rosidl_typesupport_fastrtps_cppExport.cmake
[21.938s] -- Installing: /home/bizare/Desktop/cw2_team_14/install/cw2_world_spawner/share/cw2_world_spawner/cmake/export_cw2_world_spawner__rosidl_typesupport_fastrtps_cppExport-noconfig.cmake
[21.939s] -- Installing: /home/bizare/Desktop/cw2_team_14/install/cw2_world_spawner/share/cw2_world_spawner/cmake/cw2_world_spawner__rosidl_typesupport_introspection_cppExport.cmake
[21.939s] -- Installing: /home/bizare/Desktop/cw2_team_14/install/cw2_world_spawner/share/cw2_world_spawner/cmake/cw2_world_spawner__rosidl_typesupport_introspection_cppExport-noconfig.cmake
[21.940s] -- Installing: /home/bizare/Desktop/cw2_team_14/install/cw2_world_spawner/share/cw2_world_spawner/cmake/cw2_world_spawner__rosidl_typesupport_cppExport.cmake
[21.940s] -- Installing: /home/bizare/Desktop/cw2_team_14/install/cw2_world_spawner/share/cw2_world_spawner/cmake/cw2_world_spawner__rosidl_typesupport_cppExport-noconfig.cmake
[21.941s] -- Installing: /home/bizare/Desktop/cw2_team_14/install/cw2_world_spawner/share/cw2_world_spawner/cmake/export_cw2_world_spawner__rosidl_generator_pyExport.cmake
[21.945s] -- Installing: /home/bizare/Desktop/cw2_team_14/install/cw2_world_spawner/share/cw2_world_spawner/cmake/export_cw2_world_spawner__rosidl_generator_pyExport-noconfig.cmake
[21.945s] -- Installing: /home/bizare/Desktop/cw2_team_14/install/cw2_world_spawner/share/cw2_world_spawner/cmake/rosidl_cmake-extras.cmake
[21.945s] -- Installing: /home/bizare/Desktop/cw2_team_14/install/cw2_world_spawner/share/cw2_world_spawner/cmake/ament_cmake_export_dependencies-extras.cmake
[21.945s] -- Installing: /home/bizare/Desktop/cw2_team_14/install/cw2_world_spawner/share/cw2_world_spawner/cmake/ament_cmake_export_include_directories-extras.cmake
[21.945s] -- Installing: /home/bizare/Desktop/cw2_team_14/install/cw2_world_spawner/share/cw2_world_spawner/cmake/ament_cmake_export_libraries-extras.cmake
[21.945s] -- Installing: /home/bizare/Desktop/cw2_team_14/install/cw2_world_spawner/share/cw2_world_spawner/cmake/ament_cmake_export_targets-extras.cmake
[21.945s] -- Installing: /home/bizare/Desktop/cw2_team_14/install/cw2_world_spawner/share/cw2_world_spawner/cmake/rosidl_cmake_export_typesupport_targets-extras.cmake
[21.945s] -- Installing: /home/bizare/Desktop/cw2_team_14/install/cw2_world_spawner/share/cw2_world_spawner/cmake/rosidl_cmake_export_typesupport_libraries-extras.cmake
[21.945s] -- Installing: /home/bizare/Desktop/cw2_team_14/install/cw2_world_spawner/share/cw2_world_spawner/cmake/cw2_world_spawnerConfig.cmake
[21.951s] -- Installing: /home/bizare/Desktop/cw2_team_14/install/cw2_world_spawner/share/cw2_world_spawner/cmake/cw2_world_spawnerConfig-version.cmake
[21.951s] -- Installing: /home/bizare/Desktop/cw2_team_14/install/cw2_world_spawner/share/cw2_world_spawner/package.xml
[21.957s] Invoked command in '/home/bizare/Desktop/cw2_team_14/build/cw2_world_spawner' returned '0': CMAKE_PREFIX_PATH=${CMAKE_PREFIX_PATH}:/opt/ros/humble /usr/bin/cmake --install /home/bizare/Desktop/cw2_team_14/build/cw2_world_spawner
