[0.017s] Invoking command in '/home/bizare/Desktop/cw2_team_14/build/cw2_team_14': CMAKE_PREFIX_PATH=/home/bizare/Desktop/cw2_team_14/install/cw2_world_spawner:/home/bizare/Desktop/cw2_team_14/install/rpl_panda_with_rs:/home/bizare/Desktop/cw2_team_14/install/realsense_gazebo_plugin:/home/bizare/Desktop/cw2_team_14/install/panda_moveit_config:/home/bizare/Desktop/cw2_team_14/install/panda_description:/home/bizare/Desktop/cw2_team_14/install/cw2_team_14:/home/bizare/Desktop/cw2_team_14/install/cw1_world_spawner:/opt/ros/humble LD_LIBRARY_PATH=/home/bizare/Desktop/cw2_team_14/install/cw2_world_spawner/lib:/home/bizare/Desktop/cw2_team_14/install/realsense_gazebo_plugin/lib:/home/bizare/Desktop/cw2_team_14/install/cw2_team_14/lib:/home/bizare/Desktop/cw2_team_14/install/cw1_world_spawner/lib:/usr/lib/x86_64-linux-gnu/gazebo-11/plugins:/opt/ros/humble/opt/rviz_ogre_vendor/lib:/opt/ros/humble/lib/x86_64-linux-gnu:/opt/ros/humble/lib /usr/bin/cmake --build /home/bizare/Desktop/cw2_team_14/build/cw2_team_14 -- -j2 -l2
[0.084s] [  8%] Built target cw2_team_14__rosidl_generator_c
[0.086s] [ 11%] Built target cw2_team_14__cpp
[0.115s] [ 20%] Built target cw2_team_14__rosidl_typesupport_cpp
[0.119s] [ 20%] Built target ament_cmake_python_copy_cw2_team_14
[0.145s] [ 28%] Built target cw2_team_14__rosidl_typesupport_fastrtps_c
[0.147s] [ 37%] Built target cw2_team_14__rosidl_typesupport_introspection_c
[0.179s] [ 45%] Built target cw2_team_14__rosidl_typesupport_fastrtps_cpp
[0.180s] [ 54%] Built target cw2_team_14__rosidl_typesupport_c
[0.202s] [ 62%] Built target cw2_team_14__rosidl_typesupport_introspection_cpp
[0.222s] [35m[1mConsolidate compiler generated dependencies of target cw2_team_14_cw2_class_lib[0m
[0.250s] [ 65%] [32mBuilding CXX object CMakeFiles/cw2_team_14_cw2_class_lib.dir/src/cw2_class.cpp.o[0m
[0.456s] running egg_info
[0.456s] writing cw2_team_14.egg-info/PKG-INFO
[0.460s] writing dependency_links to cw2_team_14.egg-info/dependency_links.txt
[0.460s] writing top-level names to cw2_team_14.egg-info/top_level.txt
[0.460s] reading manifest file 'cw2_team_14.egg-info/SOURCES.txt'
[0.461s] writing manifest file 'cw2_team_14.egg-info/SOURCES.txt'
[0.485s] [ 65%] Built target ament_cmake_python_build_cw2_team_14_egg
[0.512s] [ 65%] Built target cw2_team_14
[0.531s] [ 68%] Built target cw2_team_14__py
[0.556s] [ 74%] Built target cw2_team_14__rosidl_generator_py
[0.574s] [ 80%] Built target cw2_team_14__rosidl_typesupport_fastrtps_c__pyext
[0.626s] [ 85%] Built target cw2_team_14__rosidl_typesupport_introspection_c__pyext
[0.678s] [ 91%] Built target cw2_team_14__rosidl_typesupport_c__pyext
[6.501s] In file included from [01m[K/home/bizare/Desktop/cw2_team_14/src/courseworks/cw2_team_14/src/cw2_class.cpp:6[m[K:
[6.501s] [01m[K/home/bizare/Desktop/cw2_team_14/src/courseworks/cw2_team_14/include/cw2_class.h:85:24:[m[K [01;31m[Kerror: [m[Kexpected ‘[01m[K;[m[K’ at end of member declaration
[6.501s]    85 |     double min_fraction[01;31m[K)[m[K
[6.501s]       |                        [01;31m[K^[m[K
[6.502s]       |                         [32m[K;[m[K
[6.581s] [01m[K/home/bizare/Desktop/cw2_team_14/src/courseworks/cw2_team_14/src/cw2_class.cpp:[m[K In member function ‘[01m[Kbool cw2::execute_cartesian_path(moveit::planning_interface::MoveGroupInterface&, const std::vector<geometry_msgs::msg::Pose_<std::allocator<void> > >&, double)[m[K’:
[6.581s] [01m[K/home/bizare/Desktop/cw2_team_14/src/courseworks/cw2_team_14/src/cw2_class.cpp:218:5:[m[K [01;31m[Kerror: [m[K‘[01m[Kcartesian_eef_step_[m[K’ was not declared in this scope
[6.581s]   218 |     [01;31m[Kcartesian_eef_step_[m[K,
[6.581s]       |     [01;31m[K^~~~~~~~~~~~~~~~~~~[m[K
[6.602s] [01m[K/home/bizare/Desktop/cw2_team_14/src/courseworks/cw2_team_14/src/cw2_class.cpp:219:5:[m[K [01;31m[Kerror: [m[K‘[01m[Kcartesian_jump_threshold_[m[K’ was not declared in this scope; did you mean ‘[01m[Krcl_jump_threshold_t[m[K’?
[6.602s]   219 |     [01;31m[Kcartesian_jump_threshold_[m[K,
[6.602s]       |     [01;31m[K^~~~~~~~~~~~~~~~~~~~~~~~~[m[K
[6.602s]       |     [32m[Krcl_jump_threshold_t[m[K
[11.782s] gmake[2]: *** [CMakeFiles/cw2_team_14_cw2_class_lib.dir/build.make:76: CMakeFiles/cw2_team_14_cw2_class_lib.dir/src/cw2_class.cpp.o] Error 1
[11.783s] gmake[1]: *** [CMakeFiles/Makefile2:595: CMakeFiles/cw2_team_14_cw2_class_lib.dir/all] Error 2
[11.783s] gmake: *** [Makefile:146: all] Error 2
[11.787s] Invoked command in '/home/bizare/Desktop/cw2_team_14/build/cw2_team_14' returned '2': CMAKE_PREFIX_PATH=/home/bizare/Desktop/cw2_team_14/install/cw2_world_spawner:/home/bizare/Desktop/cw2_team_14/install/rpl_panda_with_rs:/home/bizare/Desktop/cw2_team_14/install/realsense_gazebo_plugin:/home/bizare/Desktop/cw2_team_14/install/panda_moveit_config:/home/bizare/Desktop/cw2_team_14/install/panda_description:/home/bizare/Desktop/cw2_team_14/install/cw2_team_14:/home/bizare/Desktop/cw2_team_14/install/cw1_world_spawner:/opt/ros/humble LD_LIBRARY_PATH=/home/bizare/Desktop/cw2_team_14/install/cw2_world_spawner/lib:/home/bizare/Desktop/cw2_team_14/install/realsense_gazebo_plugin/lib:/home/bizare/Desktop/cw2_team_14/install/cw2_team_14/lib:/home/bizare/Desktop/cw2_team_14/install/cw1_world_spawner/lib:/usr/lib/x86_64-linux-gnu/gazebo-11/plugins:/opt/ros/humble/opt/rviz_ogre_vendor/lib:/opt/ros/humble/lib/x86_64-linux-gnu:/opt/ros/humble/lib /usr/bin/cmake --build /home/bizare/Desktop/cw2_team_14/build/cw2_team_14 -- -j2 -l2
