[0.017s] Invoking command in '/home/bizare/Desktop/cw2_team_14/build/cw2_team_14': CMAKE_PREFIX_PATH=/home/bizare/Desktop/cw2_team_14/install/cw2_world_spawner:/home/bizare/Desktop/cw2_team_14/install/rpl_panda_with_rs:/home/bizare/Desktop/cw2_team_14/install/realsense_gazebo_plugin:/home/bizare/Desktop/cw2_team_14/install/panda_moveit_config:/home/bizare/Desktop/cw2_team_14/install/panda_description:/home/bizare/Desktop/cw2_team_14/install/cw2_team_14:/home/bizare/Desktop/cw2_team_14/install/cw1_world_spawner:/opt/ros/humble LD_LIBRARY_PATH=/home/bizare/Desktop/cw2_team_14/install/cw2_world_spawner/lib:/home/bizare/Desktop/cw2_team_14/install/realsense_gazebo_plugin/lib:/home/bizare/Desktop/cw2_team_14/install/cw2_team_14/lib:/home/bizare/Desktop/cw2_team_14/install/cw1_world_spawner/lib:/usr/lib/x86_64-linux-gnu/gazebo-11/plugins:/opt/ros/humble/opt/rviz_ogre_vendor/lib:/opt/ros/humble/lib/x86_64-linux-gnu:/opt/ros/humble/lib /usr/bin/cmake --build /home/bizare/Desktop/cw2_team_14/build/cw2_team_14 -- -j2 -l2
[0.124s] [  2%] Built target cw2_team_14__cpp
[0.126s] [ 11%] Built target cw2_team_14__rosidl_generator_c
[0.166s] [ 20%] Built target cw2_team_14__rosidl_typesupport_cpp
[0.187s] [ 20%] Built target ament_cmake_python_copy_cw2_team_14
[0.200s] [ 28%] Built target cw2_team_14__rosidl_typesupport_fastrtps_c
[0.227s] [ 37%] Built target cw2_team_14__rosidl_typesupport_introspection_c
[0.234s] [ 45%] Built target cw2_team_14__rosidl_typesupport_c
[0.270s] [ 54%] Built target cw2_team_14__rosidl_typesupport_introspection_cpp
[0.270s] [ 62%] Built target cw2_team_14__rosidl_typesupport_fastrtps_cpp
[0.310s] [35m[1mConsolidate compiler generated dependencies of target cw2_team_14_cw2_class_lib[0m
[0.377s] [ 65%] [32mBuilding CXX object CMakeFiles/cw2_team_14_cw2_class_lib.dir/src/cw2_class.cpp.o[0m
[0.628s] running egg_info
[0.629s] writing cw2_team_14.egg-info/PKG-INFO
[0.633s] writing dependency_links to cw2_team_14.egg-info/dependency_links.txt
[0.633s] writing top-level names to cw2_team_14.egg-info/top_level.txt
[0.635s] reading manifest file 'cw2_team_14.egg-info/SOURCES.txt'
[0.636s] writing manifest file 'cw2_team_14.egg-info/SOURCES.txt'
[0.672s] [ 65%] Built target ament_cmake_python_build_cw2_team_14_egg
[0.692s] [ 65%] Built target cw2_team_14
[0.712s] [ 68%] Built target cw2_team_14__py
[0.758s] [ 74%] Built target cw2_team_14__rosidl_generator_py
[0.807s] [ 80%] Built target cw2_team_14__rosidl_typesupport_fastrtps_c__pyext
[0.838s] [ 85%] Built target cw2_team_14__rosidl_typesupport_introspection_c__pyext
[0.879s] [ 91%] Built target cw2_team_14__rosidl_typesupport_c__pyext
[6.570s] [01m[K/home/bizare/Desktop/cw2_team_14/src/courseworks/cw2_team_14/src/cw2_class.cpp:[m[K In member function ‘[01m[Kvoid cw2::t1_callback(std::shared_ptr<cw2_world_spawner::srv::Task1Service_Request_<std::allocator<void> > >, std::shared_ptr<cw2_world_spawner::srv::Task1Service_Response_<std::allocator<void> > >)[m[K’:
[6.570s] [01m[K/home/bizare/Desktop/cw2_team_14/src/courseworks/cw2_team_14/src/cw2_class.cpp:401:30:[m[K [01;31m[Kerror: [m[Kredeclaration of ‘[01m[Kgeometry_msgs::msg::Pose grasp_pose[m[K’
[6.570s]   401 |     geometry_msgs::msg::Pose [01;31m[Kgrasp_pose[m[K = pre_grasp_pose;
[6.570s]       |                              [01;31m[K^~~~~~~~~~[m[K
[6.570s] [01m[K/home/bizare/Desktop/cw2_team_14/src/courseworks/cw2_team_14/src/cw2_class.cpp:392:30:[m[K [01;36m[Knote: [m[K‘[01m[Kgeometry_msgs::msg::Pose grasp_pose[m[K’ previously declared here
[6.570s]   392 |     geometry_msgs::msg::Pose [01;36m[Kgrasp_pose[m[K = pre_grasp_pose;
[6.570s]       |                              [01;36m[K^~~~~~~~~~[m[K
[11.292s] gmake[2]: *** [CMakeFiles/cw2_team_14_cw2_class_lib.dir/build.make:76: CMakeFiles/cw2_team_14_cw2_class_lib.dir/src/cw2_class.cpp.o] Error 1
[11.292s] gmake[1]: *** [CMakeFiles/Makefile2:595: CMakeFiles/cw2_team_14_cw2_class_lib.dir/all] Error 2
[11.292s] gmake: *** [Makefile:146: all] Error 2
[11.295s] Invoked command in '/home/bizare/Desktop/cw2_team_14/build/cw2_team_14' returned '2': CMAKE_PREFIX_PATH=/home/bizare/Desktop/cw2_team_14/install/cw2_world_spawner:/home/bizare/Desktop/cw2_team_14/install/rpl_panda_with_rs:/home/bizare/Desktop/cw2_team_14/install/realsense_gazebo_plugin:/home/bizare/Desktop/cw2_team_14/install/panda_moveit_config:/home/bizare/Desktop/cw2_team_14/install/panda_description:/home/bizare/Desktop/cw2_team_14/install/cw2_team_14:/home/bizare/Desktop/cw2_team_14/install/cw1_world_spawner:/opt/ros/humble LD_LIBRARY_PATH=/home/bizare/Desktop/cw2_team_14/install/cw2_world_spawner/lib:/home/bizare/Desktop/cw2_team_14/install/realsense_gazebo_plugin/lib:/home/bizare/Desktop/cw2_team_14/install/cw2_team_14/lib:/home/bizare/Desktop/cw2_team_14/install/cw1_world_spawner/lib:/usr/lib/x86_64-linux-gnu/gazebo-11/plugins:/opt/ros/humble/opt/rviz_ogre_vendor/lib:/opt/ros/humble/lib/x86_64-linux-gnu:/opt/ros/humble/lib /usr/bin/cmake --build /home/bizare/Desktop/cw2_team_14/build/cw2_team_14 -- -j2 -l2
