[0.017s] Invoking command in '/home/bizare/Desktop/cw2_team_14/build/cw2_team_14': CMAKE_PREFIX_PATH=/home/bizare/Desktop/cw2_team_14/install/cw2_world_spawner:/home/bizare/Desktop/cw2_team_14/install/rpl_panda_with_rs:/home/bizare/Desktop/cw2_team_14/install/realsense_gazebo_plugin:/home/bizare/Desktop/cw2_team_14/install/panda_moveit_config:/home/bizare/Desktop/cw2_team_14/install/panda_description:/home/bizare/Desktop/cw2_team_14/install/cw2_team_14:/home/bizare/Desktop/cw2_team_14/install/cw1_world_spawner:/opt/ros/humble LD_LIBRARY_PATH=/home/bizare/Desktop/cw2_team_14/install/cw2_world_spawner/lib:/home/bizare/Desktop/cw2_team_14/install/realsense_gazebo_plugin/lib:/home/bizare/Desktop/cw2_team_14/install/cw2_team_14/lib:/home/bizare/Desktop/cw2_team_14/install/cw1_world_spawner/lib:/usr/lib/x86_64-linux-gnu/gazebo-11/plugins:/opt/ros/humble/opt/rviz_ogre_vendor/lib:/opt/ros/humble/lib/x86_64-linux-gnu:/opt/ros/humble/lib /usr/bin/cmake --build /home/bizare/Desktop/cw2_team_14/build/cw2_team_14 -- -j2 -l2
[0.098s] [  2%] Built target cw2_team_14__cpp
[0.099s] [ 11%] Built target cw2_team_14__rosidl_generator_c
[0.134s] [ 20%] Built target cw2_team_14__rosidl_typesupport_cpp
[0.143s] [ 20%] Built target ament_cmake_python_copy_cw2_team_14
[0.178s] [ 28%] Built target cw2_team_14__rosidl_typesupport_fastrtps_c
[0.186s] [ 37%] Built target cw2_team_14__rosidl_typesupport_introspection_c
[0.203s] [ 45%] Built target cw2_team_14__rosidl_typesupport_c
[0.222s] [ 54%] Built target cw2_team_14__rosidl_typesupport_fastrtps_cpp
[0.233s] [ 62%] Built target cw2_team_14__rosidl_typesupport_introspection_cpp
[0.259s] [35m[1mConsolidate compiler generated dependencies of target cw2_team_14_cw2_class_lib[0m
[0.338s] [ 65%] [32mBuilding CXX object CMakeFiles/cw2_team_14_cw2_class_lib.dir/src/cw2_class.cpp.o[0m
[0.522s] running egg_info
[0.523s] writing cw2_team_14.egg-info/PKG-INFO
[0.524s] writing dependency_links to cw2_team_14.egg-info/dependency_links.txt
[0.524s] writing top-level names to cw2_team_14.egg-info/top_level.txt
[0.530s] reading manifest file 'cw2_team_14.egg-info/SOURCES.txt'
[0.531s] writing manifest file 'cw2_team_14.egg-info/SOURCES.txt'
[0.552s] [ 65%] Built target ament_cmake_python_build_cw2_team_14_egg
[0.571s] [ 65%] Built target cw2_team_14
[0.594s] [ 68%] Built target cw2_team_14__py
[0.611s] [ 74%] Built target cw2_team_14__rosidl_generator_py
[0.636s] [ 80%] Built target cw2_team_14__rosidl_typesupport_fastrtps_c__pyext
[0.685s] [ 85%] Built target cw2_team_14__rosidl_typesupport_introspection_c__pyext
[0.761s] [ 91%] Built target cw2_team_14__rosidl_typesupport_c__pyext
[17.521s] [ 94%] [32m[1mLinking CXX shared library libcw2_team_14_cw2_class_lib.so[0m
[19.042s] [ 94%] Built target cw2_team_14_cw2_class_lib
[19.104s] [ 97%] [32m[1mLinking CXX executable cw2_solution_node[0m
[19.959s] [100%] Built target cw2_solution_node
[19.973s] Invoked command in '/home/bizare/Desktop/cw2_team_14/build/cw2_team_14' returned '0': CMAKE_PREFIX_PATH=/home/bizare/Desktop/cw2_team_14/install/cw2_world_spawner:/home/bizare/Desktop/cw2_team_14/install/rpl_panda_with_rs:/home/bizare/Desktop/cw2_team_14/install/realsense_gazebo_plugin:/home/bizare/Desktop/cw2_team_14/install/panda_moveit_config:/home/bizare/Desktop/cw2_team_14/install/panda_description:/home/bizare/Desktop/cw2_team_14/install/cw2_team_14:/home/bizare/Desktop/cw2_team_14/install/cw1_world_spawner:/opt/ros/humble LD_LIBRARY_PATH=/home/bizare/Desktop/cw2_team_14/install/cw2_world_spawner/lib:/home/bizare/Desktop/cw2_team_14/install/realsense_gazebo_plugin/lib:/home/bizare/Desktop/cw2_team_14/install/cw2_team_14/lib:/home/bizare/Desktop/cw2_team_14/install/cw1_world_spawner/lib:/usr/lib/x86_64-linux-gnu/gazebo-11/plugins:/opt/ros/humble/opt/rviz_ogre_vendor/lib:/opt/ros/humble/lib/x86_64-linux-gnu:/opt/ros/humble/lib /usr/bin/cmake --build /home/bizare/Desktop/cw2_team_14/build/cw2_team_14 -- -j2 -l2
[19.986s] Invoking command in '/home/bizare/Desktop/cw2_team_14/build/cw2_team_14': CMAKE_PREFIX_PATH=/home/bizare/Desktop/cw2_team_14/install/cw2_world_spawner:/home/bizare/Desktop/cw2_team_14/install/rpl_panda_with_rs:/home/bizare/Desktop/cw2_team_14/install/realsense_gazebo_plugin:/home/bizare/Desktop/cw2_team_14/install/panda_moveit_config:/home/bizare/Desktop/cw2_team_14/install/panda_description:/home/bizare/Desktop/cw2_team_14/install/cw2_team_14:/home/bizare/Desktop/cw2_team_14/install/cw1_world_spawner:/opt/ros/humble LD_LIBRARY_PATH=/home/bizare/Desktop/cw2_team_14/install/cw2_world_spawner/lib:/home/bizare/Desktop/cw2_team_14/install/realsense_gazebo_plugin/lib:/home/bizare/Desktop/cw2_team_14/install/cw2_team_14/lib:/home/bizare/Desktop/cw2_team_14/install/cw1_world_spawner/lib:/usr/lib/x86_64-linux-gnu/gazebo-11/plugins:/opt/ros/humble/opt/rviz_ogre_vendor/lib:/opt/ros/humble/lib/x86_64-linux-gnu:/opt/ros/humble/lib /usr/bin/cmake --install /home/bizare/Desktop/cw2_team_14/build/cw2_team_14
[19.994s] -- Install configuration: ""
[19.994s] -- Up-to-date: /home/bizare/Desktop/cw2_team_14/install/cw2_team_14/share/ament_index/resource_index/rosidl_interfaces/cw2_team_14
[19.994s] -- Up-to-date: /home/bizare/Desktop/cw2_team_14/install/cw2_team_14/include/cw2_team_14/cw2_team_14
[19.994s] -- Up-to-date: /home/bizare/Desktop/cw2_team_14/install/cw2_team_14/include/cw2_team_14/cw2_team_14/msg
[19.995s] -- Up-to-date: /home/bizare/Desktop/cw2_team_14/install/cw2_team_14/include/cw2_team_14/cw2_team_14/msg/rosidl_generator_c__visibility_control.h
[19.995s] -- Up-to-date: /home/bizare/Desktop/cw2_team_14/install/cw2_team_14/include/cw2_team_14/cw2_team_14/srv
[19.996s] -- Up-to-date: /home/bizare/Desktop/cw2_team_14/install/cw2_team_14/include/cw2_team_14/cw2_team_14/srv/detail
[19.996s] -- Up-to-date: /home/bizare/Desktop/cw2_team_14/install/cw2_team_14/include/cw2_team_14/cw2_team_14/srv/detail/example__functions.c
[19.996s] -- Up-to-date: /home/bizare/Desktop/cw2_team_14/install/cw2_team_14/include/cw2_team_14/cw2_team_14/srv/detail/example__struct.h
[19.996s] -- Up-to-date: /home/bizare/Desktop/cw2_team_14/install/cw2_team_14/include/cw2_team_14/cw2_team_14/srv/detail/example__functions.h
[19.996s] -- Up-to-date: /home/bizare/Desktop/cw2_team_14/install/cw2_team_14/include/cw2_team_14/cw2_team_14/srv/detail/example__type_support.h
[19.996s] -- Up-to-date: /home/bizare/Desktop/cw2_team_14/install/cw2_team_14/include/cw2_team_14/cw2_team_14/srv/example.h
[19.996s] -- Up-to-date: /home/bizare/Desktop/cw2_team_14/install/cw2_team_14/share/cw2_team_14/environment/library_path.sh
[19.996s] -- Up-to-date: /home/bizare/Desktop/cw2_team_14/install/cw2_team_14/share/cw2_team_14/environment/library_path.dsv
[19.997s] -- Up-to-date: /home/bizare/Desktop/cw2_team_14/install/cw2_team_14/lib/libcw2_team_14__rosidl_generator_c.so
[19.997s] -- Up-to-date: /home/bizare/Desktop/cw2_team_14/install/cw2_team_14/include/cw2_team_14/cw2_team_14
[19.997s] -- Up-to-date: /home/bizare/Desktop/cw2_team_14/install/cw2_team_14/include/cw2_team_14/cw2_team_14/msg
[19.997s] -- Up-to-date: /home/bizare/Desktop/cw2_team_14/install/cw2_team_14/include/cw2_team_14/cw2_team_14/msg/rosidl_typesupport_fastrtps_c__visibility_control.h
[19.997s] -- Up-to-date: /home/bizare/Desktop/cw2_team_14/install/cw2_team_14/include/cw2_team_14/cw2_team_14/srv
[19.998s] -- Up-to-date: /home/bizare/Desktop/cw2_team_14/install/cw2_team_14/include/cw2_team_14/cw2_team_14/srv/detail
[19.998s] -- Up-to-date: /home/bizare/Desktop/cw2_team_14/install/cw2_team_14/include/cw2_team_14/cw2_team_14/srv/detail/example__rosidl_typesupport_fastrtps_c.h
[20.000s] -- Up-to-date: /home/bizare/Desktop/cw2_team_14/install/cw2_team_14/lib/libcw2_team_14__rosidl_typesupport_fastrtps_c.so
[20.000s] -- Up-to-date: /home/bizare/Desktop/cw2_team_14/install/cw2_team_14/include/cw2_team_14/cw2_team_14
[20.000s] -- Up-to-date: /home/bizare/Desktop/cw2_team_14/install/cw2_team_14/include/cw2_team_14/cw2_team_14/msg
[20.000s] -- Up-to-date: /home/bizare/Desktop/cw2_team_14/install/cw2_team_14/include/cw2_team_14/cw2_team_14/msg/rosidl_typesupport_introspection_c__visibility_control.h
[20.000s] -- Up-to-date: /home/bizare/Desktop/cw2_team_14/install/cw2_team_14/include/cw2_team_14/cw2_team_14/srv
[20.000s] -- Up-to-date: /home/bizare/Desktop/cw2_team_14/install/cw2_team_14/include/cw2_team_14/cw2_team_14/srv/detail
[20.000s] -- Up-to-date: /home/bizare/Desktop/cw2_team_14/install/cw2_team_14/include/cw2_team_14/cw2_team_14/srv/detail/example__type_support.c
[20.000s] -- Up-to-date: /home/bizare/Desktop/cw2_team_14/install/cw2_team_14/include/cw2_team_14/cw2_team_14/srv/detail/example__rosidl_typesupport_introspection_c.h
[20.001s] -- Up-to-date: /home/bizare/Desktop/cw2_team_14/install/cw2_team_14/lib/libcw2_team_14__rosidl_typesupport_introspection_c.so
[20.001s] -- Up-to-date: /home/bizare/Desktop/cw2_team_14/install/cw2_team_14/lib/libcw2_team_14__rosidl_typesupport_c.so
[20.001s] -- Up-to-date: /home/bizare/Desktop/cw2_team_14/install/cw2_team_14/include/cw2_team_14/cw2_team_14
[20.001s] -- Up-to-date: /home/bizare/Desktop/cw2_team_14/install/cw2_team_14/include/cw2_team_14/cw2_team_14/msg
[20.001s] -- Up-to-date: /home/bizare/Desktop/cw2_team_14/install/cw2_team_14/include/cw2_team_14/cw2_team_14/msg/rosidl_generator_cpp__visibility_control.hpp
[20.001s] -- Up-to-date: /home/bizare/Desktop/cw2_team_14/install/cw2_team_14/include/cw2_team_14/cw2_team_14/srv
[20.001s] -- Up-to-date: /home/bizare/Desktop/cw2_team_14/install/cw2_team_14/include/cw2_team_14/cw2_team_14/srv/example.hpp
[20.001s] -- Up-to-date: /home/bizare/Desktop/cw2_team_14/install/cw2_team_14/include/cw2_team_14/cw2_team_14/srv/detail
[20.003s] -- Up-to-date: /home/bizare/Desktop/cw2_team_14/install/cw2_team_14/include/cw2_team_14/cw2_team_14/srv/detail/example__builder.hpp
[20.003s] -- Up-to-date: /home/bizare/Desktop/cw2_team_14/install/cw2_team_14/include/cw2_team_14/cw2_team_14/srv/detail/example__type_support.hpp
[20.003s] -- Up-to-date: /home/bizare/Desktop/cw2_team_14/install/cw2_team_14/include/cw2_team_14/cw2_team_14/srv/detail/example__traits.hpp
[20.003s] -- Up-to-date: /home/bizare/Desktop/cw2_team_14/install/cw2_team_14/include/cw2_team_14/cw2_team_14/srv/detail/example__struct.hpp
[20.003s] -- Up-to-date: /home/bizare/Desktop/cw2_team_14/install/cw2_team_14/include/cw2_team_14/cw2_team_14
[20.005s] -- Up-to-date: /home/bizare/Desktop/cw2_team_14/install/cw2_team_14/include/cw2_team_14/cw2_team_14/msg
[20.005s] -- Up-to-date: /home/bizare/Desktop/cw2_team_14/install/cw2_team_14/include/cw2_team_14/cw2_team_14/msg/rosidl_typesupport_fastrtps_cpp__visibility_control.h
[20.005s] -- Up-to-date: /home/bizare/Desktop/cw2_team_14/install/cw2_team_14/include/cw2_team_14/cw2_team_14/srv
[20.005s] -- Up-to-date: /home/bizare/Desktop/cw2_team_14/install/cw2_team_14/include/cw2_team_14/cw2_team_14/srv/detail
[20.005s] -- Up-to-date: /home/bizare/Desktop/cw2_team_14/install/cw2_team_14/include/cw2_team_14/cw2_team_14/srv/detail/dds_fastrtps
[20.005s] -- Up-to-date: /home/bizare/Desktop/cw2_team_14/install/cw2_team_14/include/cw2_team_14/cw2_team_14/srv/detail/example__rosidl_typesupport_fastrtps_cpp.hpp
[20.005s] -- Up-to-date: /home/bizare/Desktop/cw2_team_14/install/cw2_team_14/lib/libcw2_team_14__rosidl_typesupport_fastrtps_cpp.so
[20.005s] -- Up-to-date: /home/bizare/Desktop/cw2_team_14/install/cw2_team_14/include/cw2_team_14/cw2_team_14
[20.007s] -- Up-to-date: /home/bizare/Desktop/cw2_team_14/install/cw2_team_14/include/cw2_team_14/cw2_team_14/srv
[20.007s] -- Up-to-date: /home/bizare/Desktop/cw2_team_14/install/cw2_team_14/include/cw2_team_14/cw2_team_14/srv/detail
[20.007s] -- Up-to-date: /home/bizare/Desktop/cw2_team_14/install/cw2_team_14/include/cw2_team_14/cw2_team_14/srv/detail/example__rosidl_typesupport_introspection_cpp.hpp
[20.007s] -- Up-to-date: /home/bizare/Desktop/cw2_team_14/install/cw2_team_14/include/cw2_team_14/cw2_team_14/srv/detail/example__type_support.cpp
[20.007s] -- Up-to-date: /home/bizare/Desktop/cw2_team_14/install/cw2_team_14/lib/libcw2_team_14__rosidl_typesupport_introspection_cpp.so
[20.007s] -- Up-to-date: /home/bizare/Desktop/cw2_team_14/install/cw2_team_14/lib/libcw2_team_14__rosidl_typesupport_cpp.so
[20.007s] -- Up-to-date: /home/bizare/Desktop/cw2_team_14/install/cw2_team_14/share/cw2_team_14/environment/pythonpath.sh
[20.007s] -- Up-to-date: /home/bizare/Desktop/cw2_team_14/install/cw2_team_14/share/cw2_team_14/environment/pythonpath.dsv
[20.007s] -- Up-to-date: /home/bizare/Desktop/cw2_team_14/install/cw2_team_14/local/lib/python3.10/dist-packages/cw2_team_14-0.1.0-py3.10.egg-info
[20.007s] -- Installing: /home/bizare/Desktop/cw2_team_14/install/cw2_team_14/local/lib/python3.10/dist-packages/cw2_team_14-0.1.0-py3.10.egg-info/SOURCES.txt
[20.007s] -- Installing: /home/bizare/Desktop/cw2_team_14/install/cw2_team_14/local/lib/python3.10/dist-packages/cw2_team_14-0.1.0-py3.10.egg-info/dependency_links.txt
[20.007s] -- Installing: /home/bizare/Desktop/cw2_team_14/install/cw2_team_14/local/lib/python3.10/dist-packages/cw2_team_14-0.1.0-py3.10.egg-info/PKG-INFO
[20.007s] -- Installing: /home/bizare/Desktop/cw2_team_14/install/cw2_team_14/local/lib/python3.10/dist-packages/cw2_team_14-0.1.0-py3.10.egg-info/top_level.txt
[20.007s] -- Up-to-date: /home/bizare/Desktop/cw2_team_14/install/cw2_team_14/local/lib/python3.10/dist-packages/cw2_team_14
[20.007s] -- Up-to-date: /home/bizare/Desktop/cw2_team_14/install/cw2_team_14/local/lib/python3.10/dist-packages/cw2_team_14/libcw2_team_14__rosidl_generator_py.so
[20.007s] -- Up-to-date: /home/bizare/Desktop/cw2_team_14/install/cw2_team_14/local/lib/python3.10/dist-packages/cw2_team_14/cw2_team_14_s__rosidl_typesupport_fastrtps_c.cpython-310-x86_64-linux-gnu.so
[20.007s] -- Up-to-date: /home/bizare/Desktop/cw2_team_14/install/cw2_team_14/local/lib/python3.10/dist-packages/cw2_team_14/__init__.py
[20.007s] -- Up-to-date: /home/bizare/Desktop/cw2_team_14/install/cw2_team_14/local/lib/python3.10/dist-packages/cw2_team_14/_cw2_team_14_s.ep.rosidl_typesupport_introspection_c.c
[20.007s] -- Up-to-date: /home/bizare/Desktop/cw2_team_14/install/cw2_team_14/local/lib/python3.10/dist-packages/cw2_team_14/_cw2_team_14_s.ep.rosidl_typesupport_c.c
[20.007s] -- Up-to-date: /home/bizare/Desktop/cw2_team_14/install/cw2_team_14/local/lib/python3.10/dist-packages/cw2_team_14/cw2_team_14_s__rosidl_typesupport_c.cpython-310-x86_64-linux-gnu.so
[20.008s] -- Up-to-date: /home/bizare/Desktop/cw2_team_14/install/cw2_team_14/local/lib/python3.10/dist-packages/cw2_team_14/cw2_team_14_s__rosidl_typesupport_introspection_c.cpython-310-x86_64-linux-gnu.so
[20.008s] -- Up-to-date: /home/bizare/Desktop/cw2_team_14/install/cw2_team_14/local/lib/python3.10/dist-packages/cw2_team_14/_cw2_team_14_s.ep.rosidl_typesupport_fastrtps_c.c
[20.008s] -- Up-to-date: /home/bizare/Desktop/cw2_team_14/install/cw2_team_14/local/lib/python3.10/dist-packages/cw2_team_14/srv
[20.008s] -- Up-to-date: /home/bizare/Desktop/cw2_team_14/install/cw2_team_14/local/lib/python3.10/dist-packages/cw2_team_14/srv/_example_s.c
[20.008s] -- Up-to-date: /home/bizare/Desktop/cw2_team_14/install/cw2_team_14/local/lib/python3.10/dist-packages/cw2_team_14/srv/_example.py
[20.008s] -- Up-to-date: /home/bizare/Desktop/cw2_team_14/install/cw2_team_14/local/lib/python3.10/dist-packages/cw2_team_14/srv/__init__.py
[20.049s] Listing '/home/bizare/Desktop/cw2_team_14/install/cw2_team_14/local/lib/python3.10/dist-packages/cw2_team_14'...
[20.049s] Listing '/home/bizare/Desktop/cw2_team_14/install/cw2_team_14/local/lib/python3.10/dist-packages/cw2_team_14/srv'...
[20.053s] -- Up-to-date: /home/bizare/Desktop/cw2_team_14/install/cw2_team_14/local/lib/python3.10/dist-packages/cw2_team_14/cw2_team_14_s__rosidl_typesupport_fastrtps_c.cpython-310-x86_64-linux-gnu.so
[20.053s] -- Up-to-date: /home/bizare/Desktop/cw2_team_14/install/cw2_team_14/local/lib/python3.10/dist-packages/cw2_team_14/cw2_team_14_s__rosidl_typesupport_introspection_c.cpython-310-x86_64-linux-gnu.so
[20.053s] -- Up-to-date: /home/bizare/Desktop/cw2_team_14/install/cw2_team_14/local/lib/python3.10/dist-packages/cw2_team_14/cw2_team_14_s__rosidl_typesupport_c.cpython-310-x86_64-linux-gnu.so
[20.054s] -- Up-to-date: /home/bizare/Desktop/cw2_team_14/install/cw2_team_14/lib/libcw2_team_14__rosidl_generator_py.so
[20.055s] -- Up-to-date: /home/bizare/Desktop/cw2_team_14/install/cw2_team_14/share/cw2_team_14/srv/Example.idl
[20.056s] -- Up-to-date: /home/bizare/Desktop/cw2_team_14/install/cw2_team_14/share/cw2_team_14/srv/Example.srv
[20.056s] -- Up-to-date: /home/bizare/Desktop/cw2_team_14/install/cw2_team_14/share/cw2_team_14/srv/Example_Request.msg
[20.056s] -- Up-to-date: /home/bizare/Desktop/cw2_team_14/install/cw2_team_14/share/cw2_team_14/srv/Example_Response.msg
[20.056s] -- Installing: /home/bizare/Desktop/cw2_team_14/install/cw2_team_14/lib/libcw2_team_14_cw2_class_lib.so
[20.066s] -- Set runtime path of "/home/bizare/Desktop/cw2_team_14/install/cw2_team_14/lib/libcw2_team_14_cw2_class_lib.so" to ""
[20.067s] -- Installing: /home/bizare/Desktop/cw2_team_14/install/cw2_team_14/lib/cw2_team_14/cw2_solution_node
[20.067s] -- Set runtime path of "/home/bizare/Desktop/cw2_team_14/install/cw2_team_14/lib/cw2_team_14/cw2_solution_node" to ""
[20.067s] -- Up-to-date: /home/bizare/Desktop/cw2_team_14/install/cw2_team_14/share/cw2_team_14/launch
[20.068s] -- Up-to-date: /home/bizare/Desktop/cw2_team_14/install/cw2_team_14/share/cw2_team_14/launch/run_solution.launch.py
[20.068s] -- Up-to-date: /home/bizare/Desktop/cw2_team_14/install/cw2_team_14/share/ament_index/resource_index/package_run_dependencies/cw2_team_14
[20.068s] -- Up-to-date: /home/bizare/Desktop/cw2_team_14/install/cw2_team_14/share/ament_index/resource_index/parent_prefix_path/cw2_team_14
[20.071s] -- Up-to-date: /home/bizare/Desktop/cw2_team_14/install/cw2_team_14/share/cw2_team_14/environment/ament_prefix_path.sh
[20.071s] -- Up-to-date: /home/bizare/Desktop/cw2_team_14/install/cw2_team_14/share/cw2_team_14/environment/ament_prefix_path.dsv
[20.071s] -- Up-to-date: /home/bizare/Desktop/cw2_team_14/install/cw2_team_14/share/cw2_team_14/environment/path.sh
[20.071s] -- Up-to-date: /home/bizare/Desktop/cw2_team_14/install/cw2_team_14/share/cw2_team_14/environment/path.dsv
[20.071s] -- Up-to-date: /home/bizare/Desktop/cw2_team_14/install/cw2_team_14/share/cw2_team_14/local_setup.bash
[20.071s] -- Up-to-date: /home/bizare/Desktop/cw2_team_14/install/cw2_team_14/share/cw2_team_14/local_setup.sh
[20.071s] -- Up-to-date: /home/bizare/Desktop/cw2_team_14/install/cw2_team_14/share/cw2_team_14/local_setup.zsh
[20.071s] -- Up-to-date: /home/bizare/Desktop/cw2_team_14/install/cw2_team_14/share/cw2_team_14/local_setup.dsv
[20.071s] -- Installing: /home/bizare/Desktop/cw2_team_14/install/cw2_team_14/share/cw2_team_14/package.dsv
[20.072s] -- Up-to-date: /home/bizare/Desktop/cw2_team_14/install/cw2_team_14/share/ament_index/resource_index/packages/cw2_team_14
[20.072s] -- Up-to-date: /home/bizare/Desktop/cw2_team_14/install/cw2_team_14/share/cw2_team_14/cmake/export_cw2_team_14__rosidl_generator_cExport.cmake
[20.072s] -- Up-to-date: /home/bizare/Desktop/cw2_team_14/install/cw2_team_14/share/cw2_team_14/cmake/export_cw2_team_14__rosidl_generator_cExport-noconfig.cmake
[20.072s] -- Up-to-date: /home/bizare/Desktop/cw2_team_14/install/cw2_team_14/share/cw2_team_14/cmake/export_cw2_team_14__rosidl_typesupport_fastrtps_cExport.cmake
[20.072s] -- Up-to-date: /home/bizare/Desktop/cw2_team_14/install/cw2_team_14/share/cw2_team_14/cmake/export_cw2_team_14__rosidl_typesupport_fastrtps_cExport-noconfig.cmake
[20.072s] -- Up-to-date: /home/bizare/Desktop/cw2_team_14/install/cw2_team_14/share/cw2_team_14/cmake/cw2_team_14__rosidl_typesupport_introspection_cExport.cmake
[20.072s] -- Up-to-date: /home/bizare/Desktop/cw2_team_14/install/cw2_team_14/share/cw2_team_14/cmake/cw2_team_14__rosidl_typesupport_introspection_cExport-noconfig.cmake
[20.073s] -- Up-to-date: /home/bizare/Desktop/cw2_team_14/install/cw2_team_14/share/cw2_team_14/cmake/cw2_team_14__rosidl_typesupport_cExport.cmake
[20.073s] -- Up-to-date: /home/bizare/Desktop/cw2_team_14/install/cw2_team_14/share/cw2_team_14/cmake/cw2_team_14__rosidl_typesupport_cExport-noconfig.cmake
[20.073s] -- Up-to-date: /home/bizare/Desktop/cw2_team_14/install/cw2_team_14/share/cw2_team_14/cmake/export_cw2_team_14__rosidl_generator_cppExport.cmake
[20.073s] -- Up-to-date: /home/bizare/Desktop/cw2_team_14/install/cw2_team_14/share/cw2_team_14/cmake/export_cw2_team_14__rosidl_typesupport_fastrtps_cppExport.cmake
[20.073s] -- Up-to-date: /home/bizare/Desktop/cw2_team_14/install/cw2_team_14/share/cw2_team_14/cmake/export_cw2_team_14__rosidl_typesupport_fastrtps_cppExport-noconfig.cmake
[20.073s] -- Up-to-date: /home/bizare/Desktop/cw2_team_14/install/cw2_team_14/share/cw2_team_14/cmake/cw2_team_14__rosidl_typesupport_introspection_cppExport.cmake
[20.073s] -- Up-to-date: /home/bizare/Desktop/cw2_team_14/install/cw2_team_14/share/cw2_team_14/cmake/cw2_team_14__rosidl_typesupport_introspection_cppExport-noconfig.cmake
[20.075s] -- Up-to-date: /home/bizare/Desktop/cw2_team_14/install/cw2_team_14/share/cw2_team_14/cmake/cw2_team_14__rosidl_typesupport_cppExport.cmake
[20.076s] -- Up-to-date: /home/bizare/Desktop/cw2_team_14/install/cw2_team_14/share/cw2_team_14/cmake/cw2_team_14__rosidl_typesupport_cppExport-noconfig.cmake
[20.076s] -- Up-to-date: /home/bizare/Desktop/cw2_team_14/install/cw2_team_14/share/cw2_team_14/cmake/export_cw2_team_14__rosidl_generator_pyExport.cmake
[20.076s] -- Up-to-date: /home/bizare/Desktop/cw2_team_14/install/cw2_team_14/share/cw2_team_14/cmake/export_cw2_team_14__rosidl_generator_pyExport-noconfig.cmake
[20.076s] -- Up-to-date: /home/bizare/Desktop/cw2_team_14/install/cw2_team_14/share/cw2_team_14/cmake/rosidl_cmake-extras.cmake
[20.076s] -- Up-to-date: /home/bizare/Desktop/cw2_team_14/install/cw2_team_14/share/cw2_team_14/cmake/ament_cmake_export_dependencies-extras.cmake
[20.076s] -- Up-to-date: /home/bizare/Desktop/cw2_team_14/install/cw2_team_14/share/cw2_team_14/cmake/ament_cmake_export_include_directories-extras.cmake
[20.076s] -- Up-to-date: /home/bizare/Desktop/cw2_team_14/install/cw2_team_14/share/cw2_team_14/cmake/ament_cmake_export_libraries-extras.cmake
[20.076s] -- Up-to-date: /home/bizare/Desktop/cw2_team_14/install/cw2_team_14/share/cw2_team_14/cmake/ament_cmake_export_targets-extras.cmake
[20.076s] -- Up-to-date: /home/bizare/Desktop/cw2_team_14/install/cw2_team_14/share/cw2_team_14/cmake/rosidl_cmake_export_typesupport_targets-extras.cmake
[20.076s] -- Up-to-date: /home/bizare/Desktop/cw2_team_14/install/cw2_team_14/share/cw2_team_14/cmake/rosidl_cmake_export_typesupport_libraries-extras.cmake
[20.077s] -- Up-to-date: /home/bizare/Desktop/cw2_team_14/install/cw2_team_14/share/cw2_team_14/cmake/cw2_team_14Config.cmake
[20.077s] -- Up-to-date: /home/bizare/Desktop/cw2_team_14/install/cw2_team_14/share/cw2_team_14/cmake/cw2_team_14Config-version.cmake
[20.077s] -- Up-to-date: /home/bizare/Desktop/cw2_team_14/install/cw2_team_14/share/cw2_team_14/package.xml
[20.079s] Invoked command in '/home/bizare/Desktop/cw2_team_14/build/cw2_team_14' returned '0': CMAKE_PREFIX_PATH=/home/bizare/Desktop/cw2_team_14/install/cw2_world_spawner:/home/bizare/Desktop/cw2_team_14/install/rpl_panda_with_rs:/home/bizare/Desktop/cw2_team_14/install/realsense_gazebo_plugin:/home/bizare/Desktop/cw2_team_14/install/panda_moveit_config:/home/bizare/Desktop/cw2_team_14/install/panda_description:/home/bizare/Desktop/cw2_team_14/install/cw2_team_14:/home/bizare/Desktop/cw2_team_14/install/cw1_world_spawner:/opt/ros/humble LD_LIBRARY_PATH=/home/bizare/Desktop/cw2_team_14/install/cw2_world_spawner/lib:/home/bizare/Desktop/cw2_team_14/install/realsense_gazebo_plugin/lib:/home/bizare/Desktop/cw2_team_14/install/cw2_team_14/lib:/home/bizare/Desktop/cw2_team_14/install/cw1_world_spawner/lib:/usr/lib/x86_64-linux-gnu/gazebo-11/plugins:/opt/ros/humble/opt/rviz_ogre_vendor/lib:/opt/ros/humble/lib/x86_64-linux-gnu:/opt/ros/humble/lib /usr/bin/cmake --install /home/bizare/Desktop/cw2_team_14/build/cw2_team_14
