-- Found ament_cmake: 1.3.12 (/opt/ros/humble/share/ament_cmake/cmake)
-- Found rosidl_default_generators: 1.2.0 (/opt/ros/humble/share/rosidl_default_generators/cmake)
-- Using all available rosidl_typesupport_c: rosidl_typesupport_fastrtps_c;rosidl_typesupport_introspection_c
-- Found rosidl_adapter: 3.1.8 (/opt/ros/humble/share/rosidl_adapter/cmake)
-- Using all available rosidl_typesupport_cpp: rosidl_typesupport_fastrtps_cpp;rosidl_typesupport_introspection_cpp
-- Found geometry_msgs: 4.9.0 (/opt/ros/humble/share/geometry_msgs/cmake)
-- Found ament_cmake_ros: 0.10.0 (/opt/ros/humble/share/ament_cmake_ros/cmake)
-- Using all available rosidl_typesupport_c: rosidl_typesupport_fastrtps_c;rosidl_typesupport_introspection_c
-- Using all available rosidl_typesupport_cpp: rosidl_typesupport_fastrtps_cpp;rosidl_typesupport_introspection_cpp
-- Found python_cmake_module: 0.10.0 (/opt/ros/humble/share/python_cmake_module/cmake)
-- Using PYTHON_EXECUTABLE: /usr/bin/python3
-- Using PYTHON_INCLUDE_DIRS: /usr/include/python3.10
-- Using PYTHON_LIBRARIES: /usr/lib/x86_64-linux-gnu/libpython3.10.so
-- Found ament_lint_auto: 0.12.14 (/opt/ros/humble/share/ament_lint_auto/cmake)
-- Added test 'flake8' to check Python code syntax and style conventions
-- Added test 'lint_cmake' to check CMake code style
-- Added test 'pep257' to check Python code against some of the docstring style conventions in PEP 257
-- Added test 'xmllint' to check XML markup files
-- Configuring done
-- Generating done
-- Build files have been written to: /home/bizare/Desktop/cw2_team_14/build/cw1_world_spawner
[  1%] Built target cw1_world_spawner__cpp
[35m[1mConsolidate compiler generated dependencies of target cw1_world_spawner__rosidl_generator_c[0m
[ 12%] Built target cw1_world_spawner__rosidl_generator_c
[ 12%] Built target ament_cmake_python_copy_cw1_world_spawner
[35m[1mConsolidate compiler generated dependencies of target cw1_world_spawner__rosidl_typesupport_cpp[0m
[ 12%] Built target ament_cmake_python_copy_coursework_world_spawner_lib
[ 23%] Built target cw1_world_spawner__rosidl_typesupport_cpp
[35m[1mConsolidate compiler generated dependencies of target cw1_world_spawner__rosidl_typesupport_introspection_c[0m
[35m[1mConsolidate compiler generated dependencies of target cw1_world_spawner__rosidl_typesupport_fastrtps_c[0m
[ 34%] Built target cw1_world_spawner__rosidl_typesupport_introspection_c
[35m[1mConsolidate compiler generated dependencies of target cw1_world_spawner__rosidl_typesupport_c[0m
[ 45%] Built target cw1_world_spawner__rosidl_typesupport_c
[ 56%] Built target cw1_world_spawner__rosidl_typesupport_fastrtps_c
[35m[1mConsolidate compiler generated dependencies of target cw1_world_spawner__rosidl_typesupport_introspection_cpp[0m
[35m[1mConsolidate compiler generated dependencies of target cw1_world_spawner__rosidl_typesupport_fastrtps_cpp[0m
[ 67%] Built target cw1_world_spawner__rosidl_typesupport_fastrtps_cpp
[ 78%] Built target cw1_world_spawner__rosidl_typesupport_introspection_cpp
running egg_info
writing coursework_world_spawner_lib.egg-info/PKG-INFO
writing dependency_links to coursework_world_spawner_lib.egg-info/dependency_links.txt
writing top-level names to coursework_world_spawner_lib.egg-info/top_level.txt
reading manifest file 'coursework_world_spawner_lib.egg-info/SOURCES.txt'
writing manifest file 'coursework_world_spawner_lib.egg-info/SOURCES.txt'
running egg_info
writing cw1_world_spawner.egg-info/PKG-INFO
writing dependency_links to cw1_world_spawner.egg-info/dependency_links.txt
writing top-level names to cw1_world_spawner.egg-info/top_level.txt
reading manifest file 'cw1_world_spawner.egg-info/SOURCES.txt'
writing manifest file 'cw1_world_spawner.egg-info/SOURCES.txt'
[ 78%] Built target ament_cmake_python_build_coursework_world_spawner_lib_egg
[ 78%] Built target ament_cmake_python_build_cw1_world_spawner_egg
[ 78%] Built target cw1_world_spawner
[ 80%] Built target cw1_world_spawner__py
[35m[1mConsolidate compiler generated dependencies of target cw1_world_spawner__rosidl_generator_py[0m
[ 89%] Built target cw1_world_spawner__rosidl_generator_py
[35m[1mConsolidate compiler generated dependencies of target cw1_world_spawner__rosidl_typesupport_introspection_c__pyext[0m
[35m[1mConsolidate compiler generated dependencies of target cw1_world_spawner__rosidl_typesupport_fastrtps_c__pyext[0m
[ 92%] Built target cw1_world_spawner__rosidl_typesupport_introspection_c__pyext
[ 96%] Built target cw1_world_spawner__rosidl_typesupport_fastrtps_c__pyext
[35m[1mConsolidate compiler generated dependencies of target cw1_world_spawner__rosidl_typesupport_c__pyext[0m
[100%] Built target cw1_world_spawner__rosidl_typesupport_c__pyext
-- Install configuration: ""
-- Up-to-date: /home/bizare/Desktop/cw2_team_14/install/cw1_world_spawner/share/ament_index/resource_index/rosidl_interfaces/cw1_world_spawner
-- Up-to-date: /home/bizare/Desktop/cw2_team_14/install/cw1_world_spawner/include/cw1_world_spawner/cw1_world_spawner
-- Up-to-date: /home/bizare/Desktop/cw2_team_14/install/cw1_world_spawner/include/cw1_world_spawner/cw1_world_spawner/msg
-- Up-to-date: /home/bizare/Desktop/cw2_team_14/install/cw1_world_spawner/include/cw1_world_spawner/cw1_world_spawner/msg/rosidl_generator_c__visibility_control.h
-- Up-to-date: /home/bizare/Desktop/cw2_team_14/install/cw1_world_spawner/include/cw1_world_spawner/cw1_world_spawner/srv
-- Up-to-date: /home/bizare/Desktop/cw2_team_14/install/cw1_world_spawner/include/cw1_world_spawner/cw1_world_spawner/srv/task3_service.h
-- Up-to-date: /home/bizare/Desktop/cw2_team_14/install/cw1_world_spawner/include/cw1_world_spawner/cw1_world_spawner/srv/detail
-- Up-to-date: /home/bizare/Desktop/cw2_team_14/install/cw1_world_spawner/include/cw1_world_spawner/cw1_world_spawner/srv/detail/task1_service__struct.h
-- Up-to-date: /home/bizare/Desktop/cw2_team_14/install/cw1_world_spawner/include/cw1_world_spawner/cw1_world_spawner/srv/detail/task1_service__functions.c
-- Up-to-date: /home/bizare/Desktop/cw2_team_14/install/cw1_world_spawner/include/cw1_world_spawner/cw1_world_spawner/srv/detail/task_setup__functions.c
-- Up-to-date: /home/bizare/Desktop/cw2_team_14/install/cw1_world_spawner/include/cw1_world_spawner/cw1_world_spawner/srv/detail/task3_service__type_support.h
-- Up-to-date: /home/bizare/Desktop/cw2_team_14/install/cw1_world_spawner/include/cw1_world_spawner/cw1_world_spawner/srv/detail/task3_service__functions.h
-- Up-to-date: /home/bizare/Desktop/cw2_team_14/install/cw1_world_spawner/include/cw1_world_spawner/cw1_world_spawner/srv/detail/task1_service__type_support.h
-- Up-to-date: /home/bizare/Desktop/cw2_team_14/install/cw1_world_spawner/include/cw1_world_spawner/cw1_world_spawner/srv/detail/task2_service__type_support.h
-- Up-to-date: /home/bizare/Desktop/cw2_team_14/install/cw1_world_spawner/include/cw1_world_spawner/cw1_world_spawner/srv/detail/task1_service__functions.h
-- Up-to-date: /home/bizare/Desktop/cw2_team_14/install/cw1_world_spawner/include/cw1_world_spawner/cw1_world_spawner/srv/detail/task2_service__functions.c
-- Up-to-date: /home/bizare/Desktop/cw2_team_14/install/cw1_world_spawner/include/cw1_world_spawner/cw1_world_spawner/srv/detail/task2_service__functions.h
-- Up-to-date: /home/bizare/Desktop/cw2_team_14/install/cw1_world_spawner/include/cw1_world_spawner/cw1_world_spawner/srv/detail/task3_service__struct.h
-- Up-to-date: /home/bizare/Desktop/cw2_team_14/install/cw1_world_spawner/include/cw1_world_spawner/cw1_world_spawner/srv/detail/task3_service__functions.c
-- Up-to-date: /home/bizare/Desktop/cw2_team_14/install/cw1_world_spawner/include/cw1_world_spawner/cw1_world_spawner/srv/detail/task_setup__struct.h
-- Up-to-date: /home/bizare/Desktop/cw2_team_14/install/cw1_world_spawner/include/cw1_world_spawner/cw1_world_spawner/srv/detail/task_setup__type_support.h
-- Up-to-date: /home/bizare/Desktop/cw2_team_14/install/cw1_world_spawner/include/cw1_world_spawner/cw1_world_spawner/srv/detail/task2_service__struct.h
-- Up-to-date: /home/bizare/Desktop/cw2_team_14/install/cw1_world_spawner/include/cw1_world_spawner/cw1_world_spawner/srv/detail/task_setup__functions.h
-- Up-to-date: /home/bizare/Desktop/cw2_team_14/install/cw1_world_spawner/include/cw1_world_spawner/cw1_world_spawner/srv/task2_service.h
-- Up-to-date: /home/bizare/Desktop/cw2_team_14/install/cw1_world_spawner/include/cw1_world_spawner/cw1_world_spawner/srv/task1_service.h
-- Up-to-date: /home/bizare/Desktop/cw2_team_14/install/cw1_world_spawner/include/cw1_world_spawner/cw1_world_spawner/srv/task_setup.h
-- Up-to-date: /home/bizare/Desktop/cw2_team_14/install/cw1_world_spawner/share/cw1_world_spawner/environment/library_path.sh
-- Installing: /home/bizare/Desktop/cw2_team_14/install/cw1_world_spawner/share/cw1_world_spawner/environment/library_path.dsv
-- Up-to-date: /home/bizare/Desktop/cw2_team_14/install/cw1_world_spawner/lib/libcw1_world_spawner__rosidl_generator_c.so
-- Up-to-date: /home/bizare/Desktop/cw2_team_14/install/cw1_world_spawner/include/cw1_world_spawner/cw1_world_spawner
-- Up-to-date: /home/bizare/Desktop/cw2_team_14/install/cw1_world_spawner/include/cw1_world_spawner/cw1_world_spawner/msg
-- Up-to-date: /home/bizare/Desktop/cw2_team_14/install/cw1_world_spawner/include/cw1_world_spawner/cw1_world_spawner/msg/rosidl_typesupport_fastrtps_c__visibility_control.h
-- Up-to-date: /home/bizare/Desktop/cw2_team_14/install/cw1_world_spawner/include/cw1_world_spawner/cw1_world_spawner/srv
-- Up-to-date: /home/bizare/Desktop/cw2_team_14/install/cw1_world_spawner/include/cw1_world_spawner/cw1_world_spawner/srv/detail
-- Up-to-date: /home/bizare/Desktop/cw2_team_14/install/cw1_world_spawner/include/cw1_world_spawner/cw1_world_spawner/srv/detail/task2_service__rosidl_typesupport_fastrtps_c.h
-- Up-to-date: /home/bizare/Desktop/cw2_team_14/install/cw1_world_spawner/include/cw1_world_spawner/cw1_world_spawner/srv/detail/task_setup__rosidl_typesupport_fastrtps_c.h
-- Up-to-date: /home/bizare/Desktop/cw2_team_14/install/cw1_world_spawner/include/cw1_world_spawner/cw1_world_spawner/srv/detail/task3_service__rosidl_typesupport_fastrtps_c.h
-- Up-to-date: /home/bizare/Desktop/cw2_team_14/install/cw1_world_spawner/include/cw1_world_spawner/cw1_world_spawner/srv/detail/task1_service__rosidl_typesupport_fastrtps_c.h
-- Up-to-date: /home/bizare/Desktop/cw2_team_14/install/cw1_world_spawner/lib/libcw1_world_spawner__rosidl_typesupport_fastrtps_c.so
-- Up-to-date: /home/bizare/Desktop/cw2_team_14/install/cw1_world_spawner/include/cw1_world_spawner/cw1_world_spawner
-- Up-to-date: /home/bizare/Desktop/cw2_team_14/install/cw1_world_spawner/include/cw1_world_spawner/cw1_world_spawner/msg
-- Up-to-date: /home/bizare/Desktop/cw2_team_14/install/cw1_world_spawner/include/cw1_world_spawner/cw1_world_spawner/msg/rosidl_typesupport_introspection_c__visibility_control.h
-- Up-to-date: /home/bizare/Desktop/cw2_team_14/install/cw1_world_spawner/include/cw1_world_spawner/cw1_world_spawner/srv
-- Up-to-date: /home/bizare/Desktop/cw2_team_14/install/cw1_world_spawner/include/cw1_world_spawner/cw1_world_spawner/srv/detail
-- Up-to-date: /home/bizare/Desktop/cw2_team_14/install/cw1_world_spawner/include/cw1_world_spawner/cw1_world_spawner/srv/detail/task2_service__rosidl_typesupport_introspection_c.h
-- Up-to-date: /home/bizare/Desktop/cw2_team_14/install/cw1_world_spawner/include/cw1_world_spawner/cw1_world_spawner/srv/detail/task_setup__rosidl_typesupport_introspection_c.h
-- Up-to-date: /home/bizare/Desktop/cw2_team_14/install/cw1_world_spawner/include/cw1_world_spawner/cw1_world_spawner/srv/detail/task3_service__type_support.c
-- Up-to-date: /home/bizare/Desktop/cw2_team_14/install/cw1_world_spawner/include/cw1_world_spawner/cw1_world_spawner/srv/detail/task2_service__type_support.c
-- Up-to-date: /home/bizare/Desktop/cw2_team_14/install/cw1_world_spawner/include/cw1_world_spawner/cw1_world_spawner/srv/detail/task1_service__rosidl_typesupport_introspection_c.h
-- Up-to-date: /home/bizare/Desktop/cw2_team_14/install/cw1_world_spawner/include/cw1_world_spawner/cw1_world_spawner/srv/detail/task3_service__rosidl_typesupport_introspection_c.h
-- Up-to-date: /home/bizare/Desktop/cw2_team_14/install/cw1_world_spawner/include/cw1_world_spawner/cw1_world_spawner/srv/detail/task_setup__type_support.c
-- Up-to-date: /home/bizare/Desktop/cw2_team_14/install/cw1_world_spawner/include/cw1_world_spawner/cw1_world_spawner/srv/detail/task1_service__type_support.c
-- Up-to-date: /home/bizare/Desktop/cw2_team_14/install/cw1_world_spawner/lib/libcw1_world_spawner__rosidl_typesupport_introspection_c.so
-- Up-to-date: /home/bizare/Desktop/cw2_team_14/install/cw1_world_spawner/lib/libcw1_world_spawner__rosidl_typesupport_c.so
-- Up-to-date: /home/bizare/Desktop/cw2_team_14/install/cw1_world_spawner/include/cw1_world_spawner/cw1_world_spawner
-- Up-to-date: /home/bizare/Desktop/cw2_team_14/install/cw1_world_spawner/include/cw1_world_spawner/cw1_world_spawner/msg
-- Up-to-date: /home/bizare/Desktop/cw2_team_14/install/cw1_world_spawner/include/cw1_world_spawner/cw1_world_spawner/msg/rosidl_generator_cpp__visibility_control.hpp
-- Up-to-date: /home/bizare/Desktop/cw2_team_14/install/cw1_world_spawner/include/cw1_world_spawner/cw1_world_spawner/srv
-- Up-to-date: /home/bizare/Desktop/cw2_team_14/install/cw1_world_spawner/include/cw1_world_spawner/cw1_world_spawner/srv/task3_service.hpp
-- Up-to-date: /home/bizare/Desktop/cw2_team_14/install/cw1_world_spawner/include/cw1_world_spawner/cw1_world_spawner/srv/task1_service.hpp
-- Up-to-date: /home/bizare/Desktop/cw2_team_14/install/cw1_world_spawner/include/cw1_world_spawner/cw1_world_spawner/srv/task_setup.hpp
-- Up-to-date: /home/bizare/Desktop/cw2_team_14/install/cw1_world_spawner/include/cw1_world_spawner/cw1_world_spawner/srv/detail
-- Up-to-date: /home/bizare/Desktop/cw2_team_14/install/cw1_world_spawner/include/cw1_world_spawner/cw1_world_spawner/srv/detail/task_setup__struct.hpp
-- Up-to-date: /home/bizare/Desktop/cw2_team_14/install/cw1_world_spawner/include/cw1_world_spawner/cw1_world_spawner/srv/detail/task2_service__type_support.hpp
-- Up-to-date: /home/bizare/Desktop/cw2_team_14/install/cw1_world_spawner/include/cw1_world_spawner/cw1_world_spawner/srv/detail/task_setup__type_support.hpp
-- Up-to-date: /home/bizare/Desktop/cw2_team_14/install/cw1_world_spawner/include/cw1_world_spawner/cw1_world_spawner/srv/detail/task3_service__builder.hpp
-- Up-to-date: /home/bizare/Desktop/cw2_team_14/install/cw1_world_spawner/include/cw1_world_spawner/cw1_world_spawner/srv/detail/task1_service__struct.hpp
-- Up-to-date: /home/bizare/Desktop/cw2_team_14/install/cw1_world_spawner/include/cw1_world_spawner/cw1_world_spawner/srv/detail/task2_service__builder.hpp
-- Up-to-date: /home/bizare/Desktop/cw2_team_14/install/cw1_world_spawner/include/cw1_world_spawner/cw1_world_spawner/srv/detail/task1_service__type_support.hpp
-- Up-to-date: /home/bizare/Desktop/cw2_team_14/install/cw1_world_spawner/include/cw1_world_spawner/cw1_world_spawner/srv/detail/task2_service__traits.hpp
-- Up-to-date: /home/bizare/Desktop/cw2_team_14/install/cw1_world_spawner/include/cw1_world_spawner/cw1_world_spawner/srv/detail/task3_service__struct.hpp
-- Up-to-date: /home/bizare/Desktop/cw2_team_14/install/cw1_world_spawner/include/cw1_world_spawner/cw1_world_spawner/srv/detail/task_setup__builder.hpp
-- Up-to-date: /home/bizare/Desktop/cw2_team_14/install/cw1_world_spawner/include/cw1_world_spawner/cw1_world_spawner/srv/detail/task_setup__traits.hpp
-- Up-to-date: /home/bizare/Desktop/cw2_team_14/install/cw1_world_spawner/include/cw1_world_spawner/cw1_world_spawner/srv/detail/task2_service__struct.hpp
-- Up-to-date: /home/bizare/Desktop/cw2_team_14/install/cw1_world_spawner/include/cw1_world_spawner/cw1_world_spawner/srv/detail/task1_service__builder.hpp
-- Up-to-date: /home/bizare/Desktop/cw2_team_14/install/cw1_world_spawner/include/cw1_world_spawner/cw1_world_spawner/srv/detail/task3_service__traits.hpp
-- Up-to-date: /home/bizare/Desktop/cw2_team_14/install/cw1_world_spawner/include/cw1_world_spawner/cw1_world_spawner/srv/detail/task3_service__type_support.hpp
-- Up-to-date: /home/bizare/Desktop/cw2_team_14/install/cw1_world_spawner/include/cw1_world_spawner/cw1_world_spawner/srv/detail/task1_service__traits.hpp
-- Up-to-date: /home/bizare/Desktop/cw2_team_14/install/cw1_world_spawner/include/cw1_world_spawner/cw1_world_spawner/srv/task2_service.hpp
-- Up-to-date: /home/bizare/Desktop/cw2_team_14/install/cw1_world_spawner/include/cw1_world_spawner/cw1_world_spawner
-- Up-to-date: /home/bizare/Desktop/cw2_team_14/install/cw1_world_spawner/include/cw1_world_spawner/cw1_world_spawner/msg
-- Up-to-date: /home/bizare/Desktop/cw2_team_14/install/cw1_world_spawner/include/cw1_world_spawner/cw1_world_spawner/msg/rosidl_typesupport_fastrtps_cpp__visibility_control.h
-- Up-to-date: /home/bizare/Desktop/cw2_team_14/install/cw1_world_spawner/include/cw1_world_spawner/cw1_world_spawner/srv
-- Up-to-date: /home/bizare/Desktop/cw2_team_14/install/cw1_world_spawner/include/cw1_world_spawner/cw1_world_spawner/srv/detail
-- Up-to-date: /home/bizare/Desktop/cw2_team_14/install/cw1_world_spawner/include/cw1_world_spawner/cw1_world_spawner/srv/detail/dds_fastrtps
-- Up-to-date: /home/bizare/Desktop/cw2_team_14/install/cw1_world_spawner/include/cw1_world_spawner/cw1_world_spawner/srv/detail/task_setup__rosidl_typesupport_fastrtps_cpp.hpp
-- Up-to-date: /home/bizare/Desktop/cw2_team_14/install/cw1_world_spawner/include/cw1_world_spawner/cw1_world_spawner/srv/detail/task1_service__rosidl_typesupport_fastrtps_cpp.hpp
-- Up-to-date: /home/bizare/Desktop/cw2_team_14/install/cw1_world_spawner/include/cw1_world_spawner/cw1_world_spawner/srv/detail/task2_service__rosidl_typesupport_fastrtps_cpp.hpp
-- Up-to-date: /home/bizare/Desktop/cw2_team_14/install/cw1_world_spawner/include/cw1_world_spawner/cw1_world_spawner/srv/detail/task3_service__rosidl_typesupport_fastrtps_cpp.hpp
-- Up-to-date: /home/bizare/Desktop/cw2_team_14/install/cw1_world_spawner/lib/libcw1_world_spawner__rosidl_typesupport_fastrtps_cpp.so
-- Up-to-date: /home/bizare/Desktop/cw2_team_14/install/cw1_world_spawner/include/cw1_world_spawner/cw1_world_spawner
-- Up-to-date: /home/bizare/Desktop/cw2_team_14/install/cw1_world_spawner/include/cw1_world_spawner/cw1_world_spawner/srv
-- Up-to-date: /home/bizare/Desktop/cw2_team_14/install/cw1_world_spawner/include/cw1_world_spawner/cw1_world_spawner/srv/detail
-- Up-to-date: /home/bizare/Desktop/cw2_team_14/install/cw1_world_spawner/include/cw1_world_spawner/cw1_world_spawner/srv/detail/task3_service__rosidl_typesupport_introspection_cpp.hpp
-- Up-to-date: /home/bizare/Desktop/cw2_team_14/install/cw1_world_spawner/include/cw1_world_spawner/cw1_world_spawner/srv/detail/task3_service__type_support.cpp
-- Up-to-date: /home/bizare/Desktop/cw2_team_14/install/cw1_world_spawner/include/cw1_world_spawner/cw1_world_spawner/srv/detail/task2_service__type_support.cpp
-- Up-to-date: /home/bizare/Desktop/cw2_team_14/install/cw1_world_spawner/include/cw1_world_spawner/cw1_world_spawner/srv/detail/task2_service__rosidl_typesupport_introspection_cpp.hpp
-- Up-to-date: /home/bizare/Desktop/cw2_team_14/install/cw1_world_spawner/include/cw1_world_spawner/cw1_world_spawner/srv/detail/task1_service__rosidl_typesupport_introspection_cpp.hpp
-- Up-to-date: /home/bizare/Desktop/cw2_team_14/install/cw1_world_spawner/include/cw1_world_spawner/cw1_world_spawner/srv/detail/task_setup__type_support.cpp
-- Up-to-date: /home/bizare/Desktop/cw2_team_14/install/cw1_world_spawner/include/cw1_world_spawner/cw1_world_spawner/srv/detail/task_setup__rosidl_typesupport_introspection_cpp.hpp
-- Up-to-date: /home/bizare/Desktop/cw2_team_14/install/cw1_world_spawner/include/cw1_world_spawner/cw1_world_spawner/srv/detail/task1_service__type_support.cpp
-- Up-to-date: /home/bizare/Desktop/cw2_team_14/install/cw1_world_spawner/lib/libcw1_world_spawner__rosidl_typesupport_introspection_cpp.so
-- Up-to-date: /home/bizare/Desktop/cw2_team_14/install/cw1_world_spawner/lib/libcw1_world_spawner__rosidl_typesupport_cpp.so
-- Up-to-date: /home/bizare/Desktop/cw2_team_14/install/cw1_world_spawner/share/cw1_world_spawner/environment/pythonpath.sh
-- Installing: /home/bizare/Desktop/cw2_team_14/install/cw1_world_spawner/share/cw1_world_spawner/environment/pythonpath.dsv
-- Up-to-date: /home/bizare/Desktop/cw2_team_14/install/cw1_world_spawner/local/lib/python3.10/dist-packages/cw1_world_spawner-0.1.0-py3.10.egg-info
-- Installing: /home/bizare/Desktop/cw2_team_14/install/cw1_world_spawner/local/lib/python3.10/dist-packages/cw1_world_spawner-0.1.0-py3.10.egg-info/SOURCES.txt
-- Installing: /home/bizare/Desktop/cw2_team_14/install/cw1_world_spawner/local/lib/python3.10/dist-packages/cw1_world_spawner-0.1.0-py3.10.egg-info/dependency_links.txt
-- Installing: /home/bizare/Desktop/cw2_team_14/install/cw1_world_spawner/local/lib/python3.10/dist-packages/cw1_world_spawner-0.1.0-py3.10.egg-info/PKG-INFO
-- Installing: /home/bizare/Desktop/cw2_team_14/install/cw1_world_spawner/local/lib/python3.10/dist-packages/cw1_world_spawner-0.1.0-py3.10.egg-info/top_level.txt
-- Up-to-date: /home/bizare/Desktop/cw2_team_14/install/cw1_world_spawner/local/lib/python3.10/dist-packages/cw1_world_spawner
-- Up-to-date: /home/bizare/Desktop/cw2_team_14/install/cw1_world_spawner/local/lib/python3.10/dist-packages/cw1_world_spawner/libcw1_world_spawner__rosidl_generator_py.so
-- Up-to-date: /home/bizare/Desktop/cw2_team_14/install/cw1_world_spawner/local/lib/python3.10/dist-packages/cw1_world_spawner/cw1_world_spawner_s__rosidl_typesupport_c.cpython-310-x86_64-linux-gnu.so
-- Installing: /home/bizare/Desktop/cw2_team_14/install/cw1_world_spawner/local/lib/python3.10/dist-packages/cw1_world_spawner/__init__.py
-- Up-to-date: /home/bizare/Desktop/cw2_team_14/install/cw1_world_spawner/local/lib/python3.10/dist-packages/cw1_world_spawner/_cw1_world_spawner_s.ep.rosidl_typesupport_fastrtps_c.c
-- Up-to-date: /home/bizare/Desktop/cw2_team_14/install/cw1_world_spawner/local/lib/python3.10/dist-packages/cw1_world_spawner/_cw1_world_spawner_s.ep.rosidl_typesupport_introspection_c.c
-- Up-to-date: /home/bizare/Desktop/cw2_team_14/install/cw1_world_spawner/local/lib/python3.10/dist-packages/cw1_world_spawner/cw1_world_spawner_s__rosidl_typesupport_introspection_c.cpython-310-x86_64-linux-gnu.so
-- Up-to-date: /home/bizare/Desktop/cw2_team_14/install/cw1_world_spawner/local/lib/python3.10/dist-packages/cw1_world_spawner/_cw1_world_spawner_s.ep.rosidl_typesupport_c.c
-- Up-to-date: /home/bizare/Desktop/cw2_team_14/install/cw1_world_spawner/local/lib/python3.10/dist-packages/cw1_world_spawner/cw1_world_spawner_s__rosidl_typesupport_fastrtps_c.cpython-310-x86_64-linux-gnu.so
-- Up-to-date: /home/bizare/Desktop/cw2_team_14/install/cw1_world_spawner/local/lib/python3.10/dist-packages/cw1_world_spawner/srv
-- Up-to-date: /home/bizare/Desktop/cw2_team_14/install/cw1_world_spawner/local/lib/python3.10/dist-packages/cw1_world_spawner/srv/_task3_service_s.c
-- Up-to-date: /home/bizare/Desktop/cw2_team_14/install/cw1_world_spawner/local/lib/python3.10/dist-packages/cw1_world_spawner/srv/_task1_service_s.c
-- Up-to-date: /home/bizare/Desktop/cw2_team_14/install/cw1_world_spawner/local/lib/python3.10/dist-packages/cw1_world_spawner/srv/__init__.py
-- Up-to-date: /home/bizare/Desktop/cw2_team_14/install/cw1_world_spawner/local/lib/python3.10/dist-packages/cw1_world_spawner/srv/_task_setup_s.c
-- Up-to-date: /home/bizare/Desktop/cw2_team_14/install/cw1_world_spawner/local/lib/python3.10/dist-packages/cw1_world_spawner/srv/_task2_service_s.c
-- Up-to-date: /home/bizare/Desktop/cw2_team_14/install/cw1_world_spawner/local/lib/python3.10/dist-packages/cw1_world_spawner/srv/_task_setup.py
-- Up-to-date: /home/bizare/Desktop/cw2_team_14/install/cw1_world_spawner/local/lib/python3.10/dist-packages/cw1_world_spawner/srv/_task2_service.py
-- Up-to-date: /home/bizare/Desktop/cw2_team_14/install/cw1_world_spawner/local/lib/python3.10/dist-packages/cw1_world_spawner/srv/_task1_service.py
-- Up-to-date: /home/bizare/Desktop/cw2_team_14/install/cw1_world_spawner/local/lib/python3.10/dist-packages/cw1_world_spawner/srv/_task3_service.py
Listing '/home/bizare/Desktop/cw2_team_14/install/cw1_world_spawner/local/lib/python3.10/dist-packages/cw1_world_spawner'...
Compiling '/home/bizare/Desktop/cw2_team_14/install/cw1_world_spawner/local/lib/python3.10/dist-packages/cw1_world_spawner/__init__.py'...
Listing '/home/bizare/Desktop/cw2_team_14/install/cw1_world_spawner/local/lib/python3.10/dist-packages/cw1_world_spawner/srv'...
-- Up-to-date: /home/bizare/Desktop/cw2_team_14/install/cw1_world_spawner/local/lib/python3.10/dist-packages/cw1_world_spawner/cw1_world_spawner_s__rosidl_typesupport_fastrtps_c.cpython-310-x86_64-linux-gnu.so
-- Up-to-date: /home/bizare/Desktop/cw2_team_14/install/cw1_world_spawner/local/lib/python3.10/dist-packages/cw1_world_spawner/cw1_world_spawner_s__rosidl_typesupport_introspection_c.cpython-310-x86_64-linux-gnu.so
-- Up-to-date: /home/bizare/Desktop/cw2_team_14/install/cw1_world_spawner/local/lib/python3.10/dist-packages/cw1_world_spawner/cw1_world_spawner_s__rosidl_typesupport_c.cpython-310-x86_64-linux-gnu.so
-- Up-to-date: /home/bizare/Desktop/cw2_team_14/install/cw1_world_spawner/lib/libcw1_world_spawner__rosidl_generator_py.so
-- Up-to-date: /home/bizare/Desktop/cw2_team_14/install/cw1_world_spawner/share/cw1_world_spawner/srv/TaskSetup.idl
-- Up-to-date: /home/bizare/Desktop/cw2_team_14/install/cw1_world_spawner/share/cw1_world_spawner/srv/Task1Service.idl
-- Up-to-date: /home/bizare/Desktop/cw2_team_14/install/cw1_world_spawner/share/cw1_world_spawner/srv/Task2Service.idl
-- Up-to-date: /home/bizare/Desktop/cw2_team_14/install/cw1_world_spawner/share/cw1_world_spawner/srv/Task3Service.idl
-- Installing: /home/bizare/Desktop/cw2_team_14/install/cw1_world_spawner/share/cw1_world_spawner/srv/TaskSetup.srv
-- Up-to-date: /home/bizare/Desktop/cw2_team_14/install/cw1_world_spawner/share/cw1_world_spawner/srv/TaskSetup_Request.msg
-- Up-to-date: /home/bizare/Desktop/cw2_team_14/install/cw1_world_spawner/share/cw1_world_spawner/srv/TaskSetup_Response.msg
-- Installing: /home/bizare/Desktop/cw2_team_14/install/cw1_world_spawner/share/cw1_world_spawner/srv/Task1Service.srv
-- Up-to-date: /home/bizare/Desktop/cw2_team_14/install/cw1_world_spawner/share/cw1_world_spawner/srv/Task1Service_Request.msg
-- Up-to-date: /home/bizare/Desktop/cw2_team_14/install/cw1_world_spawner/share/cw1_world_spawner/srv/Task1Service_Response.msg
-- Installing: /home/bizare/Desktop/cw2_team_14/install/cw1_world_spawner/share/cw1_world_spawner/srv/Task2Service.srv
-- Up-to-date: /home/bizare/Desktop/cw2_team_14/install/cw1_world_spawner/share/cw1_world_spawner/srv/Task2Service_Request.msg
-- Up-to-date: /home/bizare/Desktop/cw2_team_14/install/cw1_world_spawner/share/cw1_world_spawner/srv/Task2Service_Response.msg
-- Installing: /home/bizare/Desktop/cw2_team_14/install/cw1_world_spawner/share/cw1_world_spawner/srv/Task3Service.srv
-- Up-to-date: /home/bizare/Desktop/cw2_team_14/install/cw1_world_spawner/share/cw1_world_spawner/srv/Task3Service_Request.msg
-- Up-to-date: /home/bizare/Desktop/cw2_team_14/install/cw1_world_spawner/share/cw1_world_spawner/srv/Task3Service_Response.msg
-- Up-to-date: /home/bizare/Desktop/cw2_team_14/install/cw1_world_spawner/local/lib/python3.10/dist-packages/coursework_world_spawner_lib-0.1.0-py3.10.egg-info
-- Installing: /home/bizare/Desktop/cw2_team_14/install/cw1_world_spawner/local/lib/python3.10/dist-packages/coursework_world_spawner_lib-0.1.0-py3.10.egg-info/SOURCES.txt
-- Installing: /home/bizare/Desktop/cw2_team_14/install/cw1_world_spawner/local/lib/python3.10/dist-packages/coursework_world_spawner_lib-0.1.0-py3.10.egg-info/dependency_links.txt
-- Installing: /home/bizare/Desktop/cw2_team_14/install/cw1_world_spawner/local/lib/python3.10/dist-packages/coursework_world_spawner_lib-0.1.0-py3.10.egg-info/PKG-INFO
-- Installing: /home/bizare/Desktop/cw2_team_14/install/cw1_world_spawner/local/lib/python3.10/dist-packages/coursework_world_spawner_lib-0.1.0-py3.10.egg-info/top_level.txt
-- Up-to-date: /home/bizare/Desktop/cw2_team_14/install/cw1_world_spawner/local/lib/python3.10/dist-packages/coursework_world_spawner_lib
-- Installing: /home/bizare/Desktop/cw2_team_14/install/cw1_world_spawner/local/lib/python3.10/dist-packages/coursework_world_spawner_lib/__init__.py
-- Installing: /home/bizare/Desktop/cw2_team_14/install/cw1_world_spawner/local/lib/python3.10/dist-packages/coursework_world_spawner_lib/coursework_world_spawner.py
Listing '/home/bizare/Desktop/cw2_team_14/install/cw1_world_spawner/local/lib/python3.10/dist-packages/coursework_world_spawner_lib'...
Compiling '/home/bizare/Desktop/cw2_team_14/install/cw1_world_spawner/local/lib/python3.10/dist-packages/coursework_world_spawner_lib/__init__.py'...
Compiling '/home/bizare/Desktop/cw2_team_14/install/cw1_world_spawner/local/lib/python3.10/dist-packages/coursework_world_spawner_lib/coursework_world_spawner.py'...
-- Installing: /home/bizare/Desktop/cw2_team_14/install/cw1_world_spawner/lib/cw1_world_spawner/world_spawner.py
-- Installing: /home/bizare/Desktop/cw2_team_14/install/cw1_world_spawner/lib/cw1_world_spawner/test_coursework.py
-- Up-to-date: /home/bizare/Desktop/cw2_team_14/install/cw1_world_spawner/share/cw1_world_spawner/models
-- Up-to-date: /home/bizare/Desktop/cw2_team_14/install/cw1_world_spawner/share/cw1_world_spawner/models/basket_blue
-- Installing: /home/bizare/Desktop/cw2_team_14/install/cw1_world_spawner/share/cw1_world_spawner/models/basket_blue/model.config
-- Installing: /home/bizare/Desktop/cw2_team_14/install/cw1_world_spawner/share/cw1_world_spawner/models/basket_blue/model.sdf.xmacro
-- Installing: /home/bizare/Desktop/cw2_team_14/install/cw1_world_spawner/share/cw1_world_spawner/models/basket_blue/model.sdf
-- Up-to-date: /home/bizare/Desktop/cw2_team_14/install/cw1_world_spawner/share/cw1_world_spawner/models/all_tiles
-- Installing: /home/bizare/Desktop/cw2_team_14/install/cw1_world_spawner/share/cw1_world_spawner/models/all_tiles/model.config
-- Installing: /home/bizare/Desktop/cw2_team_14/install/cw1_world_spawner/share/cw1_world_spawner/models/all_tiles/model.sdf.xmacro
-- Installing: /home/bizare/Desktop/cw2_team_14/install/cw1_world_spawner/share/cw1_world_spawner/models/all_tiles/model.sdf
-- Up-to-date: /home/bizare/Desktop/cw2_team_14/install/cw1_world_spawner/share/cw1_world_spawner/models/basket_purple
-- Installing: /home/bizare/Desktop/cw2_team_14/install/cw1_world_spawner/share/cw1_world_spawner/models/basket_purple/model.config
-- Installing: /home/bizare/Desktop/cw2_team_14/install/cw1_world_spawner/share/cw1_world_spawner/models/basket_purple/model.sdf.xmacro
-- Installing: /home/bizare/Desktop/cw2_team_14/install/cw1_world_spawner/share/cw1_world_spawner/models/basket_purple/model.sdf
-- Up-to-date: /home/bizare/Desktop/cw2_team_14/install/cw1_world_spawner/share/cw1_world_spawner/models/box
-- Installing: /home/bizare/Desktop/cw2_team_14/install/cw1_world_spawner/share/cw1_world_spawner/models/box/model.config
-- Installing: /home/bizare/Desktop/cw2_team_14/install/cw1_world_spawner/share/cw1_world_spawner/models/box/model.sdf
-- Up-to-date: /home/bizare/Desktop/cw2_team_14/install/cw1_world_spawner/share/cw1_world_spawner/models/basket
-- Installing: /home/bizare/Desktop/cw2_team_14/install/cw1_world_spawner/share/cw1_world_spawner/models/basket/model.config
-- Installing: /home/bizare/Desktop/cw2_team_14/install/cw1_world_spawner/share/cw1_world_spawner/models/basket/model.sdf.xmacro
-- Installing: /home/bizare/Desktop/cw2_team_14/install/cw1_world_spawner/share/cw1_world_spawner/models/basket/model.sdf
-- Up-to-date: /home/bizare/Desktop/cw2_team_14/install/cw1_world_spawner/share/cw1_world_spawner/models/box_blue
-- Installing: /home/bizare/Desktop/cw2_team_14/install/cw1_world_spawner/share/cw1_world_spawner/models/box_blue/model.config
-- Installing: /home/bizare/Desktop/cw2_team_14/install/cw1_world_spawner/share/cw1_world_spawner/models/box_blue/model.sdf
-- Up-to-date: /home/bizare/Desktop/cw2_team_14/install/cw1_world_spawner/share/cw1_world_spawner/models/basket_red
-- Installing: /home/bizare/Desktop/cw2_team_14/install/cw1_world_spawner/share/cw1_world_spawner/models/basket_red/model.config
-- Installing: /home/bizare/Desktop/cw2_team_14/install/cw1_world_spawner/share/cw1_world_spawner/models/basket_red/model.sdf.xmacro
-- Installing: /home/bizare/Desktop/cw2_team_14/install/cw1_world_spawner/share/cw1_world_spawner/models/basket_red/model.sdf
-- Up-to-date: /home/bizare/Desktop/cw2_team_14/install/cw1_world_spawner/share/cw1_world_spawner/models/object-golf-tile
-- Installing: /home/bizare/Desktop/cw2_team_14/install/cw1_world_spawner/share/cw1_world_spawner/models/object-golf-tile/model.config
-- Installing: /home/bizare/Desktop/cw2_team_14/install/cw1_world_spawner/share/cw1_world_spawner/models/object-golf-tile/model.sdf
-- Up-to-date: /home/bizare/Desktop/cw2_team_14/install/cw1_world_spawner/share/cw1_world_spawner/models/box_red
-- Installing: /home/bizare/Desktop/cw2_team_14/install/cw1_world_spawner/share/cw1_world_spawner/models/box_red/model.config
-- Installing: /home/bizare/Desktop/cw2_team_14/install/cw1_world_spawner/share/cw1_world_spawner/models/box_red/model.sdf
-- Up-to-date: /home/bizare/Desktop/cw2_team_14/install/cw1_world_spawner/share/cw1_world_spawner/models/box_purple
-- Installing: /home/bizare/Desktop/cw2_team_14/install/cw1_world_spawner/share/cw1_world_spawner/models/box_purple/model.config
-- Installing: /home/bizare/Desktop/cw2_team_14/install/cw1_world_spawner/share/cw1_world_spawner/models/box_purple/model.sdf
-- Up-to-date: /home/bizare/Desktop/cw2_team_14/install/cw1_world_spawner/share/cw1_world_spawner/launch
-- Installing: /home/bizare/Desktop/cw2_team_14/install/cw1_world_spawner/share/cw1_world_spawner/launch/world_spawner.launch.py
-- Installing: /home/bizare/Desktop/cw2_team_14/install/cw1_world_spawner/share/cw1_world_spawner/launch/test_coursework.launch.py
-- Up-to-date: /home/bizare/Desktop/cw2_team_14/install/cw1_world_spawner/share/ament_index/resource_index/package_run_dependencies/cw1_world_spawner
-- Installing: /home/bizare/Desktop/cw2_team_14/install/cw1_world_spawner/share/ament_index/resource_index/parent_prefix_path/cw1_world_spawner
-- Up-to-date: /home/bizare/Desktop/cw2_team_14/install/cw1_world_spawner/share/cw1_world_spawner/environment/ament_prefix_path.sh
-- Installing: /home/bizare/Desktop/cw2_team_14/install/cw1_world_spawner/share/cw1_world_spawner/environment/ament_prefix_path.dsv
-- Up-to-date: /home/bizare/Desktop/cw2_team_14/install/cw1_world_spawner/share/cw1_world_spawner/environment/path.sh
-- Installing: /home/bizare/Desktop/cw2_team_14/install/cw1_world_spawner/share/cw1_world_spawner/environment/path.dsv
-- Up-to-date: /home/bizare/Desktop/cw2_team_14/install/cw1_world_spawner/share/cw1_world_spawner/local_setup.bash
-- Up-to-date: /home/bizare/Desktop/cw2_team_14/install/cw1_world_spawner/share/cw1_world_spawner/local_setup.sh
-- Up-to-date: /home/bizare/Desktop/cw2_team_14/install/cw1_world_spawner/share/cw1_world_spawner/local_setup.zsh
-- Installing: /home/bizare/Desktop/cw2_team_14/install/cw1_world_spawner/share/cw1_world_spawner/local_setup.dsv
-- Installing: /home/bizare/Desktop/cw2_team_14/install/cw1_world_spawner/share/cw1_world_spawner/package.dsv
-- Up-to-date: /home/bizare/Desktop/cw2_team_14/install/cw1_world_spawner/share/ament_index/resource_index/packages/cw1_world_spawner
-- Up-to-date: /home/bizare/Desktop/cw2_team_14/install/cw1_world_spawner/share/cw1_world_spawner/cmake/export_cw1_world_spawner__rosidl_generator_cExport.cmake
-- Up-to-date: /home/bizare/Desktop/cw2_team_14/install/cw1_world_spawner/share/cw1_world_spawner/cmake/export_cw1_world_spawner__rosidl_generator_cExport-noconfig.cmake
-- Up-to-date: /home/bizare/Desktop/cw2_team_14/install/cw1_world_spawner/share/cw1_world_spawner/cmake/export_cw1_world_spawner__rosidl_typesupport_fastrtps_cExport.cmake
-- Up-to-date: /home/bizare/Desktop/cw2_team_14/install/cw1_world_spawner/share/cw1_world_spawner/cmake/export_cw1_world_spawner__rosidl_typesupport_fastrtps_cExport-noconfig.cmake
-- Up-to-date: /home/bizare/Desktop/cw2_team_14/install/cw1_world_spawner/share/cw1_world_spawner/cmake/cw1_world_spawner__rosidl_typesupport_introspection_cExport.cmake
-- Up-to-date: /home/bizare/Desktop/cw2_team_14/install/cw1_world_spawner/share/cw1_world_spawner/cmake/cw1_world_spawner__rosidl_typesupport_introspection_cExport-noconfig.cmake
-- Up-to-date: /home/bizare/Desktop/cw2_team_14/install/cw1_world_spawner/share/cw1_world_spawner/cmake/cw1_world_spawner__rosidl_typesupport_cExport.cmake
-- Up-to-date: /home/bizare/Desktop/cw2_team_14/install/cw1_world_spawner/share/cw1_world_spawner/cmake/cw1_world_spawner__rosidl_typesupport_cExport-noconfig.cmake
-- Up-to-date: /home/bizare/Desktop/cw2_team_14/install/cw1_world_spawner/share/cw1_world_spawner/cmake/export_cw1_world_spawner__rosidl_generator_cppExport.cmake
-- Up-to-date: /home/bizare/Desktop/cw2_team_14/install/cw1_world_spawner/share/cw1_world_spawner/cmake/export_cw1_world_spawner__rosidl_typesupport_fastrtps_cppExport.cmake
-- Up-to-date: /home/bizare/Desktop/cw2_team_14/install/cw1_world_spawner/share/cw1_world_spawner/cmake/export_cw1_world_spawner__rosidl_typesupport_fastrtps_cppExport-noconfig.cmake
-- Up-to-date: /home/bizare/Desktop/cw2_team_14/install/cw1_world_spawner/share/cw1_world_spawner/cmake/cw1_world_spawner__rosidl_typesupport_introspection_cppExport.cmake
-- Up-to-date: /home/bizare/Desktop/cw2_team_14/install/cw1_world_spawner/share/cw1_world_spawner/cmake/cw1_world_spawner__rosidl_typesupport_introspection_cppExport-noconfig.cmake
-- Up-to-date: /home/bizare/Desktop/cw2_team_14/install/cw1_world_spawner/share/cw1_world_spawner/cmake/cw1_world_spawner__rosidl_typesupport_cppExport.cmake
-- Up-to-date: /home/bizare/Desktop/cw2_team_14/install/cw1_world_spawner/share/cw1_world_spawner/cmake/cw1_world_spawner__rosidl_typesupport_cppExport-noconfig.cmake
-- Up-to-date: /home/bizare/Desktop/cw2_team_14/install/cw1_world_spawner/share/cw1_world_spawner/cmake/export_cw1_world_spawner__rosidl_generator_pyExport.cmake
-- Up-to-date: /home/bizare/Desktop/cw2_team_14/install/cw1_world_spawner/share/cw1_world_spawner/cmake/export_cw1_world_spawner__rosidl_generator_pyExport-noconfig.cmake
-- Up-to-date: /home/bizare/Desktop/cw2_team_14/install/cw1_world_spawner/share/cw1_world_spawner/cmake/rosidl_cmake-extras.cmake
-- Up-to-date: /home/bizare/Desktop/cw2_team_14/install/cw1_world_spawner/share/cw1_world_spawner/cmake/ament_cmake_export_dependencies-extras.cmake
-- Up-to-date: /home/bizare/Desktop/cw2_team_14/install/cw1_world_spawner/share/cw1_world_spawner/cmake/ament_cmake_export_include_directories-extras.cmake
-- Up-to-date: /home/bizare/Desktop/cw2_team_14/install/cw1_world_spawner/share/cw1_world_spawner/cmake/ament_cmake_export_libraries-extras.cmake
-- Up-to-date: /home/bizare/Desktop/cw2_team_14/install/cw1_world_spawner/share/cw1_world_spawner/cmake/ament_cmake_export_targets-extras.cmake
-- Up-to-date: /home/bizare/Desktop/cw2_team_14/install/cw1_world_spawner/share/cw1_world_spawner/cmake/rosidl_cmake_export_typesupport_targets-extras.cmake
-- Up-to-date: /home/bizare/Desktop/cw2_team_14/install/cw1_world_spawner/share/cw1_world_spawner/cmake/rosidl_cmake_export_typesupport_libraries-extras.cmake
-- Up-to-date: /home/bizare/Desktop/cw2_team_14/install/cw1_world_spawner/share/cw1_world_spawner/cmake/cw1_world_spawnerConfig.cmake
-- Up-to-date: /home/bizare/Desktop/cw2_team_14/install/cw1_world_spawner/share/cw1_world_spawner/cmake/cw1_world_spawnerConfig-version.cmake
-- Installing: /home/bizare/Desktop/cw2_team_14/install/cw1_world_spawner/share/cw1_world_spawner/package.xml
