[0.037s] Invoking command in '/home/czg22/comp0250_s26_labs/build/cw2_world_spawner': CMAKE_PREFIX_PATH=${CMAKE_PREFIX_PATH}:/home/czg22/ws_moveit2/install/moveit_configs_utils:/home/czg22/ws_moveit2/install/launch_param_builder:/opt/ros/humble /usr/bin/cmake /home/czg22/comp0250_s26_labs/src/courseworks/cw2_world_spawner -DCMAKE_INSTALL_PREFIX=/home/czg22/comp0250_s26_labs/install/cw2_world_spawner
[0.187s] -- The C compiler identification is GNU 11.4.0
[0.398s] -- The CXX compiler identification is GNU 11.4.0
[0.535s] -- Detecting C compiler ABI info
[0.663s] -- Detecting C compiler ABI info - done
[0.668s] -- Check for working C compiler: /usr/bin/cc - skipped
[0.668s] -- Detecting C compile features
[0.669s] -- Detecting C compile features - done
[0.670s] -- Detecting CXX compiler ABI info
[0.806s] -- Detecting CXX compiler ABI info - done
[0.810s] -- Check for working CXX compiler: /usr/bin/c++ - skipped
[0.810s] -- Detecting CXX compile features
[0.811s] -- Detecting CXX compile features - done
[0.819s] -- Found ament_cmake: 1.3.13 (/opt/ros/humble/share/ament_cmake/cmake)
[0.961s] -- Found Python3: /usr/bin/python3 (found version "3.10.12") found components: Interpreter 
[1.129s] -- Found rosidl_default_generators: 1.2.0 (/opt/ros/humble/share/rosidl_default_generators/cmake)
[1.147s] -- Using all available rosidl_typesupport_c: rosidl_typesupport_fastrtps_c;rosidl_typesupport_introspection_c
[1.178s] -- Found rosidl_adapter: 3.1.8 (/opt/ros/humble/share/rosidl_adapter/cmake)
[1.352s] -- Using all available rosidl_typesupport_cpp: rosidl_typesupport_fastrtps_cpp;rosidl_typesupport_introspection_cpp
[1.428s] -- Found geometry_msgs: 4.9.1 (/opt/ros/humble/share/geometry_msgs/cmake)
[1.738s] -- Found ament_cmake_ros: 0.10.0 (/opt/ros/humble/share/ament_cmake_ros/cmake)
[1.969s] -- Using all available rosidl_typesupport_c: rosidl_typesupport_fastrtps_c;rosidl_typesupport_introspection_c
[2.238s] -- Using all available rosidl_typesupport_cpp: rosidl_typesupport_fastrtps_cpp;rosidl_typesupport_introspection_cpp
[2.303s] -- Found PythonInterp: /usr/bin/python3 (found suitable version "3.10.12", minimum required is "3.6") 
[2.312s] -- Found python_cmake_module: 0.10.0 (/opt/ros/humble/share/python_cmake_module/cmake)
[2.470s] -- Found PythonLibs: /usr/lib/x86_64-linux-gnu/libpython3.10.so (found suitable version "3.10.12", minimum required is "3.5") 
[2.470s] -- Using PYTHON_EXECUTABLE: /usr/bin/python3
[2.470s] -- Using PYTHON_INCLUDE_DIRS: /usr/include/python3.10
[2.470s] -- Using PYTHON_LIBRARIES: /usr/lib/x86_64-linux-gnu/libpython3.10.so
[2.490s] -- Found PythonExtra: .so  
[2.587s] -- Found ament_lint_auto: 0.12.15 (/opt/ros/humble/share/ament_lint_auto/cmake)
[2.673s] -- Added test 'flake8' to check Python code syntax and style conventions
[2.676s] -- Added test 'lint_cmake' to check CMake code style
[2.679s] -- Added test 'pep257' to check Python code against some of the docstring style conventions in PEP 257
[2.689s] -- Added test 'xmllint' to check XML markup files
[2.694s] -- Configuring done
[2.756s] -- Generating done
[2.766s] -- Build files have been written to: /home/czg22/comp0250_s26_labs/build/cw2_world_spawner
[2.776s] Invoked command in '/home/czg22/comp0250_s26_labs/build/cw2_world_spawner' returned '0': CMAKE_PREFIX_PATH=${CMAKE_PREFIX_PATH}:/home/czg22/ws_moveit2/install/moveit_configs_utils:/home/czg22/ws_moveit2/install/launch_param_builder:/opt/ros/humble /usr/bin/cmake /home/czg22/comp0250_s26_labs/src/courseworks/cw2_world_spawner -DCMAKE_INSTALL_PREFIX=/home/czg22/comp0250_s26_labs/install/cw2_world_spawner
[2.778s] Invoking command in '/home/czg22/comp0250_s26_labs/build/cw2_world_spawner': CMAKE_PREFIX_PATH=${CMAKE_PREFIX_PATH}:/home/czg22/ws_moveit2/install/moveit_configs_utils:/home/czg22/ws_moveit2/install/launch_param_builder:/opt/ros/humble /usr/bin/cmake --build /home/czg22/comp0250_s26_labs/build/cw2_world_spawner -- -j32 -l32
[2.843s] [  1%] [34m[1mGenerating C code for ROS interfaces[0m
[2.859s] [  3%] [34m[1mGenerating C++ code for ROS interfaces[0m
[2.873s] [  3%] Built target ament_cmake_python_copy_cw2_world_spawner
[2.874s] [  3%] Built target ament_cmake_python_copy_cw2_world_spawner_lib
[3.065s] running egg_info
[3.065s] running egg_info
[3.065s] creating cw2_world_spawner_lib.egg-info
[3.065s] creating cw2_world_spawner.egg-info
[3.065s] writing cw2_world_spawner.egg-info/PKG-INFO
[3.065s] writing cw2_world_spawner_lib.egg-info/PKG-INFO
[3.066s] writing dependency_links to cw2_world_spawner_lib.egg-info/dependency_links.txt
[3.066s] writing dependency_links to cw2_world_spawner.egg-info/dependency_links.txt
[3.066s] writing top-level names to cw2_world_spawner.egg-info/top_level.txt
[3.066s] writing top-level names to cw2_world_spawner_lib.egg-info/top_level.txt
[3.066s] writing manifest file 'cw2_world_spawner_lib.egg-info/SOURCES.txt'
[3.066s] writing manifest file 'cw2_world_spawner.egg-info/SOURCES.txt'
[3.068s] reading manifest file 'cw2_world_spawner_lib.egg-info/SOURCES.txt'
[3.068s] reading manifest file 'cw2_world_spawner.egg-info/SOURCES.txt'
[3.069s] writing manifest file 'cw2_world_spawner_lib.egg-info/SOURCES.txt'
[3.069s] writing manifest file 'cw2_world_spawner.egg-info/SOURCES.txt'
[3.098s] [  3%] Built target ament_cmake_python_build_cw2_world_spawner_egg
[3.100s] [  3%] Built target ament_cmake_python_build_cw2_world_spawner_lib_egg
[3.199s] [  3%] Built target cw2_world_spawner__cpp
[3.209s] [  5%] [32mBuilding C object CMakeFiles/cw2_world_spawner__rosidl_generator_c.dir/rosidl_generator_c/cw2_world_spawner/srv/detail/task3_service__functions.c.o[0m
[3.209s] [  9%] [32mBuilding C object CMakeFiles/cw2_world_spawner__rosidl_generator_c.dir/rosidl_generator_c/cw2_world_spawner/srv/detail/task_setup__functions.c.o[0m
[3.209s] [  9%] [32mBuilding C object CMakeFiles/cw2_world_spawner__rosidl_generator_c.dir/rosidl_generator_c/cw2_world_spawner/srv/detail/task2_service__functions.c.o[0m
[3.209s] [ 10%] [32mBuilding C object CMakeFiles/cw2_world_spawner__rosidl_generator_c.dir/rosidl_generator_c/cw2_world_spawner/srv/detail/task1_service__functions.c.o[0m
[3.217s] [ 12%] [34m[1mGenerating C++ type support for eProsima Fast-RTPS[0m
[3.218s] [ 14%] [34m[1mGenerating C++ introspection for ROS interfaces[0m
[3.219s] [ 16%] [34m[1mGenerating C++ type support dispatch for ROS interfaces[0m
[3.282s] [ 18%] [32m[1mLinking C shared library libcw2_world_spawner__rosidl_generator_c.so[0m
[3.371s] [ 18%] Built target cw2_world_spawner__rosidl_generator_c
[3.390s] [ 21%] [34m[1mGenerating C type support for eProsima Fast-RTPS[0m
[3.390s] [ 21%] [34m[1mGenerating C introspection for ROS interfaces[0m
[3.390s] [ 23%] [34m[1mGenerating C type support dispatch for ROS interfaces[0m
[3.472s] [ 25%] [32mBuilding CXX object CMakeFiles/cw2_world_spawner__rosidl_typesupport_cpp.dir/rosidl_typesupport_cpp/cw2_world_spawner/srv/task_setup__type_support.cpp.o[0m
[3.473s] [ 27%] [32mBuilding CXX object CMakeFiles/cw2_world_spawner__rosidl_typesupport_cpp.dir/rosidl_typesupport_cpp/cw2_world_spawner/srv/task1_service__type_support.cpp.o[0m
[3.473s] [ 29%] [32mBuilding CXX object CMakeFiles/cw2_world_spawner__rosidl_typesupport_cpp.dir/rosidl_typesupport_cpp/cw2_world_spawner/srv/task2_service__type_support.cpp.o[0m
[3.474s] [ 30%] [32mBuilding CXX object CMakeFiles/cw2_world_spawner__rosidl_typesupport_cpp.dir/rosidl_typesupport_cpp/cw2_world_spawner/srv/task3_service__type_support.cpp.o[0m
[3.513s] [ 32%] [32mBuilding CXX object CMakeFiles/cw2_world_spawner__rosidl_typesupport_introspection_cpp.dir/rosidl_typesupport_introspection_cpp/cw2_world_spawner/srv/detail/task_setup__type_support.cpp.o[0m
[3.513s] [ 34%] [32mBuilding CXX object CMakeFiles/cw2_world_spawner__rosidl_typesupport_introspection_cpp.dir/rosidl_typesupport_introspection_cpp/cw2_world_spawner/srv/detail/task2_service__type_support.cpp.o[0m
[3.514s] [ 36%] [32mBuilding CXX object CMakeFiles/cw2_world_spawner__rosidl_typesupport_introspection_cpp.dir/rosidl_typesupport_introspection_cpp/cw2_world_spawner/srv/detail/task3_service__type_support.cpp.o[0m
[3.514s] [ 38%] [32mBuilding CXX object CMakeFiles/cw2_world_spawner__rosidl_typesupport_introspection_cpp.dir/rosidl_typesupport_introspection_cpp/cw2_world_spawner/srv/detail/task1_service__type_support.cpp.o[0m
[3.537s] [ 41%] [32mBuilding CXX object CMakeFiles/cw2_world_spawner__rosidl_typesupport_fastrtps_cpp.dir/rosidl_typesupport_fastrtps_cpp/cw2_world_spawner/srv/detail/dds_fastrtps/task1_service__type_support.cpp.o[0m
[3.537s] [ 41%] [32mBuilding CXX object CMakeFiles/cw2_world_spawner__rosidl_typesupport_fastrtps_cpp.dir/rosidl_typesupport_fastrtps_cpp/cw2_world_spawner/srv/detail/dds_fastrtps/task2_service__type_support.cpp.o[0m
[3.538s] [ 45%] [32mBuilding CXX object CMakeFiles/cw2_world_spawner__rosidl_typesupport_fastrtps_cpp.dir/rosidl_typesupport_fastrtps_cpp/cw2_world_spawner/srv/detail/dds_fastrtps/task_setup__type_support.cpp.o[0m
[3.538s] [ 45%] [32mBuilding CXX object CMakeFiles/cw2_world_spawner__rosidl_typesupport_fastrtps_cpp.dir/rosidl_typesupport_fastrtps_cpp/cw2_world_spawner/srv/detail/dds_fastrtps/task3_service__type_support.cpp.o[0m
[3.686s] [ 47%] [32mBuilding CXX object CMakeFiles/cw2_world_spawner__rosidl_typesupport_c.dir/rosidl_typesupport_c/cw2_world_spawner/srv/task3_service__type_support.cpp.o[0m
[3.687s] [ 50%] [32mBuilding CXX object CMakeFiles/cw2_world_spawner__rosidl_typesupport_c.dir/rosidl_typesupport_c/cw2_world_spawner/srv/task_setup__type_support.cpp.o[0m
[3.687s] [ 50%] [32mBuilding CXX object CMakeFiles/cw2_world_spawner__rosidl_typesupport_c.dir/rosidl_typesupport_c/cw2_world_spawner/srv/task2_service__type_support.cpp.o[0m
[3.688s] [ 52%] [32mBuilding CXX object CMakeFiles/cw2_world_spawner__rosidl_typesupport_c.dir/rosidl_typesupport_c/cw2_world_spawner/srv/task1_service__type_support.cpp.o[0m
[3.759s] [ 54%] [32m[1mLinking CXX shared library libcw2_world_spawner__rosidl_typesupport_c.so[0m
[3.766s] [ 56%] [32mBuilding C object CMakeFiles/cw2_world_spawner__rosidl_typesupport_introspection_c.dir/rosidl_typesupport_introspection_c/cw2_world_spawner/srv/detail/task2_service__type_support.c.o[0m
[3.767s] [ 58%] [32mBuilding C object CMakeFiles/cw2_world_spawner__rosidl_typesupport_introspection_c.dir/rosidl_typesupport_introspection_c/cw2_world_spawner/srv/detail/task_setup__type_support.c.o[0m
[3.768s] [ 60%] [32mBuilding C object CMakeFiles/cw2_world_spawner__rosidl_typesupport_introspection_c.dir/rosidl_typesupport_introspection_c/cw2_world_spawner/srv/detail/task1_service__type_support.c.o[0m
[3.769s] [ 61%] [32mBuilding C object CMakeFiles/cw2_world_spawner__rosidl_typesupport_introspection_c.dir/rosidl_typesupport_introspection_c/cw2_world_spawner/srv/detail/task3_service__type_support.c.o[0m
[3.774s] [ 63%] [32m[1mLinking CXX shared library libcw2_world_spawner__rosidl_typesupport_cpp.so[0m
[3.778s] [ 65%] [32mBuilding CXX object CMakeFiles/cw2_world_spawner__rosidl_typesupport_fastrtps_c.dir/rosidl_typesupport_fastrtps_c/cw2_world_spawner/srv/detail/task1_service__type_support_c.cpp.o[0m
[3.779s] [ 67%] [32mBuilding CXX object CMakeFiles/cw2_world_spawner__rosidl_typesupport_fastrtps_c.dir/rosidl_typesupport_fastrtps_c/cw2_world_spawner/srv/detail/task_setup__type_support_c.cpp.o[0m
[3.779s] [ 69%] [32mBuilding CXX object CMakeFiles/cw2_world_spawner__rosidl_typesupport_fastrtps_c.dir/rosidl_typesupport_fastrtps_c/cw2_world_spawner/srv/detail/task2_service__type_support_c.cpp.o[0m
[3.781s] [ 70%] [32mBuilding CXX object CMakeFiles/cw2_world_spawner__rosidl_typesupport_fastrtps_c.dir/rosidl_typesupport_fastrtps_c/cw2_world_spawner/srv/detail/task3_service__type_support_c.cpp.o[0m
[3.849s] [ 72%] [32m[1mLinking C shared library libcw2_world_spawner__rosidl_typesupport_introspection_c.so[0m
[3.874s] [ 72%] Built target cw2_world_spawner__rosidl_typesupport_c
[3.892s] [ 72%] Built target cw2_world_spawner__rosidl_typesupport_cpp
[3.944s] [ 72%] Built target cw2_world_spawner__rosidl_typesupport_introspection_c
[3.969s] [ 74%] [32m[1mLinking CXX shared library libcw2_world_spawner__rosidl_typesupport_introspection_cpp.so[0m
[4.018s] [ 76%] [32m[1mLinking CXX shared library libcw2_world_spawner__rosidl_typesupport_fastrtps_cpp.so[0m
[4.093s] [ 78%] [32m[1mLinking CXX shared library libcw2_world_spawner__rosidl_typesupport_fastrtps_c.so[0m
[4.093s] [ 78%] Built target cw2_world_spawner__rosidl_typesupport_introspection_cpp
[4.144s] [ 78%] Built target cw2_world_spawner__rosidl_typesupport_fastrtps_cpp
[4.213s] [ 78%] Built target cw2_world_spawner__rosidl_typesupport_fastrtps_c
[4.252s] [ 78%] Built target cw2_world_spawner
[4.292s] [ 80%] [34m[1mGenerating Python code for ROS interfaces[0m
[4.765s] [ 80%] Built target cw2_world_spawner__py
[4.803s] [ 85%] [32mBuilding C object CMakeFiles/cw2_world_spawner__rosidl_generator_py.dir/rosidl_generator_py/cw2_world_spawner/srv/_task2_service_s.c.o[0m
[4.803s] [ 85%] [32mBuilding C object CMakeFiles/cw2_world_spawner__rosidl_generator_py.dir/rosidl_generator_py/cw2_world_spawner/srv/_task_setup_s.c.o[0m
[4.803s] [ 85%] [32mBuilding C object CMakeFiles/cw2_world_spawner__rosidl_generator_py.dir/rosidl_generator_py/cw2_world_spawner/srv/_task1_service_s.c.o[0m
[4.803s] [ 87%] [32mBuilding C object CMakeFiles/cw2_world_spawner__rosidl_generator_py.dir/rosidl_generator_py/cw2_world_spawner/srv/_task3_service_s.c.o[0m
[4.946s] [ 89%] [32m[1mLinking C shared library rosidl_generator_py/cw2_world_spawner/libcw2_world_spawner__rosidl_generator_py.so[0m
[5.032s] [ 89%] Built target cw2_world_spawner__rosidl_generator_py
[5.067s] [ 92%] [32mBuilding C object CMakeFiles/cw2_world_spawner__rosidl_typesupport_fastrtps_c__pyext.dir/rosidl_generator_py/cw2_world_spawner/_cw2_world_spawner_s.ep.rosidl_typesupport_fastrtps_c.c.o[0m
[5.067s] [ 92%] [32mBuilding C object CMakeFiles/cw2_world_spawner__rosidl_typesupport_introspection_c__pyext.dir/rosidl_generator_py/cw2_world_spawner/_cw2_world_spawner_s.ep.rosidl_typesupport_introspection_c.c.o[0m
[5.067s] [ 94%] [32mBuilding C object CMakeFiles/cw2_world_spawner__rosidl_typesupport_c__pyext.dir/rosidl_generator_py/cw2_world_spawner/_cw2_world_spawner_s.ep.rosidl_typesupport_c.c.o[0m
[5.172s] [100%] [32m[1mLinking C shared library rosidl_generator_py/cw2_world_spawner/cw2_world_spawner_s__rosidl_typesupport_c.cpython-310-x86_64-linux-gnu.so[0m
[5.172s] [100%] [32m[1mLinking C shared library rosidl_generator_py/cw2_world_spawner/cw2_world_spawner_s__rosidl_typesupport_fastrtps_c.cpython-310-x86_64-linux-gnu.so[0m
[5.172s] [100%] [32m[1mLinking C shared library rosidl_generator_py/cw2_world_spawner/cw2_world_spawner_s__rosidl_typesupport_introspection_c.cpython-310-x86_64-linux-gnu.so[0m
[5.243s] [100%] Built target cw2_world_spawner__rosidl_typesupport_c__pyext
[5.243s] [100%] Built target cw2_world_spawner__rosidl_typesupport_introspection_c__pyext
[5.243s] [100%] Built target cw2_world_spawner__rosidl_typesupport_fastrtps_c__pyext
[5.263s] Invoked command in '/home/czg22/comp0250_s26_labs/build/cw2_world_spawner' returned '0': CMAKE_PREFIX_PATH=${CMAKE_PREFIX_PATH}:/home/czg22/ws_moveit2/install/moveit_configs_utils:/home/czg22/ws_moveit2/install/launch_param_builder:/opt/ros/humble /usr/bin/cmake --build /home/czg22/comp0250_s26_labs/build/cw2_world_spawner -- -j32 -l32
[5.265s] Invoking command in '/home/czg22/comp0250_s26_labs/build/cw2_world_spawner': CMAKE_PREFIX_PATH=${CMAKE_PREFIX_PATH}:/home/czg22/ws_moveit2/install/moveit_configs_utils:/home/czg22/ws_moveit2/install/launch_param_builder:/opt/ros/humble /usr/bin/cmake --install /home/czg22/comp0250_s26_labs/build/cw2_world_spawner
[5.277s] -- Install configuration: ""
[5.279s] -- Installing: /home/czg22/comp0250_s26_labs/install/cw2_world_spawner/share/ament_index/resource_index/rosidl_interfaces/cw2_world_spawner
[5.279s] -- Installing: /home/czg22/comp0250_s26_labs/install/cw2_world_spawner/include/cw2_world_spawner/cw2_world_spawner
[5.280s] -- Installing: /home/czg22/comp0250_s26_labs/install/cw2_world_spawner/include/cw2_world_spawner/cw2_world_spawner/srv
[5.280s] -- Installing: /home/czg22/comp0250_s26_labs/install/cw2_world_spawner/include/cw2_world_spawner/cw2_world_spawner/srv/task2_service.h
[5.280s] -- Installing: /home/czg22/comp0250_s26_labs/install/cw2_world_spawner/include/cw2_world_spawner/cw2_world_spawner/srv/task3_service.h
[5.281s] -- Installing: /home/czg22/comp0250_s26_labs/install/cw2_world_spawner/include/cw2_world_spawner/cw2_world_spawner/srv/task_setup.h
[5.281s] -- Installing: /home/czg22/comp0250_s26_labs/install/cw2_world_spawner/include/cw2_world_spawner/cw2_world_spawner/srv/task1_service.h
[5.281s] -- Installing: /home/czg22/comp0250_s26_labs/install/cw2_world_spawner/include/cw2_world_spawner/cw2_world_spawner/srv/detail
[5.281s] -- Installing: /home/czg22/comp0250_s26_labs/install/cw2_world_spawner/include/cw2_world_spawner/cw2_world_spawner/srv/detail/task1_service__functions.c
[5.281s] -- Installing: /home/czg22/comp0250_s26_labs/install/cw2_world_spawner/include/cw2_world_spawner/cw2_world_spawner/srv/detail/task2_service__functions.h
[5.282s] -- Installing: /home/czg22/comp0250_s26_labs/install/cw2_world_spawner/include/cw2_world_spawner/cw2_world_spawner/srv/detail/task1_service__struct.h
[5.282s] -- Installing: /home/czg22/comp0250_s26_labs/install/cw2_world_spawner/include/cw2_world_spawner/cw2_world_spawner/srv/detail/task3_service__functions.c
[5.282s] -- Installing: /home/czg22/comp0250_s26_labs/install/cw2_world_spawner/include/cw2_world_spawner/cw2_world_spawner/srv/detail/task_setup__type_support.h
[5.282s] -- Installing: /home/czg22/comp0250_s26_labs/install/cw2_world_spawner/include/cw2_world_spawner/cw2_world_spawner/srv/detail/task1_service__functions.h
[5.282s] -- Installing: /home/czg22/comp0250_s26_labs/install/cw2_world_spawner/include/cw2_world_spawner/cw2_world_spawner/srv/detail/task2_service__struct.h
[5.283s] -- Installing: /home/czg22/comp0250_s26_labs/install/cw2_world_spawner/include/cw2_world_spawner/cw2_world_spawner/srv/detail/task_setup__struct.h
[5.283s] -- Installing: /home/czg22/comp0250_s26_labs/install/cw2_world_spawner/include/cw2_world_spawner/cw2_world_spawner/srv/detail/task3_service__functions.h
[5.283s] -- Installing: /home/czg22/comp0250_s26_labs/install/cw2_world_spawner/include/cw2_world_spawner/cw2_world_spawner/srv/detail/task2_service__functions.c
[5.283s] -- Installing: /home/czg22/comp0250_s26_labs/install/cw2_world_spawner/include/cw2_world_spawner/cw2_world_spawner/srv/detail/task_setup__functions.h
[5.284s] -- Installing: /home/czg22/comp0250_s26_labs/install/cw2_world_spawner/include/cw2_world_spawner/cw2_world_spawner/srv/detail/task_setup__functions.c
[5.284s] -- Installing: /home/czg22/comp0250_s26_labs/install/cw2_world_spawner/include/cw2_world_spawner/cw2_world_spawner/srv/detail/task3_service__type_support.h
[5.284s] -- Installing: /home/czg22/comp0250_s26_labs/install/cw2_world_spawner/include/cw2_world_spawner/cw2_world_spawner/srv/detail/task3_service__struct.h
[5.284s] -- Installing: /home/czg22/comp0250_s26_labs/install/cw2_world_spawner/include/cw2_world_spawner/cw2_world_spawner/srv/detail/task1_service__type_support.h
[5.284s] -- Installing: /home/czg22/comp0250_s26_labs/install/cw2_world_spawner/include/cw2_world_spawner/cw2_world_spawner/srv/detail/task2_service__type_support.h
[5.284s] -- Installing: /home/czg22/comp0250_s26_labs/install/cw2_world_spawner/include/cw2_world_spawner/cw2_world_spawner/msg
[5.285s] -- Installing: /home/czg22/comp0250_s26_labs/install/cw2_world_spawner/include/cw2_world_spawner/cw2_world_spawner/msg/rosidl_generator_c__visibility_control.h
[5.286s] -- Installing: /home/czg22/comp0250_s26_labs/install/cw2_world_spawner/share/cw2_world_spawner/environment/library_path.sh
[5.286s] -- Installing: /home/czg22/comp0250_s26_labs/install/cw2_world_spawner/share/cw2_world_spawner/environment/library_path.dsv
[5.286s] -- Installing: /home/czg22/comp0250_s26_labs/install/cw2_world_spawner/lib/libcw2_world_spawner__rosidl_generator_c.so
[5.286s] -- Set runtime path of "/home/czg22/comp0250_s26_labs/install/cw2_world_spawner/lib/libcw2_world_spawner__rosidl_generator_c.so" to ""
[5.287s] -- Up-to-date: /home/czg22/comp0250_s26_labs/install/cw2_world_spawner/include/cw2_world_spawner/cw2_world_spawner
[5.287s] -- Up-to-date: /home/czg22/comp0250_s26_labs/install/cw2_world_spawner/include/cw2_world_spawner/cw2_world_spawner/srv
[5.287s] -- Up-to-date: /home/czg22/comp0250_s26_labs/install/cw2_world_spawner/include/cw2_world_spawner/cw2_world_spawner/srv/detail
[5.287s] -- Installing: /home/czg22/comp0250_s26_labs/install/cw2_world_spawner/include/cw2_world_spawner/cw2_world_spawner/srv/detail/task2_service__rosidl_typesupport_fastrtps_c.h
[5.287s] -- Installing: /home/czg22/comp0250_s26_labs/install/cw2_world_spawner/include/cw2_world_spawner/cw2_world_spawner/srv/detail/task1_service__rosidl_typesupport_fastrtps_c.h
[5.287s] -- Installing: /home/czg22/comp0250_s26_labs/install/cw2_world_spawner/include/cw2_world_spawner/cw2_world_spawner/srv/detail/task_setup__rosidl_typesupport_fastrtps_c.h
[5.287s] -- Installing: /home/czg22/comp0250_s26_labs/install/cw2_world_spawner/include/cw2_world_spawner/cw2_world_spawner/srv/detail/task3_service__rosidl_typesupport_fastrtps_c.h
[5.288s] -- Up-to-date: /home/czg22/comp0250_s26_labs/install/cw2_world_spawner/include/cw2_world_spawner/cw2_world_spawner/msg
[5.288s] -- Installing: /home/czg22/comp0250_s26_labs/install/cw2_world_spawner/include/cw2_world_spawner/cw2_world_spawner/msg/rosidl_typesupport_fastrtps_c__visibility_control.h
[5.288s] -- Installing: /home/czg22/comp0250_s26_labs/install/cw2_world_spawner/lib/libcw2_world_spawner__rosidl_typesupport_fastrtps_c.so
[5.288s] -- Set runtime path of "/home/czg22/comp0250_s26_labs/install/cw2_world_spawner/lib/libcw2_world_spawner__rosidl_typesupport_fastrtps_c.so" to ""
[5.288s] -- Up-to-date: /home/czg22/comp0250_s26_labs/install/cw2_world_spawner/include/cw2_world_spawner/cw2_world_spawner
[5.288s] -- Up-to-date: /home/czg22/comp0250_s26_labs/install/cw2_world_spawner/include/cw2_world_spawner/cw2_world_spawner/srv
[5.288s] -- Up-to-date: /home/czg22/comp0250_s26_labs/install/cw2_world_spawner/include/cw2_world_spawner/cw2_world_spawner/srv/detail
[5.289s] -- Installing: /home/czg22/comp0250_s26_labs/install/cw2_world_spawner/include/cw2_world_spawner/cw2_world_spawner/srv/detail/task3_service__type_support.c
[5.289s] -- Installing: /home/czg22/comp0250_s26_labs/install/cw2_world_spawner/include/cw2_world_spawner/cw2_world_spawner/srv/detail/task1_service__rosidl_typesupport_introspection_c.h
[5.289s] -- Installing: /home/czg22/comp0250_s26_labs/install/cw2_world_spawner/include/cw2_world_spawner/cw2_world_spawner/srv/detail/task2_service__type_support.c
[5.289s] -- Installing: /home/czg22/comp0250_s26_labs/install/cw2_world_spawner/include/cw2_world_spawner/cw2_world_spawner/srv/detail/task1_service__type_support.c
[5.289s] -- Installing: /home/czg22/comp0250_s26_labs/install/cw2_world_spawner/include/cw2_world_spawner/cw2_world_spawner/srv/detail/task3_service__rosidl_typesupport_introspection_c.h
[5.289s] -- Installing: /home/czg22/comp0250_s26_labs/install/cw2_world_spawner/include/cw2_world_spawner/cw2_world_spawner/srv/detail/task_setup__type_support.c
[5.290s] -- Installing: /home/czg22/comp0250_s26_labs/install/cw2_world_spawner/include/cw2_world_spawner/cw2_world_spawner/srv/detail/task_setup__rosidl_typesupport_introspection_c.h
[5.290s] -- Installing: /home/czg22/comp0250_s26_labs/install/cw2_world_spawner/include/cw2_world_spawner/cw2_world_spawner/srv/detail/task2_service__rosidl_typesupport_introspection_c.h
[5.290s] -- Up-to-date: /home/czg22/comp0250_s26_labs/install/cw2_world_spawner/include/cw2_world_spawner/cw2_world_spawner/msg
[5.290s] -- Installing: /home/czg22/comp0250_s26_labs/install/cw2_world_spawner/include/cw2_world_spawner/cw2_world_spawner/msg/rosidl_typesupport_introspection_c__visibility_control.h
[5.290s] -- Installing: /home/czg22/comp0250_s26_labs/install/cw2_world_spawner/lib/libcw2_world_spawner__rosidl_typesupport_introspection_c.so
[5.290s] -- Set runtime path of "/home/czg22/comp0250_s26_labs/install/cw2_world_spawner/lib/libcw2_world_spawner__rosidl_typesupport_introspection_c.so" to ""
[5.291s] -- Installing: /home/czg22/comp0250_s26_labs/install/cw2_world_spawner/lib/libcw2_world_spawner__rosidl_typesupport_c.so
[5.291s] -- Set runtime path of "/home/czg22/comp0250_s26_labs/install/cw2_world_spawner/lib/libcw2_world_spawner__rosidl_typesupport_c.so" to ""
[5.291s] -- Up-to-date: /home/czg22/comp0250_s26_labs/install/cw2_world_spawner/include/cw2_world_spawner/cw2_world_spawner
[5.291s] -- Up-to-date: /home/czg22/comp0250_s26_labs/install/cw2_world_spawner/include/cw2_world_spawner/cw2_world_spawner/srv
[5.291s] -- Installing: /home/czg22/comp0250_s26_labs/install/cw2_world_spawner/include/cw2_world_spawner/cw2_world_spawner/srv/task2_service.hpp
[5.292s] -- Installing: /home/czg22/comp0250_s26_labs/install/cw2_world_spawner/include/cw2_world_spawner/cw2_world_spawner/srv/task3_service.hpp
[5.292s] -- Installing: /home/czg22/comp0250_s26_labs/install/cw2_world_spawner/include/cw2_world_spawner/cw2_world_spawner/srv/task1_service.hpp
[5.292s] -- Installing: /home/czg22/comp0250_s26_labs/install/cw2_world_spawner/include/cw2_world_spawner/cw2_world_spawner/srv/task_setup.hpp
[5.292s] -- Up-to-date: /home/czg22/comp0250_s26_labs/install/cw2_world_spawner/include/cw2_world_spawner/cw2_world_spawner/srv/detail
[5.292s] -- Installing: /home/czg22/comp0250_s26_labs/install/cw2_world_spawner/include/cw2_world_spawner/cw2_world_spawner/srv/detail/task1_service__struct.hpp
[5.292s] -- Installing: /home/czg22/comp0250_s26_labs/install/cw2_world_spawner/include/cw2_world_spawner/cw2_world_spawner/srv/detail/task3_service__type_support.hpp
[5.292s] -- Installing: /home/czg22/comp0250_s26_labs/install/cw2_world_spawner/include/cw2_world_spawner/cw2_world_spawner/srv/detail/task_setup__struct.hpp
[5.292s] -- Installing: /home/czg22/comp0250_s26_labs/install/cw2_world_spawner/include/cw2_world_spawner/cw2_world_spawner/srv/detail/task2_service__traits.hpp
[5.293s] -- Installing: /home/czg22/comp0250_s26_labs/install/cw2_world_spawner/include/cw2_world_spawner/cw2_world_spawner/srv/detail/task1_service__builder.hpp
[5.293s] -- Installing: /home/czg22/comp0250_s26_labs/install/cw2_world_spawner/include/cw2_world_spawner/cw2_world_spawner/srv/detail/task_setup__type_support.hpp
[5.293s] -- Installing: /home/czg22/comp0250_s26_labs/install/cw2_world_spawner/include/cw2_world_spawner/cw2_world_spawner/srv/detail/task3_service__builder.hpp
[5.294s] -- Installing: /home/czg22/comp0250_s26_labs/install/cw2_world_spawner/include/cw2_world_spawner/cw2_world_spawner/srv/detail/task3_service__struct.hpp
[5.294s] -- Installing: /home/czg22/comp0250_s26_labs/install/cw2_world_spawner/include/cw2_world_spawner/cw2_world_spawner/srv/detail/task2_service__struct.hpp
[5.294s] -- Installing: /home/czg22/comp0250_s26_labs/install/cw2_world_spawner/include/cw2_world_spawner/cw2_world_spawner/srv/detail/task2_service__builder.hpp
[5.294s] -- Installing: /home/czg22/comp0250_s26_labs/install/cw2_world_spawner/include/cw2_world_spawner/cw2_world_spawner/srv/detail/task_setup__traits.hpp
[5.294s] -- Installing: /home/czg22/comp0250_s26_labs/install/cw2_world_spawner/include/cw2_world_spawner/cw2_world_spawner/srv/detail/task3_service__traits.hpp
[5.294s] -- Installing: /home/czg22/comp0250_s26_labs/install/cw2_world_spawner/include/cw2_world_spawner/cw2_world_spawner/srv/detail/task_setup__builder.hpp
[5.294s] -- Installing: /home/czg22/comp0250_s26_labs/install/cw2_world_spawner/include/cw2_world_spawner/cw2_world_spawner/srv/detail/task1_service__traits.hpp
[5.295s] -- Installing: /home/czg22/comp0250_s26_labs/install/cw2_world_spawner/include/cw2_world_spawner/cw2_world_spawner/srv/detail/task2_service__type_support.hpp
[5.295s] -- Installing: /home/czg22/comp0250_s26_labs/install/cw2_world_spawner/include/cw2_world_spawner/cw2_world_spawner/srv/detail/task1_service__type_support.hpp
[5.295s] -- Up-to-date: /home/czg22/comp0250_s26_labs/install/cw2_world_spawner/include/cw2_world_spawner/cw2_world_spawner/msg
[5.295s] -- Installing: /home/czg22/comp0250_s26_labs/install/cw2_world_spawner/include/cw2_world_spawner/cw2_world_spawner/msg/rosidl_generator_cpp__visibility_control.hpp
[5.295s] -- Up-to-date: /home/czg22/comp0250_s26_labs/install/cw2_world_spawner/include/cw2_world_spawner/cw2_world_spawner
[5.295s] -- Up-to-date: /home/czg22/comp0250_s26_labs/install/cw2_world_spawner/include/cw2_world_spawner/cw2_world_spawner/srv
[5.295s] -- Up-to-date: /home/czg22/comp0250_s26_labs/install/cw2_world_spawner/include/cw2_world_spawner/cw2_world_spawner/srv/detail
[5.295s] -- Installing: /home/czg22/comp0250_s26_labs/install/cw2_world_spawner/include/cw2_world_spawner/cw2_world_spawner/srv/detail/dds_fastrtps
[5.296s] -- Installing: /home/czg22/comp0250_s26_labs/install/cw2_world_spawner/include/cw2_world_spawner/cw2_world_spawner/srv/detail/task3_service__rosidl_typesupport_fastrtps_cpp.hpp
[5.296s] -- Installing: /home/czg22/comp0250_s26_labs/install/cw2_world_spawner/include/cw2_world_spawner/cw2_world_spawner/srv/detail/task2_service__rosidl_typesupport_fastrtps_cpp.hpp
[5.296s] -- Installing: /home/czg22/comp0250_s26_labs/install/cw2_world_spawner/include/cw2_world_spawner/cw2_world_spawner/srv/detail/task_setup__rosidl_typesupport_fastrtps_cpp.hpp
[5.296s] -- Installing: /home/czg22/comp0250_s26_labs/install/cw2_world_spawner/include/cw2_world_spawner/cw2_world_spawner/srv/detail/task1_service__rosidl_typesupport_fastrtps_cpp.hpp
[5.296s] -- Up-to-date: /home/czg22/comp0250_s26_labs/install/cw2_world_spawner/include/cw2_world_spawner/cw2_world_spawner/msg
[5.297s] -- Installing: /home/czg22/comp0250_s26_labs/install/cw2_world_spawner/include/cw2_world_spawner/cw2_world_spawner/msg/rosidl_typesupport_fastrtps_cpp__visibility_control.h
[5.297s] -- Installing: /home/czg22/comp0250_s26_labs/install/cw2_world_spawner/lib/libcw2_world_spawner__rosidl_typesupport_fastrtps_cpp.so
[5.297s] -- Set runtime path of "/home/czg22/comp0250_s26_labs/install/cw2_world_spawner/lib/libcw2_world_spawner__rosidl_typesupport_fastrtps_cpp.so" to ""
[5.298s] -- Up-to-date: /home/czg22/comp0250_s26_labs/install/cw2_world_spawner/include/cw2_world_spawner/cw2_world_spawner
[5.298s] -- Up-to-date: /home/czg22/comp0250_s26_labs/install/cw2_world_spawner/include/cw2_world_spawner/cw2_world_spawner/srv
[5.298s] -- Up-to-date: /home/czg22/comp0250_s26_labs/install/cw2_world_spawner/include/cw2_world_spawner/cw2_world_spawner/srv/detail
[5.298s] -- Installing: /home/czg22/comp0250_s26_labs/install/cw2_world_spawner/include/cw2_world_spawner/cw2_world_spawner/srv/detail/task3_service__rosidl_typesupport_introspection_cpp.hpp
[5.298s] -- Installing: /home/czg22/comp0250_s26_labs/install/cw2_world_spawner/include/cw2_world_spawner/cw2_world_spawner/srv/detail/task_setup__rosidl_typesupport_introspection_cpp.hpp
[5.298s] -- Installing: /home/czg22/comp0250_s26_labs/install/cw2_world_spawner/include/cw2_world_spawner/cw2_world_spawner/srv/detail/task1_service__rosidl_typesupport_introspection_cpp.hpp
[5.298s] -- Installing: /home/czg22/comp0250_s26_labs/install/cw2_world_spawner/include/cw2_world_spawner/cw2_world_spawner/srv/detail/task3_service__type_support.cpp
[5.298s] -- Installing: /home/czg22/comp0250_s26_labs/install/cw2_world_spawner/include/cw2_world_spawner/cw2_world_spawner/srv/detail/task_setup__type_support.cpp
[5.298s] -- Installing: /home/czg22/comp0250_s26_labs/install/cw2_world_spawner/include/cw2_world_spawner/cw2_world_spawner/srv/detail/task2_service__rosidl_typesupport_introspection_cpp.hpp
[5.299s] -- Installing: /home/czg22/comp0250_s26_labs/install/cw2_world_spawner/include/cw2_world_spawner/cw2_world_spawner/srv/detail/task1_service__type_support.cpp
[5.299s] -- Installing: /home/czg22/comp0250_s26_labs/install/cw2_world_spawner/include/cw2_world_spawner/cw2_world_spawner/srv/detail/task2_service__type_support.cpp
[5.299s] -- Installing: /home/czg22/comp0250_s26_labs/install/cw2_world_spawner/lib/libcw2_world_spawner__rosidl_typesupport_introspection_cpp.so
[5.300s] -- Set runtime path of "/home/czg22/comp0250_s26_labs/install/cw2_world_spawner/lib/libcw2_world_spawner__rosidl_typesupport_introspection_cpp.so" to ""
[5.300s] -- Installing: /home/czg22/comp0250_s26_labs/install/cw2_world_spawner/lib/libcw2_world_spawner__rosidl_typesupport_cpp.so
[5.300s] -- Set runtime path of "/home/czg22/comp0250_s26_labs/install/cw2_world_spawner/lib/libcw2_world_spawner__rosidl_typesupport_cpp.so" to ""
[5.300s] -- Installing: /home/czg22/comp0250_s26_labs/install/cw2_world_spawner/share/cw2_world_spawner/environment/pythonpath.sh
[5.301s] -- Installing: /home/czg22/comp0250_s26_labs/install/cw2_world_spawner/share/cw2_world_spawner/environment/pythonpath.dsv
[5.301s] -- Installing: /home/czg22/comp0250_s26_labs/install/cw2_world_spawner/local/lib/python3.10/dist-packages/cw2_world_spawner-0.1.0-py3.10.egg-info
[5.302s] -- Installing: /home/czg22/comp0250_s26_labs/install/cw2_world_spawner/local/lib/python3.10/dist-packages/cw2_world_spawner-0.1.0-py3.10.egg-info/SOURCES.txt
[5.302s] -- Installing: /home/czg22/comp0250_s26_labs/install/cw2_world_spawner/local/lib/python3.10/dist-packages/cw2_world_spawner-0.1.0-py3.10.egg-info/top_level.txt
[5.302s] -- Installing: /home/czg22/comp0250_s26_labs/install/cw2_world_spawner/local/lib/python3.10/dist-packages/cw2_world_spawner-0.1.0-py3.10.egg-info/PKG-INFO
[5.302s] -- Installing: /home/czg22/comp0250_s26_labs/install/cw2_world_spawner/local/lib/python3.10/dist-packages/cw2_world_spawner-0.1.0-py3.10.egg-info/dependency_links.txt
[5.303s] -- Installing: /home/czg22/comp0250_s26_labs/install/cw2_world_spawner/local/lib/python3.10/dist-packages/cw2_world_spawner
[5.303s] -- Installing: /home/czg22/comp0250_s26_labs/install/cw2_world_spawner/local/lib/python3.10/dist-packages/cw2_world_spawner/cw2_world_spawner_s__rosidl_typesupport_c.cpython-310-x86_64-linux-gnu.so
[5.303s] -- Installing: /home/czg22/comp0250_s26_labs/install/cw2_world_spawner/local/lib/python3.10/dist-packages/cw2_world_spawner/libcw2_world_spawner__rosidl_generator_py.so
[5.304s] -- Installing: /home/czg22/comp0250_s26_labs/install/cw2_world_spawner/local/lib/python3.10/dist-packages/cw2_world_spawner/srv
[5.304s] -- Installing: /home/czg22/comp0250_s26_labs/install/cw2_world_spawner/local/lib/python3.10/dist-packages/cw2_world_spawner/srv/_task2_service.py
[5.304s] -- Installing: /home/czg22/comp0250_s26_labs/install/cw2_world_spawner/local/lib/python3.10/dist-packages/cw2_world_spawner/srv/_task3_service.py
[5.304s] -- Installing: /home/czg22/comp0250_s26_labs/install/cw2_world_spawner/local/lib/python3.10/dist-packages/cw2_world_spawner/srv/_task3_service_s.c
[5.305s] -- Installing: /home/czg22/comp0250_s26_labs/install/cw2_world_spawner/local/lib/python3.10/dist-packages/cw2_world_spawner/srv/__init__.py
[5.305s] -- Installing: /home/czg22/comp0250_s26_labs/install/cw2_world_spawner/local/lib/python3.10/dist-packages/cw2_world_spawner/srv/_task1_service_s.c
[5.305s] -- Installing: /home/czg22/comp0250_s26_labs/install/cw2_world_spawner/local/lib/python3.10/dist-packages/cw2_world_spawner/srv/_task2_service_s.c
[5.305s] -- Installing: /home/czg22/comp0250_s26_labs/install/cw2_world_spawner/local/lib/python3.10/dist-packages/cw2_world_spawner/srv/_task_setup_s.c
[5.305s] -- Installing: /home/czg22/comp0250_s26_labs/install/cw2_world_spawner/local/lib/python3.10/dist-packages/cw2_world_spawner/srv/_task1_service.py
[5.305s] -- Installing: /home/czg22/comp0250_s26_labs/install/cw2_world_spawner/local/lib/python3.10/dist-packages/cw2_world_spawner/srv/_task_setup.py
[5.305s] -- Installing: /home/czg22/comp0250_s26_labs/install/cw2_world_spawner/local/lib/python3.10/dist-packages/cw2_world_spawner/__init__.py
[5.306s] -- Installing: /home/czg22/comp0250_s26_labs/install/cw2_world_spawner/local/lib/python3.10/dist-packages/cw2_world_spawner/_cw2_world_spawner_s.ep.rosidl_typesupport_introspection_c.c
[5.306s] -- Installing: /home/czg22/comp0250_s26_labs/install/cw2_world_spawner/local/lib/python3.10/dist-packages/cw2_world_spawner/cw2_world_spawner_s__rosidl_typesupport_fastrtps_c.cpython-310-x86_64-linux-gnu.so
[5.306s] -- Installing: /home/czg22/comp0250_s26_labs/install/cw2_world_spawner/local/lib/python3.10/dist-packages/cw2_world_spawner/cw2_world_spawner_s__rosidl_typesupport_introspection_c.cpython-310-x86_64-linux-gnu.so
[5.306s] -- Installing: /home/czg22/comp0250_s26_labs/install/cw2_world_spawner/local/lib/python3.10/dist-packages/cw2_world_spawner/_cw2_world_spawner_s.ep.rosidl_typesupport_fastrtps_c.c
[5.307s] -- Installing: /home/czg22/comp0250_s26_labs/install/cw2_world_spawner/local/lib/python3.10/dist-packages/cw2_world_spawner/_cw2_world_spawner_s.ep.rosidl_typesupport_c.c
[5.339s] Listing '/home/czg22/comp0250_s26_labs/install/cw2_world_spawner/local/lib/python3.10/dist-packages/cw2_world_spawner'...
[5.339s] Compiling '/home/czg22/comp0250_s26_labs/install/cw2_world_spawner/local/lib/python3.10/dist-packages/cw2_world_spawner/__init__.py'...
[5.339s] Listing '/home/czg22/comp0250_s26_labs/install/cw2_world_spawner/local/lib/python3.10/dist-packages/cw2_world_spawner/srv'...
[5.339s] Compiling '/home/czg22/comp0250_s26_labs/install/cw2_world_spawner/local/lib/python3.10/dist-packages/cw2_world_spawner/srv/__init__.py'...
[5.339s] Compiling '/home/czg22/comp0250_s26_labs/install/cw2_world_spawner/local/lib/python3.10/dist-packages/cw2_world_spawner/srv/_task1_service.py'...
[5.339s] Compiling '/home/czg22/comp0250_s26_labs/install/cw2_world_spawner/local/lib/python3.10/dist-packages/cw2_world_spawner/srv/_task2_service.py'...
[5.339s] Compiling '/home/czg22/comp0250_s26_labs/install/cw2_world_spawner/local/lib/python3.10/dist-packages/cw2_world_spawner/srv/_task3_service.py'...
[5.339s] Compiling '/home/czg22/comp0250_s26_labs/install/cw2_world_spawner/local/lib/python3.10/dist-packages/cw2_world_spawner/srv/_task_setup.py'...
[5.342s] -- Installing: /home/czg22/comp0250_s26_labs/install/cw2_world_spawner/local/lib/python3.10/dist-packages/cw2_world_spawner/cw2_world_spawner_s__rosidl_typesupport_fastrtps_c.cpython-310-x86_64-linux-gnu.so
[5.343s] -- Set runtime path of "/home/czg22/comp0250_s26_labs/install/cw2_world_spawner/local/lib/python3.10/dist-packages/cw2_world_spawner/cw2_world_spawner_s__rosidl_typesupport_fastrtps_c.cpython-310-x86_64-linux-gnu.so" to ""
[5.343s] -- Installing: /home/czg22/comp0250_s26_labs/install/cw2_world_spawner/local/lib/python3.10/dist-packages/cw2_world_spawner/cw2_world_spawner_s__rosidl_typesupport_introspection_c.cpython-310-x86_64-linux-gnu.so
[5.343s] -- Set runtime path of "/home/czg22/comp0250_s26_labs/install/cw2_world_spawner/local/lib/python3.10/dist-packages/cw2_world_spawner/cw2_world_spawner_s__rosidl_typesupport_introspection_c.cpython-310-x86_64-linux-gnu.so" to ""
[5.343s] -- Installing: /home/czg22/comp0250_s26_labs/install/cw2_world_spawner/local/lib/python3.10/dist-packages/cw2_world_spawner/cw2_world_spawner_s__rosidl_typesupport_c.cpython-310-x86_64-linux-gnu.so
[5.344s] -- Set runtime path of "/home/czg22/comp0250_s26_labs/install/cw2_world_spawner/local/lib/python3.10/dist-packages/cw2_world_spawner/cw2_world_spawner_s__rosidl_typesupport_c.cpython-310-x86_64-linux-gnu.so" to ""
[5.344s] -- Installing: /home/czg22/comp0250_s26_labs/install/cw2_world_spawner/lib/libcw2_world_spawner__rosidl_generator_py.so
[5.344s] -- Set runtime path of "/home/czg22/comp0250_s26_labs/install/cw2_world_spawner/lib/libcw2_world_spawner__rosidl_generator_py.so" to ""
[5.345s] -- Installing: /home/czg22/comp0250_s26_labs/install/cw2_world_spawner/share/cw2_world_spawner/srv/TaskSetup.idl
[5.345s] -- Installing: /home/czg22/comp0250_s26_labs/install/cw2_world_spawner/share/cw2_world_spawner/srv/Task1Service.idl
[5.345s] -- Installing: /home/czg22/comp0250_s26_labs/install/cw2_world_spawner/share/cw2_world_spawner/srv/Task2Service.idl
[5.345s] -- Installing: /home/czg22/comp0250_s26_labs/install/cw2_world_spawner/share/cw2_world_spawner/srv/Task3Service.idl
[5.345s] -- Installing: /home/czg22/comp0250_s26_labs/install/cw2_world_spawner/share/cw2_world_spawner/srv/TaskSetup.srv
[5.345s] -- Installing: /home/czg22/comp0250_s26_labs/install/cw2_world_spawner/share/cw2_world_spawner/srv/TaskSetup_Request.msg
[5.346s] -- Installing: /home/czg22/comp0250_s26_labs/install/cw2_world_spawner/share/cw2_world_spawner/srv/TaskSetup_Response.msg
[5.346s] -- Installing: /home/czg22/comp0250_s26_labs/install/cw2_world_spawner/share/cw2_world_spawner/srv/Task1Service.srv
[5.346s] -- Installing: /home/czg22/comp0250_s26_labs/install/cw2_world_spawner/share/cw2_world_spawner/srv/Task1Service_Request.msg
[5.346s] -- Installing: /home/czg22/comp0250_s26_labs/install/cw2_world_spawner/share/cw2_world_spawner/srv/Task1Service_Response.msg
[5.346s] -- Installing: /home/czg22/comp0250_s26_labs/install/cw2_world_spawner/share/cw2_world_spawner/srv/Task2Service.srv
[5.346s] -- Installing: /home/czg22/comp0250_s26_labs/install/cw2_world_spawner/share/cw2_world_spawner/srv/Task2Service_Request.msg
[5.347s] -- Installing: /home/czg22/comp0250_s26_labs/install/cw2_world_spawner/share/cw2_world_spawner/srv/Task2Service_Response.msg
[5.347s] -- Installing: /home/czg22/comp0250_s26_labs/install/cw2_world_spawner/share/cw2_world_spawner/srv/Task3Service.srv
[5.347s] -- Installing: /home/czg22/comp0250_s26_labs/install/cw2_world_spawner/share/cw2_world_spawner/srv/Task3Service_Request.msg
[5.347s] -- Installing: /home/czg22/comp0250_s26_labs/install/cw2_world_spawner/share/cw2_world_spawner/srv/Task3Service_Response.msg
[5.347s] -- Installing: /home/czg22/comp0250_s26_labs/install/cw2_world_spawner/local/lib/python3.10/dist-packages/cw2_world_spawner_lib-0.1.0-py3.10.egg-info
[5.348s] -- Installing: /home/czg22/comp0250_s26_labs/install/cw2_world_spawner/local/lib/python3.10/dist-packages/cw2_world_spawner_lib-0.1.0-py3.10.egg-info/SOURCES.txt
[5.348s] -- Installing: /home/czg22/comp0250_s26_labs/install/cw2_world_spawner/local/lib/python3.10/dist-packages/cw2_world_spawner_lib-0.1.0-py3.10.egg-info/top_level.txt
[5.348s] -- Installing: /home/czg22/comp0250_s26_labs/install/cw2_world_spawner/local/lib/python3.10/dist-packages/cw2_world_spawner_lib-0.1.0-py3.10.egg-info/PKG-INFO
[5.348s] -- Installing: /home/czg22/comp0250_s26_labs/install/cw2_world_spawner/local/lib/python3.10/dist-packages/cw2_world_spawner_lib-0.1.0-py3.10.egg-info/dependency_links.txt
[5.349s] -- Installing: /home/czg22/comp0250_s26_labs/install/cw2_world_spawner/local/lib/python3.10/dist-packages/cw2_world_spawner_lib
[5.349s] -- Installing: /home/czg22/comp0250_s26_labs/install/cw2_world_spawner/local/lib/python3.10/dist-packages/cw2_world_spawner_lib/__init__.py
[5.349s] -- Installing: /home/czg22/comp0250_s26_labs/install/cw2_world_spawner/local/lib/python3.10/dist-packages/cw2_world_spawner_lib/coursework_world_spawner.py
[5.376s] Listing '/home/czg22/comp0250_s26_labs/install/cw2_world_spawner/local/lib/python3.10/dist-packages/cw2_world_spawner_lib'...
[5.376s] Compiling '/home/czg22/comp0250_s26_labs/install/cw2_world_spawner/local/lib/python3.10/dist-packages/cw2_world_spawner_lib/__init__.py'...
[5.376s] Compiling '/home/czg22/comp0250_s26_labs/install/cw2_world_spawner/local/lib/python3.10/dist-packages/cw2_world_spawner_lib/coursework_world_spawner.py'...
[5.380s] -- Installing: /home/czg22/comp0250_s26_labs/install/cw2_world_spawner/lib/cw2_world_spawner/world_spawner.py
[5.380s] -- Installing: /home/czg22/comp0250_s26_labs/install/cw2_world_spawner/share/cw2_world_spawner/models
[5.381s] -- Installing: /home/czg22/comp0250_s26_labs/install/cw2_world_spawner/share/cw2_world_spawner/models/nought_red_20mm
[5.381s] -- Installing: /home/czg22/comp0250_s26_labs/install/cw2_world_spawner/share/cw2_world_spawner/models/nought_red_20mm/model.sdf
[5.382s] -- Installing: /home/czg22/comp0250_s26_labs/install/cw2_world_spawner/share/cw2_world_spawner/models/nought_red_20mm/nought_20mm_40H.STL
[5.382s] -- Installing: /home/czg22/comp0250_s26_labs/install/cw2_world_spawner/share/cw2_world_spawner/models/nought_red_20mm/model.config
[5.383s] -- Installing: /home/czg22/comp0250_s26_labs/install/cw2_world_spawner/share/cw2_world_spawner/models/nought_red_30mm
[5.383s] -- Installing: /home/czg22/comp0250_s26_labs/install/cw2_world_spawner/share/cw2_world_spawner/models/nought_red_30mm/model.sdf
[5.383s] -- Installing: /home/czg22/comp0250_s26_labs/install/cw2_world_spawner/share/cw2_world_spawner/models/nought_red_30mm/nought_30mm_40H.STL
[5.384s] -- Installing: /home/czg22/comp0250_s26_labs/install/cw2_world_spawner/share/cw2_world_spawner/models/nought_red_30mm/model.config
[5.384s] -- Installing: /home/czg22/comp0250_s26_labs/install/cw2_world_spawner/share/cw2_world_spawner/models/obstacle_4
[5.385s] -- Installing: /home/czg22/comp0250_s26_labs/install/cw2_world_spawner/share/cw2_world_spawner/models/obstacle_4/model.sdf
[5.385s] -- Installing: /home/czg22/comp0250_s26_labs/install/cw2_world_spawner/share/cw2_world_spawner/models/obstacle_4/model.config
[5.385s] -- Installing: /home/czg22/comp0250_s26_labs/install/cw2_world_spawner/share/cw2_world_spawner/models/nought_blue_40mm
[5.385s] -- Installing: /home/czg22/comp0250_s26_labs/install/cw2_world_spawner/share/cw2_world_spawner/models/nought_blue_40mm/model.sdf
[5.386s] -- Installing: /home/czg22/comp0250_s26_labs/install/cw2_world_spawner/share/cw2_world_spawner/models/nought_blue_40mm/nought_40mm.STL
[5.386s] -- Installing: /home/czg22/comp0250_s26_labs/install/cw2_world_spawner/share/cw2_world_spawner/models/nought_blue_40mm/model.config
[5.387s] -- Installing: /home/czg22/comp0250_s26_labs/install/cw2_world_spawner/share/cw2_world_spawner/models/nought_blue_30mm
[5.387s] -- Installing: /home/czg22/comp0250_s26_labs/install/cw2_world_spawner/share/cw2_world_spawner/models/nought_blue_30mm/model.sdf
[5.388s] -- Installing: /home/czg22/comp0250_s26_labs/install/cw2_world_spawner/share/cw2_world_spawner/models/nought_blue_30mm/nought_30mm_40H.STL
[5.388s] -- Installing: /home/czg22/comp0250_s26_labs/install/cw2_world_spawner/share/cw2_world_spawner/models/nought_blue_30mm/model.config
[5.388s] -- Installing: /home/czg22/comp0250_s26_labs/install/cw2_world_spawner/share/cw2_world_spawner/models/obstacle_3
[5.389s] -- Installing: /home/czg22/comp0250_s26_labs/install/cw2_world_spawner/share/cw2_world_spawner/models/obstacle_3/model.sdf
[5.390s] -- Installing: /home/czg22/comp0250_s26_labs/install/cw2_world_spawner/share/cw2_world_spawner/models/obstacle_3/model.config
[5.390s] -- Installing: /home/czg22/comp0250_s26_labs/install/cw2_world_spawner/share/cw2_world_spawner/models/cross_red_30mm
[5.390s] -- Installing: /home/czg22/comp0250_s26_labs/install/cw2_world_spawner/share/cw2_world_spawner/models/cross_red_30mm/model.sdf
[5.391s] -- Installing: /home/czg22/comp0250_s26_labs/install/cw2_world_spawner/share/cw2_world_spawner/models/cross_red_30mm/cross_30mm_40H.STL
[5.391s] -- Installing: /home/czg22/comp0250_s26_labs/install/cw2_world_spawner/share/cw2_world_spawner/models/cross_red_30mm/model.config
[5.391s] -- Installing: /home/czg22/comp0250_s26_labs/install/cw2_world_spawner/share/cw2_world_spawner/models/cross_blue_40mm
[5.392s] -- Installing: /home/czg22/comp0250_s26_labs/install/cw2_world_spawner/share/cw2_world_spawner/models/cross_blue_40mm/model.sdf
[5.392s] -- Installing: /home/czg22/comp0250_s26_labs/install/cw2_world_spawner/share/cw2_world_spawner/models/cross_blue_40mm/cross_40mm.STL
[5.393s] -- Installing: /home/czg22/comp0250_s26_labs/install/cw2_world_spawner/share/cw2_world_spawner/models/cross_blue_40mm/model.config
[5.393s] -- Installing: /home/czg22/comp0250_s26_labs/install/cw2_world_spawner/share/cw2_world_spawner/models/all_tiles
[5.394s] -- Installing: /home/czg22/comp0250_s26_labs/install/cw2_world_spawner/share/cw2_world_spawner/models/all_tiles/model.sdf
[5.395s] -- Installing: /home/czg22/comp0250_s26_labs/install/cw2_world_spawner/share/cw2_world_spawner/models/all_tiles/model.sdf.xmacro
[5.395s] -- Installing: /home/czg22/comp0250_s26_labs/install/cw2_world_spawner/share/cw2_world_spawner/models/all_tiles/model.config
[5.395s] -- Installing: /home/czg22/comp0250_s26_labs/install/cw2_world_spawner/share/cw2_world_spawner/models/cross_purple_40mm
[5.396s] -- Installing: /home/czg22/comp0250_s26_labs/install/cw2_world_spawner/share/cw2_world_spawner/models/cross_purple_40mm/model.sdf
[5.396s] -- Installing: /home/czg22/comp0250_s26_labs/install/cw2_world_spawner/share/cw2_world_spawner/models/cross_purple_40mm/cross_40mm.STL
[5.397s] -- Installing: /home/czg22/comp0250_s26_labs/install/cw2_world_spawner/share/cw2_world_spawner/models/cross_purple_40mm/model.config
[5.397s] -- Installing: /home/czg22/comp0250_s26_labs/install/cw2_world_spawner/share/cw2_world_spawner/models/cross_blue_20mm
[5.397s] -- Installing: /home/czg22/comp0250_s26_labs/install/cw2_world_spawner/share/cw2_world_spawner/models/cross_blue_20mm/model.sdf
[5.398s] -- Installing: /home/czg22/comp0250_s26_labs/install/cw2_world_spawner/share/cw2_world_spawner/models/cross_blue_20mm/cross_40mm.STL
[5.398s] -- Installing: /home/czg22/comp0250_s26_labs/install/cw2_world_spawner/share/cw2_world_spawner/models/cross_blue_20mm/cross_20mm_40H.STL
[5.398s] -- Installing: /home/czg22/comp0250_s26_labs/install/cw2_world_spawner/share/cw2_world_spawner/models/cross_blue_20mm/model.config
[5.399s] -- Installing: /home/czg22/comp0250_s26_labs/install/cw2_world_spawner/share/cw2_world_spawner/models/obstacle_1
[5.399s] -- Installing: /home/czg22/comp0250_s26_labs/install/cw2_world_spawner/share/cw2_world_spawner/models/obstacle_1/model.sdf
[5.400s] -- Installing: /home/czg22/comp0250_s26_labs/install/cw2_world_spawner/share/cw2_world_spawner/models/obstacle_1/model.config
[5.400s] -- Installing: /home/czg22/comp0250_s26_labs/install/cw2_world_spawner/share/cw2_world_spawner/models/cross_red_20mm
[5.400s] -- Installing: /home/czg22/comp0250_s26_labs/install/cw2_world_spawner/share/cw2_world_spawner/models/cross_red_20mm/model.sdf
[5.401s] -- Installing: /home/czg22/comp0250_s26_labs/install/cw2_world_spawner/share/cw2_world_spawner/models/cross_red_20mm/cross_40mm.STL
[5.401s] -- Installing: /home/czg22/comp0250_s26_labs/install/cw2_world_spawner/share/cw2_world_spawner/models/cross_red_20mm/cross_20mm_40H.STL
[5.401s] -- Installing: /home/czg22/comp0250_s26_labs/install/cw2_world_spawner/share/cw2_world_spawner/models/cross_red_20mm/model.config
[5.402s] -- Installing: /home/czg22/comp0250_s26_labs/install/cw2_world_spawner/share/cw2_world_spawner/models/nought_purple_40mm
[5.402s] -- Installing: /home/czg22/comp0250_s26_labs/install/cw2_world_spawner/share/cw2_world_spawner/models/nought_purple_40mm/model.sdf
[5.403s] -- Installing: /home/czg22/comp0250_s26_labs/install/cw2_world_spawner/share/cw2_world_spawner/models/nought_purple_40mm/nought_40mm.STL
[5.403s] -- Installing: /home/czg22/comp0250_s26_labs/install/cw2_world_spawner/share/cw2_world_spawner/models/nought_purple_40mm/model.config
[5.403s] -- Installing: /home/czg22/comp0250_s26_labs/install/cw2_world_spawner/share/cw2_world_spawner/models/nought_purple_30mm
[5.404s] -- Installing: /home/czg22/comp0250_s26_labs/install/cw2_world_spawner/share/cw2_world_spawner/models/nought_purple_30mm/model.sdf
[5.404s] -- Installing: /home/czg22/comp0250_s26_labs/install/cw2_world_spawner/share/cw2_world_spawner/models/nought_purple_30mm/nought_30mm_40H.STL
[5.404s] -- Installing: /home/czg22/comp0250_s26_labs/install/cw2_world_spawner/share/cw2_world_spawner/models/nought_purple_30mm/model.config
[5.405s] -- Installing: /home/czg22/comp0250_s26_labs/install/cw2_world_spawner/share/cw2_world_spawner/models/cross_blue_30mm
[5.405s] -- Installing: /home/czg22/comp0250_s26_labs/install/cw2_world_spawner/share/cw2_world_spawner/models/cross_blue_30mm/model.sdf
[5.406s] -- Installing: /home/czg22/comp0250_s26_labs/install/cw2_world_spawner/share/cw2_world_spawner/models/cross_blue_30mm/cross_30mm_40H.STL
[5.406s] -- Installing: /home/czg22/comp0250_s26_labs/install/cw2_world_spawner/share/cw2_world_spawner/models/cross_blue_30mm/model.config
[5.406s] -- Installing: /home/czg22/comp0250_s26_labs/install/cw2_world_spawner/share/cw2_world_spawner/models/obstacle_2
[5.407s] -- Installing: /home/czg22/comp0250_s26_labs/install/cw2_world_spawner/share/cw2_world_spawner/models/obstacle_2/model.sdf
[5.407s] -- Installing: /home/czg22/comp0250_s26_labs/install/cw2_world_spawner/share/cw2_world_spawner/models/obstacle_2/model.config
[5.408s] -- Installing: /home/czg22/comp0250_s26_labs/install/cw2_world_spawner/share/cw2_world_spawner/models/nought_red_40mm
[5.408s] -- Installing: /home/czg22/comp0250_s26_labs/install/cw2_world_spawner/share/cw2_world_spawner/models/nought_red_40mm/model.sdf
[5.408s] -- Installing: /home/czg22/comp0250_s26_labs/install/cw2_world_spawner/share/cw2_world_spawner/models/nought_red_40mm/nought_40mm.STL
[5.409s] -- Installing: /home/czg22/comp0250_s26_labs/install/cw2_world_spawner/share/cw2_world_spawner/models/nought_red_40mm/model.config
[5.409s] -- Installing: /home/czg22/comp0250_s26_labs/install/cw2_world_spawner/share/cw2_world_spawner/models/cross_red_40mm
[5.410s] -- Installing: /home/czg22/comp0250_s26_labs/install/cw2_world_spawner/share/cw2_world_spawner/models/cross_red_40mm/model.sdf
[5.410s] -- Installing: /home/czg22/comp0250_s26_labs/install/cw2_world_spawner/share/cw2_world_spawner/models/cross_red_40mm/cross_40mm.STL
[5.410s] -- Installing: /home/czg22/comp0250_s26_labs/install/cw2_world_spawner/share/cw2_world_spawner/models/cross_red_40mm/model.config
[5.411s] -- Installing: /home/czg22/comp0250_s26_labs/install/cw2_world_spawner/share/cw2_world_spawner/models/nought_purple_20mm
[5.411s] -- Installing: /home/czg22/comp0250_s26_labs/install/cw2_world_spawner/share/cw2_world_spawner/models/nought_purple_20mm/model.sdf
[5.411s] -- Installing: /home/czg22/comp0250_s26_labs/install/cw2_world_spawner/share/cw2_world_spawner/models/nought_purple_20mm/nought_20mm_40H.STL
[5.412s] -- Installing: /home/czg22/comp0250_s26_labs/install/cw2_world_spawner/share/cw2_world_spawner/models/nought_purple_20mm/model.config
[5.412s] -- Installing: /home/czg22/comp0250_s26_labs/install/cw2_world_spawner/share/cw2_world_spawner/models/nought_blue_20mm
[5.413s] -- Installing: /home/czg22/comp0250_s26_labs/install/cw2_world_spawner/share/cw2_world_spawner/models/nought_blue_20mm/model.sdf
[5.413s] -- Installing: /home/czg22/comp0250_s26_labs/install/cw2_world_spawner/share/cw2_world_spawner/models/nought_blue_20mm/nought_20mm_40H.STL
[5.414s] -- Installing: /home/czg22/comp0250_s26_labs/install/cw2_world_spawner/share/cw2_world_spawner/models/nought_blue_20mm/model.config
[5.414s] -- Installing: /home/czg22/comp0250_s26_labs/install/cw2_world_spawner/share/cw2_world_spawner/models/basket
[5.415s] -- Installing: /home/czg22/comp0250_s26_labs/install/cw2_world_spawner/share/cw2_world_spawner/models/basket/model.sdf
[5.415s] -- Installing: /home/czg22/comp0250_s26_labs/install/cw2_world_spawner/share/cw2_world_spawner/models/basket/model.sdf.xmacro
[5.416s] -- Installing: /home/czg22/comp0250_s26_labs/install/cw2_world_spawner/share/cw2_world_spawner/models/basket/model.config
[5.416s] -- Installing: /home/czg22/comp0250_s26_labs/install/cw2_world_spawner/share/cw2_world_spawner/models/cross_purple_20mm
[5.417s] -- Installing: /home/czg22/comp0250_s26_labs/install/cw2_world_spawner/share/cw2_world_spawner/models/cross_purple_20mm/model.sdf
[5.417s] -- Installing: /home/czg22/comp0250_s26_labs/install/cw2_world_spawner/share/cw2_world_spawner/models/cross_purple_20mm/cross_40mm.STL
[5.418s] -- Installing: /home/czg22/comp0250_s26_labs/install/cw2_world_spawner/share/cw2_world_spawner/models/cross_purple_20mm/cross_20mm_40H.STL
[5.418s] -- Installing: /home/czg22/comp0250_s26_labs/install/cw2_world_spawner/share/cw2_world_spawner/models/cross_purple_20mm/model.config
[5.419s] -- Installing: /home/czg22/comp0250_s26_labs/install/cw2_world_spawner/share/cw2_world_spawner/models/cross_purple_30mm
[5.419s] -- Installing: /home/czg22/comp0250_s26_labs/install/cw2_world_spawner/share/cw2_world_spawner/models/cross_purple_30mm/model.sdf
[5.419s] -- Installing: /home/czg22/comp0250_s26_labs/install/cw2_world_spawner/share/cw2_world_spawner/models/cross_purple_30mm/cross_30mm_40H.STL
[5.420s] -- Installing: /home/czg22/comp0250_s26_labs/install/cw2_world_spawner/share/cw2_world_spawner/models/cross_purple_30mm/model.config
[5.420s] -- Installing: /home/czg22/comp0250_s26_labs/install/cw2_world_spawner/share/cw2_world_spawner/launch
[5.421s] -- Installing: /home/czg22/comp0250_s26_labs/install/cw2_world_spawner/share/cw2_world_spawner/launch/world_spawner.launch.py
[5.422s] -- Installing: /home/czg22/comp0250_s26_labs/install/cw2_world_spawner/share/ament_index/resource_index/package_run_dependencies/cw2_world_spawner
[5.422s] -- Installing: /home/czg22/comp0250_s26_labs/install/cw2_world_spawner/share/ament_index/resource_index/parent_prefix_path/cw2_world_spawner
[5.422s] -- Installing: /home/czg22/comp0250_s26_labs/install/cw2_world_spawner/share/cw2_world_spawner/environment/ament_prefix_path.sh
[5.423s] -- Installing: /home/czg22/comp0250_s26_labs/install/cw2_world_spawner/share/cw2_world_spawner/environment/ament_prefix_path.dsv
[5.423s] -- Installing: /home/czg22/comp0250_s26_labs/install/cw2_world_spawner/share/cw2_world_spawner/environment/path.sh
[5.423s] -- Installing: /home/czg22/comp0250_s26_labs/install/cw2_world_spawner/share/cw2_world_spawner/environment/path.dsv
[5.423s] -- Installing: /home/czg22/comp0250_s26_labs/install/cw2_world_spawner/share/cw2_world_spawner/local_setup.bash
[5.423s] -- Installing: /home/czg22/comp0250_s26_labs/install/cw2_world_spawner/share/cw2_world_spawner/local_setup.sh
[5.424s] -- Installing: /home/czg22/comp0250_s26_labs/install/cw2_world_spawner/share/cw2_world_spawner/local_setup.zsh
[5.424s] -- Installing: /home/czg22/comp0250_s26_labs/install/cw2_world_spawner/share/cw2_world_spawner/local_setup.dsv
[5.424s] -- Installing: /home/czg22/comp0250_s26_labs/install/cw2_world_spawner/share/cw2_world_spawner/package.dsv
[5.424s] -- Installing: /home/czg22/comp0250_s26_labs/install/cw2_world_spawner/share/ament_index/resource_index/packages/cw2_world_spawner
[5.425s] -- Installing: /home/czg22/comp0250_s26_labs/install/cw2_world_spawner/share/cw2_world_spawner/cmake/export_cw2_world_spawner__rosidl_generator_cExport.cmake
[5.425s] -- Installing: /home/czg22/comp0250_s26_labs/install/cw2_world_spawner/share/cw2_world_spawner/cmake/export_cw2_world_spawner__rosidl_generator_cExport-noconfig.cmake
[5.425s] -- Installing: /home/czg22/comp0250_s26_labs/install/cw2_world_spawner/share/cw2_world_spawner/cmake/export_cw2_world_spawner__rosidl_typesupport_fastrtps_cExport.cmake
[5.425s] -- Installing: /home/czg22/comp0250_s26_labs/install/cw2_world_spawner/share/cw2_world_spawner/cmake/export_cw2_world_spawner__rosidl_typesupport_fastrtps_cExport-noconfig.cmake
[5.426s] -- Installing: /home/czg22/comp0250_s26_labs/install/cw2_world_spawner/share/cw2_world_spawner/cmake/cw2_world_spawner__rosidl_typesupport_introspection_cExport.cmake
[5.426s] -- Installing: /home/czg22/comp0250_s26_labs/install/cw2_world_spawner/share/cw2_world_spawner/cmake/cw2_world_spawner__rosidl_typesupport_introspection_cExport-noconfig.cmake
[5.426s] -- Installing: /home/czg22/comp0250_s26_labs/install/cw2_world_spawner/share/cw2_world_spawner/cmake/cw2_world_spawner__rosidl_typesupport_cExport.cmake
[5.426s] -- Installing: /home/czg22/comp0250_s26_labs/install/cw2_world_spawner/share/cw2_world_spawner/cmake/cw2_world_spawner__rosidl_typesupport_cExport-noconfig.cmake
[5.426s] -- Installing: /home/czg22/comp0250_s26_labs/install/cw2_world_spawner/share/cw2_world_spawner/cmake/export_cw2_world_spawner__rosidl_generator_cppExport.cmake
[5.427s] -- Installing: /home/czg22/comp0250_s26_labs/install/cw2_world_spawner/share/cw2_world_spawner/cmake/export_cw2_world_spawner__rosidl_typesupport_fastrtps_cppExport.cmake
[5.427s] -- Installing: /home/czg22/comp0250_s26_labs/install/cw2_world_spawner/share/cw2_world_spawner/cmake/export_cw2_world_spawner__rosidl_typesupport_fastrtps_cppExport-noconfig.cmake
[5.427s] -- Installing: /home/czg22/comp0250_s26_labs/install/cw2_world_spawner/share/cw2_world_spawner/cmake/cw2_world_spawner__rosidl_typesupport_introspection_cppExport.cmake
[5.427s] -- Installing: /home/czg22/comp0250_s26_labs/install/cw2_world_spawner/share/cw2_world_spawner/cmake/cw2_world_spawner__rosidl_typesupport_introspection_cppExport-noconfig.cmake
[5.427s] -- Installing: /home/czg22/comp0250_s26_labs/install/cw2_world_spawner/share/cw2_world_spawner/cmake/cw2_world_spawner__rosidl_typesupport_cppExport.cmake
[5.428s] -- Installing: /home/czg22/comp0250_s26_labs/install/cw2_world_spawner/share/cw2_world_spawner/cmake/cw2_world_spawner__rosidl_typesupport_cppExport-noconfig.cmake
[5.428s] -- Installing: /home/czg22/comp0250_s26_labs/install/cw2_world_spawner/share/cw2_world_spawner/cmake/export_cw2_world_spawner__rosidl_generator_pyExport.cmake
[5.428s] -- Installing: /home/czg22/comp0250_s26_labs/install/cw2_world_spawner/share/cw2_world_spawner/cmake/export_cw2_world_spawner__rosidl_generator_pyExport-noconfig.cmake
[5.428s] -- Installing: /home/czg22/comp0250_s26_labs/install/cw2_world_spawner/share/cw2_world_spawner/cmake/rosidl_cmake-extras.cmake
[5.429s] -- Installing: /home/czg22/comp0250_s26_labs/install/cw2_world_spawner/share/cw2_world_spawner/cmake/ament_cmake_export_dependencies-extras.cmake
[5.429s] -- Installing: /home/czg22/comp0250_s26_labs/install/cw2_world_spawner/share/cw2_world_spawner/cmake/ament_cmake_export_include_directories-extras.cmake
[5.429s] -- Installing: /home/czg22/comp0250_s26_labs/install/cw2_world_spawner/share/cw2_world_spawner/cmake/ament_cmake_export_libraries-extras.cmake
[5.429s] -- Installing: /home/czg22/comp0250_s26_labs/install/cw2_world_spawner/share/cw2_world_spawner/cmake/ament_cmake_export_targets-extras.cmake
[5.429s] -- Installing: /home/czg22/comp0250_s26_labs/install/cw2_world_spawner/share/cw2_world_spawner/cmake/rosidl_cmake_export_typesupport_targets-extras.cmake
[5.429s] -- Installing: /home/czg22/comp0250_s26_labs/install/cw2_world_spawner/share/cw2_world_spawner/cmake/rosidl_cmake_export_typesupport_libraries-extras.cmake
[5.430s] -- Installing: /home/czg22/comp0250_s26_labs/install/cw2_world_spawner/share/cw2_world_spawner/cmake/cw2_world_spawnerConfig.cmake
[5.430s] -- Installing: /home/czg22/comp0250_s26_labs/install/cw2_world_spawner/share/cw2_world_spawner/cmake/cw2_world_spawnerConfig-version.cmake
[5.430s] -- Installing: /home/czg22/comp0250_s26_labs/install/cw2_world_spawner/share/cw2_world_spawner/package.xml
[5.433s] Invoked command in '/home/czg22/comp0250_s26_labs/build/cw2_world_spawner' returned '0': CMAKE_PREFIX_PATH=${CMAKE_PREFIX_PATH}:/home/czg22/ws_moveit2/install/moveit_configs_utils:/home/czg22/ws_moveit2/install/launch_param_builder:/opt/ros/humble /usr/bin/cmake --install /home/czg22/comp0250_s26_labs/build/cw2_world_spawner
