[0.010s] Invoking command in '/home/ethan/COMP0250/cw2_team_14/build/cw2_team_14': CMAKE_PREFIX_PATH=${CMAKE_PREFIX_PATH}:/opt/ros/humble /usr/bin/cmake /home/ethan/COMP0250/cw2_team_14/src/courseworks/cw2_team_14 -DCMAKE_INSTALL_PREFIX=/home/ethan/COMP0250/cw2_team_14/install/cw2_team_14
[0.056s] -- The C compiler identification is GNU 11.4.0
[0.101s] -- The CXX compiler identification is GNU 11.4.0
[0.107s] -- Detecting C compiler ABI info
[0.194s] -- Detecting C compiler ABI info - done
[0.199s] -- Check for working C compiler: /usr/bin/cc - skipped
[0.200s] -- Detecting C compile features
[0.200s] -- Detecting C compile features - done
[0.202s] -- Detecting CXX compiler ABI info
[0.264s] -- Detecting CXX compiler ABI info - done
[0.268s] -- Check for working CXX compiler: /usr/bin/c++ - skipped
[0.268s] -- Detecting CXX compile features
[0.268s] -- Detecting CXX compile features - done
[0.270s] -- Found ament_cmake: 1.3.14 (/opt/ros/humble/share/ament_cmake/cmake)
[0.355s] -- Found Python3: /usr/bin/python3 (found version "3.10.12") found components: Interpreter 
[0.407s] -- Found rosidl_default_generators: 1.2.1 (/opt/ros/humble/share/rosidl_default_generators/cmake)
[0.408s] -- Using all available rosidl_typesupport_c: rosidl_typesupport_fastrtps_c;rosidl_typesupport_introspection_c
[0.412s] -- Found rosidl_adapter: 3.1.8 (/opt/ros/humble/share/rosidl_adapter/cmake)
[0.436s] -- Using all available rosidl_typesupport_cpp: rosidl_typesupport_fastrtps_cpp;rosidl_typesupport_introspection_cpp
[0.527s] -- Found rclcpp: 16.0.19 (/opt/ros/humble/share/rclcpp/cmake)
[0.566s] -- Found rmw_implementation_cmake: 6.1.2 (/opt/ros/humble/share/rmw_implementation_cmake/cmake)
[0.568s] -- Found rmw_fastrtps_cpp: 6.2.10 (/opt/ros/humble/share/rmw_fastrtps_cpp/cmake)
[0.658s] -- Found OpenSSL: /usr/lib/x86_64-linux-gnu/libcrypto.so (found version "3.0.2")  
[0.678s] -- Found FastRTPS: /opt/ros/humble/include  
[0.706s] -- Using RMW implementation 'rmw_fastrtps_cpp' as default
[0.715s] -- Looking for pthread.h
[0.764s] -- Looking for pthread.h - found
[0.764s] -- Performing Test CMAKE_HAVE_LIBC_PTHREAD
[0.812s] -- Performing Test CMAKE_HAVE_LIBC_PTHREAD - Success
[0.813s] -- Found Threads: TRUE  
[0.876s] -- Found geometry_msgs: 4.9.1 (/opt/ros/humble/share/geometry_msgs/cmake)
[0.884s] -- Found sensor_msgs: 4.9.1 (/opt/ros/humble/share/sensor_msgs/cmake)
[0.897s] -- Found visualization_msgs: 4.9.1 (/opt/ros/humble/share/visualization_msgs/cmake)
[0.911s] -- Found moveit_core: 2.5.9 (/opt/ros/humble/share/moveit_core/cmake)
[0.940s] -- Found Boost: /usr/lib/x86_64-linux-gnu/cmake/Boost-1.74.0/BoostConfig.cmake (found version "1.74.0") found components: chrono date_time filesystem iostreams program_options regex serialization system thread 
[0.973s] -- Found parameter_traits: 0.7.1 (/opt/ros/humble/share/parameter_traits/cmake)
[0.984s] -- Found rclcpp_lifecycle: 16.0.19 (/opt/ros/humble/share/rclcpp_lifecycle/cmake)
[1.003s] -- Found Boost: /usr/lib/x86_64-linux-gnu/cmake/Boost-1.74.0/BoostConfig.cmake (found version "1.74.0") found components: filesystem 
[1.078s] -- library: /usr/lib/x86_64-linux-gnu/libcurl.so
[1.099s] -- Found Eigen3: TRUE (found version "3.4.0") 
[1.099s] -- Ensuring Eigen3 include directory is part of orocos-kdl CMake target
[1.277s] -- Found moveit_ros_planning_interface: 2.5.9 (/opt/ros/humble/share/moveit_ros_planning_interface/cmake)
[1.280s] -- Found Boost: /usr/lib/x86_64-linux-gnu/cmake/Boost-1.74.0/BoostConfig.cmake (found version "1.74.0") found components: date_time filesystem program_options system thread 
[1.288s] -- Found Boost: /usr/lib/x86_64-linux-gnu/cmake/Boost-1.74.0/BoostConfig.cmake (found version "1.74.0") found components: system filesystem date_time program_options thread chrono 
[1.308s] -- Found Boost: /usr/lib/x86_64-linux-gnu/cmake/Boost-1.74.0/BoostConfig.cmake (found version "1.74.0") found components: thread system filesystem regex date_time program_options 
[1.322s] -- Found Boost: /usr/lib/x86_64-linux-gnu/cmake/Boost-1.74.0/BoostConfig.cmake (found version "1.74.0") found components: system filesystem date_time program_options thread 
[1.342s] -- Found pcl_ros: 2.4.5 (/opt/ros/humble/share/pcl_ros/cmake)
[1.372s] -- Checking for module 'eigen3'
[1.384s] --   Found eigen3, version 3.4.0
[1.419s] -- Found Eigen: /usr/include/eigen3 (Required is at least version "3.1") 
[1.419s] -- Eigen found (include: /usr/include/eigen3, version: 3.4.0)
[1.435s] -- Checking for module 'flann'
[1.447s] --   Found flann, version 1.9.1
[1.481s] -- Found FLANN: /usr/lib/x86_64-linux-gnu/libflann_cpp.so  
[1.481s] -- FLANN found (include: /usr/include, lib: /usr/lib/x86_64-linux-gnu/libflann_cpp.so)
[2.421s] -- Checking for module 'libusb-1.0'
[2.434s] --   Found libusb-1.0, version 1.0.25
[2.465s] -- Found libusb: /usr/lib/x86_64-linux-gnu/libusb-1.0.so  
[2.467s] -- OpenNI found (version: 1.5.4.0, include: /usr/include/ni, lib: /usr/lib/libOpenNI.so;libusb::libusb)
[2.519s] -- OpenNI2 found (version: 2.2.0.33, include: /usr/include/openni2, lib: /usr/lib/x86_64-linux-gnu/libOpenNI2.so;libusb::libusb)
[2.612s] -- Eigen found (include: /usr/include/eigen3, version: 3.4.0)
[2.617s] -- OpenNI found (version: 1.5.4.0, include: /usr/include/ni, lib: /usr/lib/libOpenNI.so;libusb::libusb)
[2.622s] -- OpenNI2 found (version: 2.2.0.33, include: /usr/include/openni2, lib: /usr/lib/x86_64-linux-gnu/libOpenNI2.so;libusb::libusb)
[2.716s] -- Found Qhull version 8.0.2
[2.807s] -- OpenNI found (version: 1.5.4.0, include: /usr/include/ni, lib: /usr/lib/libOpenNI.so;libusb::libusb)
[2.893s] -- Found PCL_COMMON: /usr/lib/x86_64-linux-gnu/libpcl_common.so  
[2.894s] -- Found PCL_KDTREE: /usr/lib/x86_64-linux-gnu/libpcl_kdtree.so  
[2.894s] -- Found PCL_OCTREE: /usr/lib/x86_64-linux-gnu/libpcl_octree.so  
[2.895s] -- Found PCL_SEARCH: /usr/lib/x86_64-linux-gnu/libpcl_search.so  
[2.895s] -- Found PCL_SAMPLE_CONSENSUS: /usr/lib/x86_64-linux-gnu/libpcl_sample_consensus.so  
[2.896s] -- Found PCL_FILTERS: /usr/lib/x86_64-linux-gnu/libpcl_filters.so  
[2.896s] -- Found PCL_2D: /usr/include/pcl-1.12  
[2.896s] -- Found PCL_GEOMETRY: /usr/include/pcl-1.12  
[2.897s] -- Found PCL_IO: /usr/lib/x86_64-linux-gnu/libpcl_io.so  
[2.897s] -- Found PCL_FEATURES: /usr/lib/x86_64-linux-gnu/libpcl_features.so  
[2.898s] -- Found PCL_ML: /usr/lib/x86_64-linux-gnu/libpcl_ml.so  
[2.898s] -- Found PCL_SEGMENTATION: /usr/lib/x86_64-linux-gnu/libpcl_segmentation.so  
[2.899s] -- Found PCL_VISUALIZATION: /usr/lib/x86_64-linux-gnu/libpcl_visualization.so  
[2.899s] -- Found PCL_SURFACE: /usr/lib/x86_64-linux-gnu/libpcl_surface.so  
[2.903s] -- Found PCL_REGISTRATION: /usr/lib/x86_64-linux-gnu/libpcl_registration.so  
[2.904s] -- Found PCL_KEYPOINTS: /usr/lib/x86_64-linux-gnu/libpcl_keypoints.so  
[2.904s] -- Found PCL_TRACKING: /usr/lib/x86_64-linux-gnu/libpcl_tracking.so  
[2.905s] -- Found PCL_RECOGNITION: /usr/lib/x86_64-linux-gnu/libpcl_recognition.so  
[2.905s] -- Found PCL_STEREO: /usr/lib/x86_64-linux-gnu/libpcl_stereo.so  
[2.906s] -- Found PCL_APPS: /usr/lib/x86_64-linux-gnu/libpcl_apps.so  
[2.906s] -- Found PCL_IN_HAND_SCANNER: /usr/include/pcl-1.12  
[2.906s] -- Found PCL_MODELER: /usr/include/pcl-1.12  
[2.907s] -- Found PCL_POINT_CLOUD_EDITOR: /usr/include/pcl-1.12  
[2.907s] -- Found PCL_OUTOFCORE: /usr/lib/x86_64-linux-gnu/libpcl_outofcore.so  
[2.908s] -- Found PCL_PEOPLE: /usr/lib/x86_64-linux-gnu/libpcl_people.so  
[2.913s] CMake Warning (dev) at CMakeLists.txt:23 (find_package):
[2.914s]   Policy CMP0074 is not set: find_package uses <PackageName>_ROOT variables.
[2.914s]   Run "cmake --help-policy CMP0074" for policy details.  Use the cmake_policy
[2.914s]   command to set the policy and suppress this warning.
[2.914s] 
[2.914s]   CMake variable PCL_ROOT is set to:
[2.914s] 
[2.914s]     /usr
[2.914s] 
[2.914s]   For compatibility, CMake is ignoring the variable.
[2.914s] This warning is for project developers.  Use -Wno-dev to suppress it.
[2.914s] 
[2.920s] -- Found cw2_world_spawner: 0.1.0 (/home/ethan/COMP0250/cw2_team_14/install/cw2_world_spawner/share/cw2_world_spawner/cmake)
[3.095s] -- Found ament_cmake_ros: 0.10.0 (/opt/ros/humble/share/ament_cmake_ros/cmake)
[3.242s] -- Using all available rosidl_typesupport_c: rosidl_typesupport_fastrtps_c;rosidl_typesupport_introspection_c
[3.433s] -- Using all available rosidl_typesupport_cpp: rosidl_typesupport_fastrtps_cpp;rosidl_typesupport_introspection_cpp
[3.447s] -- Found PythonInterp: /usr/bin/python3 (found suitable version "3.10.12", minimum required is "3.6") 
[3.448s] -- Found python_cmake_module: 0.10.0 (/opt/ros/humble/share/python_cmake_module/cmake)
[3.464s] -- Found PythonLibs: /usr/lib/x86_64-linux-gnu/libpython3.10.so (found suitable version "3.10.12", minimum required is "3.5") 
[3.464s] -- Using PYTHON_EXECUTABLE: /usr/bin/python3
[3.464s] -- Using PYTHON_INCLUDE_DIRS: /usr/include/python3.10
[3.464s] -- Using PYTHON_LIBRARIES: /usr/lib/x86_64-linux-gnu/libpython3.10.so
[3.478s] -- Found PythonExtra: .so  
[3.578s] -- Found ament_lint_auto: 0.12.15 (/opt/ros/humble/share/ament_lint_auto/cmake)
[3.594s] -- Added test 'cppcheck' to perform static code analysis on C / C++ code
[3.595s] -- Configured cppcheck include dirs: /home/ethan/COMP0250/cw2_team_14/src/courseworks/cw2_team_14/include
[3.595s] -- Configured cppcheck exclude dirs and/or files: 
[3.595s] -- Added test 'flake8' to check Python code syntax and style conventions
[3.595s] -- Added test 'lint_cmake' to check CMake code style
[3.596s] -- Added test 'pep257' to check Python code against some of the docstring style conventions in PEP 257
[3.597s] -- Added test 'uncrustify' to check C / C++ code style
[3.597s] -- Configured uncrustify additional arguments: 
[3.597s] -- Added test 'xmllint' to check XML markup files
[3.598s] -- Configuring done
[3.739s] -- Generating done
[3.759s] -- Build files have been written to: /home/ethan/COMP0250/cw2_team_14/build/cw2_team_14
[3.776s] Invoked command in '/home/ethan/COMP0250/cw2_team_14/build/cw2_team_14' returned '0': CMAKE_PREFIX_PATH=${CMAKE_PREFIX_PATH}:/opt/ros/humble /usr/bin/cmake /home/ethan/COMP0250/cw2_team_14/src/courseworks/cw2_team_14 -DCMAKE_INSTALL_PREFIX=/home/ethan/COMP0250/cw2_team_14/install/cw2_team_14
[3.778s] Invoking command in '/home/ethan/COMP0250/cw2_team_14/build/cw2_team_14': CMAKE_PREFIX_PATH=${CMAKE_PREFIX_PATH}:/opt/ros/humble /usr/bin/cmake --build /home/ethan/COMP0250/cw2_team_14/build/cw2_team_14 -- -j32 -l32
[3.809s] [  2%] Generating C code for ROS interfaces
[3.817s] [  5%] Generating C++ code for ROS interfaces
[3.818s] [  8%] Generating Rust code for ROS interfaces
[3.822s] [  8%] Built target ament_cmake_python_copy_cw2_team_14
[3.942s] running egg_info
[3.942s] creating cw2_team_14.egg-info
[3.942s] writing cw2_team_14.egg-info/PKG-INFO
[3.942s] writing dependency_links to cw2_team_14.egg-info/dependency_links.txt
[3.942s] writing top-level names to cw2_team_14.egg-info/top_level.txt
[3.943s] writing manifest file 'cw2_team_14.egg-info/SOURCES.txt'
[3.943s] reading manifest file 'cw2_team_14.egg-info/SOURCES.txt'
[3.944s] writing manifest file 'cw2_team_14.egg-info/SOURCES.txt'
[3.950s] [  8%] Built target cw2_team_14__rs
[3.961s] [  8%] Built target ament_cmake_python_build_cw2_team_14_egg
[3.966s] [  8%] Built target cw2_team_14__cpp
[3.967s] [ 11%] Building C object CMakeFiles/cw2_team_14__rosidl_generator_c.dir/rosidl_generator_c/cw2_team_14/srv/detail/example__functions.c.o
[3.974s] [ 16%] Generating C++ type support dispatch for ROS interfaces
[3.974s] [ 16%] Generating C++ introspection for ROS interfaces
[3.974s] [ 19%] Generating C++ type support for eProsima Fast-RTPS
[4.008s] [ 22%] Linking C shared library libcw2_team_14__rosidl_generator_c.so
[4.033s] [ 22%] Built target cw2_team_14__rosidl_generator_c
[4.040s] [ 25%] Generating C type support for eProsima Fast-RTPS
[4.040s] [ 27%] Generating C type support dispatch for ROS interfaces
[4.041s] [ 30%] Generating C introspection for ROS interfaces
[4.107s] [ 33%] Building CXX object CMakeFiles/cw2_team_14__rosidl_typesupport_cpp.dir/rosidl_typesupport_cpp/cw2_team_14/srv/example__type_support.cpp.o
[4.123s] [ 36%] Building CXX object CMakeFiles/cw2_team_14__rosidl_typesupport_introspection_cpp.dir/rosidl_typesupport_introspection_cpp/cw2_team_14/srv/detail/example__type_support.cpp.o
[4.124s] [ 38%] Building CXX object CMakeFiles/cw2_team_14__rosidl_typesupport_fastrtps_cpp.dir/rosidl_typesupport_fastrtps_cpp/cw2_team_14/srv/detail/dds_fastrtps/example__type_support.cpp.o
[4.174s] [ 41%] Building CXX object CMakeFiles/cw2_team_14__rosidl_typesupport_c.dir/rosidl_typesupport_c/cw2_team_14/srv/example__type_support.cpp.o
[4.192s] [ 44%] Building CXX object CMakeFiles/cw2_team_14__rosidl_typesupport_fastrtps_c.dir/rosidl_typesupport_fastrtps_c/cw2_team_14/srv/detail/example__type_support_c.cpp.o
[4.192s] [ 47%] Building C object CMakeFiles/cw2_team_14__rosidl_typesupport_introspection_c.dir/rosidl_typesupport_introspection_c/cw2_team_14/srv/detail/example__type_support.c.o
[4.261s] [ 50%] Linking CXX shared library libcw2_team_14__rosidl_typesupport_cpp.so
[4.262s] [ 52%] Linking CXX shared library libcw2_team_14__rosidl_typesupport_c.so
[4.273s] [ 55%] Linking C shared library libcw2_team_14__rosidl_typesupport_introspection_c.so
[4.288s] [ 55%] Built target cw2_team_14__rosidl_typesupport_cpp
[4.289s] [ 55%] Built target cw2_team_14__rosidl_typesupport_c
[4.295s] [ 55%] Built target cw2_team_14__rosidl_typesupport_introspection_c
[4.303s] [ 58%] Building CXX object CMakeFiles/cw2_team_14_cw2_class_lib.dir/src/cw2_class.cpp.o
[4.360s] [ 61%] Linking CXX shared library libcw2_team_14__rosidl_typesupport_introspection_cpp.so
[4.407s] [ 61%] Built target cw2_team_14__rosidl_typesupport_introspection_cpp
[4.464s] [ 66%] Linking CXX shared library libcw2_team_14__rosidl_typesupport_fastrtps_cpp.so
[4.464s] [ 66%] Linking CXX shared library libcw2_team_14__rosidl_typesupport_fastrtps_c.so
[4.510s] [ 66%] Built target cw2_team_14__rosidl_typesupport_fastrtps_c
[4.510s] [ 66%] Built target cw2_team_14__rosidl_typesupport_fastrtps_cpp
[4.525s] [ 66%] Built target cw2_team_14
[4.538s] [ 69%] Generating Python code for ROS interfaces
[4.734s] [ 69%] Built target cw2_team_14__py
[4.749s] [ 72%] Building C object CMakeFiles/cw2_team_14__rosidl_generator_py.dir/rosidl_generator_py/cw2_team_14/srv/_example_s.c.o
[4.814s] [ 75%] Linking C shared library rosidl_generator_py/cw2_team_14/libcw2_team_14__rosidl_generator_py.so
[4.841s] [ 75%] Built target cw2_team_14__rosidl_generator_py
[4.855s] [ 77%] Building C object CMakeFiles/cw2_team_14__rosidl_typesupport_introspection_c__pyext.dir/rosidl_generator_py/cw2_team_14/_cw2_team_14_s.ep.rosidl_typesupport_introspection_c.c.o
[4.855s] [ 80%] Building C object CMakeFiles/cw2_team_14__rosidl_typesupport_fastrtps_c__pyext.dir/rosidl_generator_py/cw2_team_14/_cw2_team_14_s.ep.rosidl_typesupport_fastrtps_c.c.o
[4.855s] [ 83%] Building C object CMakeFiles/cw2_team_14__rosidl_typesupport_c__pyext.dir/rosidl_generator_py/cw2_team_14/_cw2_team_14_s.ep.rosidl_typesupport_c.c.o
[4.916s] [ 86%] Linking C shared library rosidl_generator_py/cw2_team_14/cw2_team_14_s__rosidl_typesupport_introspection_c.cpython-310-x86_64-linux-gnu.so
[4.918s] [ 88%] Linking C shared library rosidl_generator_py/cw2_team_14/cw2_team_14_s__rosidl_typesupport_c.cpython-310-x86_64-linux-gnu.so
[4.918s] [ 91%] Linking C shared library rosidl_generator_py/cw2_team_14/cw2_team_14_s__rosidl_typesupport_fastrtps_c.cpython-310-x86_64-linux-gnu.so
[4.944s] [ 91%] Built target cw2_team_14__rosidl_typesupport_fastrtps_c__pyext
[4.944s] [ 91%] Built target cw2_team_14__rosidl_typesupport_introspection_c__pyext
[4.944s] [ 91%] Built target cw2_team_14__rosidl_typesupport_c__pyext
[16.063s] [ 94%] Linking CXX shared library libcw2_team_14_cw2_class_lib.so
[17.323s] [ 94%] Built target cw2_team_14_cw2_class_lib
[17.339s] [ 97%] Building CXX object CMakeFiles/cw2_solution_node.dir/src/cw2_node.cpp.o
[22.592s] [100%] Linking CXX executable cw2_solution_node
[23.322s] [100%] Built target cw2_solution_node
[23.329s] Invoked command in '/home/ethan/COMP0250/cw2_team_14/build/cw2_team_14' returned '0': CMAKE_PREFIX_PATH=${CMAKE_PREFIX_PATH}:/opt/ros/humble /usr/bin/cmake --build /home/ethan/COMP0250/cw2_team_14/build/cw2_team_14 -- -j32 -l32
[23.336s] Invoking command in '/home/ethan/COMP0250/cw2_team_14/build/cw2_team_14': CMAKE_PREFIX_PATH=${CMAKE_PREFIX_PATH}:/opt/ros/humble /usr/bin/cmake --install /home/ethan/COMP0250/cw2_team_14/build/cw2_team_14
[23.342s] -- Install configuration: ""
[23.342s] -- Installing: /home/ethan/COMP0250/cw2_team_14/install/cw2_team_14/share/ament_index/resource_index/rosidl_interfaces/cw2_team_14
[23.342s] -- Installing: /home/ethan/COMP0250/cw2_team_14/install/cw2_team_14/include/cw2_team_14/cw2_team_14
[23.342s] -- Installing: /home/ethan/COMP0250/cw2_team_14/install/cw2_team_14/include/cw2_team_14/cw2_team_14/msg
[23.342s] -- Installing: /home/ethan/COMP0250/cw2_team_14/install/cw2_team_14/include/cw2_team_14/cw2_team_14/msg/rosidl_generator_c__visibility_control.h
[23.342s] -- Installing: /home/ethan/COMP0250/cw2_team_14/install/cw2_team_14/include/cw2_team_14/cw2_team_14/srv
[23.343s] -- Installing: /home/ethan/COMP0250/cw2_team_14/install/cw2_team_14/include/cw2_team_14/cw2_team_14/srv/example.h
[23.343s] -- Installing: /home/ethan/COMP0250/cw2_team_14/install/cw2_team_14/include/cw2_team_14/cw2_team_14/srv/detail
[23.343s] -- Installing: /home/ethan/COMP0250/cw2_team_14/install/cw2_team_14/include/cw2_team_14/cw2_team_14/srv/detail/example__functions.c
[23.343s] -- Installing: /home/ethan/COMP0250/cw2_team_14/install/cw2_team_14/include/cw2_team_14/cw2_team_14/srv/detail/example__struct.h
[23.343s] -- Installing: /home/ethan/COMP0250/cw2_team_14/install/cw2_team_14/include/cw2_team_14/cw2_team_14/srv/detail/example__functions.h
[23.343s] -- Installing: /home/ethan/COMP0250/cw2_team_14/install/cw2_team_14/include/cw2_team_14/cw2_team_14/srv/detail/example__type_support.h
[23.343s] -- Installing: /home/ethan/COMP0250/cw2_team_14/install/cw2_team_14/share/cw2_team_14/environment/library_path.sh
[23.343s] -- Installing: /home/ethan/COMP0250/cw2_team_14/install/cw2_team_14/share/cw2_team_14/environment/library_path.dsv
[23.343s] -- Installing: /home/ethan/COMP0250/cw2_team_14/install/cw2_team_14/lib/libcw2_team_14__rosidl_generator_c.so
[23.343s] -- Set runtime path of "/home/ethan/COMP0250/cw2_team_14/install/cw2_team_14/lib/libcw2_team_14__rosidl_generator_c.so" to ""
[23.343s] -- Up-to-date: /home/ethan/COMP0250/cw2_team_14/install/cw2_team_14/include/cw2_team_14/cw2_team_14
[23.344s] -- Up-to-date: /home/ethan/COMP0250/cw2_team_14/install/cw2_team_14/include/cw2_team_14/cw2_team_14/msg
[23.344s] -- Installing: /home/ethan/COMP0250/cw2_team_14/install/cw2_team_14/include/cw2_team_14/cw2_team_14/msg/rosidl_typesupport_fastrtps_c__visibility_control.h
[23.344s] -- Up-to-date: /home/ethan/COMP0250/cw2_team_14/install/cw2_team_14/include/cw2_team_14/cw2_team_14/srv
[23.344s] -- Up-to-date: /home/ethan/COMP0250/cw2_team_14/install/cw2_team_14/include/cw2_team_14/cw2_team_14/srv/detail
[23.344s] -- Installing: /home/ethan/COMP0250/cw2_team_14/install/cw2_team_14/include/cw2_team_14/cw2_team_14/srv/detail/example__rosidl_typesupport_fastrtps_c.h
[23.344s] -- Installing: /home/ethan/COMP0250/cw2_team_14/install/cw2_team_14/lib/libcw2_team_14__rosidl_typesupport_fastrtps_c.so
[23.344s] -- Set runtime path of "/home/ethan/COMP0250/cw2_team_14/install/cw2_team_14/lib/libcw2_team_14__rosidl_typesupport_fastrtps_c.so" to ""
[23.344s] -- Up-to-date: /home/ethan/COMP0250/cw2_team_14/install/cw2_team_14/include/cw2_team_14/cw2_team_14
[23.344s] -- Up-to-date: /home/ethan/COMP0250/cw2_team_14/install/cw2_team_14/include/cw2_team_14/cw2_team_14/msg
[23.344s] -- Installing: /home/ethan/COMP0250/cw2_team_14/install/cw2_team_14/include/cw2_team_14/cw2_team_14/msg/rosidl_typesupport_introspection_c__visibility_control.h
[23.344s] -- Up-to-date: /home/ethan/COMP0250/cw2_team_14/install/cw2_team_14/include/cw2_team_14/cw2_team_14/srv
[23.344s] -- Up-to-date: /home/ethan/COMP0250/cw2_team_14/install/cw2_team_14/include/cw2_team_14/cw2_team_14/srv/detail
[23.344s] -- Installing: /home/ethan/COMP0250/cw2_team_14/install/cw2_team_14/include/cw2_team_14/cw2_team_14/srv/detail/example__rosidl_typesupport_introspection_c.h
[23.344s] -- Installing: /home/ethan/COMP0250/cw2_team_14/install/cw2_team_14/include/cw2_team_14/cw2_team_14/srv/detail/example__type_support.c
[23.344s] -- Installing: /home/ethan/COMP0250/cw2_team_14/install/cw2_team_14/lib/libcw2_team_14__rosidl_typesupport_introspection_c.so
[23.345s] -- Set runtime path of "/home/ethan/COMP0250/cw2_team_14/install/cw2_team_14/lib/libcw2_team_14__rosidl_typesupport_introspection_c.so" to ""
[23.345s] -- Installing: /home/ethan/COMP0250/cw2_team_14/install/cw2_team_14/lib/libcw2_team_14__rosidl_typesupport_c.so
[23.345s] -- Set runtime path of "/home/ethan/COMP0250/cw2_team_14/install/cw2_team_14/lib/libcw2_team_14__rosidl_typesupport_c.so" to ""
[23.345s] -- Up-to-date: /home/ethan/COMP0250/cw2_team_14/install/cw2_team_14/include/cw2_team_14/cw2_team_14
[23.345s] -- Up-to-date: /home/ethan/COMP0250/cw2_team_14/install/cw2_team_14/include/cw2_team_14/cw2_team_14/msg
[23.345s] -- Installing: /home/ethan/COMP0250/cw2_team_14/install/cw2_team_14/include/cw2_team_14/cw2_team_14/msg/rosidl_generator_cpp__visibility_control.hpp
[23.345s] -- Up-to-date: /home/ethan/COMP0250/cw2_team_14/install/cw2_team_14/include/cw2_team_14/cw2_team_14/srv
[23.345s] -- Installing: /home/ethan/COMP0250/cw2_team_14/install/cw2_team_14/include/cw2_team_14/cw2_team_14/srv/example.hpp
[23.345s] -- Up-to-date: /home/ethan/COMP0250/cw2_team_14/install/cw2_team_14/include/cw2_team_14/cw2_team_14/srv/detail
[23.345s] -- Installing: /home/ethan/COMP0250/cw2_team_14/install/cw2_team_14/include/cw2_team_14/cw2_team_14/srv/detail/example__traits.hpp
[23.345s] -- Installing: /home/ethan/COMP0250/cw2_team_14/install/cw2_team_14/include/cw2_team_14/cw2_team_14/srv/detail/example__struct.hpp
[23.345s] -- Installing: /home/ethan/COMP0250/cw2_team_14/install/cw2_team_14/include/cw2_team_14/cw2_team_14/srv/detail/example__type_support.hpp
[23.345s] -- Installing: /home/ethan/COMP0250/cw2_team_14/install/cw2_team_14/include/cw2_team_14/cw2_team_14/srv/detail/example__builder.hpp
[23.346s] -- Up-to-date: /home/ethan/COMP0250/cw2_team_14/install/cw2_team_14/include/cw2_team_14/cw2_team_14
[23.346s] -- Up-to-date: /home/ethan/COMP0250/cw2_team_14/install/cw2_team_14/include/cw2_team_14/cw2_team_14/msg
[23.346s] -- Installing: /home/ethan/COMP0250/cw2_team_14/install/cw2_team_14/include/cw2_team_14/cw2_team_14/msg/rosidl_typesupport_fastrtps_cpp__visibility_control.h
[23.346s] -- Up-to-date: /home/ethan/COMP0250/cw2_team_14/install/cw2_team_14/include/cw2_team_14/cw2_team_14/srv
[23.346s] -- Up-to-date: /home/ethan/COMP0250/cw2_team_14/install/cw2_team_14/include/cw2_team_14/cw2_team_14/srv/detail
[23.346s] -- Installing: /home/ethan/COMP0250/cw2_team_14/install/cw2_team_14/include/cw2_team_14/cw2_team_14/srv/detail/example__rosidl_typesupport_fastrtps_cpp.hpp
[23.346s] -- Installing: /home/ethan/COMP0250/cw2_team_14/install/cw2_team_14/include/cw2_team_14/cw2_team_14/srv/detail/dds_fastrtps
[23.346s] -- Installing: /home/ethan/COMP0250/cw2_team_14/install/cw2_team_14/lib/libcw2_team_14__rosidl_typesupport_fastrtps_cpp.so
[23.346s] -- Set runtime path of "/home/ethan/COMP0250/cw2_team_14/install/cw2_team_14/lib/libcw2_team_14__rosidl_typesupport_fastrtps_cpp.so" to ""
[23.346s] -- Up-to-date: /home/ethan/COMP0250/cw2_team_14/install/cw2_team_14/include/cw2_team_14/cw2_team_14
[23.346s] -- Up-to-date: /home/ethan/COMP0250/cw2_team_14/install/cw2_team_14/include/cw2_team_14/cw2_team_14/srv
[23.346s] -- Up-to-date: /home/ethan/COMP0250/cw2_team_14/install/cw2_team_14/include/cw2_team_14/cw2_team_14/srv/detail
[23.346s] -- Installing: /home/ethan/COMP0250/cw2_team_14/install/cw2_team_14/include/cw2_team_14/cw2_team_14/srv/detail/example__type_support.cpp
[23.346s] -- Installing: /home/ethan/COMP0250/cw2_team_14/install/cw2_team_14/include/cw2_team_14/cw2_team_14/srv/detail/example__rosidl_typesupport_introspection_cpp.hpp
[23.346s] -- Installing: /home/ethan/COMP0250/cw2_team_14/install/cw2_team_14/lib/libcw2_team_14__rosidl_typesupport_introspection_cpp.so
[23.347s] -- Set runtime path of "/home/ethan/COMP0250/cw2_team_14/install/cw2_team_14/lib/libcw2_team_14__rosidl_typesupport_introspection_cpp.so" to ""
[23.347s] -- Installing: /home/ethan/COMP0250/cw2_team_14/install/cw2_team_14/lib/libcw2_team_14__rosidl_typesupport_cpp.so
[23.347s] -- Set runtime path of "/home/ethan/COMP0250/cw2_team_14/install/cw2_team_14/lib/libcw2_team_14__rosidl_typesupport_cpp.so" to ""
[23.347s] -- Installing: /home/ethan/COMP0250/cw2_team_14/install/cw2_team_14/share/cw2_team_14/environment/pythonpath.sh
[23.347s] -- Installing: /home/ethan/COMP0250/cw2_team_14/install/cw2_team_14/share/cw2_team_14/environment/pythonpath.dsv
[23.347s] -- Installing: /home/ethan/COMP0250/cw2_team_14/install/cw2_team_14/local/lib/python3.10/dist-packages/cw2_team_14-0.1.0-py3.10.egg-info
[23.347s] -- Installing: /home/ethan/COMP0250/cw2_team_14/install/cw2_team_14/local/lib/python3.10/dist-packages/cw2_team_14-0.1.0-py3.10.egg-info/PKG-INFO
[23.348s] -- Installing: /home/ethan/COMP0250/cw2_team_14/install/cw2_team_14/local/lib/python3.10/dist-packages/cw2_team_14-0.1.0-py3.10.egg-info/dependency_links.txt
[23.348s] -- Installing: /home/ethan/COMP0250/cw2_team_14/install/cw2_team_14/local/lib/python3.10/dist-packages/cw2_team_14-0.1.0-py3.10.egg-info/top_level.txt
[23.348s] -- Installing: /home/ethan/COMP0250/cw2_team_14/install/cw2_team_14/local/lib/python3.10/dist-packages/cw2_team_14-0.1.0-py3.10.egg-info/SOURCES.txt
[23.348s] -- Installing: /home/ethan/COMP0250/cw2_team_14/install/cw2_team_14/local/lib/python3.10/dist-packages/cw2_team_14
[23.348s] -- Installing: /home/ethan/COMP0250/cw2_team_14/install/cw2_team_14/local/lib/python3.10/dist-packages/cw2_team_14/_cw2_team_14_s.ep.rosidl_typesupport_c.c
[23.348s] -- Installing: /home/ethan/COMP0250/cw2_team_14/install/cw2_team_14/local/lib/python3.10/dist-packages/cw2_team_14/__init__.py
[23.348s] -- Installing: /home/ethan/COMP0250/cw2_team_14/install/cw2_team_14/local/lib/python3.10/dist-packages/cw2_team_14/cw2_team_14_s__rosidl_typesupport_introspection_c.cpython-310-x86_64-linux-gnu.so
[23.348s] -- Installing: /home/ethan/COMP0250/cw2_team_14/install/cw2_team_14/local/lib/python3.10/dist-packages/cw2_team_14/libcw2_team_14__rosidl_generator_py.so
[23.348s] -- Installing: /home/ethan/COMP0250/cw2_team_14/install/cw2_team_14/local/lib/python3.10/dist-packages/cw2_team_14/cw2_team_14_s__rosidl_typesupport_fastrtps_c.cpython-310-x86_64-linux-gnu.so
[23.348s] -- Installing: /home/ethan/COMP0250/cw2_team_14/install/cw2_team_14/local/lib/python3.10/dist-packages/cw2_team_14/srv
[23.348s] -- Installing: /home/ethan/COMP0250/cw2_team_14/install/cw2_team_14/local/lib/python3.10/dist-packages/cw2_team_14/srv/__init__.py
[23.348s] -- Installing: /home/ethan/COMP0250/cw2_team_14/install/cw2_team_14/local/lib/python3.10/dist-packages/cw2_team_14/srv/_example_s.c
[23.348s] -- Installing: /home/ethan/COMP0250/cw2_team_14/install/cw2_team_14/local/lib/python3.10/dist-packages/cw2_team_14/srv/_example.py
[23.349s] -- Installing: /home/ethan/COMP0250/cw2_team_14/install/cw2_team_14/local/lib/python3.10/dist-packages/cw2_team_14/cw2_team_14_s__rosidl_typesupport_c.cpython-310-x86_64-linux-gnu.so
[23.349s] -- Installing: /home/ethan/COMP0250/cw2_team_14/install/cw2_team_14/local/lib/python3.10/dist-packages/cw2_team_14/_cw2_team_14_s.ep.rosidl_typesupport_introspection_c.c
[23.349s] -- Installing: /home/ethan/COMP0250/cw2_team_14/install/cw2_team_14/local/lib/python3.10/dist-packages/cw2_team_14/_cw2_team_14_s.ep.rosidl_typesupport_fastrtps_c.c
[23.369s] Listing '/home/ethan/COMP0250/cw2_team_14/install/cw2_team_14/local/lib/python3.10/dist-packages/cw2_team_14'...
[23.369s] Compiling '/home/ethan/COMP0250/cw2_team_14/install/cw2_team_14/local/lib/python3.10/dist-packages/cw2_team_14/__init__.py'...
[23.369s] Listing '/home/ethan/COMP0250/cw2_team_14/install/cw2_team_14/local/lib/python3.10/dist-packages/cw2_team_14/srv'...
[23.369s] Compiling '/home/ethan/COMP0250/cw2_team_14/install/cw2_team_14/local/lib/python3.10/dist-packages/cw2_team_14/srv/__init__.py'...
[23.369s] Compiling '/home/ethan/COMP0250/cw2_team_14/install/cw2_team_14/local/lib/python3.10/dist-packages/cw2_team_14/srv/_example.py'...
[23.371s] -- Installing: /home/ethan/COMP0250/cw2_team_14/install/cw2_team_14/local/lib/python3.10/dist-packages/cw2_team_14/cw2_team_14_s__rosidl_typesupport_fastrtps_c.cpython-310-x86_64-linux-gnu.so
[23.371s] -- Set runtime path of "/home/ethan/COMP0250/cw2_team_14/install/cw2_team_14/local/lib/python3.10/dist-packages/cw2_team_14/cw2_team_14_s__rosidl_typesupport_fastrtps_c.cpython-310-x86_64-linux-gnu.so" to ""
[23.372s] -- Installing: /home/ethan/COMP0250/cw2_team_14/install/cw2_team_14/local/lib/python3.10/dist-packages/cw2_team_14/cw2_team_14_s__rosidl_typesupport_introspection_c.cpython-310-x86_64-linux-gnu.so
[23.372s] -- Set runtime path of "/home/ethan/COMP0250/cw2_team_14/install/cw2_team_14/local/lib/python3.10/dist-packages/cw2_team_14/cw2_team_14_s__rosidl_typesupport_introspection_c.cpython-310-x86_64-linux-gnu.so" to ""
[23.372s] -- Installing: /home/ethan/COMP0250/cw2_team_14/install/cw2_team_14/local/lib/python3.10/dist-packages/cw2_team_14/cw2_team_14_s__rosidl_typesupport_c.cpython-310-x86_64-linux-gnu.so
[23.372s] -- Set runtime path of "/home/ethan/COMP0250/cw2_team_14/install/cw2_team_14/local/lib/python3.10/dist-packages/cw2_team_14/cw2_team_14_s__rosidl_typesupport_c.cpython-310-x86_64-linux-gnu.so" to ""
[23.372s] -- Installing: /home/ethan/COMP0250/cw2_team_14/install/cw2_team_14/lib/libcw2_team_14__rosidl_generator_py.so
[23.372s] -- Set runtime path of "/home/ethan/COMP0250/cw2_team_14/install/cw2_team_14/lib/libcw2_team_14__rosidl_generator_py.so" to ""
[23.373s] -- Installing: /home/ethan/COMP0250/cw2_team_14/install/cw2_team_14/share/ament_index/resource_index/rust_packages/cw2_team_14
[23.373s] -- Installing: /home/ethan/COMP0250/cw2_team_14/install/cw2_team_14/share/cw2_team_14/rust
[23.373s] -- Installing: /home/ethan/COMP0250/cw2_team_14/install/cw2_team_14/share/cw2_team_14/rust/Cargo.toml
[23.373s] -- Installing: /home/ethan/COMP0250/cw2_team_14/install/cw2_team_14/share/cw2_team_14/rust/src
[23.373s] -- Installing: /home/ethan/COMP0250/cw2_team_14/install/cw2_team_14/share/cw2_team_14/rust/src/srv.rs
[23.373s] -- Installing: /home/ethan/COMP0250/cw2_team_14/install/cw2_team_14/share/cw2_team_14/rust/src/lib.rs
[23.373s] -- Installing: /home/ethan/COMP0250/cw2_team_14/install/cw2_team_14/share/cw2_team_14/rust/src/srv
[23.373s] -- Installing: /home/ethan/COMP0250/cw2_team_14/install/cw2_team_14/share/cw2_team_14/rust/src/srv/rmw.rs
[23.373s] -- Installing: /home/ethan/COMP0250/cw2_team_14/install/cw2_team_14/share/cw2_team_14/rust/build.rs
[23.373s] -- Installing: /home/ethan/COMP0250/cw2_team_14/install/cw2_team_14/share/cw2_team_14/srv/Example.idl
[23.373s] -- Installing: /home/ethan/COMP0250/cw2_team_14/install/cw2_team_14/share/cw2_team_14/srv/Example.srv
[23.373s] -- Installing: /home/ethan/COMP0250/cw2_team_14/install/cw2_team_14/share/cw2_team_14/srv/Example_Request.msg
[23.374s] -- Installing: /home/ethan/COMP0250/cw2_team_14/install/cw2_team_14/share/cw2_team_14/srv/Example_Response.msg
[23.374s] -- Installing: /home/ethan/COMP0250/cw2_team_14/install/cw2_team_14/lib/libcw2_team_14_cw2_class_lib.so
[23.383s] -- Set runtime path of "/home/ethan/COMP0250/cw2_team_14/install/cw2_team_14/lib/libcw2_team_14_cw2_class_lib.so" to ""
[23.383s] -- Installing: /home/ethan/COMP0250/cw2_team_14/install/cw2_team_14/lib/cw2_team_14/cw2_solution_node
[23.383s] -- Set runtime path of "/home/ethan/COMP0250/cw2_team_14/install/cw2_team_14/lib/cw2_team_14/cw2_solution_node" to ""
[23.384s] -- Installing: /home/ethan/COMP0250/cw2_team_14/install/cw2_team_14/share/cw2_team_14/launch
[23.384s] -- Installing: /home/ethan/COMP0250/cw2_team_14/install/cw2_team_14/share/cw2_team_14/launch/run_solution.launch.py
[23.384s] -- Installing: /home/ethan/COMP0250/cw2_team_14/install/cw2_team_14/share/ament_index/resource_index/package_run_dependencies/cw2_team_14
[23.384s] -- Installing: /home/ethan/COMP0250/cw2_team_14/install/cw2_team_14/share/ament_index/resource_index/parent_prefix_path/cw2_team_14
[23.384s] -- Installing: /home/ethan/COMP0250/cw2_team_14/install/cw2_team_14/share/cw2_team_14/environment/ament_prefix_path.sh
[23.384s] -- Installing: /home/ethan/COMP0250/cw2_team_14/install/cw2_team_14/share/cw2_team_14/environment/ament_prefix_path.dsv
[23.384s] -- Installing: /home/ethan/COMP0250/cw2_team_14/install/cw2_team_14/share/cw2_team_14/environment/path.sh
[23.384s] -- Installing: /home/ethan/COMP0250/cw2_team_14/install/cw2_team_14/share/cw2_team_14/environment/path.dsv
[23.384s] -- Installing: /home/ethan/COMP0250/cw2_team_14/install/cw2_team_14/share/cw2_team_14/local_setup.bash
[23.384s] -- Installing: /home/ethan/COMP0250/cw2_team_14/install/cw2_team_14/share/cw2_team_14/local_setup.sh
[23.384s] -- Installing: /home/ethan/COMP0250/cw2_team_14/install/cw2_team_14/share/cw2_team_14/local_setup.zsh
[23.384s] -- Installing: /home/ethan/COMP0250/cw2_team_14/install/cw2_team_14/share/cw2_team_14/local_setup.dsv
[23.384s] -- Installing: /home/ethan/COMP0250/cw2_team_14/install/cw2_team_14/share/cw2_team_14/package.dsv
[23.385s] -- Installing: /home/ethan/COMP0250/cw2_team_14/install/cw2_team_14/share/ament_index/resource_index/packages/cw2_team_14
[23.385s] -- Installing: /home/ethan/COMP0250/cw2_team_14/install/cw2_team_14/share/cw2_team_14/cmake/export_cw2_team_14__rosidl_generator_cExport.cmake
[23.385s] -- Installing: /home/ethan/COMP0250/cw2_team_14/install/cw2_team_14/share/cw2_team_14/cmake/export_cw2_team_14__rosidl_generator_cExport-noconfig.cmake
[23.385s] -- Installing: /home/ethan/COMP0250/cw2_team_14/install/cw2_team_14/share/cw2_team_14/cmake/export_cw2_team_14__rosidl_typesupport_fastrtps_cExport.cmake
[23.385s] -- Installing: /home/ethan/COMP0250/cw2_team_14/install/cw2_team_14/share/cw2_team_14/cmake/export_cw2_team_14__rosidl_typesupport_fastrtps_cExport-noconfig.cmake
[23.385s] -- Installing: /home/ethan/COMP0250/cw2_team_14/install/cw2_team_14/share/cw2_team_14/cmake/cw2_team_14__rosidl_typesupport_introspection_cExport.cmake
[23.385s] -- Installing: /home/ethan/COMP0250/cw2_team_14/install/cw2_team_14/share/cw2_team_14/cmake/cw2_team_14__rosidl_typesupport_introspection_cExport-noconfig.cmake
[23.385s] -- Installing: /home/ethan/COMP0250/cw2_team_14/install/cw2_team_14/share/cw2_team_14/cmake/cw2_team_14__rosidl_typesupport_cExport.cmake
[23.385s] -- Installing: /home/ethan/COMP0250/cw2_team_14/install/cw2_team_14/share/cw2_team_14/cmake/cw2_team_14__rosidl_typesupport_cExport-noconfig.cmake
[23.385s] -- Installing: /home/ethan/COMP0250/cw2_team_14/install/cw2_team_14/share/cw2_team_14/cmake/export_cw2_team_14__rosidl_generator_cppExport.cmake
[23.385s] -- Installing: /home/ethan/COMP0250/cw2_team_14/install/cw2_team_14/share/cw2_team_14/cmake/export_cw2_team_14__rosidl_typesupport_fastrtps_cppExport.cmake
[23.386s] -- Installing: /home/ethan/COMP0250/cw2_team_14/install/cw2_team_14/share/cw2_team_14/cmake/export_cw2_team_14__rosidl_typesupport_fastrtps_cppExport-noconfig.cmake
[23.386s] -- Installing: /home/ethan/COMP0250/cw2_team_14/install/cw2_team_14/share/cw2_team_14/cmake/cw2_team_14__rosidl_typesupport_introspection_cppExport.cmake
[23.386s] -- Installing: /home/ethan/COMP0250/cw2_team_14/install/cw2_team_14/share/cw2_team_14/cmake/cw2_team_14__rosidl_typesupport_introspection_cppExport-noconfig.cmake
[23.386s] -- Installing: /home/ethan/COMP0250/cw2_team_14/install/cw2_team_14/share/cw2_team_14/cmake/cw2_team_14__rosidl_typesupport_cppExport.cmake
[23.386s] -- Installing: /home/ethan/COMP0250/cw2_team_14/install/cw2_team_14/share/cw2_team_14/cmake/cw2_team_14__rosidl_typesupport_cppExport-noconfig.cmake
[23.386s] -- Installing: /home/ethan/COMP0250/cw2_team_14/install/cw2_team_14/share/cw2_team_14/cmake/export_cw2_team_14__rosidl_generator_pyExport.cmake
[23.386s] -- Installing: /home/ethan/COMP0250/cw2_team_14/install/cw2_team_14/share/cw2_team_14/cmake/export_cw2_team_14__rosidl_generator_pyExport-noconfig.cmake
[23.386s] -- Installing: /home/ethan/COMP0250/cw2_team_14/install/cw2_team_14/share/cw2_team_14/cmake/rosidl_cmake-extras.cmake
[23.386s] -- Installing: /home/ethan/COMP0250/cw2_team_14/install/cw2_team_14/share/cw2_team_14/cmake/ament_cmake_export_dependencies-extras.cmake
[23.386s] -- Installing: /home/ethan/COMP0250/cw2_team_14/install/cw2_team_14/share/cw2_team_14/cmake/ament_cmake_export_include_directories-extras.cmake
[23.386s] -- Installing: /home/ethan/COMP0250/cw2_team_14/install/cw2_team_14/share/cw2_team_14/cmake/ament_cmake_export_libraries-extras.cmake
[23.387s] -- Installing: /home/ethan/COMP0250/cw2_team_14/install/cw2_team_14/share/cw2_team_14/cmake/ament_cmake_export_targets-extras.cmake
[23.387s] -- Installing: /home/ethan/COMP0250/cw2_team_14/install/cw2_team_14/share/cw2_team_14/cmake/rosidl_cmake_export_typesupport_targets-extras.cmake
[23.387s] -- Installing: /home/ethan/COMP0250/cw2_team_14/install/cw2_team_14/share/cw2_team_14/cmake/rosidl_cmake_export_typesupport_libraries-extras.cmake
[23.387s] -- Installing: /home/ethan/COMP0250/cw2_team_14/install/cw2_team_14/share/cw2_team_14/cmake/cw2_team_14Config.cmake
[23.387s] -- Installing: /home/ethan/COMP0250/cw2_team_14/install/cw2_team_14/share/cw2_team_14/cmake/cw2_team_14Config-version.cmake
[23.387s] -- Installing: /home/ethan/COMP0250/cw2_team_14/install/cw2_team_14/share/cw2_team_14/package.xml
[23.389s] Invoked command in '/home/ethan/COMP0250/cw2_team_14/build/cw2_team_14' returned '0': CMAKE_PREFIX_PATH=${CMAKE_PREFIX_PATH}:/opt/ros/humble /usr/bin/cmake --install /home/ethan/COMP0250/cw2_team_14/build/cw2_team_14
