[  2%] Built target cw2_team_14__cpp
[ 11%] Built target cw2_team_14__rosidl_generator_c
[ 13%] Built target cw2_team_14__rs
[ 13%] Built target ament_cmake_python_copy_cw2_team_14
[ 22%] Built target cw2_team_14__rosidl_typesupport_introspection_cpp
[ 30%] Built target cw2_team_14__rosidl_typesupport_fastrtps_cpp
[ 47%] Built target cw2_team_14__rosidl_typesupport_introspection_c
[ 47%] Built target cw2_team_14__rosidl_typesupport_fastrtps_c
[ 55%] Built target cw2_team_14__rosidl_typesupport_cpp
[ 63%] Built target cw2_team_14__rosidl_typesupport_c
[ 63%] Built target cw2_team_14
[ 66%] Building CXX object CMakeFiles/cw2_team_14_cw2_class_lib.dir/src/cw2_class.cpp.o
[ 69%] Built target cw2_team_14__py
[ 75%] Built target cw2_team_14__rosidl_generator_py
[ 86%] Built target cw2_team_14__rosidl_typesupport_fastrtps_c__pyext
[ 86%] Built target cw2_team_14__rosidl_typesupport_introspection_c__pyext
[ 91%] Built target cw2_team_14__rosidl_typesupport_c__pyext
running egg_info
writing cw2_team_14.egg-info/PKG-INFO
writing dependency_links to cw2_team_14.egg-info/dependency_links.txt
writing top-level names to cw2_team_14.egg-info/top_level.txt
reading manifest file 'cw2_team_14.egg-info/SOURCES.txt'
writing manifest file 'cw2_team_14.egg-info/SOURCES.txt'
[ 91%] Built target ament_cmake_python_build_cw2_team_14_egg
[ 94%] Linking CXX shared library libcw2_team_14_cw2_class_lib.so
[ 94%] Built target cw2_team_14_cw2_class_lib
[ 97%] Linking CXX executable cw2_solution_node
[100%] Built target cw2_solution_node
-- Install configuration: ""
-- Up-to-date: /home/ethan/COMP0250/cw2_team_14/install/cw2_team_14/share/ament_index/resource_index/rosidl_interfaces/cw2_team_14
-- Up-to-date: /home/ethan/COMP0250/cw2_team_14/install/cw2_team_14/include/cw2_team_14/cw2_team_14
-- Up-to-date: /home/ethan/COMP0250/cw2_team_14/install/cw2_team_14/include/cw2_team_14/cw2_team_14/msg
-- Up-to-date: /home/ethan/COMP0250/cw2_team_14/install/cw2_team_14/include/cw2_team_14/cw2_team_14/msg/rosidl_generator_c__visibility_control.h
-- Up-to-date: /home/ethan/COMP0250/cw2_team_14/install/cw2_team_14/include/cw2_team_14/cw2_team_14/srv
-- Up-to-date: /home/ethan/COMP0250/cw2_team_14/install/cw2_team_14/include/cw2_team_14/cw2_team_14/srv/example.h
-- Up-to-date: /home/ethan/COMP0250/cw2_team_14/install/cw2_team_14/include/cw2_team_14/cw2_team_14/srv/detail
-- Up-to-date: /home/ethan/COMP0250/cw2_team_14/install/cw2_team_14/include/cw2_team_14/cw2_team_14/srv/detail/example__functions.c
-- Up-to-date: /home/ethan/COMP0250/cw2_team_14/install/cw2_team_14/include/cw2_team_14/cw2_team_14/srv/detail/example__struct.h
-- Up-to-date: /home/ethan/COMP0250/cw2_team_14/install/cw2_team_14/include/cw2_team_14/cw2_team_14/srv/detail/example__functions.h
-- Up-to-date: /home/ethan/COMP0250/cw2_team_14/install/cw2_team_14/include/cw2_team_14/cw2_team_14/srv/detail/example__type_support.h
-- Up-to-date: /home/ethan/COMP0250/cw2_team_14/install/cw2_team_14/share/cw2_team_14/environment/library_path.sh
-- Up-to-date: /home/ethan/COMP0250/cw2_team_14/install/cw2_team_14/share/cw2_team_14/environment/library_path.dsv
-- Up-to-date: /home/ethan/COMP0250/cw2_team_14/install/cw2_team_14/lib/libcw2_team_14__rosidl_generator_c.so
-- Up-to-date: /home/ethan/COMP0250/cw2_team_14/install/cw2_team_14/include/cw2_team_14/cw2_team_14
-- Up-to-date: /home/ethan/COMP0250/cw2_team_14/install/cw2_team_14/include/cw2_team_14/cw2_team_14/msg
-- Up-to-date: /home/ethan/COMP0250/cw2_team_14/install/cw2_team_14/include/cw2_team_14/cw2_team_14/msg/rosidl_typesupport_fastrtps_c__visibility_control.h
-- Up-to-date: /home/ethan/COMP0250/cw2_team_14/install/cw2_team_14/include/cw2_team_14/cw2_team_14/srv
-- Up-to-date: /home/ethan/COMP0250/cw2_team_14/install/cw2_team_14/include/cw2_team_14/cw2_team_14/srv/detail
-- Up-to-date: /home/ethan/COMP0250/cw2_team_14/install/cw2_team_14/include/cw2_team_14/cw2_team_14/srv/detail/example__rosidl_typesupport_fastrtps_c.h
-- Up-to-date: /home/ethan/COMP0250/cw2_team_14/install/cw2_team_14/lib/libcw2_team_14__rosidl_typesupport_fastrtps_c.so
-- Up-to-date: /home/ethan/COMP0250/cw2_team_14/install/cw2_team_14/include/cw2_team_14/cw2_team_14
-- Up-to-date: /home/ethan/COMP0250/cw2_team_14/install/cw2_team_14/include/cw2_team_14/cw2_team_14/msg
-- Up-to-date: /home/ethan/COMP0250/cw2_team_14/install/cw2_team_14/include/cw2_team_14/cw2_team_14/msg/rosidl_typesupport_introspection_c__visibility_control.h
-- Up-to-date: /home/ethan/COMP0250/cw2_team_14/install/cw2_team_14/include/cw2_team_14/cw2_team_14/srv
-- Up-to-date: /home/ethan/COMP0250/cw2_team_14/install/cw2_team_14/include/cw2_team_14/cw2_team_14/srv/detail
-- Up-to-date: /home/ethan/COMP0250/cw2_team_14/install/cw2_team_14/include/cw2_team_14/cw2_team_14/srv/detail/example__rosidl_typesupport_introspection_c.h
-- Up-to-date: /home/ethan/COMP0250/cw2_team_14/install/cw2_team_14/include/cw2_team_14/cw2_team_14/srv/detail/example__type_support.c
-- Up-to-date: /home/ethan/COMP0250/cw2_team_14/install/cw2_team_14/lib/libcw2_team_14__rosidl_typesupport_introspection_c.so
-- Up-to-date: /home/ethan/COMP0250/cw2_team_14/install/cw2_team_14/lib/libcw2_team_14__rosidl_typesupport_c.so
-- Up-to-date: /home/ethan/COMP0250/cw2_team_14/install/cw2_team_14/include/cw2_team_14/cw2_team_14
-- Up-to-date: /home/ethan/COMP0250/cw2_team_14/install/cw2_team_14/include/cw2_team_14/cw2_team_14/msg
-- Up-to-date: /home/ethan/COMP0250/cw2_team_14/install/cw2_team_14/include/cw2_team_14/cw2_team_14/msg/rosidl_generator_cpp__visibility_control.hpp
-- Up-to-date: /home/ethan/COMP0250/cw2_team_14/install/cw2_team_14/include/cw2_team_14/cw2_team_14/srv
-- Up-to-date: /home/ethan/COMP0250/cw2_team_14/install/cw2_team_14/include/cw2_team_14/cw2_team_14/srv/example.hpp
-- Up-to-date: /home/ethan/COMP0250/cw2_team_14/install/cw2_team_14/include/cw2_team_14/cw2_team_14/srv/detail
-- Up-to-date: /home/ethan/COMP0250/cw2_team_14/install/cw2_team_14/include/cw2_team_14/cw2_team_14/srv/detail/example__traits.hpp
-- Up-to-date: /home/ethan/COMP0250/cw2_team_14/install/cw2_team_14/include/cw2_team_14/cw2_team_14/srv/detail/example__struct.hpp
-- Up-to-date: /home/ethan/COMP0250/cw2_team_14/install/cw2_team_14/include/cw2_team_14/cw2_team_14/srv/detail/example__type_support.hpp
-- Up-to-date: /home/ethan/COMP0250/cw2_team_14/install/cw2_team_14/include/cw2_team_14/cw2_team_14/srv/detail/example__builder.hpp
-- Up-to-date: /home/ethan/COMP0250/cw2_team_14/install/cw2_team_14/include/cw2_team_14/cw2_team_14
-- Up-to-date: /home/ethan/COMP0250/cw2_team_14/install/cw2_team_14/include/cw2_team_14/cw2_team_14/msg
-- Up-to-date: /home/ethan/COMP0250/cw2_team_14/install/cw2_team_14/include/cw2_team_14/cw2_team_14/msg/rosidl_typesupport_fastrtps_cpp__visibility_control.h
-- Up-to-date: /home/ethan/COMP0250/cw2_team_14/install/cw2_team_14/include/cw2_team_14/cw2_team_14/srv
-- Up-to-date: /home/ethan/COMP0250/cw2_team_14/install/cw2_team_14/include/cw2_team_14/cw2_team_14/srv/detail
-- Up-to-date: /home/ethan/COMP0250/cw2_team_14/install/cw2_team_14/include/cw2_team_14/cw2_team_14/srv/detail/example__rosidl_typesupport_fastrtps_cpp.hpp
-- Up-to-date: /home/ethan/COMP0250/cw2_team_14/install/cw2_team_14/include/cw2_team_14/cw2_team_14/srv/detail/dds_fastrtps
-- Up-to-date: /home/ethan/COMP0250/cw2_team_14/install/cw2_team_14/lib/libcw2_team_14__rosidl_typesupport_fastrtps_cpp.so
-- Up-to-date: /home/ethan/COMP0250/cw2_team_14/install/cw2_team_14/include/cw2_team_14/cw2_team_14
-- Up-to-date: /home/ethan/COMP0250/cw2_team_14/install/cw2_team_14/include/cw2_team_14/cw2_team_14/srv
-- Up-to-date: /home/ethan/COMP0250/cw2_team_14/install/cw2_team_14/include/cw2_team_14/cw2_team_14/srv/detail
-- Up-to-date: /home/ethan/COMP0250/cw2_team_14/install/cw2_team_14/include/cw2_team_14/cw2_team_14/srv/detail/example__type_support.cpp
-- Up-to-date: /home/ethan/COMP0250/cw2_team_14/install/cw2_team_14/include/cw2_team_14/cw2_team_14/srv/detail/example__rosidl_typesupport_introspection_cpp.hpp
-- Up-to-date: /home/ethan/COMP0250/cw2_team_14/install/cw2_team_14/lib/libcw2_team_14__rosidl_typesupport_introspection_cpp.so
-- Up-to-date: /home/ethan/COMP0250/cw2_team_14/install/cw2_team_14/lib/libcw2_team_14__rosidl_typesupport_cpp.so
-- Up-to-date: /home/ethan/COMP0250/cw2_team_14/install/cw2_team_14/share/cw2_team_14/environment/pythonpath.sh
-- Up-to-date: /home/ethan/COMP0250/cw2_team_14/install/cw2_team_14/share/cw2_team_14/environment/pythonpath.dsv
-- Up-to-date: /home/ethan/COMP0250/cw2_team_14/install/cw2_team_14/local/lib/python3.10/dist-packages/cw2_team_14-0.1.0-py3.10.egg-info
-- Installing: /home/ethan/COMP0250/cw2_team_14/install/cw2_team_14/local/lib/python3.10/dist-packages/cw2_team_14-0.1.0-py3.10.egg-info/PKG-INFO
-- Installing: /home/ethan/COMP0250/cw2_team_14/install/cw2_team_14/local/lib/python3.10/dist-packages/cw2_team_14-0.1.0-py3.10.egg-info/dependency_links.txt
-- Installing: /home/ethan/COMP0250/cw2_team_14/install/cw2_team_14/local/lib/python3.10/dist-packages/cw2_team_14-0.1.0-py3.10.egg-info/top_level.txt
-- Installing: /home/ethan/COMP0250/cw2_team_14/install/cw2_team_14/local/lib/python3.10/dist-packages/cw2_team_14-0.1.0-py3.10.egg-info/SOURCES.txt
-- Up-to-date: /home/ethan/COMP0250/cw2_team_14/install/cw2_team_14/local/lib/python3.10/dist-packages/cw2_team_14
-- Up-to-date: /home/ethan/COMP0250/cw2_team_14/install/cw2_team_14/local/lib/python3.10/dist-packages/cw2_team_14/_cw2_team_14_s.ep.rosidl_typesupport_c.c
-- Up-to-date: /home/ethan/COMP0250/cw2_team_14/install/cw2_team_14/local/lib/python3.10/dist-packages/cw2_team_14/__init__.py
-- Up-to-date: /home/ethan/COMP0250/cw2_team_14/install/cw2_team_14/local/lib/python3.10/dist-packages/cw2_team_14/cw2_team_14_s__rosidl_typesupport_introspection_c.cpython-310-x86_64-linux-gnu.so
-- Up-to-date: /home/ethan/COMP0250/cw2_team_14/install/cw2_team_14/local/lib/python3.10/dist-packages/cw2_team_14/libcw2_team_14__rosidl_generator_py.so
-- Up-to-date: /home/ethan/COMP0250/cw2_team_14/install/cw2_team_14/local/lib/python3.10/dist-packages/cw2_team_14/cw2_team_14_s__rosidl_typesupport_fastrtps_c.cpython-310-x86_64-linux-gnu.so
-- Up-to-date: /home/ethan/COMP0250/cw2_team_14/install/cw2_team_14/local/lib/python3.10/dist-packages/cw2_team_14/srv
-- Up-to-date: /home/ethan/COMP0250/cw2_team_14/install/cw2_team_14/local/lib/python3.10/dist-packages/cw2_team_14/srv/__init__.py
-- Up-to-date: /home/ethan/COMP0250/cw2_team_14/install/cw2_team_14/local/lib/python3.10/dist-packages/cw2_team_14/srv/_example_s.c
-- Up-to-date: /home/ethan/COMP0250/cw2_team_14/install/cw2_team_14/local/lib/python3.10/dist-packages/cw2_team_14/srv/_example.py
-- Up-to-date: /home/ethan/COMP0250/cw2_team_14/install/cw2_team_14/local/lib/python3.10/dist-packages/cw2_team_14/cw2_team_14_s__rosidl_typesupport_c.cpython-310-x86_64-linux-gnu.so
-- Up-to-date: /home/ethan/COMP0250/cw2_team_14/install/cw2_team_14/local/lib/python3.10/dist-packages/cw2_team_14/_cw2_team_14_s.ep.rosidl_typesupport_introspection_c.c
-- Up-to-date: /home/ethan/COMP0250/cw2_team_14/install/cw2_team_14/local/lib/python3.10/dist-packages/cw2_team_14/_cw2_team_14_s.ep.rosidl_typesupport_fastrtps_c.c
Listing '/home/ethan/COMP0250/cw2_team_14/install/cw2_team_14/local/lib/python3.10/dist-packages/cw2_team_14'...
Listing '/home/ethan/COMP0250/cw2_team_14/install/cw2_team_14/local/lib/python3.10/dist-packages/cw2_team_14/srv'...
-- Up-to-date: /home/ethan/COMP0250/cw2_team_14/install/cw2_team_14/local/lib/python3.10/dist-packages/cw2_team_14/cw2_team_14_s__rosidl_typesupport_fastrtps_c.cpython-310-x86_64-linux-gnu.so
-- Up-to-date: /home/ethan/COMP0250/cw2_team_14/install/cw2_team_14/local/lib/python3.10/dist-packages/cw2_team_14/cw2_team_14_s__rosidl_typesupport_introspection_c.cpython-310-x86_64-linux-gnu.so
-- Up-to-date: /home/ethan/COMP0250/cw2_team_14/install/cw2_team_14/local/lib/python3.10/dist-packages/cw2_team_14/cw2_team_14_s__rosidl_typesupport_c.cpython-310-x86_64-linux-gnu.so
-- Up-to-date: /home/ethan/COMP0250/cw2_team_14/install/cw2_team_14/lib/libcw2_team_14__rosidl_generator_py.so
-- Up-to-date: /home/ethan/COMP0250/cw2_team_14/install/cw2_team_14/share/ament_index/resource_index/rust_packages/cw2_team_14
-- Up-to-date: /home/ethan/COMP0250/cw2_team_14/install/cw2_team_14/share/cw2_team_14/rust
-- Up-to-date: /home/ethan/COMP0250/cw2_team_14/install/cw2_team_14/share/cw2_team_14/rust/Cargo.toml
-- Up-to-date: /home/ethan/COMP0250/cw2_team_14/install/cw2_team_14/share/cw2_team_14/rust/src
-- Up-to-date: /home/ethan/COMP0250/cw2_team_14/install/cw2_team_14/share/cw2_team_14/rust/src/srv.rs
-- Up-to-date: /home/ethan/COMP0250/cw2_team_14/install/cw2_team_14/share/cw2_team_14/rust/src/lib.rs
-- Up-to-date: /home/ethan/COMP0250/cw2_team_14/install/cw2_team_14/share/cw2_team_14/rust/src/srv
-- Up-to-date: /home/ethan/COMP0250/cw2_team_14/install/cw2_team_14/share/cw2_team_14/rust/src/srv/rmw.rs
-- Up-to-date: /home/ethan/COMP0250/cw2_team_14/install/cw2_team_14/share/cw2_team_14/rust/build.rs
-- Up-to-date: /home/ethan/COMP0250/cw2_team_14/install/cw2_team_14/share/cw2_team_14/srv/Example.idl
-- Up-to-date: /home/ethan/COMP0250/cw2_team_14/install/cw2_team_14/share/cw2_team_14/srv/Example.srv
-- Up-to-date: /home/ethan/COMP0250/cw2_team_14/install/cw2_team_14/share/cw2_team_14/srv/Example_Request.msg
-- Up-to-date: /home/ethan/COMP0250/cw2_team_14/install/cw2_team_14/share/cw2_team_14/srv/Example_Response.msg
-- Installing: /home/ethan/COMP0250/cw2_team_14/install/cw2_team_14/lib/libcw2_team_14_cw2_class_lib.so
-- Set runtime path of "/home/ethan/COMP0250/cw2_team_14/install/cw2_team_14/lib/libcw2_team_14_cw2_class_lib.so" to ""
-- Installing: /home/ethan/COMP0250/cw2_team_14/install/cw2_team_14/lib/cw2_team_14/cw2_solution_node
-- Set runtime path of "/home/ethan/COMP0250/cw2_team_14/install/cw2_team_14/lib/cw2_team_14/cw2_solution_node" to ""
-- Up-to-date: /home/ethan/COMP0250/cw2_team_14/install/cw2_team_14/share/cw2_team_14/launch
-- Up-to-date: /home/ethan/COMP0250/cw2_team_14/install/cw2_team_14/share/cw2_team_14/launch/run_solution.launch.py
-- Up-to-date: /home/ethan/COMP0250/cw2_team_14/install/cw2_team_14/share/ament_index/resource_index/package_run_dependencies/cw2_team_14
-- Up-to-date: /home/ethan/COMP0250/cw2_team_14/install/cw2_team_14/share/ament_index/resource_index/parent_prefix_path/cw2_team_14
-- Up-to-date: /home/ethan/COMP0250/cw2_team_14/install/cw2_team_14/share/cw2_team_14/environment/ament_prefix_path.sh
-- Up-to-date: /home/ethan/COMP0250/cw2_team_14/install/cw2_team_14/share/cw2_team_14/environment/ament_prefix_path.dsv
-- Up-to-date: /home/ethan/COMP0250/cw2_team_14/install/cw2_team_14/share/cw2_team_14/environment/path.sh
-- Up-to-date: /home/ethan/COMP0250/cw2_team_14/install/cw2_team_14/share/cw2_team_14/environment/path.dsv
-- Up-to-date: /home/ethan/COMP0250/cw2_team_14/install/cw2_team_14/share/cw2_team_14/local_setup.bash
-- Up-to-date: /home/ethan/COMP0250/cw2_team_14/install/cw2_team_14/share/cw2_team_14/local_setup.sh
-- Up-to-date: /home/ethan/COMP0250/cw2_team_14/install/cw2_team_14/share/cw2_team_14/local_setup.zsh
-- Up-to-date: /home/ethan/COMP0250/cw2_team_14/install/cw2_team_14/share/cw2_team_14/local_setup.dsv
-- Installing: /home/ethan/COMP0250/cw2_team_14/install/cw2_team_14/share/cw2_team_14/package.dsv
-- Up-to-date: /home/ethan/COMP0250/cw2_team_14/install/cw2_team_14/share/ament_index/resource_index/packages/cw2_team_14
-- Up-to-date: /home/ethan/COMP0250/cw2_team_14/install/cw2_team_14/share/cw2_team_14/cmake/export_cw2_team_14__rosidl_generator_cExport.cmake
-- Up-to-date: /home/ethan/COMP0250/cw2_team_14/install/cw2_team_14/share/cw2_team_14/cmake/export_cw2_team_14__rosidl_generator_cExport-noconfig.cmake
-- Up-to-date: /home/ethan/COMP0250/cw2_team_14/install/cw2_team_14/share/cw2_team_14/cmake/export_cw2_team_14__rosidl_typesupport_fastrtps_cExport.cmake
-- Up-to-date: /home/ethan/COMP0250/cw2_team_14/install/cw2_team_14/share/cw2_team_14/cmake/export_cw2_team_14__rosidl_typesupport_fastrtps_cExport-noconfig.cmake
-- Up-to-date: /home/ethan/COMP0250/cw2_team_14/install/cw2_team_14/share/cw2_team_14/cmake/cw2_team_14__rosidl_typesupport_introspection_cExport.cmake
-- Up-to-date: /home/ethan/COMP0250/cw2_team_14/install/cw2_team_14/share/cw2_team_14/cmake/cw2_team_14__rosidl_typesupport_introspection_cExport-noconfig.cmake
-- Up-to-date: /home/ethan/COMP0250/cw2_team_14/install/cw2_team_14/share/cw2_team_14/cmake/cw2_team_14__rosidl_typesupport_cExport.cmake
-- Up-to-date: /home/ethan/COMP0250/cw2_team_14/install/cw2_team_14/share/cw2_team_14/cmake/cw2_team_14__rosidl_typesupport_cExport-noconfig.cmake
-- Up-to-date: /home/ethan/COMP0250/cw2_team_14/install/cw2_team_14/share/cw2_team_14/cmake/export_cw2_team_14__rosidl_generator_cppExport.cmake
-- Up-to-date: /home/ethan/COMP0250/cw2_team_14/install/cw2_team_14/share/cw2_team_14/cmake/export_cw2_team_14__rosidl_typesupport_fastrtps_cppExport.cmake
-- Up-to-date: /home/ethan/COMP0250/cw2_team_14/install/cw2_team_14/share/cw2_team_14/cmake/export_cw2_team_14__rosidl_typesupport_fastrtps_cppExport-noconfig.cmake
-- Up-to-date: /home/ethan/COMP0250/cw2_team_14/install/cw2_team_14/share/cw2_team_14/cmake/cw2_team_14__rosidl_typesupport_introspection_cppExport.cmake
-- Up-to-date: /home/ethan/COMP0250/cw2_team_14/install/cw2_team_14/share/cw2_team_14/cmake/cw2_team_14__rosidl_typesupport_introspection_cppExport-noconfig.cmake
-- Up-to-date: /home/ethan/COMP0250/cw2_team_14/install/cw2_team_14/share/cw2_team_14/cmake/cw2_team_14__rosidl_typesupport_cppExport.cmake
-- Up-to-date: /home/ethan/COMP0250/cw2_team_14/install/cw2_team_14/share/cw2_team_14/cmake/cw2_team_14__rosidl_typesupport_cppExport-noconfig.cmake
-- Up-to-date: /home/ethan/COMP0250/cw2_team_14/install/cw2_team_14/share/cw2_team_14/cmake/export_cw2_team_14__rosidl_generator_pyExport.cmake
-- Up-to-date: /home/ethan/COMP0250/cw2_team_14/install/cw2_team_14/share/cw2_team_14/cmake/export_cw2_team_14__rosidl_generator_pyExport-noconfig.cmake
-- Up-to-date: /home/ethan/COMP0250/cw2_team_14/install/cw2_team_14/share/cw2_team_14/cmake/rosidl_cmake-extras.cmake
-- Up-to-date: /home/ethan/COMP0250/cw2_team_14/install/cw2_team_14/share/cw2_team_14/cmake/ament_cmake_export_dependencies-extras.cmake
-- Up-to-date: /home/ethan/COMP0250/cw2_team_14/install/cw2_team_14/share/cw2_team_14/cmake/ament_cmake_export_include_directories-extras.cmake
-- Up-to-date: /home/ethan/COMP0250/cw2_team_14/install/cw2_team_14/share/cw2_team_14/cmake/ament_cmake_export_libraries-extras.cmake
-- Up-to-date: /home/ethan/COMP0250/cw2_team_14/install/cw2_team_14/share/cw2_team_14/cmake/ament_cmake_export_targets-extras.cmake
-- Up-to-date: /home/ethan/COMP0250/cw2_team_14/install/cw2_team_14/share/cw2_team_14/cmake/rosidl_cmake_export_typesupport_targets-extras.cmake
-- Up-to-date: /home/ethan/COMP0250/cw2_team_14/install/cw2_team_14/share/cw2_team_14/cmake/rosidl_cmake_export_typesupport_libraries-extras.cmake
-- Up-to-date: /home/ethan/COMP0250/cw2_team_14/install/cw2_team_14/share/cw2_team_14/cmake/cw2_team_14Config.cmake
-- Up-to-date: /home/ethan/COMP0250/cw2_team_14/install/cw2_team_14/share/cw2_team_14/cmake/cw2_team_14Config-version.cmake
-- Up-to-date: /home/ethan/COMP0250/cw2_team_14/install/cw2_team_14/share/cw2_team_14/package.xml
