[0.009s] Invoking command in '/home/ethan/COMP0250/cw2_team_14/build/cw2_team_14': AMENT_PREFIX_PATH=/home/ethan/COMP0250/cw2_team_14/install/cw2_world_spawner:${AMENT_PREFIX_PATH} CMAKE_PREFIX_PATH=/home/ethan/COMP0250/cw2_team_14/install/cw2_world_spawner:/opt/ros/humble LD_LIBRARY_PATH=/home/ethan/COMP0250/cw2_team_14/install/cw2_world_spawner/lib:${LD_LIBRARY_PATH} PYTHONPATH=/home/ethan/COMP0250/cw2_team_14/install/cw2_world_spawner/local/lib/python3.10/dist-packages:${PYTHONPATH} /usr/bin/cmake --build /home/ethan/COMP0250/cw2_team_14/build/cw2_team_14 -- -j32 -l32
[0.055s] [  2%] Built target cw2_team_14__cpp
[0.055s] [ 11%] Built target cw2_team_14__rosidl_generator_c
[0.056s] [ 13%] Built target cw2_team_14__rs
[0.062s] [ 13%] Built target ament_cmake_python_copy_cw2_team_14
[0.073s] [ 22%] Built target cw2_team_14__rosidl_typesupport_introspection_cpp
[0.073s] [ 30%] Built target cw2_team_14__rosidl_typesupport_fastrtps_cpp
[0.074s] [ 47%] Built target cw2_team_14__rosidl_typesupport_introspection_c
[0.074s] [ 47%] Built target cw2_team_14__rosidl_typesupport_fastrtps_c
[0.074s] [ 55%] Built target cw2_team_14__rosidl_typesupport_cpp
[0.074s] [ 63%] Built target cw2_team_14__rosidl_typesupport_c
[0.090s] [ 63%] Built target cw2_team_14
[0.104s] [ 66%] Building CXX object CMakeFiles/cw2_team_14_cw2_class_lib.dir/src/cw2_class.cpp.o
[0.105s] [ 69%] Built target cw2_team_14__py
[0.123s] [ 75%] Built target cw2_team_14__rosidl_generator_py
[0.139s] [ 86%] Built target cw2_team_14__rosidl_typesupport_fastrtps_c__pyext
[0.139s] [ 86%] Built target cw2_team_14__rosidl_typesupport_introspection_c__pyext
[0.140s] [ 91%] Built target cw2_team_14__rosidl_typesupport_c__pyext
[0.200s] running egg_info
[0.200s] writing cw2_team_14.egg-info/PKG-INFO
[0.200s] writing dependency_links to cw2_team_14.egg-info/dependency_links.txt
[0.200s] writing top-level names to cw2_team_14.egg-info/top_level.txt
[0.201s] reading manifest file 'cw2_team_14.egg-info/SOURCES.txt'
[0.202s] writing manifest file 'cw2_team_14.egg-info/SOURCES.txt'
[0.223s] [ 91%] Built target ament_cmake_python_build_cw2_team_14_egg
[13.990s] [ 94%] Linking CXX shared library libcw2_team_14_cw2_class_lib.so
[15.305s] [ 94%] Built target cw2_team_14_cw2_class_lib
[15.334s] [ 97%] Linking CXX executable cw2_solution_node
[16.221s] [100%] Built target cw2_solution_node
[16.230s] Invoked command in '/home/ethan/COMP0250/cw2_team_14/build/cw2_team_14' returned '0': AMENT_PREFIX_PATH=/home/ethan/COMP0250/cw2_team_14/install/cw2_world_spawner:${AMENT_PREFIX_PATH} CMAKE_PREFIX_PATH=/home/ethan/COMP0250/cw2_team_14/install/cw2_world_spawner:/opt/ros/humble LD_LIBRARY_PATH=/home/ethan/COMP0250/cw2_team_14/install/cw2_world_spawner/lib:${LD_LIBRARY_PATH} PYTHONPATH=/home/ethan/COMP0250/cw2_team_14/install/cw2_world_spawner/local/lib/python3.10/dist-packages:${PYTHONPATH} /usr/bin/cmake --build /home/ethan/COMP0250/cw2_team_14/build/cw2_team_14 -- -j32 -l32
[16.239s] Invoking command in '/home/ethan/COMP0250/cw2_team_14/build/cw2_team_14': AMENT_PREFIX_PATH=/home/ethan/COMP0250/cw2_team_14/install/cw2_world_spawner:${AMENT_PREFIX_PATH} CMAKE_PREFIX_PATH=/home/ethan/COMP0250/cw2_team_14/install/cw2_world_spawner:/opt/ros/humble LD_LIBRARY_PATH=/home/ethan/COMP0250/cw2_team_14/install/cw2_world_spawner/lib:${LD_LIBRARY_PATH} PYTHONPATH=/home/ethan/COMP0250/cw2_team_14/install/cw2_world_spawner/local/lib/python3.10/dist-packages:${PYTHONPATH} /usr/bin/cmake --install /home/ethan/COMP0250/cw2_team_14/build/cw2_team_14
[16.245s] -- Install configuration: ""
[16.246s] -- Up-to-date: /home/ethan/COMP0250/cw2_team_14/install/cw2_team_14/share/ament_index/resource_index/rosidl_interfaces/cw2_team_14
[16.246s] -- Up-to-date: /home/ethan/COMP0250/cw2_team_14/install/cw2_team_14/include/cw2_team_14/cw2_team_14
[16.246s] -- Up-to-date: /home/ethan/COMP0250/cw2_team_14/install/cw2_team_14/include/cw2_team_14/cw2_team_14/msg
[16.246s] -- Up-to-date: /home/ethan/COMP0250/cw2_team_14/install/cw2_team_14/include/cw2_team_14/cw2_team_14/msg/rosidl_generator_c__visibility_control.h
[16.246s] -- Up-to-date: /home/ethan/COMP0250/cw2_team_14/install/cw2_team_14/include/cw2_team_14/cw2_team_14/srv
[16.246s] -- Up-to-date: /home/ethan/COMP0250/cw2_team_14/install/cw2_team_14/include/cw2_team_14/cw2_team_14/srv/example.h
[16.246s] -- Up-to-date: /home/ethan/COMP0250/cw2_team_14/install/cw2_team_14/include/cw2_team_14/cw2_team_14/srv/detail
[16.246s] -- Up-to-date: /home/ethan/COMP0250/cw2_team_14/install/cw2_team_14/include/cw2_team_14/cw2_team_14/srv/detail/example__functions.c
[16.246s] -- Up-to-date: /home/ethan/COMP0250/cw2_team_14/install/cw2_team_14/include/cw2_team_14/cw2_team_14/srv/detail/example__struct.h
[16.246s] -- Up-to-date: /home/ethan/COMP0250/cw2_team_14/install/cw2_team_14/include/cw2_team_14/cw2_team_14/srv/detail/example__functions.h
[16.246s] -- Up-to-date: /home/ethan/COMP0250/cw2_team_14/install/cw2_team_14/include/cw2_team_14/cw2_team_14/srv/detail/example__type_support.h
[16.246s] -- Up-to-date: /home/ethan/COMP0250/cw2_team_14/install/cw2_team_14/share/cw2_team_14/environment/library_path.sh
[16.246s] -- Up-to-date: /home/ethan/COMP0250/cw2_team_14/install/cw2_team_14/share/cw2_team_14/environment/library_path.dsv
[16.247s] -- Up-to-date: /home/ethan/COMP0250/cw2_team_14/install/cw2_team_14/lib/libcw2_team_14__rosidl_generator_c.so
[16.247s] -- Up-to-date: /home/ethan/COMP0250/cw2_team_14/install/cw2_team_14/include/cw2_team_14/cw2_team_14
[16.247s] -- Up-to-date: /home/ethan/COMP0250/cw2_team_14/install/cw2_team_14/include/cw2_team_14/cw2_team_14/msg
[16.247s] -- Up-to-date: /home/ethan/COMP0250/cw2_team_14/install/cw2_team_14/include/cw2_team_14/cw2_team_14/msg/rosidl_typesupport_fastrtps_c__visibility_control.h
[16.247s] -- Up-to-date: /home/ethan/COMP0250/cw2_team_14/install/cw2_team_14/include/cw2_team_14/cw2_team_14/srv
[16.247s] -- Up-to-date: /home/ethan/COMP0250/cw2_team_14/install/cw2_team_14/include/cw2_team_14/cw2_team_14/srv/detail
[16.247s] -- Up-to-date: /home/ethan/COMP0250/cw2_team_14/install/cw2_team_14/include/cw2_team_14/cw2_team_14/srv/detail/example__rosidl_typesupport_fastrtps_c.h
[16.247s] -- Up-to-date: /home/ethan/COMP0250/cw2_team_14/install/cw2_team_14/lib/libcw2_team_14__rosidl_typesupport_fastrtps_c.so
[16.247s] -- Up-to-date: /home/ethan/COMP0250/cw2_team_14/install/cw2_team_14/include/cw2_team_14/cw2_team_14
[16.247s] -- Up-to-date: /home/ethan/COMP0250/cw2_team_14/install/cw2_team_14/include/cw2_team_14/cw2_team_14/msg
[16.247s] -- Up-to-date: /home/ethan/COMP0250/cw2_team_14/install/cw2_team_14/include/cw2_team_14/cw2_team_14/msg/rosidl_typesupport_introspection_c__visibility_control.h
[16.247s] -- Up-to-date: /home/ethan/COMP0250/cw2_team_14/install/cw2_team_14/include/cw2_team_14/cw2_team_14/srv
[16.247s] -- Up-to-date: /home/ethan/COMP0250/cw2_team_14/install/cw2_team_14/include/cw2_team_14/cw2_team_14/srv/detail
[16.248s] -- Up-to-date: /home/ethan/COMP0250/cw2_team_14/install/cw2_team_14/include/cw2_team_14/cw2_team_14/srv/detail/example__rosidl_typesupport_introspection_c.h
[16.248s] -- Up-to-date: /home/ethan/COMP0250/cw2_team_14/install/cw2_team_14/include/cw2_team_14/cw2_team_14/srv/detail/example__type_support.c
[16.248s] -- Up-to-date: /home/ethan/COMP0250/cw2_team_14/install/cw2_team_14/lib/libcw2_team_14__rosidl_typesupport_introspection_c.so
[16.248s] -- Up-to-date: /home/ethan/COMP0250/cw2_team_14/install/cw2_team_14/lib/libcw2_team_14__rosidl_typesupport_c.so
[16.248s] -- Up-to-date: /home/ethan/COMP0250/cw2_team_14/install/cw2_team_14/include/cw2_team_14/cw2_team_14
[16.248s] -- Up-to-date: /home/ethan/COMP0250/cw2_team_14/install/cw2_team_14/include/cw2_team_14/cw2_team_14/msg
[16.248s] -- Up-to-date: /home/ethan/COMP0250/cw2_team_14/install/cw2_team_14/include/cw2_team_14/cw2_team_14/msg/rosidl_generator_cpp__visibility_control.hpp
[16.248s] -- Up-to-date: /home/ethan/COMP0250/cw2_team_14/install/cw2_team_14/include/cw2_team_14/cw2_team_14/srv
[16.248s] -- Up-to-date: /home/ethan/COMP0250/cw2_team_14/install/cw2_team_14/include/cw2_team_14/cw2_team_14/srv/example.hpp
[16.248s] -- Up-to-date: /home/ethan/COMP0250/cw2_team_14/install/cw2_team_14/include/cw2_team_14/cw2_team_14/srv/detail
[16.248s] -- Up-to-date: /home/ethan/COMP0250/cw2_team_14/install/cw2_team_14/include/cw2_team_14/cw2_team_14/srv/detail/example__traits.hpp
[16.248s] -- Up-to-date: /home/ethan/COMP0250/cw2_team_14/install/cw2_team_14/include/cw2_team_14/cw2_team_14/srv/detail/example__struct.hpp
[16.248s] -- Up-to-date: /home/ethan/COMP0250/cw2_team_14/install/cw2_team_14/include/cw2_team_14/cw2_team_14/srv/detail/example__type_support.hpp
[16.248s] -- Up-to-date: /home/ethan/COMP0250/cw2_team_14/install/cw2_team_14/include/cw2_team_14/cw2_team_14/srv/detail/example__builder.hpp
[16.248s] -- Up-to-date: /home/ethan/COMP0250/cw2_team_14/install/cw2_team_14/include/cw2_team_14/cw2_team_14
[16.248s] -- Up-to-date: /home/ethan/COMP0250/cw2_team_14/install/cw2_team_14/include/cw2_team_14/cw2_team_14/msg
[16.248s] -- Up-to-date: /home/ethan/COMP0250/cw2_team_14/install/cw2_team_14/include/cw2_team_14/cw2_team_14/msg/rosidl_typesupport_fastrtps_cpp__visibility_control.h
[16.248s] -- Up-to-date: /home/ethan/COMP0250/cw2_team_14/install/cw2_team_14/include/cw2_team_14/cw2_team_14/srv
[16.248s] -- Up-to-date: /home/ethan/COMP0250/cw2_team_14/install/cw2_team_14/include/cw2_team_14/cw2_team_14/srv/detail
[16.248s] -- Up-to-date: /home/ethan/COMP0250/cw2_team_14/install/cw2_team_14/include/cw2_team_14/cw2_team_14/srv/detail/example__rosidl_typesupport_fastrtps_cpp.hpp
[16.248s] -- Up-to-date: /home/ethan/COMP0250/cw2_team_14/install/cw2_team_14/include/cw2_team_14/cw2_team_14/srv/detail/dds_fastrtps
[16.248s] -- Up-to-date: /home/ethan/COMP0250/cw2_team_14/install/cw2_team_14/lib/libcw2_team_14__rosidl_typesupport_fastrtps_cpp.so
[16.248s] -- Up-to-date: /home/ethan/COMP0250/cw2_team_14/install/cw2_team_14/include/cw2_team_14/cw2_team_14
[16.248s] -- Up-to-date: /home/ethan/COMP0250/cw2_team_14/install/cw2_team_14/include/cw2_team_14/cw2_team_14/srv
[16.249s] -- Up-to-date: /home/ethan/COMP0250/cw2_team_14/install/cw2_team_14/include/cw2_team_14/cw2_team_14/srv/detail
[16.249s] -- Up-to-date: /home/ethan/COMP0250/cw2_team_14/install/cw2_team_14/include/cw2_team_14/cw2_team_14/srv/detail/example__type_support.cpp
[16.249s] -- Up-to-date: /home/ethan/COMP0250/cw2_team_14/install/cw2_team_14/include/cw2_team_14/cw2_team_14/srv/detail/example__rosidl_typesupport_introspection_cpp.hpp
[16.249s] -- Up-to-date: /home/ethan/COMP0250/cw2_team_14/install/cw2_team_14/lib/libcw2_team_14__rosidl_typesupport_introspection_cpp.so
[16.249s] -- Up-to-date: /home/ethan/COMP0250/cw2_team_14/install/cw2_team_14/lib/libcw2_team_14__rosidl_typesupport_cpp.so
[16.249s] -- Up-to-date: /home/ethan/COMP0250/cw2_team_14/install/cw2_team_14/share/cw2_team_14/environment/pythonpath.sh
[16.249s] -- Up-to-date: /home/ethan/COMP0250/cw2_team_14/install/cw2_team_14/share/cw2_team_14/environment/pythonpath.dsv
[16.249s] -- Up-to-date: /home/ethan/COMP0250/cw2_team_14/install/cw2_team_14/local/lib/python3.10/dist-packages/cw2_team_14-0.1.0-py3.10.egg-info
[16.249s] -- Installing: /home/ethan/COMP0250/cw2_team_14/install/cw2_team_14/local/lib/python3.10/dist-packages/cw2_team_14-0.1.0-py3.10.egg-info/PKG-INFO
[16.249s] -- Installing: /home/ethan/COMP0250/cw2_team_14/install/cw2_team_14/local/lib/python3.10/dist-packages/cw2_team_14-0.1.0-py3.10.egg-info/dependency_links.txt
[16.249s] -- Installing: /home/ethan/COMP0250/cw2_team_14/install/cw2_team_14/local/lib/python3.10/dist-packages/cw2_team_14-0.1.0-py3.10.egg-info/top_level.txt
[16.249s] -- Installing: /home/ethan/COMP0250/cw2_team_14/install/cw2_team_14/local/lib/python3.10/dist-packages/cw2_team_14-0.1.0-py3.10.egg-info/SOURCES.txt
[16.249s] -- Up-to-date: /home/ethan/COMP0250/cw2_team_14/install/cw2_team_14/local/lib/python3.10/dist-packages/cw2_team_14
[16.249s] -- Up-to-date: /home/ethan/COMP0250/cw2_team_14/install/cw2_team_14/local/lib/python3.10/dist-packages/cw2_team_14/_cw2_team_14_s.ep.rosidl_typesupport_c.c
[16.249s] -- Up-to-date: /home/ethan/COMP0250/cw2_team_14/install/cw2_team_14/local/lib/python3.10/dist-packages/cw2_team_14/__init__.py
[16.249s] -- Up-to-date: /home/ethan/COMP0250/cw2_team_14/install/cw2_team_14/local/lib/python3.10/dist-packages/cw2_team_14/cw2_team_14_s__rosidl_typesupport_introspection_c.cpython-310-x86_64-linux-gnu.so
[16.249s] -- Up-to-date: /home/ethan/COMP0250/cw2_team_14/install/cw2_team_14/local/lib/python3.10/dist-packages/cw2_team_14/libcw2_team_14__rosidl_generator_py.so
[16.249s] -- Up-to-date: /home/ethan/COMP0250/cw2_team_14/install/cw2_team_14/local/lib/python3.10/dist-packages/cw2_team_14/cw2_team_14_s__rosidl_typesupport_fastrtps_c.cpython-310-x86_64-linux-gnu.so
[16.249s] -- Up-to-date: /home/ethan/COMP0250/cw2_team_14/install/cw2_team_14/local/lib/python3.10/dist-packages/cw2_team_14/srv
[16.249s] -- Up-to-date: /home/ethan/COMP0250/cw2_team_14/install/cw2_team_14/local/lib/python3.10/dist-packages/cw2_team_14/srv/__init__.py
[16.249s] -- Up-to-date: /home/ethan/COMP0250/cw2_team_14/install/cw2_team_14/local/lib/python3.10/dist-packages/cw2_team_14/srv/_example_s.c
[16.249s] -- Up-to-date: /home/ethan/COMP0250/cw2_team_14/install/cw2_team_14/local/lib/python3.10/dist-packages/cw2_team_14/srv/_example.py
[16.249s] -- Up-to-date: /home/ethan/COMP0250/cw2_team_14/install/cw2_team_14/local/lib/python3.10/dist-packages/cw2_team_14/cw2_team_14_s__rosidl_typesupport_c.cpython-310-x86_64-linux-gnu.so
[16.249s] -- Up-to-date: /home/ethan/COMP0250/cw2_team_14/install/cw2_team_14/local/lib/python3.10/dist-packages/cw2_team_14/_cw2_team_14_s.ep.rosidl_typesupport_introspection_c.c
[16.249s] -- Up-to-date: /home/ethan/COMP0250/cw2_team_14/install/cw2_team_14/local/lib/python3.10/dist-packages/cw2_team_14/_cw2_team_14_s.ep.rosidl_typesupport_fastrtps_c.c
[16.269s] Listing '/home/ethan/COMP0250/cw2_team_14/install/cw2_team_14/local/lib/python3.10/dist-packages/cw2_team_14'...
[16.269s] Listing '/home/ethan/COMP0250/cw2_team_14/install/cw2_team_14/local/lib/python3.10/dist-packages/cw2_team_14/srv'...
[16.271s] -- Up-to-date: /home/ethan/COMP0250/cw2_team_14/install/cw2_team_14/local/lib/python3.10/dist-packages/cw2_team_14/cw2_team_14_s__rosidl_typesupport_fastrtps_c.cpython-310-x86_64-linux-gnu.so
[16.272s] -- Up-to-date: /home/ethan/COMP0250/cw2_team_14/install/cw2_team_14/local/lib/python3.10/dist-packages/cw2_team_14/cw2_team_14_s__rosidl_typesupport_introspection_c.cpython-310-x86_64-linux-gnu.so
[16.272s] -- Up-to-date: /home/ethan/COMP0250/cw2_team_14/install/cw2_team_14/local/lib/python3.10/dist-packages/cw2_team_14/cw2_team_14_s__rosidl_typesupport_c.cpython-310-x86_64-linux-gnu.so
[16.272s] -- Up-to-date: /home/ethan/COMP0250/cw2_team_14/install/cw2_team_14/lib/libcw2_team_14__rosidl_generator_py.so
[16.272s] -- Up-to-date: /home/ethan/COMP0250/cw2_team_14/install/cw2_team_14/share/ament_index/resource_index/rust_packages/cw2_team_14
[16.273s] -- Up-to-date: /home/ethan/COMP0250/cw2_team_14/install/cw2_team_14/share/cw2_team_14/rust
[16.273s] -- Up-to-date: /home/ethan/COMP0250/cw2_team_14/install/cw2_team_14/share/cw2_team_14/rust/Cargo.toml
[16.273s] -- Up-to-date: /home/ethan/COMP0250/cw2_team_14/install/cw2_team_14/share/cw2_team_14/rust/src
[16.273s] -- Up-to-date: /home/ethan/COMP0250/cw2_team_14/install/cw2_team_14/share/cw2_team_14/rust/src/srv.rs
[16.273s] -- Up-to-date: /home/ethan/COMP0250/cw2_team_14/install/cw2_team_14/share/cw2_team_14/rust/src/lib.rs
[16.273s] -- Up-to-date: /home/ethan/COMP0250/cw2_team_14/install/cw2_team_14/share/cw2_team_14/rust/src/srv
[16.273s] -- Up-to-date: /home/ethan/COMP0250/cw2_team_14/install/cw2_team_14/share/cw2_team_14/rust/src/srv/rmw.rs
[16.273s] -- Up-to-date: /home/ethan/COMP0250/cw2_team_14/install/cw2_team_14/share/cw2_team_14/rust/build.rs
[16.273s] -- Up-to-date: /home/ethan/COMP0250/cw2_team_14/install/cw2_team_14/share/cw2_team_14/srv/Example.idl
[16.273s] -- Up-to-date: /home/ethan/COMP0250/cw2_team_14/install/cw2_team_14/share/cw2_team_14/srv/Example.srv
[16.273s] -- Up-to-date: /home/ethan/COMP0250/cw2_team_14/install/cw2_team_14/share/cw2_team_14/srv/Example_Request.msg
[16.273s] -- Up-to-date: /home/ethan/COMP0250/cw2_team_14/install/cw2_team_14/share/cw2_team_14/srv/Example_Response.msg
[16.273s] -- Installing: /home/ethan/COMP0250/cw2_team_14/install/cw2_team_14/lib/libcw2_team_14_cw2_class_lib.so
[16.283s] -- Set runtime path of "/home/ethan/COMP0250/cw2_team_14/install/cw2_team_14/lib/libcw2_team_14_cw2_class_lib.so" to ""
[16.283s] -- Installing: /home/ethan/COMP0250/cw2_team_14/install/cw2_team_14/lib/cw2_team_14/cw2_solution_node
[16.284s] -- Set runtime path of "/home/ethan/COMP0250/cw2_team_14/install/cw2_team_14/lib/cw2_team_14/cw2_solution_node" to ""
[16.284s] -- Up-to-date: /home/ethan/COMP0250/cw2_team_14/install/cw2_team_14/share/cw2_team_14/launch
[16.284s] -- Up-to-date: /home/ethan/COMP0250/cw2_team_14/install/cw2_team_14/share/cw2_team_14/launch/run_solution.launch.py
[16.284s] -- Up-to-date: /home/ethan/COMP0250/cw2_team_14/install/cw2_team_14/share/ament_index/resource_index/package_run_dependencies/cw2_team_14
[16.284s] -- Up-to-date: /home/ethan/COMP0250/cw2_team_14/install/cw2_team_14/share/ament_index/resource_index/parent_prefix_path/cw2_team_14
[16.284s] -- Up-to-date: /home/ethan/COMP0250/cw2_team_14/install/cw2_team_14/share/cw2_team_14/environment/ament_prefix_path.sh
[16.284s] -- Up-to-date: /home/ethan/COMP0250/cw2_team_14/install/cw2_team_14/share/cw2_team_14/environment/ament_prefix_path.dsv
[16.284s] -- Up-to-date: /home/ethan/COMP0250/cw2_team_14/install/cw2_team_14/share/cw2_team_14/environment/path.sh
[16.284s] -- Up-to-date: /home/ethan/COMP0250/cw2_team_14/install/cw2_team_14/share/cw2_team_14/environment/path.dsv
[16.284s] -- Up-to-date: /home/ethan/COMP0250/cw2_team_14/install/cw2_team_14/share/cw2_team_14/local_setup.bash
[16.284s] -- Up-to-date: /home/ethan/COMP0250/cw2_team_14/install/cw2_team_14/share/cw2_team_14/local_setup.sh
[16.284s] -- Up-to-date: /home/ethan/COMP0250/cw2_team_14/install/cw2_team_14/share/cw2_team_14/local_setup.zsh
[16.284s] -- Up-to-date: /home/ethan/COMP0250/cw2_team_14/install/cw2_team_14/share/cw2_team_14/local_setup.dsv
[16.285s] -- Installing: /home/ethan/COMP0250/cw2_team_14/install/cw2_team_14/share/cw2_team_14/package.dsv
[16.285s] -- Up-to-date: /home/ethan/COMP0250/cw2_team_14/install/cw2_team_14/share/ament_index/resource_index/packages/cw2_team_14
[16.285s] -- Up-to-date: /home/ethan/COMP0250/cw2_team_14/install/cw2_team_14/share/cw2_team_14/cmake/export_cw2_team_14__rosidl_generator_cExport.cmake
[16.285s] -- Up-to-date: /home/ethan/COMP0250/cw2_team_14/install/cw2_team_14/share/cw2_team_14/cmake/export_cw2_team_14__rosidl_generator_cExport-noconfig.cmake
[16.285s] -- Up-to-date: /home/ethan/COMP0250/cw2_team_14/install/cw2_team_14/share/cw2_team_14/cmake/export_cw2_team_14__rosidl_typesupport_fastrtps_cExport.cmake
[16.285s] -- Up-to-date: /home/ethan/COMP0250/cw2_team_14/install/cw2_team_14/share/cw2_team_14/cmake/export_cw2_team_14__rosidl_typesupport_fastrtps_cExport-noconfig.cmake
[16.285s] -- Up-to-date: /home/ethan/COMP0250/cw2_team_14/install/cw2_team_14/share/cw2_team_14/cmake/cw2_team_14__rosidl_typesupport_introspection_cExport.cmake
[16.285s] -- Up-to-date: /home/ethan/COMP0250/cw2_team_14/install/cw2_team_14/share/cw2_team_14/cmake/cw2_team_14__rosidl_typesupport_introspection_cExport-noconfig.cmake
[16.285s] -- Up-to-date: /home/ethan/COMP0250/cw2_team_14/install/cw2_team_14/share/cw2_team_14/cmake/cw2_team_14__rosidl_typesupport_cExport.cmake
[16.285s] -- Up-to-date: /home/ethan/COMP0250/cw2_team_14/install/cw2_team_14/share/cw2_team_14/cmake/cw2_team_14__rosidl_typesupport_cExport-noconfig.cmake
[16.285s] -- Up-to-date: /home/ethan/COMP0250/cw2_team_14/install/cw2_team_14/share/cw2_team_14/cmake/export_cw2_team_14__rosidl_generator_cppExport.cmake
[16.285s] -- Up-to-date: /home/ethan/COMP0250/cw2_team_14/install/cw2_team_14/share/cw2_team_14/cmake/export_cw2_team_14__rosidl_typesupport_fastrtps_cppExport.cmake
[16.285s] -- Up-to-date: /home/ethan/COMP0250/cw2_team_14/install/cw2_team_14/share/cw2_team_14/cmake/export_cw2_team_14__rosidl_typesupport_fastrtps_cppExport-noconfig.cmake
[16.285s] -- Up-to-date: /home/ethan/COMP0250/cw2_team_14/install/cw2_team_14/share/cw2_team_14/cmake/cw2_team_14__rosidl_typesupport_introspection_cppExport.cmake
[16.285s] -- Up-to-date: /home/ethan/COMP0250/cw2_team_14/install/cw2_team_14/share/cw2_team_14/cmake/cw2_team_14__rosidl_typesupport_introspection_cppExport-noconfig.cmake
[16.285s] -- Up-to-date: /home/ethan/COMP0250/cw2_team_14/install/cw2_team_14/share/cw2_team_14/cmake/cw2_team_14__rosidl_typesupport_cppExport.cmake
[16.285s] -- Up-to-date: /home/ethan/COMP0250/cw2_team_14/install/cw2_team_14/share/cw2_team_14/cmake/cw2_team_14__rosidl_typesupport_cppExport-noconfig.cmake
[16.285s] -- Up-to-date: /home/ethan/COMP0250/cw2_team_14/install/cw2_team_14/share/cw2_team_14/cmake/export_cw2_team_14__rosidl_generator_pyExport.cmake
[16.285s] -- Up-to-date: /home/ethan/COMP0250/cw2_team_14/install/cw2_team_14/share/cw2_team_14/cmake/export_cw2_team_14__rosidl_generator_pyExport-noconfig.cmake
[16.285s] -- Up-to-date: /home/ethan/COMP0250/cw2_team_14/install/cw2_team_14/share/cw2_team_14/cmake/rosidl_cmake-extras.cmake
[16.285s] -- Up-to-date: /home/ethan/COMP0250/cw2_team_14/install/cw2_team_14/share/cw2_team_14/cmake/ament_cmake_export_dependencies-extras.cmake
[16.285s] -- Up-to-date: /home/ethan/COMP0250/cw2_team_14/install/cw2_team_14/share/cw2_team_14/cmake/ament_cmake_export_include_directories-extras.cmake
[16.285s] -- Up-to-date: /home/ethan/COMP0250/cw2_team_14/install/cw2_team_14/share/cw2_team_14/cmake/ament_cmake_export_libraries-extras.cmake
[16.285s] -- Up-to-date: /home/ethan/COMP0250/cw2_team_14/install/cw2_team_14/share/cw2_team_14/cmake/ament_cmake_export_targets-extras.cmake
[16.285s] -- Up-to-date: /home/ethan/COMP0250/cw2_team_14/install/cw2_team_14/share/cw2_team_14/cmake/rosidl_cmake_export_typesupport_targets-extras.cmake
[16.286s] -- Up-to-date: /home/ethan/COMP0250/cw2_team_14/install/cw2_team_14/share/cw2_team_14/cmake/rosidl_cmake_export_typesupport_libraries-extras.cmake
[16.286s] -- Up-to-date: /home/ethan/COMP0250/cw2_team_14/install/cw2_team_14/share/cw2_team_14/cmake/cw2_team_14Config.cmake
[16.286s] -- Up-to-date: /home/ethan/COMP0250/cw2_team_14/install/cw2_team_14/share/cw2_team_14/cmake/cw2_team_14Config-version.cmake
[16.286s] -- Up-to-date: /home/ethan/COMP0250/cw2_team_14/install/cw2_team_14/share/cw2_team_14/package.xml
[16.287s] Invoked command in '/home/ethan/COMP0250/cw2_team_14/build/cw2_team_14' returned '0': AMENT_PREFIX_PATH=/home/ethan/COMP0250/cw2_team_14/install/cw2_world_spawner:${AMENT_PREFIX_PATH} CMAKE_PREFIX_PATH=/home/ethan/COMP0250/cw2_team_14/install/cw2_world_spawner:/opt/ros/humble LD_LIBRARY_PATH=/home/ethan/COMP0250/cw2_team_14/install/cw2_world_spawner/lib:${LD_LIBRARY_PATH} PYTHONPATH=/home/ethan/COMP0250/cw2_team_14/install/cw2_world_spawner/local/lib/python3.10/dist-packages:${PYTHONPATH} /usr/bin/cmake --install /home/ethan/COMP0250/cw2_team_14/build/cw2_team_14
