[0.053s] Invoking command in '/home/czg22/comp0250_s26_labs/build/cw2_team_14': CMAKE_PREFIX_PATH=/home/czg22/comp0250_s26_labs/install/cw2_world_spawner:/home/czg22/comp0250_s26_labs/install/rpl_panda_with_rs:/home/czg22/comp0250_s26_labs/install/realsense_gazebo_plugin:/home/czg22/comp0250_s26_labs/install/perception_pipeline_humble_demo:/home/czg22/comp0250_s26_labs/install/pcl_tutorial:/home/czg22/comp0250_s26_labs/install/pcl_demo:/home/czg22/comp0250_s26_labs/install/panda_moveit_config:/home/czg22/comp0250_s26_labs/install/panda_description:/home/czg22/comp0250_s26_labs/install/cw2_team_14:/home/czg22/comp0250_s26_labs/install/cw1_team_x:/home/czg22/comp0250_s26_labs/install/cw1_team_14:/home/czg22/comp0250_s26_labs/install/cw1_world_spawner:/home/czg22/ws_moveit2/install/pilz_industrial_motion_planner_testutils:/home/czg22/ws_moveit2/install/moveit_runtime:/home/czg22/ws_moveit2/install/moveit2_tutorials:/home/czg22/ws_moveit2/install/moveit:/home/czg22/ws_moveit2/install/moveit_planners:/home/czg22/ws_moveit2/install/pilz_industrial_motion_planner:/home/czg22/ws_moveit2/install/mtc_tutorial:/home/czg22/ws_moveit2/install/moveit_visual_tools:/home/czg22/ws_moveit2/install/moveit_task_constructor_visualization:/home/czg22/ws_moveit2/install/moveit_task_constructor_demo:/home/czg22/ws_moveit2/install/moveit_task_constructor_capabilities:/home/czg22/ws_moveit2/install/moveit_task_constructor_core:/home/czg22/ws_moveit2/install/moveit_ros_control_interface:/home/czg22/ws_moveit2/install/moveit_plugins:/home/czg22/ws_moveit2/install/moveit_simple_controller_manager:/home/czg22/ws_moveit2/install/moveit_setup_assistant:/home/czg22/ws_moveit2/install/moveit_setup_srdf_plugins:/home/czg22/ws_moveit2/install/moveit_setup_core_plugins:/home/czg22/ws_moveit2/install/moveit_setup_controllers:/home/czg22/ws_moveit2/install/moveit_setup_app_plugins:/home/czg22/ws_moveit2/install/moveit_setup_framework:/home/czg22/ws_moveit2/install/moveit_servo:/home/czg22/ws_moveit2/install/moveit_ros:/home/czg22/ws_moveit2/install/moveit_ros_visualization:/home/czg22/ws_moveit2/install/moveit_py:/home/czg22/ws_moveit2/install/moveit_hybrid_planning:/home/czg22/ws_moveit2/install/moveit_ros_planning_interface:/home/czg22/ws_moveit2/install/moveit_ros_benchmarks:/home/czg22/ws_moveit2/install/moveit_ros_warehouse:/home/czg22/ws_moveit2/install/moveit_ros_robot_interaction:/home/czg22/ws_moveit2/install/moveit_ros_perception:/home/czg22/ws_moveit2/install/moveit_resources_prbt_pg70_support:/home/czg22/ws_moveit2/install/moveit_resources_prbt_moveit_config:/home/czg22/ws_moveit2/install/moveit_ros_move_group:/home/czg22/ws_moveit2/install/moveit_planners_ompl:/home/czg22/ws_moveit2/install/moveit_ros_planning:/home/czg22/ws_moveit2/install/moveit_ros_occupancy_map_monitor:/home/czg22/ws_moveit2/install/moveit_resources_prbt_ikfast_manipulator_plugin:/home/czg22/ws_moveit2/install/moveit_planners_chomp:/home/czg22/ws_moveit2/install/moveit_kinematics:/home/czg22/ws_moveit2/install/moveit_chomp_optimizer_adapter:/home/czg22/ws_moveit2/install/chomp_motion_planner:/home/czg22/ws_moveit2/install/moveit_core:/home/czg22/ws_moveit2/install/srdfdom:/home/czg22/ws_moveit2/install/rviz_marker_tools:/home/czg22/ws_moveit2/install/rosparam_shortcuts:/home/czg22/ws_moveit2/install/moveit_task_constructor_msgs:/home/czg22/ws_moveit2/install/moveit_resources_prbt_support:/home/czg22/ws_moveit2/install/moveit_resources:/home/czg22/ws_moveit2/install/moveit_resources_pr2_description:/home/czg22/ws_moveit2/install/moveit_resources_panda_moveit_config:/home/czg22/ws_moveit2/install/moveit_resources_panda_description:/home/czg22/ws_moveit2/install/moveit_resources_fanuc_moveit_config:/home/czg22/ws_moveit2/install/moveit_resources_fanuc_description:/home/czg22/ws_moveit2/install/moveit_common:/home/czg22/ws_moveit2/install/moveit_configs_utils:/home/czg22/ws_moveit2/install/launch_param_builder:/opt/ros/humble LD_LIBRARY_PATH=/home/czg22/comp0250_s26_labs/install/cw2_world_spawner/lib:/home/czg22/comp0250_s26_labs/install/realsense_gazebo_plugin/lib:/home/czg22/comp0250_s26_labs/install/cw2_team_14/lib:/home/czg22/comp0250_s26_labs/install/cw1_team_x/lib:/home/czg22/comp0250_s26_labs/install/cw1_team_14/lib:/home/czg22/comp0250_s26_labs/install/cw1_world_spawner/lib:/home/czg22/ws_moveit2/install/pilz_industrial_motion_planner_testutils/lib:/home/czg22/ws_moveit2/install/pilz_industrial_motion_planner/lib:/home/czg22/ws_moveit2/install/moveit_visual_tools/lib:/home/czg22/ws_moveit2/install/moveit_task_constructor_visualization/lib:/home/czg22/ws_moveit2/install/moveit_task_constructor_demo/lib:/home/czg22/ws_moveit2/install/moveit_task_constructor_capabilities/lib:/home/czg22/ws_moveit2/install/moveit_task_constructor_core/lib:/home/czg22/ws_moveit2/install/moveit_ros_control_interface/lib:/home/czg22/ws_moveit2/install/moveit_simple_controller_manager/lib:/home/czg22/ws_moveit2/install/moveit_setup_assistant/lib:/home/czg22/ws_moveit2/install/moveit_setup_srdf_plugins/lib:/home/czg22/ws_moveit2/install/moveit_setup_core_plugins/lib:/home/czg22/ws_moveit2/install/moveit_setup_controllers/lib:/home/czg22/ws_moveit2/install/moveit_setup_app_plugins/lib:/home/czg22/ws_moveit2/install/moveit_setup_framework/lib:/home/czg22/ws_moveit2/install/moveit_servo/lib:/home/czg22/ws_moveit2/install/moveit_ros_visualization/lib:/home/czg22/ws_moveit2/install/moveit_py/lib:/home/czg22/ws_moveit2/install/moveit_hybrid_planning/lib:/home/czg22/ws_moveit2/install/moveit_ros_planning_interface/lib:/home/czg22/ws_moveit2/install/moveit_ros_benchmarks/lib:/home/czg22/ws_moveit2/install/moveit_ros_warehouse/lib:/home/czg22/ws_moveit2/install/moveit_ros_robot_interaction/lib:/home/czg22/ws_moveit2/install/moveit_ros_perception/lib:/home/czg22/ws_moveit2/install/moveit_ros_move_group/lib:/home/czg22/ws_moveit2/install/moveit_planners_ompl/lib:/home/czg22/ws_moveit2/install/moveit_ros_planning/lib:/home/czg22/ws_moveit2/install/moveit_ros_occupancy_map_monitor/lib:/home/czg22/ws_moveit2/install/moveit_resources_prbt_ikfast_manipulator_plugin/lib:/home/czg22/ws_moveit2/install/moveit_planners_chomp/lib:/home/czg22/ws_moveit2/install/moveit_kinematics/lib:/home/czg22/ws_moveit2/install/moveit_chomp_optimizer_adapter/lib:/home/czg22/ws_moveit2/install/chomp_motion_planner/lib:/home/czg22/ws_moveit2/install/moveit_core/lib:/home/czg22/ws_moveit2/install/srdfdom/lib:/home/czg22/ws_moveit2/install/rviz_marker_tools/lib:/home/czg22/ws_moveit2/install/rosparam_shortcuts/lib:/home/czg22/ws_moveit2/install/moveit_task_constructor_msgs/lib:/usr/lib/x86_64-linux-gnu/gazebo-11/plugins:/opt/ros/humble/opt/rviz_ogre_vendor/lib:/opt/ros/humble/lib/x86_64-linux-gnu:/opt/ros/humble/lib /usr/bin/cmake --build /home/czg22/comp0250_s26_labs/build/cw2_team_14 -- -j32 -l32
[0.152s] [  2%] Built target cw2_team_14__cpp
[0.153s] [ 11%] Built target cw2_team_14__rosidl_generator_c
[0.170s] [ 11%] Built target ament_cmake_python_copy_cw2_team_14
[0.193s] [ 20%] Built target cw2_team_14__rosidl_typesupport_cpp
[0.195s] [ 28%] Built target cw2_team_14__rosidl_typesupport_introspection_cpp
[0.195s] [ 37%] Built target cw2_team_14__rosidl_typesupport_fastrtps_cpp
[0.212s] [ 54%] Built target cw2_team_14__rosidl_typesupport_c
[0.212s] [ 54%] Built target cw2_team_14__rosidl_typesupport_introspection_c
[0.212s] [ 62%] Built target cw2_team_14__rosidl_typesupport_fastrtps_c
[0.216s] [35m[1mConsolidate compiler generated dependencies of target cw2_team_14_cw2_class_lib[0m
[0.252s] [ 62%] Built target cw2_team_14
[0.260s] [ 65%] [32mBuilding CXX object CMakeFiles/cw2_team_14_cw2_class_lib.dir/src/cw2_class.cpp.o[0m
[0.293s] [ 68%] Built target cw2_team_14__py
[0.337s] [ 74%] Built target cw2_team_14__rosidl_generator_py
[0.348s] running egg_info
[0.349s] writing cw2_team_14.egg-info/PKG-INFO
[0.349s] writing dependency_links to cw2_team_14.egg-info/dependency_links.txt
[0.349s] writing top-level names to cw2_team_14.egg-info/top_level.txt
[0.350s] reading manifest file 'cw2_team_14.egg-info/SOURCES.txt'
[0.351s] writing manifest file 'cw2_team_14.egg-info/SOURCES.txt'
[0.378s] [ 91%] Built target cw2_team_14__rosidl_typesupport_introspection_c__pyext
[0.378s] [ 91%] Built target cw2_team_14__rosidl_typesupport_c__pyext
[0.378s] [ 91%] Built target cw2_team_14__rosidl_typesupport_fastrtps_c__pyext
[0.378s] [ 91%] Built target ament_cmake_python_build_cw2_team_14_egg
[15.164s] [ 94%] [32m[1mLinking CXX shared library libcw2_team_14_cw2_class_lib.so[0m
[16.316s] [ 94%] Built target cw2_team_14_cw2_class_lib
[16.372s] [ 97%] [32m[1mLinking CXX executable cw2_solution_node[0m
[17.185s] [100%] Built target cw2_solution_node
[17.203s] Invoked command in '/home/czg22/comp0250_s26_labs/build/cw2_team_14' returned '0': CMAKE_PREFIX_PATH=/home/czg22/comp0250_s26_labs/install/cw2_world_spawner:/home/czg22/comp0250_s26_labs/install/rpl_panda_with_rs:/home/czg22/comp0250_s26_labs/install/realsense_gazebo_plugin:/home/czg22/comp0250_s26_labs/install/perception_pipeline_humble_demo:/home/czg22/comp0250_s26_labs/install/pcl_tutorial:/home/czg22/comp0250_s26_labs/install/pcl_demo:/home/czg22/comp0250_s26_labs/install/panda_moveit_config:/home/czg22/comp0250_s26_labs/install/panda_description:/home/czg22/comp0250_s26_labs/install/cw2_team_14:/home/czg22/comp0250_s26_labs/install/cw1_team_x:/home/czg22/comp0250_s26_labs/install/cw1_team_14:/home/czg22/comp0250_s26_labs/install/cw1_world_spawner:/home/czg22/ws_moveit2/install/pilz_industrial_motion_planner_testutils:/home/czg22/ws_moveit2/install/moveit_runtime:/home/czg22/ws_moveit2/install/moveit2_tutorials:/home/czg22/ws_moveit2/install/moveit:/home/czg22/ws_moveit2/install/moveit_planners:/home/czg22/ws_moveit2/install/pilz_industrial_motion_planner:/home/czg22/ws_moveit2/install/mtc_tutorial:/home/czg22/ws_moveit2/install/moveit_visual_tools:/home/czg22/ws_moveit2/install/moveit_task_constructor_visualization:/home/czg22/ws_moveit2/install/moveit_task_constructor_demo:/home/czg22/ws_moveit2/install/moveit_task_constructor_capabilities:/home/czg22/ws_moveit2/install/moveit_task_constructor_core:/home/czg22/ws_moveit2/install/moveit_ros_control_interface:/home/czg22/ws_moveit2/install/moveit_plugins:/home/czg22/ws_moveit2/install/moveit_simple_controller_manager:/home/czg22/ws_moveit2/install/moveit_setup_assistant:/home/czg22/ws_moveit2/install/moveit_setup_srdf_plugins:/home/czg22/ws_moveit2/install/moveit_setup_core_plugins:/home/czg22/ws_moveit2/install/moveit_setup_controllers:/home/czg22/ws_moveit2/install/moveit_setup_app_plugins:/home/czg22/ws_moveit2/install/moveit_setup_framework:/home/czg22/ws_moveit2/install/moveit_servo:/home/czg22/ws_moveit2/install/moveit_ros:/home/czg22/ws_moveit2/install/moveit_ros_visualization:/home/czg22/ws_moveit2/install/moveit_py:/home/czg22/ws_moveit2/install/moveit_hybrid_planning:/home/czg22/ws_moveit2/install/moveit_ros_planning_interface:/home/czg22/ws_moveit2/install/moveit_ros_benchmarks:/home/czg22/ws_moveit2/install/moveit_ros_warehouse:/home/czg22/ws_moveit2/install/moveit_ros_robot_interaction:/home/czg22/ws_moveit2/install/moveit_ros_perception:/home/czg22/ws_moveit2/install/moveit_resources_prbt_pg70_support:/home/czg22/ws_moveit2/install/moveit_resources_prbt_moveit_config:/home/czg22/ws_moveit2/install/moveit_ros_move_group:/home/czg22/ws_moveit2/install/moveit_planners_ompl:/home/czg22/ws_moveit2/install/moveit_ros_planning:/home/czg22/ws_moveit2/install/moveit_ros_occupancy_map_monitor:/home/czg22/ws_moveit2/install/moveit_resources_prbt_ikfast_manipulator_plugin:/home/czg22/ws_moveit2/install/moveit_planners_chomp:/home/czg22/ws_moveit2/install/moveit_kinematics:/home/czg22/ws_moveit2/install/moveit_chomp_optimizer_adapter:/home/czg22/ws_moveit2/install/chomp_motion_planner:/home/czg22/ws_moveit2/install/moveit_core:/home/czg22/ws_moveit2/install/srdfdom:/home/czg22/ws_moveit2/install/rviz_marker_tools:/home/czg22/ws_moveit2/install/rosparam_shortcuts:/home/czg22/ws_moveit2/install/moveit_task_constructor_msgs:/home/czg22/ws_moveit2/install/moveit_resources_prbt_support:/home/czg22/ws_moveit2/install/moveit_resources:/home/czg22/ws_moveit2/install/moveit_resources_pr2_description:/home/czg22/ws_moveit2/install/moveit_resources_panda_moveit_config:/home/czg22/ws_moveit2/install/moveit_resources_panda_description:/home/czg22/ws_moveit2/install/moveit_resources_fanuc_moveit_config:/home/czg22/ws_moveit2/install/moveit_resources_fanuc_description:/home/czg22/ws_moveit2/install/moveit_common:/home/czg22/ws_moveit2/install/moveit_configs_utils:/home/czg22/ws_moveit2/install/launch_param_builder:/opt/ros/humble LD_LIBRARY_PATH=/home/czg22/comp0250_s26_labs/install/cw2_world_spawner/lib:/home/czg22/comp0250_s26_labs/install/realsense_gazebo_plugin/lib:/home/czg22/comp0250_s26_labs/install/cw2_team_14/lib:/home/czg22/comp0250_s26_labs/install/cw1_team_x/lib:/home/czg22/comp0250_s26_labs/install/cw1_team_14/lib:/home/czg22/comp0250_s26_labs/install/cw1_world_spawner/lib:/home/czg22/ws_moveit2/install/pilz_industrial_motion_planner_testutils/lib:/home/czg22/ws_moveit2/install/pilz_industrial_motion_planner/lib:/home/czg22/ws_moveit2/install/moveit_visual_tools/lib:/home/czg22/ws_moveit2/install/moveit_task_constructor_visualization/lib:/home/czg22/ws_moveit2/install/moveit_task_constructor_demo/lib:/home/czg22/ws_moveit2/install/moveit_task_constructor_capabilities/lib:/home/czg22/ws_moveit2/install/moveit_task_constructor_core/lib:/home/czg22/ws_moveit2/install/moveit_ros_control_interface/lib:/home/czg22/ws_moveit2/install/moveit_simple_controller_manager/lib:/home/czg22/ws_moveit2/install/moveit_setup_assistant/lib:/home/czg22/ws_moveit2/install/moveit_setup_srdf_plugins/lib:/home/czg22/ws_moveit2/install/moveit_setup_core_plugins/lib:/home/czg22/ws_moveit2/install/moveit_setup_controllers/lib:/home/czg22/ws_moveit2/install/moveit_setup_app_plugins/lib:/home/czg22/ws_moveit2/install/moveit_setup_framework/lib:/home/czg22/ws_moveit2/install/moveit_servo/lib:/home/czg22/ws_moveit2/install/moveit_ros_visualization/lib:/home/czg22/ws_moveit2/install/moveit_py/lib:/home/czg22/ws_moveit2/install/moveit_hybrid_planning/lib:/home/czg22/ws_moveit2/install/moveit_ros_planning_interface/lib:/home/czg22/ws_moveit2/install/moveit_ros_benchmarks/lib:/home/czg22/ws_moveit2/install/moveit_ros_warehouse/lib:/home/czg22/ws_moveit2/install/moveit_ros_robot_interaction/lib:/home/czg22/ws_moveit2/install/moveit_ros_perception/lib:/home/czg22/ws_moveit2/install/moveit_ros_move_group/lib:/home/czg22/ws_moveit2/install/moveit_planners_ompl/lib:/home/czg22/ws_moveit2/install/moveit_ros_planning/lib:/home/czg22/ws_moveit2/install/moveit_ros_occupancy_map_monitor/lib:/home/czg22/ws_moveit2/install/moveit_resources_prbt_ikfast_manipulator_plugin/lib:/home/czg22/ws_moveit2/install/moveit_planners_chomp/lib:/home/czg22/ws_moveit2/install/moveit_kinematics/lib:/home/czg22/ws_moveit2/install/moveit_chomp_optimizer_adapter/lib:/home/czg22/ws_moveit2/install/chomp_motion_planner/lib:/home/czg22/ws_moveit2/install/moveit_core/lib:/home/czg22/ws_moveit2/install/srdfdom/lib:/home/czg22/ws_moveit2/install/rviz_marker_tools/lib:/home/czg22/ws_moveit2/install/rosparam_shortcuts/lib:/home/czg22/ws_moveit2/install/moveit_task_constructor_msgs/lib:/usr/lib/x86_64-linux-gnu/gazebo-11/plugins:/opt/ros/humble/opt/rviz_ogre_vendor/lib:/opt/ros/humble/lib/x86_64-linux-gnu:/opt/ros/humble/lib /usr/bin/cmake --build /home/czg22/comp0250_s26_labs/build/cw2_team_14 -- -j32 -l32
[17.218s] Invoking command in '/home/czg22/comp0250_s26_labs/build/cw2_team_14': CMAKE_PREFIX_PATH=/home/czg22/comp0250_s26_labs/install/cw2_world_spawner:/home/czg22/comp0250_s26_labs/install/rpl_panda_with_rs:/home/czg22/comp0250_s26_labs/install/realsense_gazebo_plugin:/home/czg22/comp0250_s26_labs/install/perception_pipeline_humble_demo:/home/czg22/comp0250_s26_labs/install/pcl_tutorial:/home/czg22/comp0250_s26_labs/install/pcl_demo:/home/czg22/comp0250_s26_labs/install/panda_moveit_config:/home/czg22/comp0250_s26_labs/install/panda_description:/home/czg22/comp0250_s26_labs/install/cw2_team_14:/home/czg22/comp0250_s26_labs/install/cw1_team_x:/home/czg22/comp0250_s26_labs/install/cw1_team_14:/home/czg22/comp0250_s26_labs/install/cw1_world_spawner:/home/czg22/ws_moveit2/install/pilz_industrial_motion_planner_testutils:/home/czg22/ws_moveit2/install/moveit_runtime:/home/czg22/ws_moveit2/install/moveit2_tutorials:/home/czg22/ws_moveit2/install/moveit:/home/czg22/ws_moveit2/install/moveit_planners:/home/czg22/ws_moveit2/install/pilz_industrial_motion_planner:/home/czg22/ws_moveit2/install/mtc_tutorial:/home/czg22/ws_moveit2/install/moveit_visual_tools:/home/czg22/ws_moveit2/install/moveit_task_constructor_visualization:/home/czg22/ws_moveit2/install/moveit_task_constructor_demo:/home/czg22/ws_moveit2/install/moveit_task_constructor_capabilities:/home/czg22/ws_moveit2/install/moveit_task_constructor_core:/home/czg22/ws_moveit2/install/moveit_ros_control_interface:/home/czg22/ws_moveit2/install/moveit_plugins:/home/czg22/ws_moveit2/install/moveit_simple_controller_manager:/home/czg22/ws_moveit2/install/moveit_setup_assistant:/home/czg22/ws_moveit2/install/moveit_setup_srdf_plugins:/home/czg22/ws_moveit2/install/moveit_setup_core_plugins:/home/czg22/ws_moveit2/install/moveit_setup_controllers:/home/czg22/ws_moveit2/install/moveit_setup_app_plugins:/home/czg22/ws_moveit2/install/moveit_setup_framework:/home/czg22/ws_moveit2/install/moveit_servo:/home/czg22/ws_moveit2/install/moveit_ros:/home/czg22/ws_moveit2/install/moveit_ros_visualization:/home/czg22/ws_moveit2/install/moveit_py:/home/czg22/ws_moveit2/install/moveit_hybrid_planning:/home/czg22/ws_moveit2/install/moveit_ros_planning_interface:/home/czg22/ws_moveit2/install/moveit_ros_benchmarks:/home/czg22/ws_moveit2/install/moveit_ros_warehouse:/home/czg22/ws_moveit2/install/moveit_ros_robot_interaction:/home/czg22/ws_moveit2/install/moveit_ros_perception:/home/czg22/ws_moveit2/install/moveit_resources_prbt_pg70_support:/home/czg22/ws_moveit2/install/moveit_resources_prbt_moveit_config:/home/czg22/ws_moveit2/install/moveit_ros_move_group:/home/czg22/ws_moveit2/install/moveit_planners_ompl:/home/czg22/ws_moveit2/install/moveit_ros_planning:/home/czg22/ws_moveit2/install/moveit_ros_occupancy_map_monitor:/home/czg22/ws_moveit2/install/moveit_resources_prbt_ikfast_manipulator_plugin:/home/czg22/ws_moveit2/install/moveit_planners_chomp:/home/czg22/ws_moveit2/install/moveit_kinematics:/home/czg22/ws_moveit2/install/moveit_chomp_optimizer_adapter:/home/czg22/ws_moveit2/install/chomp_motion_planner:/home/czg22/ws_moveit2/install/moveit_core:/home/czg22/ws_moveit2/install/srdfdom:/home/czg22/ws_moveit2/install/rviz_marker_tools:/home/czg22/ws_moveit2/install/rosparam_shortcuts:/home/czg22/ws_moveit2/install/moveit_task_constructor_msgs:/home/czg22/ws_moveit2/install/moveit_resources_prbt_support:/home/czg22/ws_moveit2/install/moveit_resources:/home/czg22/ws_moveit2/install/moveit_resources_pr2_description:/home/czg22/ws_moveit2/install/moveit_resources_panda_moveit_config:/home/czg22/ws_moveit2/install/moveit_resources_panda_description:/home/czg22/ws_moveit2/install/moveit_resources_fanuc_moveit_config:/home/czg22/ws_moveit2/install/moveit_resources_fanuc_description:/home/czg22/ws_moveit2/install/moveit_common:/home/czg22/ws_moveit2/install/moveit_configs_utils:/home/czg22/ws_moveit2/install/launch_param_builder:/opt/ros/humble LD_LIBRARY_PATH=/home/czg22/comp0250_s26_labs/install/cw2_world_spawner/lib:/home/czg22/comp0250_s26_labs/install/realsense_gazebo_plugin/lib:/home/czg22/comp0250_s26_labs/install/cw2_team_14/lib:/home/czg22/comp0250_s26_labs/install/cw1_team_x/lib:/home/czg22/comp0250_s26_labs/install/cw1_team_14/lib:/home/czg22/comp0250_s26_labs/install/cw1_world_spawner/lib:/home/czg22/ws_moveit2/install/pilz_industrial_motion_planner_testutils/lib:/home/czg22/ws_moveit2/install/pilz_industrial_motion_planner/lib:/home/czg22/ws_moveit2/install/moveit_visual_tools/lib:/home/czg22/ws_moveit2/install/moveit_task_constructor_visualization/lib:/home/czg22/ws_moveit2/install/moveit_task_constructor_demo/lib:/home/czg22/ws_moveit2/install/moveit_task_constructor_capabilities/lib:/home/czg22/ws_moveit2/install/moveit_task_constructor_core/lib:/home/czg22/ws_moveit2/install/moveit_ros_control_interface/lib:/home/czg22/ws_moveit2/install/moveit_simple_controller_manager/lib:/home/czg22/ws_moveit2/install/moveit_setup_assistant/lib:/home/czg22/ws_moveit2/install/moveit_setup_srdf_plugins/lib:/home/czg22/ws_moveit2/install/moveit_setup_core_plugins/lib:/home/czg22/ws_moveit2/install/moveit_setup_controllers/lib:/home/czg22/ws_moveit2/install/moveit_setup_app_plugins/lib:/home/czg22/ws_moveit2/install/moveit_setup_framework/lib:/home/czg22/ws_moveit2/install/moveit_servo/lib:/home/czg22/ws_moveit2/install/moveit_ros_visualization/lib:/home/czg22/ws_moveit2/install/moveit_py/lib:/home/czg22/ws_moveit2/install/moveit_hybrid_planning/lib:/home/czg22/ws_moveit2/install/moveit_ros_planning_interface/lib:/home/czg22/ws_moveit2/install/moveit_ros_benchmarks/lib:/home/czg22/ws_moveit2/install/moveit_ros_warehouse/lib:/home/czg22/ws_moveit2/install/moveit_ros_robot_interaction/lib:/home/czg22/ws_moveit2/install/moveit_ros_perception/lib:/home/czg22/ws_moveit2/install/moveit_ros_move_group/lib:/home/czg22/ws_moveit2/install/moveit_planners_ompl/lib:/home/czg22/ws_moveit2/install/moveit_ros_planning/lib:/home/czg22/ws_moveit2/install/moveit_ros_occupancy_map_monitor/lib:/home/czg22/ws_moveit2/install/moveit_resources_prbt_ikfast_manipulator_plugin/lib:/home/czg22/ws_moveit2/install/moveit_planners_chomp/lib:/home/czg22/ws_moveit2/install/moveit_kinematics/lib:/home/czg22/ws_moveit2/install/moveit_chomp_optimizer_adapter/lib:/home/czg22/ws_moveit2/install/chomp_motion_planner/lib:/home/czg22/ws_moveit2/install/moveit_core/lib:/home/czg22/ws_moveit2/install/srdfdom/lib:/home/czg22/ws_moveit2/install/rviz_marker_tools/lib:/home/czg22/ws_moveit2/install/rosparam_shortcuts/lib:/home/czg22/ws_moveit2/install/moveit_task_constructor_msgs/lib:/usr/lib/x86_64-linux-gnu/gazebo-11/plugins:/opt/ros/humble/opt/rviz_ogre_vendor/lib:/opt/ros/humble/lib/x86_64-linux-gnu:/opt/ros/humble/lib /usr/bin/cmake --install /home/czg22/comp0250_s26_labs/build/cw2_team_14
[17.230s] -- Install configuration: ""
[17.231s] -- Up-to-date: /home/czg22/comp0250_s26_labs/install/cw2_team_14/share/ament_index/resource_index/rosidl_interfaces/cw2_team_14
[17.231s] -- Up-to-date: /home/czg22/comp0250_s26_labs/install/cw2_team_14/include/cw2_team_14/cw2_team_14
[17.231s] -- Up-to-date: /home/czg22/comp0250_s26_labs/install/cw2_team_14/include/cw2_team_14/cw2_team_14/srv
[17.232s] -- Up-to-date: /home/czg22/comp0250_s26_labs/install/cw2_team_14/include/cw2_team_14/cw2_team_14/srv/example.h
[17.232s] -- Up-to-date: /home/czg22/comp0250_s26_labs/install/cw2_team_14/include/cw2_team_14/cw2_team_14/srv/detail
[17.232s] -- Up-to-date: /home/czg22/comp0250_s26_labs/install/cw2_team_14/include/cw2_team_14/cw2_team_14/srv/detail/example__functions.h
[17.232s] -- Up-to-date: /home/czg22/comp0250_s26_labs/install/cw2_team_14/include/cw2_team_14/cw2_team_14/srv/detail/example__type_support.h
[17.232s] -- Up-to-date: /home/czg22/comp0250_s26_labs/install/cw2_team_14/include/cw2_team_14/cw2_team_14/srv/detail/example__struct.h
[17.232s] -- Up-to-date: /home/czg22/comp0250_s26_labs/install/cw2_team_14/include/cw2_team_14/cw2_team_14/srv/detail/example__functions.c
[17.232s] -- Up-to-date: /home/czg22/comp0250_s26_labs/install/cw2_team_14/include/cw2_team_14/cw2_team_14/msg
[17.232s] -- Up-to-date: /home/czg22/comp0250_s26_labs/install/cw2_team_14/include/cw2_team_14/cw2_team_14/msg/rosidl_generator_c__visibility_control.h
[17.233s] -- Up-to-date: /home/czg22/comp0250_s26_labs/install/cw2_team_14/share/cw2_team_14/environment/library_path.sh
[17.233s] -- Up-to-date: /home/czg22/comp0250_s26_labs/install/cw2_team_14/share/cw2_team_14/environment/library_path.dsv
[17.233s] -- Up-to-date: /home/czg22/comp0250_s26_labs/install/cw2_team_14/lib/libcw2_team_14__rosidl_generator_c.so
[17.233s] -- Up-to-date: /home/czg22/comp0250_s26_labs/install/cw2_team_14/include/cw2_team_14/cw2_team_14
[17.233s] -- Up-to-date: /home/czg22/comp0250_s26_labs/install/cw2_team_14/include/cw2_team_14/cw2_team_14/srv
[17.233s] -- Up-to-date: /home/czg22/comp0250_s26_labs/install/cw2_team_14/include/cw2_team_14/cw2_team_14/srv/detail
[17.233s] -- Up-to-date: /home/czg22/comp0250_s26_labs/install/cw2_team_14/include/cw2_team_14/cw2_team_14/srv/detail/example__rosidl_typesupport_fastrtps_c.h
[17.233s] -- Up-to-date: /home/czg22/comp0250_s26_labs/install/cw2_team_14/include/cw2_team_14/cw2_team_14/msg
[17.234s] -- Up-to-date: /home/czg22/comp0250_s26_labs/install/cw2_team_14/include/cw2_team_14/cw2_team_14/msg/rosidl_typesupport_fastrtps_c__visibility_control.h
[17.234s] -- Up-to-date: /home/czg22/comp0250_s26_labs/install/cw2_team_14/lib/libcw2_team_14__rosidl_typesupport_fastrtps_c.so
[17.234s] -- Up-to-date: /home/czg22/comp0250_s26_labs/install/cw2_team_14/include/cw2_team_14/cw2_team_14
[17.234s] -- Up-to-date: /home/czg22/comp0250_s26_labs/install/cw2_team_14/include/cw2_team_14/cw2_team_14/srv
[17.234s] -- Up-to-date: /home/czg22/comp0250_s26_labs/install/cw2_team_14/include/cw2_team_14/cw2_team_14/srv/detail
[17.234s] -- Up-to-date: /home/czg22/comp0250_s26_labs/install/cw2_team_14/include/cw2_team_14/cw2_team_14/srv/detail/example__type_support.c
[17.234s] -- Up-to-date: /home/czg22/comp0250_s26_labs/install/cw2_team_14/include/cw2_team_14/cw2_team_14/srv/detail/example__rosidl_typesupport_introspection_c.h
[17.234s] -- Up-to-date: /home/czg22/comp0250_s26_labs/install/cw2_team_14/include/cw2_team_14/cw2_team_14/msg
[17.234s] -- Up-to-date: /home/czg22/comp0250_s26_labs/install/cw2_team_14/include/cw2_team_14/cw2_team_14/msg/rosidl_typesupport_introspection_c__visibility_control.h
[17.234s] -- Up-to-date: /home/czg22/comp0250_s26_labs/install/cw2_team_14/lib/libcw2_team_14__rosidl_typesupport_introspection_c.so
[17.234s] -- Up-to-date: /home/czg22/comp0250_s26_labs/install/cw2_team_14/lib/libcw2_team_14__rosidl_typesupport_c.so
[17.235s] -- Up-to-date: /home/czg22/comp0250_s26_labs/install/cw2_team_14/include/cw2_team_14/cw2_team_14
[17.235s] -- Up-to-date: /home/czg22/comp0250_s26_labs/install/cw2_team_14/include/cw2_team_14/cw2_team_14/srv
[17.235s] -- Up-to-date: /home/czg22/comp0250_s26_labs/install/cw2_team_14/include/cw2_team_14/cw2_team_14/srv/example.hpp
[17.235s] -- Up-to-date: /home/czg22/comp0250_s26_labs/install/cw2_team_14/include/cw2_team_14/cw2_team_14/srv/detail
[17.235s] -- Up-to-date: /home/czg22/comp0250_s26_labs/install/cw2_team_14/include/cw2_team_14/cw2_team_14/srv/detail/example__traits.hpp
[17.235s] -- Up-to-date: /home/czg22/comp0250_s26_labs/install/cw2_team_14/include/cw2_team_14/cw2_team_14/srv/detail/example__builder.hpp
[17.235s] -- Up-to-date: /home/czg22/comp0250_s26_labs/install/cw2_team_14/include/cw2_team_14/cw2_team_14/srv/detail/example__struct.hpp
[17.235s] -- Up-to-date: /home/czg22/comp0250_s26_labs/install/cw2_team_14/include/cw2_team_14/cw2_team_14/srv/detail/example__type_support.hpp
[17.236s] -- Up-to-date: /home/czg22/comp0250_s26_labs/install/cw2_team_14/include/cw2_team_14/cw2_team_14/msg
[17.236s] -- Up-to-date: /home/czg22/comp0250_s26_labs/install/cw2_team_14/include/cw2_team_14/cw2_team_14/msg/rosidl_generator_cpp__visibility_control.hpp
[17.236s] -- Up-to-date: /home/czg22/comp0250_s26_labs/install/cw2_team_14/include/cw2_team_14/cw2_team_14
[17.236s] -- Up-to-date: /home/czg22/comp0250_s26_labs/install/cw2_team_14/include/cw2_team_14/cw2_team_14/srv
[17.236s] -- Up-to-date: /home/czg22/comp0250_s26_labs/install/cw2_team_14/include/cw2_team_14/cw2_team_14/srv/detail
[17.236s] -- Up-to-date: /home/czg22/comp0250_s26_labs/install/cw2_team_14/include/cw2_team_14/cw2_team_14/srv/detail/dds_fastrtps
[17.236s] -- Up-to-date: /home/czg22/comp0250_s26_labs/install/cw2_team_14/include/cw2_team_14/cw2_team_14/srv/detail/example__rosidl_typesupport_fastrtps_cpp.hpp
[17.236s] -- Up-to-date: /home/czg22/comp0250_s26_labs/install/cw2_team_14/include/cw2_team_14/cw2_team_14/msg
[17.236s] -- Up-to-date: /home/czg22/comp0250_s26_labs/install/cw2_team_14/include/cw2_team_14/cw2_team_14/msg/rosidl_typesupport_fastrtps_cpp__visibility_control.h
[17.237s] -- Up-to-date: /home/czg22/comp0250_s26_labs/install/cw2_team_14/lib/libcw2_team_14__rosidl_typesupport_fastrtps_cpp.so
[17.237s] -- Up-to-date: /home/czg22/comp0250_s26_labs/install/cw2_team_14/include/cw2_team_14/cw2_team_14
[17.237s] -- Up-to-date: /home/czg22/comp0250_s26_labs/install/cw2_team_14/include/cw2_team_14/cw2_team_14/srv
[17.237s] -- Up-to-date: /home/czg22/comp0250_s26_labs/install/cw2_team_14/include/cw2_team_14/cw2_team_14/srv/detail
[17.237s] -- Up-to-date: /home/czg22/comp0250_s26_labs/install/cw2_team_14/include/cw2_team_14/cw2_team_14/srv/detail/example__type_support.cpp
[17.237s] -- Up-to-date: /home/czg22/comp0250_s26_labs/install/cw2_team_14/include/cw2_team_14/cw2_team_14/srv/detail/example__rosidl_typesupport_introspection_cpp.hpp
[17.237s] -- Up-to-date: /home/czg22/comp0250_s26_labs/install/cw2_team_14/lib/libcw2_team_14__rosidl_typesupport_introspection_cpp.so
[17.237s] -- Up-to-date: /home/czg22/comp0250_s26_labs/install/cw2_team_14/lib/libcw2_team_14__rosidl_typesupport_cpp.so
[17.237s] -- Up-to-date: /home/czg22/comp0250_s26_labs/install/cw2_team_14/share/cw2_team_14/environment/pythonpath.sh
[17.237s] -- Up-to-date: /home/czg22/comp0250_s26_labs/install/cw2_team_14/share/cw2_team_14/environment/pythonpath.dsv
[17.237s] -- Up-to-date: /home/czg22/comp0250_s26_labs/install/cw2_team_14/local/lib/python3.10/dist-packages/cw2_team_14-0.1.0-py3.10.egg-info
[17.237s] -- Installing: /home/czg22/comp0250_s26_labs/install/cw2_team_14/local/lib/python3.10/dist-packages/cw2_team_14-0.1.0-py3.10.egg-info/SOURCES.txt
[17.237s] -- Installing: /home/czg22/comp0250_s26_labs/install/cw2_team_14/local/lib/python3.10/dist-packages/cw2_team_14-0.1.0-py3.10.egg-info/top_level.txt
[17.237s] -- Installing: /home/czg22/comp0250_s26_labs/install/cw2_team_14/local/lib/python3.10/dist-packages/cw2_team_14-0.1.0-py3.10.egg-info/PKG-INFO
[17.237s] -- Installing: /home/czg22/comp0250_s26_labs/install/cw2_team_14/local/lib/python3.10/dist-packages/cw2_team_14-0.1.0-py3.10.egg-info/dependency_links.txt
[17.237s] -- Up-to-date: /home/czg22/comp0250_s26_labs/install/cw2_team_14/local/lib/python3.10/dist-packages/cw2_team_14
[17.237s] -- Up-to-date: /home/czg22/comp0250_s26_labs/install/cw2_team_14/local/lib/python3.10/dist-packages/cw2_team_14/_cw2_team_14_s.ep.rosidl_typesupport_fastrtps_c.c
[17.237s] -- Up-to-date: /home/czg22/comp0250_s26_labs/install/cw2_team_14/local/lib/python3.10/dist-packages/cw2_team_14/srv
[17.237s] -- Up-to-date: /home/czg22/comp0250_s26_labs/install/cw2_team_14/local/lib/python3.10/dist-packages/cw2_team_14/srv/__init__.py
[17.237s] -- Up-to-date: /home/czg22/comp0250_s26_labs/install/cw2_team_14/local/lib/python3.10/dist-packages/cw2_team_14/srv/_example.py
[17.237s] -- Up-to-date: /home/czg22/comp0250_s26_labs/install/cw2_team_14/local/lib/python3.10/dist-packages/cw2_team_14/srv/_example_s.c
[17.237s] -- Up-to-date: /home/czg22/comp0250_s26_labs/install/cw2_team_14/local/lib/python3.10/dist-packages/cw2_team_14/__init__.py
[17.237s] -- Up-to-date: /home/czg22/comp0250_s26_labs/install/cw2_team_14/local/lib/python3.10/dist-packages/cw2_team_14/cw2_team_14_s__rosidl_typesupport_fastrtps_c.cpython-310-x86_64-linux-gnu.so
[17.237s] -- Up-to-date: /home/czg22/comp0250_s26_labs/install/cw2_team_14/local/lib/python3.10/dist-packages/cw2_team_14/libcw2_team_14__rosidl_generator_py.so
[17.237s] -- Up-to-date: /home/czg22/comp0250_s26_labs/install/cw2_team_14/local/lib/python3.10/dist-packages/cw2_team_14/_cw2_team_14_s.ep.rosidl_typesupport_c.c
[17.237s] -- Up-to-date: /home/czg22/comp0250_s26_labs/install/cw2_team_14/local/lib/python3.10/dist-packages/cw2_team_14/cw2_team_14_s__rosidl_typesupport_c.cpython-310-x86_64-linux-gnu.so
[17.237s] -- Up-to-date: /home/czg22/comp0250_s26_labs/install/cw2_team_14/local/lib/python3.10/dist-packages/cw2_team_14/_cw2_team_14_s.ep.rosidl_typesupport_introspection_c.c
[17.237s] -- Up-to-date: /home/czg22/comp0250_s26_labs/install/cw2_team_14/local/lib/python3.10/dist-packages/cw2_team_14/cw2_team_14_s__rosidl_typesupport_introspection_c.cpython-310-x86_64-linux-gnu.so
[17.264s] Listing '/home/czg22/comp0250_s26_labs/install/cw2_team_14/local/lib/python3.10/dist-packages/cw2_team_14'...
[17.264s] Listing '/home/czg22/comp0250_s26_labs/install/cw2_team_14/local/lib/python3.10/dist-packages/cw2_team_14/srv'...
[17.267s] -- Up-to-date: /home/czg22/comp0250_s26_labs/install/cw2_team_14/local/lib/python3.10/dist-packages/cw2_team_14/cw2_team_14_s__rosidl_typesupport_fastrtps_c.cpython-310-x86_64-linux-gnu.so
[17.268s] -- Up-to-date: /home/czg22/comp0250_s26_labs/install/cw2_team_14/local/lib/python3.10/dist-packages/cw2_team_14/cw2_team_14_s__rosidl_typesupport_introspection_c.cpython-310-x86_64-linux-gnu.so
[17.268s] -- Up-to-date: /home/czg22/comp0250_s26_labs/install/cw2_team_14/local/lib/python3.10/dist-packages/cw2_team_14/cw2_team_14_s__rosidl_typesupport_c.cpython-310-x86_64-linux-gnu.so
[17.268s] -- Up-to-date: /home/czg22/comp0250_s26_labs/install/cw2_team_14/lib/libcw2_team_14__rosidl_generator_py.so
[17.268s] -- Up-to-date: /home/czg22/comp0250_s26_labs/install/cw2_team_14/share/cw2_team_14/srv/Example.idl
[17.268s] -- Up-to-date: /home/czg22/comp0250_s26_labs/install/cw2_team_14/share/cw2_team_14/srv/Example.srv
[17.268s] -- Up-to-date: /home/czg22/comp0250_s26_labs/install/cw2_team_14/share/cw2_team_14/srv/Example_Request.msg
[17.269s] -- Up-to-date: /home/czg22/comp0250_s26_labs/install/cw2_team_14/share/cw2_team_14/srv/Example_Response.msg
[17.269s] -- Installing: /home/czg22/comp0250_s26_labs/install/cw2_team_14/lib/libcw2_team_14_cw2_class_lib.so
[17.287s] -- Set runtime path of "/home/czg22/comp0250_s26_labs/install/cw2_team_14/lib/libcw2_team_14_cw2_class_lib.so" to ""
[17.287s] -- Installing: /home/czg22/comp0250_s26_labs/install/cw2_team_14/lib/cw2_team_14/cw2_solution_node
[17.288s] -- Set runtime path of "/home/czg22/comp0250_s26_labs/install/cw2_team_14/lib/cw2_team_14/cw2_solution_node" to ""
[17.288s] -- Up-to-date: /home/czg22/comp0250_s26_labs/install/cw2_team_14/share/cw2_team_14/launch
[17.288s] -- Up-to-date: /home/czg22/comp0250_s26_labs/install/cw2_team_14/share/cw2_team_14/launch/run_solution.launch.py
[17.288s] -- Up-to-date: /home/czg22/comp0250_s26_labs/install/cw2_team_14/share/ament_index/resource_index/package_run_dependencies/cw2_team_14
[17.289s] -- Up-to-date: /home/czg22/comp0250_s26_labs/install/cw2_team_14/share/ament_index/resource_index/parent_prefix_path/cw2_team_14
[17.289s] -- Up-to-date: /home/czg22/comp0250_s26_labs/install/cw2_team_14/share/cw2_team_14/environment/ament_prefix_path.sh
[17.289s] -- Up-to-date: /home/czg22/comp0250_s26_labs/install/cw2_team_14/share/cw2_team_14/environment/ament_prefix_path.dsv
[17.289s] -- Up-to-date: /home/czg22/comp0250_s26_labs/install/cw2_team_14/share/cw2_team_14/environment/path.sh
[17.289s] -- Up-to-date: /home/czg22/comp0250_s26_labs/install/cw2_team_14/share/cw2_team_14/environment/path.dsv
[17.289s] -- Up-to-date: /home/czg22/comp0250_s26_labs/install/cw2_team_14/share/cw2_team_14/local_setup.bash
[17.289s] -- Up-to-date: /home/czg22/comp0250_s26_labs/install/cw2_team_14/share/cw2_team_14/local_setup.sh
[17.289s] -- Up-to-date: /home/czg22/comp0250_s26_labs/install/cw2_team_14/share/cw2_team_14/local_setup.zsh
[17.289s] -- Up-to-date: /home/czg22/comp0250_s26_labs/install/cw2_team_14/share/cw2_team_14/local_setup.dsv
[17.289s] -- Installing: /home/czg22/comp0250_s26_labs/install/cw2_team_14/share/cw2_team_14/package.dsv
[17.289s] -- Up-to-date: /home/czg22/comp0250_s26_labs/install/cw2_team_14/share/ament_index/resource_index/packages/cw2_team_14
[17.290s] -- Up-to-date: /home/czg22/comp0250_s26_labs/install/cw2_team_14/share/cw2_team_14/cmake/export_cw2_team_14__rosidl_generator_cExport.cmake
[17.290s] -- Up-to-date: /home/czg22/comp0250_s26_labs/install/cw2_team_14/share/cw2_team_14/cmake/export_cw2_team_14__rosidl_generator_cExport-noconfig.cmake
[17.290s] -- Up-to-date: /home/czg22/comp0250_s26_labs/install/cw2_team_14/share/cw2_team_14/cmake/export_cw2_team_14__rosidl_typesupport_fastrtps_cExport.cmake
[17.290s] -- Up-to-date: /home/czg22/comp0250_s26_labs/install/cw2_team_14/share/cw2_team_14/cmake/export_cw2_team_14__rosidl_typesupport_fastrtps_cExport-noconfig.cmake
[17.290s] -- Up-to-date: /home/czg22/comp0250_s26_labs/install/cw2_team_14/share/cw2_team_14/cmake/cw2_team_14__rosidl_typesupport_introspection_cExport.cmake
[17.290s] -- Up-to-date: /home/czg22/comp0250_s26_labs/install/cw2_team_14/share/cw2_team_14/cmake/cw2_team_14__rosidl_typesupport_introspection_cExport-noconfig.cmake
[17.291s] -- Up-to-date: /home/czg22/comp0250_s26_labs/install/cw2_team_14/share/cw2_team_14/cmake/cw2_team_14__rosidl_typesupport_cExport.cmake
[17.291s] -- Up-to-date: /home/czg22/comp0250_s26_labs/install/cw2_team_14/share/cw2_team_14/cmake/cw2_team_14__rosidl_typesupport_cExport-noconfig.cmake
[17.291s] -- Up-to-date: /home/czg22/comp0250_s26_labs/install/cw2_team_14/share/cw2_team_14/cmake/export_cw2_team_14__rosidl_generator_cppExport.cmake
[17.291s] -- Up-to-date: /home/czg22/comp0250_s26_labs/install/cw2_team_14/share/cw2_team_14/cmake/export_cw2_team_14__rosidl_typesupport_fastrtps_cppExport.cmake
[17.291s] -- Up-to-date: /home/czg22/comp0250_s26_labs/install/cw2_team_14/share/cw2_team_14/cmake/export_cw2_team_14__rosidl_typesupport_fastrtps_cppExport-noconfig.cmake
[17.291s] -- Up-to-date: /home/czg22/comp0250_s26_labs/install/cw2_team_14/share/cw2_team_14/cmake/cw2_team_14__rosidl_typesupport_introspection_cppExport.cmake
[17.291s] -- Up-to-date: /home/czg22/comp0250_s26_labs/install/cw2_team_14/share/cw2_team_14/cmake/cw2_team_14__rosidl_typesupport_introspection_cppExport-noconfig.cmake
[17.291s] -- Up-to-date: /home/czg22/comp0250_s26_labs/install/cw2_team_14/share/cw2_team_14/cmake/cw2_team_14__rosidl_typesupport_cppExport.cmake
[17.291s] -- Up-to-date: /home/czg22/comp0250_s26_labs/install/cw2_team_14/share/cw2_team_14/cmake/cw2_team_14__rosidl_typesupport_cppExport-noconfig.cmake
[17.291s] -- Up-to-date: /home/czg22/comp0250_s26_labs/install/cw2_team_14/share/cw2_team_14/cmake/export_cw2_team_14__rosidl_generator_pyExport.cmake
[17.292s] -- Up-to-date: /home/czg22/comp0250_s26_labs/install/cw2_team_14/share/cw2_team_14/cmake/export_cw2_team_14__rosidl_generator_pyExport-noconfig.cmake
[17.292s] -- Up-to-date: /home/czg22/comp0250_s26_labs/install/cw2_team_14/share/cw2_team_14/cmake/rosidl_cmake-extras.cmake
[17.292s] -- Up-to-date: /home/czg22/comp0250_s26_labs/install/cw2_team_14/share/cw2_team_14/cmake/ament_cmake_export_dependencies-extras.cmake
[17.292s] -- Up-to-date: /home/czg22/comp0250_s26_labs/install/cw2_team_14/share/cw2_team_14/cmake/ament_cmake_export_include_directories-extras.cmake
[17.292s] -- Up-to-date: /home/czg22/comp0250_s26_labs/install/cw2_team_14/share/cw2_team_14/cmake/ament_cmake_export_libraries-extras.cmake
[17.292s] -- Up-to-date: /home/czg22/comp0250_s26_labs/install/cw2_team_14/share/cw2_team_14/cmake/ament_cmake_export_targets-extras.cmake
[17.292s] -- Up-to-date: /home/czg22/comp0250_s26_labs/install/cw2_team_14/share/cw2_team_14/cmake/rosidl_cmake_export_typesupport_targets-extras.cmake
[17.292s] -- Up-to-date: /home/czg22/comp0250_s26_labs/install/cw2_team_14/share/cw2_team_14/cmake/rosidl_cmake_export_typesupport_libraries-extras.cmake
[17.292s] -- Up-to-date: /home/czg22/comp0250_s26_labs/install/cw2_team_14/share/cw2_team_14/cmake/cw2_team_14Config.cmake
[17.292s] -- Up-to-date: /home/czg22/comp0250_s26_labs/install/cw2_team_14/share/cw2_team_14/cmake/cw2_team_14Config-version.cmake
[17.292s] -- Up-to-date: /home/czg22/comp0250_s26_labs/install/cw2_team_14/share/cw2_team_14/package.xml
[17.294s] Invoked command in '/home/czg22/comp0250_s26_labs/build/cw2_team_14' returned '0': CMAKE_PREFIX_PATH=/home/czg22/comp0250_s26_labs/install/cw2_world_spawner:/home/czg22/comp0250_s26_labs/install/rpl_panda_with_rs:/home/czg22/comp0250_s26_labs/install/realsense_gazebo_plugin:/home/czg22/comp0250_s26_labs/install/perception_pipeline_humble_demo:/home/czg22/comp0250_s26_labs/install/pcl_tutorial:/home/czg22/comp0250_s26_labs/install/pcl_demo:/home/czg22/comp0250_s26_labs/install/panda_moveit_config:/home/czg22/comp0250_s26_labs/install/panda_description:/home/czg22/comp0250_s26_labs/install/cw2_team_14:/home/czg22/comp0250_s26_labs/install/cw1_team_x:/home/czg22/comp0250_s26_labs/install/cw1_team_14:/home/czg22/comp0250_s26_labs/install/cw1_world_spawner:/home/czg22/ws_moveit2/install/pilz_industrial_motion_planner_testutils:/home/czg22/ws_moveit2/install/moveit_runtime:/home/czg22/ws_moveit2/install/moveit2_tutorials:/home/czg22/ws_moveit2/install/moveit:/home/czg22/ws_moveit2/install/moveit_planners:/home/czg22/ws_moveit2/install/pilz_industrial_motion_planner:/home/czg22/ws_moveit2/install/mtc_tutorial:/home/czg22/ws_moveit2/install/moveit_visual_tools:/home/czg22/ws_moveit2/install/moveit_task_constructor_visualization:/home/czg22/ws_moveit2/install/moveit_task_constructor_demo:/home/czg22/ws_moveit2/install/moveit_task_constructor_capabilities:/home/czg22/ws_moveit2/install/moveit_task_constructor_core:/home/czg22/ws_moveit2/install/moveit_ros_control_interface:/home/czg22/ws_moveit2/install/moveit_plugins:/home/czg22/ws_moveit2/install/moveit_simple_controller_manager:/home/czg22/ws_moveit2/install/moveit_setup_assistant:/home/czg22/ws_moveit2/install/moveit_setup_srdf_plugins:/home/czg22/ws_moveit2/install/moveit_setup_core_plugins:/home/czg22/ws_moveit2/install/moveit_setup_controllers:/home/czg22/ws_moveit2/install/moveit_setup_app_plugins:/home/czg22/ws_moveit2/install/moveit_setup_framework:/home/czg22/ws_moveit2/install/moveit_servo:/home/czg22/ws_moveit2/install/moveit_ros:/home/czg22/ws_moveit2/install/moveit_ros_visualization:/home/czg22/ws_moveit2/install/moveit_py:/home/czg22/ws_moveit2/install/moveit_hybrid_planning:/home/czg22/ws_moveit2/install/moveit_ros_planning_interface:/home/czg22/ws_moveit2/install/moveit_ros_benchmarks:/home/czg22/ws_moveit2/install/moveit_ros_warehouse:/home/czg22/ws_moveit2/install/moveit_ros_robot_interaction:/home/czg22/ws_moveit2/install/moveit_ros_perception:/home/czg22/ws_moveit2/install/moveit_resources_prbt_pg70_support:/home/czg22/ws_moveit2/install/moveit_resources_prbt_moveit_config:/home/czg22/ws_moveit2/install/moveit_ros_move_group:/home/czg22/ws_moveit2/install/moveit_planners_ompl:/home/czg22/ws_moveit2/install/moveit_ros_planning:/home/czg22/ws_moveit2/install/moveit_ros_occupancy_map_monitor:/home/czg22/ws_moveit2/install/moveit_resources_prbt_ikfast_manipulator_plugin:/home/czg22/ws_moveit2/install/moveit_planners_chomp:/home/czg22/ws_moveit2/install/moveit_kinematics:/home/czg22/ws_moveit2/install/moveit_chomp_optimizer_adapter:/home/czg22/ws_moveit2/install/chomp_motion_planner:/home/czg22/ws_moveit2/install/moveit_core:/home/czg22/ws_moveit2/install/srdfdom:/home/czg22/ws_moveit2/install/rviz_marker_tools:/home/czg22/ws_moveit2/install/rosparam_shortcuts:/home/czg22/ws_moveit2/install/moveit_task_constructor_msgs:/home/czg22/ws_moveit2/install/moveit_resources_prbt_support:/home/czg22/ws_moveit2/install/moveit_resources:/home/czg22/ws_moveit2/install/moveit_resources_pr2_description:/home/czg22/ws_moveit2/install/moveit_resources_panda_moveit_config:/home/czg22/ws_moveit2/install/moveit_resources_panda_description:/home/czg22/ws_moveit2/install/moveit_resources_fanuc_moveit_config:/home/czg22/ws_moveit2/install/moveit_resources_fanuc_description:/home/czg22/ws_moveit2/install/moveit_common:/home/czg22/ws_moveit2/install/moveit_configs_utils:/home/czg22/ws_moveit2/install/launch_param_builder:/opt/ros/humble LD_LIBRARY_PATH=/home/czg22/comp0250_s26_labs/install/cw2_world_spawner/lib:/home/czg22/comp0250_s26_labs/install/realsense_gazebo_plugin/lib:/home/czg22/comp0250_s26_labs/install/cw2_team_14/lib:/home/czg22/comp0250_s26_labs/install/cw1_team_x/lib:/home/czg22/comp0250_s26_labs/install/cw1_team_14/lib:/home/czg22/comp0250_s26_labs/install/cw1_world_spawner/lib:/home/czg22/ws_moveit2/install/pilz_industrial_motion_planner_testutils/lib:/home/czg22/ws_moveit2/install/pilz_industrial_motion_planner/lib:/home/czg22/ws_moveit2/install/moveit_visual_tools/lib:/home/czg22/ws_moveit2/install/moveit_task_constructor_visualization/lib:/home/czg22/ws_moveit2/install/moveit_task_constructor_demo/lib:/home/czg22/ws_moveit2/install/moveit_task_constructor_capabilities/lib:/home/czg22/ws_moveit2/install/moveit_task_constructor_core/lib:/home/czg22/ws_moveit2/install/moveit_ros_control_interface/lib:/home/czg22/ws_moveit2/install/moveit_simple_controller_manager/lib:/home/czg22/ws_moveit2/install/moveit_setup_assistant/lib:/home/czg22/ws_moveit2/install/moveit_setup_srdf_plugins/lib:/home/czg22/ws_moveit2/install/moveit_setup_core_plugins/lib:/home/czg22/ws_moveit2/install/moveit_setup_controllers/lib:/home/czg22/ws_moveit2/install/moveit_setup_app_plugins/lib:/home/czg22/ws_moveit2/install/moveit_setup_framework/lib:/home/czg22/ws_moveit2/install/moveit_servo/lib:/home/czg22/ws_moveit2/install/moveit_ros_visualization/lib:/home/czg22/ws_moveit2/install/moveit_py/lib:/home/czg22/ws_moveit2/install/moveit_hybrid_planning/lib:/home/czg22/ws_moveit2/install/moveit_ros_planning_interface/lib:/home/czg22/ws_moveit2/install/moveit_ros_benchmarks/lib:/home/czg22/ws_moveit2/install/moveit_ros_warehouse/lib:/home/czg22/ws_moveit2/install/moveit_ros_robot_interaction/lib:/home/czg22/ws_moveit2/install/moveit_ros_perception/lib:/home/czg22/ws_moveit2/install/moveit_ros_move_group/lib:/home/czg22/ws_moveit2/install/moveit_planners_ompl/lib:/home/czg22/ws_moveit2/install/moveit_ros_planning/lib:/home/czg22/ws_moveit2/install/moveit_ros_occupancy_map_monitor/lib:/home/czg22/ws_moveit2/install/moveit_resources_prbt_ikfast_manipulator_plugin/lib:/home/czg22/ws_moveit2/install/moveit_planners_chomp/lib:/home/czg22/ws_moveit2/install/moveit_kinematics/lib:/home/czg22/ws_moveit2/install/moveit_chomp_optimizer_adapter/lib:/home/czg22/ws_moveit2/install/chomp_motion_planner/lib:/home/czg22/ws_moveit2/install/moveit_core/lib:/home/czg22/ws_moveit2/install/srdfdom/lib:/home/czg22/ws_moveit2/install/rviz_marker_tools/lib:/home/czg22/ws_moveit2/install/rosparam_shortcuts/lib:/home/czg22/ws_moveit2/install/moveit_task_constructor_msgs/lib:/usr/lib/x86_64-linux-gnu/gazebo-11/plugins:/opt/ros/humble/opt/rviz_ogre_vendor/lib:/opt/ros/humble/lib/x86_64-linux-gnu:/opt/ros/humble/lib /usr/bin/cmake --install /home/czg22/comp0250_s26_labs/build/cw2_team_14
