[0.003s] Invoking command in '/home/bizare/Desktop/cw2_team_14/build/realsense_gazebo_plugin': CMAKE_PREFIX_PATH=/opt/ros/humble /usr/bin/cmake /home/bizare/Desktop/cw2_team_14/src/courseworks/realsense_gazebo_plugin -DCMAKE_INSTALL_PREFIX=/home/bizare/Desktop/cw2_team_14/install/realsense_gazebo_plugin
[0.086s] -- The C compiler identification is GNU 11.4.0
[0.156s] -- The CXX compiler identification is GNU 11.4.0
[0.169s] -- Detecting C compiler ABI info
[0.269s] -- Detecting C compiler ABI info - done
[0.275s] -- Check for working C compiler: /usr/bin/cc - skipped
[0.276s] -- Detecting C compile features
[0.276s] -- Detecting C compile features - done
[0.281s] -- Detecting CXX compiler ABI info
[0.351s] -- Detecting CXX compiler ABI info - done
[0.362s] -- Check for working CXX compiler: /usr/bin/c++ - skipped
[0.362s] -- Detecting CXX compile features
[0.362s] -- Detecting CXX compile features - done
[0.363s] -- Found ament_cmake: 1.3.12 (/opt/ros/humble/share/ament_cmake/cmake)
[0.503s] -- Found Python3: /usr/bin/python3 (found version "3.10.12") found components: Interpreter 
[0.576s] -- Found rclcpp: 16.0.17 (/opt/ros/humble/share/rclcpp/cmake)
[0.614s] -- Found rosidl_generator_c: 3.1.8 (/opt/ros/humble/share/rosidl_generator_c/cmake)
[0.618s] -- Found rosidl_adapter: 3.1.8 (/opt/ros/humble/share/rosidl_adapter/cmake)
[0.624s] -- Found rosidl_generator_cpp: 3.1.8 (/opt/ros/humble/share/rosidl_generator_cpp/cmake)
[0.634s] -- Using all available rosidl_typesupport_c: rosidl_typesupport_fastrtps_c;rosidl_typesupport_introspection_c
[0.648s] -- Using all available rosidl_typesupport_cpp: rosidl_typesupport_fastrtps_cpp;rosidl_typesupport_introspection_cpp
[0.717s] -- Found rmw_implementation_cmake: 6.1.2 (/opt/ros/humble/share/rmw_implementation_cmake/cmake)
[0.725s] -- Found rmw_fastrtps_cpp: 6.2.9 (/opt/ros/humble/share/rmw_fastrtps_cpp/cmake)
[0.834s] -- Found OpenSSL: /usr/lib/x86_64-linux-gnu/libcrypto.so (found version "3.0.2")  
[0.856s] -- Found FastRTPS: /opt/ros/humble/include  
[0.912s] -- Using RMW implementation 'rmw_fastrtps_cpp' as default
[0.925s] -- Looking for pthread.h
[1.011s] -- Looking for pthread.h - found
[1.011s] -- Performing Test CMAKE_HAVE_LIBC_PTHREAD
[1.110s] -- Performing Test CMAKE_HAVE_LIBC_PTHREAD - Success
[1.110s] -- Found Threads: TRUE  
[1.199s] -- Found gazebo_ros: 3.9.0 (/opt/ros/humble/share/gazebo_ros/cmake)
[1.209s] -- Found PkgConfig: /usr/bin/pkg-config (found version "0.29.2") 
[1.211s] -- Checking for module 'bullet>=2.82'
[1.223s] --   Found bullet, version 3.05
[1.326s] -- Found fcl: /usr/include (found suitable version "0.7.0", minimum required is "0.5.0") 
[1.402s] -- Found assimp: /usr/include (found version "5.2.0") 
[1.442s] -- Found DART: /usr/include (Required is at least version "6.6") found components: dart 
[1.493s] -- Found Boost: /usr/lib/x86_64-linux-gnu/cmake/Boost-1.74.0/BoostConfig.cmake (found suitable version "1.74.0", minimum required is "1.40.0") found components: thread system filesystem program_options regex iostreams date_time 
[1.526s] -- Found Protobuf: /usr/lib/x86_64-linux-gnu/libprotobuf.so (found version "3.12.4") 
[1.536s] -- Looking for ignition-math6 -- found version 6.15.1
[1.547s] -- Searching for dependencies of ignition-math6
[1.551s] -- Looking for OGRE...
[1.552s] -- OGRE_PREFIX_WATCH changed.
[1.558s] -- Checking for module 'OGRE'
[1.568s] --   Found OGRE, version 1.9.0
[1.592s] -- Found Ogre Ghadamon (1.9.0)
[1.604s] -- Found OGRE: optimized;/usr/lib/x86_64-linux-gnu/libOgreMain.so;debug;/usr/lib/x86_64-linux-gnu/libOgreMain.so
[1.624s] -- Looking for OGRE_Paging...
[1.632s] -- Found OGRE_Paging: optimized;/usr/lib/x86_64-linux-gnu/libOgrePaging.so;debug;/usr/lib/x86_64-linux-gnu/libOgrePaging.so
[1.632s] -- Looking for OGRE_Terrain...
[1.640s] -- Found OGRE_Terrain: optimized;/usr/lib/x86_64-linux-gnu/libOgreTerrain.so;debug;/usr/lib/x86_64-linux-gnu/libOgreTerrain.so
[1.640s] -- Looking for OGRE_Property...
[1.647s] -- Found OGRE_Property: optimized;/usr/lib/x86_64-linux-gnu/libOgreProperty.so;debug;/usr/lib/x86_64-linux-gnu/libOgreProperty.so
[1.647s] -- Looking for OGRE_RTShaderSystem...
[1.655s] -- Found OGRE_RTShaderSystem: optimized;/usr/lib/x86_64-linux-gnu/libOgreRTShaderSystem.so;debug;/usr/lib/x86_64-linux-gnu/libOgreRTShaderSystem.so
[1.655s] -- Looking for OGRE_Volume...
[1.663s] -- Found OGRE_Volume: optimized;/usr/lib/x86_64-linux-gnu/libOgreVolume.so;debug;/usr/lib/x86_64-linux-gnu/libOgreVolume.so
[1.664s] -- Looking for OGRE_Overlay...
[1.672s] -- Found OGRE_Overlay: optimized;/usr/lib/x86_64-linux-gnu/libOgreOverlay.so;debug;/usr/lib/x86_64-linux-gnu/libOgreOverlay.so
[1.889s] -- Looking for ignition-math6 -- found version 6.15.1
[1.904s] -- Looking for ignition-transport8 -- found version 8.2.1
[1.905s] -- Searching for dependencies of ignition-transport8
[1.951s] -- Found Protobuf: /usr/lib/x86_64-linux-gnu/libprotobuf.so (found suitable version "3.12.4", minimum required is "3") 
[1.961s] -- Config-file not installed for ZeroMQ -- checking for pkg-config
[1.973s] -- Checking for module 'libzmq >= 4'
[2.014s] --   Found libzmq , version 4.3.4
[2.112s] -- Found ZeroMQ: TRUE (Required is at least version "4") 
[2.128s] -- Checking for module 'uuid'
[2.165s] --   Found uuid, version 2.37.2
[2.263s] -- Found UUID: TRUE  
[2.271s] -- Looking for ignition-msgs5 -- found version 5.8.1
[2.274s] -- Searching for dependencies of ignition-msgs5
[2.330s] -- Looking for ignition-math6 -- found version 6.15.1
[2.345s] -- Checking for module 'tinyxml2'
[2.378s] --   Found tinyxml2, version 9.0.0
[2.433s] -- Looking for ignition-msgs5 -- found version 5.8.1
[2.436s] -- Looking for ignition-common3 -- found version 3.14.0
[2.436s] -- Searching for dependencies of ignition-common3
[2.436s] -- Looking for dlfcn.h - found
[2.439s] -- Looking for libdl - found
[2.440s] -- Found DL: TRUE  
[2.460s] -- Found tinyobjloader: /usr/lib/x86_64-linux-gnu/cmake/tinyobjloader/tinyobjloader-config.cmake (found version "2.0.0") 
[2.461s] -- Searching for <ignition-common3> component [graphics]
[2.465s] -- Looking for ignition-common3-graphics -- found version 3.14.0
[2.465s] -- Searching for dependencies of ignition-common3-graphics
[2.466s] -- Looking for ignition-math6 -- found version 6.15.1
[2.474s] -- Looking for ignition-fuel_tools4 -- found version 4.4.0
[2.476s] -- Searching for dependencies of ignition-fuel_tools4
[2.661s] -- Found CURL: /usr/lib/x86_64-linux-gnu/libcurl.so (found version "7.81.0")  
[2.690s] -- Checking for module 'jsoncpp'
[2.736s] --   Found jsoncpp, version 1.9.5
[2.851s] -- Found JSONCPP: TRUE  
[2.869s] -- Checking for module 'libzip'
[2.919s] --   Found libzip, version 1.7.3
[3.029s] -- Found ZIP: TRUE  
[3.030s] -- Looking for ignition-common3 -- found version 3.14.0
[3.031s] -- Looking for ignition-math6 -- found version 6.15.1
[3.039s] -- Looking for ignition-msgs5 -- found version 5.8.1
[3.049s] -- Gazebo version: 11.10
[3.049s] -- Checking for module 'tbb'
[3.082s] --   Found tbb, version 2021.5.0
[3.163s] -- Found image_transport: 3.1.12 (/opt/ros/humble/share/image_transport/cmake)
[3.319s] -- Found point_cloud_transport: 1.0.21 (/opt/ros/humble/share/point_cloud_transport/cmake)
[3.331s] -- Found camera_info_manager: 3.1.12 (/opt/ros/humble/share/camera_info_manager/cmake)
[3.378s] -- Found ament_lint_auto: 0.12.14 (/opt/ros/humble/share/ament_lint_auto/cmake)
[3.672s] -- Configuring done
[3.753s] -- Generating done
[3.768s] -- Build files have been written to: /home/bizare/Desktop/cw2_team_14/build/realsense_gazebo_plugin
[3.797s] Invoked command in '/home/bizare/Desktop/cw2_team_14/build/realsense_gazebo_plugin' returned '0': CMAKE_PREFIX_PATH=/opt/ros/humble /usr/bin/cmake /home/bizare/Desktop/cw2_team_14/src/courseworks/realsense_gazebo_plugin -DCMAKE_INSTALL_PREFIX=/home/bizare/Desktop/cw2_team_14/install/realsense_gazebo_plugin
[3.797s] Invoking command in '/home/bizare/Desktop/cw2_team_14/build/realsense_gazebo_plugin': CMAKE_PREFIX_PATH=/opt/ros/humble /usr/bin/cmake --build /home/bizare/Desktop/cw2_team_14/build/realsense_gazebo_plugin -- -j2 -l2
[3.924s] [ 33%] [32mBuilding CXX object CMakeFiles/realsense_gazebo_plugin.dir/src/RealSensePlugin.cpp.o[0m
[3.924s] [ 66%] [32mBuilding CXX object CMakeFiles/realsense_gazebo_plugin.dir/src/gazebo_ros_realsense.cpp.o[0m
[60.825s] [100%] [32m[1mLinking CXX shared library librealsense_gazebo_plugin.so[0m
[61.591s] [100%] Built target realsense_gazebo_plugin
[61.618s] Invoked command in '/home/bizare/Desktop/cw2_team_14/build/realsense_gazebo_plugin' returned '0': CMAKE_PREFIX_PATH=/opt/ros/humble /usr/bin/cmake --build /home/bizare/Desktop/cw2_team_14/build/realsense_gazebo_plugin -- -j2 -l2
[61.629s] Invoking command in '/home/bizare/Desktop/cw2_team_14/build/realsense_gazebo_plugin': CMAKE_PREFIX_PATH=/opt/ros/humble /usr/bin/cmake --install /home/bizare/Desktop/cw2_team_14/build/realsense_gazebo_plugin
[61.634s] -- Install configuration: ""
[61.634s] -- Installing: /home/bizare/Desktop/cw2_team_14/install/realsense_gazebo_plugin/lib/librealsense_gazebo_plugin.so
[61.637s] -- Set runtime path of "/home/bizare/Desktop/cw2_team_14/install/realsense_gazebo_plugin/lib/librealsense_gazebo_plugin.so" to ""
[61.637s] -- Installing: /home/bizare/Desktop/cw2_team_14/install/realsense_gazebo_plugin/include/
[61.638s] -- Installing: /home/bizare/Desktop/cw2_team_14/install/realsense_gazebo_plugin/include//realsense_gazebo_plugin
[61.639s] -- Installing: /home/bizare/Desktop/cw2_team_14/install/realsense_gazebo_plugin/include//realsense_gazebo_plugin/gazebo_ros_realsense.hpp
[61.640s] -- Installing: /home/bizare/Desktop/cw2_team_14/install/realsense_gazebo_plugin/include//realsense_gazebo_plugin/RealSensePlugin.hpp
[61.640s] -- Installing: /home/bizare/Desktop/cw2_team_14/install/realsense_gazebo_plugin/share/realsense_gazebo_plugin/models
[61.641s] -- Installing: /home/bizare/Desktop/cw2_team_14/install/realsense_gazebo_plugin/share/realsense_gazebo_plugin/models/realsense_camera
[61.642s] -- Installing: /home/bizare/Desktop/cw2_team_14/install/realsense_gazebo_plugin/share/realsense_gazebo_plugin/models/realsense_camera/model.config
[61.642s] -- Installing: /home/bizare/Desktop/cw2_team_14/install/realsense_gazebo_plugin/share/realsense_gazebo_plugin/models/realsense_camera/model.sdf
[61.643s] -- Installing: /home/bizare/Desktop/cw2_team_14/install/realsense_gazebo_plugin/share/realsense_gazebo_plugin/models/realsense_camera/meshes
[61.643s] -- Installing: /home/bizare/Desktop/cw2_team_14/install/realsense_gazebo_plugin/share/realsense_gazebo_plugin/models/realsense_camera/meshes/realsense.dae
[61.645s] -- Installing: /home/bizare/Desktop/cw2_team_14/install/realsense_gazebo_plugin/share/realsense_gazebo_plugin/models/realsense_camera/materials
[61.645s] -- Installing: /home/bizare/Desktop/cw2_team_14/install/realsense_gazebo_plugin/share/realsense_gazebo_plugin/models/realsense_camera/materials/textures
[61.646s] -- Installing: /home/bizare/Desktop/cw2_team_14/install/realsense_gazebo_plugin/share/realsense_gazebo_plugin/models/realsense_camera/materials/textures/realsense_diffuse.png
[61.646s] -- Installing: /home/bizare/Desktop/cw2_team_14/install/realsense_gazebo_plugin/share/realsense_gazebo_plugin/urdf
[61.647s] -- Installing: /home/bizare/Desktop/cw2_team_14/install/realsense_gazebo_plugin/share/realsense_gazebo_plugin/urdf/realsense-D435.macro.xacro
[61.647s] -- Installing: /home/bizare/Desktop/cw2_team_14/install/realsense_gazebo_plugin/share/realsense_gazebo_plugin/urdf/d435_simulation.xacro
[61.648s] -- Installing: /home/bizare/Desktop/cw2_team_14/install/realsense_gazebo_plugin/share/realsense_gazebo_plugin/urdf/multi_d435_simulation.xacro
[61.648s] -- Installing: /home/bizare/Desktop/cw2_team_14/install/realsense_gazebo_plugin/share/realsense_gazebo_plugin/worlds
[61.648s] -- Installing: /home/bizare/Desktop/cw2_team_14/install/realsense_gazebo_plugin/share/realsense_gazebo_plugin/worlds/realsense.world
[61.649s] -- Installing: /home/bizare/Desktop/cw2_team_14/install/realsense_gazebo_plugin/share/realsense_gazebo_plugin/environment/library_path.sh
[61.649s] -- Installing: /home/bizare/Desktop/cw2_team_14/install/realsense_gazebo_plugin/share/realsense_gazebo_plugin/environment/library_path.dsv
[61.650s] -- Installing: /home/bizare/Desktop/cw2_team_14/install/realsense_gazebo_plugin/share/ament_index/resource_index/package_run_dependencies/realsense_gazebo_plugin
[61.651s] -- Installing: /home/bizare/Desktop/cw2_team_14/install/realsense_gazebo_plugin/share/ament_index/resource_index/parent_prefix_path/realsense_gazebo_plugin
[61.651s] -- Installing: /home/bizare/Desktop/cw2_team_14/install/realsense_gazebo_plugin/share/realsense_gazebo_plugin/environment/ament_prefix_path.sh
[61.651s] -- Installing: /home/bizare/Desktop/cw2_team_14/install/realsense_gazebo_plugin/share/realsense_gazebo_plugin/environment/ament_prefix_path.dsv
[61.651s] -- Installing: /home/bizare/Desktop/cw2_team_14/install/realsense_gazebo_plugin/share/realsense_gazebo_plugin/environment/path.sh
[61.652s] -- Installing: /home/bizare/Desktop/cw2_team_14/install/realsense_gazebo_plugin/share/realsense_gazebo_plugin/environment/path.dsv
[61.652s] -- Installing: /home/bizare/Desktop/cw2_team_14/install/realsense_gazebo_plugin/share/realsense_gazebo_plugin/local_setup.bash
[61.652s] -- Installing: /home/bizare/Desktop/cw2_team_14/install/realsense_gazebo_plugin/share/realsense_gazebo_plugin/local_setup.sh
[61.652s] -- Installing: /home/bizare/Desktop/cw2_team_14/install/realsense_gazebo_plugin/share/realsense_gazebo_plugin/local_setup.zsh
[61.653s] -- Installing: /home/bizare/Desktop/cw2_team_14/install/realsense_gazebo_plugin/share/realsense_gazebo_plugin/local_setup.dsv
[61.653s] -- Installing: /home/bizare/Desktop/cw2_team_14/install/realsense_gazebo_plugin/share/realsense_gazebo_plugin/package.dsv
[61.653s] -- Installing: /home/bizare/Desktop/cw2_team_14/install/realsense_gazebo_plugin/share/ament_index/resource_index/packages/realsense_gazebo_plugin
[61.654s] -- Installing: /home/bizare/Desktop/cw2_team_14/install/realsense_gazebo_plugin/share/realsense_gazebo_plugin/cmake/ament_cmake_export_include_directories-extras.cmake
[61.654s] -- Installing: /home/bizare/Desktop/cw2_team_14/install/realsense_gazebo_plugin/share/realsense_gazebo_plugin/cmake/ament_cmake_export_libraries-extras.cmake
[61.655s] -- Installing: /home/bizare/Desktop/cw2_team_14/install/realsense_gazebo_plugin/share/realsense_gazebo_plugin/cmake/realsense_gazebo_pluginConfig.cmake
[61.655s] -- Installing: /home/bizare/Desktop/cw2_team_14/install/realsense_gazebo_plugin/share/realsense_gazebo_plugin/cmake/realsense_gazebo_pluginConfig-version.cmake
[61.655s] -- Installing: /home/bizare/Desktop/cw2_team_14/install/realsense_gazebo_plugin/share/realsense_gazebo_plugin/package.xml
[61.658s] Invoked command in '/home/bizare/Desktop/cw2_team_14/build/realsense_gazebo_plugin' returned '0': CMAKE_PREFIX_PATH=/opt/ros/humble /usr/bin/cmake --install /home/bizare/Desktop/cw2_team_14/build/realsense_gazebo_plugin
