[0.037s] Invoking command in '/home/czg22/comp0250_s26_labs/build/pcl_tutorial': CMAKE_PREFIX_PATH=${CMAKE_PREFIX_PATH}:/home/czg22/ws_moveit2/install/moveit_configs_utils:/home/czg22/ws_moveit2/install/launch_param_builder:/opt/ros/humble /usr/bin/cmake --build /home/czg22/comp0250_s26_labs/build/pcl_tutorial -- -j32 -l32
[0.100s] [35m[1mConsolidate compiler generated dependencies of target pcl_tutorial_node[0m
[0.146s] [100%] Built target pcl_tutorial_node
[0.185s] Invoked command in '/home/czg22/comp0250_s26_labs/build/pcl_tutorial' returned '0': CMAKE_PREFIX_PATH=${CMAKE_PREFIX_PATH}:/home/czg22/ws_moveit2/install/moveit_configs_utils:/home/czg22/ws_moveit2/install/launch_param_builder:/opt/ros/humble /usr/bin/cmake --build /home/czg22/comp0250_s26_labs/build/pcl_tutorial -- -j32 -l32
[0.187s] Invoking command in '/home/czg22/comp0250_s26_labs/build/pcl_tutorial': CMAKE_PREFIX_PATH=${CMAKE_PREFIX_PATH}:/home/czg22/ws_moveit2/install/moveit_configs_utils:/home/czg22/ws_moveit2/install/launch_param_builder:/opt/ros/humble /usr/bin/cmake --install /home/czg22/comp0250_s26_labs/build/pcl_tutorial
[0.201s] -- Install configuration: ""
[0.201s] -- Up-to-date: /home/czg22/comp0250_s26_labs/install/pcl_tutorial/lib/pcl_tutorial/pcl_tutorial_node
[0.202s] -- Up-to-date: /home/czg22/comp0250_s26_labs/install/pcl_tutorial/share/pcl_tutorial/launch
[0.202s] -- Up-to-date: /home/czg22/comp0250_s26_labs/install/pcl_tutorial/share/pcl_tutorial/launch/pcl_tutorial.launch.yaml
[0.202s] -- Up-to-date: /home/czg22/comp0250_s26_labs/install/pcl_tutorial/share/pcl_tutorial/launch/pcl_tutorial.launch.xml
[0.202s] -- Up-to-date: /home/czg22/comp0250_s26_labs/install/pcl_tutorial/share/pcl_tutorial/launch/pcl_tutorial.launch.py
[0.203s] -- Up-to-date: /home/czg22/comp0250_s26_labs/install/pcl_tutorial/share/pcl_tutorial/config
[0.203s] -- Up-to-date: /home/czg22/comp0250_s26_labs/install/pcl_tutorial/share/pcl_tutorial/config/pcl_tutorial.yaml
[0.203s] -- Up-to-date: /home/czg22/comp0250_s26_labs/install/pcl_tutorial/share/pcl_tutorial/rviz
[0.204s] -- Up-to-date: /home/czg22/comp0250_s26_labs/install/pcl_tutorial/share/pcl_tutorial/rviz/pcl_tutorial.rviz
[0.204s] -- Up-to-date: /home/czg22/comp0250_s26_labs/install/pcl_tutorial/share/ament_index/resource_index/package_run_dependencies/pcl_tutorial
[0.204s] -- Up-to-date: /home/czg22/comp0250_s26_labs/install/pcl_tutorial/share/ament_index/resource_index/parent_prefix_path/pcl_tutorial
[0.204s] -- Up-to-date: /home/czg22/comp0250_s26_labs/install/pcl_tutorial/share/pcl_tutorial/environment/ament_prefix_path.sh
[0.205s] -- Up-to-date: /home/czg22/comp0250_s26_labs/install/pcl_tutorial/share/pcl_tutorial/environment/ament_prefix_path.dsv
[0.205s] -- Up-to-date: /home/czg22/comp0250_s26_labs/install/pcl_tutorial/share/pcl_tutorial/environment/path.sh
[0.205s] -- Up-to-date: /home/czg22/comp0250_s26_labs/install/pcl_tutorial/share/pcl_tutorial/environment/path.dsv
[0.205s] -- Up-to-date: /home/czg22/comp0250_s26_labs/install/pcl_tutorial/share/pcl_tutorial/local_setup.bash
[0.205s] -- Up-to-date: /home/czg22/comp0250_s26_labs/install/pcl_tutorial/share/pcl_tutorial/local_setup.sh
[0.206s] -- Up-to-date: /home/czg22/comp0250_s26_labs/install/pcl_tutorial/share/pcl_tutorial/local_setup.zsh
[0.206s] -- Up-to-date: /home/czg22/comp0250_s26_labs/install/pcl_tutorial/share/pcl_tutorial/local_setup.dsv
[0.206s] -- Installing: /home/czg22/comp0250_s26_labs/install/pcl_tutorial/share/pcl_tutorial/package.dsv
[0.206s] -- Up-to-date: /home/czg22/comp0250_s26_labs/install/pcl_tutorial/share/ament_index/resource_index/packages/pcl_tutorial
[0.207s] -- Up-to-date: /home/czg22/comp0250_s26_labs/install/pcl_tutorial/share/pcl_tutorial/cmake/pcl_tutorialConfig.cmake
[0.207s] -- Up-to-date: /home/czg22/comp0250_s26_labs/install/pcl_tutorial/share/pcl_tutorial/cmake/pcl_tutorialConfig-version.cmake
[0.207s] -- Up-to-date: /home/czg22/comp0250_s26_labs/install/pcl_tutorial/share/pcl_tutorial/package.xml
[0.224s] Invoked command in '/home/czg22/comp0250_s26_labs/build/pcl_tutorial' returned '0': CMAKE_PREFIX_PATH=${CMAKE_PREFIX_PATH}:/home/czg22/ws_moveit2/install/moveit_configs_utils:/home/czg22/ws_moveit2/install/launch_param_builder:/opt/ros/humble /usr/bin/cmake --install /home/czg22/comp0250_s26_labs/build/pcl_tutorial
