[0.047s] Invoking command in '/home/czg22/comp0250_s26_labs/build/perception_pipeline_humble_demo': CMAKE_PREFIX_PATH=${CMAKE_PREFIX_PATH}:/home/czg22/ws_moveit2/install/moveit_configs_utils:/home/czg22/ws_moveit2/install/launch_param_builder:/opt/ros/humble /usr/bin/cmake /home/czg22/comp0250_s26_labs/src/labs/perception_pipeline_humble_demo -DCMAKE_INSTALL_PREFIX=/home/czg22/comp0250_s26_labs/install/perception_pipeline_humble_demo
[0.146s] -- The C compiler identification is GNU 11.4.0
[0.317s] -- The CXX compiler identification is GNU 11.4.0
[0.411s] -- Detecting C compiler ABI info
[0.538s] -- Detecting C compiler ABI info - done
[0.542s] -- Check for working C compiler: /usr/bin/cc - skipped
[0.543s] -- Detecting C compile features
[0.543s] -- Detecting C compile features - done
[0.545s] -- Detecting CXX compiler ABI info
[0.665s] -- Detecting CXX compiler ABI info - done
[0.670s] -- Check for working CXX compiler: /usr/bin/c++ - skipped
[0.670s] -- Detecting CXX compile features
[0.670s] -- Detecting CXX compile features - done
[0.678s] -- Found ament_cmake: 1.3.13 (/opt/ros/humble/share/ament_cmake/cmake)
[0.829s] -- Found Python3: /usr/bin/python3 (found version "3.10.12") found components: Interpreter 
[0.983s] -- Found ament_lint_auto: 0.12.15 (/opt/ros/humble/share/ament_lint_auto/cmake)
[1.087s] -- Added test 'flake8' to check Python code syntax and style conventions
[1.088s] -- Added test 'lint_cmake' to check CMake code style
[1.090s] -- Added test 'pep257' to check Python code against some of the docstring style conventions in PEP 257
[1.093s] -- Added test 'xmllint' to check XML markup files
[1.097s] -- Configuring done
[1.110s] -- Generating done
[1.113s] -- Build files have been written to: /home/czg22/comp0250_s26_labs/build/perception_pipeline_humble_demo
[1.130s] Invoked command in '/home/czg22/comp0250_s26_labs/build/perception_pipeline_humble_demo' returned '0': CMAKE_PREFIX_PATH=${CMAKE_PREFIX_PATH}:/home/czg22/ws_moveit2/install/moveit_configs_utils:/home/czg22/ws_moveit2/install/launch_param_builder:/opt/ros/humble /usr/bin/cmake /home/czg22/comp0250_s26_labs/src/labs/perception_pipeline_humble_demo -DCMAKE_INSTALL_PREFIX=/home/czg22/comp0250_s26_labs/install/perception_pipeline_humble_demo
[1.132s] Invoking command in '/home/czg22/comp0250_s26_labs/build/perception_pipeline_humble_demo': CMAKE_PREFIX_PATH=${CMAKE_PREFIX_PATH}:/home/czg22/ws_moveit2/install/moveit_configs_utils:/home/czg22/ws_moveit2/install/launch_param_builder:/opt/ros/humble /usr/bin/cmake --build /home/czg22/comp0250_s26_labs/build/perception_pipeline_humble_demo -- -j32 -l32
[1.192s] Invoked command in '/home/czg22/comp0250_s26_labs/build/perception_pipeline_humble_demo' returned '0': CMAKE_PREFIX_PATH=${CMAKE_PREFIX_PATH}:/home/czg22/ws_moveit2/install/moveit_configs_utils:/home/czg22/ws_moveit2/install/launch_param_builder:/opt/ros/humble /usr/bin/cmake --build /home/czg22/comp0250_s26_labs/build/perception_pipeline_humble_demo -- -j32 -l32
[1.194s] Invoking command in '/home/czg22/comp0250_s26_labs/build/perception_pipeline_humble_demo': CMAKE_PREFIX_PATH=${CMAKE_PREFIX_PATH}:/home/czg22/ws_moveit2/install/moveit_configs_utils:/home/czg22/ws_moveit2/install/launch_param_builder:/opt/ros/humble /usr/bin/cmake --install /home/czg22/comp0250_s26_labs/build/perception_pipeline_humble_demo
[1.205s] -- Install configuration: ""
[1.205s] -- Installing: /home/czg22/comp0250_s26_labs/install/perception_pipeline_humble_demo/share/perception_pipeline_humble_demo/launch
[1.207s] -- Installing: /home/czg22/comp0250_s26_labs/install/perception_pipeline_humble_demo/share/perception_pipeline_humble_demo/launch/depth_camera_environment.launch.py
[1.207s] -- Installing: /home/czg22/comp0250_s26_labs/install/perception_pipeline_humble_demo/share/perception_pipeline_humble_demo/launch/perception_pipeline_demo.launch.py
[1.207s] -- Installing: /home/czg22/comp0250_s26_labs/install/perception_pipeline_humble_demo/share/perception_pipeline_humble_demo/config
[1.207s] -- Installing: /home/czg22/comp0250_s26_labs/install/perception_pipeline_humble_demo/share/perception_pipeline_humble_demo/config/sensors_3d.yaml
[1.208s] -- Installing: /home/czg22/comp0250_s26_labs/install/perception_pipeline_humble_demo/share/perception_pipeline_humble_demo/config/sensors_3d_raw.yaml
[1.208s] -- Installing: /home/czg22/comp0250_s26_labs/install/perception_pipeline_humble_demo/share/perception_pipeline_humble_demo/urdf
[1.208s] -- Installing: /home/czg22/comp0250_s26_labs/install/perception_pipeline_humble_demo/share/perception_pipeline_humble_demo/urdf/realsense_d435
[1.208s] -- Installing: /home/czg22/comp0250_s26_labs/install/perception_pipeline_humble_demo/share/perception_pipeline_humble_demo/urdf/realsense_d435/macros.xacro
[1.209s] -- Installing: /home/czg22/comp0250_s26_labs/install/perception_pipeline_humble_demo/share/perception_pipeline_humble_demo/urdf/realsense_d435/camera.urdf.xacro
[1.209s] -- Installing: /home/czg22/comp0250_s26_labs/install/perception_pipeline_humble_demo/share/perception_pipeline_humble_demo/meshes
[1.209s] -- Installing: /home/czg22/comp0250_s26_labs/install/perception_pipeline_humble_demo/share/perception_pipeline_humble_demo/meshes/d435.dae
[1.230s] -- Installing: /home/czg22/comp0250_s26_labs/install/perception_pipeline_humble_demo/share/perception_pipeline_humble_demo/worlds
[1.231s] -- Installing: /home/czg22/comp0250_s26_labs/install/perception_pipeline_humble_demo/share/perception_pipeline_humble_demo/worlds/perception_pipeline_demo.world
[1.231s] -- Installing: /home/czg22/comp0250_s26_labs/install/perception_pipeline_humble_demo/share/perception_pipeline_humble_demo/rviz2
[1.231s] -- Installing: /home/czg22/comp0250_s26_labs/install/perception_pipeline_humble_demo/share/perception_pipeline_humble_demo/rviz2/depth_camera_environment.rviz
[1.231s] -- Installing: /home/czg22/comp0250_s26_labs/install/perception_pipeline_humble_demo/share/perception_pipeline_humble_demo/rviz2/perception_pipeline.rviz
[1.232s] -- Installing: /home/czg22/comp0250_s26_labs/install/perception_pipeline_humble_demo/lib/perception_pipeline_humble_demo/retime_pointclouds.py
[1.233s] -- Installing: /home/czg22/comp0250_s26_labs/install/perception_pipeline_humble_demo/share/ament_index/resource_index/package_run_dependencies/perception_pipeline_humble_demo
[1.234s] -- Installing: /home/czg22/comp0250_s26_labs/install/perception_pipeline_humble_demo/share/ament_index/resource_index/parent_prefix_path/perception_pipeline_humble_demo
[1.234s] -- Installing: /home/czg22/comp0250_s26_labs/install/perception_pipeline_humble_demo/share/perception_pipeline_humble_demo/environment/ament_prefix_path.sh
[1.234s] -- Installing: /home/czg22/comp0250_s26_labs/install/perception_pipeline_humble_demo/share/perception_pipeline_humble_demo/environment/ament_prefix_path.dsv
[1.235s] -- Installing: /home/czg22/comp0250_s26_labs/install/perception_pipeline_humble_demo/share/perception_pipeline_humble_demo/environment/path.sh
[1.235s] -- Installing: /home/czg22/comp0250_s26_labs/install/perception_pipeline_humble_demo/share/perception_pipeline_humble_demo/environment/path.dsv
[1.235s] -- Installing: /home/czg22/comp0250_s26_labs/install/perception_pipeline_humble_demo/share/perception_pipeline_humble_demo/local_setup.bash
[1.235s] -- Installing: /home/czg22/comp0250_s26_labs/install/perception_pipeline_humble_demo/share/perception_pipeline_humble_demo/local_setup.sh
[1.236s] -- Installing: /home/czg22/comp0250_s26_labs/install/perception_pipeline_humble_demo/share/perception_pipeline_humble_demo/local_setup.zsh
[1.236s] -- Installing: /home/czg22/comp0250_s26_labs/install/perception_pipeline_humble_demo/share/perception_pipeline_humble_demo/local_setup.dsv
[1.236s] -- Installing: /home/czg22/comp0250_s26_labs/install/perception_pipeline_humble_demo/share/perception_pipeline_humble_demo/package.dsv
[1.236s] -- Installing: /home/czg22/comp0250_s26_labs/install/perception_pipeline_humble_demo/share/ament_index/resource_index/packages/perception_pipeline_humble_demo
[1.237s] -- Installing: /home/czg22/comp0250_s26_labs/install/perception_pipeline_humble_demo/share/perception_pipeline_humble_demo/cmake/perception_pipeline_humble_demoConfig.cmake
[1.237s] -- Installing: /home/czg22/comp0250_s26_labs/install/perception_pipeline_humble_demo/share/perception_pipeline_humble_demo/cmake/perception_pipeline_humble_demoConfig-version.cmake
[1.237s] -- Installing: /home/czg22/comp0250_s26_labs/install/perception_pipeline_humble_demo/share/perception_pipeline_humble_demo/package.xml
[1.240s] Invoked command in '/home/czg22/comp0250_s26_labs/build/perception_pipeline_humble_demo' returned '0': CMAKE_PREFIX_PATH=${CMAKE_PREFIX_PATH}:/home/czg22/ws_moveit2/install/moveit_configs_utils:/home/czg22/ws_moveit2/install/launch_param_builder:/opt/ros/humble /usr/bin/cmake --install /home/czg22/comp0250_s26_labs/build/perception_pipeline_humble_demo
