[0.197s] DEBUG:colcon:Command line arguments: ['/usr/bin/colcon', 'build']
[0.197s] DEBUG:colcon:Parsed command line arguments: Namespace(log_base=None, log_level=None, verb_name='build', build_base='build', install_base='install', merge_install=False, symlink_install=False, test_result_base=None, continue_on_error=False, executor='parallel', parallel_workers=2, event_handlers=None, ignore_user_meta=False, metas=['./colcon.meta'], base_paths=['.'], packages_ignore=None, packages_ignore_regex=None, paths=None, packages_up_to=None, packages_up_to_regex=None, packages_above=None, packages_above_and_dependencies=None, packages_above_depth=None, packages_select_by_dep=None, packages_skip_by_dep=None, packages_skip_up_to=None, packages_select_build_failed=False, packages_skip_build_finished=False, packages_select_test_failures=False, packages_skip_test_passed=False, packages_select=None, packages_skip=None, packages_select_regex=None, packages_skip_regex=None, packages_start=None, packages_end=None, allow_overriding=[], cmake_args=None, cmake_target=None, cmake_target_skip_unavailable=False, cmake_clean_cache=False, cmake_clean_first=False, cmake_force_configure=False, ament_cmake_args=None, catkin_cmake_args=None, catkin_skip_building_tests=False, mixin_files=None, mixin=None, verb_parser=<colcon_mixin.mixin.mixin_argument.MixinArgumentDecorator object at 0x7c0e086de590>, verb_extension=<colcon_core.verb.build.BuildVerb object at 0x7c0e086de0b0>, main=<bound method BuildVerb.main of <colcon_core.verb.build.BuildVerb object at 0x7c0e086de0b0>>, mixin_verb=('build',))
[0.458s] Level 1:colcon.colcon_core.package_discovery:discover_packages(colcon_meta) check parameters
[0.458s] Level 1:colcon.colcon_core.package_discovery:discover_packages(recursive) check parameters
[0.459s] Level 1:colcon.colcon_core.package_discovery:discover_packages(ignore) check parameters
[0.459s] Level 1:colcon.colcon_core.package_discovery:discover_packages(path) check parameters
[0.459s] Level 1:colcon.colcon_core.package_discovery:discover_packages(colcon_meta) discover
[0.459s] Level 1:colcon.colcon_core.package_discovery:discover_packages(recursive) discover
[0.459s] INFO:colcon.colcon_core.package_discovery:Crawling recursively for packages in '/home/bizare/Desktop/cw2_team_14'
[0.459s] Level 1:colcon.colcon_core.package_identification:_identify(.) by extensions ['ignore', 'ignore_ament_install']
[0.459s] Level 1:colcon.colcon_core.package_identification:_identify(.) by extension 'ignore'
[0.460s] Level 1:colcon.colcon_core.package_identification:_identify(.) by extension 'ignore_ament_install'
[0.460s] Level 1:colcon.colcon_core.package_identification:_identify(.) by extensions ['colcon_pkg']
[0.460s] Level 1:colcon.colcon_core.package_identification:_identify(.) by extension 'colcon_pkg'
[0.460s] Level 1:colcon.colcon_core.package_identification:_identify(.) by extensions ['colcon_meta']
[0.460s] Level 1:colcon.colcon_core.package_identification:_identify(.) by extension 'colcon_meta'
[0.460s] Level 1:colcon.colcon_core.package_identification:_identify(.) by extensions ['ros']
[0.460s] Level 1:colcon.colcon_core.package_identification:_identify(.) by extension 'ros'
[0.502s] Level 1:colcon.colcon_core.package_identification:_identify(.) by extensions ['cmake', 'python']
[0.502s] Level 1:colcon.colcon_core.package_identification:_identify(.) by extension 'cmake'
[0.502s] Level 1:colcon.colcon_core.package_identification:_identify(.) by extension 'python'
[0.502s] Level 1:colcon.colcon_core.package_identification:_identify(.) by extensions ['python_setup_py']
[0.502s] Level 1:colcon.colcon_core.package_identification:_identify(.) by extension 'python_setup_py'
[0.502s] Level 1:colcon.colcon_core.package_identification:_identify(build) by extensions ['ignore', 'ignore_ament_install']
[0.502s] Level 1:colcon.colcon_core.package_identification:_identify(build) by extension 'ignore'
[0.502s] Level 1:colcon.colcon_core.package_identification:_identify(build) ignored
[0.502s] Level 1:colcon.colcon_core.package_identification:_identify(install) by extensions ['ignore', 'ignore_ament_install']
[0.503s] Level 1:colcon.colcon_core.package_identification:_identify(install) by extension 'ignore'
[0.503s] Level 1:colcon.colcon_core.package_identification:_identify(install) ignored
[0.503s] Level 1:colcon.colcon_core.package_identification:_identify(log) by extensions ['ignore', 'ignore_ament_install']
[0.503s] Level 1:colcon.colcon_core.package_identification:_identify(log) by extension 'ignore'
[0.503s] Level 1:colcon.colcon_core.package_identification:_identify(log) ignored
[0.503s] Level 1:colcon.colcon_core.package_identification:_identify(scripts) by extensions ['ignore', 'ignore_ament_install']
[0.503s] Level 1:colcon.colcon_core.package_identification:_identify(scripts) by extension 'ignore'
[0.503s] Level 1:colcon.colcon_core.package_identification:_identify(scripts) by extension 'ignore_ament_install'
[0.503s] Level 1:colcon.colcon_core.package_identification:_identify(scripts) by extensions ['colcon_pkg']
[0.503s] Level 1:colcon.colcon_core.package_identification:_identify(scripts) by extension 'colcon_pkg'
[0.503s] Level 1:colcon.colcon_core.package_identification:_identify(scripts) by extensions ['colcon_meta']
[0.503s] Level 1:colcon.colcon_core.package_identification:_identify(scripts) by extension 'colcon_meta'
[0.503s] Level 1:colcon.colcon_core.package_identification:_identify(scripts) by extensions ['ros']
[0.503s] Level 1:colcon.colcon_core.package_identification:_identify(scripts) by extension 'ros'
[0.503s] Level 1:colcon.colcon_core.package_identification:_identify(scripts) by extensions ['cmake', 'python']
[0.503s] Level 1:colcon.colcon_core.package_identification:_identify(scripts) by extension 'cmake'
[0.503s] Level 1:colcon.colcon_core.package_identification:_identify(scripts) by extension 'python'
[0.503s] Level 1:colcon.colcon_core.package_identification:_identify(scripts) by extensions ['python_setup_py']
[0.503s] Level 1:colcon.colcon_core.package_identification:_identify(scripts) by extension 'python_setup_py'
[0.504s] Level 1:colcon.colcon_core.package_identification:_identify(src) by extensions ['ignore', 'ignore_ament_install']
[0.504s] Level 1:colcon.colcon_core.package_identification:_identify(src) by extension 'ignore'
[0.504s] Level 1:colcon.colcon_core.package_identification:_identify(src) by extension 'ignore_ament_install'
[0.504s] Level 1:colcon.colcon_core.package_identification:_identify(src) by extensions ['colcon_pkg']
[0.504s] Level 1:colcon.colcon_core.package_identification:_identify(src) by extension 'colcon_pkg'
[0.504s] Level 1:colcon.colcon_core.package_identification:_identify(src) by extensions ['colcon_meta']
[0.504s] Level 1:colcon.colcon_core.package_identification:_identify(src) by extension 'colcon_meta'
[0.504s] Level 1:colcon.colcon_core.package_identification:_identify(src) by extensions ['ros']
[0.504s] Level 1:colcon.colcon_core.package_identification:_identify(src) by extension 'ros'
[0.504s] Level 1:colcon.colcon_core.package_identification:_identify(src) by extensions ['cmake', 'python']
[0.504s] Level 1:colcon.colcon_core.package_identification:_identify(src) by extension 'cmake'
[0.504s] Level 1:colcon.colcon_core.package_identification:_identify(src) by extension 'python'
[0.504s] Level 1:colcon.colcon_core.package_identification:_identify(src) by extensions ['python_setup_py']
[0.505s] Level 1:colcon.colcon_core.package_identification:_identify(src) by extension 'python_setup_py'
[0.505s] Level 1:colcon.colcon_core.package_identification:_identify(src/courseworks) by extensions ['ignore', 'ignore_ament_install']
[0.505s] Level 1:colcon.colcon_core.package_identification:_identify(src/courseworks) by extension 'ignore'
[0.505s] Level 1:colcon.colcon_core.package_identification:_identify(src/courseworks) by extension 'ignore_ament_install'
[0.505s] Level 1:colcon.colcon_core.package_identification:_identify(src/courseworks) by extensions ['colcon_pkg']
[0.505s] Level 1:colcon.colcon_core.package_identification:_identify(src/courseworks) by extension 'colcon_pkg'
[0.505s] Level 1:colcon.colcon_core.package_identification:_identify(src/courseworks) by extensions ['colcon_meta']
[0.505s] Level 1:colcon.colcon_core.package_identification:_identify(src/courseworks) by extension 'colcon_meta'
[0.505s] Level 1:colcon.colcon_core.package_identification:_identify(src/courseworks) by extensions ['ros']
[0.505s] Level 1:colcon.colcon_core.package_identification:_identify(src/courseworks) by extension 'ros'
[0.505s] Level 1:colcon.colcon_core.package_identification:_identify(src/courseworks) by extensions ['cmake', 'python']
[0.505s] Level 1:colcon.colcon_core.package_identification:_identify(src/courseworks) by extension 'cmake'
[0.505s] Level 1:colcon.colcon_core.package_identification:_identify(src/courseworks) by extension 'python'
[0.505s] Level 1:colcon.colcon_core.package_identification:_identify(src/courseworks) by extensions ['python_setup_py']
[0.505s] Level 1:colcon.colcon_core.package_identification:_identify(src/courseworks) by extension 'python_setup_py'
[0.506s] Level 1:colcon.colcon_core.package_identification:_identify(src/courseworks/cw1_world_spawner) by extensions ['ignore', 'ignore_ament_install']
[0.506s] Level 1:colcon.colcon_core.package_identification:_identify(src/courseworks/cw1_world_spawner) by extension 'ignore'
[0.506s] Level 1:colcon.colcon_core.package_identification:_identify(src/courseworks/cw1_world_spawner) by extension 'ignore_ament_install'
[0.506s] Level 1:colcon.colcon_core.package_identification:_identify(src/courseworks/cw1_world_spawner) by extensions ['colcon_pkg']
[0.506s] Level 1:colcon.colcon_core.package_identification:_identify(src/courseworks/cw1_world_spawner) by extension 'colcon_pkg'
[0.506s] Level 1:colcon.colcon_core.package_identification:_identify(src/courseworks/cw1_world_spawner) by extensions ['colcon_meta']
[0.506s] Level 1:colcon.colcon_core.package_identification:_identify(src/courseworks/cw1_world_spawner) by extension 'colcon_meta'
[0.506s] Level 1:colcon.colcon_core.package_identification:_identify(src/courseworks/cw1_world_spawner) by extensions ['ros']
[0.506s] Level 1:colcon.colcon_core.package_identification:_identify(src/courseworks/cw1_world_spawner) by extension 'ros'
[0.510s] DEBUG:colcon.colcon_core.package_identification:Package 'src/courseworks/cw1_world_spawner' with type 'ros.ament_cmake' and name 'cw1_world_spawner'
[0.510s] Level 1:colcon.colcon_core.package_identification:_identify(src/courseworks/cw2_team_14) by extensions ['ignore', 'ignore_ament_install']
[0.510s] Level 1:colcon.colcon_core.package_identification:_identify(src/courseworks/cw2_team_14) by extension 'ignore'
[0.510s] Level 1:colcon.colcon_core.package_identification:_identify(src/courseworks/cw2_team_14) by extension 'ignore_ament_install'
[0.511s] Level 1:colcon.colcon_core.package_identification:_identify(src/courseworks/cw2_team_14) by extensions ['colcon_pkg']
[0.511s] Level 1:colcon.colcon_core.package_identification:_identify(src/courseworks/cw2_team_14) by extension 'colcon_pkg'
[0.511s] Level 1:colcon.colcon_core.package_identification:_identify(src/courseworks/cw2_team_14) by extensions ['colcon_meta']
[0.511s] Level 1:colcon.colcon_core.package_identification:_identify(src/courseworks/cw2_team_14) by extension 'colcon_meta'
[0.511s] Level 1:colcon.colcon_core.package_identification:_identify(src/courseworks/cw2_team_14) by extensions ['ros']
[0.511s] Level 1:colcon.colcon_core.package_identification:_identify(src/courseworks/cw2_team_14) by extension 'ros'
[0.513s] DEBUG:colcon.colcon_core.package_identification:Package 'src/courseworks/cw2_team_14' with type 'ros.ament_cmake' and name 'cw2_team_14'
[0.513s] Level 1:colcon.colcon_core.package_identification:_identify(src/courseworks/cw2_world_spawner) by extensions ['ignore', 'ignore_ament_install']
[0.513s] Level 1:colcon.colcon_core.package_identification:_identify(src/courseworks/cw2_world_spawner) by extension 'ignore'
[0.513s] Level 1:colcon.colcon_core.package_identification:_identify(src/courseworks/cw2_world_spawner) by extension 'ignore_ament_install'
[0.513s] Level 1:colcon.colcon_core.package_identification:_identify(src/courseworks/cw2_world_spawner) by extensions ['colcon_pkg']
[0.514s] Level 1:colcon.colcon_core.package_identification:_identify(src/courseworks/cw2_world_spawner) by extension 'colcon_pkg'
[0.514s] Level 1:colcon.colcon_core.package_identification:_identify(src/courseworks/cw2_world_spawner) by extensions ['colcon_meta']
[0.514s] Level 1:colcon.colcon_core.package_identification:_identify(src/courseworks/cw2_world_spawner) by extension 'colcon_meta'
[0.514s] Level 1:colcon.colcon_core.package_identification:_identify(src/courseworks/cw2_world_spawner) by extensions ['ros']
[0.514s] Level 1:colcon.colcon_core.package_identification:_identify(src/courseworks/cw2_world_spawner) by extension 'ros'
[0.515s] DEBUG:colcon.colcon_core.package_identification:Package 'src/courseworks/cw2_world_spawner' with type 'ros.ament_cmake' and name 'cw2_world_spawner'
[0.515s] Level 1:colcon.colcon_core.package_identification:_identify(src/courseworks/panda_description) by extensions ['ignore', 'ignore_ament_install']
[0.515s] Level 1:colcon.colcon_core.package_identification:_identify(src/courseworks/panda_description) by extension 'ignore'
[0.515s] Level 1:colcon.colcon_core.package_identification:_identify(src/courseworks/panda_description) by extension 'ignore_ament_install'
[0.515s] Level 1:colcon.colcon_core.package_identification:_identify(src/courseworks/panda_description) by extensions ['colcon_pkg']
[0.515s] Level 1:colcon.colcon_core.package_identification:_identify(src/courseworks/panda_description) by extension 'colcon_pkg'
[0.515s] Level 1:colcon.colcon_core.package_identification:_identify(src/courseworks/panda_description) by extensions ['colcon_meta']
[0.515s] Level 1:colcon.colcon_core.package_identification:_identify(src/courseworks/panda_description) by extension 'colcon_meta'
[0.515s] Level 1:colcon.colcon_core.package_identification:_identify(src/courseworks/panda_description) by extensions ['ros']
[0.515s] Level 1:colcon.colcon_core.package_identification:_identify(src/courseworks/panda_description) by extension 'ros'
[0.516s] DEBUG:colcon.colcon_core.package_identification:Package 'src/courseworks/panda_description' with type 'ros.ament_cmake' and name 'panda_description'
[0.516s] Level 1:colcon.colcon_core.package_identification:_identify(src/courseworks/panda_moveit_config) by extensions ['ignore', 'ignore_ament_install']
[0.516s] Level 1:colcon.colcon_core.package_identification:_identify(src/courseworks/panda_moveit_config) by extension 'ignore'
[0.516s] Level 1:colcon.colcon_core.package_identification:_identify(src/courseworks/panda_moveit_config) by extension 'ignore_ament_install'
[0.516s] Level 1:colcon.colcon_core.package_identification:_identify(src/courseworks/panda_moveit_config) by extensions ['colcon_pkg']
[0.516s] Level 1:colcon.colcon_core.package_identification:_identify(src/courseworks/panda_moveit_config) by extension 'colcon_pkg'
[0.516s] Level 1:colcon.colcon_core.package_identification:_identify(src/courseworks/panda_moveit_config) by extensions ['colcon_meta']
[0.517s] Level 1:colcon.colcon_core.package_identification:_identify(src/courseworks/panda_moveit_config) by extension 'colcon_meta'
[0.517s] Level 1:colcon.colcon_core.package_identification:_identify(src/courseworks/panda_moveit_config) by extensions ['ros']
[0.517s] Level 1:colcon.colcon_core.package_identification:_identify(src/courseworks/panda_moveit_config) by extension 'ros'
[0.518s] DEBUG:colcon.colcon_core.package_identification:Package 'src/courseworks/panda_moveit_config' with type 'ros.ament_cmake' and name 'panda_moveit_config'
[0.518s] Level 1:colcon.colcon_core.package_identification:_identify(src/courseworks/realsense_gazebo_plugin) by extensions ['ignore', 'ignore_ament_install']
[0.518s] Level 1:colcon.colcon_core.package_identification:_identify(src/courseworks/realsense_gazebo_plugin) by extension 'ignore'
[0.518s] Level 1:colcon.colcon_core.package_identification:_identify(src/courseworks/realsense_gazebo_plugin) by extension 'ignore_ament_install'
[0.518s] Level 1:colcon.colcon_core.package_identification:_identify(src/courseworks/realsense_gazebo_plugin) by extensions ['colcon_pkg']
[0.518s] Level 1:colcon.colcon_core.package_identification:_identify(src/courseworks/realsense_gazebo_plugin) by extension 'colcon_pkg'
[0.518s] Level 1:colcon.colcon_core.package_identification:_identify(src/courseworks/realsense_gazebo_plugin) by extensions ['colcon_meta']
[0.518s] Level 1:colcon.colcon_core.package_identification:_identify(src/courseworks/realsense_gazebo_plugin) by extension 'colcon_meta'
[0.518s] Level 1:colcon.colcon_core.package_identification:_identify(src/courseworks/realsense_gazebo_plugin) by extensions ['ros']
[0.518s] Level 1:colcon.colcon_core.package_identification:_identify(src/courseworks/realsense_gazebo_plugin) by extension 'ros'
[0.519s] DEBUG:colcon.colcon_core.package_identification:Package 'src/courseworks/realsense_gazebo_plugin' with type 'ros.ament_cmake' and name 'realsense_gazebo_plugin'
[0.519s] Level 1:colcon.colcon_core.package_identification:_identify(src/courseworks/rpl_panda_with_rs) by extensions ['ignore', 'ignore_ament_install']
[0.520s] Level 1:colcon.colcon_core.package_identification:_identify(src/courseworks/rpl_panda_with_rs) by extension 'ignore'
[0.520s] Level 1:colcon.colcon_core.package_identification:_identify(src/courseworks/rpl_panda_with_rs) by extension 'ignore_ament_install'
[0.520s] Level 1:colcon.colcon_core.package_identification:_identify(src/courseworks/rpl_panda_with_rs) by extensions ['colcon_pkg']
[0.520s] Level 1:colcon.colcon_core.package_identification:_identify(src/courseworks/rpl_panda_with_rs) by extension 'colcon_pkg'
[0.520s] Level 1:colcon.colcon_core.package_identification:_identify(src/courseworks/rpl_panda_with_rs) by extensions ['colcon_meta']
[0.520s] Level 1:colcon.colcon_core.package_identification:_identify(src/courseworks/rpl_panda_with_rs) by extension 'colcon_meta'
[0.520s] Level 1:colcon.colcon_core.package_identification:_identify(src/courseworks/rpl_panda_with_rs) by extensions ['ros']
[0.520s] Level 1:colcon.colcon_core.package_identification:_identify(src/courseworks/rpl_panda_with_rs) by extension 'ros'
[0.521s] DEBUG:colcon.colcon_core.package_identification:Package 'src/courseworks/rpl_panda_with_rs' with type 'ros.ament_cmake' and name 'rpl_panda_with_rs'
[0.521s] Level 1:colcon.colcon_core.package_discovery:discover_packages(recursive) using defaults
[0.521s] Level 1:colcon.colcon_core.package_discovery:discover_packages(ignore) discover
[0.521s] Level 1:colcon.colcon_core.package_discovery:discover_packages(ignore) using defaults
[0.521s] Level 1:colcon.colcon_core.package_discovery:discover_packages(path) discover
[0.521s] Level 1:colcon.colcon_core.package_discovery:discover_packages(path) using defaults
[0.552s] Level 1:colcon.colcon_core.package_discovery:discover_packages(prefix_path) check parameters
[0.552s] Level 1:colcon.colcon_core.package_discovery:discover_packages(prefix_path) discover
[0.555s] DEBUG:colcon.colcon_installed_package_information.package_discovery:Found 7 installed packages in /home/bizare/Desktop/cw2_team_14/install
[0.557s] DEBUG:colcon.colcon_installed_package_information.package_discovery:Found 375 installed packages in /opt/ros/humble
[0.558s] Level 1:colcon.colcon_core.package_discovery:discover_packages(prefix_path) using defaults
[0.641s] Level 5:colcon.colcon_core.verb:set package 'cw1_world_spawner' build argument 'cmake_args' from command line to 'None'
[0.642s] Level 5:colcon.colcon_core.verb:set package 'cw1_world_spawner' build argument 'cmake_target' from command line to 'None'
[0.642s] Level 5:colcon.colcon_core.verb:set package 'cw1_world_spawner' build argument 'cmake_target_skip_unavailable' from command line to 'False'
[0.642s] Level 5:colcon.colcon_core.verb:set package 'cw1_world_spawner' build argument 'cmake_clean_cache' from command line to 'False'
[0.642s] Level 5:colcon.colcon_core.verb:set package 'cw1_world_spawner' build argument 'cmake_clean_first' from command line to 'False'
[0.642s] Level 5:colcon.colcon_core.verb:set package 'cw1_world_spawner' build argument 'cmake_force_configure' from command line to 'False'
[0.642s] Level 5:colcon.colcon_core.verb:set package 'cw1_world_spawner' build argument 'ament_cmake_args' from command line to 'None'
[0.642s] Level 5:colcon.colcon_core.verb:set package 'cw1_world_spawner' build argument 'catkin_cmake_args' from command line to 'None'
[0.643s] Level 5:colcon.colcon_core.verb:set package 'cw1_world_spawner' build argument 'catkin_skip_building_tests' from command line to 'False'
[0.643s] DEBUG:colcon.colcon_core.verb:Building package 'cw1_world_spawner' with the following arguments: {'ament_cmake_args': None, 'build_base': '/home/bizare/Desktop/cw2_team_14/build/cw1_world_spawner', 'catkin_cmake_args': None, 'catkin_skip_building_tests': False, 'cmake_args': None, 'cmake_clean_cache': False, 'cmake_clean_first': False, 'cmake_force_configure': False, 'cmake_target': None, 'cmake_target_skip_unavailable': False, 'install_base': '/home/bizare/Desktop/cw2_team_14/install/cw1_world_spawner', 'merge_install': False, 'path': '/home/bizare/Desktop/cw2_team_14/src/courseworks/cw1_world_spawner', 'symlink_install': False, 'test_result_base': None}
[0.643s] Level 5:colcon.colcon_core.verb:set package 'cw2_world_spawner' build argument 'cmake_args' from command line to 'None'
[0.643s] Level 5:colcon.colcon_core.verb:set package 'cw2_world_spawner' build argument 'cmake_target' from command line to 'None'
[0.643s] Level 5:colcon.colcon_core.verb:set package 'cw2_world_spawner' build argument 'cmake_target_skip_unavailable' from command line to 'False'
[0.644s] Level 5:colcon.colcon_core.verb:set package 'cw2_world_spawner' build argument 'cmake_clean_cache' from command line to 'False'
[0.644s] Level 5:colcon.colcon_core.verb:set package 'cw2_world_spawner' build argument 'cmake_clean_first' from command line to 'False'
[0.644s] Level 5:colcon.colcon_core.verb:set package 'cw2_world_spawner' build argument 'cmake_force_configure' from command line to 'False'
[0.644s] Level 5:colcon.colcon_core.verb:set package 'cw2_world_spawner' build argument 'ament_cmake_args' from command line to 'None'
[0.644s] Level 5:colcon.colcon_core.verb:set package 'cw2_world_spawner' build argument 'catkin_cmake_args' from command line to 'None'
[0.644s] Level 5:colcon.colcon_core.verb:set package 'cw2_world_spawner' build argument 'catkin_skip_building_tests' from command line to 'False'
[0.644s] DEBUG:colcon.colcon_core.verb:Building package 'cw2_world_spawner' with the following arguments: {'ament_cmake_args': None, 'build_base': '/home/bizare/Desktop/cw2_team_14/build/cw2_world_spawner', 'catkin_cmake_args': None, 'catkin_skip_building_tests': False, 'cmake_args': None, 'cmake_clean_cache': False, 'cmake_clean_first': False, 'cmake_force_configure': False, 'cmake_target': None, 'cmake_target_skip_unavailable': False, 'install_base': '/home/bizare/Desktop/cw2_team_14/install/cw2_world_spawner', 'merge_install': False, 'path': '/home/bizare/Desktop/cw2_team_14/src/courseworks/cw2_world_spawner', 'symlink_install': False, 'test_result_base': None}
[0.645s] Level 5:colcon.colcon_core.verb:set package 'panda_description' build argument 'cmake_args' from command line to 'None'
[0.645s] Level 5:colcon.colcon_core.verb:set package 'panda_description' build argument 'cmake_target' from command line to 'None'
[0.645s] Level 5:colcon.colcon_core.verb:set package 'panda_description' build argument 'cmake_target_skip_unavailable' from command line to 'False'
[0.645s] Level 5:colcon.colcon_core.verb:set package 'panda_description' build argument 'cmake_clean_cache' from command line to 'False'
[0.645s] Level 5:colcon.colcon_core.verb:set package 'panda_description' build argument 'cmake_clean_first' from command line to 'False'
[0.645s] Level 5:colcon.colcon_core.verb:set package 'panda_description' build argument 'cmake_force_configure' from command line to 'False'
[0.645s] Level 5:colcon.colcon_core.verb:set package 'panda_description' build argument 'ament_cmake_args' from command line to 'None'
[0.645s] Level 5:colcon.colcon_core.verb:set package 'panda_description' build argument 'catkin_cmake_args' from command line to 'None'
[0.645s] Level 5:colcon.colcon_core.verb:set package 'panda_description' build argument 'catkin_skip_building_tests' from command line to 'False'
[0.645s] DEBUG:colcon.colcon_core.verb:Building package 'panda_description' with the following arguments: {'ament_cmake_args': None, 'build_base': '/home/bizare/Desktop/cw2_team_14/build/panda_description', 'catkin_cmake_args': None, 'catkin_skip_building_tests': False, 'cmake_args': None, 'cmake_clean_cache': False, 'cmake_clean_first': False, 'cmake_force_configure': False, 'cmake_target': None, 'cmake_target_skip_unavailable': False, 'install_base': '/home/bizare/Desktop/cw2_team_14/install/panda_description', 'merge_install': False, 'path': '/home/bizare/Desktop/cw2_team_14/src/courseworks/panda_description', 'symlink_install': False, 'test_result_base': None}
[0.646s] Level 5:colcon.colcon_core.verb:set package 'panda_moveit_config' build argument 'cmake_args' from command line to 'None'
[0.646s] Level 5:colcon.colcon_core.verb:set package 'panda_moveit_config' build argument 'cmake_target' from command line to 'None'
[0.646s] Level 5:colcon.colcon_core.verb:set package 'panda_moveit_config' build argument 'cmake_target_skip_unavailable' from command line to 'False'
[0.646s] Level 5:colcon.colcon_core.verb:set package 'panda_moveit_config' build argument 'cmake_clean_cache' from command line to 'False'
[0.646s] Level 5:colcon.colcon_core.verb:set package 'panda_moveit_config' build argument 'cmake_clean_first' from command line to 'False'
[0.646s] Level 5:colcon.colcon_core.verb:set package 'panda_moveit_config' build argument 'cmake_force_configure' from command line to 'False'
[0.646s] Level 5:colcon.colcon_core.verb:set package 'panda_moveit_config' build argument 'ament_cmake_args' from command line to 'None'
[0.646s] Level 5:colcon.colcon_core.verb:set package 'panda_moveit_config' build argument 'catkin_cmake_args' from command line to 'None'
[0.647s] Level 5:colcon.colcon_core.verb:set package 'panda_moveit_config' build argument 'catkin_skip_building_tests' from command line to 'False'
[0.647s] DEBUG:colcon.colcon_core.verb:Building package 'panda_moveit_config' with the following arguments: {'ament_cmake_args': None, 'build_base': '/home/bizare/Desktop/cw2_team_14/build/panda_moveit_config', 'catkin_cmake_args': None, 'catkin_skip_building_tests': False, 'cmake_args': None, 'cmake_clean_cache': False, 'cmake_clean_first': False, 'cmake_force_configure': False, 'cmake_target': None, 'cmake_target_skip_unavailable': False, 'install_base': '/home/bizare/Desktop/cw2_team_14/install/panda_moveit_config', 'merge_install': False, 'path': '/home/bizare/Desktop/cw2_team_14/src/courseworks/panda_moveit_config', 'symlink_install': False, 'test_result_base': None}
[0.647s] Level 5:colcon.colcon_core.verb:set package 'realsense_gazebo_plugin' build argument 'cmake_args' from command line to 'None'
[0.647s] Level 5:colcon.colcon_core.verb:set package 'realsense_gazebo_plugin' build argument 'cmake_target' from command line to 'None'
[0.647s] Level 5:colcon.colcon_core.verb:set package 'realsense_gazebo_plugin' build argument 'cmake_target_skip_unavailable' from command line to 'False'
[0.647s] Level 5:colcon.colcon_core.verb:set package 'realsense_gazebo_plugin' build argument 'cmake_clean_cache' from command line to 'False'
[0.648s] Level 5:colcon.colcon_core.verb:set package 'realsense_gazebo_plugin' build argument 'cmake_clean_first' from command line to 'False'
[0.648s] Level 5:colcon.colcon_core.verb:set package 'realsense_gazebo_plugin' build argument 'cmake_force_configure' from command line to 'False'
[0.648s] Level 5:colcon.colcon_core.verb:set package 'realsense_gazebo_plugin' build argument 'ament_cmake_args' from command line to 'None'
[0.648s] Level 5:colcon.colcon_core.verb:set package 'realsense_gazebo_plugin' build argument 'catkin_cmake_args' from command line to 'None'
[0.648s] Level 5:colcon.colcon_core.verb:set package 'realsense_gazebo_plugin' build argument 'catkin_skip_building_tests' from command line to 'False'
[0.648s] DEBUG:colcon.colcon_core.verb:Building package 'realsense_gazebo_plugin' with the following arguments: {'ament_cmake_args': None, 'build_base': '/home/bizare/Desktop/cw2_team_14/build/realsense_gazebo_plugin', 'catkin_cmake_args': None, 'catkin_skip_building_tests': False, 'cmake_args': None, 'cmake_clean_cache': False, 'cmake_clean_first': False, 'cmake_force_configure': False, 'cmake_target': None, 'cmake_target_skip_unavailable': False, 'install_base': '/home/bizare/Desktop/cw2_team_14/install/realsense_gazebo_plugin', 'merge_install': False, 'path': '/home/bizare/Desktop/cw2_team_14/src/courseworks/realsense_gazebo_plugin', 'symlink_install': False, 'test_result_base': None}
[0.648s] Level 5:colcon.colcon_core.verb:set package 'cw2_team_14' build argument 'cmake_args' from command line to 'None'
[0.648s] Level 5:colcon.colcon_core.verb:set package 'cw2_team_14' build argument 'cmake_target' from command line to 'None'
[0.648s] Level 5:colcon.colcon_core.verb:set package 'cw2_team_14' build argument 'cmake_target_skip_unavailable' from command line to 'False'
[0.648s] Level 5:colcon.colcon_core.verb:set package 'cw2_team_14' build argument 'cmake_clean_cache' from command line to 'False'
[0.648s] Level 5:colcon.colcon_core.verb:set package 'cw2_team_14' build argument 'cmake_clean_first' from command line to 'False'
[0.648s] Level 5:colcon.colcon_core.verb:set package 'cw2_team_14' build argument 'cmake_force_configure' from command line to 'False'
[0.648s] Level 5:colcon.colcon_core.verb:set package 'cw2_team_14' build argument 'ament_cmake_args' from command line to 'None'
[0.648s] Level 5:colcon.colcon_core.verb:set package 'cw2_team_14' build argument 'catkin_cmake_args' from command line to 'None'
[0.648s] Level 5:colcon.colcon_core.verb:set package 'cw2_team_14' build argument 'catkin_skip_building_tests' from command line to 'False'
[0.648s] DEBUG:colcon.colcon_core.verb:Building package 'cw2_team_14' with the following arguments: {'ament_cmake_args': None, 'build_base': '/home/bizare/Desktop/cw2_team_14/build/cw2_team_14', 'catkin_cmake_args': None, 'catkin_skip_building_tests': False, 'cmake_args': None, 'cmake_clean_cache': False, 'cmake_clean_first': False, 'cmake_force_configure': False, 'cmake_target': None, 'cmake_target_skip_unavailable': False, 'install_base': '/home/bizare/Desktop/cw2_team_14/install/cw2_team_14', 'merge_install': False, 'path': '/home/bizare/Desktop/cw2_team_14/src/courseworks/cw2_team_14', 'symlink_install': False, 'test_result_base': None}
[0.649s] Level 5:colcon.colcon_core.verb:set package 'rpl_panda_with_rs' build argument 'cmake_args' from command line to 'None'
[0.649s] Level 5:colcon.colcon_core.verb:set package 'rpl_panda_with_rs' build argument 'cmake_target' from command line to 'None'
[0.649s] Level 5:colcon.colcon_core.verb:set package 'rpl_panda_with_rs' build argument 'cmake_target_skip_unavailable' from command line to 'False'
[0.649s] Level 5:colcon.colcon_core.verb:set package 'rpl_panda_with_rs' build argument 'cmake_clean_cache' from command line to 'False'
[0.649s] Level 5:colcon.colcon_core.verb:set package 'rpl_panda_with_rs' build argument 'cmake_clean_first' from command line to 'False'
[0.649s] Level 5:colcon.colcon_core.verb:set package 'rpl_panda_with_rs' build argument 'cmake_force_configure' from command line to 'False'
[0.650s] Level 5:colcon.colcon_core.verb:set package 'rpl_panda_with_rs' build argument 'ament_cmake_args' from command line to 'None'
[0.650s] Level 5:colcon.colcon_core.verb:set package 'rpl_panda_with_rs' build argument 'catkin_cmake_args' from command line to 'None'
[0.650s] Level 5:colcon.colcon_core.verb:set package 'rpl_panda_with_rs' build argument 'catkin_skip_building_tests' from command line to 'False'
[0.650s] DEBUG:colcon.colcon_core.verb:Building package 'rpl_panda_with_rs' with the following arguments: {'ament_cmake_args': None, 'build_base': '/home/bizare/Desktop/cw2_team_14/build/rpl_panda_with_rs', 'catkin_cmake_args': None, 'catkin_skip_building_tests': False, 'cmake_args': None, 'cmake_clean_cache': False, 'cmake_clean_first': False, 'cmake_force_configure': False, 'cmake_target': None, 'cmake_target_skip_unavailable': False, 'install_base': '/home/bizare/Desktop/cw2_team_14/install/rpl_panda_with_rs', 'merge_install': False, 'path': '/home/bizare/Desktop/cw2_team_14/src/courseworks/rpl_panda_with_rs', 'symlink_install': False, 'test_result_base': None}
[0.650s] INFO:colcon.colcon_core.executor:Executing jobs using 'parallel' executor
[0.651s] DEBUG:colcon.colcon_parallel_executor.executor.parallel:run_until_complete
[0.652s] INFO:colcon.colcon_ros.task.ament_cmake.build:Building ROS package in '/home/bizare/Desktop/cw2_team_14/src/courseworks/cw2_world_spawner' with build type 'ament_cmake'
[0.652s] INFO:colcon.colcon_cmake.task.cmake.build:Building CMake package in '/home/bizare/Desktop/cw2_team_14/src/courseworks/cw2_world_spawner'
[0.656s] INFO:colcon.colcon_core.plugin_system:Skipping extension 'colcon_core.shell.bat': Not used on non-Windows systems
[0.656s] INFO:colcon.colcon_core.shell:Skip shell extension 'powershell' for command environment: Not usable outside of PowerShell
[0.656s] DEBUG:colcon.colcon_core.shell:Skip shell extension 'dsv' for command environment
[0.666s] INFO:colcon.colcon_ros.task.ament_cmake.build:Building ROS package in '/home/bizare/Desktop/cw2_team_14/src/courseworks/panda_moveit_config' with build type 'ament_cmake'
[0.666s] INFO:colcon.colcon_cmake.task.cmake.build:Building CMake package in '/home/bizare/Desktop/cw2_team_14/src/courseworks/panda_moveit_config'
[0.667s] INFO:colcon.colcon_core.shell:Skip shell extension 'powershell' for command environment: Not usable outside of PowerShell
[0.669s] DEBUG:colcon.colcon_core.shell:Skip shell extension 'dsv' for command environment
[0.686s] DEBUG:colcon.colcon_core.event_handler.log_command:Invoking command in '/home/bizare/Desktop/cw2_team_14/build/cw2_world_spawner': CMAKE_PREFIX_PATH=${CMAKE_PREFIX_PATH}:/opt/ros/humble /usr/bin/cmake --build /home/bizare/Desktop/cw2_team_14/build/cw2_world_spawner -- -j2 -l2
[0.703s] DEBUG:colcon.colcon_core.event_handler.log_command:Invoking command in '/home/bizare/Desktop/cw2_team_14/build/panda_moveit_config': CMAKE_PREFIX_PATH=${CMAKE_PREFIX_PATH}:/opt/ros/humble /usr/bin/cmake --build /home/bizare/Desktop/cw2_team_14/build/panda_moveit_config -- -j2 -l2
[0.772s] DEBUG:colcon.colcon_core.event_handler.log_command:Invoked command in '/home/bizare/Desktop/cw2_team_14/build/panda_moveit_config' returned '0': CMAKE_PREFIX_PATH=${CMAKE_PREFIX_PATH}:/opt/ros/humble /usr/bin/cmake --build /home/bizare/Desktop/cw2_team_14/build/panda_moveit_config -- -j2 -l2
[0.813s] DEBUG:colcon.colcon_core.event_handler.log_command:Invoking command in '/home/bizare/Desktop/cw2_team_14/build/panda_moveit_config': CMAKE_PREFIX_PATH=${CMAKE_PREFIX_PATH}:/opt/ros/humble /usr/bin/cmake --install /home/bizare/Desktop/cw2_team_14/build/panda_moveit_config
[0.833s] Level 1:colcon.colcon_core.environment:create_environment_scripts_only(panda_moveit_config)
[0.854s] DEBUG:colcon.colcon_core.event_handler.log_command:Invoked command in '/home/bizare/Desktop/cw2_team_14/build/panda_moveit_config' returned '0': CMAKE_PREFIX_PATH=${CMAKE_PREFIX_PATH}:/opt/ros/humble /usr/bin/cmake --install /home/bizare/Desktop/cw2_team_14/build/panda_moveit_config
[0.865s] Level 1:colcon.colcon_core.environment:checking '/home/bizare/Desktop/cw2_team_14/install/panda_moveit_config' for CMake module files
[0.866s] Level 1:colcon.colcon_core.environment:checking '/home/bizare/Desktop/cw2_team_14/install/panda_moveit_config' for CMake config files
[0.866s] Level 1:colcon.colcon_core.shell:create_environment_hook('panda_moveit_config', 'cmake_prefix_path')
[0.866s] INFO:colcon.colcon_core.shell:Creating environment hook '/home/bizare/Desktop/cw2_team_14/install/panda_moveit_config/share/panda_moveit_config/hook/cmake_prefix_path.ps1'
[0.875s] INFO:colcon.colcon_core.shell:Creating environment descriptor '/home/bizare/Desktop/cw2_team_14/install/panda_moveit_config/share/panda_moveit_config/hook/cmake_prefix_path.dsv'
[0.877s] INFO:colcon.colcon_core.shell:Creating environment hook '/home/bizare/Desktop/cw2_team_14/install/panda_moveit_config/share/panda_moveit_config/hook/cmake_prefix_path.sh'
[0.882s] Level 1:colcon.colcon_core.environment:checking '/home/bizare/Desktop/cw2_team_14/install/panda_moveit_config/bin'
[0.882s] Level 1:colcon.colcon_core.environment:checking '/home/bizare/Desktop/cw2_team_14/install/panda_moveit_config/lib/pkgconfig/panda_moveit_config.pc'
[0.882s] Level 1:colcon.colcon_core.environment:checking '/home/bizare/Desktop/cw2_team_14/install/panda_moveit_config/lib/python3.10/site-packages'
[0.882s] Level 1:colcon.colcon_core.environment:checking '/home/bizare/Desktop/cw2_team_14/install/panda_moveit_config/bin'
[0.885s] INFO:colcon.colcon_core.shell:Creating package script '/home/bizare/Desktop/cw2_team_14/install/panda_moveit_config/share/panda_moveit_config/package.ps1'
[0.888s] INFO:colcon.colcon_core.shell:Creating package descriptor '/home/bizare/Desktop/cw2_team_14/install/panda_moveit_config/share/panda_moveit_config/package.dsv'
[0.893s] INFO:colcon.colcon_core.shell:Creating package script '/home/bizare/Desktop/cw2_team_14/install/panda_moveit_config/share/panda_moveit_config/package.sh'
[0.900s] INFO:colcon.colcon_core.shell:Creating package script '/home/bizare/Desktop/cw2_team_14/install/panda_moveit_config/share/panda_moveit_config/package.bash'
[0.905s] INFO:colcon.colcon_core.shell:Creating package script '/home/bizare/Desktop/cw2_team_14/install/panda_moveit_config/share/panda_moveit_config/package.zsh'
[0.908s] Level 1:colcon.colcon_core.environment:create_file_with_runtime_dependencies(/home/bizare/Desktop/cw2_team_14/install/panda_moveit_config/share/colcon-core/packages/panda_moveit_config)
[0.910s] Level 1:colcon.colcon_core.environment:create_environment_scripts_only(panda_moveit_config)
[0.911s] Level 1:colcon.colcon_core.environment:checking '/home/bizare/Desktop/cw2_team_14/install/panda_moveit_config' for CMake module files
[0.911s] Level 1:colcon.colcon_core.environment:checking '/home/bizare/Desktop/cw2_team_14/install/panda_moveit_config' for CMake config files
[0.911s] Level 1:colcon.colcon_core.shell:create_environment_hook('panda_moveit_config', 'cmake_prefix_path')
[0.915s] INFO:colcon.colcon_core.shell:Creating environment hook '/home/bizare/Desktop/cw2_team_14/install/panda_moveit_config/share/panda_moveit_config/hook/cmake_prefix_path.ps1'
[0.916s] INFO:colcon.colcon_core.shell:Creating environment descriptor '/home/bizare/Desktop/cw2_team_14/install/panda_moveit_config/share/panda_moveit_config/hook/cmake_prefix_path.dsv'
[0.918s] INFO:colcon.colcon_core.shell:Creating environment hook '/home/bizare/Desktop/cw2_team_14/install/panda_moveit_config/share/panda_moveit_config/hook/cmake_prefix_path.sh'
[0.918s] Level 1:colcon.colcon_core.environment:checking '/home/bizare/Desktop/cw2_team_14/install/panda_moveit_config/bin'
[0.918s] Level 1:colcon.colcon_core.environment:checking '/home/bizare/Desktop/cw2_team_14/install/panda_moveit_config/lib/pkgconfig/panda_moveit_config.pc'
[0.919s] Level 1:colcon.colcon_core.environment:checking '/home/bizare/Desktop/cw2_team_14/install/panda_moveit_config/lib/python3.10/site-packages'
[0.919s] Level 1:colcon.colcon_core.environment:checking '/home/bizare/Desktop/cw2_team_14/install/panda_moveit_config/bin'
[0.922s] INFO:colcon.colcon_core.shell:Creating package script '/home/bizare/Desktop/cw2_team_14/install/panda_moveit_config/share/panda_moveit_config/package.ps1'
[0.929s] INFO:colcon.colcon_core.shell:Creating package descriptor '/home/bizare/Desktop/cw2_team_14/install/panda_moveit_config/share/panda_moveit_config/package.dsv'
[0.930s] INFO:colcon.colcon_core.shell:Creating package script '/home/bizare/Desktop/cw2_team_14/install/panda_moveit_config/share/panda_moveit_config/package.sh'
[0.934s] INFO:colcon.colcon_core.shell:Creating package script '/home/bizare/Desktop/cw2_team_14/install/panda_moveit_config/share/panda_moveit_config/package.bash'
[0.935s] INFO:colcon.colcon_core.shell:Creating package script '/home/bizare/Desktop/cw2_team_14/install/panda_moveit_config/share/panda_moveit_config/package.zsh'
[0.936s] Level 1:colcon.colcon_core.environment:create_file_with_runtime_dependencies(/home/bizare/Desktop/cw2_team_14/install/panda_moveit_config/share/colcon-core/packages/panda_moveit_config)
[0.942s] INFO:colcon.colcon_ros.task.ament_cmake.build:Building ROS package in '/home/bizare/Desktop/cw2_team_14/src/courseworks/realsense_gazebo_plugin' with build type 'ament_cmake'
[0.942s] INFO:colcon.colcon_cmake.task.cmake.build:Building CMake package in '/home/bizare/Desktop/cw2_team_14/src/courseworks/realsense_gazebo_plugin'
[0.942s] INFO:colcon.colcon_core.shell:Skip shell extension 'powershell' for command environment: Not usable outside of PowerShell
[0.942s] DEBUG:colcon.colcon_core.shell:Skip shell extension 'dsv' for command environment
[0.991s] DEBUG:colcon.colcon_core.event_handler.log_command:Invoking command in '/home/bizare/Desktop/cw2_team_14/build/realsense_gazebo_plugin': CMAKE_PREFIX_PATH=${CMAKE_PREFIX_PATH}:/opt/ros/humble /usr/bin/cmake --build /home/bizare/Desktop/cw2_team_14/build/realsense_gazebo_plugin -- -j2 -l2
[1.333s] DEBUG:colcon.colcon_core.event_handler.log_command:Invoked command in '/home/bizare/Desktop/cw2_team_14/build/realsense_gazebo_plugin' returned '0': CMAKE_PREFIX_PATH=${CMAKE_PREFIX_PATH}:/opt/ros/humble /usr/bin/cmake --build /home/bizare/Desktop/cw2_team_14/build/realsense_gazebo_plugin -- -j2 -l2
[1.338s] DEBUG:colcon.colcon_core.event_handler.log_command:Invoking command in '/home/bizare/Desktop/cw2_team_14/build/realsense_gazebo_plugin': CMAKE_PREFIX_PATH=${CMAKE_PREFIX_PATH}:/opt/ros/humble /usr/bin/cmake --install /home/bizare/Desktop/cw2_team_14/build/realsense_gazebo_plugin
[1.368s] Level 1:colcon.colcon_core.environment:create_environment_scripts_only(realsense_gazebo_plugin)
[1.370s] Level 1:colcon.colcon_core.environment:checking '/home/bizare/Desktop/cw2_team_14/install/realsense_gazebo_plugin' for CMake module files
[1.370s] Level 1:colcon.colcon_core.environment:checking '/home/bizare/Desktop/cw2_team_14/install/realsense_gazebo_plugin' for CMake config files
[1.370s] Level 1:colcon.colcon_core.shell:create_environment_hook('realsense_gazebo_plugin', 'cmake_prefix_path')
[1.370s] INFO:colcon.colcon_core.shell:Creating environment hook '/home/bizare/Desktop/cw2_team_14/install/realsense_gazebo_plugin/share/realsense_gazebo_plugin/hook/cmake_prefix_path.ps1'
[1.376s] DEBUG:colcon.colcon_core.event_handler.log_command:Invoked command in '/home/bizare/Desktop/cw2_team_14/build/realsense_gazebo_plugin' returned '0': CMAKE_PREFIX_PATH=${CMAKE_PREFIX_PATH}:/opt/ros/humble /usr/bin/cmake --install /home/bizare/Desktop/cw2_team_14/build/realsense_gazebo_plugin
[1.377s] INFO:colcon.colcon_core.shell:Creating environment descriptor '/home/bizare/Desktop/cw2_team_14/install/realsense_gazebo_plugin/share/realsense_gazebo_plugin/hook/cmake_prefix_path.dsv'
[1.381s] INFO:colcon.colcon_core.shell:Creating environment hook '/home/bizare/Desktop/cw2_team_14/install/realsense_gazebo_plugin/share/realsense_gazebo_plugin/hook/cmake_prefix_path.sh'
[1.381s] Level 1:colcon.colcon_core.environment:checking '/home/bizare/Desktop/cw2_team_14/install/realsense_gazebo_plugin/lib'
[1.382s] Level 1:colcon.colcon_core.shell:create_environment_hook('realsense_gazebo_plugin', 'ld_library_path_lib')
[1.382s] INFO:colcon.colcon_core.shell:Creating environment hook '/home/bizare/Desktop/cw2_team_14/install/realsense_gazebo_plugin/share/realsense_gazebo_plugin/hook/ld_library_path_lib.ps1'
[1.384s] INFO:colcon.colcon_core.shell:Creating environment descriptor '/home/bizare/Desktop/cw2_team_14/install/realsense_gazebo_plugin/share/realsense_gazebo_plugin/hook/ld_library_path_lib.dsv'
[1.389s] INFO:colcon.colcon_core.shell:Creating environment hook '/home/bizare/Desktop/cw2_team_14/install/realsense_gazebo_plugin/share/realsense_gazebo_plugin/hook/ld_library_path_lib.sh'
[1.390s] Level 1:colcon.colcon_core.environment:checking '/home/bizare/Desktop/cw2_team_14/install/realsense_gazebo_plugin/bin'
[1.390s] Level 1:colcon.colcon_core.environment:checking '/home/bizare/Desktop/cw2_team_14/install/realsense_gazebo_plugin/lib/pkgconfig/realsense_gazebo_plugin.pc'
[1.390s] Level 1:colcon.colcon_core.environment:checking '/home/bizare/Desktop/cw2_team_14/install/realsense_gazebo_plugin/lib/python3.10/site-packages'
[1.396s] Level 1:colcon.colcon_core.environment:checking '/home/bizare/Desktop/cw2_team_14/install/realsense_gazebo_plugin/bin'
[1.397s] INFO:colcon.colcon_core.shell:Creating package script '/home/bizare/Desktop/cw2_team_14/install/realsense_gazebo_plugin/share/realsense_gazebo_plugin/package.ps1'
[1.399s] INFO:colcon.colcon_core.shell:Creating package descriptor '/home/bizare/Desktop/cw2_team_14/install/realsense_gazebo_plugin/share/realsense_gazebo_plugin/package.dsv'
[1.405s] INFO:colcon.colcon_core.shell:Creating package script '/home/bizare/Desktop/cw2_team_14/install/realsense_gazebo_plugin/share/realsense_gazebo_plugin/package.sh'
[1.406s] INFO:colcon.colcon_core.shell:Creating package script '/home/bizare/Desktop/cw2_team_14/install/realsense_gazebo_plugin/share/realsense_gazebo_plugin/package.bash'
[1.406s] INFO:colcon.colcon_core.shell:Creating package script '/home/bizare/Desktop/cw2_team_14/install/realsense_gazebo_plugin/share/realsense_gazebo_plugin/package.zsh'
[1.407s] Level 1:colcon.colcon_core.environment:create_file_with_runtime_dependencies(/home/bizare/Desktop/cw2_team_14/install/realsense_gazebo_plugin/share/colcon-core/packages/realsense_gazebo_plugin)
[1.415s] Level 1:colcon.colcon_core.environment:create_environment_scripts_only(realsense_gazebo_plugin)
[1.415s] Level 1:colcon.colcon_core.environment:checking '/home/bizare/Desktop/cw2_team_14/install/realsense_gazebo_plugin' for CMake module files
[1.416s] Level 1:colcon.colcon_core.environment:checking '/home/bizare/Desktop/cw2_team_14/install/realsense_gazebo_plugin' for CMake config files
[1.416s] Level 1:colcon.colcon_core.shell:create_environment_hook('realsense_gazebo_plugin', 'cmake_prefix_path')
[1.416s] INFO:colcon.colcon_core.shell:Creating environment hook '/home/bizare/Desktop/cw2_team_14/install/realsense_gazebo_plugin/share/realsense_gazebo_plugin/hook/cmake_prefix_path.ps1'
[1.428s] INFO:colcon.colcon_core.shell:Creating environment descriptor '/home/bizare/Desktop/cw2_team_14/install/realsense_gazebo_plugin/share/realsense_gazebo_plugin/hook/cmake_prefix_path.dsv'
[1.428s] INFO:colcon.colcon_core.shell:Creating environment hook '/home/bizare/Desktop/cw2_team_14/install/realsense_gazebo_plugin/share/realsense_gazebo_plugin/hook/cmake_prefix_path.sh'
[1.429s] Level 1:colcon.colcon_core.environment:checking '/home/bizare/Desktop/cw2_team_14/install/realsense_gazebo_plugin/lib'
[1.434s] Level 1:colcon.colcon_core.shell:create_environment_hook('realsense_gazebo_plugin', 'ld_library_path_lib')
[1.434s] INFO:colcon.colcon_core.shell:Creating environment hook '/home/bizare/Desktop/cw2_team_14/install/realsense_gazebo_plugin/share/realsense_gazebo_plugin/hook/ld_library_path_lib.ps1'
[1.434s] INFO:colcon.colcon_core.shell:Creating environment descriptor '/home/bizare/Desktop/cw2_team_14/install/realsense_gazebo_plugin/share/realsense_gazebo_plugin/hook/ld_library_path_lib.dsv'
[1.435s] INFO:colcon.colcon_core.shell:Creating environment hook '/home/bizare/Desktop/cw2_team_14/install/realsense_gazebo_plugin/share/realsense_gazebo_plugin/hook/ld_library_path_lib.sh'
[1.438s] Level 1:colcon.colcon_core.environment:checking '/home/bizare/Desktop/cw2_team_14/install/realsense_gazebo_plugin/bin'
[1.438s] Level 1:colcon.colcon_core.environment:checking '/home/bizare/Desktop/cw2_team_14/install/realsense_gazebo_plugin/lib/pkgconfig/realsense_gazebo_plugin.pc'
[1.438s] Level 1:colcon.colcon_core.environment:checking '/home/bizare/Desktop/cw2_team_14/install/realsense_gazebo_plugin/lib/python3.10/site-packages'
[1.438s] Level 1:colcon.colcon_core.environment:checking '/home/bizare/Desktop/cw2_team_14/install/realsense_gazebo_plugin/bin'
[1.439s] INFO:colcon.colcon_core.shell:Creating package script '/home/bizare/Desktop/cw2_team_14/install/realsense_gazebo_plugin/share/realsense_gazebo_plugin/package.ps1'
[1.439s] INFO:colcon.colcon_core.shell:Creating package descriptor '/home/bizare/Desktop/cw2_team_14/install/realsense_gazebo_plugin/share/realsense_gazebo_plugin/package.dsv'
[1.446s] INFO:colcon.colcon_core.shell:Creating package script '/home/bizare/Desktop/cw2_team_14/install/realsense_gazebo_plugin/share/realsense_gazebo_plugin/package.sh'
[1.449s] INFO:colcon.colcon_core.shell:Creating package script '/home/bizare/Desktop/cw2_team_14/install/realsense_gazebo_plugin/share/realsense_gazebo_plugin/package.bash'
[1.452s] INFO:colcon.colcon_core.shell:Creating package script '/home/bizare/Desktop/cw2_team_14/install/realsense_gazebo_plugin/share/realsense_gazebo_plugin/package.zsh'
[1.453s] Level 1:colcon.colcon_core.environment:create_file_with_runtime_dependencies(/home/bizare/Desktop/cw2_team_14/install/realsense_gazebo_plugin/share/colcon-core/packages/realsense_gazebo_plugin)
[1.456s] INFO:colcon.colcon_ros.task.ament_cmake.build:Building ROS package in '/home/bizare/Desktop/cw2_team_14/src/courseworks/cw1_world_spawner' with build type 'ament_cmake'
[1.458s] INFO:colcon.colcon_cmake.task.cmake.build:Building CMake package in '/home/bizare/Desktop/cw2_team_14/src/courseworks/cw1_world_spawner'
[1.458s] INFO:colcon.colcon_core.shell:Skip shell extension 'powershell' for command environment: Not usable outside of PowerShell
[1.458s] DEBUG:colcon.colcon_core.shell:Skip shell extension 'dsv' for command environment
[1.501s] DEBUG:colcon.colcon_core.event_handler.log_command:Invoking command in '/home/bizare/Desktop/cw2_team_14/build/cw1_world_spawner': CMAKE_PREFIX_PATH=${CMAKE_PREFIX_PATH}:/opt/ros/humble /usr/bin/cmake --build /home/bizare/Desktop/cw2_team_14/build/cw1_world_spawner -- -j2 -l2
[3.031s] DEBUG:colcon.colcon_core.event_handler.log_command:Invoked command in '/home/bizare/Desktop/cw2_team_14/build/cw2_world_spawner' returned '0': CMAKE_PREFIX_PATH=${CMAKE_PREFIX_PATH}:/opt/ros/humble /usr/bin/cmake --build /home/bizare/Desktop/cw2_team_14/build/cw2_world_spawner -- -j2 -l2
[3.036s] DEBUG:colcon.colcon_core.event_handler.log_command:Invoking command in '/home/bizare/Desktop/cw2_team_14/build/cw2_world_spawner': CMAKE_PREFIX_PATH=${CMAKE_PREFIX_PATH}:/opt/ros/humble /usr/bin/cmake --install /home/bizare/Desktop/cw2_team_14/build/cw2_world_spawner
[3.373s] Level 1:colcon.colcon_core.environment:create_environment_scripts_only(cw2_world_spawner)
[3.376s] Level 1:colcon.colcon_core.environment:checking '/home/bizare/Desktop/cw2_team_14/install/cw2_world_spawner' for CMake module files
[3.376s] Level 1:colcon.colcon_core.environment:checking '/home/bizare/Desktop/cw2_team_14/install/cw2_world_spawner' for CMake config files
[3.377s] Level 1:colcon.colcon_core.shell:create_environment_hook('cw2_world_spawner', 'cmake_prefix_path')
[3.377s] INFO:colcon.colcon_core.shell:Creating environment hook '/home/bizare/Desktop/cw2_team_14/install/cw2_world_spawner/share/cw2_world_spawner/hook/cmake_prefix_path.ps1'
[3.376s] DEBUG:colcon.colcon_core.event_handler.log_command:Invoked command in '/home/bizare/Desktop/cw2_team_14/build/cw2_world_spawner' returned '0': CMAKE_PREFIX_PATH=${CMAKE_PREFIX_PATH}:/opt/ros/humble /usr/bin/cmake --install /home/bizare/Desktop/cw2_team_14/build/cw2_world_spawner
[3.381s] INFO:colcon.colcon_core.shell:Creating environment descriptor '/home/bizare/Desktop/cw2_team_14/install/cw2_world_spawner/share/cw2_world_spawner/hook/cmake_prefix_path.dsv'
[3.382s] INFO:colcon.colcon_core.shell:Creating environment hook '/home/bizare/Desktop/cw2_team_14/install/cw2_world_spawner/share/cw2_world_spawner/hook/cmake_prefix_path.sh'
[3.382s] Level 1:colcon.colcon_core.environment:checking '/home/bizare/Desktop/cw2_team_14/install/cw2_world_spawner/lib'
[3.385s] Level 1:colcon.colcon_core.shell:create_environment_hook('cw2_world_spawner', 'ld_library_path_lib')
[3.386s] INFO:colcon.colcon_core.shell:Creating environment hook '/home/bizare/Desktop/cw2_team_14/install/cw2_world_spawner/share/cw2_world_spawner/hook/ld_library_path_lib.ps1'
[3.386s] INFO:colcon.colcon_core.shell:Creating environment descriptor '/home/bizare/Desktop/cw2_team_14/install/cw2_world_spawner/share/cw2_world_spawner/hook/ld_library_path_lib.dsv'
[3.386s] INFO:colcon.colcon_core.shell:Creating environment hook '/home/bizare/Desktop/cw2_team_14/install/cw2_world_spawner/share/cw2_world_spawner/hook/ld_library_path_lib.sh'
[3.387s] Level 1:colcon.colcon_core.environment:checking '/home/bizare/Desktop/cw2_team_14/install/cw2_world_spawner/bin'
[3.387s] Level 1:colcon.colcon_core.environment:checking '/home/bizare/Desktop/cw2_team_14/install/cw2_world_spawner/lib/pkgconfig/cw2_world_spawner.pc'
[3.387s] Level 1:colcon.colcon_core.environment:checking '/home/bizare/Desktop/cw2_team_14/install/cw2_world_spawner/lib/python3.10/site-packages'
[3.392s] Level 1:colcon.colcon_core.environment:checking '/home/bizare/Desktop/cw2_team_14/install/cw2_world_spawner/bin'
[3.392s] INFO:colcon.colcon_core.shell:Creating package script '/home/bizare/Desktop/cw2_team_14/install/cw2_world_spawner/share/cw2_world_spawner/package.ps1'
[3.393s] INFO:colcon.colcon_core.shell:Creating package descriptor '/home/bizare/Desktop/cw2_team_14/install/cw2_world_spawner/share/cw2_world_spawner/package.dsv'
[3.393s] INFO:colcon.colcon_core.shell:Creating package script '/home/bizare/Desktop/cw2_team_14/install/cw2_world_spawner/share/cw2_world_spawner/package.sh'
[3.394s] INFO:colcon.colcon_core.shell:Creating package script '/home/bizare/Desktop/cw2_team_14/install/cw2_world_spawner/share/cw2_world_spawner/package.bash'
[3.397s] INFO:colcon.colcon_core.shell:Creating package script '/home/bizare/Desktop/cw2_team_14/install/cw2_world_spawner/share/cw2_world_spawner/package.zsh'
[3.400s] Level 1:colcon.colcon_core.environment:create_file_with_runtime_dependencies(/home/bizare/Desktop/cw2_team_14/install/cw2_world_spawner/share/colcon-core/packages/cw2_world_spawner)
[3.400s] Level 1:colcon.colcon_core.environment:create_environment_scripts_only(cw2_world_spawner)
[3.400s] Level 1:colcon.colcon_core.environment:checking '/home/bizare/Desktop/cw2_team_14/install/cw2_world_spawner' for CMake module files
[3.408s] Level 1:colcon.colcon_core.environment:checking '/home/bizare/Desktop/cw2_team_14/install/cw2_world_spawner' for CMake config files
[3.408s] Level 1:colcon.colcon_core.shell:create_environment_hook('cw2_world_spawner', 'cmake_prefix_path')
[3.408s] INFO:colcon.colcon_core.shell:Creating environment hook '/home/bizare/Desktop/cw2_team_14/install/cw2_world_spawner/share/cw2_world_spawner/hook/cmake_prefix_path.ps1'
[3.409s] INFO:colcon.colcon_core.shell:Creating environment descriptor '/home/bizare/Desktop/cw2_team_14/install/cw2_world_spawner/share/cw2_world_spawner/hook/cmake_prefix_path.dsv'
[3.415s] INFO:colcon.colcon_core.shell:Creating environment hook '/home/bizare/Desktop/cw2_team_14/install/cw2_world_spawner/share/cw2_world_spawner/hook/cmake_prefix_path.sh'
[3.419s] Level 1:colcon.colcon_core.environment:checking '/home/bizare/Desktop/cw2_team_14/install/cw2_world_spawner/lib'
[3.419s] Level 1:colcon.colcon_core.shell:create_environment_hook('cw2_world_spawner', 'ld_library_path_lib')
[3.420s] INFO:colcon.colcon_core.shell:Creating environment hook '/home/bizare/Desktop/cw2_team_14/install/cw2_world_spawner/share/cw2_world_spawner/hook/ld_library_path_lib.ps1'
[3.420s] INFO:colcon.colcon_core.shell:Creating environment descriptor '/home/bizare/Desktop/cw2_team_14/install/cw2_world_spawner/share/cw2_world_spawner/hook/ld_library_path_lib.dsv'
[3.421s] INFO:colcon.colcon_core.shell:Creating environment hook '/home/bizare/Desktop/cw2_team_14/install/cw2_world_spawner/share/cw2_world_spawner/hook/ld_library_path_lib.sh'
[3.422s] Level 1:colcon.colcon_core.environment:checking '/home/bizare/Desktop/cw2_team_14/install/cw2_world_spawner/bin'
[3.422s] Level 1:colcon.colcon_core.environment:checking '/home/bizare/Desktop/cw2_team_14/install/cw2_world_spawner/lib/pkgconfig/cw2_world_spawner.pc'
[3.423s] Level 1:colcon.colcon_core.environment:checking '/home/bizare/Desktop/cw2_team_14/install/cw2_world_spawner/lib/python3.10/site-packages'
[3.423s] Level 1:colcon.colcon_core.environment:checking '/home/bizare/Desktop/cw2_team_14/install/cw2_world_spawner/bin'
[3.423s] INFO:colcon.colcon_core.shell:Creating package script '/home/bizare/Desktop/cw2_team_14/install/cw2_world_spawner/share/cw2_world_spawner/package.ps1'
[3.425s] INFO:colcon.colcon_core.shell:Creating package descriptor '/home/bizare/Desktop/cw2_team_14/install/cw2_world_spawner/share/cw2_world_spawner/package.dsv'
[3.428s] INFO:colcon.colcon_core.shell:Creating package script '/home/bizare/Desktop/cw2_team_14/install/cw2_world_spawner/share/cw2_world_spawner/package.sh'
[3.428s] INFO:colcon.colcon_core.shell:Creating package script '/home/bizare/Desktop/cw2_team_14/install/cw2_world_spawner/share/cw2_world_spawner/package.bash'
[3.429s] INFO:colcon.colcon_core.shell:Creating package script '/home/bizare/Desktop/cw2_team_14/install/cw2_world_spawner/share/cw2_world_spawner/package.zsh'
[3.430s] Level 1:colcon.colcon_core.environment:create_file_with_runtime_dependencies(/home/bizare/Desktop/cw2_team_14/install/cw2_world_spawner/share/colcon-core/packages/cw2_world_spawner)
[3.430s] INFO:colcon.colcon_ros.task.ament_cmake.build:Building ROS package in '/home/bizare/Desktop/cw2_team_14/src/courseworks/panda_description' with build type 'ament_cmake'
[3.430s] INFO:colcon.colcon_cmake.task.cmake.build:Building CMake package in '/home/bizare/Desktop/cw2_team_14/src/courseworks/panda_description'
[3.431s] INFO:colcon.colcon_core.shell:Skip shell extension 'powershell' for command environment: Not usable outside of PowerShell
[3.431s] DEBUG:colcon.colcon_core.shell:Skip shell extension 'dsv' for command environment
[3.471s] DEBUG:colcon.colcon_core.event_handler.log_command:Invoking command in '/home/bizare/Desktop/cw2_team_14/build/panda_description': CMAKE_PREFIX_PATH=${CMAKE_PREFIX_PATH}:/opt/ros/humble /usr/bin/cmake --build /home/bizare/Desktop/cw2_team_14/build/panda_description -- -j2 -l2
[3.565s] DEBUG:colcon.colcon_core.event_handler.log_command:Invoked command in '/home/bizare/Desktop/cw2_team_14/build/cw1_world_spawner' returned '0': CMAKE_PREFIX_PATH=${CMAKE_PREFIX_PATH}:/opt/ros/humble /usr/bin/cmake --build /home/bizare/Desktop/cw2_team_14/build/cw1_world_spawner -- -j2 -l2
[3.565s] DEBUG:colcon.colcon_core.event_handler.log_command:Invoking command in '/home/bizare/Desktop/cw2_team_14/build/cw1_world_spawner': CMAKE_PREFIX_PATH=${CMAKE_PREFIX_PATH}:/opt/ros/humble /usr/bin/cmake --install /home/bizare/Desktop/cw2_team_14/build/cw1_world_spawner
[3.571s] DEBUG:colcon.colcon_core.event_handler.log_command:Invoked command in '/home/bizare/Desktop/cw2_team_14/build/panda_description' returned '0': CMAKE_PREFIX_PATH=${CMAKE_PREFIX_PATH}:/opt/ros/humble /usr/bin/cmake --build /home/bizare/Desktop/cw2_team_14/build/panda_description -- -j2 -l2
[3.579s] DEBUG:colcon.colcon_core.event_handler.log_command:Invoking command in '/home/bizare/Desktop/cw2_team_14/build/panda_description': CMAKE_PREFIX_PATH=${CMAKE_PREFIX_PATH}:/opt/ros/humble /usr/bin/cmake --install /home/bizare/Desktop/cw2_team_14/build/panda_description
[3.643s] Level 1:colcon.colcon_core.environment:create_environment_scripts_only(panda_description)
[3.643s] Level 1:colcon.colcon_core.environment:checking '/home/bizare/Desktop/cw2_team_14/install/panda_description' for CMake module files
[3.644s] Level 1:colcon.colcon_core.environment:checking '/home/bizare/Desktop/cw2_team_14/install/panda_description' for CMake config files
[3.644s] Level 1:colcon.colcon_core.shell:create_environment_hook('panda_description', 'cmake_prefix_path')
[3.644s] INFO:colcon.colcon_core.shell:Creating environment hook '/home/bizare/Desktop/cw2_team_14/install/panda_description/share/panda_description/hook/cmake_prefix_path.ps1'
[3.647s] DEBUG:colcon.colcon_core.event_handler.log_command:Invoked command in '/home/bizare/Desktop/cw2_team_14/build/panda_description' returned '0': CMAKE_PREFIX_PATH=${CMAKE_PREFIX_PATH}:/opt/ros/humble /usr/bin/cmake --install /home/bizare/Desktop/cw2_team_14/build/panda_description
[3.647s] INFO:colcon.colcon_core.shell:Creating environment descriptor '/home/bizare/Desktop/cw2_team_14/install/panda_description/share/panda_description/hook/cmake_prefix_path.dsv'
[3.647s] INFO:colcon.colcon_core.shell:Creating environment hook '/home/bizare/Desktop/cw2_team_14/install/panda_description/share/panda_description/hook/cmake_prefix_path.sh'
[3.648s] Level 1:colcon.colcon_core.environment:checking '/home/bizare/Desktop/cw2_team_14/install/panda_description/bin'
[3.648s] Level 1:colcon.colcon_core.environment:checking '/home/bizare/Desktop/cw2_team_14/install/panda_description/lib/pkgconfig/panda_description.pc'
[3.648s] Level 1:colcon.colcon_core.environment:checking '/home/bizare/Desktop/cw2_team_14/install/panda_description/lib/python3.10/site-packages'
[3.648s] Level 1:colcon.colcon_core.environment:checking '/home/bizare/Desktop/cw2_team_14/install/panda_description/bin'
[3.651s] INFO:colcon.colcon_core.shell:Creating package script '/home/bizare/Desktop/cw2_team_14/install/panda_description/share/panda_description/package.ps1'
[3.651s] INFO:colcon.colcon_core.shell:Creating package descriptor '/home/bizare/Desktop/cw2_team_14/install/panda_description/share/panda_description/package.dsv'
[3.652s] INFO:colcon.colcon_core.shell:Creating package script '/home/bizare/Desktop/cw2_team_14/install/panda_description/share/panda_description/package.sh'
[3.654s] INFO:colcon.colcon_core.shell:Creating package script '/home/bizare/Desktop/cw2_team_14/install/panda_description/share/panda_description/package.bash'
[3.657s] INFO:colcon.colcon_core.shell:Creating package script '/home/bizare/Desktop/cw2_team_14/install/panda_description/share/panda_description/package.zsh'
[3.657s] Level 1:colcon.colcon_core.environment:create_file_with_runtime_dependencies(/home/bizare/Desktop/cw2_team_14/install/panda_description/share/colcon-core/packages/panda_description)
[3.658s] Level 1:colcon.colcon_core.environment:create_environment_scripts_only(panda_description)
[3.658s] Level 1:colcon.colcon_core.environment:checking '/home/bizare/Desktop/cw2_team_14/install/panda_description' for CMake module files
[3.658s] Level 1:colcon.colcon_core.environment:checking '/home/bizare/Desktop/cw2_team_14/install/panda_description' for CMake config files
[3.658s] Level 1:colcon.colcon_core.shell:create_environment_hook('panda_description', 'cmake_prefix_path')
[3.658s] INFO:colcon.colcon_core.shell:Creating environment hook '/home/bizare/Desktop/cw2_team_14/install/panda_description/share/panda_description/hook/cmake_prefix_path.ps1'
[3.661s] INFO:colcon.colcon_core.shell:Creating environment descriptor '/home/bizare/Desktop/cw2_team_14/install/panda_description/share/panda_description/hook/cmake_prefix_path.dsv'
[3.661s] INFO:colcon.colcon_core.shell:Creating environment hook '/home/bizare/Desktop/cw2_team_14/install/panda_description/share/panda_description/hook/cmake_prefix_path.sh'
[3.662s] Level 1:colcon.colcon_core.environment:checking '/home/bizare/Desktop/cw2_team_14/install/panda_description/bin'
[3.662s] Level 1:colcon.colcon_core.environment:checking '/home/bizare/Desktop/cw2_team_14/install/panda_description/lib/pkgconfig/panda_description.pc'
[3.662s] Level 1:colcon.colcon_core.environment:checking '/home/bizare/Desktop/cw2_team_14/install/panda_description/lib/python3.10/site-packages'
[3.662s] Level 1:colcon.colcon_core.environment:checking '/home/bizare/Desktop/cw2_team_14/install/panda_description/bin'
[3.665s] INFO:colcon.colcon_core.shell:Creating package script '/home/bizare/Desktop/cw2_team_14/install/panda_description/share/panda_description/package.ps1'
[3.665s] INFO:colcon.colcon_core.shell:Creating package descriptor '/home/bizare/Desktop/cw2_team_14/install/panda_description/share/panda_description/package.dsv'
[3.666s] INFO:colcon.colcon_core.shell:Creating package script '/home/bizare/Desktop/cw2_team_14/install/panda_description/share/panda_description/package.sh'
[3.666s] INFO:colcon.colcon_core.shell:Creating package script '/home/bizare/Desktop/cw2_team_14/install/panda_description/share/panda_description/package.bash'
[3.668s] INFO:colcon.colcon_core.shell:Creating package script '/home/bizare/Desktop/cw2_team_14/install/panda_description/share/panda_description/package.zsh'
[3.669s] Level 1:colcon.colcon_core.environment:create_file_with_runtime_dependencies(/home/bizare/Desktop/cw2_team_14/install/panda_description/share/colcon-core/packages/panda_description)
[3.671s] INFO:colcon.colcon_ros.task.ament_cmake.build:Building ROS package in '/home/bizare/Desktop/cw2_team_14/src/courseworks/cw2_team_14' with build type 'ament_cmake'
[3.671s] INFO:colcon.colcon_cmake.task.cmake.build:Building CMake package in '/home/bizare/Desktop/cw2_team_14/src/courseworks/cw2_team_14'
[3.671s] INFO:colcon.colcon_core.shell:Skip shell extension 'powershell' for command environment: Not usable outside of PowerShell
[3.671s] DEBUG:colcon.colcon_core.shell:Skip shell extension 'dsv' for command environment
[3.696s] DEBUG:colcon.colcon_core.event_handler.log_command:Invoking command in '/home/bizare/Desktop/cw2_team_14/build/cw2_team_14': CMAKE_PREFIX_PATH=/home/bizare/Desktop/cw2_team_14/install/cw2_world_spawner:/home/bizare/Desktop/cw2_team_14/install/rpl_panda_with_rs:/home/bizare/Desktop/cw2_team_14/install/realsense_gazebo_plugin:/home/bizare/Desktop/cw2_team_14/install/panda_moveit_config:/home/bizare/Desktop/cw2_team_14/install/panda_description:/home/bizare/Desktop/cw2_team_14/install/cw2_team_14:/home/bizare/Desktop/cw2_team_14/install/cw1_world_spawner:/opt/ros/humble LD_LIBRARY_PATH=/home/bizare/Desktop/cw2_team_14/install/cw2_world_spawner/lib:/home/bizare/Desktop/cw2_team_14/install/realsense_gazebo_plugin/lib:/home/bizare/Desktop/cw2_team_14/install/cw2_team_14/lib:/home/bizare/Desktop/cw2_team_14/install/cw1_world_spawner/lib:/usr/lib/x86_64-linux-gnu/gazebo-11/plugins:/opt/ros/humble/opt/rviz_ogre_vendor/lib:/opt/ros/humble/lib/x86_64-linux-gnu:/opt/ros/humble/lib /usr/bin/cmake --build /home/bizare/Desktop/cw2_team_14/build/cw2_team_14 -- -j2 -l2
[3.882s] Level 1:colcon.colcon_core.environment:create_environment_scripts_only(cw1_world_spawner)
[3.883s] Level 1:colcon.colcon_core.environment:checking '/home/bizare/Desktop/cw2_team_14/install/cw1_world_spawner' for CMake module files
[3.885s] DEBUG:colcon.colcon_core.event_handler.log_command:Invoked command in '/home/bizare/Desktop/cw2_team_14/build/cw1_world_spawner' returned '0': CMAKE_PREFIX_PATH=${CMAKE_PREFIX_PATH}:/opt/ros/humble /usr/bin/cmake --install /home/bizare/Desktop/cw2_team_14/build/cw1_world_spawner
[3.887s] Level 1:colcon.colcon_core.environment:checking '/home/bizare/Desktop/cw2_team_14/install/cw1_world_spawner' for CMake config files
[3.888s] Level 1:colcon.colcon_core.shell:create_environment_hook('cw1_world_spawner', 'cmake_prefix_path')
[3.888s] INFO:colcon.colcon_core.shell:Creating environment hook '/home/bizare/Desktop/cw2_team_14/install/cw1_world_spawner/share/cw1_world_spawner/hook/cmake_prefix_path.ps1'
[3.891s] INFO:colcon.colcon_core.shell:Creating environment descriptor '/home/bizare/Desktop/cw2_team_14/install/cw1_world_spawner/share/cw1_world_spawner/hook/cmake_prefix_path.dsv'
[3.892s] INFO:colcon.colcon_core.shell:Creating environment hook '/home/bizare/Desktop/cw2_team_14/install/cw1_world_spawner/share/cw1_world_spawner/hook/cmake_prefix_path.sh'
[3.894s] Level 1:colcon.colcon_core.environment:checking '/home/bizare/Desktop/cw2_team_14/install/cw1_world_spawner/lib'
[3.894s] Level 1:colcon.colcon_core.shell:create_environment_hook('cw1_world_spawner', 'ld_library_path_lib')
[3.894s] INFO:colcon.colcon_core.shell:Creating environment hook '/home/bizare/Desktop/cw2_team_14/install/cw1_world_spawner/share/cw1_world_spawner/hook/ld_library_path_lib.ps1'
[3.897s] INFO:colcon.colcon_core.shell:Creating environment descriptor '/home/bizare/Desktop/cw2_team_14/install/cw1_world_spawner/share/cw1_world_spawner/hook/ld_library_path_lib.dsv'
[3.897s] INFO:colcon.colcon_core.shell:Creating environment hook '/home/bizare/Desktop/cw2_team_14/install/cw1_world_spawner/share/cw1_world_spawner/hook/ld_library_path_lib.sh'
[3.900s] Level 1:colcon.colcon_core.environment:checking '/home/bizare/Desktop/cw2_team_14/install/cw1_world_spawner/bin'
[3.900s] Level 1:colcon.colcon_core.environment:checking '/home/bizare/Desktop/cw2_team_14/install/cw1_world_spawner/lib/pkgconfig/cw1_world_spawner.pc'
[3.900s] Level 1:colcon.colcon_core.environment:checking '/home/bizare/Desktop/cw2_team_14/install/cw1_world_spawner/lib/python3.10/site-packages'
[3.900s] Level 1:colcon.colcon_core.environment:checking '/home/bizare/Desktop/cw2_team_14/install/cw1_world_spawner/bin'
[3.901s] INFO:colcon.colcon_core.shell:Creating package script '/home/bizare/Desktop/cw2_team_14/install/cw1_world_spawner/share/cw1_world_spawner/package.ps1'
[3.901s] INFO:colcon.colcon_core.shell:Creating package descriptor '/home/bizare/Desktop/cw2_team_14/install/cw1_world_spawner/share/cw1_world_spawner/package.dsv'
[3.910s] INFO:colcon.colcon_core.shell:Creating package script '/home/bizare/Desktop/cw2_team_14/install/cw1_world_spawner/share/cw1_world_spawner/package.sh'
[3.910s] INFO:colcon.colcon_core.shell:Creating package script '/home/bizare/Desktop/cw2_team_14/install/cw1_world_spawner/share/cw1_world_spawner/package.bash'
[3.911s] INFO:colcon.colcon_core.shell:Creating package script '/home/bizare/Desktop/cw2_team_14/install/cw1_world_spawner/share/cw1_world_spawner/package.zsh'
[3.911s] Level 1:colcon.colcon_core.environment:create_file_with_runtime_dependencies(/home/bizare/Desktop/cw2_team_14/install/cw1_world_spawner/share/colcon-core/packages/cw1_world_spawner)
[3.918s] Level 1:colcon.colcon_core.environment:create_environment_scripts_only(cw1_world_spawner)
[3.919s] Level 1:colcon.colcon_core.environment:checking '/home/bizare/Desktop/cw2_team_14/install/cw1_world_spawner' for CMake module files
[3.919s] Level 1:colcon.colcon_core.environment:checking '/home/bizare/Desktop/cw2_team_14/install/cw1_world_spawner' for CMake config files
[3.920s] Level 1:colcon.colcon_core.shell:create_environment_hook('cw1_world_spawner', 'cmake_prefix_path')
[3.920s] INFO:colcon.colcon_core.shell:Creating environment hook '/home/bizare/Desktop/cw2_team_14/install/cw1_world_spawner/share/cw1_world_spawner/hook/cmake_prefix_path.ps1'
[3.920s] INFO:colcon.colcon_core.shell:Creating environment descriptor '/home/bizare/Desktop/cw2_team_14/install/cw1_world_spawner/share/cw1_world_spawner/hook/cmake_prefix_path.dsv'
[3.921s] INFO:colcon.colcon_core.shell:Creating environment hook '/home/bizare/Desktop/cw2_team_14/install/cw1_world_spawner/share/cw1_world_spawner/hook/cmake_prefix_path.sh'
[3.921s] Level 1:colcon.colcon_core.environment:checking '/home/bizare/Desktop/cw2_team_14/install/cw1_world_spawner/lib'
[3.921s] Level 1:colcon.colcon_core.shell:create_environment_hook('cw1_world_spawner', 'ld_library_path_lib')
[3.922s] INFO:colcon.colcon_core.shell:Creating environment hook '/home/bizare/Desktop/cw2_team_14/install/cw1_world_spawner/share/cw1_world_spawner/hook/ld_library_path_lib.ps1'
[3.922s] INFO:colcon.colcon_core.shell:Creating environment descriptor '/home/bizare/Desktop/cw2_team_14/install/cw1_world_spawner/share/cw1_world_spawner/hook/ld_library_path_lib.dsv'
[3.923s] INFO:colcon.colcon_core.shell:Creating environment hook '/home/bizare/Desktop/cw2_team_14/install/cw1_world_spawner/share/cw1_world_spawner/hook/ld_library_path_lib.sh'
[3.923s] Level 1:colcon.colcon_core.environment:checking '/home/bizare/Desktop/cw2_team_14/install/cw1_world_spawner/bin'
[3.923s] Level 1:colcon.colcon_core.environment:checking '/home/bizare/Desktop/cw2_team_14/install/cw1_world_spawner/lib/pkgconfig/cw1_world_spawner.pc'
[3.924s] Level 1:colcon.colcon_core.environment:checking '/home/bizare/Desktop/cw2_team_14/install/cw1_world_spawner/lib/python3.10/site-packages'
[3.924s] Level 1:colcon.colcon_core.environment:checking '/home/bizare/Desktop/cw2_team_14/install/cw1_world_spawner/bin'
[3.924s] INFO:colcon.colcon_core.shell:Creating package script '/home/bizare/Desktop/cw2_team_14/install/cw1_world_spawner/share/cw1_world_spawner/package.ps1'
[3.925s] INFO:colcon.colcon_core.shell:Creating package descriptor '/home/bizare/Desktop/cw2_team_14/install/cw1_world_spawner/share/cw1_world_spawner/package.dsv'
[3.925s] INFO:colcon.colcon_core.shell:Creating package script '/home/bizare/Desktop/cw2_team_14/install/cw1_world_spawner/share/cw1_world_spawner/package.sh'
[3.926s] INFO:colcon.colcon_core.shell:Creating package script '/home/bizare/Desktop/cw2_team_14/install/cw1_world_spawner/share/cw1_world_spawner/package.bash'
[3.927s] INFO:colcon.colcon_core.shell:Creating package script '/home/bizare/Desktop/cw2_team_14/install/cw1_world_spawner/share/cw1_world_spawner/package.zsh'
[3.927s] Level 1:colcon.colcon_core.environment:create_file_with_runtime_dependencies(/home/bizare/Desktop/cw2_team_14/install/cw1_world_spawner/share/colcon-core/packages/cw1_world_spawner)
[3.928s] INFO:colcon.colcon_ros.task.ament_cmake.build:Building ROS package in '/home/bizare/Desktop/cw2_team_14/src/courseworks/rpl_panda_with_rs' with build type 'ament_cmake'
[3.929s] INFO:colcon.colcon_cmake.task.cmake.build:Building CMake package in '/home/bizare/Desktop/cw2_team_14/src/courseworks/rpl_panda_with_rs'
[3.929s] INFO:colcon.colcon_core.shell:Skip shell extension 'powershell' for command environment: Not usable outside of PowerShell
[3.929s] DEBUG:colcon.colcon_core.shell:Skip shell extension 'dsv' for command environment
[3.965s] DEBUG:colcon.colcon_core.event_handler.log_command:Invoking command in '/home/bizare/Desktop/cw2_team_14/build/rpl_panda_with_rs': CMAKE_PREFIX_PATH=/home/bizare/Desktop/cw2_team_14/install/realsense_gazebo_plugin:/home/bizare/Desktop/cw2_team_14/install/panda_moveit_config:/home/bizare/Desktop/cw2_team_14/install/rpl_panda_with_rs:/home/bizare/Desktop/cw2_team_14/install/panda_description:/home/bizare/Desktop/cw2_team_14/install/cw2_team_14:/home/bizare/Desktop/cw2_team_14/install/cw2_world_spawner:/home/bizare/Desktop/cw2_team_14/install/cw1_world_spawner:/opt/ros/humble /usr/bin/cmake --build /home/bizare/Desktop/cw2_team_14/build/rpl_panda_with_rs -- -j2 -l2
[4.052s] DEBUG:colcon.colcon_core.event_handler.log_command:Invoked command in '/home/bizare/Desktop/cw2_team_14/build/rpl_panda_with_rs' returned '0': CMAKE_PREFIX_PATH=/home/bizare/Desktop/cw2_team_14/install/realsense_gazebo_plugin:/home/bizare/Desktop/cw2_team_14/install/panda_moveit_config:/home/bizare/Desktop/cw2_team_14/install/rpl_panda_with_rs:/home/bizare/Desktop/cw2_team_14/install/panda_description:/home/bizare/Desktop/cw2_team_14/install/cw2_team_14:/home/bizare/Desktop/cw2_team_14/install/cw2_world_spawner:/home/bizare/Desktop/cw2_team_14/install/cw1_world_spawner:/opt/ros/humble /usr/bin/cmake --build /home/bizare/Desktop/cw2_team_14/build/rpl_panda_with_rs -- -j2 -l2
[4.056s] DEBUG:colcon.colcon_core.event_handler.log_command:Invoking command in '/home/bizare/Desktop/cw2_team_14/build/rpl_panda_with_rs': CMAKE_PREFIX_PATH=/home/bizare/Desktop/cw2_team_14/install/realsense_gazebo_plugin:/home/bizare/Desktop/cw2_team_14/install/panda_moveit_config:/home/bizare/Desktop/cw2_team_14/install/rpl_panda_with_rs:/home/bizare/Desktop/cw2_team_14/install/panda_description:/home/bizare/Desktop/cw2_team_14/install/cw2_team_14:/home/bizare/Desktop/cw2_team_14/install/cw2_world_spawner:/home/bizare/Desktop/cw2_team_14/install/cw1_world_spawner:/opt/ros/humble /usr/bin/cmake --install /home/bizare/Desktop/cw2_team_14/build/rpl_panda_with_rs
[4.073s] Level 1:colcon.colcon_core.environment:create_environment_scripts_only(rpl_panda_with_rs)
[4.074s] Level 1:colcon.colcon_core.environment:checking '/home/bizare/Desktop/cw2_team_14/install/rpl_panda_with_rs' for CMake module files
[4.074s] Level 1:colcon.colcon_core.environment:checking '/home/bizare/Desktop/cw2_team_14/install/rpl_panda_with_rs' for CMake config files
[4.074s] Level 1:colcon.colcon_core.shell:create_environment_hook('rpl_panda_with_rs', 'cmake_prefix_path')
[4.075s] INFO:colcon.colcon_core.shell:Creating environment hook '/home/bizare/Desktop/cw2_team_14/install/rpl_panda_with_rs/share/rpl_panda_with_rs/hook/cmake_prefix_path.ps1'
[4.075s] INFO:colcon.colcon_core.shell:Creating environment descriptor '/home/bizare/Desktop/cw2_team_14/install/rpl_panda_with_rs/share/rpl_panda_with_rs/hook/cmake_prefix_path.dsv'
[4.081s] INFO:colcon.colcon_core.shell:Creating environment hook '/home/bizare/Desktop/cw2_team_14/install/rpl_panda_with_rs/share/rpl_panda_with_rs/hook/cmake_prefix_path.sh'
[4.082s] DEBUG:colcon.colcon_core.event_handler.log_command:Invoked command in '/home/bizare/Desktop/cw2_team_14/build/rpl_panda_with_rs' returned '0': CMAKE_PREFIX_PATH=/home/bizare/Desktop/cw2_team_14/install/realsense_gazebo_plugin:/home/bizare/Desktop/cw2_team_14/install/panda_moveit_config:/home/bizare/Desktop/cw2_team_14/install/rpl_panda_with_rs:/home/bizare/Desktop/cw2_team_14/install/panda_description:/home/bizare/Desktop/cw2_team_14/install/cw2_team_14:/home/bizare/Desktop/cw2_team_14/install/cw2_world_spawner:/home/bizare/Desktop/cw2_team_14/install/cw1_world_spawner:/opt/ros/humble /usr/bin/cmake --install /home/bizare/Desktop/cw2_team_14/build/rpl_panda_with_rs
[4.084s] Level 1:colcon.colcon_core.environment:checking '/home/bizare/Desktop/cw2_team_14/install/rpl_panda_with_rs/lib'
[4.084s] Level 1:colcon.colcon_core.environment:checking '/home/bizare/Desktop/cw2_team_14/install/rpl_panda_with_rs/bin'
[4.084s] Level 1:colcon.colcon_core.environment:checking '/home/bizare/Desktop/cw2_team_14/install/rpl_panda_with_rs/lib/pkgconfig/rpl_panda_with_rs.pc'
[4.085s] Level 1:colcon.colcon_core.environment:checking '/home/bizare/Desktop/cw2_team_14/install/rpl_panda_with_rs/lib/python3.10/site-packages'
[4.085s] Level 1:colcon.colcon_core.environment:checking '/home/bizare/Desktop/cw2_team_14/install/rpl_panda_with_rs/bin'
[4.085s] INFO:colcon.colcon_core.shell:Creating package script '/home/bizare/Desktop/cw2_team_14/install/rpl_panda_with_rs/share/rpl_panda_with_rs/package.ps1'
[4.086s] INFO:colcon.colcon_core.shell:Creating package descriptor '/home/bizare/Desktop/cw2_team_14/install/rpl_panda_with_rs/share/rpl_panda_with_rs/package.dsv'
[4.087s] INFO:colcon.colcon_core.shell:Creating package script '/home/bizare/Desktop/cw2_team_14/install/rpl_panda_with_rs/share/rpl_panda_with_rs/package.sh'
[4.087s] INFO:colcon.colcon_core.shell:Creating package script '/home/bizare/Desktop/cw2_team_14/install/rpl_panda_with_rs/share/rpl_panda_with_rs/package.bash'
[4.088s] INFO:colcon.colcon_core.shell:Creating package script '/home/bizare/Desktop/cw2_team_14/install/rpl_panda_with_rs/share/rpl_panda_with_rs/package.zsh'
[4.088s] Level 1:colcon.colcon_core.environment:create_file_with_runtime_dependencies(/home/bizare/Desktop/cw2_team_14/install/rpl_panda_with_rs/share/colcon-core/packages/rpl_panda_with_rs)
[4.089s] Level 1:colcon.colcon_core.environment:create_environment_scripts_only(rpl_panda_with_rs)
[4.089s] Level 1:colcon.colcon_core.environment:checking '/home/bizare/Desktop/cw2_team_14/install/rpl_panda_with_rs' for CMake module files
[4.089s] Level 1:colcon.colcon_core.environment:checking '/home/bizare/Desktop/cw2_team_14/install/rpl_panda_with_rs' for CMake config files
[4.090s] Level 1:colcon.colcon_core.shell:create_environment_hook('rpl_panda_with_rs', 'cmake_prefix_path')
[4.090s] INFO:colcon.colcon_core.shell:Creating environment hook '/home/bizare/Desktop/cw2_team_14/install/rpl_panda_with_rs/share/rpl_panda_with_rs/hook/cmake_prefix_path.ps1'
[4.090s] INFO:colcon.colcon_core.shell:Creating environment descriptor '/home/bizare/Desktop/cw2_team_14/install/rpl_panda_with_rs/share/rpl_panda_with_rs/hook/cmake_prefix_path.dsv'
[4.092s] INFO:colcon.colcon_core.shell:Creating environment hook '/home/bizare/Desktop/cw2_team_14/install/rpl_panda_with_rs/share/rpl_panda_with_rs/hook/cmake_prefix_path.sh'
[4.093s] Level 1:colcon.colcon_core.environment:checking '/home/bizare/Desktop/cw2_team_14/install/rpl_panda_with_rs/lib'
[4.093s] Level 1:colcon.colcon_core.environment:checking '/home/bizare/Desktop/cw2_team_14/install/rpl_panda_with_rs/bin'
[4.093s] Level 1:colcon.colcon_core.environment:checking '/home/bizare/Desktop/cw2_team_14/install/rpl_panda_with_rs/lib/pkgconfig/rpl_panda_with_rs.pc'
[4.093s] Level 1:colcon.colcon_core.environment:checking '/home/bizare/Desktop/cw2_team_14/install/rpl_panda_with_rs/lib/python3.10/site-packages'
[4.093s] Level 1:colcon.colcon_core.environment:checking '/home/bizare/Desktop/cw2_team_14/install/rpl_panda_with_rs/bin'
[4.095s] INFO:colcon.colcon_core.shell:Creating package script '/home/bizare/Desktop/cw2_team_14/install/rpl_panda_with_rs/share/rpl_panda_with_rs/package.ps1'
[4.095s] INFO:colcon.colcon_core.shell:Creating package descriptor '/home/bizare/Desktop/cw2_team_14/install/rpl_panda_with_rs/share/rpl_panda_with_rs/package.dsv'
[4.096s] INFO:colcon.colcon_core.shell:Creating package script '/home/bizare/Desktop/cw2_team_14/install/rpl_panda_with_rs/share/rpl_panda_with_rs/package.sh'
[4.097s] INFO:colcon.colcon_core.shell:Creating package script '/home/bizare/Desktop/cw2_team_14/install/rpl_panda_with_rs/share/rpl_panda_with_rs/package.bash'
[4.097s] INFO:colcon.colcon_core.shell:Creating package script '/home/bizare/Desktop/cw2_team_14/install/rpl_panda_with_rs/share/rpl_panda_with_rs/package.zsh'
[4.098s] Level 1:colcon.colcon_core.environment:create_file_with_runtime_dependencies(/home/bizare/Desktop/cw2_team_14/install/rpl_panda_with_rs/share/colcon-core/packages/rpl_panda_with_rs)
[32.034s] DEBUG:colcon.colcon_core.event_handler.log_command:Invoked command in '/home/bizare/Desktop/cw2_team_14/build/cw2_team_14' returned '0': CMAKE_PREFIX_PATH=/home/bizare/Desktop/cw2_team_14/install/cw2_world_spawner:/home/bizare/Desktop/cw2_team_14/install/rpl_panda_with_rs:/home/bizare/Desktop/cw2_team_14/install/realsense_gazebo_plugin:/home/bizare/Desktop/cw2_team_14/install/panda_moveit_config:/home/bizare/Desktop/cw2_team_14/install/panda_description:/home/bizare/Desktop/cw2_team_14/install/cw2_team_14:/home/bizare/Desktop/cw2_team_14/install/cw1_world_spawner:/opt/ros/humble LD_LIBRARY_PATH=/home/bizare/Desktop/cw2_team_14/install/cw2_world_spawner/lib:/home/bizare/Desktop/cw2_team_14/install/realsense_gazebo_plugin/lib:/home/bizare/Desktop/cw2_team_14/install/cw2_team_14/lib:/home/bizare/Desktop/cw2_team_14/install/cw1_world_spawner/lib:/usr/lib/x86_64-linux-gnu/gazebo-11/plugins:/opt/ros/humble/opt/rviz_ogre_vendor/lib:/opt/ros/humble/lib/x86_64-linux-gnu:/opt/ros/humble/lib /usr/bin/cmake --build /home/bizare/Desktop/cw2_team_14/build/cw2_team_14 -- -j2 -l2
[32.073s] DEBUG:colcon.colcon_core.event_handler.log_command:Invoking command in '/home/bizare/Desktop/cw2_team_14/build/cw2_team_14': CMAKE_PREFIX_PATH=/home/bizare/Desktop/cw2_team_14/install/cw2_world_spawner:/home/bizare/Desktop/cw2_team_14/install/rpl_panda_with_rs:/home/bizare/Desktop/cw2_team_14/install/realsense_gazebo_plugin:/home/bizare/Desktop/cw2_team_14/install/panda_moveit_config:/home/bizare/Desktop/cw2_team_14/install/panda_description:/home/bizare/Desktop/cw2_team_14/install/cw2_team_14:/home/bizare/Desktop/cw2_team_14/install/cw1_world_spawner:/opt/ros/humble LD_LIBRARY_PATH=/home/bizare/Desktop/cw2_team_14/install/cw2_world_spawner/lib:/home/bizare/Desktop/cw2_team_14/install/realsense_gazebo_plugin/lib:/home/bizare/Desktop/cw2_team_14/install/cw2_team_14/lib:/home/bizare/Desktop/cw2_team_14/install/cw1_world_spawner/lib:/usr/lib/x86_64-linux-gnu/gazebo-11/plugins:/opt/ros/humble/opt/rviz_ogre_vendor/lib:/opt/ros/humble/lib/x86_64-linux-gnu:/opt/ros/humble/lib /usr/bin/cmake --install /home/bizare/Desktop/cw2_team_14/build/cw2_team_14
[32.210s] Level 1:colcon.colcon_core.environment:create_environment_scripts_only(cw2_team_14)
[32.222s] DEBUG:colcon.colcon_core.event_handler.log_command:Invoked command in '/home/bizare/Desktop/cw2_team_14/build/cw2_team_14' returned '0': CMAKE_PREFIX_PATH=/home/bizare/Desktop/cw2_team_14/install/cw2_world_spawner:/home/bizare/Desktop/cw2_team_14/install/rpl_panda_with_rs:/home/bizare/Desktop/cw2_team_14/install/realsense_gazebo_plugin:/home/bizare/Desktop/cw2_team_14/install/panda_moveit_config:/home/bizare/Desktop/cw2_team_14/install/panda_description:/home/bizare/Desktop/cw2_team_14/install/cw2_team_14:/home/bizare/Desktop/cw2_team_14/install/cw1_world_spawner:/opt/ros/humble LD_LIBRARY_PATH=/home/bizare/Desktop/cw2_team_14/install/cw2_world_spawner/lib:/home/bizare/Desktop/cw2_team_14/install/realsense_gazebo_plugin/lib:/home/bizare/Desktop/cw2_team_14/install/cw2_team_14/lib:/home/bizare/Desktop/cw2_team_14/install/cw1_world_spawner/lib:/usr/lib/x86_64-linux-gnu/gazebo-11/plugins:/opt/ros/humble/opt/rviz_ogre_vendor/lib:/opt/ros/humble/lib/x86_64-linux-gnu:/opt/ros/humble/lib /usr/bin/cmake --install /home/bizare/Desktop/cw2_team_14/build/cw2_team_14
[32.223s] Level 1:colcon.colcon_core.environment:checking '/home/bizare/Desktop/cw2_team_14/install/cw2_team_14' for CMake module files
[32.224s] Level 1:colcon.colcon_core.environment:checking '/home/bizare/Desktop/cw2_team_14/install/cw2_team_14' for CMake config files
[32.227s] Level 1:colcon.colcon_core.shell:create_environment_hook('cw2_team_14', 'cmake_prefix_path')
[32.229s] INFO:colcon.colcon_core.shell:Creating environment hook '/home/bizare/Desktop/cw2_team_14/install/cw2_team_14/share/cw2_team_14/hook/cmake_prefix_path.ps1'
[32.239s] INFO:colcon.colcon_core.shell:Creating environment descriptor '/home/bizare/Desktop/cw2_team_14/install/cw2_team_14/share/cw2_team_14/hook/cmake_prefix_path.dsv'
[32.241s] INFO:colcon.colcon_core.shell:Creating environment hook '/home/bizare/Desktop/cw2_team_14/install/cw2_team_14/share/cw2_team_14/hook/cmake_prefix_path.sh'
[32.246s] Level 1:colcon.colcon_core.environment:checking '/home/bizare/Desktop/cw2_team_14/install/cw2_team_14/lib'
[32.247s] Level 1:colcon.colcon_core.shell:create_environment_hook('cw2_team_14', 'ld_library_path_lib')
[32.248s] INFO:colcon.colcon_core.shell:Creating environment hook '/home/bizare/Desktop/cw2_team_14/install/cw2_team_14/share/cw2_team_14/hook/ld_library_path_lib.ps1'
[32.249s] INFO:colcon.colcon_core.shell:Creating environment descriptor '/home/bizare/Desktop/cw2_team_14/install/cw2_team_14/share/cw2_team_14/hook/ld_library_path_lib.dsv'
[32.250s] INFO:colcon.colcon_core.shell:Creating environment hook '/home/bizare/Desktop/cw2_team_14/install/cw2_team_14/share/cw2_team_14/hook/ld_library_path_lib.sh'
[32.251s] Level 1:colcon.colcon_core.environment:checking '/home/bizare/Desktop/cw2_team_14/install/cw2_team_14/bin'
[32.251s] Level 1:colcon.colcon_core.environment:checking '/home/bizare/Desktop/cw2_team_14/install/cw2_team_14/lib/pkgconfig/cw2_team_14.pc'
[32.256s] Level 1:colcon.colcon_core.environment:checking '/home/bizare/Desktop/cw2_team_14/install/cw2_team_14/lib/python3.10/site-packages'
[32.256s] Level 1:colcon.colcon_core.environment:checking '/home/bizare/Desktop/cw2_team_14/install/cw2_team_14/bin'
[32.257s] INFO:colcon.colcon_core.shell:Creating package script '/home/bizare/Desktop/cw2_team_14/install/cw2_team_14/share/cw2_team_14/package.ps1'
[32.259s] INFO:colcon.colcon_core.shell:Creating package descriptor '/home/bizare/Desktop/cw2_team_14/install/cw2_team_14/share/cw2_team_14/package.dsv'
[32.260s] INFO:colcon.colcon_core.shell:Creating package script '/home/bizare/Desktop/cw2_team_14/install/cw2_team_14/share/cw2_team_14/package.sh'
[32.261s] INFO:colcon.colcon_core.shell:Creating package script '/home/bizare/Desktop/cw2_team_14/install/cw2_team_14/share/cw2_team_14/package.bash'
[32.262s] INFO:colcon.colcon_core.shell:Creating package script '/home/bizare/Desktop/cw2_team_14/install/cw2_team_14/share/cw2_team_14/package.zsh'
[32.263s] Level 1:colcon.colcon_core.environment:create_file_with_runtime_dependencies(/home/bizare/Desktop/cw2_team_14/install/cw2_team_14/share/colcon-core/packages/cw2_team_14)
[32.265s] Level 1:colcon.colcon_core.environment:create_environment_scripts_only(cw2_team_14)
[32.265s] Level 1:colcon.colcon_core.environment:checking '/home/bizare/Desktop/cw2_team_14/install/cw2_team_14' for CMake module files
[32.266s] Level 1:colcon.colcon_core.environment:checking '/home/bizare/Desktop/cw2_team_14/install/cw2_team_14' for CMake config files
[32.266s] Level 1:colcon.colcon_core.shell:create_environment_hook('cw2_team_14', 'cmake_prefix_path')
[32.267s] INFO:colcon.colcon_core.shell:Creating environment hook '/home/bizare/Desktop/cw2_team_14/install/cw2_team_14/share/cw2_team_14/hook/cmake_prefix_path.ps1'
[32.268s] INFO:colcon.colcon_core.shell:Creating environment descriptor '/home/bizare/Desktop/cw2_team_14/install/cw2_team_14/share/cw2_team_14/hook/cmake_prefix_path.dsv'
[32.268s] INFO:colcon.colcon_core.shell:Creating environment hook '/home/bizare/Desktop/cw2_team_14/install/cw2_team_14/share/cw2_team_14/hook/cmake_prefix_path.sh'
[32.269s] Level 1:colcon.colcon_core.environment:checking '/home/bizare/Desktop/cw2_team_14/install/cw2_team_14/lib'
[32.269s] Level 1:colcon.colcon_core.shell:create_environment_hook('cw2_team_14', 'ld_library_path_lib')
[32.270s] INFO:colcon.colcon_core.shell:Creating environment hook '/home/bizare/Desktop/cw2_team_14/install/cw2_team_14/share/cw2_team_14/hook/ld_library_path_lib.ps1'
[32.270s] INFO:colcon.colcon_core.shell:Creating environment descriptor '/home/bizare/Desktop/cw2_team_14/install/cw2_team_14/share/cw2_team_14/hook/ld_library_path_lib.dsv'
[32.271s] INFO:colcon.colcon_core.shell:Creating environment hook '/home/bizare/Desktop/cw2_team_14/install/cw2_team_14/share/cw2_team_14/hook/ld_library_path_lib.sh'
[32.272s] Level 1:colcon.colcon_core.environment:checking '/home/bizare/Desktop/cw2_team_14/install/cw2_team_14/bin'
[32.272s] Level 1:colcon.colcon_core.environment:checking '/home/bizare/Desktop/cw2_team_14/install/cw2_team_14/lib/pkgconfig/cw2_team_14.pc'
[32.272s] Level 1:colcon.colcon_core.environment:checking '/home/bizare/Desktop/cw2_team_14/install/cw2_team_14/lib/python3.10/site-packages'
[32.273s] Level 1:colcon.colcon_core.environment:checking '/home/bizare/Desktop/cw2_team_14/install/cw2_team_14/bin'
[32.273s] INFO:colcon.colcon_core.shell:Creating package script '/home/bizare/Desktop/cw2_team_14/install/cw2_team_14/share/cw2_team_14/package.ps1'
[32.274s] INFO:colcon.colcon_core.shell:Creating package descriptor '/home/bizare/Desktop/cw2_team_14/install/cw2_team_14/share/cw2_team_14/package.dsv'
[32.275s] INFO:colcon.colcon_core.shell:Creating package script '/home/bizare/Desktop/cw2_team_14/install/cw2_team_14/share/cw2_team_14/package.sh'
[32.275s] INFO:colcon.colcon_core.shell:Creating package script '/home/bizare/Desktop/cw2_team_14/install/cw2_team_14/share/cw2_team_14/package.bash'
[32.276s] INFO:colcon.colcon_core.shell:Creating package script '/home/bizare/Desktop/cw2_team_14/install/cw2_team_14/share/cw2_team_14/package.zsh'
[32.277s] Level 1:colcon.colcon_core.environment:create_file_with_runtime_dependencies(/home/bizare/Desktop/cw2_team_14/install/cw2_team_14/share/colcon-core/packages/cw2_team_14)
[32.280s] DEBUG:colcon.colcon_parallel_executor.executor.parallel:closing loop
[32.284s] DEBUG:colcon.colcon_parallel_executor.executor.parallel:loop closed
[32.285s] DEBUG:colcon.colcon_parallel_executor.executor.parallel:run_until_complete finished with '0'
[32.288s] DEBUG:colcon.colcon_core.event_reactor:joining thread
[32.331s] INFO:colcon.colcon_core.plugin_system:Skipping extension 'colcon_notification.desktop_notification.terminal_notifier': Not used on non-Darwin systems
[32.331s] INFO:colcon.colcon_core.plugin_system:Skipping extension 'colcon_notification.desktop_notification.win32': Not used on non-Windows systems
[32.332s] INFO:colcon.colcon_notification.desktop_notification:Sending desktop notification using 'notify2'
[32.418s] DEBUG:colcon.colcon_core.event_reactor:joined thread
[32.420s] INFO:colcon.colcon_core.shell:Creating prefix script '/home/bizare/Desktop/cw2_team_14/install/local_setup.ps1'
[32.422s] INFO:colcon.colcon_core.shell:Creating prefix util module '/home/bizare/Desktop/cw2_team_14/install/_local_setup_util_ps1.py'
[32.424s] INFO:colcon.colcon_core.shell:Creating prefix chain script '/home/bizare/Desktop/cw2_team_14/install/setup.ps1'
[32.429s] INFO:colcon.colcon_core.shell:Creating prefix script '/home/bizare/Desktop/cw2_team_14/install/local_setup.sh'
[32.431s] INFO:colcon.colcon_core.shell:Creating prefix util module '/home/bizare/Desktop/cw2_team_14/install/_local_setup_util_sh.py'
[32.434s] INFO:colcon.colcon_core.shell:Creating prefix chain script '/home/bizare/Desktop/cw2_team_14/install/setup.sh'
[32.437s] INFO:colcon.colcon_core.shell:Creating prefix script '/home/bizare/Desktop/cw2_team_14/install/local_setup.bash'
[32.439s] INFO:colcon.colcon_core.shell:Creating prefix chain script '/home/bizare/Desktop/cw2_team_14/install/setup.bash'
[32.441s] INFO:colcon.colcon_core.shell:Creating prefix script '/home/bizare/Desktop/cw2_team_14/install/local_setup.zsh'
[32.442s] INFO:colcon.colcon_core.shell:Creating prefix chain script '/home/bizare/Desktop/cw2_team_14/install/setup.zsh'
