[0.013s] Invoking command in '/home/bizare/Desktop/cw2_team_14/build/cw2_team_14': CMAKE_PREFIX_PATH=/home/bizare/Desktop/cw2_team_14/install/cw2_world_spawner:/home/bizare/Desktop/cw2_team_14/install/rpl_panda_with_rs:/home/bizare/Desktop/cw2_team_14/install/realsense_gazebo_plugin:/home/bizare/Desktop/cw2_team_14/install/panda_moveit_config:/home/bizare/Desktop/cw2_team_14/install/panda_description:/home/bizare/Desktop/cw2_team_14/install/cw2_team_14:/home/bizare/Desktop/cw2_team_14/install/cw1_world_spawner:/opt/ros/humble LD_LIBRARY_PATH=/home/bizare/Desktop/cw2_team_14/install/cw2_world_spawner/lib:/home/bizare/Desktop/cw2_team_14/install/realsense_gazebo_plugin/lib:/home/bizare/Desktop/cw2_team_14/install/cw2_team_14/lib:/home/bizare/Desktop/cw2_team_14/install/cw1_world_spawner/lib:/usr/lib/x86_64-linux-gnu/gazebo-11/plugins:/opt/ros/humble/opt/rviz_ogre_vendor/lib:/opt/ros/humble/lib/x86_64-linux-gnu:/opt/ros/humble/lib /usr/bin/cmake --build /home/bizare/Desktop/cw2_team_14/build/cw2_team_14 -- -j2 -l2
[0.074s] [  2%] Built target cw2_team_14__cpp
[0.077s] [ 11%] Built target cw2_team_14__rosidl_generator_c
[0.105s] [ 20%] Built target cw2_team_14__rosidl_typesupport_cpp
[0.119s] [ 20%] Built target ament_cmake_python_copy_cw2_team_14
[0.129s] [ 28%] Built target cw2_team_14__rosidl_typesupport_fastrtps_c
[0.144s] [ 37%] Built target cw2_team_14__rosidl_typesupport_introspection_c
[0.150s] [ 45%] Built target cw2_team_14__rosidl_typesupport_c
[0.168s] [ 54%] Built target cw2_team_14__rosidl_typesupport_fastrtps_cpp
[0.175s] [ 62%] Built target cw2_team_14__rosidl_typesupport_introspection_cpp
[0.197s] [35m[1mConsolidate compiler generated dependencies of target cw2_team_14_cw2_class_lib[0m
[0.273s] [ 65%] [32mBuilding CXX object CMakeFiles/cw2_team_14_cw2_class_lib.dir/src/cw2_class.cpp.o[0m
[0.466s] running egg_info
[0.468s] writing cw2_team_14.egg-info/PKG-INFO
[0.469s] writing dependency_links to cw2_team_14.egg-info/dependency_links.txt
[0.471s] writing top-level names to cw2_team_14.egg-info/top_level.txt
[0.474s] reading manifest file 'cw2_team_14.egg-info/SOURCES.txt'
[0.475s] writing manifest file 'cw2_team_14.egg-info/SOURCES.txt'
[0.527s] [ 65%] Built target ament_cmake_python_build_cw2_team_14_egg
[0.579s] [ 65%] Built target cw2_team_14
[0.628s] [ 68%] Built target cw2_team_14__py
[0.692s] [ 74%] Built target cw2_team_14__rosidl_generator_py
[0.729s] [ 80%] Built target cw2_team_14__rosidl_typesupport_fastrtps_c__pyext
[0.753s] [ 85%] Built target cw2_team_14__rosidl_typesupport_introspection_c__pyext
[0.773s] [ 91%] Built target cw2_team_14__rosidl_typesupport_c__pyext
[7.269s] [01m[K/home/bizare/Desktop/cw2_team_14/src/courseworks/cw2_team_14/src/cw2_class.cpp:[m[K In member function ‘[01m[Kbool cw2::execute_cartesian_path(moveit::planning_interface::MoveGroupInterface&, const std::vector<geometry_msgs::msg::Pose_<std::allocator<void> > >&, double)[m[K’:
[7.270s] [01m[K/home/bizare/Desktop/cw2_team_14/src/courseworks/cw2_team_14/src/cw2_class.cpp:218:5:[m[K [01;31m[Kerror: [m[K‘[01m[Kcartesian_eef_step_[m[K’ was not declared in this scope
[7.270s]   218 |     [01;31m[Kcartesian_eef_step_[m[K,
[7.270s]       |     [01;31m[K^~~~~~~~~~~~~~~~~~~[m[K
[7.292s] [01m[K/home/bizare/Desktop/cw2_team_14/src/courseworks/cw2_team_14/src/cw2_class.cpp:219:5:[m[K [01;31m[Kerror: [m[K‘[01m[Kcartesian_jump_threshold_[m[K’ was not declared in this scope; did you mean ‘[01m[Krcl_jump_threshold_t[m[K’?
[7.292s]   219 |     [01;31m[Kcartesian_jump_threshold_[m[K,
[7.292s]       |     [01;31m[K^~~~~~~~~~~~~~~~~~~~~~~~~[m[K
[7.292s]       |     [32m[Krcl_jump_threshold_t[m[K
[12.381s] gmake[2]: *** [CMakeFiles/cw2_team_14_cw2_class_lib.dir/build.make:76: CMakeFiles/cw2_team_14_cw2_class_lib.dir/src/cw2_class.cpp.o] Error 1
[12.381s] gmake[1]: *** [CMakeFiles/Makefile2:595: CMakeFiles/cw2_team_14_cw2_class_lib.dir/all] Error 2
[12.381s] gmake: *** [Makefile:146: all] Error 2
[12.385s] Invoked command in '/home/bizare/Desktop/cw2_team_14/build/cw2_team_14' returned '2': CMAKE_PREFIX_PATH=/home/bizare/Desktop/cw2_team_14/install/cw2_world_spawner:/home/bizare/Desktop/cw2_team_14/install/rpl_panda_with_rs:/home/bizare/Desktop/cw2_team_14/install/realsense_gazebo_plugin:/home/bizare/Desktop/cw2_team_14/install/panda_moveit_config:/home/bizare/Desktop/cw2_team_14/install/panda_description:/home/bizare/Desktop/cw2_team_14/install/cw2_team_14:/home/bizare/Desktop/cw2_team_14/install/cw1_world_spawner:/opt/ros/humble LD_LIBRARY_PATH=/home/bizare/Desktop/cw2_team_14/install/cw2_world_spawner/lib:/home/bizare/Desktop/cw2_team_14/install/realsense_gazebo_plugin/lib:/home/bizare/Desktop/cw2_team_14/install/cw2_team_14/lib:/home/bizare/Desktop/cw2_team_14/install/cw1_world_spawner/lib:/usr/lib/x86_64-linux-gnu/gazebo-11/plugins:/opt/ros/humble/opt/rviz_ogre_vendor/lib:/opt/ros/humble/lib/x86_64-linux-gnu:/opt/ros/humble/lib /usr/bin/cmake --build /home/bizare/Desktop/cw2_team_14/build/cw2_team_14 -- -j2 -l2
