[0.043s] Invoking command in '/home/bizare/Desktop/cw2_team_14/build/rpl_panda_with_rs': CMAKE_PREFIX_PATH=/home/bizare/Desktop/cw2_team_14/install/realsense_gazebo_plugin:/home/bizare/Desktop/cw2_team_14/install/panda_moveit_config:/home/bizare/Desktop/cw2_team_14/install/rpl_panda_with_rs:/home/bizare/Desktop/cw2_team_14/install/panda_description:/home/bizare/Desktop/cw2_team_14/install/cw2_team_14:/home/bizare/Desktop/cw2_team_14/install/cw2_world_spawner:/opt/ros/humble /usr/bin/cmake --build /home/bizare/Desktop/cw2_team_14/build/rpl_panda_with_rs -- -j2 -l2
[0.169s] Invoked command in '/home/bizare/Desktop/cw2_team_14/build/rpl_panda_with_rs' returned '0': CMAKE_PREFIX_PATH=/home/bizare/Desktop/cw2_team_14/install/realsense_gazebo_plugin:/home/bizare/Desktop/cw2_team_14/install/panda_moveit_config:/home/bizare/Desktop/cw2_team_14/install/rpl_panda_with_rs:/home/bizare/Desktop/cw2_team_14/install/panda_description:/home/bizare/Desktop/cw2_team_14/install/cw2_team_14:/home/bizare/Desktop/cw2_team_14/install/cw2_world_spawner:/opt/ros/humble /usr/bin/cmake --build /home/bizare/Desktop/cw2_team_14/build/rpl_panda_with_rs -- -j2 -l2
[0.177s] Invoking command in '/home/bizare/Desktop/cw2_team_14/build/rpl_panda_with_rs': CMAKE_PREFIX_PATH=/home/bizare/Desktop/cw2_team_14/install/realsense_gazebo_plugin:/home/bizare/Desktop/cw2_team_14/install/panda_moveit_config:/home/bizare/Desktop/cw2_team_14/install/rpl_panda_with_rs:/home/bizare/Desktop/cw2_team_14/install/panda_description:/home/bizare/Desktop/cw2_team_14/install/cw2_team_14:/home/bizare/Desktop/cw2_team_14/install/cw2_world_spawner:/opt/ros/humble /usr/bin/cmake --install /home/bizare/Desktop/cw2_team_14/build/rpl_panda_with_rs
[0.187s] -- Install configuration: ""
[0.187s] -- Up-to-date: /home/bizare/Desktop/cw2_team_14/install/rpl_panda_with_rs/share/rpl_panda_with_rs/config
[0.187s] -- Up-to-date: /home/bizare/Desktop/cw2_team_14/install/rpl_panda_with_rs/share/rpl_panda_with_rs/config/ros2_controllers.yaml
[0.187s] -- Up-to-date: /home/bizare/Desktop/cw2_team_14/install/rpl_panda_with_rs/share/rpl_panda_with_rs/config/moveit_controllers.yaml
[0.187s] -- Up-to-date: /home/bizare/Desktop/cw2_team_14/install/rpl_panda_with_rs/share/rpl_panda_with_rs/config/ros2_controllers_effort.yaml
[0.187s] -- Up-to-date: /home/bizare/Desktop/cw2_team_14/install/rpl_panda_with_rs/share/rpl_panda_with_rs/config/ros2_controllers_hybrid.yaml
[0.187s] -- Up-to-date: /home/bizare/Desktop/cw2_team_14/install/rpl_panda_with_rs/share/rpl_panda_with_rs/launch
[0.187s] -- Up-to-date: /home/bizare/Desktop/cw2_team_14/install/rpl_panda_with_rs/share/rpl_panda_with_rs/launch/display_real.launch.py
[0.187s] -- Up-to-date: /home/bizare/Desktop/cw2_team_14/install/rpl_panda_with_rs/share/rpl_panda_with_rs/launch/camera_proc.launch
[0.187s] -- Up-to-date: /home/bizare/Desktop/cw2_team_14/install/rpl_panda_with_rs/share/rpl_panda_with_rs/launch/display.launch.py
[0.187s] -- Up-to-date: /home/bizare/Desktop/cw2_team_14/install/rpl_panda_with_rs/share/rpl_panda_with_rs/launch/display.launch
[0.187s] -- Up-to-date: /home/bizare/Desktop/cw2_team_14/install/rpl_panda_with_rs/share/rpl_panda_with_rs/launch/camera_proc.launch.py
[0.187s] -- Up-to-date: /home/bizare/Desktop/cw2_team_14/install/rpl_panda_with_rs/share/rpl_panda_with_rs/launch/display_real.launch
[0.187s] -- Up-to-date: /home/bizare/Desktop/cw2_team_14/install/rpl_panda_with_rs/share/rpl_panda_with_rs/rviz
[0.189s] -- Up-to-date: /home/bizare/Desktop/cw2_team_14/install/rpl_panda_with_rs/share/rpl_panda_with_rs/rviz/urdf.rviz
[0.189s] -- Up-to-date: /home/bizare/Desktop/cw2_team_14/install/rpl_panda_with_rs/share/rpl_panda_with_rs/rviz/real_rviz.rviz
[0.189s] -- Up-to-date: /home/bizare/Desktop/cw2_team_14/install/rpl_panda_with_rs/share/rpl_panda_with_rs/srdf
[0.189s] -- Up-to-date: /home/bizare/Desktop/cw2_team_14/install/rpl_panda_with_rs/share/rpl_panda_with_rs/srdf/panda_with_rs.srdf.xacro
[0.189s] -- Up-to-date: /home/bizare/Desktop/cw2_team_14/install/rpl_panda_with_rs/share/rpl_panda_with_rs/urdf
[0.191s] -- Up-to-date: /home/bizare/Desktop/cw2_team_14/install/rpl_panda_with_rs/share/rpl_panda_with_rs/urdf/panda_with_rs.xacro
[0.191s] -- Up-to-date: /home/bizare/Desktop/cw2_team_14/install/rpl_panda_with_rs/share/rpl_panda_with_rs/urdf/panda_with_rs_PYBULLET.urdf
[0.191s] -- Up-to-date: /home/bizare/Desktop/cw2_team_14/install/rpl_panda_with_rs/share/rpl_panda_with_rs/urdf/panda_with_rs.urdf
[0.193s] -- Up-to-date: /home/bizare/Desktop/cw2_team_14/install/rpl_panda_with_rs/lib/rpl_panda_with_rs/init_panda_pose.py
[0.193s] -- Up-to-date: /home/bizare/Desktop/cw2_team_14/install/rpl_panda_with_rs/share/ament_index/resource_index/package_run_dependencies/rpl_panda_with_rs
[0.193s] -- Up-to-date: /home/bizare/Desktop/cw2_team_14/install/rpl_panda_with_rs/share/ament_index/resource_index/parent_prefix_path/rpl_panda_with_rs
[0.193s] -- Up-to-date: /home/bizare/Desktop/cw2_team_14/install/rpl_panda_with_rs/share/rpl_panda_with_rs/environment/ament_prefix_path.sh
[0.193s] -- Up-to-date: /home/bizare/Desktop/cw2_team_14/install/rpl_panda_with_rs/share/rpl_panda_with_rs/environment/ament_prefix_path.dsv
[0.193s] -- Up-to-date: /home/bizare/Desktop/cw2_team_14/install/rpl_panda_with_rs/share/rpl_panda_with_rs/environment/path.sh
[0.194s] -- Up-to-date: /home/bizare/Desktop/cw2_team_14/install/rpl_panda_with_rs/share/rpl_panda_with_rs/environment/path.dsv
[0.194s] -- Up-to-date: /home/bizare/Desktop/cw2_team_14/install/rpl_panda_with_rs/share/rpl_panda_with_rs/local_setup.bash
[0.194s] -- Up-to-date: /home/bizare/Desktop/cw2_team_14/install/rpl_panda_with_rs/share/rpl_panda_with_rs/local_setup.sh
[0.194s] -- Up-to-date: /home/bizare/Desktop/cw2_team_14/install/rpl_panda_with_rs/share/rpl_panda_with_rs/local_setup.zsh
[0.194s] -- Up-to-date: /home/bizare/Desktop/cw2_team_14/install/rpl_panda_with_rs/share/rpl_panda_with_rs/local_setup.dsv
[0.197s] -- Installing: /home/bizare/Desktop/cw2_team_14/install/rpl_panda_with_rs/share/rpl_panda_with_rs/package.dsv
[0.197s] -- Up-to-date: /home/bizare/Desktop/cw2_team_14/install/rpl_panda_with_rs/share/ament_index/resource_index/packages/rpl_panda_with_rs
[0.197s] -- Up-to-date: /home/bizare/Desktop/cw2_team_14/install/rpl_panda_with_rs/share/rpl_panda_with_rs/cmake/rpl_panda_with_rsConfig.cmake
[0.197s] -- Up-to-date: /home/bizare/Desktop/cw2_team_14/install/rpl_panda_with_rs/share/rpl_panda_with_rs/cmake/rpl_panda_with_rsConfig-version.cmake
[0.197s] -- Up-to-date: /home/bizare/Desktop/cw2_team_14/install/rpl_panda_with_rs/share/rpl_panda_with_rs/package.xml
[0.203s] Invoked command in '/home/bizare/Desktop/cw2_team_14/build/rpl_panda_with_rs' returned '0': CMAKE_PREFIX_PATH=/home/bizare/Desktop/cw2_team_14/install/realsense_gazebo_plugin:/home/bizare/Desktop/cw2_team_14/install/panda_moveit_config:/home/bizare/Desktop/cw2_team_14/install/rpl_panda_with_rs:/home/bizare/Desktop/cw2_team_14/install/panda_description:/home/bizare/Desktop/cw2_team_14/install/cw2_team_14:/home/bizare/Desktop/cw2_team_14/install/cw2_world_spawner:/opt/ros/humble /usr/bin/cmake --install /home/bizare/Desktop/cw2_team_14/build/rpl_panda_with_rs
