[0.007s] Invoking command in '/home/ethan/COMP0250/cw2_team_14/build/cw2_world_spawner': CMAKE_PREFIX_PATH=/opt/ros/humble /usr/bin/cmake /home/ethan/COMP0250/cw2_team_14/src/courseworks/cw2_world_spawner -DCMAKE_INSTALL_PREFIX=/home/ethan/COMP0250/cw2_team_14/install/cw2_world_spawner
[0.113s] -- The C compiler identification is GNU 11.4.0
[0.195s] -- The CXX compiler identification is GNU 11.4.0
[0.203s] -- Detecting C compiler ABI info
[0.266s] -- Detecting C compiler ABI info - done
[0.271s] -- Check for working C compiler: /usr/bin/cc - skipped
[0.273s] -- Detecting C compile features
[0.274s] -- Detecting C compile features - done
[0.277s] -- Detecting CXX compiler ABI info
[0.346s] -- Detecting CXX compiler ABI info - done
[0.351s] -- Check for working CXX compiler: /usr/bin/c++ - skipped
[0.351s] -- Detecting CXX compile features
[0.352s] -- Detecting CXX compile features - done
[0.398s] -- Found ament_cmake: 1.3.14 (/opt/ros/humble/share/ament_cmake/cmake)
[0.509s] -- Found Python3: /usr/bin/python3 (found version "3.10.12") found components: Interpreter 
[0.572s] -- Found rosidl_default_generators: 1.2.1 (/opt/ros/humble/share/rosidl_default_generators/cmake)
[0.575s] -- Using all available rosidl_typesupport_c: rosidl_typesupport_fastrtps_c;rosidl_typesupport_introspection_c
[0.580s] -- Found rosidl_adapter: 3.1.8 (/opt/ros/humble/share/rosidl_adapter/cmake)
[0.612s] -- Using all available rosidl_typesupport_cpp: rosidl_typesupport_fastrtps_cpp;rosidl_typesupport_introspection_cpp
[0.640s] -- Found geometry_msgs: 4.9.1 (/opt/ros/humble/share/geometry_msgs/cmake)
[0.844s] -- Found ament_cmake_ros: 0.10.0 (/opt/ros/humble/share/ament_cmake_ros/cmake)
[0.990s] -- Using all available rosidl_typesupport_c: rosidl_typesupport_fastrtps_c;rosidl_typesupport_introspection_c
[1.177s] -- Using all available rosidl_typesupport_cpp: rosidl_typesupport_fastrtps_cpp;rosidl_typesupport_introspection_cpp
[1.191s] -- Found PythonInterp: /usr/bin/python3 (found suitable version "3.10.12", minimum required is "3.6") 
[1.193s] -- Found python_cmake_module: 0.10.0 (/opt/ros/humble/share/python_cmake_module/cmake)
[1.209s] -- Found PythonLibs: /usr/lib/x86_64-linux-gnu/libpython3.10.so (found suitable version "3.10.12", minimum required is "3.5") 
[1.209s] -- Using PYTHON_EXECUTABLE: /usr/bin/python3
[1.209s] -- Using PYTHON_INCLUDE_DIRS: /usr/include/python3.10
[1.210s] -- Using PYTHON_LIBRARIES: /usr/lib/x86_64-linux-gnu/libpython3.10.so
[1.221s] -- Found PythonExtra: .so  
[1.308s] -- Found ament_lint_auto: 0.12.15 (/opt/ros/humble/share/ament_lint_auto/cmake)
[1.328s] -- Added test 'flake8' to check Python code syntax and style conventions
[1.330s] -- Added test 'lint_cmake' to check CMake code style
[1.330s] -- Added test 'pep257' to check Python code against some of the docstring style conventions in PEP 257
[1.335s] -- Added test 'xmllint' to check XML markup files
[1.337s] -- Configuring done
[1.362s] -- Generating done
[1.369s] -- Build files have been written to: /home/ethan/COMP0250/cw2_team_14/build/cw2_world_spawner
[1.377s] Invoked command in '/home/ethan/COMP0250/cw2_team_14/build/cw2_world_spawner' returned '0': CMAKE_PREFIX_PATH=/opt/ros/humble /usr/bin/cmake /home/ethan/COMP0250/cw2_team_14/src/courseworks/cw2_world_spawner -DCMAKE_INSTALL_PREFIX=/home/ethan/COMP0250/cw2_team_14/install/cw2_world_spawner
[1.378s] Invoking command in '/home/ethan/COMP0250/cw2_team_14/build/cw2_world_spawner': CMAKE_PREFIX_PATH=/opt/ros/humble /usr/bin/cmake --build /home/ethan/COMP0250/cw2_team_14/build/cw2_world_spawner -- -j32 -l32
[1.406s] [  1%] Generating C code for ROS interfaces
[1.413s] [  3%] Generating C++ code for ROS interfaces
[1.413s] [  5%] Generating Rust code for ROS interfaces
[1.418s] [  5%] Built target ament_cmake_python_copy_cw2_world_spawner
[1.419s] [  5%] Built target ament_cmake_python_copy_cw2_world_spawner_lib
[1.535s] running egg_info
[1.535s] creating cw2_world_spawner.egg-info
[1.536s] writing cw2_world_spawner.egg-info/PKG-INFO
[1.536s] writing dependency_links to cw2_world_spawner.egg-info/dependency_links.txt
[1.536s] writing top-level names to cw2_world_spawner.egg-info/top_level.txt
[1.536s] writing manifest file 'cw2_world_spawner.egg-info/SOURCES.txt'
[1.536s] running egg_info
[1.536s] creating cw2_world_spawner_lib.egg-info
[1.536s] writing cw2_world_spawner_lib.egg-info/PKG-INFO
[1.536s] writing dependency_links to cw2_world_spawner_lib.egg-info/dependency_links.txt
[1.536s] writing top-level names to cw2_world_spawner_lib.egg-info/top_level.txt
[1.536s] writing manifest file 'cw2_world_spawner_lib.egg-info/SOURCES.txt'
[1.537s] reading manifest file 'cw2_world_spawner.egg-info/SOURCES.txt'
[1.537s] reading manifest file 'cw2_world_spawner_lib.egg-info/SOURCES.txt'
[1.537s] writing manifest file 'cw2_world_spawner.egg-info/SOURCES.txt'
[1.538s] writing manifest file 'cw2_world_spawner_lib.egg-info/SOURCES.txt'
[1.555s] [  5%] Built target ament_cmake_python_build_cw2_world_spawner_egg
[1.556s] [  5%] Built target ament_cmake_python_build_cw2_world_spawner_lib_egg
[1.557s] [  5%] Built target cw2_world_spawner__rs
[1.656s] [  5%] Built target cw2_world_spawner__cpp
[1.662s] [  7%] Generating C++ type support for eProsima Fast-RTPS
[1.663s] [ 10%] Generating C++ type support dispatch for ROS interfaces
[1.663s] [ 10%] Generating C++ introspection for ROS interfaces
[1.667s] [ 12%] Building C object CMakeFiles/cw2_world_spawner__rosidl_generator_c.dir/rosidl_generator_c/cw2_world_spawner/srv/detail/task_setup__functions.c.o
[1.668s] [ 16%] Building C object CMakeFiles/cw2_world_spawner__rosidl_generator_c.dir/rosidl_generator_c/cw2_world_spawner/srv/detail/task3_service__functions.c.o
[1.668s] [ 16%] Building C object CMakeFiles/cw2_world_spawner__rosidl_generator_c.dir/rosidl_generator_c/cw2_world_spawner/srv/detail/task2_service__functions.c.o
[1.668s] [ 17%] Building C object CMakeFiles/cw2_world_spawner__rosidl_generator_c.dir/rosidl_generator_c/cw2_world_spawner/srv/detail/task1_service__functions.c.o
[1.718s] [ 19%] Linking C shared library libcw2_world_spawner__rosidl_generator_c.so
[1.746s] [ 19%] Built target cw2_world_spawner__rosidl_generator_c
[1.753s] [ 21%] Generating C type support for eProsima Fast-RTPS
[1.753s] [ 25%] Generating C introspection for ROS interfaces
[1.753s] [ 25%] Generating C type support dispatch for ROS interfaces
[1.834s] [ 28%] Building CXX object CMakeFiles/cw2_world_spawner__rosidl_typesupport_cpp.dir/rosidl_typesupport_cpp/cw2_world_spawner/srv/task1_service__type_support.cpp.o
[1.834s] [ 28%] Building CXX object CMakeFiles/cw2_world_spawner__rosidl_typesupport_cpp.dir/rosidl_typesupport_cpp/cw2_world_spawner/srv/task_setup__type_support.cpp.o
[1.835s] [ 32%] Building CXX object CMakeFiles/cw2_world_spawner__rosidl_typesupport_cpp.dir/rosidl_typesupport_cpp/cw2_world_spawner/srv/task3_service__type_support.cpp.o
[1.835s] [ 32%] Building CXX object CMakeFiles/cw2_world_spawner__rosidl_typesupport_cpp.dir/rosidl_typesupport_cpp/cw2_world_spawner/srv/task2_service__type_support.cpp.o
[1.866s] [ 33%] Building CXX object CMakeFiles/cw2_world_spawner__rosidl_typesupport_introspection_cpp.dir/rosidl_typesupport_introspection_cpp/cw2_world_spawner/srv/detail/task_setup__type_support.cpp.o
[1.866s] [ 35%] Building CXX object CMakeFiles/cw2_world_spawner__rosidl_typesupport_introspection_cpp.dir/rosidl_typesupport_introspection_cpp/cw2_world_spawner/srv/detail/task1_service__type_support.cpp.o
[1.866s] [ 37%] Building CXX object CMakeFiles/cw2_world_spawner__rosidl_typesupport_introspection_cpp.dir/rosidl_typesupport_introspection_cpp/cw2_world_spawner/srv/detail/task2_service__type_support.cpp.o
[1.867s] [ 39%] Building CXX object CMakeFiles/cw2_world_spawner__rosidl_typesupport_introspection_cpp.dir/rosidl_typesupport_introspection_cpp/cw2_world_spawner/srv/detail/task3_service__type_support.cpp.o
[1.890s] [ 44%] Building CXX object CMakeFiles/cw2_world_spawner__rosidl_typesupport_fastrtps_cpp.dir/rosidl_typesupport_fastrtps_cpp/cw2_world_spawner/srv/detail/dds_fastrtps/task2_service__type_support.cpp.o
[1.890s] [ 44%] Building CXX object CMakeFiles/cw2_world_spawner__rosidl_typesupport_fastrtps_cpp.dir/rosidl_typesupport_fastrtps_cpp/cw2_world_spawner/srv/detail/dds_fastrtps/task_setup__type_support.cpp.o
[1.890s] [ 44%] Building CXX object CMakeFiles/cw2_world_spawner__rosidl_typesupport_fastrtps_cpp.dir/rosidl_typesupport_fastrtps_cpp/cw2_world_spawner/srv/detail/dds_fastrtps/task1_service__type_support.cpp.o
[1.890s] [ 46%] Building CXX object CMakeFiles/cw2_world_spawner__rosidl_typesupport_fastrtps_cpp.dir/rosidl_typesupport_fastrtps_cpp/cw2_world_spawner/srv/detail/dds_fastrtps/task3_service__type_support.cpp.o
[1.931s] [ 50%] Building CXX object CMakeFiles/cw2_world_spawner__rosidl_typesupport_c.dir/rosidl_typesupport_c/cw2_world_spawner/srv/task1_service__type_support.cpp.o
[1.931s] [ 50%] Building CXX object CMakeFiles/cw2_world_spawner__rosidl_typesupport_c.dir/rosidl_typesupport_c/cw2_world_spawner/srv/task_setup__type_support.cpp.o
[1.932s] [ 53%] Building CXX object CMakeFiles/cw2_world_spawner__rosidl_typesupport_c.dir/rosidl_typesupport_c/cw2_world_spawner/srv/task3_service__type_support.cpp.o
[1.932s] [ 53%] Building CXX object CMakeFiles/cw2_world_spawner__rosidl_typesupport_c.dir/rosidl_typesupport_c/cw2_world_spawner/srv/task2_service__type_support.cpp.o
[1.959s] [ 55%] Linking CXX shared library libcw2_world_spawner__rosidl_typesupport_c.so
[1.974s] [ 57%] Building C object CMakeFiles/cw2_world_spawner__rosidl_typesupport_introspection_c.dir/rosidl_typesupport_introspection_c/cw2_world_spawner/srv/detail/task_setup__type_support.c.o
[1.974s] [ 58%] Building C object CMakeFiles/cw2_world_spawner__rosidl_typesupport_introspection_c.dir/rosidl_typesupport_introspection_c/cw2_world_spawner/srv/detail/task3_service__type_support.c.o
[1.975s] [ 60%] Building C object CMakeFiles/cw2_world_spawner__rosidl_typesupport_introspection_c.dir/rosidl_typesupport_introspection_c/cw2_world_spawner/srv/detail/task2_service__type_support.c.o
[1.977s] [ 62%] Building C object CMakeFiles/cw2_world_spawner__rosidl_typesupport_introspection_c.dir/rosidl_typesupport_introspection_c/cw2_world_spawner/srv/detail/task1_service__type_support.c.o
[1.980s] [ 64%] Building CXX object CMakeFiles/cw2_world_spawner__rosidl_typesupport_fastrtps_c.dir/rosidl_typesupport_fastrtps_c/cw2_world_spawner/srv/detail/task3_service__type_support_c.cpp.o
[1.980s] [ 67%] Building CXX object CMakeFiles/cw2_world_spawner__rosidl_typesupport_fastrtps_c.dir/rosidl_typesupport_fastrtps_c/cw2_world_spawner/srv/detail/task_setup__type_support_c.cpp.o
[1.980s] [ 67%] Building CXX object CMakeFiles/cw2_world_spawner__rosidl_typesupport_fastrtps_c.dir/rosidl_typesupport_fastrtps_c/cw2_world_spawner/srv/detail/task2_service__type_support_c.cpp.o
[1.982s] [ 69%] Building CXX object CMakeFiles/cw2_world_spawner__rosidl_typesupport_fastrtps_c.dir/rosidl_typesupport_fastrtps_c/cw2_world_spawner/srv/detail/task1_service__type_support_c.cpp.o
[1.998s] [ 69%] Built target cw2_world_spawner__rosidl_typesupport_c
[2.016s] [ 71%] Linking C shared library libcw2_world_spawner__rosidl_typesupport_introspection_c.so
[2.037s] [ 73%] Linking CXX shared library libcw2_world_spawner__rosidl_typesupport_cpp.so
[2.044s] [ 73%] Built target cw2_world_spawner__rosidl_typesupport_introspection_c
[2.070s] [ 73%] Built target cw2_world_spawner__rosidl_typesupport_cpp
[2.121s] [ 75%] Linking CXX shared library libcw2_world_spawner__rosidl_typesupport_introspection_cpp.so
[2.165s] [ 76%] Linking CXX shared library libcw2_world_spawner__rosidl_typesupport_fastrtps_cpp.so
[2.172s] [ 76%] Built target cw2_world_spawner__rosidl_typesupport_introspection_cpp
[2.180s] [ 78%] Linking CXX shared library libcw2_world_spawner__rosidl_typesupport_fastrtps_c.so
[2.215s] [ 78%] Built target cw2_world_spawner__rosidl_typesupport_fastrtps_cpp
[2.228s] [ 78%] Built target cw2_world_spawner__rosidl_typesupport_fastrtps_c
[2.241s] [ 78%] Built target cw2_world_spawner
[2.255s] [ 80%] Generating Python code for ROS interfaces
[2.737s] [ 80%] Built target cw2_world_spawner__py
[2.751s] [ 82%] Building C object CMakeFiles/cw2_world_spawner__rosidl_generator_py.dir/rosidl_generator_py/cw2_world_spawner/srv/_task_setup_s.c.o
[2.751s] [ 85%] Building C object CMakeFiles/cw2_world_spawner__rosidl_generator_py.dir/rosidl_generator_py/cw2_world_spawner/srv/_task1_service_s.c.o
[2.751s] [ 85%] Building C object CMakeFiles/cw2_world_spawner__rosidl_generator_py.dir/rosidl_generator_py/cw2_world_spawner/srv/_task2_service_s.c.o
[2.751s] [ 87%] Building C object CMakeFiles/cw2_world_spawner__rosidl_generator_py.dir/rosidl_generator_py/cw2_world_spawner/srv/_task3_service_s.c.o
[2.833s] [ 89%] Linking C shared library rosidl_generator_py/cw2_world_spawner/libcw2_world_spawner__rosidl_generator_py.so
[2.976s] [ 89%] Built target cw2_world_spawner__rosidl_generator_py
[2.989s] [ 91%] Building C object CMakeFiles/cw2_world_spawner__rosidl_typesupport_introspection_c__pyext.dir/rosidl_generator_py/cw2_world_spawner/_cw2_world_spawner_s.ep.rosidl_typesupport_introspection_c.c.o
[2.990s] [ 92%] Building C object CMakeFiles/cw2_world_spawner__rosidl_typesupport_c__pyext.dir/rosidl_generator_py/cw2_world_spawner/_cw2_world_spawner_s.ep.rosidl_typesupport_c.c.o
[2.990s] [ 94%] Building C object CMakeFiles/cw2_world_spawner__rosidl_typesupport_fastrtps_c__pyext.dir/rosidl_generator_py/cw2_world_spawner/_cw2_world_spawner_s.ep.rosidl_typesupport_fastrtps_c.c.o
[3.060s] [ 98%] Linking C shared library rosidl_generator_py/cw2_world_spawner/cw2_world_spawner_s__rosidl_typesupport_introspection_c.cpython-310-x86_64-linux-gnu.so
[3.061s] [ 98%] Linking C shared library rosidl_generator_py/cw2_world_spawner/cw2_world_spawner_s__rosidl_typesupport_fastrtps_c.cpython-310-x86_64-linux-gnu.so
[3.061s] [100%] Linking C shared library rosidl_generator_py/cw2_world_spawner/cw2_world_spawner_s__rosidl_typesupport_c.cpython-310-x86_64-linux-gnu.so
[3.087s] [100%] Built target cw2_world_spawner__rosidl_typesupport_introspection_c__pyext
[3.087s] [100%] Built target cw2_world_spawner__rosidl_typesupport_fastrtps_c__pyext
[3.088s] [100%] Built target cw2_world_spawner__rosidl_typesupport_c__pyext
[3.192s] Invoked command in '/home/ethan/COMP0250/cw2_team_14/build/cw2_world_spawner' returned '0': CMAKE_PREFIX_PATH=/opt/ros/humble /usr/bin/cmake --build /home/ethan/COMP0250/cw2_team_14/build/cw2_world_spawner -- -j32 -l32
[3.199s] Invoking command in '/home/ethan/COMP0250/cw2_team_14/build/cw2_world_spawner': CMAKE_PREFIX_PATH=/opt/ros/humble /usr/bin/cmake --install /home/ethan/COMP0250/cw2_team_14/build/cw2_world_spawner
[3.205s] -- Install configuration: ""
[3.205s] -- Installing: /home/ethan/COMP0250/cw2_team_14/install/cw2_world_spawner/share/ament_index/resource_index/rosidl_interfaces/cw2_world_spawner
[3.205s] -- Installing: /home/ethan/COMP0250/cw2_team_14/install/cw2_world_spawner/include/cw2_world_spawner/cw2_world_spawner
[3.205s] -- Installing: /home/ethan/COMP0250/cw2_team_14/install/cw2_world_spawner/include/cw2_world_spawner/cw2_world_spawner/msg
[3.205s] -- Installing: /home/ethan/COMP0250/cw2_team_14/install/cw2_world_spawner/include/cw2_world_spawner/cw2_world_spawner/msg/rosidl_generator_c__visibility_control.h
[3.205s] -- Installing: /home/ethan/COMP0250/cw2_team_14/install/cw2_world_spawner/include/cw2_world_spawner/cw2_world_spawner/srv
[3.205s] -- Installing: /home/ethan/COMP0250/cw2_team_14/install/cw2_world_spawner/include/cw2_world_spawner/cw2_world_spawner/srv/task1_service.h
[3.205s] -- Installing: /home/ethan/COMP0250/cw2_team_14/install/cw2_world_spawner/include/cw2_world_spawner/cw2_world_spawner/srv/detail
[3.206s] -- Installing: /home/ethan/COMP0250/cw2_team_14/install/cw2_world_spawner/include/cw2_world_spawner/cw2_world_spawner/srv/detail/task_setup__struct.h
[3.206s] -- Installing: /home/ethan/COMP0250/cw2_team_14/install/cw2_world_spawner/include/cw2_world_spawner/cw2_world_spawner/srv/detail/task2_service__struct.h
[3.206s] -- Installing: /home/ethan/COMP0250/cw2_team_14/install/cw2_world_spawner/include/cw2_world_spawner/cw2_world_spawner/srv/detail/task3_service__functions.h
[3.206s] -- Installing: /home/ethan/COMP0250/cw2_team_14/install/cw2_world_spawner/include/cw2_world_spawner/cw2_world_spawner/srv/detail/task1_service__functions.c
[3.206s] -- Installing: /home/ethan/COMP0250/cw2_team_14/install/cw2_world_spawner/include/cw2_world_spawner/cw2_world_spawner/srv/detail/task_setup__functions.c
[3.206s] -- Installing: /home/ethan/COMP0250/cw2_team_14/install/cw2_world_spawner/include/cw2_world_spawner/cw2_world_spawner/srv/detail/task2_service__functions.h
[3.206s] -- Installing: /home/ethan/COMP0250/cw2_team_14/install/cw2_world_spawner/include/cw2_world_spawner/cw2_world_spawner/srv/detail/task3_service__type_support.h
[3.206s] -- Installing: /home/ethan/COMP0250/cw2_team_14/install/cw2_world_spawner/include/cw2_world_spawner/cw2_world_spawner/srv/detail/task3_service__struct.h
[3.206s] -- Installing: /home/ethan/COMP0250/cw2_team_14/install/cw2_world_spawner/include/cw2_world_spawner/cw2_world_spawner/srv/detail/task1_service__functions.h
[3.206s] -- Installing: /home/ethan/COMP0250/cw2_team_14/install/cw2_world_spawner/include/cw2_world_spawner/cw2_world_spawner/srv/detail/task2_service__type_support.h
[3.206s] -- Installing: /home/ethan/COMP0250/cw2_team_14/install/cw2_world_spawner/include/cw2_world_spawner/cw2_world_spawner/srv/detail/task_setup__type_support.h
[3.206s] -- Installing: /home/ethan/COMP0250/cw2_team_14/install/cw2_world_spawner/include/cw2_world_spawner/cw2_world_spawner/srv/detail/task3_service__functions.c
[3.206s] -- Installing: /home/ethan/COMP0250/cw2_team_14/install/cw2_world_spawner/include/cw2_world_spawner/cw2_world_spawner/srv/detail/task2_service__functions.c
[3.207s] -- Installing: /home/ethan/COMP0250/cw2_team_14/install/cw2_world_spawner/include/cw2_world_spawner/cw2_world_spawner/srv/detail/task_setup__functions.h
[3.207s] -- Installing: /home/ethan/COMP0250/cw2_team_14/install/cw2_world_spawner/include/cw2_world_spawner/cw2_world_spawner/srv/detail/task1_service__struct.h
[3.207s] -- Installing: /home/ethan/COMP0250/cw2_team_14/install/cw2_world_spawner/include/cw2_world_spawner/cw2_world_spawner/srv/detail/task1_service__type_support.h
[3.207s] -- Installing: /home/ethan/COMP0250/cw2_team_14/install/cw2_world_spawner/include/cw2_world_spawner/cw2_world_spawner/srv/task3_service.h
[3.207s] -- Installing: /home/ethan/COMP0250/cw2_team_14/install/cw2_world_spawner/include/cw2_world_spawner/cw2_world_spawner/srv/task_setup.h
[3.207s] -- Installing: /home/ethan/COMP0250/cw2_team_14/install/cw2_world_spawner/include/cw2_world_spawner/cw2_world_spawner/srv/task2_service.h
[3.207s] -- Installing: /home/ethan/COMP0250/cw2_team_14/install/cw2_world_spawner/share/cw2_world_spawner/environment/library_path.sh
[3.207s] -- Installing: /home/ethan/COMP0250/cw2_team_14/install/cw2_world_spawner/share/cw2_world_spawner/environment/library_path.dsv
[3.207s] -- Installing: /home/ethan/COMP0250/cw2_team_14/install/cw2_world_spawner/lib/libcw2_world_spawner__rosidl_generator_c.so
[3.207s] -- Set runtime path of "/home/ethan/COMP0250/cw2_team_14/install/cw2_world_spawner/lib/libcw2_world_spawner__rosidl_generator_c.so" to ""
[3.208s] -- Up-to-date: /home/ethan/COMP0250/cw2_team_14/install/cw2_world_spawner/include/cw2_world_spawner/cw2_world_spawner
[3.208s] -- Up-to-date: /home/ethan/COMP0250/cw2_team_14/install/cw2_world_spawner/include/cw2_world_spawner/cw2_world_spawner/msg
[3.208s] -- Installing: /home/ethan/COMP0250/cw2_team_14/install/cw2_world_spawner/include/cw2_world_spawner/cw2_world_spawner/msg/rosidl_typesupport_fastrtps_c__visibility_control.h
[3.208s] -- Up-to-date: /home/ethan/COMP0250/cw2_team_14/install/cw2_world_spawner/include/cw2_world_spawner/cw2_world_spawner/srv
[3.208s] -- Up-to-date: /home/ethan/COMP0250/cw2_team_14/install/cw2_world_spawner/include/cw2_world_spawner/cw2_world_spawner/srv/detail
[3.208s] -- Installing: /home/ethan/COMP0250/cw2_team_14/install/cw2_world_spawner/include/cw2_world_spawner/cw2_world_spawner/srv/detail/task_setup__rosidl_typesupport_fastrtps_c.h
[3.208s] -- Installing: /home/ethan/COMP0250/cw2_team_14/install/cw2_world_spawner/include/cw2_world_spawner/cw2_world_spawner/srv/detail/task2_service__rosidl_typesupport_fastrtps_c.h
[3.208s] -- Installing: /home/ethan/COMP0250/cw2_team_14/install/cw2_world_spawner/include/cw2_world_spawner/cw2_world_spawner/srv/detail/task1_service__rosidl_typesupport_fastrtps_c.h
[3.208s] -- Installing: /home/ethan/COMP0250/cw2_team_14/install/cw2_world_spawner/include/cw2_world_spawner/cw2_world_spawner/srv/detail/task3_service__rosidl_typesupport_fastrtps_c.h
[3.208s] -- Installing: /home/ethan/COMP0250/cw2_team_14/install/cw2_world_spawner/lib/libcw2_world_spawner__rosidl_typesupport_fastrtps_c.so
[3.208s] -- Set runtime path of "/home/ethan/COMP0250/cw2_team_14/install/cw2_world_spawner/lib/libcw2_world_spawner__rosidl_typesupport_fastrtps_c.so" to ""
[3.208s] -- Up-to-date: /home/ethan/COMP0250/cw2_team_14/install/cw2_world_spawner/include/cw2_world_spawner/cw2_world_spawner
[3.208s] -- Up-to-date: /home/ethan/COMP0250/cw2_team_14/install/cw2_world_spawner/include/cw2_world_spawner/cw2_world_spawner/msg
[3.209s] -- Installing: /home/ethan/COMP0250/cw2_team_14/install/cw2_world_spawner/include/cw2_world_spawner/cw2_world_spawner/msg/rosidl_typesupport_introspection_c__visibility_control.h
[3.209s] -- Up-to-date: /home/ethan/COMP0250/cw2_team_14/install/cw2_world_spawner/include/cw2_world_spawner/cw2_world_spawner/srv
[3.209s] -- Up-to-date: /home/ethan/COMP0250/cw2_team_14/install/cw2_world_spawner/include/cw2_world_spawner/cw2_world_spawner/srv/detail
[3.209s] -- Installing: /home/ethan/COMP0250/cw2_team_14/install/cw2_world_spawner/include/cw2_world_spawner/cw2_world_spawner/srv/detail/task_setup__rosidl_typesupport_introspection_c.h
[3.209s] -- Installing: /home/ethan/COMP0250/cw2_team_14/install/cw2_world_spawner/include/cw2_world_spawner/cw2_world_spawner/srv/detail/task3_service__type_support.c
[3.209s] -- Installing: /home/ethan/COMP0250/cw2_team_14/install/cw2_world_spawner/include/cw2_world_spawner/cw2_world_spawner/srv/detail/task2_service__type_support.c
[3.209s] -- Installing: /home/ethan/COMP0250/cw2_team_14/install/cw2_world_spawner/include/cw2_world_spawner/cw2_world_spawner/srv/detail/task1_service__rosidl_typesupport_introspection_c.h
[3.209s] -- Installing: /home/ethan/COMP0250/cw2_team_14/install/cw2_world_spawner/include/cw2_world_spawner/cw2_world_spawner/srv/detail/task_setup__type_support.c
[3.209s] -- Installing: /home/ethan/COMP0250/cw2_team_14/install/cw2_world_spawner/include/cw2_world_spawner/cw2_world_spawner/srv/detail/task1_service__type_support.c
[3.209s] -- Installing: /home/ethan/COMP0250/cw2_team_14/install/cw2_world_spawner/include/cw2_world_spawner/cw2_world_spawner/srv/detail/task2_service__rosidl_typesupport_introspection_c.h
[3.209s] -- Installing: /home/ethan/COMP0250/cw2_team_14/install/cw2_world_spawner/include/cw2_world_spawner/cw2_world_spawner/srv/detail/task3_service__rosidl_typesupport_introspection_c.h
[3.209s] -- Installing: /home/ethan/COMP0250/cw2_team_14/install/cw2_world_spawner/lib/libcw2_world_spawner__rosidl_typesupport_introspection_c.so
[3.209s] -- Set runtime path of "/home/ethan/COMP0250/cw2_team_14/install/cw2_world_spawner/lib/libcw2_world_spawner__rosidl_typesupport_introspection_c.so" to ""
[3.210s] -- Installing: /home/ethan/COMP0250/cw2_team_14/install/cw2_world_spawner/lib/libcw2_world_spawner__rosidl_typesupport_c.so
[3.210s] -- Set runtime path of "/home/ethan/COMP0250/cw2_team_14/install/cw2_world_spawner/lib/libcw2_world_spawner__rosidl_typesupport_c.so" to ""
[3.210s] -- Up-to-date: /home/ethan/COMP0250/cw2_team_14/install/cw2_world_spawner/include/cw2_world_spawner/cw2_world_spawner
[3.210s] -- Up-to-date: /home/ethan/COMP0250/cw2_team_14/install/cw2_world_spawner/include/cw2_world_spawner/cw2_world_spawner/msg
[3.210s] -- Installing: /home/ethan/COMP0250/cw2_team_14/install/cw2_world_spawner/include/cw2_world_spawner/cw2_world_spawner/msg/rosidl_generator_cpp__visibility_control.hpp
[3.210s] -- Up-to-date: /home/ethan/COMP0250/cw2_team_14/install/cw2_world_spawner/include/cw2_world_spawner/cw2_world_spawner/srv
[3.210s] -- Installing: /home/ethan/COMP0250/cw2_team_14/install/cw2_world_spawner/include/cw2_world_spawner/cw2_world_spawner/srv/task3_service.hpp
[3.210s] -- Installing: /home/ethan/COMP0250/cw2_team_14/install/cw2_world_spawner/include/cw2_world_spawner/cw2_world_spawner/srv/task2_service.hpp
[3.210s] -- Installing: /home/ethan/COMP0250/cw2_team_14/install/cw2_world_spawner/include/cw2_world_spawner/cw2_world_spawner/srv/task_setup.hpp
[3.210s] -- Up-to-date: /home/ethan/COMP0250/cw2_team_14/install/cw2_world_spawner/include/cw2_world_spawner/cw2_world_spawner/srv/detail
[3.210s] -- Installing: /home/ethan/COMP0250/cw2_team_14/install/cw2_world_spawner/include/cw2_world_spawner/cw2_world_spawner/srv/detail/task_setup__traits.hpp
[3.210s] -- Installing: /home/ethan/COMP0250/cw2_team_14/install/cw2_world_spawner/include/cw2_world_spawner/cw2_world_spawner/srv/detail/task1_service__struct.hpp
[3.210s] -- Installing: /home/ethan/COMP0250/cw2_team_14/install/cw2_world_spawner/include/cw2_world_spawner/cw2_world_spawner/srv/detail/task3_service__type_support.hpp
[3.210s] -- Installing: /home/ethan/COMP0250/cw2_team_14/install/cw2_world_spawner/include/cw2_world_spawner/cw2_world_spawner/srv/detail/task_setup__struct.hpp
[3.211s] -- Installing: /home/ethan/COMP0250/cw2_team_14/install/cw2_world_spawner/include/cw2_world_spawner/cw2_world_spawner/srv/detail/task3_service__traits.hpp
[3.211s] -- Installing: /home/ethan/COMP0250/cw2_team_14/install/cw2_world_spawner/include/cw2_world_spawner/cw2_world_spawner/srv/detail/task2_service__struct.hpp
[3.211s] -- Installing: /home/ethan/COMP0250/cw2_team_14/install/cw2_world_spawner/include/cw2_world_spawner/cw2_world_spawner/srv/detail/task2_service__builder.hpp
[3.211s] -- Installing: /home/ethan/COMP0250/cw2_team_14/install/cw2_world_spawner/include/cw2_world_spawner/cw2_world_spawner/srv/detail/task1_service__builder.hpp
[3.211s] -- Installing: /home/ethan/COMP0250/cw2_team_14/install/cw2_world_spawner/include/cw2_world_spawner/cw2_world_spawner/srv/detail/task_setup__type_support.hpp
[3.211s] -- Installing: /home/ethan/COMP0250/cw2_team_14/install/cw2_world_spawner/include/cw2_world_spawner/cw2_world_spawner/srv/detail/task_setup__builder.hpp
[3.211s] -- Installing: /home/ethan/COMP0250/cw2_team_14/install/cw2_world_spawner/include/cw2_world_spawner/cw2_world_spawner/srv/detail/task3_service__struct.hpp
[3.211s] -- Installing: /home/ethan/COMP0250/cw2_team_14/install/cw2_world_spawner/include/cw2_world_spawner/cw2_world_spawner/srv/detail/task2_service__type_support.hpp
[3.211s] -- Installing: /home/ethan/COMP0250/cw2_team_14/install/cw2_world_spawner/include/cw2_world_spawner/cw2_world_spawner/srv/detail/task2_service__traits.hpp
[3.211s] -- Installing: /home/ethan/COMP0250/cw2_team_14/install/cw2_world_spawner/include/cw2_world_spawner/cw2_world_spawner/srv/detail/task1_service__traits.hpp
[3.211s] -- Installing: /home/ethan/COMP0250/cw2_team_14/install/cw2_world_spawner/include/cw2_world_spawner/cw2_world_spawner/srv/detail/task1_service__type_support.hpp
[3.211s] -- Installing: /home/ethan/COMP0250/cw2_team_14/install/cw2_world_spawner/include/cw2_world_spawner/cw2_world_spawner/srv/detail/task3_service__builder.hpp
[3.212s] -- Installing: /home/ethan/COMP0250/cw2_team_14/install/cw2_world_spawner/include/cw2_world_spawner/cw2_world_spawner/srv/task1_service.hpp
[3.212s] -- Up-to-date: /home/ethan/COMP0250/cw2_team_14/install/cw2_world_spawner/include/cw2_world_spawner/cw2_world_spawner
[3.212s] -- Up-to-date: /home/ethan/COMP0250/cw2_team_14/install/cw2_world_spawner/include/cw2_world_spawner/cw2_world_spawner/msg
[3.212s] -- Installing: /home/ethan/COMP0250/cw2_team_14/install/cw2_world_spawner/include/cw2_world_spawner/cw2_world_spawner/msg/rosidl_typesupport_fastrtps_cpp__visibility_control.h
[3.212s] -- Up-to-date: /home/ethan/COMP0250/cw2_team_14/install/cw2_world_spawner/include/cw2_world_spawner/cw2_world_spawner/srv
[3.212s] -- Up-to-date: /home/ethan/COMP0250/cw2_team_14/install/cw2_world_spawner/include/cw2_world_spawner/cw2_world_spawner/srv/detail
[3.212s] -- Installing: /home/ethan/COMP0250/cw2_team_14/install/cw2_world_spawner/include/cw2_world_spawner/cw2_world_spawner/srv/detail/task1_service__rosidl_typesupport_fastrtps_cpp.hpp
[3.212s] -- Installing: /home/ethan/COMP0250/cw2_team_14/install/cw2_world_spawner/include/cw2_world_spawner/cw2_world_spawner/srv/detail/task_setup__rosidl_typesupport_fastrtps_cpp.hpp
[3.212s] -- Installing: /home/ethan/COMP0250/cw2_team_14/install/cw2_world_spawner/include/cw2_world_spawner/cw2_world_spawner/srv/detail/dds_fastrtps
[3.212s] -- Installing: /home/ethan/COMP0250/cw2_team_14/install/cw2_world_spawner/include/cw2_world_spawner/cw2_world_spawner/srv/detail/task3_service__rosidl_typesupport_fastrtps_cpp.hpp
[3.212s] -- Installing: /home/ethan/COMP0250/cw2_team_14/install/cw2_world_spawner/include/cw2_world_spawner/cw2_world_spawner/srv/detail/task2_service__rosidl_typesupport_fastrtps_cpp.hpp
[3.212s] -- Installing: /home/ethan/COMP0250/cw2_team_14/install/cw2_world_spawner/lib/libcw2_world_spawner__rosidl_typesupport_fastrtps_cpp.so
[3.212s] -- Set runtime path of "/home/ethan/COMP0250/cw2_team_14/install/cw2_world_spawner/lib/libcw2_world_spawner__rosidl_typesupport_fastrtps_cpp.so" to ""
[3.213s] -- Up-to-date: /home/ethan/COMP0250/cw2_team_14/install/cw2_world_spawner/include/cw2_world_spawner/cw2_world_spawner
[3.213s] -- Up-to-date: /home/ethan/COMP0250/cw2_team_14/install/cw2_world_spawner/include/cw2_world_spawner/cw2_world_spawner/srv
[3.213s] -- Up-to-date: /home/ethan/COMP0250/cw2_team_14/install/cw2_world_spawner/include/cw2_world_spawner/cw2_world_spawner/srv/detail
[3.213s] -- Installing: /home/ethan/COMP0250/cw2_team_14/install/cw2_world_spawner/include/cw2_world_spawner/cw2_world_spawner/srv/detail/task1_service__type_support.cpp
[3.213s] -- Installing: /home/ethan/COMP0250/cw2_team_14/install/cw2_world_spawner/include/cw2_world_spawner/cw2_world_spawner/srv/detail/task_setup__rosidl_typesupport_introspection_cpp.hpp
[3.213s] -- Installing: /home/ethan/COMP0250/cw2_team_14/install/cw2_world_spawner/include/cw2_world_spawner/cw2_world_spawner/srv/detail/task3_service__rosidl_typesupport_introspection_cpp.hpp
[3.213s] -- Installing: /home/ethan/COMP0250/cw2_team_14/install/cw2_world_spawner/include/cw2_world_spawner/cw2_world_spawner/srv/detail/task_setup__type_support.cpp
[3.213s] -- Installing: /home/ethan/COMP0250/cw2_team_14/install/cw2_world_spawner/include/cw2_world_spawner/cw2_world_spawner/srv/detail/task3_service__type_support.cpp
[3.213s] -- Installing: /home/ethan/COMP0250/cw2_team_14/install/cw2_world_spawner/include/cw2_world_spawner/cw2_world_spawner/srv/detail/task2_service__type_support.cpp
[3.213s] -- Installing: /home/ethan/COMP0250/cw2_team_14/install/cw2_world_spawner/include/cw2_world_spawner/cw2_world_spawner/srv/detail/task2_service__rosidl_typesupport_introspection_cpp.hpp
[3.213s] -- Installing: /home/ethan/COMP0250/cw2_team_14/install/cw2_world_spawner/include/cw2_world_spawner/cw2_world_spawner/srv/detail/task1_service__rosidl_typesupport_introspection_cpp.hpp
[3.213s] -- Installing: /home/ethan/COMP0250/cw2_team_14/install/cw2_world_spawner/lib/libcw2_world_spawner__rosidl_typesupport_introspection_cpp.so
[3.214s] -- Set runtime path of "/home/ethan/COMP0250/cw2_team_14/install/cw2_world_spawner/lib/libcw2_world_spawner__rosidl_typesupport_introspection_cpp.so" to ""
[3.214s] -- Installing: /home/ethan/COMP0250/cw2_team_14/install/cw2_world_spawner/lib/libcw2_world_spawner__rosidl_typesupport_cpp.so
[3.214s] -- Set runtime path of "/home/ethan/COMP0250/cw2_team_14/install/cw2_world_spawner/lib/libcw2_world_spawner__rosidl_typesupport_cpp.so" to ""
[3.214s] -- Installing: /home/ethan/COMP0250/cw2_team_14/install/cw2_world_spawner/share/cw2_world_spawner/environment/pythonpath.sh
[3.214s] -- Installing: /home/ethan/COMP0250/cw2_team_14/install/cw2_world_spawner/share/cw2_world_spawner/environment/pythonpath.dsv
[3.214s] -- Installing: /home/ethan/COMP0250/cw2_team_14/install/cw2_world_spawner/local/lib/python3.10/dist-packages/cw2_world_spawner-0.1.0-py3.10.egg-info
[3.214s] -- Installing: /home/ethan/COMP0250/cw2_team_14/install/cw2_world_spawner/local/lib/python3.10/dist-packages/cw2_world_spawner-0.1.0-py3.10.egg-info/PKG-INFO
[3.214s] -- Installing: /home/ethan/COMP0250/cw2_team_14/install/cw2_world_spawner/local/lib/python3.10/dist-packages/cw2_world_spawner-0.1.0-py3.10.egg-info/dependency_links.txt
[3.214s] -- Installing: /home/ethan/COMP0250/cw2_team_14/install/cw2_world_spawner/local/lib/python3.10/dist-packages/cw2_world_spawner-0.1.0-py3.10.egg-info/top_level.txt
[3.214s] -- Installing: /home/ethan/COMP0250/cw2_team_14/install/cw2_world_spawner/local/lib/python3.10/dist-packages/cw2_world_spawner-0.1.0-py3.10.egg-info/SOURCES.txt
[3.214s] -- Installing: /home/ethan/COMP0250/cw2_team_14/install/cw2_world_spawner/local/lib/python3.10/dist-packages/cw2_world_spawner
[3.214s] -- Installing: /home/ethan/COMP0250/cw2_team_14/install/cw2_world_spawner/local/lib/python3.10/dist-packages/cw2_world_spawner/__init__.py
[3.215s] -- Installing: /home/ethan/COMP0250/cw2_team_14/install/cw2_world_spawner/local/lib/python3.10/dist-packages/cw2_world_spawner/_cw2_world_spawner_s.ep.rosidl_typesupport_introspection_c.c
[3.215s] -- Installing: /home/ethan/COMP0250/cw2_team_14/install/cw2_world_spawner/local/lib/python3.10/dist-packages/cw2_world_spawner/_cw2_world_spawner_s.ep.rosidl_typesupport_c.c
[3.215s] -- Installing: /home/ethan/COMP0250/cw2_team_14/install/cw2_world_spawner/local/lib/python3.10/dist-packages/cw2_world_spawner/srv
[3.215s] -- Installing: /home/ethan/COMP0250/cw2_team_14/install/cw2_world_spawner/local/lib/python3.10/dist-packages/cw2_world_spawner/srv/__init__.py
[3.215s] -- Installing: /home/ethan/COMP0250/cw2_team_14/install/cw2_world_spawner/local/lib/python3.10/dist-packages/cw2_world_spawner/srv/_task3_service.py
[3.215s] -- Installing: /home/ethan/COMP0250/cw2_team_14/install/cw2_world_spawner/local/lib/python3.10/dist-packages/cw2_world_spawner/srv/_task2_service.py
[3.215s] -- Installing: /home/ethan/COMP0250/cw2_team_14/install/cw2_world_spawner/local/lib/python3.10/dist-packages/cw2_world_spawner/srv/_task1_service.py
[3.215s] -- Installing: /home/ethan/COMP0250/cw2_team_14/install/cw2_world_spawner/local/lib/python3.10/dist-packages/cw2_world_spawner/srv/_task2_service_s.c
[3.215s] -- Installing: /home/ethan/COMP0250/cw2_team_14/install/cw2_world_spawner/local/lib/python3.10/dist-packages/cw2_world_spawner/srv/_task3_service_s.c
[3.215s] -- Installing: /home/ethan/COMP0250/cw2_team_14/install/cw2_world_spawner/local/lib/python3.10/dist-packages/cw2_world_spawner/srv/_task_setup.py
[3.215s] -- Installing: /home/ethan/COMP0250/cw2_team_14/install/cw2_world_spawner/local/lib/python3.10/dist-packages/cw2_world_spawner/srv/_task1_service_s.c
[3.215s] -- Installing: /home/ethan/COMP0250/cw2_team_14/install/cw2_world_spawner/local/lib/python3.10/dist-packages/cw2_world_spawner/srv/_task_setup_s.c
[3.216s] -- Installing: /home/ethan/COMP0250/cw2_team_14/install/cw2_world_spawner/local/lib/python3.10/dist-packages/cw2_world_spawner/cw2_world_spawner_s__rosidl_typesupport_fastrtps_c.cpython-310-x86_64-linux-gnu.so
[3.216s] -- Installing: /home/ethan/COMP0250/cw2_team_14/install/cw2_world_spawner/local/lib/python3.10/dist-packages/cw2_world_spawner/libcw2_world_spawner__rosidl_generator_py.so
[3.216s] -- Installing: /home/ethan/COMP0250/cw2_team_14/install/cw2_world_spawner/local/lib/python3.10/dist-packages/cw2_world_spawner/_cw2_world_spawner_s.ep.rosidl_typesupport_fastrtps_c.c
[3.216s] -- Installing: /home/ethan/COMP0250/cw2_team_14/install/cw2_world_spawner/local/lib/python3.10/dist-packages/cw2_world_spawner/cw2_world_spawner_s__rosidl_typesupport_introspection_c.cpython-310-x86_64-linux-gnu.so
[3.216s] -- Installing: /home/ethan/COMP0250/cw2_team_14/install/cw2_world_spawner/local/lib/python3.10/dist-packages/cw2_world_spawner/cw2_world_spawner_s__rosidl_typesupport_c.cpython-310-x86_64-linux-gnu.so
[3.238s] Listing '/home/ethan/COMP0250/cw2_team_14/install/cw2_world_spawner/local/lib/python3.10/dist-packages/cw2_world_spawner'...
[3.239s] Compiling '/home/ethan/COMP0250/cw2_team_14/install/cw2_world_spawner/local/lib/python3.10/dist-packages/cw2_world_spawner/__init__.py'...
[3.239s] Listing '/home/ethan/COMP0250/cw2_team_14/install/cw2_world_spawner/local/lib/python3.10/dist-packages/cw2_world_spawner/srv'...
[3.239s] Compiling '/home/ethan/COMP0250/cw2_team_14/install/cw2_world_spawner/local/lib/python3.10/dist-packages/cw2_world_spawner/srv/__init__.py'...
[3.239s] Compiling '/home/ethan/COMP0250/cw2_team_14/install/cw2_world_spawner/local/lib/python3.10/dist-packages/cw2_world_spawner/srv/_task1_service.py'...
[3.239s] Compiling '/home/ethan/COMP0250/cw2_team_14/install/cw2_world_spawner/local/lib/python3.10/dist-packages/cw2_world_spawner/srv/_task2_service.py'...
[3.239s] Compiling '/home/ethan/COMP0250/cw2_team_14/install/cw2_world_spawner/local/lib/python3.10/dist-packages/cw2_world_spawner/srv/_task3_service.py'...
[3.239s] Compiling '/home/ethan/COMP0250/cw2_team_14/install/cw2_world_spawner/local/lib/python3.10/dist-packages/cw2_world_spawner/srv/_task_setup.py'...
[3.241s] -- Installing: /home/ethan/COMP0250/cw2_team_14/install/cw2_world_spawner/local/lib/python3.10/dist-packages/cw2_world_spawner/cw2_world_spawner_s__rosidl_typesupport_fastrtps_c.cpython-310-x86_64-linux-gnu.so
[3.242s] -- Set runtime path of "/home/ethan/COMP0250/cw2_team_14/install/cw2_world_spawner/local/lib/python3.10/dist-packages/cw2_world_spawner/cw2_world_spawner_s__rosidl_typesupport_fastrtps_c.cpython-310-x86_64-linux-gnu.so" to ""
[3.242s] -- Installing: /home/ethan/COMP0250/cw2_team_14/install/cw2_world_spawner/local/lib/python3.10/dist-packages/cw2_world_spawner/cw2_world_spawner_s__rosidl_typesupport_introspection_c.cpython-310-x86_64-linux-gnu.so
[3.242s] -- Set runtime path of "/home/ethan/COMP0250/cw2_team_14/install/cw2_world_spawner/local/lib/python3.10/dist-packages/cw2_world_spawner/cw2_world_spawner_s__rosidl_typesupport_introspection_c.cpython-310-x86_64-linux-gnu.so" to ""
[3.242s] -- Installing: /home/ethan/COMP0250/cw2_team_14/install/cw2_world_spawner/local/lib/python3.10/dist-packages/cw2_world_spawner/cw2_world_spawner_s__rosidl_typesupport_c.cpython-310-x86_64-linux-gnu.so
[3.242s] -- Set runtime path of "/home/ethan/COMP0250/cw2_team_14/install/cw2_world_spawner/local/lib/python3.10/dist-packages/cw2_world_spawner/cw2_world_spawner_s__rosidl_typesupport_c.cpython-310-x86_64-linux-gnu.so" to ""
[3.242s] -- Installing: /home/ethan/COMP0250/cw2_team_14/install/cw2_world_spawner/lib/libcw2_world_spawner__rosidl_generator_py.so
[3.243s] -- Set runtime path of "/home/ethan/COMP0250/cw2_team_14/install/cw2_world_spawner/lib/libcw2_world_spawner__rosidl_generator_py.so" to ""
[3.243s] -- Installing: /home/ethan/COMP0250/cw2_team_14/install/cw2_world_spawner/share/ament_index/resource_index/rust_packages/cw2_world_spawner
[3.243s] -- Installing: /home/ethan/COMP0250/cw2_team_14/install/cw2_world_spawner/share/cw2_world_spawner/rust
[3.243s] -- Installing: /home/ethan/COMP0250/cw2_team_14/install/cw2_world_spawner/share/cw2_world_spawner/rust/Cargo.toml
[3.243s] -- Installing: /home/ethan/COMP0250/cw2_team_14/install/cw2_world_spawner/share/cw2_world_spawner/rust/src
[3.243s] -- Installing: /home/ethan/COMP0250/cw2_team_14/install/cw2_world_spawner/share/cw2_world_spawner/rust/src/srv.rs
[3.243s] -- Installing: /home/ethan/COMP0250/cw2_team_14/install/cw2_world_spawner/share/cw2_world_spawner/rust/src/lib.rs
[3.243s] -- Installing: /home/ethan/COMP0250/cw2_team_14/install/cw2_world_spawner/share/cw2_world_spawner/rust/src/srv
[3.243s] -- Installing: /home/ethan/COMP0250/cw2_team_14/install/cw2_world_spawner/share/cw2_world_spawner/rust/src/srv/rmw.rs
[3.243s] -- Installing: /home/ethan/COMP0250/cw2_team_14/install/cw2_world_spawner/share/cw2_world_spawner/rust/build.rs
[3.243s] -- Installing: /home/ethan/COMP0250/cw2_team_14/install/cw2_world_spawner/share/cw2_world_spawner/srv/TaskSetup.idl
[3.243s] -- Installing: /home/ethan/COMP0250/cw2_team_14/install/cw2_world_spawner/share/cw2_world_spawner/srv/Task1Service.idl
[3.243s] -- Installing: /home/ethan/COMP0250/cw2_team_14/install/cw2_world_spawner/share/cw2_world_spawner/srv/Task2Service.idl
[3.244s] -- Installing: /home/ethan/COMP0250/cw2_team_14/install/cw2_world_spawner/share/cw2_world_spawner/srv/Task3Service.idl
[3.244s] -- Installing: /home/ethan/COMP0250/cw2_team_14/install/cw2_world_spawner/share/cw2_world_spawner/srv/TaskSetup.srv
[3.244s] -- Installing: /home/ethan/COMP0250/cw2_team_14/install/cw2_world_spawner/share/cw2_world_spawner/srv/TaskSetup_Request.msg
[3.244s] -- Installing: /home/ethan/COMP0250/cw2_team_14/install/cw2_world_spawner/share/cw2_world_spawner/srv/TaskSetup_Response.msg
[3.244s] -- Installing: /home/ethan/COMP0250/cw2_team_14/install/cw2_world_spawner/share/cw2_world_spawner/srv/Task1Service.srv
[3.244s] -- Installing: /home/ethan/COMP0250/cw2_team_14/install/cw2_world_spawner/share/cw2_world_spawner/srv/Task1Service_Request.msg
[3.244s] -- Installing: /home/ethan/COMP0250/cw2_team_14/install/cw2_world_spawner/share/cw2_world_spawner/srv/Task1Service_Response.msg
[3.244s] -- Installing: /home/ethan/COMP0250/cw2_team_14/install/cw2_world_spawner/share/cw2_world_spawner/srv/Task2Service.srv
[3.244s] -- Installing: /home/ethan/COMP0250/cw2_team_14/install/cw2_world_spawner/share/cw2_world_spawner/srv/Task2Service_Request.msg
[3.244s] -- Installing: /home/ethan/COMP0250/cw2_team_14/install/cw2_world_spawner/share/cw2_world_spawner/srv/Task2Service_Response.msg
[3.244s] -- Installing: /home/ethan/COMP0250/cw2_team_14/install/cw2_world_spawner/share/cw2_world_spawner/srv/Task3Service.srv
[3.244s] -- Installing: /home/ethan/COMP0250/cw2_team_14/install/cw2_world_spawner/share/cw2_world_spawner/srv/Task3Service_Request.msg
[3.245s] -- Installing: /home/ethan/COMP0250/cw2_team_14/install/cw2_world_spawner/share/cw2_world_spawner/srv/Task3Service_Response.msg
[3.245s] -- Installing: /home/ethan/COMP0250/cw2_team_14/install/cw2_world_spawner/local/lib/python3.10/dist-packages/cw2_world_spawner_lib-0.1.0-py3.10.egg-info
[3.245s] -- Installing: /home/ethan/COMP0250/cw2_team_14/install/cw2_world_spawner/local/lib/python3.10/dist-packages/cw2_world_spawner_lib-0.1.0-py3.10.egg-info/PKG-INFO
[3.245s] -- Installing: /home/ethan/COMP0250/cw2_team_14/install/cw2_world_spawner/local/lib/python3.10/dist-packages/cw2_world_spawner_lib-0.1.0-py3.10.egg-info/dependency_links.txt
[3.245s] -- Installing: /home/ethan/COMP0250/cw2_team_14/install/cw2_world_spawner/local/lib/python3.10/dist-packages/cw2_world_spawner_lib-0.1.0-py3.10.egg-info/top_level.txt
[3.245s] -- Installing: /home/ethan/COMP0250/cw2_team_14/install/cw2_world_spawner/local/lib/python3.10/dist-packages/cw2_world_spawner_lib-0.1.0-py3.10.egg-info/SOURCES.txt
[3.245s] -- Installing: /home/ethan/COMP0250/cw2_team_14/install/cw2_world_spawner/local/lib/python3.10/dist-packages/cw2_world_spawner_lib
[3.245s] -- Installing: /home/ethan/COMP0250/cw2_team_14/install/cw2_world_spawner/local/lib/python3.10/dist-packages/cw2_world_spawner_lib/__init__.py
[3.245s] -- Installing: /home/ethan/COMP0250/cw2_team_14/install/cw2_world_spawner/local/lib/python3.10/dist-packages/cw2_world_spawner_lib/coursework_world_spawner.py
[3.265s] Listing '/home/ethan/COMP0250/cw2_team_14/install/cw2_world_spawner/local/lib/python3.10/dist-packages/cw2_world_spawner_lib'...
[3.265s] Compiling '/home/ethan/COMP0250/cw2_team_14/install/cw2_world_spawner/local/lib/python3.10/dist-packages/cw2_world_spawner_lib/__init__.py'...
[3.265s] Compiling '/home/ethan/COMP0250/cw2_team_14/install/cw2_world_spawner/local/lib/python3.10/dist-packages/cw2_world_spawner_lib/coursework_world_spawner.py'...
[3.268s] -- Installing: /home/ethan/COMP0250/cw2_team_14/install/cw2_world_spawner/lib/cw2_world_spawner/world_spawner.py
[3.268s] -- Installing: /home/ethan/COMP0250/cw2_team_14/install/cw2_world_spawner/share/cw2_world_spawner/models
[3.268s] -- Installing: /home/ethan/COMP0250/cw2_team_14/install/cw2_world_spawner/share/cw2_world_spawner/models/nought_purple_40mm
[3.268s] -- Installing: /home/ethan/COMP0250/cw2_team_14/install/cw2_world_spawner/share/cw2_world_spawner/models/nought_purple_40mm/model.config
[3.268s] -- Installing: /home/ethan/COMP0250/cw2_team_14/install/cw2_world_spawner/share/cw2_world_spawner/models/nought_purple_40mm/nought_40mm.STL
[3.268s] -- Installing: /home/ethan/COMP0250/cw2_team_14/install/cw2_world_spawner/share/cw2_world_spawner/models/nought_purple_40mm/model.sdf
[3.268s] -- Installing: /home/ethan/COMP0250/cw2_team_14/install/cw2_world_spawner/share/cw2_world_spawner/models/nought_blue_40mm
[3.268s] -- Installing: /home/ethan/COMP0250/cw2_team_14/install/cw2_world_spawner/share/cw2_world_spawner/models/nought_blue_40mm/model.config
[3.268s] -- Installing: /home/ethan/COMP0250/cw2_team_14/install/cw2_world_spawner/share/cw2_world_spawner/models/nought_blue_40mm/nought_40mm.STL
[3.268s] -- Installing: /home/ethan/COMP0250/cw2_team_14/install/cw2_world_spawner/share/cw2_world_spawner/models/nought_blue_40mm/model.sdf
[3.268s] -- Installing: /home/ethan/COMP0250/cw2_team_14/install/cw2_world_spawner/share/cw2_world_spawner/models/nought_red_40mm
[3.268s] -- Installing: /home/ethan/COMP0250/cw2_team_14/install/cw2_world_spawner/share/cw2_world_spawner/models/nought_red_40mm/model.config
[3.268s] -- Installing: /home/ethan/COMP0250/cw2_team_14/install/cw2_world_spawner/share/cw2_world_spawner/models/nought_red_40mm/nought_40mm.STL
[3.269s] -- Installing: /home/ethan/COMP0250/cw2_team_14/install/cw2_world_spawner/share/cw2_world_spawner/models/nought_red_40mm/model.sdf
[3.269s] -- Installing: /home/ethan/COMP0250/cw2_team_14/install/cw2_world_spawner/share/cw2_world_spawner/models/cross_blue_30mm
[3.269s] -- Installing: /home/ethan/COMP0250/cw2_team_14/install/cw2_world_spawner/share/cw2_world_spawner/models/cross_blue_30mm/cross_30mm_40H.STL
[3.269s] -- Installing: /home/ethan/COMP0250/cw2_team_14/install/cw2_world_spawner/share/cw2_world_spawner/models/cross_blue_30mm/model.config
[3.269s] -- Installing: /home/ethan/COMP0250/cw2_team_14/install/cw2_world_spawner/share/cw2_world_spawner/models/cross_blue_30mm/model.sdf
[3.269s] -- Installing: /home/ethan/COMP0250/cw2_team_14/install/cw2_world_spawner/share/cw2_world_spawner/models/cross_red_20mm
[3.269s] -- Installing: /home/ethan/COMP0250/cw2_team_14/install/cw2_world_spawner/share/cw2_world_spawner/models/cross_red_20mm/cross_40mm.STL
[3.269s] -- Installing: /home/ethan/COMP0250/cw2_team_14/install/cw2_world_spawner/share/cw2_world_spawner/models/cross_red_20mm/cross_20mm_40H.STL
[3.269s] -- Installing: /home/ethan/COMP0250/cw2_team_14/install/cw2_world_spawner/share/cw2_world_spawner/models/cross_red_20mm/model.config
[3.269s] -- Installing: /home/ethan/COMP0250/cw2_team_14/install/cw2_world_spawner/share/cw2_world_spawner/models/cross_red_20mm/model.sdf
[3.269s] -- Installing: /home/ethan/COMP0250/cw2_team_14/install/cw2_world_spawner/share/cw2_world_spawner/models/cross_purple_40mm
[3.269s] -- Installing: /home/ethan/COMP0250/cw2_team_14/install/cw2_world_spawner/share/cw2_world_spawner/models/cross_purple_40mm/cross_40mm.STL
[3.269s] -- Installing: /home/ethan/COMP0250/cw2_team_14/install/cw2_world_spawner/share/cw2_world_spawner/models/cross_purple_40mm/model.config
[3.269s] -- Installing: /home/ethan/COMP0250/cw2_team_14/install/cw2_world_spawner/share/cw2_world_spawner/models/cross_purple_40mm/model.sdf
[3.269s] -- Installing: /home/ethan/COMP0250/cw2_team_14/install/cw2_world_spawner/share/cw2_world_spawner/models/nought_red_20mm
[3.269s] -- Installing: /home/ethan/COMP0250/cw2_team_14/install/cw2_world_spawner/share/cw2_world_spawner/models/nought_red_20mm/model.config
[3.270s] -- Installing: /home/ethan/COMP0250/cw2_team_14/install/cw2_world_spawner/share/cw2_world_spawner/models/nought_red_20mm/nought_20mm_40H.STL
[3.270s] -- Installing: /home/ethan/COMP0250/cw2_team_14/install/cw2_world_spawner/share/cw2_world_spawner/models/nought_red_20mm/model.sdf
[3.270s] -- Installing: /home/ethan/COMP0250/cw2_team_14/install/cw2_world_spawner/share/cw2_world_spawner/models/obstacle_4
[3.270s] -- Installing: /home/ethan/COMP0250/cw2_team_14/install/cw2_world_spawner/share/cw2_world_spawner/models/obstacle_4/model.config
[3.270s] -- Installing: /home/ethan/COMP0250/cw2_team_14/install/cw2_world_spawner/share/cw2_world_spawner/models/obstacle_4/model.sdf
[3.270s] -- Installing: /home/ethan/COMP0250/cw2_team_14/install/cw2_world_spawner/share/cw2_world_spawner/models/cross_red_30mm
[3.270s] -- Installing: /home/ethan/COMP0250/cw2_team_14/install/cw2_world_spawner/share/cw2_world_spawner/models/cross_red_30mm/cross_30mm_40H.STL
[3.270s] -- Installing: /home/ethan/COMP0250/cw2_team_14/install/cw2_world_spawner/share/cw2_world_spawner/models/cross_red_30mm/model.config
[3.270s] -- Installing: /home/ethan/COMP0250/cw2_team_14/install/cw2_world_spawner/share/cw2_world_spawner/models/cross_red_30mm/model.sdf
[3.270s] -- Installing: /home/ethan/COMP0250/cw2_team_14/install/cw2_world_spawner/share/cw2_world_spawner/models/cross_blue_40mm
[3.270s] -- Installing: /home/ethan/COMP0250/cw2_team_14/install/cw2_world_spawner/share/cw2_world_spawner/models/cross_blue_40mm/cross_40mm.STL
[3.270s] -- Installing: /home/ethan/COMP0250/cw2_team_14/install/cw2_world_spawner/share/cw2_world_spawner/models/cross_blue_40mm/model.config
[3.270s] -- Installing: /home/ethan/COMP0250/cw2_team_14/install/cw2_world_spawner/share/cw2_world_spawner/models/cross_blue_40mm/model.sdf
[3.270s] -- Installing: /home/ethan/COMP0250/cw2_team_14/install/cw2_world_spawner/share/cw2_world_spawner/models/nought_purple_30mm
[3.270s] -- Installing: /home/ethan/COMP0250/cw2_team_14/install/cw2_world_spawner/share/cw2_world_spawner/models/nought_purple_30mm/model.config
[3.271s] -- Installing: /home/ethan/COMP0250/cw2_team_14/install/cw2_world_spawner/share/cw2_world_spawner/models/nought_purple_30mm/nought_30mm_40H.STL
[3.271s] -- Installing: /home/ethan/COMP0250/cw2_team_14/install/cw2_world_spawner/share/cw2_world_spawner/models/nought_purple_30mm/model.sdf
[3.271s] -- Installing: /home/ethan/COMP0250/cw2_team_14/install/cw2_world_spawner/share/cw2_world_spawner/models/nought_purple_20mm
[3.271s] -- Installing: /home/ethan/COMP0250/cw2_team_14/install/cw2_world_spawner/share/cw2_world_spawner/models/nought_purple_20mm/model.config
[3.271s] -- Installing: /home/ethan/COMP0250/cw2_team_14/install/cw2_world_spawner/share/cw2_world_spawner/models/nought_purple_20mm/nought_20mm_40H.STL
[3.271s] -- Installing: /home/ethan/COMP0250/cw2_team_14/install/cw2_world_spawner/share/cw2_world_spawner/models/nought_purple_20mm/model.sdf
[3.271s] -- Installing: /home/ethan/COMP0250/cw2_team_14/install/cw2_world_spawner/share/cw2_world_spawner/models/all_tiles
[3.271s] -- Installing: /home/ethan/COMP0250/cw2_team_14/install/cw2_world_spawner/share/cw2_world_spawner/models/all_tiles/model.config
[3.271s] -- Installing: /home/ethan/COMP0250/cw2_team_14/install/cw2_world_spawner/share/cw2_world_spawner/models/all_tiles/model.sdf
[3.271s] -- Installing: /home/ethan/COMP0250/cw2_team_14/install/cw2_world_spawner/share/cw2_world_spawner/models/all_tiles/model.sdf.xmacro
[3.271s] -- Installing: /home/ethan/COMP0250/cw2_team_14/install/cw2_world_spawner/share/cw2_world_spawner/models/cross_purple_20mm
[3.271s] -- Installing: /home/ethan/COMP0250/cw2_team_14/install/cw2_world_spawner/share/cw2_world_spawner/models/cross_purple_20mm/cross_40mm.STL
[3.271s] -- Installing: /home/ethan/COMP0250/cw2_team_14/install/cw2_world_spawner/share/cw2_world_spawner/models/cross_purple_20mm/cross_20mm_40H.STL
[3.271s] -- Installing: /home/ethan/COMP0250/cw2_team_14/install/cw2_world_spawner/share/cw2_world_spawner/models/cross_purple_20mm/model.config
[3.272s] -- Installing: /home/ethan/COMP0250/cw2_team_14/install/cw2_world_spawner/share/cw2_world_spawner/models/cross_purple_20mm/model.sdf
[3.272s] -- Installing: /home/ethan/COMP0250/cw2_team_14/install/cw2_world_spawner/share/cw2_world_spawner/models/nought_blue_20mm
[3.272s] -- Installing: /home/ethan/COMP0250/cw2_team_14/install/cw2_world_spawner/share/cw2_world_spawner/models/nought_blue_20mm/model.config
[3.272s] -- Installing: /home/ethan/COMP0250/cw2_team_14/install/cw2_world_spawner/share/cw2_world_spawner/models/nought_blue_20mm/nought_20mm_40H.STL
[3.272s] -- Installing: /home/ethan/COMP0250/cw2_team_14/install/cw2_world_spawner/share/cw2_world_spawner/models/nought_blue_20mm/model.sdf
[3.272s] -- Installing: /home/ethan/COMP0250/cw2_team_14/install/cw2_world_spawner/share/cw2_world_spawner/models/cross_red_40mm
[3.272s] -- Installing: /home/ethan/COMP0250/cw2_team_14/install/cw2_world_spawner/share/cw2_world_spawner/models/cross_red_40mm/cross_40mm.STL
[3.272s] -- Installing: /home/ethan/COMP0250/cw2_team_14/install/cw2_world_spawner/share/cw2_world_spawner/models/cross_red_40mm/model.config
[3.272s] -- Installing: /home/ethan/COMP0250/cw2_team_14/install/cw2_world_spawner/share/cw2_world_spawner/models/cross_red_40mm/model.sdf
[3.272s] -- Installing: /home/ethan/COMP0250/cw2_team_14/install/cw2_world_spawner/share/cw2_world_spawner/models/nought_blue_30mm
[3.272s] -- Installing: /home/ethan/COMP0250/cw2_team_14/install/cw2_world_spawner/share/cw2_world_spawner/models/nought_blue_30mm/model.config
[3.272s] -- Installing: /home/ethan/COMP0250/cw2_team_14/install/cw2_world_spawner/share/cw2_world_spawner/models/nought_blue_30mm/nought_30mm_40H.STL
[3.272s] -- Installing: /home/ethan/COMP0250/cw2_team_14/install/cw2_world_spawner/share/cw2_world_spawner/models/nought_blue_30mm/model.sdf
[3.272s] -- Installing: /home/ethan/COMP0250/cw2_team_14/install/cw2_world_spawner/share/cw2_world_spawner/models/basket
[3.273s] -- Installing: /home/ethan/COMP0250/cw2_team_14/install/cw2_world_spawner/share/cw2_world_spawner/models/basket/model.config
[3.273s] -- Installing: /home/ethan/COMP0250/cw2_team_14/install/cw2_world_spawner/share/cw2_world_spawner/models/basket/model.sdf
[3.273s] -- Installing: /home/ethan/COMP0250/cw2_team_14/install/cw2_world_spawner/share/cw2_world_spawner/models/basket/model.sdf.xmacro
[3.273s] -- Installing: /home/ethan/COMP0250/cw2_team_14/install/cw2_world_spawner/share/cw2_world_spawner/models/nought_red_30mm
[3.273s] -- Installing: /home/ethan/COMP0250/cw2_team_14/install/cw2_world_spawner/share/cw2_world_spawner/models/nought_red_30mm/model.config
[3.273s] -- Installing: /home/ethan/COMP0250/cw2_team_14/install/cw2_world_spawner/share/cw2_world_spawner/models/nought_red_30mm/nought_30mm_40H.STL
[3.273s] -- Installing: /home/ethan/COMP0250/cw2_team_14/install/cw2_world_spawner/share/cw2_world_spawner/models/nought_red_30mm/model.sdf
[3.273s] -- Installing: /home/ethan/COMP0250/cw2_team_14/install/cw2_world_spawner/share/cw2_world_spawner/models/cross_purple_30mm
[3.273s] -- Installing: /home/ethan/COMP0250/cw2_team_14/install/cw2_world_spawner/share/cw2_world_spawner/models/cross_purple_30mm/cross_30mm_40H.STL
[3.273s] -- Installing: /home/ethan/COMP0250/cw2_team_14/install/cw2_world_spawner/share/cw2_world_spawner/models/cross_purple_30mm/model.config
[3.273s] -- Installing: /home/ethan/COMP0250/cw2_team_14/install/cw2_world_spawner/share/cw2_world_spawner/models/cross_purple_30mm/model.sdf
[3.273s] -- Installing: /home/ethan/COMP0250/cw2_team_14/install/cw2_world_spawner/share/cw2_world_spawner/models/cross_blue_20mm
[3.273s] -- Installing: /home/ethan/COMP0250/cw2_team_14/install/cw2_world_spawner/share/cw2_world_spawner/models/cross_blue_20mm/cross_40mm.STL
[3.274s] -- Installing: /home/ethan/COMP0250/cw2_team_14/install/cw2_world_spawner/share/cw2_world_spawner/models/cross_blue_20mm/cross_20mm_40H.STL
[3.274s] -- Installing: /home/ethan/COMP0250/cw2_team_14/install/cw2_world_spawner/share/cw2_world_spawner/models/cross_blue_20mm/model.config
[3.274s] -- Installing: /home/ethan/COMP0250/cw2_team_14/install/cw2_world_spawner/share/cw2_world_spawner/models/cross_blue_20mm/model.sdf
[3.274s] -- Installing: /home/ethan/COMP0250/cw2_team_14/install/cw2_world_spawner/share/cw2_world_spawner/models/obstacle_1
[3.274s] -- Installing: /home/ethan/COMP0250/cw2_team_14/install/cw2_world_spawner/share/cw2_world_spawner/models/obstacle_1/model.config
[3.274s] -- Installing: /home/ethan/COMP0250/cw2_team_14/install/cw2_world_spawner/share/cw2_world_spawner/models/obstacle_1/model.sdf
[3.274s] -- Installing: /home/ethan/COMP0250/cw2_team_14/install/cw2_world_spawner/share/cw2_world_spawner/models/obstacle_3
[3.274s] -- Installing: /home/ethan/COMP0250/cw2_team_14/install/cw2_world_spawner/share/cw2_world_spawner/models/obstacle_3/model.config
[3.274s] -- Installing: /home/ethan/COMP0250/cw2_team_14/install/cw2_world_spawner/share/cw2_world_spawner/models/obstacle_3/model.sdf
[3.274s] -- Installing: /home/ethan/COMP0250/cw2_team_14/install/cw2_world_spawner/share/cw2_world_spawner/models/obstacle_2
[3.274s] -- Installing: /home/ethan/COMP0250/cw2_team_14/install/cw2_world_spawner/share/cw2_world_spawner/models/obstacle_2/model.config
[3.274s] -- Installing: /home/ethan/COMP0250/cw2_team_14/install/cw2_world_spawner/share/cw2_world_spawner/models/obstacle_2/model.sdf
[3.274s] -- Installing: /home/ethan/COMP0250/cw2_team_14/install/cw2_world_spawner/share/cw2_world_spawner/launch
[3.274s] -- Installing: /home/ethan/COMP0250/cw2_team_14/install/cw2_world_spawner/share/cw2_world_spawner/launch/world_spawner.launch.py
[3.275s] -- Installing: /home/ethan/COMP0250/cw2_team_14/install/cw2_world_spawner/share/ament_index/resource_index/package_run_dependencies/cw2_world_spawner
[3.275s] -- Installing: /home/ethan/COMP0250/cw2_team_14/install/cw2_world_spawner/share/ament_index/resource_index/parent_prefix_path/cw2_world_spawner
[3.275s] -- Installing: /home/ethan/COMP0250/cw2_team_14/install/cw2_world_spawner/share/cw2_world_spawner/environment/ament_prefix_path.sh
[3.275s] -- Installing: /home/ethan/COMP0250/cw2_team_14/install/cw2_world_spawner/share/cw2_world_spawner/environment/ament_prefix_path.dsv
[3.275s] -- Installing: /home/ethan/COMP0250/cw2_team_14/install/cw2_world_spawner/share/cw2_world_spawner/environment/path.sh
[3.275s] -- Installing: /home/ethan/COMP0250/cw2_team_14/install/cw2_world_spawner/share/cw2_world_spawner/environment/path.dsv
[3.275s] -- Installing: /home/ethan/COMP0250/cw2_team_14/install/cw2_world_spawner/share/cw2_world_spawner/local_setup.bash
[3.275s] -- Installing: /home/ethan/COMP0250/cw2_team_14/install/cw2_world_spawner/share/cw2_world_spawner/local_setup.sh
[3.275s] -- Installing: /home/ethan/COMP0250/cw2_team_14/install/cw2_world_spawner/share/cw2_world_spawner/local_setup.zsh
[3.275s] -- Installing: /home/ethan/COMP0250/cw2_team_14/install/cw2_world_spawner/share/cw2_world_spawner/local_setup.dsv
[3.276s] -- Installing: /home/ethan/COMP0250/cw2_team_14/install/cw2_world_spawner/share/cw2_world_spawner/package.dsv
[3.276s] -- Installing: /home/ethan/COMP0250/cw2_team_14/install/cw2_world_spawner/share/ament_index/resource_index/packages/cw2_world_spawner
[3.276s] -- Installing: /home/ethan/COMP0250/cw2_team_14/install/cw2_world_spawner/share/cw2_world_spawner/cmake/export_cw2_world_spawner__rosidl_generator_cExport.cmake
[3.276s] -- Installing: /home/ethan/COMP0250/cw2_team_14/install/cw2_world_spawner/share/cw2_world_spawner/cmake/export_cw2_world_spawner__rosidl_generator_cExport-noconfig.cmake
[3.276s] -- Installing: /home/ethan/COMP0250/cw2_team_14/install/cw2_world_spawner/share/cw2_world_spawner/cmake/export_cw2_world_spawner__rosidl_typesupport_fastrtps_cExport.cmake
[3.276s] -- Installing: /home/ethan/COMP0250/cw2_team_14/install/cw2_world_spawner/share/cw2_world_spawner/cmake/export_cw2_world_spawner__rosidl_typesupport_fastrtps_cExport-noconfig.cmake
[3.276s] -- Installing: /home/ethan/COMP0250/cw2_team_14/install/cw2_world_spawner/share/cw2_world_spawner/cmake/cw2_world_spawner__rosidl_typesupport_introspection_cExport.cmake
[3.276s] -- Installing: /home/ethan/COMP0250/cw2_team_14/install/cw2_world_spawner/share/cw2_world_spawner/cmake/cw2_world_spawner__rosidl_typesupport_introspection_cExport-noconfig.cmake
[3.276s] -- Installing: /home/ethan/COMP0250/cw2_team_14/install/cw2_world_spawner/share/cw2_world_spawner/cmake/cw2_world_spawner__rosidl_typesupport_cExport.cmake
[3.277s] -- Installing: /home/ethan/COMP0250/cw2_team_14/install/cw2_world_spawner/share/cw2_world_spawner/cmake/cw2_world_spawner__rosidl_typesupport_cExport-noconfig.cmake
[3.277s] -- Installing: /home/ethan/COMP0250/cw2_team_14/install/cw2_world_spawner/share/cw2_world_spawner/cmake/export_cw2_world_spawner__rosidl_generator_cppExport.cmake
[3.277s] -- Installing: /home/ethan/COMP0250/cw2_team_14/install/cw2_world_spawner/share/cw2_world_spawner/cmake/export_cw2_world_spawner__rosidl_typesupport_fastrtps_cppExport.cmake
[3.277s] -- Installing: /home/ethan/COMP0250/cw2_team_14/install/cw2_world_spawner/share/cw2_world_spawner/cmake/export_cw2_world_spawner__rosidl_typesupport_fastrtps_cppExport-noconfig.cmake
[3.277s] -- Installing: /home/ethan/COMP0250/cw2_team_14/install/cw2_world_spawner/share/cw2_world_spawner/cmake/cw2_world_spawner__rosidl_typesupport_introspection_cppExport.cmake
[3.277s] -- Installing: /home/ethan/COMP0250/cw2_team_14/install/cw2_world_spawner/share/cw2_world_spawner/cmake/cw2_world_spawner__rosidl_typesupport_introspection_cppExport-noconfig.cmake
[3.277s] -- Installing: /home/ethan/COMP0250/cw2_team_14/install/cw2_world_spawner/share/cw2_world_spawner/cmake/cw2_world_spawner__rosidl_typesupport_cppExport.cmake
[3.277s] -- Installing: /home/ethan/COMP0250/cw2_team_14/install/cw2_world_spawner/share/cw2_world_spawner/cmake/cw2_world_spawner__rosidl_typesupport_cppExport-noconfig.cmake
[3.277s] -- Installing: /home/ethan/COMP0250/cw2_team_14/install/cw2_world_spawner/share/cw2_world_spawner/cmake/export_cw2_world_spawner__rosidl_generator_pyExport.cmake
[3.277s] -- Installing: /home/ethan/COMP0250/cw2_team_14/install/cw2_world_spawner/share/cw2_world_spawner/cmake/export_cw2_world_spawner__rosidl_generator_pyExport-noconfig.cmake
[3.278s] -- Installing: /home/ethan/COMP0250/cw2_team_14/install/cw2_world_spawner/share/cw2_world_spawner/cmake/rosidl_cmake-extras.cmake
[3.278s] -- Installing: /home/ethan/COMP0250/cw2_team_14/install/cw2_world_spawner/share/cw2_world_spawner/cmake/ament_cmake_export_dependencies-extras.cmake
[3.278s] -- Installing: /home/ethan/COMP0250/cw2_team_14/install/cw2_world_spawner/share/cw2_world_spawner/cmake/ament_cmake_export_include_directories-extras.cmake
[3.278s] -- Installing: /home/ethan/COMP0250/cw2_team_14/install/cw2_world_spawner/share/cw2_world_spawner/cmake/ament_cmake_export_libraries-extras.cmake
[3.278s] -- Installing: /home/ethan/COMP0250/cw2_team_14/install/cw2_world_spawner/share/cw2_world_spawner/cmake/ament_cmake_export_targets-extras.cmake
[3.278s] -- Installing: /home/ethan/COMP0250/cw2_team_14/install/cw2_world_spawner/share/cw2_world_spawner/cmake/rosidl_cmake_export_typesupport_targets-extras.cmake
[3.278s] -- Installing: /home/ethan/COMP0250/cw2_team_14/install/cw2_world_spawner/share/cw2_world_spawner/cmake/rosidl_cmake_export_typesupport_libraries-extras.cmake
[3.278s] -- Installing: /home/ethan/COMP0250/cw2_team_14/install/cw2_world_spawner/share/cw2_world_spawner/cmake/cw2_world_spawnerConfig.cmake
[3.278s] -- Installing: /home/ethan/COMP0250/cw2_team_14/install/cw2_world_spawner/share/cw2_world_spawner/cmake/cw2_world_spawnerConfig-version.cmake
[3.278s] -- Installing: /home/ethan/COMP0250/cw2_team_14/install/cw2_world_spawner/share/cw2_world_spawner/package.xml
[3.280s] Invoked command in '/home/ethan/COMP0250/cw2_team_14/build/cw2_world_spawner' returned '0': CMAKE_PREFIX_PATH=/opt/ros/humble /usr/bin/cmake --install /home/ethan/COMP0250/cw2_team_14/build/cw2_world_spawner
