[0.050s] Invoking command in '/home/czg22/comp0250_s26_labs/build/cw2_team_14': CMAKE_PREFIX_PATH=/home/czg22/comp0250_s26_labs/install/cw2_world_spawner:/home/czg22/comp0250_s26_labs/install/rpl_panda_with_rs:/home/czg22/comp0250_s26_labs/install/realsense_gazebo_plugin:/home/czg22/comp0250_s26_labs/install/panda_moveit_config:/home/czg22/comp0250_s26_labs/install/panda_description:/home/czg22/comp0250_s26_labs/install/cw2_team_14:/home/czg22/comp0250_s26_labs/install/cw1_world_spawner:/home/czg22/ws_moveit2/install/pilz_industrial_motion_planner_testutils:/home/czg22/ws_moveit2/install/moveit_runtime:/home/czg22/ws_moveit2/install/moveit2_tutorials:/home/czg22/ws_moveit2/install/moveit:/home/czg22/ws_moveit2/install/moveit_planners:/home/czg22/ws_moveit2/install/pilz_industrial_motion_planner:/home/czg22/ws_moveit2/install/mtc_tutorial:/home/czg22/ws_moveit2/install/moveit_visual_tools:/home/czg22/ws_moveit2/install/moveit_task_constructor_visualization:/home/czg22/ws_moveit2/install/moveit_task_constructor_demo:/home/czg22/ws_moveit2/install/moveit_task_constructor_capabilities:/home/czg22/ws_moveit2/install/moveit_task_constructor_core:/home/czg22/ws_moveit2/install/moveit_ros_control_interface:/home/czg22/ws_moveit2/install/moveit_plugins:/home/czg22/ws_moveit2/install/moveit_simple_controller_manager:/home/czg22/ws_moveit2/install/moveit_setup_assistant:/home/czg22/ws_moveit2/install/moveit_setup_srdf_plugins:/home/czg22/ws_moveit2/install/moveit_setup_core_plugins:/home/czg22/ws_moveit2/install/moveit_setup_controllers:/home/czg22/ws_moveit2/install/moveit_setup_app_plugins:/home/czg22/ws_moveit2/install/moveit_setup_framework:/home/czg22/ws_moveit2/install/moveit_servo:/home/czg22/ws_moveit2/install/moveit_ros:/home/czg22/ws_moveit2/install/moveit_ros_visualization:/home/czg22/ws_moveit2/install/moveit_py:/home/czg22/ws_moveit2/install/moveit_hybrid_planning:/home/czg22/ws_moveit2/install/moveit_ros_planning_interface:/home/czg22/ws_moveit2/install/moveit_ros_benchmarks:/home/czg22/ws_moveit2/install/moveit_ros_warehouse:/home/czg22/ws_moveit2/install/moveit_ros_robot_interaction:/home/czg22/ws_moveit2/install/moveit_ros_perception:/home/czg22/ws_moveit2/install/moveit_resources_prbt_pg70_support:/home/czg22/ws_moveit2/install/moveit_resources_prbt_moveit_config:/home/czg22/ws_moveit2/install/moveit_ros_move_group:/home/czg22/ws_moveit2/install/moveit_planners_ompl:/home/czg22/ws_moveit2/install/moveit_ros_planning:/home/czg22/ws_moveit2/install/moveit_ros_occupancy_map_monitor:/home/czg22/ws_moveit2/install/moveit_resources_prbt_ikfast_manipulator_plugin:/home/czg22/ws_moveit2/install/moveit_planners_chomp:/home/czg22/ws_moveit2/install/moveit_kinematics:/home/czg22/ws_moveit2/install/moveit_chomp_optimizer_adapter:/home/czg22/ws_moveit2/install/chomp_motion_planner:/home/czg22/ws_moveit2/install/moveit_core:/home/czg22/ws_moveit2/install/srdfdom:/home/czg22/ws_moveit2/install/rviz_marker_tools:/home/czg22/ws_moveit2/install/rosparam_shortcuts:/home/czg22/ws_moveit2/install/moveit_task_constructor_msgs:/home/czg22/ws_moveit2/install/moveit_resources_prbt_support:/home/czg22/ws_moveit2/install/moveit_resources:/home/czg22/ws_moveit2/install/moveit_resources_pr2_description:/home/czg22/ws_moveit2/install/moveit_resources_panda_moveit_config:/home/czg22/ws_moveit2/install/moveit_resources_panda_description:/home/czg22/ws_moveit2/install/moveit_resources_fanuc_moveit_config:/home/czg22/ws_moveit2/install/moveit_resources_fanuc_description:/home/czg22/ws_moveit2/install/moveit_common:/home/czg22/ws_moveit2/install/moveit_configs_utils:/home/czg22/ws_moveit2/install/launch_param_builder:/opt/ros/humble LD_LIBRARY_PATH=/home/czg22/comp0250_s26_labs/install/cw2_world_spawner/lib:/home/czg22/comp0250_s26_labs/install/realsense_gazebo_plugin/lib:/home/czg22/comp0250_s26_labs/install/cw2_team_14/lib:/home/czg22/comp0250_s26_labs/install/cw1_world_spawner/lib:/home/czg22/ws_moveit2/install/pilz_industrial_motion_planner_testutils/lib:/home/czg22/ws_moveit2/install/pilz_industrial_motion_planner/lib:/home/czg22/ws_moveit2/install/moveit_visual_tools/lib:/home/czg22/ws_moveit2/install/moveit_task_constructor_visualization/lib:/home/czg22/ws_moveit2/install/moveit_task_constructor_demo/lib:/home/czg22/ws_moveit2/install/moveit_task_constructor_capabilities/lib:/home/czg22/ws_moveit2/install/moveit_task_constructor_core/lib:/home/czg22/ws_moveit2/install/moveit_ros_control_interface/lib:/home/czg22/ws_moveit2/install/moveit_simple_controller_manager/lib:/home/czg22/ws_moveit2/install/moveit_setup_assistant/lib:/home/czg22/ws_moveit2/install/moveit_setup_srdf_plugins/lib:/home/czg22/ws_moveit2/install/moveit_setup_core_plugins/lib:/home/czg22/ws_moveit2/install/moveit_setup_controllers/lib:/home/czg22/ws_moveit2/install/moveit_setup_app_plugins/lib:/home/czg22/ws_moveit2/install/moveit_setup_framework/lib:/home/czg22/ws_moveit2/install/moveit_servo/lib:/home/czg22/ws_moveit2/install/moveit_ros_visualization/lib:/home/czg22/ws_moveit2/install/moveit_py/lib:/home/czg22/ws_moveit2/install/moveit_hybrid_planning/lib:/home/czg22/ws_moveit2/install/moveit_ros_planning_interface/lib:/home/czg22/ws_moveit2/install/moveit_ros_benchmarks/lib:/home/czg22/ws_moveit2/install/moveit_ros_warehouse/lib:/home/czg22/ws_moveit2/install/moveit_ros_robot_interaction/lib:/home/czg22/ws_moveit2/install/moveit_ros_perception/lib:/home/czg22/ws_moveit2/install/moveit_ros_move_group/lib:/home/czg22/ws_moveit2/install/moveit_planners_ompl/lib:/home/czg22/ws_moveit2/install/moveit_ros_planning/lib:/home/czg22/ws_moveit2/install/moveit_ros_occupancy_map_monitor/lib:/home/czg22/ws_moveit2/install/moveit_resources_prbt_ikfast_manipulator_plugin/lib:/home/czg22/ws_moveit2/install/moveit_planners_chomp/lib:/home/czg22/ws_moveit2/install/moveit_kinematics/lib:/home/czg22/ws_moveit2/install/moveit_chomp_optimizer_adapter/lib:/home/czg22/ws_moveit2/install/chomp_motion_planner/lib:/home/czg22/ws_moveit2/install/moveit_core/lib:/home/czg22/ws_moveit2/install/srdfdom/lib:/home/czg22/ws_moveit2/install/rviz_marker_tools/lib:/home/czg22/ws_moveit2/install/rosparam_shortcuts/lib:/home/czg22/ws_moveit2/install/moveit_task_constructor_msgs/lib:/usr/lib/x86_64-linux-gnu/gazebo-11/plugins:/opt/ros/humble/opt/rviz_ogre_vendor/lib:/opt/ros/humble/lib/x86_64-linux-gnu:/opt/ros/humble/lib /usr/bin/cmake /home/czg22/comp0250_s26_labs/src/courseworks/cw2_team_14 -DCMAKE_INSTALL_PREFIX=/home/czg22/comp0250_s26_labs/install/cw2_team_14
[0.146s] -- The C compiler identification is GNU 11.4.0
[0.334s] -- The CXX compiler identification is GNU 11.4.0
[0.455s] -- Detecting C compiler ABI info
[0.572s] -- Detecting C compiler ABI info - done
[0.576s] -- Check for working C compiler: /usr/bin/cc - skipped
[0.576s] -- Detecting C compile features
[0.577s] -- Detecting C compile features - done
[0.579s] -- Detecting CXX compiler ABI info
[0.716s] -- Detecting CXX compiler ABI info - done
[0.720s] -- Check for working CXX compiler: /usr/bin/c++ - skipped
[0.720s] -- Detecting CXX compile features
[0.720s] -- Detecting CXX compile features - done
[0.729s] -- Found ament_cmake: 1.3.13 (/opt/ros/humble/share/ament_cmake/cmake)
[0.866s] -- Found Python3: /usr/bin/python3 (found version "3.10.12") found components: Interpreter 
[1.027s] -- Found rosidl_default_generators: 1.2.0 (/opt/ros/humble/share/rosidl_default_generators/cmake)
[1.041s] -- Using all available rosidl_typesupport_c: rosidl_typesupport_fastrtps_c;rosidl_typesupport_introspection_c
[1.065s] -- Found rosidl_adapter: 3.1.8 (/opt/ros/humble/share/rosidl_adapter/cmake)
[1.206s] -- Using all available rosidl_typesupport_cpp: rosidl_typesupport_fastrtps_cpp;rosidl_typesupport_introspection_cpp
[1.272s] -- Found rclcpp: 16.0.18 (/opt/ros/humble/share/rclcpp/cmake)
[1.388s] -- Found rmw_implementation_cmake: 6.1.2 (/opt/ros/humble/share/rmw_implementation_cmake/cmake)
[1.398s] -- Found rmw_fastrtps_cpp: 6.2.10 (/opt/ros/humble/share/rmw_fastrtps_cpp/cmake)
[2.074s] -- Found OpenSSL: /usr/lib/x86_64-linux-gnu/libcrypto.so (found version "3.0.2")  
[2.673s] -- Found FastRTPS: /opt/ros/humble/include  
[3.748s] -- Using RMW implementation 'rmw_fastrtps_cpp' as default
[3.774s] -- Looking for pthread.h
[3.896s] -- Looking for pthread.h - found
[3.896s] -- Performing Test CMAKE_HAVE_LIBC_PTHREAD
[4.026s] -- Performing Test CMAKE_HAVE_LIBC_PTHREAD - Success
[4.026s] -- Found Threads: TRUE  
[4.094s] -- Found geometry_msgs: 4.9.1 (/opt/ros/humble/share/geometry_msgs/cmake)
[4.112s] -- Found sensor_msgs: 4.9.1 (/opt/ros/humble/share/sensor_msgs/cmake)
[4.141s] -- Found visualization_msgs: 4.9.1 (/opt/ros/humble/share/visualization_msgs/cmake)
[4.168s] -- Found moveit_core: 2.5.9 (/home/czg22/ws_moveit2/install/moveit_core/share/moveit_core/cmake)
[4.275s] -- Found Boost: /usr/lib/x86_64-linux-gnu/cmake/Boost-1.74.0/BoostConfig.cmake (found version "1.74.0") found components: chrono date_time filesystem iostreams program_options regex serialization system thread 
[4.858s] -- Found parameter_traits: 0.6.0 (/opt/ros/humble/share/parameter_traits/cmake)
[4.902s] -- Found rclcpp_lifecycle: 16.0.18 (/opt/ros/humble/share/rclcpp_lifecycle/cmake)
[4.952s] -- Found Boost: /usr/lib/x86_64-linux-gnu/cmake/Boost-1.74.0/BoostConfig.cmake (found version "1.74.0") found components: filesystem 
[5.688s] -- library: /usr/lib/x86_64-linux-gnu/libcurl.so
[5.764s] -- Found Eigen3: TRUE (found version "3.4.0") 
[5.764s] -- Ensuring Eigen3 include directory is part of orocos-kdl CMake target
[6.757s] -- Found moveit_ros_planning_interface: 2.5.9 (/home/czg22/ws_moveit2/install/moveit_ros_planning_interface/share/moveit_ros_planning_interface/cmake)
[6.761s] -- Found Boost: /usr/lib/x86_64-linux-gnu/cmake/Boost-1.74.0/BoostConfig.cmake (found version "1.74.0") found components: date_time filesystem program_options system thread 
[6.776s] -- Found Boost: /usr/lib/x86_64-linux-gnu/cmake/Boost-1.74.0/BoostConfig.cmake (found version "1.74.0") found components: system filesystem date_time program_options thread chrono 
[6.810s] -- Found Boost: /usr/lib/x86_64-linux-gnu/cmake/Boost-1.74.0/BoostConfig.cmake (found version "1.74.0") found components: thread system filesystem regex date_time program_options 
[6.841s] -- Found Boost: /usr/lib/x86_64-linux-gnu/cmake/Boost-1.74.0/BoostConfig.cmake (found version "1.74.0") found components: system filesystem date_time program_options thread 
[6.887s] -- Found pcl_ros: 2.4.5 (/opt/ros/humble/share/pcl_ros/cmake)
[6.955s] -- Checking for module 'eigen3'
[6.979s] --   Found eigen3, version 3.4.0
[7.037s] -- Found Eigen: /usr/include/eigen3 (Required is at least version "3.1") 
[7.037s] -- Eigen found (include: /usr/include/eigen3, version: 3.4.0)
[7.561s] -- Checking for module 'flann'
[7.594s] --   Found flann, version 1.9.1
[7.779s] -- Found FLANN: /usr/lib/x86_64-linux-gnu/libflann_cpp.so  
[7.779s] -- FLANN found (include: /usr/include, lib: /usr/lib/x86_64-linux-gnu/libflann_cpp.so)
[10.718s] -- Checking for module 'libusb-1.0'
[10.745s] --   Found libusb-1.0, version 1.0.25
[10.839s] -- Found libusb: /usr/lib/x86_64-linux-gnu/libusb-1.0.so  
[10.840s] -- OpenNI found (version: 1.5.4.0, include: /usr/include/ni, lib: /usr/lib/libOpenNI.so;libusb::libusb)
[10.997s] -- OpenNI2 found (version: 2.2.0.33, include: /usr/include/openni2, lib: /usr/lib/x86_64-linux-gnu/libOpenNI2.so;libusb::libusb)
[11.876s] -- Eigen found (include: /usr/include/eigen3, version: 3.4.0)
[11.884s] -- OpenNI found (version: 1.5.4.0, include: /usr/include/ni, lib: /usr/lib/libOpenNI.so;libusb::libusb)
[11.892s] -- OpenNI2 found (version: 2.2.0.33, include: /usr/include/openni2, lib: /usr/lib/x86_64-linux-gnu/libOpenNI2.so;libusb::libusb)
[12.768s] -- Found Qhull version 8.0.2
[13.726s] -- OpenNI found (version: 1.5.4.0, include: /usr/include/ni, lib: /usr/lib/libOpenNI.so;libusb::libusb)
[14.694s] -- Found PCL_COMMON: /usr/lib/x86_64-linux-gnu/libpcl_common.so  
[14.695s] -- Found PCL_KDTREE: /usr/lib/x86_64-linux-gnu/libpcl_kdtree.so  
[14.695s] -- Found PCL_OCTREE: /usr/lib/x86_64-linux-gnu/libpcl_octree.so  
[14.696s] -- Found PCL_SEARCH: /usr/lib/x86_64-linux-gnu/libpcl_search.so  
[14.696s] -- Found PCL_SAMPLE_CONSENSUS: /usr/lib/x86_64-linux-gnu/libpcl_sample_consensus.so  
[14.697s] -- Found PCL_FILTERS: /usr/lib/x86_64-linux-gnu/libpcl_filters.so  
[14.697s] -- Found PCL_2D: /usr/include/pcl-1.12  
[14.698s] -- Found PCL_GEOMETRY: /usr/include/pcl-1.12  
[14.698s] -- Found PCL_IO: /usr/lib/x86_64-linux-gnu/libpcl_io.so  
[14.699s] -- Found PCL_FEATURES: /usr/lib/x86_64-linux-gnu/libpcl_features.so  
[14.700s] -- Found PCL_ML: /usr/lib/x86_64-linux-gnu/libpcl_ml.so  
[14.700s] -- Found PCL_SEGMENTATION: /usr/lib/x86_64-linux-gnu/libpcl_segmentation.so  
[14.701s] -- Found PCL_VISUALIZATION: /usr/lib/x86_64-linux-gnu/libpcl_visualization.so  
[14.702s] -- Found PCL_SURFACE: /usr/lib/x86_64-linux-gnu/libpcl_surface.so  
[14.702s] -- Found PCL_REGISTRATION: /usr/lib/x86_64-linux-gnu/libpcl_registration.so  
[14.703s] -- Found PCL_KEYPOINTS: /usr/lib/x86_64-linux-gnu/libpcl_keypoints.so  
[14.704s] -- Found PCL_TRACKING: /usr/lib/x86_64-linux-gnu/libpcl_tracking.so  
[14.705s] -- Found PCL_RECOGNITION: /usr/lib/x86_64-linux-gnu/libpcl_recognition.so  
[14.706s] -- Found PCL_STEREO: /usr/lib/x86_64-linux-gnu/libpcl_stereo.so  
[14.706s] -- Found PCL_APPS: /usr/lib/x86_64-linux-gnu/libpcl_apps.so  
[14.707s] -- Found PCL_IN_HAND_SCANNER: /usr/include/pcl-1.12  
[14.707s] -- Found PCL_MODELER: /usr/include/pcl-1.12  
[14.708s] -- Found PCL_POINT_CLOUD_EDITOR: /usr/include/pcl-1.12  
[14.709s] -- Found PCL_OUTOFCORE: /usr/lib/x86_64-linux-gnu/libpcl_outofcore.so  
[14.710s] -- Found PCL_PEOPLE: /usr/lib/x86_64-linux-gnu/libpcl_people.so  
[14.717s] [33mCMake Warning (dev) at CMakeLists.txt:23 (find_package):
[14.717s]   Policy CMP0074 is not set: find_package uses <PackageName>_ROOT variables.
[14.718s]   Run "cmake --help-policy CMP0074" for policy details.  Use the cmake_policy
[14.718s]   command to set the policy and suppress this warning.
[14.718s] 
[14.718s]   CMake variable PCL_ROOT is set to:
[14.718s] 
[14.718s]     /usr
[14.718s] 
[14.718s]   For compatibility, CMake is ignoring the variable.
[14.718s] This warning is for project developers.  Use -Wno-dev to suppress it.
[14.718s] [0m
[14.729s] -- Found cw2_world_spawner: 0.1.0 (/home/czg22/comp0250_s26_labs/install/cw2_world_spawner/share/cw2_world_spawner/cmake)
[15.008s] -- Found ament_cmake_ros: 0.10.0 (/opt/ros/humble/share/ament_cmake_ros/cmake)
[15.263s] -- Using all available rosidl_typesupport_c: rosidl_typesupport_fastrtps_c;rosidl_typesupport_introspection_c
[15.562s] -- Using all available rosidl_typesupport_cpp: rosidl_typesupport_fastrtps_cpp;rosidl_typesupport_introspection_cpp
[15.631s] -- Found PythonInterp: /usr/bin/python3 (found suitable version "3.10.12", minimum required is "3.6") 
[15.639s] -- Found python_cmake_module: 0.10.0 (/opt/ros/humble/share/python_cmake_module/cmake)
[15.820s] -- Found PythonLibs: /usr/lib/x86_64-linux-gnu/libpython3.10.so (found suitable version "3.10.12", minimum required is "3.5") 
[15.820s] -- Using PYTHON_EXECUTABLE: /usr/bin/python3
[15.820s] -- Using PYTHON_INCLUDE_DIRS: /usr/include/python3.10
[15.820s] -- Using PYTHON_LIBRARIES: /usr/lib/x86_64-linux-gnu/libpython3.10.so
[15.841s] -- Found PythonExtra: .so  
[16.020s] -- Found ament_lint_auto: 0.12.15 (/opt/ros/humble/share/ament_lint_auto/cmake)
[16.080s] -- Added test 'cppcheck' to perform static code analysis on C / C++ code
[16.081s] -- Configured cppcheck include dirs: /home/czg22/comp0250_s26_labs/src/courseworks/cw2_team_14/include
[16.081s] -- Configured cppcheck exclude dirs and/or files: 
[16.083s] -- Added test 'flake8' to check Python code syntax and style conventions
[16.085s] -- Added test 'lint_cmake' to check CMake code style
[16.086s] -- Added test 'pep257' to check Python code against some of the docstring style conventions in PEP 257
[16.088s] -- Added test 'uncrustify' to check C / C++ code style
[16.088s] -- Configured uncrustify additional arguments: 
[16.090s] -- Added test 'xmllint' to check XML markup files
[16.095s] -- Configuring done
[16.339s] -- Generating done
[16.368s] -- Build files have been written to: /home/czg22/comp0250_s26_labs/build/cw2_team_14
[16.394s] Invoked command in '/home/czg22/comp0250_s26_labs/build/cw2_team_14' returned '0': CMAKE_PREFIX_PATH=/home/czg22/comp0250_s26_labs/install/cw2_world_spawner:/home/czg22/comp0250_s26_labs/install/rpl_panda_with_rs:/home/czg22/comp0250_s26_labs/install/realsense_gazebo_plugin:/home/czg22/comp0250_s26_labs/install/panda_moveit_config:/home/czg22/comp0250_s26_labs/install/panda_description:/home/czg22/comp0250_s26_labs/install/cw2_team_14:/home/czg22/comp0250_s26_labs/install/cw1_world_spawner:/home/czg22/ws_moveit2/install/pilz_industrial_motion_planner_testutils:/home/czg22/ws_moveit2/install/moveit_runtime:/home/czg22/ws_moveit2/install/moveit2_tutorials:/home/czg22/ws_moveit2/install/moveit:/home/czg22/ws_moveit2/install/moveit_planners:/home/czg22/ws_moveit2/install/pilz_industrial_motion_planner:/home/czg22/ws_moveit2/install/mtc_tutorial:/home/czg22/ws_moveit2/install/moveit_visual_tools:/home/czg22/ws_moveit2/install/moveit_task_constructor_visualization:/home/czg22/ws_moveit2/install/moveit_task_constructor_demo:/home/czg22/ws_moveit2/install/moveit_task_constructor_capabilities:/home/czg22/ws_moveit2/install/moveit_task_constructor_core:/home/czg22/ws_moveit2/install/moveit_ros_control_interface:/home/czg22/ws_moveit2/install/moveit_plugins:/home/czg22/ws_moveit2/install/moveit_simple_controller_manager:/home/czg22/ws_moveit2/install/moveit_setup_assistant:/home/czg22/ws_moveit2/install/moveit_setup_srdf_plugins:/home/czg22/ws_moveit2/install/moveit_setup_core_plugins:/home/czg22/ws_moveit2/install/moveit_setup_controllers:/home/czg22/ws_moveit2/install/moveit_setup_app_plugins:/home/czg22/ws_moveit2/install/moveit_setup_framework:/home/czg22/ws_moveit2/install/moveit_servo:/home/czg22/ws_moveit2/install/moveit_ros:/home/czg22/ws_moveit2/install/moveit_ros_visualization:/home/czg22/ws_moveit2/install/moveit_py:/home/czg22/ws_moveit2/install/moveit_hybrid_planning:/home/czg22/ws_moveit2/install/moveit_ros_planning_interface:/home/czg22/ws_moveit2/install/moveit_ros_benchmarks:/home/czg22/ws_moveit2/install/moveit_ros_warehouse:/home/czg22/ws_moveit2/install/moveit_ros_robot_interaction:/home/czg22/ws_moveit2/install/moveit_ros_perception:/home/czg22/ws_moveit2/install/moveit_resources_prbt_pg70_support:/home/czg22/ws_moveit2/install/moveit_resources_prbt_moveit_config:/home/czg22/ws_moveit2/install/moveit_ros_move_group:/home/czg22/ws_moveit2/install/moveit_planners_ompl:/home/czg22/ws_moveit2/install/moveit_ros_planning:/home/czg22/ws_moveit2/install/moveit_ros_occupancy_map_monitor:/home/czg22/ws_moveit2/install/moveit_resources_prbt_ikfast_manipulator_plugin:/home/czg22/ws_moveit2/install/moveit_planners_chomp:/home/czg22/ws_moveit2/install/moveit_kinematics:/home/czg22/ws_moveit2/install/moveit_chomp_optimizer_adapter:/home/czg22/ws_moveit2/install/chomp_motion_planner:/home/czg22/ws_moveit2/install/moveit_core:/home/czg22/ws_moveit2/install/srdfdom:/home/czg22/ws_moveit2/install/rviz_marker_tools:/home/czg22/ws_moveit2/install/rosparam_shortcuts:/home/czg22/ws_moveit2/install/moveit_task_constructor_msgs:/home/czg22/ws_moveit2/install/moveit_resources_prbt_support:/home/czg22/ws_moveit2/install/moveit_resources:/home/czg22/ws_moveit2/install/moveit_resources_pr2_description:/home/czg22/ws_moveit2/install/moveit_resources_panda_moveit_config:/home/czg22/ws_moveit2/install/moveit_resources_panda_description:/home/czg22/ws_moveit2/install/moveit_resources_fanuc_moveit_config:/home/czg22/ws_moveit2/install/moveit_resources_fanuc_description:/home/czg22/ws_moveit2/install/moveit_common:/home/czg22/ws_moveit2/install/moveit_configs_utils:/home/czg22/ws_moveit2/install/launch_param_builder:/opt/ros/humble LD_LIBRARY_PATH=/home/czg22/comp0250_s26_labs/install/cw2_world_spawner/lib:/home/czg22/comp0250_s26_labs/install/realsense_gazebo_plugin/lib:/home/czg22/comp0250_s26_labs/install/cw2_team_14/lib:/home/czg22/comp0250_s26_labs/install/cw1_world_spawner/lib:/home/czg22/ws_moveit2/install/pilz_industrial_motion_planner_testutils/lib:/home/czg22/ws_moveit2/install/pilz_industrial_motion_planner/lib:/home/czg22/ws_moveit2/install/moveit_visual_tools/lib:/home/czg22/ws_moveit2/install/moveit_task_constructor_visualization/lib:/home/czg22/ws_moveit2/install/moveit_task_constructor_demo/lib:/home/czg22/ws_moveit2/install/moveit_task_constructor_capabilities/lib:/home/czg22/ws_moveit2/install/moveit_task_constructor_core/lib:/home/czg22/ws_moveit2/install/moveit_ros_control_interface/lib:/home/czg22/ws_moveit2/install/moveit_simple_controller_manager/lib:/home/czg22/ws_moveit2/install/moveit_setup_assistant/lib:/home/czg22/ws_moveit2/install/moveit_setup_srdf_plugins/lib:/home/czg22/ws_moveit2/install/moveit_setup_core_plugins/lib:/home/czg22/ws_moveit2/install/moveit_setup_controllers/lib:/home/czg22/ws_moveit2/install/moveit_setup_app_plugins/lib:/home/czg22/ws_moveit2/install/moveit_setup_framework/lib:/home/czg22/ws_moveit2/install/moveit_servo/lib:/home/czg22/ws_moveit2/install/moveit_ros_visualization/lib:/home/czg22/ws_moveit2/install/moveit_py/lib:/home/czg22/ws_moveit2/install/moveit_hybrid_planning/lib:/home/czg22/ws_moveit2/install/moveit_ros_planning_interface/lib:/home/czg22/ws_moveit2/install/moveit_ros_benchmarks/lib:/home/czg22/ws_moveit2/install/moveit_ros_warehouse/lib:/home/czg22/ws_moveit2/install/moveit_ros_robot_interaction/lib:/home/czg22/ws_moveit2/install/moveit_ros_perception/lib:/home/czg22/ws_moveit2/install/moveit_ros_move_group/lib:/home/czg22/ws_moveit2/install/moveit_planners_ompl/lib:/home/czg22/ws_moveit2/install/moveit_ros_planning/lib:/home/czg22/ws_moveit2/install/moveit_ros_occupancy_map_monitor/lib:/home/czg22/ws_moveit2/install/moveit_resources_prbt_ikfast_manipulator_plugin/lib:/home/czg22/ws_moveit2/install/moveit_planners_chomp/lib:/home/czg22/ws_moveit2/install/moveit_kinematics/lib:/home/czg22/ws_moveit2/install/moveit_chomp_optimizer_adapter/lib:/home/czg22/ws_moveit2/install/chomp_motion_planner/lib:/home/czg22/ws_moveit2/install/moveit_core/lib:/home/czg22/ws_moveit2/install/srdfdom/lib:/home/czg22/ws_moveit2/install/rviz_marker_tools/lib:/home/czg22/ws_moveit2/install/rosparam_shortcuts/lib:/home/czg22/ws_moveit2/install/moveit_task_constructor_msgs/lib:/usr/lib/x86_64-linux-gnu/gazebo-11/plugins:/opt/ros/humble/opt/rviz_ogre_vendor/lib:/opt/ros/humble/lib/x86_64-linux-gnu:/opt/ros/humble/lib /usr/bin/cmake /home/czg22/comp0250_s26_labs/src/courseworks/cw2_team_14 -DCMAKE_INSTALL_PREFIX=/home/czg22/comp0250_s26_labs/install/cw2_team_14
[16.395s] Invoking command in '/home/czg22/comp0250_s26_labs/build/cw2_team_14': CMAKE_PREFIX_PATH=/home/czg22/comp0250_s26_labs/install/cw2_world_spawner:/home/czg22/comp0250_s26_labs/install/rpl_panda_with_rs:/home/czg22/comp0250_s26_labs/install/realsense_gazebo_plugin:/home/czg22/comp0250_s26_labs/install/panda_moveit_config:/home/czg22/comp0250_s26_labs/install/panda_description:/home/czg22/comp0250_s26_labs/install/cw2_team_14:/home/czg22/comp0250_s26_labs/install/cw1_world_spawner:/home/czg22/ws_moveit2/install/pilz_industrial_motion_planner_testutils:/home/czg22/ws_moveit2/install/moveit_runtime:/home/czg22/ws_moveit2/install/moveit2_tutorials:/home/czg22/ws_moveit2/install/moveit:/home/czg22/ws_moveit2/install/moveit_planners:/home/czg22/ws_moveit2/install/pilz_industrial_motion_planner:/home/czg22/ws_moveit2/install/mtc_tutorial:/home/czg22/ws_moveit2/install/moveit_visual_tools:/home/czg22/ws_moveit2/install/moveit_task_constructor_visualization:/home/czg22/ws_moveit2/install/moveit_task_constructor_demo:/home/czg22/ws_moveit2/install/moveit_task_constructor_capabilities:/home/czg22/ws_moveit2/install/moveit_task_constructor_core:/home/czg22/ws_moveit2/install/moveit_ros_control_interface:/home/czg22/ws_moveit2/install/moveit_plugins:/home/czg22/ws_moveit2/install/moveit_simple_controller_manager:/home/czg22/ws_moveit2/install/moveit_setup_assistant:/home/czg22/ws_moveit2/install/moveit_setup_srdf_plugins:/home/czg22/ws_moveit2/install/moveit_setup_core_plugins:/home/czg22/ws_moveit2/install/moveit_setup_controllers:/home/czg22/ws_moveit2/install/moveit_setup_app_plugins:/home/czg22/ws_moveit2/install/moveit_setup_framework:/home/czg22/ws_moveit2/install/moveit_servo:/home/czg22/ws_moveit2/install/moveit_ros:/home/czg22/ws_moveit2/install/moveit_ros_visualization:/home/czg22/ws_moveit2/install/moveit_py:/home/czg22/ws_moveit2/install/moveit_hybrid_planning:/home/czg22/ws_moveit2/install/moveit_ros_planning_interface:/home/czg22/ws_moveit2/install/moveit_ros_benchmarks:/home/czg22/ws_moveit2/install/moveit_ros_warehouse:/home/czg22/ws_moveit2/install/moveit_ros_robot_interaction:/home/czg22/ws_moveit2/install/moveit_ros_perception:/home/czg22/ws_moveit2/install/moveit_resources_prbt_pg70_support:/home/czg22/ws_moveit2/install/moveit_resources_prbt_moveit_config:/home/czg22/ws_moveit2/install/moveit_ros_move_group:/home/czg22/ws_moveit2/install/moveit_planners_ompl:/home/czg22/ws_moveit2/install/moveit_ros_planning:/home/czg22/ws_moveit2/install/moveit_ros_occupancy_map_monitor:/home/czg22/ws_moveit2/install/moveit_resources_prbt_ikfast_manipulator_plugin:/home/czg22/ws_moveit2/install/moveit_planners_chomp:/home/czg22/ws_moveit2/install/moveit_kinematics:/home/czg22/ws_moveit2/install/moveit_chomp_optimizer_adapter:/home/czg22/ws_moveit2/install/chomp_motion_planner:/home/czg22/ws_moveit2/install/moveit_core:/home/czg22/ws_moveit2/install/srdfdom:/home/czg22/ws_moveit2/install/rviz_marker_tools:/home/czg22/ws_moveit2/install/rosparam_shortcuts:/home/czg22/ws_moveit2/install/moveit_task_constructor_msgs:/home/czg22/ws_moveit2/install/moveit_resources_prbt_support:/home/czg22/ws_moveit2/install/moveit_resources:/home/czg22/ws_moveit2/install/moveit_resources_pr2_description:/home/czg22/ws_moveit2/install/moveit_resources_panda_moveit_config:/home/czg22/ws_moveit2/install/moveit_resources_panda_description:/home/czg22/ws_moveit2/install/moveit_resources_fanuc_moveit_config:/home/czg22/ws_moveit2/install/moveit_resources_fanuc_description:/home/czg22/ws_moveit2/install/moveit_common:/home/czg22/ws_moveit2/install/moveit_configs_utils:/home/czg22/ws_moveit2/install/launch_param_builder:/opt/ros/humble LD_LIBRARY_PATH=/home/czg22/comp0250_s26_labs/install/cw2_world_spawner/lib:/home/czg22/comp0250_s26_labs/install/realsense_gazebo_plugin/lib:/home/czg22/comp0250_s26_labs/install/cw2_team_14/lib:/home/czg22/comp0250_s26_labs/install/cw1_world_spawner/lib:/home/czg22/ws_moveit2/install/pilz_industrial_motion_planner_testutils/lib:/home/czg22/ws_moveit2/install/pilz_industrial_motion_planner/lib:/home/czg22/ws_moveit2/install/moveit_visual_tools/lib:/home/czg22/ws_moveit2/install/moveit_task_constructor_visualization/lib:/home/czg22/ws_moveit2/install/moveit_task_constructor_demo/lib:/home/czg22/ws_moveit2/install/moveit_task_constructor_capabilities/lib:/home/czg22/ws_moveit2/install/moveit_task_constructor_core/lib:/home/czg22/ws_moveit2/install/moveit_ros_control_interface/lib:/home/czg22/ws_moveit2/install/moveit_simple_controller_manager/lib:/home/czg22/ws_moveit2/install/moveit_setup_assistant/lib:/home/czg22/ws_moveit2/install/moveit_setup_srdf_plugins/lib:/home/czg22/ws_moveit2/install/moveit_setup_core_plugins/lib:/home/czg22/ws_moveit2/install/moveit_setup_controllers/lib:/home/czg22/ws_moveit2/install/moveit_setup_app_plugins/lib:/home/czg22/ws_moveit2/install/moveit_setup_framework/lib:/home/czg22/ws_moveit2/install/moveit_servo/lib:/home/czg22/ws_moveit2/install/moveit_ros_visualization/lib:/home/czg22/ws_moveit2/install/moveit_py/lib:/home/czg22/ws_moveit2/install/moveit_hybrid_planning/lib:/home/czg22/ws_moveit2/install/moveit_ros_planning_interface/lib:/home/czg22/ws_moveit2/install/moveit_ros_benchmarks/lib:/home/czg22/ws_moveit2/install/moveit_ros_warehouse/lib:/home/czg22/ws_moveit2/install/moveit_ros_robot_interaction/lib:/home/czg22/ws_moveit2/install/moveit_ros_perception/lib:/home/czg22/ws_moveit2/install/moveit_ros_move_group/lib:/home/czg22/ws_moveit2/install/moveit_planners_ompl/lib:/home/czg22/ws_moveit2/install/moveit_ros_planning/lib:/home/czg22/ws_moveit2/install/moveit_ros_occupancy_map_monitor/lib:/home/czg22/ws_moveit2/install/moveit_resources_prbt_ikfast_manipulator_plugin/lib:/home/czg22/ws_moveit2/install/moveit_planners_chomp/lib:/home/czg22/ws_moveit2/install/moveit_kinematics/lib:/home/czg22/ws_moveit2/install/moveit_chomp_optimizer_adapter/lib:/home/czg22/ws_moveit2/install/chomp_motion_planner/lib:/home/czg22/ws_moveit2/install/moveit_core/lib:/home/czg22/ws_moveit2/install/srdfdom/lib:/home/czg22/ws_moveit2/install/rviz_marker_tools/lib:/home/czg22/ws_moveit2/install/rosparam_shortcuts/lib:/home/czg22/ws_moveit2/install/moveit_task_constructor_msgs/lib:/usr/lib/x86_64-linux-gnu/gazebo-11/plugins:/opt/ros/humble/opt/rviz_ogre_vendor/lib:/opt/ros/humble/lib/x86_64-linux-gnu:/opt/ros/humble/lib /usr/bin/cmake --build /home/czg22/comp0250_s26_labs/build/cw2_team_14 -- -j32 -l32
[16.464s] [  2%] [34m[1mGenerating C code for ROS interfaces[0m
[16.483s] [  5%] [34m[1mGenerating C++ code for ROS interfaces[0m
[16.495s] [  5%] Built target ament_cmake_python_copy_cw2_team_14
[16.681s] running egg_info
[16.681s] creating cw2_team_14.egg-info
[16.682s] writing cw2_team_14.egg-info/PKG-INFO
[16.682s] writing dependency_links to cw2_team_14.egg-info/dependency_links.txt
[16.682s] writing top-level names to cw2_team_14.egg-info/top_level.txt
[16.682s] writing manifest file 'cw2_team_14.egg-info/SOURCES.txt'
[16.683s] reading manifest file 'cw2_team_14.egg-info/SOURCES.txt'
[16.684s] writing manifest file 'cw2_team_14.egg-info/SOURCES.txt'
[16.688s] [  5%] Built target cw2_team_14__cpp
[16.691s] [  8%] [32mBuilding C object CMakeFiles/cw2_team_14__rosidl_generator_c.dir/rosidl_generator_c/cw2_team_14/srv/detail/example__functions.c.o[0m
[16.706s] [ 14%] [34m[1mGenerating C++ type support dispatch for ROS interfaces[0m
[16.706s] [ 14%] [34m[1mGenerating C++ type support for eProsima Fast-RTPS[0m
[16.706s] [ 17%] [34m[1mGenerating C++ introspection for ROS interfaces[0m
[16.710s] [ 17%] Built target ament_cmake_python_build_cw2_team_14_egg
[16.757s] [ 20%] [32m[1mLinking C shared library libcw2_team_14__rosidl_generator_c.so[0m
[16.850s] [ 20%] Built target cw2_team_14__rosidl_generator_c
[16.869s] [ 22%] [34m[1mGenerating C type support for eProsima Fast-RTPS[0m
[16.869s] [ 25%] [34m[1mGenerating C introspection for ROS interfaces[0m
[16.870s] [ 28%] [34m[1mGenerating C type support dispatch for ROS interfaces[0m
[16.891s] [ 31%] [32mBuilding CXX object CMakeFiles/cw2_team_14__rosidl_typesupport_cpp.dir/rosidl_typesupport_cpp/cw2_team_14/srv/example__type_support.cpp.o[0m
[16.913s] [ 34%] [32mBuilding CXX object CMakeFiles/cw2_team_14__rosidl_typesupport_introspection_cpp.dir/rosidl_typesupport_introspection_cpp/cw2_team_14/srv/detail/example__type_support.cpp.o[0m
[16.934s] [ 37%] [32mBuilding CXX object CMakeFiles/cw2_team_14__rosidl_typesupport_fastrtps_cpp.dir/rosidl_typesupport_fastrtps_cpp/cw2_team_14/srv/detail/dds_fastrtps/example__type_support.cpp.o[0m
[17.066s] [ 40%] [32mBuilding CXX object CMakeFiles/cw2_team_14__rosidl_typesupport_c.dir/rosidl_typesupport_c/cw2_team_14/srv/example__type_support.cpp.o[0m
[17.085s] [ 45%] [32mBuilding C object CMakeFiles/cw2_team_14__rosidl_typesupport_introspection_c.dir/rosidl_typesupport_introspection_c/cw2_team_14/srv/detail/example__type_support.c.o[0m
[17.085s] [ 45%] [32mBuilding CXX object CMakeFiles/cw2_team_14__rosidl_typesupport_fastrtps_c.dir/rosidl_typesupport_fastrtps_c/cw2_team_14/srv/detail/example__type_support_c.cpp.o[0m
[17.110s] [ 48%] [32m[1mLinking CXX shared library libcw2_team_14__rosidl_typesupport_c.so[0m
[17.116s] [ 51%] [32m[1mLinking CXX shared library libcw2_team_14__rosidl_typesupport_cpp.so[0m
[17.143s] [ 54%] [32m[1mLinking C shared library libcw2_team_14__rosidl_typesupport_introspection_c.so[0m
[17.201s] [ 54%] Built target cw2_team_14__rosidl_typesupport_c
[17.206s] [ 54%] Built target cw2_team_14__rosidl_typesupport_cpp
[17.225s] [ 54%] Built target cw2_team_14__rosidl_typesupport_introspection_c
[17.247s] [ 57%] [32mBuilding CXX object CMakeFiles/cw2_team_14_cw2_class_lib.dir/src/cw2_class.cpp.o[0m
[17.257s] [ 60%] [32m[1mLinking CXX shared library libcw2_team_14__rosidl_typesupport_introspection_cpp.so[0m
[17.302s] [ 62%] [32m[1mLinking CXX shared library libcw2_team_14__rosidl_typesupport_fastrtps_cpp.so[0m
[17.354s] [ 65%] [32m[1mLinking CXX shared library libcw2_team_14__rosidl_typesupport_fastrtps_c.so[0m
[17.362s] [ 65%] Built target cw2_team_14__rosidl_typesupport_introspection_cpp
[17.418s] [ 65%] Built target cw2_team_14__rosidl_typesupport_fastrtps_cpp
[17.472s] [ 65%] Built target cw2_team_14__rosidl_typesupport_fastrtps_c
[17.510s] [ 65%] Built target cw2_team_14
[17.549s] [ 68%] [34m[1mGenerating Python code for ROS interfaces[0m
[17.814s] [ 68%] Built target cw2_team_14__py
[17.855s] [ 71%] [32mBuilding C object CMakeFiles/cw2_team_14__rosidl_generator_py.dir/rosidl_generator_py/cw2_team_14/srv/_example_s.c.o[0m
[17.970s] [ 74%] [32m[1mLinking C shared library rosidl_generator_py/cw2_team_14/libcw2_team_14__rosidl_generator_py.so[0m
[18.065s] [ 74%] Built target cw2_team_14__rosidl_generator_py
[18.104s] [ 82%] [32mBuilding C object CMakeFiles/cw2_team_14__rosidl_typesupport_fastrtps_c__pyext.dir/rosidl_generator_py/cw2_team_14/_cw2_team_14_s.ep.rosidl_typesupport_fastrtps_c.c.o[0m
[18.104s] [ 82%] [32mBuilding C object CMakeFiles/cw2_team_14__rosidl_typesupport_introspection_c__pyext.dir/rosidl_generator_py/cw2_team_14/_cw2_team_14_s.ep.rosidl_typesupport_introspection_c.c.o[0m
[18.104s] [ 82%] [32mBuilding C object CMakeFiles/cw2_team_14__rosidl_typesupport_c__pyext.dir/rosidl_generator_py/cw2_team_14/_cw2_team_14_s.ep.rosidl_typesupport_c.c.o[0m
[18.211s] [ 88%] [32m[1mLinking C shared library rosidl_generator_py/cw2_team_14/cw2_team_14_s__rosidl_typesupport_fastrtps_c.cpython-310-x86_64-linux-gnu.so[0m
[18.212s] [ 88%] [32m[1mLinking C shared library rosidl_generator_py/cw2_team_14/cw2_team_14_s__rosidl_typesupport_c.cpython-310-x86_64-linux-gnu.so[0m
[18.216s] [ 91%] [32m[1mLinking C shared library rosidl_generator_py/cw2_team_14/cw2_team_14_s__rosidl_typesupport_introspection_c.cpython-310-x86_64-linux-gnu.so[0m
[18.285s] [ 91%] Built target cw2_team_14__rosidl_typesupport_fastrtps_c__pyext
[18.286s] [ 91%] Built target cw2_team_14__rosidl_typesupport_c__pyext
[18.299s] [ 91%] Built target cw2_team_14__rosidl_typesupport_introspection_c__pyext
[32.949s] [ 94%] [32m[1mLinking CXX shared library libcw2_team_14_cw2_class_lib.so[0m
[34.282s] [ 94%] Built target cw2_team_14_cw2_class_lib
[34.318s] [ 97%] [32mBuilding CXX object CMakeFiles/cw2_solution_node.dir/src/cw2_node.cpp.o[0m
[41.200s] [100%] [32m[1mLinking CXX executable cw2_solution_node[0m
[42.067s] [100%] Built target cw2_solution_node
[42.084s] Invoked command in '/home/czg22/comp0250_s26_labs/build/cw2_team_14' returned '0': CMAKE_PREFIX_PATH=/home/czg22/comp0250_s26_labs/install/cw2_world_spawner:/home/czg22/comp0250_s26_labs/install/rpl_panda_with_rs:/home/czg22/comp0250_s26_labs/install/realsense_gazebo_plugin:/home/czg22/comp0250_s26_labs/install/panda_moveit_config:/home/czg22/comp0250_s26_labs/install/panda_description:/home/czg22/comp0250_s26_labs/install/cw2_team_14:/home/czg22/comp0250_s26_labs/install/cw1_world_spawner:/home/czg22/ws_moveit2/install/pilz_industrial_motion_planner_testutils:/home/czg22/ws_moveit2/install/moveit_runtime:/home/czg22/ws_moveit2/install/moveit2_tutorials:/home/czg22/ws_moveit2/install/moveit:/home/czg22/ws_moveit2/install/moveit_planners:/home/czg22/ws_moveit2/install/pilz_industrial_motion_planner:/home/czg22/ws_moveit2/install/mtc_tutorial:/home/czg22/ws_moveit2/install/moveit_visual_tools:/home/czg22/ws_moveit2/install/moveit_task_constructor_visualization:/home/czg22/ws_moveit2/install/moveit_task_constructor_demo:/home/czg22/ws_moveit2/install/moveit_task_constructor_capabilities:/home/czg22/ws_moveit2/install/moveit_task_constructor_core:/home/czg22/ws_moveit2/install/moveit_ros_control_interface:/home/czg22/ws_moveit2/install/moveit_plugins:/home/czg22/ws_moveit2/install/moveit_simple_controller_manager:/home/czg22/ws_moveit2/install/moveit_setup_assistant:/home/czg22/ws_moveit2/install/moveit_setup_srdf_plugins:/home/czg22/ws_moveit2/install/moveit_setup_core_plugins:/home/czg22/ws_moveit2/install/moveit_setup_controllers:/home/czg22/ws_moveit2/install/moveit_setup_app_plugins:/home/czg22/ws_moveit2/install/moveit_setup_framework:/home/czg22/ws_moveit2/install/moveit_servo:/home/czg22/ws_moveit2/install/moveit_ros:/home/czg22/ws_moveit2/install/moveit_ros_visualization:/home/czg22/ws_moveit2/install/moveit_py:/home/czg22/ws_moveit2/install/moveit_hybrid_planning:/home/czg22/ws_moveit2/install/moveit_ros_planning_interface:/home/czg22/ws_moveit2/install/moveit_ros_benchmarks:/home/czg22/ws_moveit2/install/moveit_ros_warehouse:/home/czg22/ws_moveit2/install/moveit_ros_robot_interaction:/home/czg22/ws_moveit2/install/moveit_ros_perception:/home/czg22/ws_moveit2/install/moveit_resources_prbt_pg70_support:/home/czg22/ws_moveit2/install/moveit_resources_prbt_moveit_config:/home/czg22/ws_moveit2/install/moveit_ros_move_group:/home/czg22/ws_moveit2/install/moveit_planners_ompl:/home/czg22/ws_moveit2/install/moveit_ros_planning:/home/czg22/ws_moveit2/install/moveit_ros_occupancy_map_monitor:/home/czg22/ws_moveit2/install/moveit_resources_prbt_ikfast_manipulator_plugin:/home/czg22/ws_moveit2/install/moveit_planners_chomp:/home/czg22/ws_moveit2/install/moveit_kinematics:/home/czg22/ws_moveit2/install/moveit_chomp_optimizer_adapter:/home/czg22/ws_moveit2/install/chomp_motion_planner:/home/czg22/ws_moveit2/install/moveit_core:/home/czg22/ws_moveit2/install/srdfdom:/home/czg22/ws_moveit2/install/rviz_marker_tools:/home/czg22/ws_moveit2/install/rosparam_shortcuts:/home/czg22/ws_moveit2/install/moveit_task_constructor_msgs:/home/czg22/ws_moveit2/install/moveit_resources_prbt_support:/home/czg22/ws_moveit2/install/moveit_resources:/home/czg22/ws_moveit2/install/moveit_resources_pr2_description:/home/czg22/ws_moveit2/install/moveit_resources_panda_moveit_config:/home/czg22/ws_moveit2/install/moveit_resources_panda_description:/home/czg22/ws_moveit2/install/moveit_resources_fanuc_moveit_config:/home/czg22/ws_moveit2/install/moveit_resources_fanuc_description:/home/czg22/ws_moveit2/install/moveit_common:/home/czg22/ws_moveit2/install/moveit_configs_utils:/home/czg22/ws_moveit2/install/launch_param_builder:/opt/ros/humble LD_LIBRARY_PATH=/home/czg22/comp0250_s26_labs/install/cw2_world_spawner/lib:/home/czg22/comp0250_s26_labs/install/realsense_gazebo_plugin/lib:/home/czg22/comp0250_s26_labs/install/cw2_team_14/lib:/home/czg22/comp0250_s26_labs/install/cw1_world_spawner/lib:/home/czg22/ws_moveit2/install/pilz_industrial_motion_planner_testutils/lib:/home/czg22/ws_moveit2/install/pilz_industrial_motion_planner/lib:/home/czg22/ws_moveit2/install/moveit_visual_tools/lib:/home/czg22/ws_moveit2/install/moveit_task_constructor_visualization/lib:/home/czg22/ws_moveit2/install/moveit_task_constructor_demo/lib:/home/czg22/ws_moveit2/install/moveit_task_constructor_capabilities/lib:/home/czg22/ws_moveit2/install/moveit_task_constructor_core/lib:/home/czg22/ws_moveit2/install/moveit_ros_control_interface/lib:/home/czg22/ws_moveit2/install/moveit_simple_controller_manager/lib:/home/czg22/ws_moveit2/install/moveit_setup_assistant/lib:/home/czg22/ws_moveit2/install/moveit_setup_srdf_plugins/lib:/home/czg22/ws_moveit2/install/moveit_setup_core_plugins/lib:/home/czg22/ws_moveit2/install/moveit_setup_controllers/lib:/home/czg22/ws_moveit2/install/moveit_setup_app_plugins/lib:/home/czg22/ws_moveit2/install/moveit_setup_framework/lib:/home/czg22/ws_moveit2/install/moveit_servo/lib:/home/czg22/ws_moveit2/install/moveit_ros_visualization/lib:/home/czg22/ws_moveit2/install/moveit_py/lib:/home/czg22/ws_moveit2/install/moveit_hybrid_planning/lib:/home/czg22/ws_moveit2/install/moveit_ros_planning_interface/lib:/home/czg22/ws_moveit2/install/moveit_ros_benchmarks/lib:/home/czg22/ws_moveit2/install/moveit_ros_warehouse/lib:/home/czg22/ws_moveit2/install/moveit_ros_robot_interaction/lib:/home/czg22/ws_moveit2/install/moveit_ros_perception/lib:/home/czg22/ws_moveit2/install/moveit_ros_move_group/lib:/home/czg22/ws_moveit2/install/moveit_planners_ompl/lib:/home/czg22/ws_moveit2/install/moveit_ros_planning/lib:/home/czg22/ws_moveit2/install/moveit_ros_occupancy_map_monitor/lib:/home/czg22/ws_moveit2/install/moveit_resources_prbt_ikfast_manipulator_plugin/lib:/home/czg22/ws_moveit2/install/moveit_planners_chomp/lib:/home/czg22/ws_moveit2/install/moveit_kinematics/lib:/home/czg22/ws_moveit2/install/moveit_chomp_optimizer_adapter/lib:/home/czg22/ws_moveit2/install/chomp_motion_planner/lib:/home/czg22/ws_moveit2/install/moveit_core/lib:/home/czg22/ws_moveit2/install/srdfdom/lib:/home/czg22/ws_moveit2/install/rviz_marker_tools/lib:/home/czg22/ws_moveit2/install/rosparam_shortcuts/lib:/home/czg22/ws_moveit2/install/moveit_task_constructor_msgs/lib:/usr/lib/x86_64-linux-gnu/gazebo-11/plugins:/opt/ros/humble/opt/rviz_ogre_vendor/lib:/opt/ros/humble/lib/x86_64-linux-gnu:/opt/ros/humble/lib /usr/bin/cmake --build /home/czg22/comp0250_s26_labs/build/cw2_team_14 -- -j32 -l32
[42.087s] Invoking command in '/home/czg22/comp0250_s26_labs/build/cw2_team_14': CMAKE_PREFIX_PATH=/home/czg22/comp0250_s26_labs/install/cw2_world_spawner:/home/czg22/comp0250_s26_labs/install/rpl_panda_with_rs:/home/czg22/comp0250_s26_labs/install/realsense_gazebo_plugin:/home/czg22/comp0250_s26_labs/install/panda_moveit_config:/home/czg22/comp0250_s26_labs/install/panda_description:/home/czg22/comp0250_s26_labs/install/cw2_team_14:/home/czg22/comp0250_s26_labs/install/cw1_world_spawner:/home/czg22/ws_moveit2/install/pilz_industrial_motion_planner_testutils:/home/czg22/ws_moveit2/install/moveit_runtime:/home/czg22/ws_moveit2/install/moveit2_tutorials:/home/czg22/ws_moveit2/install/moveit:/home/czg22/ws_moveit2/install/moveit_planners:/home/czg22/ws_moveit2/install/pilz_industrial_motion_planner:/home/czg22/ws_moveit2/install/mtc_tutorial:/home/czg22/ws_moveit2/install/moveit_visual_tools:/home/czg22/ws_moveit2/install/moveit_task_constructor_visualization:/home/czg22/ws_moveit2/install/moveit_task_constructor_demo:/home/czg22/ws_moveit2/install/moveit_task_constructor_capabilities:/home/czg22/ws_moveit2/install/moveit_task_constructor_core:/home/czg22/ws_moveit2/install/moveit_ros_control_interface:/home/czg22/ws_moveit2/install/moveit_plugins:/home/czg22/ws_moveit2/install/moveit_simple_controller_manager:/home/czg22/ws_moveit2/install/moveit_setup_assistant:/home/czg22/ws_moveit2/install/moveit_setup_srdf_plugins:/home/czg22/ws_moveit2/install/moveit_setup_core_plugins:/home/czg22/ws_moveit2/install/moveit_setup_controllers:/home/czg22/ws_moveit2/install/moveit_setup_app_plugins:/home/czg22/ws_moveit2/install/moveit_setup_framework:/home/czg22/ws_moveit2/install/moveit_servo:/home/czg22/ws_moveit2/install/moveit_ros:/home/czg22/ws_moveit2/install/moveit_ros_visualization:/home/czg22/ws_moveit2/install/moveit_py:/home/czg22/ws_moveit2/install/moveit_hybrid_planning:/home/czg22/ws_moveit2/install/moveit_ros_planning_interface:/home/czg22/ws_moveit2/install/moveit_ros_benchmarks:/home/czg22/ws_moveit2/install/moveit_ros_warehouse:/home/czg22/ws_moveit2/install/moveit_ros_robot_interaction:/home/czg22/ws_moveit2/install/moveit_ros_perception:/home/czg22/ws_moveit2/install/moveit_resources_prbt_pg70_support:/home/czg22/ws_moveit2/install/moveit_resources_prbt_moveit_config:/home/czg22/ws_moveit2/install/moveit_ros_move_group:/home/czg22/ws_moveit2/install/moveit_planners_ompl:/home/czg22/ws_moveit2/install/moveit_ros_planning:/home/czg22/ws_moveit2/install/moveit_ros_occupancy_map_monitor:/home/czg22/ws_moveit2/install/moveit_resources_prbt_ikfast_manipulator_plugin:/home/czg22/ws_moveit2/install/moveit_planners_chomp:/home/czg22/ws_moveit2/install/moveit_kinematics:/home/czg22/ws_moveit2/install/moveit_chomp_optimizer_adapter:/home/czg22/ws_moveit2/install/chomp_motion_planner:/home/czg22/ws_moveit2/install/moveit_core:/home/czg22/ws_moveit2/install/srdfdom:/home/czg22/ws_moveit2/install/rviz_marker_tools:/home/czg22/ws_moveit2/install/rosparam_shortcuts:/home/czg22/ws_moveit2/install/moveit_task_constructor_msgs:/home/czg22/ws_moveit2/install/moveit_resources_prbt_support:/home/czg22/ws_moveit2/install/moveit_resources:/home/czg22/ws_moveit2/install/moveit_resources_pr2_description:/home/czg22/ws_moveit2/install/moveit_resources_panda_moveit_config:/home/czg22/ws_moveit2/install/moveit_resources_panda_description:/home/czg22/ws_moveit2/install/moveit_resources_fanuc_moveit_config:/home/czg22/ws_moveit2/install/moveit_resources_fanuc_description:/home/czg22/ws_moveit2/install/moveit_common:/home/czg22/ws_moveit2/install/moveit_configs_utils:/home/czg22/ws_moveit2/install/launch_param_builder:/opt/ros/humble LD_LIBRARY_PATH=/home/czg22/comp0250_s26_labs/install/cw2_world_spawner/lib:/home/czg22/comp0250_s26_labs/install/realsense_gazebo_plugin/lib:/home/czg22/comp0250_s26_labs/install/cw2_team_14/lib:/home/czg22/comp0250_s26_labs/install/cw1_world_spawner/lib:/home/czg22/ws_moveit2/install/pilz_industrial_motion_planner_testutils/lib:/home/czg22/ws_moveit2/install/pilz_industrial_motion_planner/lib:/home/czg22/ws_moveit2/install/moveit_visual_tools/lib:/home/czg22/ws_moveit2/install/moveit_task_constructor_visualization/lib:/home/czg22/ws_moveit2/install/moveit_task_constructor_demo/lib:/home/czg22/ws_moveit2/install/moveit_task_constructor_capabilities/lib:/home/czg22/ws_moveit2/install/moveit_task_constructor_core/lib:/home/czg22/ws_moveit2/install/moveit_ros_control_interface/lib:/home/czg22/ws_moveit2/install/moveit_simple_controller_manager/lib:/home/czg22/ws_moveit2/install/moveit_setup_assistant/lib:/home/czg22/ws_moveit2/install/moveit_setup_srdf_plugins/lib:/home/czg22/ws_moveit2/install/moveit_setup_core_plugins/lib:/home/czg22/ws_moveit2/install/moveit_setup_controllers/lib:/home/czg22/ws_moveit2/install/moveit_setup_app_plugins/lib:/home/czg22/ws_moveit2/install/moveit_setup_framework/lib:/home/czg22/ws_moveit2/install/moveit_servo/lib:/home/czg22/ws_moveit2/install/moveit_ros_visualization/lib:/home/czg22/ws_moveit2/install/moveit_py/lib:/home/czg22/ws_moveit2/install/moveit_hybrid_planning/lib:/home/czg22/ws_moveit2/install/moveit_ros_planning_interface/lib:/home/czg22/ws_moveit2/install/moveit_ros_benchmarks/lib:/home/czg22/ws_moveit2/install/moveit_ros_warehouse/lib:/home/czg22/ws_moveit2/install/moveit_ros_robot_interaction/lib:/home/czg22/ws_moveit2/install/moveit_ros_perception/lib:/home/czg22/ws_moveit2/install/moveit_ros_move_group/lib:/home/czg22/ws_moveit2/install/moveit_planners_ompl/lib:/home/czg22/ws_moveit2/install/moveit_ros_planning/lib:/home/czg22/ws_moveit2/install/moveit_ros_occupancy_map_monitor/lib:/home/czg22/ws_moveit2/install/moveit_resources_prbt_ikfast_manipulator_plugin/lib:/home/czg22/ws_moveit2/install/moveit_planners_chomp/lib:/home/czg22/ws_moveit2/install/moveit_kinematics/lib:/home/czg22/ws_moveit2/install/moveit_chomp_optimizer_adapter/lib:/home/czg22/ws_moveit2/install/chomp_motion_planner/lib:/home/czg22/ws_moveit2/install/moveit_core/lib:/home/czg22/ws_moveit2/install/srdfdom/lib:/home/czg22/ws_moveit2/install/rviz_marker_tools/lib:/home/czg22/ws_moveit2/install/rosparam_shortcuts/lib:/home/czg22/ws_moveit2/install/moveit_task_constructor_msgs/lib:/usr/lib/x86_64-linux-gnu/gazebo-11/plugins:/opt/ros/humble/opt/rviz_ogre_vendor/lib:/opt/ros/humble/lib/x86_64-linux-gnu:/opt/ros/humble/lib /usr/bin/cmake --install /home/czg22/comp0250_s26_labs/build/cw2_team_14
[42.098s] -- Install configuration: ""
[42.099s] -- Installing: /home/czg22/comp0250_s26_labs/install/cw2_team_14/share/ament_index/resource_index/rosidl_interfaces/cw2_team_14
[42.099s] -- Installing: /home/czg22/comp0250_s26_labs/install/cw2_team_14/include/cw2_team_14/cw2_team_14
[42.100s] -- Installing: /home/czg22/comp0250_s26_labs/install/cw2_team_14/include/cw2_team_14/cw2_team_14/srv
[42.100s] -- Installing: /home/czg22/comp0250_s26_labs/install/cw2_team_14/include/cw2_team_14/cw2_team_14/srv/example.h
[42.100s] -- Installing: /home/czg22/comp0250_s26_labs/install/cw2_team_14/include/cw2_team_14/cw2_team_14/srv/detail
[42.101s] -- Installing: /home/czg22/comp0250_s26_labs/install/cw2_team_14/include/cw2_team_14/cw2_team_14/srv/detail/example__functions.h
[42.101s] -- Installing: /home/czg22/comp0250_s26_labs/install/cw2_team_14/include/cw2_team_14/cw2_team_14/srv/detail/example__type_support.h
[42.101s] -- Installing: /home/czg22/comp0250_s26_labs/install/cw2_team_14/include/cw2_team_14/cw2_team_14/srv/detail/example__struct.h
[42.101s] -- Installing: /home/czg22/comp0250_s26_labs/install/cw2_team_14/include/cw2_team_14/cw2_team_14/srv/detail/example__functions.c
[42.101s] -- Installing: /home/czg22/comp0250_s26_labs/install/cw2_team_14/include/cw2_team_14/cw2_team_14/msg
[42.102s] -- Installing: /home/czg22/comp0250_s26_labs/install/cw2_team_14/include/cw2_team_14/cw2_team_14/msg/rosidl_generator_c__visibility_control.h
[42.102s] -- Installing: /home/czg22/comp0250_s26_labs/install/cw2_team_14/share/cw2_team_14/environment/library_path.sh
[42.102s] -- Installing: /home/czg22/comp0250_s26_labs/install/cw2_team_14/share/cw2_team_14/environment/library_path.dsv
[42.103s] -- Installing: /home/czg22/comp0250_s26_labs/install/cw2_team_14/lib/libcw2_team_14__rosidl_generator_c.so
[42.104s] -- Set runtime path of "/home/czg22/comp0250_s26_labs/install/cw2_team_14/lib/libcw2_team_14__rosidl_generator_c.so" to ""
[42.104s] -- Up-to-date: /home/czg22/comp0250_s26_labs/install/cw2_team_14/include/cw2_team_14/cw2_team_14
[42.104s] -- Up-to-date: /home/czg22/comp0250_s26_labs/install/cw2_team_14/include/cw2_team_14/cw2_team_14/srv
[42.104s] -- Up-to-date: /home/czg22/comp0250_s26_labs/install/cw2_team_14/include/cw2_team_14/cw2_team_14/srv/detail
[42.104s] -- Installing: /home/czg22/comp0250_s26_labs/install/cw2_team_14/include/cw2_team_14/cw2_team_14/srv/detail/example__rosidl_typesupport_fastrtps_c.h
[42.104s] -- Up-to-date: /home/czg22/comp0250_s26_labs/install/cw2_team_14/include/cw2_team_14/cw2_team_14/msg
[42.104s] -- Installing: /home/czg22/comp0250_s26_labs/install/cw2_team_14/include/cw2_team_14/cw2_team_14/msg/rosidl_typesupport_fastrtps_c__visibility_control.h
[42.104s] -- Installing: /home/czg22/comp0250_s26_labs/install/cw2_team_14/lib/libcw2_team_14__rosidl_typesupport_fastrtps_c.so
[42.104s] -- Set runtime path of "/home/czg22/comp0250_s26_labs/install/cw2_team_14/lib/libcw2_team_14__rosidl_typesupport_fastrtps_c.so" to ""
[42.105s] -- Up-to-date: /home/czg22/comp0250_s26_labs/install/cw2_team_14/include/cw2_team_14/cw2_team_14
[42.105s] -- Up-to-date: /home/czg22/comp0250_s26_labs/install/cw2_team_14/include/cw2_team_14/cw2_team_14/srv
[42.105s] -- Up-to-date: /home/czg22/comp0250_s26_labs/install/cw2_team_14/include/cw2_team_14/cw2_team_14/srv/detail
[42.105s] -- Installing: /home/czg22/comp0250_s26_labs/install/cw2_team_14/include/cw2_team_14/cw2_team_14/srv/detail/example__type_support.c
[42.105s] -- Installing: /home/czg22/comp0250_s26_labs/install/cw2_team_14/include/cw2_team_14/cw2_team_14/srv/detail/example__rosidl_typesupport_introspection_c.h
[42.105s] -- Up-to-date: /home/czg22/comp0250_s26_labs/install/cw2_team_14/include/cw2_team_14/cw2_team_14/msg
[42.105s] -- Installing: /home/czg22/comp0250_s26_labs/install/cw2_team_14/include/cw2_team_14/cw2_team_14/msg/rosidl_typesupport_introspection_c__visibility_control.h
[42.105s] -- Installing: /home/czg22/comp0250_s26_labs/install/cw2_team_14/lib/libcw2_team_14__rosidl_typesupport_introspection_c.so
[42.106s] -- Set runtime path of "/home/czg22/comp0250_s26_labs/install/cw2_team_14/lib/libcw2_team_14__rosidl_typesupport_introspection_c.so" to ""
[42.106s] -- Installing: /home/czg22/comp0250_s26_labs/install/cw2_team_14/lib/libcw2_team_14__rosidl_typesupport_c.so
[42.106s] -- Set runtime path of "/home/czg22/comp0250_s26_labs/install/cw2_team_14/lib/libcw2_team_14__rosidl_typesupport_c.so" to ""
[42.107s] -- Up-to-date: /home/czg22/comp0250_s26_labs/install/cw2_team_14/include/cw2_team_14/cw2_team_14
[42.107s] -- Up-to-date: /home/czg22/comp0250_s26_labs/install/cw2_team_14/include/cw2_team_14/cw2_team_14/srv
[42.107s] -- Installing: /home/czg22/comp0250_s26_labs/install/cw2_team_14/include/cw2_team_14/cw2_team_14/srv/example.hpp
[42.107s] -- Up-to-date: /home/czg22/comp0250_s26_labs/install/cw2_team_14/include/cw2_team_14/cw2_team_14/srv/detail
[42.107s] -- Installing: /home/czg22/comp0250_s26_labs/install/cw2_team_14/include/cw2_team_14/cw2_team_14/srv/detail/example__traits.hpp
[42.107s] -- Installing: /home/czg22/comp0250_s26_labs/install/cw2_team_14/include/cw2_team_14/cw2_team_14/srv/detail/example__builder.hpp
[42.107s] -- Installing: /home/czg22/comp0250_s26_labs/install/cw2_team_14/include/cw2_team_14/cw2_team_14/srv/detail/example__struct.hpp
[42.107s] -- Installing: /home/czg22/comp0250_s26_labs/install/cw2_team_14/include/cw2_team_14/cw2_team_14/srv/detail/example__type_support.hpp
[42.107s] -- Up-to-date: /home/czg22/comp0250_s26_labs/install/cw2_team_14/include/cw2_team_14/cw2_team_14/msg
[42.107s] -- Installing: /home/czg22/comp0250_s26_labs/install/cw2_team_14/include/cw2_team_14/cw2_team_14/msg/rosidl_generator_cpp__visibility_control.hpp
[42.107s] -- Up-to-date: /home/czg22/comp0250_s26_labs/install/cw2_team_14/include/cw2_team_14/cw2_team_14
[42.108s] -- Up-to-date: /home/czg22/comp0250_s26_labs/install/cw2_team_14/include/cw2_team_14/cw2_team_14/srv
[42.108s] -- Up-to-date: /home/czg22/comp0250_s26_labs/install/cw2_team_14/include/cw2_team_14/cw2_team_14/srv/detail
[42.108s] -- Installing: /home/czg22/comp0250_s26_labs/install/cw2_team_14/include/cw2_team_14/cw2_team_14/srv/detail/dds_fastrtps
[42.108s] -- Installing: /home/czg22/comp0250_s26_labs/install/cw2_team_14/include/cw2_team_14/cw2_team_14/srv/detail/example__rosidl_typesupport_fastrtps_cpp.hpp
[42.108s] -- Up-to-date: /home/czg22/comp0250_s26_labs/install/cw2_team_14/include/cw2_team_14/cw2_team_14/msg
[42.108s] -- Installing: /home/czg22/comp0250_s26_labs/install/cw2_team_14/include/cw2_team_14/cw2_team_14/msg/rosidl_typesupport_fastrtps_cpp__visibility_control.h
[42.108s] -- Installing: /home/czg22/comp0250_s26_labs/install/cw2_team_14/lib/libcw2_team_14__rosidl_typesupport_fastrtps_cpp.so
[42.109s] -- Set runtime path of "/home/czg22/comp0250_s26_labs/install/cw2_team_14/lib/libcw2_team_14__rosidl_typesupport_fastrtps_cpp.so" to ""
[42.109s] -- Up-to-date: /home/czg22/comp0250_s26_labs/install/cw2_team_14/include/cw2_team_14/cw2_team_14
[42.109s] -- Up-to-date: /home/czg22/comp0250_s26_labs/install/cw2_team_14/include/cw2_team_14/cw2_team_14/srv
[42.109s] -- Up-to-date: /home/czg22/comp0250_s26_labs/install/cw2_team_14/include/cw2_team_14/cw2_team_14/srv/detail
[42.109s] -- Installing: /home/czg22/comp0250_s26_labs/install/cw2_team_14/include/cw2_team_14/cw2_team_14/srv/detail/example__type_support.cpp
[42.109s] -- Installing: /home/czg22/comp0250_s26_labs/install/cw2_team_14/include/cw2_team_14/cw2_team_14/srv/detail/example__rosidl_typesupport_introspection_cpp.hpp
[42.110s] -- Installing: /home/czg22/comp0250_s26_labs/install/cw2_team_14/lib/libcw2_team_14__rosidl_typesupport_introspection_cpp.so
[42.110s] -- Set runtime path of "/home/czg22/comp0250_s26_labs/install/cw2_team_14/lib/libcw2_team_14__rosidl_typesupport_introspection_cpp.so" to ""
[42.110s] -- Installing: /home/czg22/comp0250_s26_labs/install/cw2_team_14/lib/libcw2_team_14__rosidl_typesupport_cpp.so
[42.111s] -- Set runtime path of "/home/czg22/comp0250_s26_labs/install/cw2_team_14/lib/libcw2_team_14__rosidl_typesupport_cpp.so" to ""
[42.111s] -- Installing: /home/czg22/comp0250_s26_labs/install/cw2_team_14/share/cw2_team_14/environment/pythonpath.sh
[42.111s] -- Installing: /home/czg22/comp0250_s26_labs/install/cw2_team_14/share/cw2_team_14/environment/pythonpath.dsv
[42.111s] -- Installing: /home/czg22/comp0250_s26_labs/install/cw2_team_14/local/lib/python3.10/dist-packages/cw2_team_14-0.1.0-py3.10.egg-info
[42.113s] -- Installing: /home/czg22/comp0250_s26_labs/install/cw2_team_14/local/lib/python3.10/dist-packages/cw2_team_14-0.1.0-py3.10.egg-info/SOURCES.txt
[42.113s] -- Installing: /home/czg22/comp0250_s26_labs/install/cw2_team_14/local/lib/python3.10/dist-packages/cw2_team_14-0.1.0-py3.10.egg-info/top_level.txt
[42.113s] -- Installing: /home/czg22/comp0250_s26_labs/install/cw2_team_14/local/lib/python3.10/dist-packages/cw2_team_14-0.1.0-py3.10.egg-info/PKG-INFO
[42.114s] -- Installing: /home/czg22/comp0250_s26_labs/install/cw2_team_14/local/lib/python3.10/dist-packages/cw2_team_14-0.1.0-py3.10.egg-info/dependency_links.txt
[42.114s] -- Installing: /home/czg22/comp0250_s26_labs/install/cw2_team_14/local/lib/python3.10/dist-packages/cw2_team_14
[42.114s] -- Installing: /home/czg22/comp0250_s26_labs/install/cw2_team_14/local/lib/python3.10/dist-packages/cw2_team_14/_cw2_team_14_s.ep.rosidl_typesupport_fastrtps_c.c
[42.114s] -- Installing: /home/czg22/comp0250_s26_labs/install/cw2_team_14/local/lib/python3.10/dist-packages/cw2_team_14/srv
[42.114s] -- Installing: /home/czg22/comp0250_s26_labs/install/cw2_team_14/local/lib/python3.10/dist-packages/cw2_team_14/srv/__init__.py
[42.114s] -- Installing: /home/czg22/comp0250_s26_labs/install/cw2_team_14/local/lib/python3.10/dist-packages/cw2_team_14/srv/_example.py
[42.115s] -- Installing: /home/czg22/comp0250_s26_labs/install/cw2_team_14/local/lib/python3.10/dist-packages/cw2_team_14/srv/_example_s.c
[42.115s] -- Installing: /home/czg22/comp0250_s26_labs/install/cw2_team_14/local/lib/python3.10/dist-packages/cw2_team_14/__init__.py
[42.115s] -- Installing: /home/czg22/comp0250_s26_labs/install/cw2_team_14/local/lib/python3.10/dist-packages/cw2_team_14/cw2_team_14_s__rosidl_typesupport_fastrtps_c.cpython-310-x86_64-linux-gnu.so
[42.115s] -- Installing: /home/czg22/comp0250_s26_labs/install/cw2_team_14/local/lib/python3.10/dist-packages/cw2_team_14/libcw2_team_14__rosidl_generator_py.so
[42.115s] -- Installing: /home/czg22/comp0250_s26_labs/install/cw2_team_14/local/lib/python3.10/dist-packages/cw2_team_14/_cw2_team_14_s.ep.rosidl_typesupport_c.c
[42.115s] -- Installing: /home/czg22/comp0250_s26_labs/install/cw2_team_14/local/lib/python3.10/dist-packages/cw2_team_14/cw2_team_14_s__rosidl_typesupport_c.cpython-310-x86_64-linux-gnu.so
[42.116s] -- Installing: /home/czg22/comp0250_s26_labs/install/cw2_team_14/local/lib/python3.10/dist-packages/cw2_team_14/_cw2_team_14_s.ep.rosidl_typesupport_introspection_c.c
[42.116s] -- Installing: /home/czg22/comp0250_s26_labs/install/cw2_team_14/local/lib/python3.10/dist-packages/cw2_team_14/cw2_team_14_s__rosidl_typesupport_introspection_c.cpython-310-x86_64-linux-gnu.so
[42.145s] Listing '/home/czg22/comp0250_s26_labs/install/cw2_team_14/local/lib/python3.10/dist-packages/cw2_team_14'...
[42.146s] Compiling '/home/czg22/comp0250_s26_labs/install/cw2_team_14/local/lib/python3.10/dist-packages/cw2_team_14/__init__.py'...
[42.146s] Listing '/home/czg22/comp0250_s26_labs/install/cw2_team_14/local/lib/python3.10/dist-packages/cw2_team_14/srv'...
[42.146s] Compiling '/home/czg22/comp0250_s26_labs/install/cw2_team_14/local/lib/python3.10/dist-packages/cw2_team_14/srv/__init__.py'...
[42.146s] Compiling '/home/czg22/comp0250_s26_labs/install/cw2_team_14/local/lib/python3.10/dist-packages/cw2_team_14/srv/_example.py'...
[42.149s] -- Installing: /home/czg22/comp0250_s26_labs/install/cw2_team_14/local/lib/python3.10/dist-packages/cw2_team_14/cw2_team_14_s__rosidl_typesupport_fastrtps_c.cpython-310-x86_64-linux-gnu.so
[42.149s] -- Set runtime path of "/home/czg22/comp0250_s26_labs/install/cw2_team_14/local/lib/python3.10/dist-packages/cw2_team_14/cw2_team_14_s__rosidl_typesupport_fastrtps_c.cpython-310-x86_64-linux-gnu.so" to ""
[42.149s] -- Installing: /home/czg22/comp0250_s26_labs/install/cw2_team_14/local/lib/python3.10/dist-packages/cw2_team_14/cw2_team_14_s__rosidl_typesupport_introspection_c.cpython-310-x86_64-linux-gnu.so
[42.149s] -- Set runtime path of "/home/czg22/comp0250_s26_labs/install/cw2_team_14/local/lib/python3.10/dist-packages/cw2_team_14/cw2_team_14_s__rosidl_typesupport_introspection_c.cpython-310-x86_64-linux-gnu.so" to ""
[42.150s] -- Installing: /home/czg22/comp0250_s26_labs/install/cw2_team_14/local/lib/python3.10/dist-packages/cw2_team_14/cw2_team_14_s__rosidl_typesupport_c.cpython-310-x86_64-linux-gnu.so
[42.150s] -- Set runtime path of "/home/czg22/comp0250_s26_labs/install/cw2_team_14/local/lib/python3.10/dist-packages/cw2_team_14/cw2_team_14_s__rosidl_typesupport_c.cpython-310-x86_64-linux-gnu.so" to ""
[42.150s] -- Installing: /home/czg22/comp0250_s26_labs/install/cw2_team_14/lib/libcw2_team_14__rosidl_generator_py.so
[42.151s] -- Set runtime path of "/home/czg22/comp0250_s26_labs/install/cw2_team_14/lib/libcw2_team_14__rosidl_generator_py.so" to ""
[42.151s] -- Installing: /home/czg22/comp0250_s26_labs/install/cw2_team_14/share/cw2_team_14/srv/Example.idl
[42.151s] -- Installing: /home/czg22/comp0250_s26_labs/install/cw2_team_14/share/cw2_team_14/srv/Example.srv
[42.151s] -- Installing: /home/czg22/comp0250_s26_labs/install/cw2_team_14/share/cw2_team_14/srv/Example_Request.msg
[42.151s] -- Installing: /home/czg22/comp0250_s26_labs/install/cw2_team_14/share/cw2_team_14/srv/Example_Response.msg
[42.152s] -- Installing: /home/czg22/comp0250_s26_labs/install/cw2_team_14/lib/libcw2_team_14_cw2_class_lib.so
[42.168s] -- Set runtime path of "/home/czg22/comp0250_s26_labs/install/cw2_team_14/lib/libcw2_team_14_cw2_class_lib.so" to ""
[42.169s] -- Installing: /home/czg22/comp0250_s26_labs/install/cw2_team_14/lib/cw2_team_14/cw2_solution_node
[42.169s] -- Set runtime path of "/home/czg22/comp0250_s26_labs/install/cw2_team_14/lib/cw2_team_14/cw2_solution_node" to ""
[42.169s] -- Installing: /home/czg22/comp0250_s26_labs/install/cw2_team_14/share/cw2_team_14/launch
[42.170s] -- Installing: /home/czg22/comp0250_s26_labs/install/cw2_team_14/share/cw2_team_14/launch/run_solution.launch.py
[42.171s] -- Installing: /home/czg22/comp0250_s26_labs/install/cw2_team_14/share/ament_index/resource_index/package_run_dependencies/cw2_team_14
[42.171s] -- Installing: /home/czg22/comp0250_s26_labs/install/cw2_team_14/share/ament_index/resource_index/parent_prefix_path/cw2_team_14
[42.172s] -- Installing: /home/czg22/comp0250_s26_labs/install/cw2_team_14/share/cw2_team_14/environment/ament_prefix_path.sh
[42.172s] -- Installing: /home/czg22/comp0250_s26_labs/install/cw2_team_14/share/cw2_team_14/environment/ament_prefix_path.dsv
[42.172s] -- Installing: /home/czg22/comp0250_s26_labs/install/cw2_team_14/share/cw2_team_14/environment/path.sh
[42.172s] -- Installing: /home/czg22/comp0250_s26_labs/install/cw2_team_14/share/cw2_team_14/environment/path.dsv
[42.172s] -- Installing: /home/czg22/comp0250_s26_labs/install/cw2_team_14/share/cw2_team_14/local_setup.bash
[42.173s] -- Installing: /home/czg22/comp0250_s26_labs/install/cw2_team_14/share/cw2_team_14/local_setup.sh
[42.173s] -- Installing: /home/czg22/comp0250_s26_labs/install/cw2_team_14/share/cw2_team_14/local_setup.zsh
[42.173s] -- Installing: /home/czg22/comp0250_s26_labs/install/cw2_team_14/share/cw2_team_14/local_setup.dsv
[42.173s] -- Installing: /home/czg22/comp0250_s26_labs/install/cw2_team_14/share/cw2_team_14/package.dsv
[42.174s] -- Installing: /home/czg22/comp0250_s26_labs/install/cw2_team_14/share/ament_index/resource_index/packages/cw2_team_14
[42.174s] -- Installing: /home/czg22/comp0250_s26_labs/install/cw2_team_14/share/cw2_team_14/cmake/export_cw2_team_14__rosidl_generator_cExport.cmake
[42.175s] -- Installing: /home/czg22/comp0250_s26_labs/install/cw2_team_14/share/cw2_team_14/cmake/export_cw2_team_14__rosidl_generator_cExport-noconfig.cmake
[42.175s] -- Installing: /home/czg22/comp0250_s26_labs/install/cw2_team_14/share/cw2_team_14/cmake/export_cw2_team_14__rosidl_typesupport_fastrtps_cExport.cmake
[42.175s] -- Installing: /home/czg22/comp0250_s26_labs/install/cw2_team_14/share/cw2_team_14/cmake/export_cw2_team_14__rosidl_typesupport_fastrtps_cExport-noconfig.cmake
[42.175s] -- Installing: /home/czg22/comp0250_s26_labs/install/cw2_team_14/share/cw2_team_14/cmake/cw2_team_14__rosidl_typesupport_introspection_cExport.cmake
[42.175s] -- Installing: /home/czg22/comp0250_s26_labs/install/cw2_team_14/share/cw2_team_14/cmake/cw2_team_14__rosidl_typesupport_introspection_cExport-noconfig.cmake
[42.176s] -- Installing: /home/czg22/comp0250_s26_labs/install/cw2_team_14/share/cw2_team_14/cmake/cw2_team_14__rosidl_typesupport_cExport.cmake
[42.176s] -- Installing: /home/czg22/comp0250_s26_labs/install/cw2_team_14/share/cw2_team_14/cmake/cw2_team_14__rosidl_typesupport_cExport-noconfig.cmake
[42.176s] -- Installing: /home/czg22/comp0250_s26_labs/install/cw2_team_14/share/cw2_team_14/cmake/export_cw2_team_14__rosidl_generator_cppExport.cmake
[42.176s] -- Installing: /home/czg22/comp0250_s26_labs/install/cw2_team_14/share/cw2_team_14/cmake/export_cw2_team_14__rosidl_typesupport_fastrtps_cppExport.cmake
[42.177s] -- Installing: /home/czg22/comp0250_s26_labs/install/cw2_team_14/share/cw2_team_14/cmake/export_cw2_team_14__rosidl_typesupport_fastrtps_cppExport-noconfig.cmake
[42.177s] -- Installing: /home/czg22/comp0250_s26_labs/install/cw2_team_14/share/cw2_team_14/cmake/cw2_team_14__rosidl_typesupport_introspection_cppExport.cmake
[42.177s] -- Installing: /home/czg22/comp0250_s26_labs/install/cw2_team_14/share/cw2_team_14/cmake/cw2_team_14__rosidl_typesupport_introspection_cppExport-noconfig.cmake
[42.177s] -- Installing: /home/czg22/comp0250_s26_labs/install/cw2_team_14/share/cw2_team_14/cmake/cw2_team_14__rosidl_typesupport_cppExport.cmake
[42.177s] -- Installing: /home/czg22/comp0250_s26_labs/install/cw2_team_14/share/cw2_team_14/cmake/cw2_team_14__rosidl_typesupport_cppExport-noconfig.cmake
[42.178s] -- Installing: /home/czg22/comp0250_s26_labs/install/cw2_team_14/share/cw2_team_14/cmake/export_cw2_team_14__rosidl_generator_pyExport.cmake
[42.178s] -- Installing: /home/czg22/comp0250_s26_labs/install/cw2_team_14/share/cw2_team_14/cmake/export_cw2_team_14__rosidl_generator_pyExport-noconfig.cmake
[42.178s] -- Installing: /home/czg22/comp0250_s26_labs/install/cw2_team_14/share/cw2_team_14/cmake/rosidl_cmake-extras.cmake
[42.178s] -- Installing: /home/czg22/comp0250_s26_labs/install/cw2_team_14/share/cw2_team_14/cmake/ament_cmake_export_dependencies-extras.cmake
[42.178s] -- Installing: /home/czg22/comp0250_s26_labs/install/cw2_team_14/share/cw2_team_14/cmake/ament_cmake_export_include_directories-extras.cmake
[42.179s] -- Installing: /home/czg22/comp0250_s26_labs/install/cw2_team_14/share/cw2_team_14/cmake/ament_cmake_export_libraries-extras.cmake
[42.179s] -- Installing: /home/czg22/comp0250_s26_labs/install/cw2_team_14/share/cw2_team_14/cmake/ament_cmake_export_targets-extras.cmake
[42.179s] -- Installing: /home/czg22/comp0250_s26_labs/install/cw2_team_14/share/cw2_team_14/cmake/rosidl_cmake_export_typesupport_targets-extras.cmake
[42.179s] -- Installing: /home/czg22/comp0250_s26_labs/install/cw2_team_14/share/cw2_team_14/cmake/rosidl_cmake_export_typesupport_libraries-extras.cmake
[42.179s] -- Installing: /home/czg22/comp0250_s26_labs/install/cw2_team_14/share/cw2_team_14/cmake/cw2_team_14Config.cmake
[42.180s] -- Installing: /home/czg22/comp0250_s26_labs/install/cw2_team_14/share/cw2_team_14/cmake/cw2_team_14Config-version.cmake
[42.180s] -- Installing: /home/czg22/comp0250_s26_labs/install/cw2_team_14/share/cw2_team_14/package.xml
[42.182s] Invoked command in '/home/czg22/comp0250_s26_labs/build/cw2_team_14' returned '0': CMAKE_PREFIX_PATH=/home/czg22/comp0250_s26_labs/install/cw2_world_spawner:/home/czg22/comp0250_s26_labs/install/rpl_panda_with_rs:/home/czg22/comp0250_s26_labs/install/realsense_gazebo_plugin:/home/czg22/comp0250_s26_labs/install/panda_moveit_config:/home/czg22/comp0250_s26_labs/install/panda_description:/home/czg22/comp0250_s26_labs/install/cw2_team_14:/home/czg22/comp0250_s26_labs/install/cw1_world_spawner:/home/czg22/ws_moveit2/install/pilz_industrial_motion_planner_testutils:/home/czg22/ws_moveit2/install/moveit_runtime:/home/czg22/ws_moveit2/install/moveit2_tutorials:/home/czg22/ws_moveit2/install/moveit:/home/czg22/ws_moveit2/install/moveit_planners:/home/czg22/ws_moveit2/install/pilz_industrial_motion_planner:/home/czg22/ws_moveit2/install/mtc_tutorial:/home/czg22/ws_moveit2/install/moveit_visual_tools:/home/czg22/ws_moveit2/install/moveit_task_constructor_visualization:/home/czg22/ws_moveit2/install/moveit_task_constructor_demo:/home/czg22/ws_moveit2/install/moveit_task_constructor_capabilities:/home/czg22/ws_moveit2/install/moveit_task_constructor_core:/home/czg22/ws_moveit2/install/moveit_ros_control_interface:/home/czg22/ws_moveit2/install/moveit_plugins:/home/czg22/ws_moveit2/install/moveit_simple_controller_manager:/home/czg22/ws_moveit2/install/moveit_setup_assistant:/home/czg22/ws_moveit2/install/moveit_setup_srdf_plugins:/home/czg22/ws_moveit2/install/moveit_setup_core_plugins:/home/czg22/ws_moveit2/install/moveit_setup_controllers:/home/czg22/ws_moveit2/install/moveit_setup_app_plugins:/home/czg22/ws_moveit2/install/moveit_setup_framework:/home/czg22/ws_moveit2/install/moveit_servo:/home/czg22/ws_moveit2/install/moveit_ros:/home/czg22/ws_moveit2/install/moveit_ros_visualization:/home/czg22/ws_moveit2/install/moveit_py:/home/czg22/ws_moveit2/install/moveit_hybrid_planning:/home/czg22/ws_moveit2/install/moveit_ros_planning_interface:/home/czg22/ws_moveit2/install/moveit_ros_benchmarks:/home/czg22/ws_moveit2/install/moveit_ros_warehouse:/home/czg22/ws_moveit2/install/moveit_ros_robot_interaction:/home/czg22/ws_moveit2/install/moveit_ros_perception:/home/czg22/ws_moveit2/install/moveit_resources_prbt_pg70_support:/home/czg22/ws_moveit2/install/moveit_resources_prbt_moveit_config:/home/czg22/ws_moveit2/install/moveit_ros_move_group:/home/czg22/ws_moveit2/install/moveit_planners_ompl:/home/czg22/ws_moveit2/install/moveit_ros_planning:/home/czg22/ws_moveit2/install/moveit_ros_occupancy_map_monitor:/home/czg22/ws_moveit2/install/moveit_resources_prbt_ikfast_manipulator_plugin:/home/czg22/ws_moveit2/install/moveit_planners_chomp:/home/czg22/ws_moveit2/install/moveit_kinematics:/home/czg22/ws_moveit2/install/moveit_chomp_optimizer_adapter:/home/czg22/ws_moveit2/install/chomp_motion_planner:/home/czg22/ws_moveit2/install/moveit_core:/home/czg22/ws_moveit2/install/srdfdom:/home/czg22/ws_moveit2/install/rviz_marker_tools:/home/czg22/ws_moveit2/install/rosparam_shortcuts:/home/czg22/ws_moveit2/install/moveit_task_constructor_msgs:/home/czg22/ws_moveit2/install/moveit_resources_prbt_support:/home/czg22/ws_moveit2/install/moveit_resources:/home/czg22/ws_moveit2/install/moveit_resources_pr2_description:/home/czg22/ws_moveit2/install/moveit_resources_panda_moveit_config:/home/czg22/ws_moveit2/install/moveit_resources_panda_description:/home/czg22/ws_moveit2/install/moveit_resources_fanuc_moveit_config:/home/czg22/ws_moveit2/install/moveit_resources_fanuc_description:/home/czg22/ws_moveit2/install/moveit_common:/home/czg22/ws_moveit2/install/moveit_configs_utils:/home/czg22/ws_moveit2/install/launch_param_builder:/opt/ros/humble LD_LIBRARY_PATH=/home/czg22/comp0250_s26_labs/install/cw2_world_spawner/lib:/home/czg22/comp0250_s26_labs/install/realsense_gazebo_plugin/lib:/home/czg22/comp0250_s26_labs/install/cw2_team_14/lib:/home/czg22/comp0250_s26_labs/install/cw1_world_spawner/lib:/home/czg22/ws_moveit2/install/pilz_industrial_motion_planner_testutils/lib:/home/czg22/ws_moveit2/install/pilz_industrial_motion_planner/lib:/home/czg22/ws_moveit2/install/moveit_visual_tools/lib:/home/czg22/ws_moveit2/install/moveit_task_constructor_visualization/lib:/home/czg22/ws_moveit2/install/moveit_task_constructor_demo/lib:/home/czg22/ws_moveit2/install/moveit_task_constructor_capabilities/lib:/home/czg22/ws_moveit2/install/moveit_task_constructor_core/lib:/home/czg22/ws_moveit2/install/moveit_ros_control_interface/lib:/home/czg22/ws_moveit2/install/moveit_simple_controller_manager/lib:/home/czg22/ws_moveit2/install/moveit_setup_assistant/lib:/home/czg22/ws_moveit2/install/moveit_setup_srdf_plugins/lib:/home/czg22/ws_moveit2/install/moveit_setup_core_plugins/lib:/home/czg22/ws_moveit2/install/moveit_setup_controllers/lib:/home/czg22/ws_moveit2/install/moveit_setup_app_plugins/lib:/home/czg22/ws_moveit2/install/moveit_setup_framework/lib:/home/czg22/ws_moveit2/install/moveit_servo/lib:/home/czg22/ws_moveit2/install/moveit_ros_visualization/lib:/home/czg22/ws_moveit2/install/moveit_py/lib:/home/czg22/ws_moveit2/install/moveit_hybrid_planning/lib:/home/czg22/ws_moveit2/install/moveit_ros_planning_interface/lib:/home/czg22/ws_moveit2/install/moveit_ros_benchmarks/lib:/home/czg22/ws_moveit2/install/moveit_ros_warehouse/lib:/home/czg22/ws_moveit2/install/moveit_ros_robot_interaction/lib:/home/czg22/ws_moveit2/install/moveit_ros_perception/lib:/home/czg22/ws_moveit2/install/moveit_ros_move_group/lib:/home/czg22/ws_moveit2/install/moveit_planners_ompl/lib:/home/czg22/ws_moveit2/install/moveit_ros_planning/lib:/home/czg22/ws_moveit2/install/moveit_ros_occupancy_map_monitor/lib:/home/czg22/ws_moveit2/install/moveit_resources_prbt_ikfast_manipulator_plugin/lib:/home/czg22/ws_moveit2/install/moveit_planners_chomp/lib:/home/czg22/ws_moveit2/install/moveit_kinematics/lib:/home/czg22/ws_moveit2/install/moveit_chomp_optimizer_adapter/lib:/home/czg22/ws_moveit2/install/chomp_motion_planner/lib:/home/czg22/ws_moveit2/install/moveit_core/lib:/home/czg22/ws_moveit2/install/srdfdom/lib:/home/czg22/ws_moveit2/install/rviz_marker_tools/lib:/home/czg22/ws_moveit2/install/rosparam_shortcuts/lib:/home/czg22/ws_moveit2/install/moveit_task_constructor_msgs/lib:/usr/lib/x86_64-linux-gnu/gazebo-11/plugins:/opt/ros/humble/opt/rviz_ogre_vendor/lib:/opt/ros/humble/lib/x86_64-linux-gnu:/opt/ros/humble/lib /usr/bin/cmake --install /home/czg22/comp0250_s26_labs/build/cw2_team_14
