[  2%] Built target cw2_team_14__cpp
[ 11%] Built target cw2_team_14__rosidl_generator_c
[ 11%] Built target ament_cmake_python_copy_cw2_team_14
[ 20%] Built target cw2_team_14__rosidl_typesupport_fastrtps_cpp
[ 28%] Built target cw2_team_14__rosidl_typesupport_cpp
[ 37%] Built target cw2_team_14__rosidl_typesupport_introspection_cpp
[ 62%] Built target cw2_team_14__rosidl_typesupport_introspection_c
[ 62%] Built target cw2_team_14__rosidl_typesupport_fastrtps_c
[ 62%] Built target cw2_team_14__rosidl_typesupport_c
Consolidate compiler generated dependencies of target cw2_team_14_cw2_class_lib
[ 62%] Built target cw2_team_14
[ 65%] Building CXX object CMakeFiles/cw2_team_14_cw2_class_lib.dir/src/cw2_class.cpp.o
[ 68%] Built target cw2_team_14__py
[ 74%] Built target cw2_team_14__rosidl_generator_py
running egg_info
writing cw2_team_14.egg-info/PKG-INFO
writing dependency_links to cw2_team_14.egg-info/dependency_links.txt
writing top-level names to cw2_team_14.egg-info/top_level.txt
reading manifest file 'cw2_team_14.egg-info/SOURCES.txt'
writing manifest file 'cw2_team_14.egg-info/SOURCES.txt'
[ 85%] Built target cw2_team_14__rosidl_typesupport_introspection_c__pyext
[ 82%] Built target cw2_team_14__rosidl_typesupport_c__pyext
[ 91%] Built target cw2_team_14__rosidl_typesupport_fastrtps_c__pyext
[ 91%] Built target ament_cmake_python_build_cw2_team_14_egg
