[0.015s] Invoking command in '/home/bizare/Desktop/cw2_team_14/build/cw1_world_spawner': CMAKE_PREFIX_PATH=${CMAKE_PREFIX_PATH}:/opt/ros/humble /usr/bin/cmake --build /home/bizare/Desktop/cw2_team_14/build/cw1_world_spawner -- -j2 -l2
[0.138s] [  1%] Built target cw1_world_spawner__cpp
[0.138s] [35m[1mConsolidate compiler generated dependencies of target cw1_world_spawner__rosidl_generator_c[0m
[0.169s] [ 12%] Built target cw1_world_spawner__rosidl_generator_c
[0.269s] [ 12%] Built target ament_cmake_python_copy_cw1_world_spawner
[0.280s] [ 12%] Built target ament_cmake_python_copy_coursework_world_spawner_lib
[0.303s] [35m[1mConsolidate compiler generated dependencies of target cw1_world_spawner__rosidl_typesupport_cpp[0m
[0.322s] [35m[1mConsolidate compiler generated dependencies of target cw1_world_spawner__rosidl_typesupport_fastrtps_c[0m
[0.345s] [ 23%] Built target cw1_world_spawner__rosidl_typesupport_cpp
[0.368s] [ 34%] Built target cw1_world_spawner__rosidl_typesupport_fastrtps_c
[0.380s] [35m[1mConsolidate compiler generated dependencies of target cw1_world_spawner__rosidl_typesupport_introspection_c[0m
[0.395s] [35m[1mConsolidate compiler generated dependencies of target cw1_world_spawner__rosidl_typesupport_c[0m
[0.402s] [ 45%] Built target cw1_world_spawner__rosidl_typesupport_introspection_c
[0.424s] [ 56%] Built target cw1_world_spawner__rosidl_typesupport_c
[0.424s] [35m[1mConsolidate compiler generated dependencies of target cw1_world_spawner__rosidl_typesupport_fastrtps_cpp[0m
[0.453s] [ 67%] Built target cw1_world_spawner__rosidl_typesupport_fastrtps_cpp
[0.468s] [35m[1mConsolidate compiler generated dependencies of target cw1_world_spawner__rosidl_typesupport_introspection_cpp[0m
[0.536s] [ 78%] Built target cw1_world_spawner__rosidl_typesupport_introspection_cpp
[1.147s] running egg_info
[1.147s] writing coursework_world_spawner_lib.egg-info/PKG-INFO
[1.147s] writing dependency_links to coursework_world_spawner_lib.egg-info/dependency_links.txt
[1.147s] writing top-level names to coursework_world_spawner_lib.egg-info/top_level.txt
[1.159s] reading manifest file 'coursework_world_spawner_lib.egg-info/SOURCES.txt'
[1.159s] writing manifest file 'coursework_world_spawner_lib.egg-info/SOURCES.txt'
[1.178s] running egg_info
[1.178s] writing cw1_world_spawner.egg-info/PKG-INFO
[1.178s] writing dependency_links to cw1_world_spawner.egg-info/dependency_links.txt
[1.178s] writing top-level names to cw1_world_spawner.egg-info/top_level.txt
[1.178s] reading manifest file 'cw1_world_spawner.egg-info/SOURCES.txt'
[1.178s] writing manifest file 'cw1_world_spawner.egg-info/SOURCES.txt'
[1.206s] [ 78%] Built target ament_cmake_python_build_coursework_world_spawner_lib_egg
[1.223s] [ 78%] Built target ament_cmake_python_build_cw1_world_spawner_egg
[1.228s] [ 78%] Built target cw1_world_spawner
[1.266s] [ 80%] Built target cw1_world_spawner__py
[1.291s] [35m[1mConsolidate compiler generated dependencies of target cw1_world_spawner__rosidl_generator_py[0m
[1.321s] [ 89%] Built target cw1_world_spawner__rosidl_generator_py
[1.347s] [35m[1mConsolidate compiler generated dependencies of target cw1_world_spawner__rosidl_typesupport_introspection_c__pyext[0m
[1.365s] [35m[1mConsolidate compiler generated dependencies of target cw1_world_spawner__rosidl_typesupport_fastrtps_c__pyext[0m
[1.376s] [ 92%] Built target cw1_world_spawner__rosidl_typesupport_introspection_c__pyext
[1.385s] [ 96%] Built target cw1_world_spawner__rosidl_typesupport_fastrtps_c__pyext
[1.392s] [35m[1mConsolidate compiler generated dependencies of target cw1_world_spawner__rosidl_typesupport_c__pyext[0m
[1.405s] [100%] Built target cw1_world_spawner__rosidl_typesupport_c__pyext
[1.424s] Invoked command in '/home/bizare/Desktop/cw2_team_14/build/cw1_world_spawner' returned '0': CMAKE_PREFIX_PATH=${CMAKE_PREFIX_PATH}:/opt/ros/humble /usr/bin/cmake --build /home/bizare/Desktop/cw2_team_14/build/cw1_world_spawner -- -j2 -l2
[1.439s] Invoking command in '/home/bizare/Desktop/cw2_team_14/build/cw1_world_spawner': CMAKE_PREFIX_PATH=${CMAKE_PREFIX_PATH}:/opt/ros/humble /usr/bin/cmake --install /home/bizare/Desktop/cw2_team_14/build/cw1_world_spawner
[1.451s] -- Install configuration: ""
[1.451s] -- Up-to-date: /home/bizare/Desktop/cw2_team_14/install/cw1_world_spawner/share/ament_index/resource_index/rosidl_interfaces/cw1_world_spawner
[1.451s] -- Up-to-date: /home/bizare/Desktop/cw2_team_14/install/cw1_world_spawner/include/cw1_world_spawner/cw1_world_spawner
[1.451s] -- Up-to-date: /home/bizare/Desktop/cw2_team_14/install/cw1_world_spawner/include/cw1_world_spawner/cw1_world_spawner/msg
[1.452s] -- Up-to-date: /home/bizare/Desktop/cw2_team_14/install/cw1_world_spawner/include/cw1_world_spawner/cw1_world_spawner/msg/rosidl_generator_c__visibility_control.h
[1.452s] -- Up-to-date: /home/bizare/Desktop/cw2_team_14/install/cw1_world_spawner/include/cw1_world_spawner/cw1_world_spawner/srv
[1.452s] -- Up-to-date: /home/bizare/Desktop/cw2_team_14/install/cw1_world_spawner/include/cw1_world_spawner/cw1_world_spawner/srv/task3_service.h
[1.452s] -- Up-to-date: /home/bizare/Desktop/cw2_team_14/install/cw1_world_spawner/include/cw1_world_spawner/cw1_world_spawner/srv/detail
[1.452s] -- Up-to-date: /home/bizare/Desktop/cw2_team_14/install/cw1_world_spawner/include/cw1_world_spawner/cw1_world_spawner/srv/detail/task1_service__struct.h
[1.452s] -- Up-to-date: /home/bizare/Desktop/cw2_team_14/install/cw1_world_spawner/include/cw1_world_spawner/cw1_world_spawner/srv/detail/task1_service__functions.c
[1.452s] -- Up-to-date: /home/bizare/Desktop/cw2_team_14/install/cw1_world_spawner/include/cw1_world_spawner/cw1_world_spawner/srv/detail/task_setup__functions.c
[1.452s] -- Up-to-date: /home/bizare/Desktop/cw2_team_14/install/cw1_world_spawner/include/cw1_world_spawner/cw1_world_spawner/srv/detail/task3_service__type_support.h
[1.452s] -- Up-to-date: /home/bizare/Desktop/cw2_team_14/install/cw1_world_spawner/include/cw1_world_spawner/cw1_world_spawner/srv/detail/task3_service__functions.h
[1.452s] -- Up-to-date: /home/bizare/Desktop/cw2_team_14/install/cw1_world_spawner/include/cw1_world_spawner/cw1_world_spawner/srv/detail/task1_service__type_support.h
[1.452s] -- Up-to-date: /home/bizare/Desktop/cw2_team_14/install/cw1_world_spawner/include/cw1_world_spawner/cw1_world_spawner/srv/detail/task2_service__type_support.h
[1.453s] -- Up-to-date: /home/bizare/Desktop/cw2_team_14/install/cw1_world_spawner/include/cw1_world_spawner/cw1_world_spawner/srv/detail/task1_service__functions.h
[1.453s] -- Up-to-date: /home/bizare/Desktop/cw2_team_14/install/cw1_world_spawner/include/cw1_world_spawner/cw1_world_spawner/srv/detail/task2_service__functions.c
[1.453s] -- Up-to-date: /home/bizare/Desktop/cw2_team_14/install/cw1_world_spawner/include/cw1_world_spawner/cw1_world_spawner/srv/detail/task2_service__functions.h
[1.453s] -- Up-to-date: /home/bizare/Desktop/cw2_team_14/install/cw1_world_spawner/include/cw1_world_spawner/cw1_world_spawner/srv/detail/task3_service__struct.h
[1.453s] -- Up-to-date: /home/bizare/Desktop/cw2_team_14/install/cw1_world_spawner/include/cw1_world_spawner/cw1_world_spawner/srv/detail/task3_service__functions.c
[1.453s] -- Up-to-date: /home/bizare/Desktop/cw2_team_14/install/cw1_world_spawner/include/cw1_world_spawner/cw1_world_spawner/srv/detail/task_setup__struct.h
[1.453s] -- Up-to-date: /home/bizare/Desktop/cw2_team_14/install/cw1_world_spawner/include/cw1_world_spawner/cw1_world_spawner/srv/detail/task_setup__type_support.h
[1.453s] -- Up-to-date: /home/bizare/Desktop/cw2_team_14/install/cw1_world_spawner/include/cw1_world_spawner/cw1_world_spawner/srv/detail/task2_service__struct.h
[1.454s] -- Up-to-date: /home/bizare/Desktop/cw2_team_14/install/cw1_world_spawner/include/cw1_world_spawner/cw1_world_spawner/srv/detail/task_setup__functions.h
[1.454s] -- Up-to-date: /home/bizare/Desktop/cw2_team_14/install/cw1_world_spawner/include/cw1_world_spawner/cw1_world_spawner/srv/task2_service.h
[1.454s] -- Up-to-date: /home/bizare/Desktop/cw2_team_14/install/cw1_world_spawner/include/cw1_world_spawner/cw1_world_spawner/srv/task1_service.h
[1.454s] -- Up-to-date: /home/bizare/Desktop/cw2_team_14/install/cw1_world_spawner/include/cw1_world_spawner/cw1_world_spawner/srv/task_setup.h
[1.454s] -- Up-to-date: /home/bizare/Desktop/cw2_team_14/install/cw1_world_spawner/share/cw1_world_spawner/environment/library_path.sh
[1.454s] -- Up-to-date: /home/bizare/Desktop/cw2_team_14/install/cw1_world_spawner/share/cw1_world_spawner/environment/library_path.dsv
[1.457s] -- Up-to-date: /home/bizare/Desktop/cw2_team_14/install/cw1_world_spawner/lib/libcw1_world_spawner__rosidl_generator_c.so
[1.457s] -- Up-to-date: /home/bizare/Desktop/cw2_team_14/install/cw1_world_spawner/include/cw1_world_spawner/cw1_world_spawner
[1.457s] -- Up-to-date: /home/bizare/Desktop/cw2_team_14/install/cw1_world_spawner/include/cw1_world_spawner/cw1_world_spawner/msg
[1.457s] -- Up-to-date: /home/bizare/Desktop/cw2_team_14/install/cw1_world_spawner/include/cw1_world_spawner/cw1_world_spawner/msg/rosidl_typesupport_fastrtps_c__visibility_control.h
[1.457s] -- Up-to-date: /home/bizare/Desktop/cw2_team_14/install/cw1_world_spawner/include/cw1_world_spawner/cw1_world_spawner/srv
[1.457s] -- Up-to-date: /home/bizare/Desktop/cw2_team_14/install/cw1_world_spawner/include/cw1_world_spawner/cw1_world_spawner/srv/detail
[1.457s] -- Up-to-date: /home/bizare/Desktop/cw2_team_14/install/cw1_world_spawner/include/cw1_world_spawner/cw1_world_spawner/srv/detail/task2_service__rosidl_typesupport_fastrtps_c.h
[1.457s] -- Up-to-date: /home/bizare/Desktop/cw2_team_14/install/cw1_world_spawner/include/cw1_world_spawner/cw1_world_spawner/srv/detail/task_setup__rosidl_typesupport_fastrtps_c.h
[1.458s] -- Up-to-date: /home/bizare/Desktop/cw2_team_14/install/cw1_world_spawner/include/cw1_world_spawner/cw1_world_spawner/srv/detail/task3_service__rosidl_typesupport_fastrtps_c.h
[1.458s] -- Up-to-date: /home/bizare/Desktop/cw2_team_14/install/cw1_world_spawner/include/cw1_world_spawner/cw1_world_spawner/srv/detail/task1_service__rosidl_typesupport_fastrtps_c.h
[1.458s] -- Up-to-date: /home/bizare/Desktop/cw2_team_14/install/cw1_world_spawner/lib/libcw1_world_spawner__rosidl_typesupport_fastrtps_c.so
[1.458s] -- Up-to-date: /home/bizare/Desktop/cw2_team_14/install/cw1_world_spawner/include/cw1_world_spawner/cw1_world_spawner
[1.458s] -- Up-to-date: /home/bizare/Desktop/cw2_team_14/install/cw1_world_spawner/include/cw1_world_spawner/cw1_world_spawner/msg
[1.459s] -- Up-to-date: /home/bizare/Desktop/cw2_team_14/install/cw1_world_spawner/include/cw1_world_spawner/cw1_world_spawner/msg/rosidl_typesupport_introspection_c__visibility_control.h
[1.460s] -- Up-to-date: /home/bizare/Desktop/cw2_team_14/install/cw1_world_spawner/include/cw1_world_spawner/cw1_world_spawner/srv
[1.460s] -- Up-to-date: /home/bizare/Desktop/cw2_team_14/install/cw1_world_spawner/include/cw1_world_spawner/cw1_world_spawner/srv/detail
[1.460s] -- Up-to-date: /home/bizare/Desktop/cw2_team_14/install/cw1_world_spawner/include/cw1_world_spawner/cw1_world_spawner/srv/detail/task2_service__rosidl_typesupport_introspection_c.h
[1.460s] -- Up-to-date: /home/bizare/Desktop/cw2_team_14/install/cw1_world_spawner/include/cw1_world_spawner/cw1_world_spawner/srv/detail/task_setup__rosidl_typesupport_introspection_c.h
[1.460s] -- Up-to-date: /home/bizare/Desktop/cw2_team_14/install/cw1_world_spawner/include/cw1_world_spawner/cw1_world_spawner/srv/detail/task3_service__type_support.c
[1.460s] -- Up-to-date: /home/bizare/Desktop/cw2_team_14/install/cw1_world_spawner/include/cw1_world_spawner/cw1_world_spawner/srv/detail/task2_service__type_support.c
[1.460s] -- Up-to-date: /home/bizare/Desktop/cw2_team_14/install/cw1_world_spawner/include/cw1_world_spawner/cw1_world_spawner/srv/detail/task1_service__rosidl_typesupport_introspection_c.h
[1.460s] -- Up-to-date: /home/bizare/Desktop/cw2_team_14/install/cw1_world_spawner/include/cw1_world_spawner/cw1_world_spawner/srv/detail/task3_service__rosidl_typesupport_introspection_c.h
[1.460s] -- Up-to-date: /home/bizare/Desktop/cw2_team_14/install/cw1_world_spawner/include/cw1_world_spawner/cw1_world_spawner/srv/detail/task_setup__type_support.c
[1.460s] -- Up-to-date: /home/bizare/Desktop/cw2_team_14/install/cw1_world_spawner/include/cw1_world_spawner/cw1_world_spawner/srv/detail/task1_service__type_support.c
[1.462s] -- Up-to-date: /home/bizare/Desktop/cw2_team_14/install/cw1_world_spawner/lib/libcw1_world_spawner__rosidl_typesupport_introspection_c.so
[1.462s] -- Up-to-date: /home/bizare/Desktop/cw2_team_14/install/cw1_world_spawner/lib/libcw1_world_spawner__rosidl_typesupport_c.so
[1.463s] -- Up-to-date: /home/bizare/Desktop/cw2_team_14/install/cw1_world_spawner/include/cw1_world_spawner/cw1_world_spawner
[1.463s] -- Up-to-date: /home/bizare/Desktop/cw2_team_14/install/cw1_world_spawner/include/cw1_world_spawner/cw1_world_spawner/msg
[1.463s] -- Up-to-date: /home/bizare/Desktop/cw2_team_14/install/cw1_world_spawner/include/cw1_world_spawner/cw1_world_spawner/msg/rosidl_generator_cpp__visibility_control.hpp
[1.463s] -- Up-to-date: /home/bizare/Desktop/cw2_team_14/install/cw1_world_spawner/include/cw1_world_spawner/cw1_world_spawner/srv
[1.463s] -- Up-to-date: /home/bizare/Desktop/cw2_team_14/install/cw1_world_spawner/include/cw1_world_spawner/cw1_world_spawner/srv/task3_service.hpp
[1.463s] -- Up-to-date: /home/bizare/Desktop/cw2_team_14/install/cw1_world_spawner/include/cw1_world_spawner/cw1_world_spawner/srv/task1_service.hpp
[1.464s] -- Up-to-date: /home/bizare/Desktop/cw2_team_14/install/cw1_world_spawner/include/cw1_world_spawner/cw1_world_spawner/srv/task_setup.hpp
[1.464s] -- Up-to-date: /home/bizare/Desktop/cw2_team_14/install/cw1_world_spawner/include/cw1_world_spawner/cw1_world_spawner/srv/detail
[1.464s] -- Up-to-date: /home/bizare/Desktop/cw2_team_14/install/cw1_world_spawner/include/cw1_world_spawner/cw1_world_spawner/srv/detail/task_setup__struct.hpp
[1.464s] -- Up-to-date: /home/bizare/Desktop/cw2_team_14/install/cw1_world_spawner/include/cw1_world_spawner/cw1_world_spawner/srv/detail/task2_service__type_support.hpp
[1.464s] -- Up-to-date: /home/bizare/Desktop/cw2_team_14/install/cw1_world_spawner/include/cw1_world_spawner/cw1_world_spawner/srv/detail/task_setup__type_support.hpp
[1.464s] -- Up-to-date: /home/bizare/Desktop/cw2_team_14/install/cw1_world_spawner/include/cw1_world_spawner/cw1_world_spawner/srv/detail/task3_service__builder.hpp
[1.464s] -- Up-to-date: /home/bizare/Desktop/cw2_team_14/install/cw1_world_spawner/include/cw1_world_spawner/cw1_world_spawner/srv/detail/task1_service__struct.hpp
[1.464s] -- Up-to-date: /home/bizare/Desktop/cw2_team_14/install/cw1_world_spawner/include/cw1_world_spawner/cw1_world_spawner/srv/detail/task2_service__builder.hpp
[1.464s] -- Up-to-date: /home/bizare/Desktop/cw2_team_14/install/cw1_world_spawner/include/cw1_world_spawner/cw1_world_spawner/srv/detail/task1_service__type_support.hpp
[1.465s] -- Up-to-date: /home/bizare/Desktop/cw2_team_14/install/cw1_world_spawner/include/cw1_world_spawner/cw1_world_spawner/srv/detail/task2_service__traits.hpp
[1.465s] -- Up-to-date: /home/bizare/Desktop/cw2_team_14/install/cw1_world_spawner/include/cw1_world_spawner/cw1_world_spawner/srv/detail/task3_service__struct.hpp
[1.465s] -- Up-to-date: /home/bizare/Desktop/cw2_team_14/install/cw1_world_spawner/include/cw1_world_spawner/cw1_world_spawner/srv/detail/task_setup__builder.hpp
[1.465s] -- Up-to-date: /home/bizare/Desktop/cw2_team_14/install/cw1_world_spawner/include/cw1_world_spawner/cw1_world_spawner/srv/detail/task_setup__traits.hpp
[1.465s] -- Up-to-date: /home/bizare/Desktop/cw2_team_14/install/cw1_world_spawner/include/cw1_world_spawner/cw1_world_spawner/srv/detail/task2_service__struct.hpp
[1.465s] -- Up-to-date: /home/bizare/Desktop/cw2_team_14/install/cw1_world_spawner/include/cw1_world_spawner/cw1_world_spawner/srv/detail/task1_service__builder.hpp
[1.465s] -- Up-to-date: /home/bizare/Desktop/cw2_team_14/install/cw1_world_spawner/include/cw1_world_spawner/cw1_world_spawner/srv/detail/task3_service__traits.hpp
[1.465s] -- Up-to-date: /home/bizare/Desktop/cw2_team_14/install/cw1_world_spawner/include/cw1_world_spawner/cw1_world_spawner/srv/detail/task3_service__type_support.hpp
[1.465s] -- Up-to-date: /home/bizare/Desktop/cw2_team_14/install/cw1_world_spawner/include/cw1_world_spawner/cw1_world_spawner/srv/detail/task1_service__traits.hpp
[1.466s] -- Up-to-date: /home/bizare/Desktop/cw2_team_14/install/cw1_world_spawner/include/cw1_world_spawner/cw1_world_spawner/srv/task2_service.hpp
[1.466s] -- Up-to-date: /home/bizare/Desktop/cw2_team_14/install/cw1_world_spawner/include/cw1_world_spawner/cw1_world_spawner
[1.466s] -- Up-to-date: /home/bizare/Desktop/cw2_team_14/install/cw1_world_spawner/include/cw1_world_spawner/cw1_world_spawner/msg
[1.466s] -- Up-to-date: /home/bizare/Desktop/cw2_team_14/install/cw1_world_spawner/include/cw1_world_spawner/cw1_world_spawner/msg/rosidl_typesupport_fastrtps_cpp__visibility_control.h
[1.466s] -- Up-to-date: /home/bizare/Desktop/cw2_team_14/install/cw1_world_spawner/include/cw1_world_spawner/cw1_world_spawner/srv
[1.466s] -- Up-to-date: /home/bizare/Desktop/cw2_team_14/install/cw1_world_spawner/include/cw1_world_spawner/cw1_world_spawner/srv/detail
[1.466s] -- Up-to-date: /home/bizare/Desktop/cw2_team_14/install/cw1_world_spawner/include/cw1_world_spawner/cw1_world_spawner/srv/detail/dds_fastrtps
[1.466s] -- Up-to-date: /home/bizare/Desktop/cw2_team_14/install/cw1_world_spawner/include/cw1_world_spawner/cw1_world_spawner/srv/detail/task_setup__rosidl_typesupport_fastrtps_cpp.hpp
[1.466s] -- Up-to-date: /home/bizare/Desktop/cw2_team_14/install/cw1_world_spawner/include/cw1_world_spawner/cw1_world_spawner/srv/detail/task1_service__rosidl_typesupport_fastrtps_cpp.hpp
[1.467s] -- Up-to-date: /home/bizare/Desktop/cw2_team_14/install/cw1_world_spawner/include/cw1_world_spawner/cw1_world_spawner/srv/detail/task2_service__rosidl_typesupport_fastrtps_cpp.hpp
[1.467s] -- Up-to-date: /home/bizare/Desktop/cw2_team_14/install/cw1_world_spawner/include/cw1_world_spawner/cw1_world_spawner/srv/detail/task3_service__rosidl_typesupport_fastrtps_cpp.hpp
[1.467s] -- Up-to-date: /home/bizare/Desktop/cw2_team_14/install/cw1_world_spawner/lib/libcw1_world_spawner__rosidl_typesupport_fastrtps_cpp.so
[1.468s] -- Up-to-date: /home/bizare/Desktop/cw2_team_14/install/cw1_world_spawner/include/cw1_world_spawner/cw1_world_spawner
[1.468s] -- Up-to-date: /home/bizare/Desktop/cw2_team_14/install/cw1_world_spawner/include/cw1_world_spawner/cw1_world_spawner/srv
[1.468s] -- Up-to-date: /home/bizare/Desktop/cw2_team_14/install/cw1_world_spawner/include/cw1_world_spawner/cw1_world_spawner/srv/detail
[1.468s] -- Up-to-date: /home/bizare/Desktop/cw2_team_14/install/cw1_world_spawner/include/cw1_world_spawner/cw1_world_spawner/srv/detail/task3_service__rosidl_typesupport_introspection_cpp.hpp
[1.468s] -- Up-to-date: /home/bizare/Desktop/cw2_team_14/install/cw1_world_spawner/include/cw1_world_spawner/cw1_world_spawner/srv/detail/task3_service__type_support.cpp
[1.468s] -- Up-to-date: /home/bizare/Desktop/cw2_team_14/install/cw1_world_spawner/include/cw1_world_spawner/cw1_world_spawner/srv/detail/task2_service__type_support.cpp
[1.468s] -- Up-to-date: /home/bizare/Desktop/cw2_team_14/install/cw1_world_spawner/include/cw1_world_spawner/cw1_world_spawner/srv/detail/task2_service__rosidl_typesupport_introspection_cpp.hpp
[1.468s] -- Up-to-date: /home/bizare/Desktop/cw2_team_14/install/cw1_world_spawner/include/cw1_world_spawner/cw1_world_spawner/srv/detail/task1_service__rosidl_typesupport_introspection_cpp.hpp
[1.469s] -- Up-to-date: /home/bizare/Desktop/cw2_team_14/install/cw1_world_spawner/include/cw1_world_spawner/cw1_world_spawner/srv/detail/task_setup__type_support.cpp
[1.469s] -- Up-to-date: /home/bizare/Desktop/cw2_team_14/install/cw1_world_spawner/include/cw1_world_spawner/cw1_world_spawner/srv/detail/task_setup__rosidl_typesupport_introspection_cpp.hpp
[1.469s] -- Up-to-date: /home/bizare/Desktop/cw2_team_14/install/cw1_world_spawner/include/cw1_world_spawner/cw1_world_spawner/srv/detail/task1_service__type_support.cpp
[1.469s] -- Up-to-date: /home/bizare/Desktop/cw2_team_14/install/cw1_world_spawner/lib/libcw1_world_spawner__rosidl_typesupport_introspection_cpp.so
[1.471s] -- Up-to-date: /home/bizare/Desktop/cw2_team_14/install/cw1_world_spawner/lib/libcw1_world_spawner__rosidl_typesupport_cpp.so
[1.472s] -- Up-to-date: /home/bizare/Desktop/cw2_team_14/install/cw1_world_spawner/share/cw1_world_spawner/environment/pythonpath.sh
[1.472s] -- Up-to-date: /home/bizare/Desktop/cw2_team_14/install/cw1_world_spawner/share/cw1_world_spawner/environment/pythonpath.dsv
[1.475s] -- Up-to-date: /home/bizare/Desktop/cw2_team_14/install/cw1_world_spawner/local/lib/python3.10/dist-packages/cw1_world_spawner-0.1.0-py3.10.egg-info
[1.475s] -- Installing: /home/bizare/Desktop/cw2_team_14/install/cw1_world_spawner/local/lib/python3.10/dist-packages/cw1_world_spawner-0.1.0-py3.10.egg-info/SOURCES.txt
[1.475s] -- Installing: /home/bizare/Desktop/cw2_team_14/install/cw1_world_spawner/local/lib/python3.10/dist-packages/cw1_world_spawner-0.1.0-py3.10.egg-info/dependency_links.txt
[1.475s] -- Installing: /home/bizare/Desktop/cw2_team_14/install/cw1_world_spawner/local/lib/python3.10/dist-packages/cw1_world_spawner-0.1.0-py3.10.egg-info/PKG-INFO
[1.475s] -- Installing: /home/bizare/Desktop/cw2_team_14/install/cw1_world_spawner/local/lib/python3.10/dist-packages/cw1_world_spawner-0.1.0-py3.10.egg-info/top_level.txt
[1.475s] -- Up-to-date: /home/bizare/Desktop/cw2_team_14/install/cw1_world_spawner/local/lib/python3.10/dist-packages/cw1_world_spawner
[1.475s] -- Up-to-date: /home/bizare/Desktop/cw2_team_14/install/cw1_world_spawner/local/lib/python3.10/dist-packages/cw1_world_spawner/libcw1_world_spawner__rosidl_generator_py.so
[1.476s] -- Up-to-date: /home/bizare/Desktop/cw2_team_14/install/cw1_world_spawner/local/lib/python3.10/dist-packages/cw1_world_spawner/cw1_world_spawner_s__rosidl_typesupport_c.cpython-310-x86_64-linux-gnu.so
[1.476s] -- Up-to-date: /home/bizare/Desktop/cw2_team_14/install/cw1_world_spawner/local/lib/python3.10/dist-packages/cw1_world_spawner/__init__.py
[1.476s] -- Up-to-date: /home/bizare/Desktop/cw2_team_14/install/cw1_world_spawner/local/lib/python3.10/dist-packages/cw1_world_spawner/_cw1_world_spawner_s.ep.rosidl_typesupport_fastrtps_c.c
[1.476s] -- Up-to-date: /home/bizare/Desktop/cw2_team_14/install/cw1_world_spawner/local/lib/python3.10/dist-packages/cw1_world_spawner/_cw1_world_spawner_s.ep.rosidl_typesupport_introspection_c.c
[1.476s] -- Up-to-date: /home/bizare/Desktop/cw2_team_14/install/cw1_world_spawner/local/lib/python3.10/dist-packages/cw1_world_spawner/cw1_world_spawner_s__rosidl_typesupport_introspection_c.cpython-310-x86_64-linux-gnu.so
[1.476s] -- Up-to-date: /home/bizare/Desktop/cw2_team_14/install/cw1_world_spawner/local/lib/python3.10/dist-packages/cw1_world_spawner/_cw1_world_spawner_s.ep.rosidl_typesupport_c.c
[1.476s] -- Up-to-date: /home/bizare/Desktop/cw2_team_14/install/cw1_world_spawner/local/lib/python3.10/dist-packages/cw1_world_spawner/cw1_world_spawner_s__rosidl_typesupport_fastrtps_c.cpython-310-x86_64-linux-gnu.so
[1.476s] -- Up-to-date: /home/bizare/Desktop/cw2_team_14/install/cw1_world_spawner/local/lib/python3.10/dist-packages/cw1_world_spawner/srv
[1.476s] -- Up-to-date: /home/bizare/Desktop/cw2_team_14/install/cw1_world_spawner/local/lib/python3.10/dist-packages/cw1_world_spawner/srv/_task3_service_s.c
[1.476s] -- Up-to-date: /home/bizare/Desktop/cw2_team_14/install/cw1_world_spawner/local/lib/python3.10/dist-packages/cw1_world_spawner/srv/_task1_service_s.c
[1.476s] -- Up-to-date: /home/bizare/Desktop/cw2_team_14/install/cw1_world_spawner/local/lib/python3.10/dist-packages/cw1_world_spawner/srv/__init__.py
[1.476s] -- Up-to-date: /home/bizare/Desktop/cw2_team_14/install/cw1_world_spawner/local/lib/python3.10/dist-packages/cw1_world_spawner/srv/_task_setup_s.c
[1.476s] -- Up-to-date: /home/bizare/Desktop/cw2_team_14/install/cw1_world_spawner/local/lib/python3.10/dist-packages/cw1_world_spawner/srv/_task2_service_s.c
[1.476s] -- Up-to-date: /home/bizare/Desktop/cw2_team_14/install/cw1_world_spawner/local/lib/python3.10/dist-packages/cw1_world_spawner/srv/_task_setup.py
[1.476s] -- Up-to-date: /home/bizare/Desktop/cw2_team_14/install/cw1_world_spawner/local/lib/python3.10/dist-packages/cw1_world_spawner/srv/_task2_service.py
[1.476s] -- Up-to-date: /home/bizare/Desktop/cw2_team_14/install/cw1_world_spawner/local/lib/python3.10/dist-packages/cw1_world_spawner/srv/_task1_service.py
[1.476s] -- Up-to-date: /home/bizare/Desktop/cw2_team_14/install/cw1_world_spawner/local/lib/python3.10/dist-packages/cw1_world_spawner/srv/_task3_service.py
[1.587s] Listing '/home/bizare/Desktop/cw2_team_14/install/cw1_world_spawner/local/lib/python3.10/dist-packages/cw1_world_spawner'...
[1.587s] Listing '/home/bizare/Desktop/cw2_team_14/install/cw1_world_spawner/local/lib/python3.10/dist-packages/cw1_world_spawner/srv'...
[1.608s] -- Up-to-date: /home/bizare/Desktop/cw2_team_14/install/cw1_world_spawner/local/lib/python3.10/dist-packages/cw1_world_spawner/cw1_world_spawner_s__rosidl_typesupport_fastrtps_c.cpython-310-x86_64-linux-gnu.so
[1.610s] -- Up-to-date: /home/bizare/Desktop/cw2_team_14/install/cw1_world_spawner/local/lib/python3.10/dist-packages/cw1_world_spawner/cw1_world_spawner_s__rosidl_typesupport_introspection_c.cpython-310-x86_64-linux-gnu.so
[1.614s] -- Up-to-date: /home/bizare/Desktop/cw2_team_14/install/cw1_world_spawner/local/lib/python3.10/dist-packages/cw1_world_spawner/cw1_world_spawner_s__rosidl_typesupport_c.cpython-310-x86_64-linux-gnu.so
[1.615s] -- Up-to-date: /home/bizare/Desktop/cw2_team_14/install/cw1_world_spawner/lib/libcw1_world_spawner__rosidl_generator_py.so
[1.616s] -- Up-to-date: /home/bizare/Desktop/cw2_team_14/install/cw1_world_spawner/share/cw1_world_spawner/srv/TaskSetup.idl
[1.616s] -- Up-to-date: /home/bizare/Desktop/cw2_team_14/install/cw1_world_spawner/share/cw1_world_spawner/srv/Task1Service.idl
[1.616s] -- Up-to-date: /home/bizare/Desktop/cw2_team_14/install/cw1_world_spawner/share/cw1_world_spawner/srv/Task2Service.idl
[1.616s] -- Up-to-date: /home/bizare/Desktop/cw2_team_14/install/cw1_world_spawner/share/cw1_world_spawner/srv/Task3Service.idl
[1.616s] -- Up-to-date: /home/bizare/Desktop/cw2_team_14/install/cw1_world_spawner/share/cw1_world_spawner/srv/TaskSetup.srv
[1.617s] -- Up-to-date: /home/bizare/Desktop/cw2_team_14/install/cw1_world_spawner/share/cw1_world_spawner/srv/TaskSetup_Request.msg
[1.617s] -- Up-to-date: /home/bizare/Desktop/cw2_team_14/install/cw1_world_spawner/share/cw1_world_spawner/srv/TaskSetup_Response.msg
[1.617s] -- Up-to-date: /home/bizare/Desktop/cw2_team_14/install/cw1_world_spawner/share/cw1_world_spawner/srv/Task1Service.srv
[1.617s] -- Up-to-date: /home/bizare/Desktop/cw2_team_14/install/cw1_world_spawner/share/cw1_world_spawner/srv/Task1Service_Request.msg
[1.617s] -- Up-to-date: /home/bizare/Desktop/cw2_team_14/install/cw1_world_spawner/share/cw1_world_spawner/srv/Task1Service_Response.msg
[1.617s] -- Up-to-date: /home/bizare/Desktop/cw2_team_14/install/cw1_world_spawner/share/cw1_world_spawner/srv/Task2Service.srv
[1.617s] -- Up-to-date: /home/bizare/Desktop/cw2_team_14/install/cw1_world_spawner/share/cw1_world_spawner/srv/Task2Service_Request.msg
[1.618s] -- Up-to-date: /home/bizare/Desktop/cw2_team_14/install/cw1_world_spawner/share/cw1_world_spawner/srv/Task2Service_Response.msg
[1.618s] -- Up-to-date: /home/bizare/Desktop/cw2_team_14/install/cw1_world_spawner/share/cw1_world_spawner/srv/Task3Service.srv
[1.618s] -- Up-to-date: /home/bizare/Desktop/cw2_team_14/install/cw1_world_spawner/share/cw1_world_spawner/srv/Task3Service_Request.msg
[1.618s] -- Up-to-date: /home/bizare/Desktop/cw2_team_14/install/cw1_world_spawner/share/cw1_world_spawner/srv/Task3Service_Response.msg
[1.618s] -- Up-to-date: /home/bizare/Desktop/cw2_team_14/install/cw1_world_spawner/local/lib/python3.10/dist-packages/coursework_world_spawner_lib-0.1.0-py3.10.egg-info
[1.618s] -- Installing: /home/bizare/Desktop/cw2_team_14/install/cw1_world_spawner/local/lib/python3.10/dist-packages/coursework_world_spawner_lib-0.1.0-py3.10.egg-info/SOURCES.txt
[1.619s] -- Installing: /home/bizare/Desktop/cw2_team_14/install/cw1_world_spawner/local/lib/python3.10/dist-packages/coursework_world_spawner_lib-0.1.0-py3.10.egg-info/dependency_links.txt
[1.619s] -- Installing: /home/bizare/Desktop/cw2_team_14/install/cw1_world_spawner/local/lib/python3.10/dist-packages/coursework_world_spawner_lib-0.1.0-py3.10.egg-info/PKG-INFO
[1.619s] -- Installing: /home/bizare/Desktop/cw2_team_14/install/cw1_world_spawner/local/lib/python3.10/dist-packages/coursework_world_spawner_lib-0.1.0-py3.10.egg-info/top_level.txt
[1.619s] -- Up-to-date: /home/bizare/Desktop/cw2_team_14/install/cw1_world_spawner/local/lib/python3.10/dist-packages/coursework_world_spawner_lib
[1.620s] -- Up-to-date: /home/bizare/Desktop/cw2_team_14/install/cw1_world_spawner/local/lib/python3.10/dist-packages/coursework_world_spawner_lib/__init__.py
[1.620s] -- Up-to-date: /home/bizare/Desktop/cw2_team_14/install/cw1_world_spawner/local/lib/python3.10/dist-packages/coursework_world_spawner_lib/coursework_world_spawner.py
[1.671s] Listing '/home/bizare/Desktop/cw2_team_14/install/cw1_world_spawner/local/lib/python3.10/dist-packages/coursework_world_spawner_lib'...
[1.678s] -- Up-to-date: /home/bizare/Desktop/cw2_team_14/install/cw1_world_spawner/lib/cw1_world_spawner/world_spawner.py
[1.678s] -- Up-to-date: /home/bizare/Desktop/cw2_team_14/install/cw1_world_spawner/lib/cw1_world_spawner/test_coursework.py
[1.678s] -- Up-to-date: /home/bizare/Desktop/cw2_team_14/install/cw1_world_spawner/share/cw1_world_spawner/models
[1.678s] -- Up-to-date: /home/bizare/Desktop/cw2_team_14/install/cw1_world_spawner/share/cw1_world_spawner/models/basket_blue
[1.681s] -- Up-to-date: /home/bizare/Desktop/cw2_team_14/install/cw1_world_spawner/share/cw1_world_spawner/models/basket_blue/model.config
[1.681s] -- Up-to-date: /home/bizare/Desktop/cw2_team_14/install/cw1_world_spawner/share/cw1_world_spawner/models/basket_blue/model.sdf.xmacro
[1.682s] -- Up-to-date: /home/bizare/Desktop/cw2_team_14/install/cw1_world_spawner/share/cw1_world_spawner/models/basket_blue/model.sdf
[1.682s] -- Up-to-date: /home/bizare/Desktop/cw2_team_14/install/cw1_world_spawner/share/cw1_world_spawner/models/all_tiles
[1.682s] -- Up-to-date: /home/bizare/Desktop/cw2_team_14/install/cw1_world_spawner/share/cw1_world_spawner/models/all_tiles/model.config
[1.682s] -- Up-to-date: /home/bizare/Desktop/cw2_team_14/install/cw1_world_spawner/share/cw1_world_spawner/models/all_tiles/model.sdf.xmacro
[1.682s] -- Up-to-date: /home/bizare/Desktop/cw2_team_14/install/cw1_world_spawner/share/cw1_world_spawner/models/all_tiles/model.sdf
[1.682s] -- Up-to-date: /home/bizare/Desktop/cw2_team_14/install/cw1_world_spawner/share/cw1_world_spawner/models/basket_purple
[1.682s] -- Up-to-date: /home/bizare/Desktop/cw2_team_14/install/cw1_world_spawner/share/cw1_world_spawner/models/basket_purple/model.config
[1.682s] -- Up-to-date: /home/bizare/Desktop/cw2_team_14/install/cw1_world_spawner/share/cw1_world_spawner/models/basket_purple/model.sdf.xmacro
[1.682s] -- Up-to-date: /home/bizare/Desktop/cw2_team_14/install/cw1_world_spawner/share/cw1_world_spawner/models/basket_purple/model.sdf
[1.682s] -- Up-to-date: /home/bizare/Desktop/cw2_team_14/install/cw1_world_spawner/share/cw1_world_spawner/models/box
[1.682s] -- Up-to-date: /home/bizare/Desktop/cw2_team_14/install/cw1_world_spawner/share/cw1_world_spawner/models/box/model.config
[1.682s] -- Up-to-date: /home/bizare/Desktop/cw2_team_14/install/cw1_world_spawner/share/cw1_world_spawner/models/box/model.sdf
[1.682s] -- Up-to-date: /home/bizare/Desktop/cw2_team_14/install/cw1_world_spawner/share/cw1_world_spawner/models/basket
[1.682s] -- Up-to-date: /home/bizare/Desktop/cw2_team_14/install/cw1_world_spawner/share/cw1_world_spawner/models/basket/model.config
[1.682s] -- Up-to-date: /home/bizare/Desktop/cw2_team_14/install/cw1_world_spawner/share/cw1_world_spawner/models/basket/model.sdf.xmacro
[1.682s] -- Up-to-date: /home/bizare/Desktop/cw2_team_14/install/cw1_world_spawner/share/cw1_world_spawner/models/basket/model.sdf
[1.682s] -- Up-to-date: /home/bizare/Desktop/cw2_team_14/install/cw1_world_spawner/share/cw1_world_spawner/models/box_blue
[1.682s] -- Up-to-date: /home/bizare/Desktop/cw2_team_14/install/cw1_world_spawner/share/cw1_world_spawner/models/box_blue/model.config
[1.682s] -- Up-to-date: /home/bizare/Desktop/cw2_team_14/install/cw1_world_spawner/share/cw1_world_spawner/models/box_blue/model.sdf
[1.682s] -- Up-to-date: /home/bizare/Desktop/cw2_team_14/install/cw1_world_spawner/share/cw1_world_spawner/models/basket_red
[1.682s] -- Up-to-date: /home/bizare/Desktop/cw2_team_14/install/cw1_world_spawner/share/cw1_world_spawner/models/basket_red/model.config
[1.683s] -- Up-to-date: /home/bizare/Desktop/cw2_team_14/install/cw1_world_spawner/share/cw1_world_spawner/models/basket_red/model.sdf.xmacro
[1.683s] -- Up-to-date: /home/bizare/Desktop/cw2_team_14/install/cw1_world_spawner/share/cw1_world_spawner/models/basket_red/model.sdf
[1.683s] -- Up-to-date: /home/bizare/Desktop/cw2_team_14/install/cw1_world_spawner/share/cw1_world_spawner/models/object-golf-tile
[1.683s] -- Up-to-date: /home/bizare/Desktop/cw2_team_14/install/cw1_world_spawner/share/cw1_world_spawner/models/object-golf-tile/model.config
[1.683s] -- Up-to-date: /home/bizare/Desktop/cw2_team_14/install/cw1_world_spawner/share/cw1_world_spawner/models/object-golf-tile/model.sdf
[1.683s] -- Up-to-date: /home/bizare/Desktop/cw2_team_14/install/cw1_world_spawner/share/cw1_world_spawner/models/box_red
[1.683s] -- Up-to-date: /home/bizare/Desktop/cw2_team_14/install/cw1_world_spawner/share/cw1_world_spawner/models/box_red/model.config
[1.683s] -- Up-to-date: /home/bizare/Desktop/cw2_team_14/install/cw1_world_spawner/share/cw1_world_spawner/models/box_red/model.sdf
[1.688s] -- Up-to-date: /home/bizare/Desktop/cw2_team_14/install/cw1_world_spawner/share/cw1_world_spawner/models/box_purple
[1.688s] -- Up-to-date: /home/bizare/Desktop/cw2_team_14/install/cw1_world_spawner/share/cw1_world_spawner/models/box_purple/model.config
[1.688s] -- Up-to-date: /home/bizare/Desktop/cw2_team_14/install/cw1_world_spawner/share/cw1_world_spawner/models/box_purple/model.sdf
[1.688s] -- Up-to-date: /home/bizare/Desktop/cw2_team_14/install/cw1_world_spawner/share/cw1_world_spawner/launch
[1.688s] -- Up-to-date: /home/bizare/Desktop/cw2_team_14/install/cw1_world_spawner/share/cw1_world_spawner/launch/world_spawner.launch.py
[1.688s] -- Up-to-date: /home/bizare/Desktop/cw2_team_14/install/cw1_world_spawner/share/cw1_world_spawner/launch/test_coursework.launch.py
[1.688s] -- Up-to-date: /home/bizare/Desktop/cw2_team_14/install/cw1_world_spawner/share/ament_index/resource_index/package_run_dependencies/cw1_world_spawner
[1.688s] -- Up-to-date: /home/bizare/Desktop/cw2_team_14/install/cw1_world_spawner/share/ament_index/resource_index/parent_prefix_path/cw1_world_spawner
[1.688s] -- Up-to-date: /home/bizare/Desktop/cw2_team_14/install/cw1_world_spawner/share/cw1_world_spawner/environment/ament_prefix_path.sh
[1.688s] -- Up-to-date: /home/bizare/Desktop/cw2_team_14/install/cw1_world_spawner/share/cw1_world_spawner/environment/ament_prefix_path.dsv
[1.688s] -- Up-to-date: /home/bizare/Desktop/cw2_team_14/install/cw1_world_spawner/share/cw1_world_spawner/environment/path.sh
[1.688s] -- Up-to-date: /home/bizare/Desktop/cw2_team_14/install/cw1_world_spawner/share/cw1_world_spawner/environment/path.dsv
[1.688s] -- Up-to-date: /home/bizare/Desktop/cw2_team_14/install/cw1_world_spawner/share/cw1_world_spawner/local_setup.bash
[1.689s] -- Up-to-date: /home/bizare/Desktop/cw2_team_14/install/cw1_world_spawner/share/cw1_world_spawner/local_setup.sh
[1.691s] -- Up-to-date: /home/bizare/Desktop/cw2_team_14/install/cw1_world_spawner/share/cw1_world_spawner/local_setup.zsh
[1.691s] -- Up-to-date: /home/bizare/Desktop/cw2_team_14/install/cw1_world_spawner/share/cw1_world_spawner/local_setup.dsv
[1.691s] -- Installing: /home/bizare/Desktop/cw2_team_14/install/cw1_world_spawner/share/cw1_world_spawner/package.dsv
[1.691s] -- Up-to-date: /home/bizare/Desktop/cw2_team_14/install/cw1_world_spawner/share/ament_index/resource_index/packages/cw1_world_spawner
[1.691s] -- Up-to-date: /home/bizare/Desktop/cw2_team_14/install/cw1_world_spawner/share/cw1_world_spawner/cmake/export_cw1_world_spawner__rosidl_generator_cExport.cmake
[1.691s] -- Up-to-date: /home/bizare/Desktop/cw2_team_14/install/cw1_world_spawner/share/cw1_world_spawner/cmake/export_cw1_world_spawner__rosidl_generator_cExport-noconfig.cmake
[1.691s] -- Up-to-date: /home/bizare/Desktop/cw2_team_14/install/cw1_world_spawner/share/cw1_world_spawner/cmake/export_cw1_world_spawner__rosidl_typesupport_fastrtps_cExport.cmake
[1.691s] -- Up-to-date: /home/bizare/Desktop/cw2_team_14/install/cw1_world_spawner/share/cw1_world_spawner/cmake/export_cw1_world_spawner__rosidl_typesupport_fastrtps_cExport-noconfig.cmake
[1.692s] -- Up-to-date: /home/bizare/Desktop/cw2_team_14/install/cw1_world_spawner/share/cw1_world_spawner/cmake/cw1_world_spawner__rosidl_typesupport_introspection_cExport.cmake
[1.692s] -- Up-to-date: /home/bizare/Desktop/cw2_team_14/install/cw1_world_spawner/share/cw1_world_spawner/cmake/cw1_world_spawner__rosidl_typesupport_introspection_cExport-noconfig.cmake
[1.694s] -- Up-to-date: /home/bizare/Desktop/cw2_team_14/install/cw1_world_spawner/share/cw1_world_spawner/cmake/cw1_world_spawner__rosidl_typesupport_cExport.cmake
[1.694s] -- Up-to-date: /home/bizare/Desktop/cw2_team_14/install/cw1_world_spawner/share/cw1_world_spawner/cmake/cw1_world_spawner__rosidl_typesupport_cExport-noconfig.cmake
[1.694s] -- Up-to-date: /home/bizare/Desktop/cw2_team_14/install/cw1_world_spawner/share/cw1_world_spawner/cmake/export_cw1_world_spawner__rosidl_generator_cppExport.cmake
[1.694s] -- Up-to-date: /home/bizare/Desktop/cw2_team_14/install/cw1_world_spawner/share/cw1_world_spawner/cmake/export_cw1_world_spawner__rosidl_typesupport_fastrtps_cppExport.cmake
[1.694s] -- Up-to-date: /home/bizare/Desktop/cw2_team_14/install/cw1_world_spawner/share/cw1_world_spawner/cmake/export_cw1_world_spawner__rosidl_typesupport_fastrtps_cppExport-noconfig.cmake
[1.695s] -- Up-to-date: /home/bizare/Desktop/cw2_team_14/install/cw1_world_spawner/share/cw1_world_spawner/cmake/cw1_world_spawner__rosidl_typesupport_introspection_cppExport.cmake
[1.695s] -- Up-to-date: /home/bizare/Desktop/cw2_team_14/install/cw1_world_spawner/share/cw1_world_spawner/cmake/cw1_world_spawner__rosidl_typesupport_introspection_cppExport-noconfig.cmake
[1.695s] -- Up-to-date: /home/bizare/Desktop/cw2_team_14/install/cw1_world_spawner/share/cw1_world_spawner/cmake/cw1_world_spawner__rosidl_typesupport_cppExport.cmake
[1.696s] -- Up-to-date: /home/bizare/Desktop/cw2_team_14/install/cw1_world_spawner/share/cw1_world_spawner/cmake/cw1_world_spawner__rosidl_typesupport_cppExport-noconfig.cmake
[1.700s] -- Up-to-date: /home/bizare/Desktop/cw2_team_14/install/cw1_world_spawner/share/cw1_world_spawner/cmake/export_cw1_world_spawner__rosidl_generator_pyExport.cmake
[1.700s] -- Up-to-date: /home/bizare/Desktop/cw2_team_14/install/cw1_world_spawner/share/cw1_world_spawner/cmake/export_cw1_world_spawner__rosidl_generator_pyExport-noconfig.cmake
[1.700s] -- Up-to-date: /home/bizare/Desktop/cw2_team_14/install/cw1_world_spawner/share/cw1_world_spawner/cmake/rosidl_cmake-extras.cmake
[1.700s] -- Up-to-date: /home/bizare/Desktop/cw2_team_14/install/cw1_world_spawner/share/cw1_world_spawner/cmake/ament_cmake_export_dependencies-extras.cmake
[1.700s] -- Up-to-date: /home/bizare/Desktop/cw2_team_14/install/cw1_world_spawner/share/cw1_world_spawner/cmake/ament_cmake_export_include_directories-extras.cmake
[1.700s] -- Up-to-date: /home/bizare/Desktop/cw2_team_14/install/cw1_world_spawner/share/cw1_world_spawner/cmake/ament_cmake_export_libraries-extras.cmake
[1.700s] -- Up-to-date: /home/bizare/Desktop/cw2_team_14/install/cw1_world_spawner/share/cw1_world_spawner/cmake/ament_cmake_export_targets-extras.cmake
[1.700s] -- Up-to-date: /home/bizare/Desktop/cw2_team_14/install/cw1_world_spawner/share/cw1_world_spawner/cmake/rosidl_cmake_export_typesupport_targets-extras.cmake
[1.701s] -- Up-to-date: /home/bizare/Desktop/cw2_team_14/install/cw1_world_spawner/share/cw1_world_spawner/cmake/rosidl_cmake_export_typesupport_libraries-extras.cmake
[1.701s] -- Up-to-date: /home/bizare/Desktop/cw2_team_14/install/cw1_world_spawner/share/cw1_world_spawner/cmake/cw1_world_spawnerConfig.cmake
[1.701s] -- Up-to-date: /home/bizare/Desktop/cw2_team_14/install/cw1_world_spawner/share/cw1_world_spawner/cmake/cw1_world_spawnerConfig-version.cmake
[1.701s] -- Up-to-date: /home/bizare/Desktop/cw2_team_14/install/cw1_world_spawner/share/cw1_world_spawner/package.xml
[1.712s] Invoked command in '/home/bizare/Desktop/cw2_team_14/build/cw1_world_spawner' returned '0': CMAKE_PREFIX_PATH=${CMAKE_PREFIX_PATH}:/opt/ros/humble /usr/bin/cmake --install /home/bizare/Desktop/cw2_team_14/build/cw1_world_spawner
