[0.053s] Invoking command in '/home/czg22/comp0250_s26_labs/build/cw2_world_spawner': CMAKE_PREFIX_PATH=${CMAKE_PREFIX_PATH}:/home/czg22/ws_moveit2/install/moveit_configs_utils:/home/czg22/ws_moveit2/install/launch_param_builder:/opt/ros/humble /usr/bin/cmake /home/czg22/comp0250_s26_labs/src/courseworks/cw2_world_spawner -DCMAKE_INSTALL_PREFIX=/home/czg22/comp0250_s26_labs/install/cw2_world_spawner
[0.140s] -- The C compiler identification is GNU 11.4.0
[0.304s] -- The CXX compiler identification is GNU 11.4.0
[0.392s] -- Detecting C compiler ABI info
[0.515s] -- Detecting C compiler ABI info - done
[0.520s] -- Check for working C compiler: /usr/bin/cc - skipped
[0.520s] -- Detecting C compile features
[0.520s] -- Detecting C compile features - done
[0.522s] -- Detecting CXX compiler ABI info
[0.642s] -- Detecting CXX compiler ABI info - done
[0.646s] -- Check for working CXX compiler: /usr/bin/c++ - skipped
[0.647s] -- Detecting CXX compile features
[0.647s] -- Detecting CXX compile features - done
[0.656s] -- Found ament_cmake: 1.3.13 (/opt/ros/humble/share/ament_cmake/cmake)
[0.799s] -- Found Python3: /usr/bin/python3 (found version "3.10.12") found components: Interpreter 
[0.958s] -- Found rosidl_default_generators: 1.2.0 (/opt/ros/humble/share/rosidl_default_generators/cmake)
[0.971s] -- Using all available rosidl_typesupport_c: rosidl_typesupport_fastrtps_c;rosidl_typesupport_introspection_c
[0.993s] -- Found rosidl_adapter: 3.1.8 (/opt/ros/humble/share/rosidl_adapter/cmake)
[1.143s] -- Using all available rosidl_typesupport_cpp: rosidl_typesupport_fastrtps_cpp;rosidl_typesupport_introspection_cpp
[1.200s] -- Found geometry_msgs: 4.9.1 (/opt/ros/humble/share/geometry_msgs/cmake)
[1.483s] -- Found ament_cmake_ros: 0.10.0 (/opt/ros/humble/share/ament_cmake_ros/cmake)
[1.692s] -- Using all available rosidl_typesupport_c: rosidl_typesupport_fastrtps_c;rosidl_typesupport_introspection_c
[1.953s] -- Using all available rosidl_typesupport_cpp: rosidl_typesupport_fastrtps_cpp;rosidl_typesupport_introspection_cpp
[2.006s] -- Found PythonInterp: /usr/bin/python3 (found suitable version "3.10.12", minimum required is "3.6") 
[2.014s] -- Found python_cmake_module: 0.10.0 (/opt/ros/humble/share/python_cmake_module/cmake)
[2.125s] -- Found PythonLibs: /usr/lib/x86_64-linux-gnu/libpython3.10.so (found suitable version "3.10.12", minimum required is "3.5") 
[2.125s] -- Using PYTHON_EXECUTABLE: /usr/bin/python3
[2.125s] -- Using PYTHON_INCLUDE_DIRS: /usr/include/python3.10
[2.125s] -- Using PYTHON_LIBRARIES: /usr/lib/x86_64-linux-gnu/libpython3.10.so
[2.143s] -- Found PythonExtra: .so  
[2.229s] -- Found ament_lint_auto: 0.12.15 (/opt/ros/humble/share/ament_lint_auto/cmake)
[2.294s] -- Added test 'flake8' to check Python code syntax and style conventions
[2.297s] -- Added test 'lint_cmake' to check CMake code style
[2.299s] -- Added test 'pep257' to check Python code against some of the docstring style conventions in PEP 257
[2.307s] -- Added test 'xmllint' to check XML markup files
[2.311s] -- Configuring done
[2.371s] -- Generating done
[2.381s] -- Build files have been written to: /home/czg22/comp0250_s26_labs/build/cw2_world_spawner
[2.391s] Invoked command in '/home/czg22/comp0250_s26_labs/build/cw2_world_spawner' returned '0': CMAKE_PREFIX_PATH=${CMAKE_PREFIX_PATH}:/home/czg22/ws_moveit2/install/moveit_configs_utils:/home/czg22/ws_moveit2/install/launch_param_builder:/opt/ros/humble /usr/bin/cmake /home/czg22/comp0250_s26_labs/src/courseworks/cw2_world_spawner -DCMAKE_INSTALL_PREFIX=/home/czg22/comp0250_s26_labs/install/cw2_world_spawner
[2.392s] Invoking command in '/home/czg22/comp0250_s26_labs/build/cw2_world_spawner': CMAKE_PREFIX_PATH=${CMAKE_PREFIX_PATH}:/home/czg22/ws_moveit2/install/moveit_configs_utils:/home/czg22/ws_moveit2/install/launch_param_builder:/opt/ros/humble /usr/bin/cmake --build /home/czg22/comp0250_s26_labs/build/cw2_world_spawner -- -j32 -l32
[2.456s] [  1%] [34m[1mGenerating C code for ROS interfaces[0m
[2.474s] [  3%] [34m[1mGenerating C++ code for ROS interfaces[0m
[2.487s] [  3%] Built target ament_cmake_python_copy_cw2_world_spawner_lib
[2.489s] [  3%] Built target ament_cmake_python_copy_cw2_world_spawner
[2.695s] running egg_info
[2.696s] creating cw2_world_spawner_lib.egg-info
[2.696s] writing cw2_world_spawner_lib.egg-info/PKG-INFO
[2.696s] writing dependency_links to cw2_world_spawner_lib.egg-info/dependency_links.txt
[2.696s] writing top-level names to cw2_world_spawner_lib.egg-info/top_level.txt
[2.697s] writing manifest file 'cw2_world_spawner_lib.egg-info/SOURCES.txt'
[2.698s] reading manifest file 'cw2_world_spawner_lib.egg-info/SOURCES.txt'
[2.698s] writing manifest file 'cw2_world_spawner_lib.egg-info/SOURCES.txt'
[2.699s] running egg_info
[2.700s] creating cw2_world_spawner.egg-info
[2.700s] writing cw2_world_spawner.egg-info/PKG-INFO
[2.701s] writing dependency_links to cw2_world_spawner.egg-info/dependency_links.txt
[2.701s] writing top-level names to cw2_world_spawner.egg-info/top_level.txt
[2.701s] writing manifest file 'cw2_world_spawner.egg-info/SOURCES.txt'
[2.702s] reading manifest file 'cw2_world_spawner.egg-info/SOURCES.txt'
[2.703s] writing manifest file 'cw2_world_spawner.egg-info/SOURCES.txt'
[2.734s] [  3%] Built target ament_cmake_python_build_cw2_world_spawner_lib_egg
[2.736s] [  3%] Built target ament_cmake_python_build_cw2_world_spawner_egg
[2.856s] [  5%] [32mBuilding C object CMakeFiles/cw2_world_spawner__rosidl_generator_c.dir/rosidl_generator_c/cw2_world_spawner/srv/detail/task3_service__functions.c.o[0m
[2.856s] [  7%] [32mBuilding C object CMakeFiles/cw2_world_spawner__rosidl_generator_c.dir/rosidl_generator_c/cw2_world_spawner/srv/detail/task1_service__functions.c.o[0m
[2.857s] [  9%] [32mBuilding C object CMakeFiles/cw2_world_spawner__rosidl_generator_c.dir/rosidl_generator_c/cw2_world_spawner/srv/detail/task2_service__functions.c.o[0m
[2.863s] [  9%] Built target cw2_world_spawner__cpp
[2.864s] [ 10%] [32mBuilding C object CMakeFiles/cw2_world_spawner__rosidl_generator_c.dir/rosidl_generator_c/cw2_world_spawner/srv/detail/task_setup__functions.c.o[0m
[2.884s] [ 14%] [34m[1mGenerating C++ type support dispatch for ROS interfaces[0m
[2.884s] [ 14%] [34m[1mGenerating C++ introspection for ROS interfaces[0m
[2.884s] [ 16%] [34m[1mGenerating C++ type support for eProsima Fast-RTPS[0m
[2.929s] [ 18%] [32m[1mLinking C shared library libcw2_world_spawner__rosidl_generator_c.so[0m
[3.006s] [ 18%] Built target cw2_world_spawner__rosidl_generator_c
[3.028s] [ 20%] [34m[1mGenerating C type support dispatch for ROS interfaces[0m
[3.028s] [ 21%] [34m[1mGenerating C introspection for ROS interfaces[0m
[3.031s] [ 23%] [34m[1mGenerating C type support for eProsima Fast-RTPS[0m
[3.209s] [ 25%] [32mBuilding CXX object CMakeFiles/cw2_world_spawner__rosidl_typesupport_cpp.dir/rosidl_typesupport_cpp/cw2_world_spawner/srv/task_setup__type_support.cpp.o[0m
[3.210s] [ 27%] [32mBuilding CXX object CMakeFiles/cw2_world_spawner__rosidl_typesupport_cpp.dir/rosidl_typesupport_cpp/cw2_world_spawner/srv/task2_service__type_support.cpp.o[0m
[3.211s] [ 29%] [32mBuilding CXX object CMakeFiles/cw2_world_spawner__rosidl_typesupport_cpp.dir/rosidl_typesupport_cpp/cw2_world_spawner/srv/task1_service__type_support.cpp.o[0m
[3.216s] [ 30%] [32mBuilding CXX object CMakeFiles/cw2_world_spawner__rosidl_typesupport_cpp.dir/rosidl_typesupport_cpp/cw2_world_spawner/srv/task3_service__type_support.cpp.o[0m
[3.234s] [ 36%] [32mBuilding CXX object CMakeFiles/cw2_world_spawner__rosidl_typesupport_introspection_cpp.dir/rosidl_typesupport_introspection_cpp/cw2_world_spawner/srv/detail/task_setup__type_support.cpp.o[0m
[3.234s] [ 36%] [32mBuilding CXX object CMakeFiles/cw2_world_spawner__rosidl_typesupport_introspection_cpp.dir/rosidl_typesupport_introspection_cpp/cw2_world_spawner/srv/detail/task2_service__type_support.cpp.o[0m
[3.234s] [ 36%] [32mBuilding CXX object CMakeFiles/cw2_world_spawner__rosidl_typesupport_introspection_cpp.dir/rosidl_typesupport_introspection_cpp/cw2_world_spawner/srv/detail/task1_service__type_support.cpp.o[0m
[3.235s] [ 38%] [32mBuilding CXX object CMakeFiles/cw2_world_spawner__rosidl_typesupport_introspection_cpp.dir/rosidl_typesupport_introspection_cpp/cw2_world_spawner/srv/detail/task3_service__type_support.cpp.o[0m
[3.316s] [ 43%] [32mBuilding CXX object CMakeFiles/cw2_world_spawner__rosidl_typesupport_fastrtps_cpp.dir/rosidl_typesupport_fastrtps_cpp/cw2_world_spawner/srv/detail/dds_fastrtps/task1_service__type_support.cpp.o[0m
[3.316s] [ 43%] [32mBuilding CXX object CMakeFiles/cw2_world_spawner__rosidl_typesupport_fastrtps_cpp.dir/rosidl_typesupport_fastrtps_cpp/cw2_world_spawner/srv/detail/dds_fastrtps/task2_service__type_support.cpp.o[0m
[3.317s] [ 43%] [32mBuilding CXX object CMakeFiles/cw2_world_spawner__rosidl_typesupport_fastrtps_cpp.dir/rosidl_typesupport_fastrtps_cpp/cw2_world_spawner/srv/detail/dds_fastrtps/task_setup__type_support.cpp.o[0m
[3.318s] [ 45%] [32mBuilding CXX object CMakeFiles/cw2_world_spawner__rosidl_typesupport_fastrtps_cpp.dir/rosidl_typesupport_fastrtps_cpp/cw2_world_spawner/srv/detail/dds_fastrtps/task3_service__type_support.cpp.o[0m
[3.488s] [ 47%] [32mBuilding CXX object CMakeFiles/cw2_world_spawner__rosidl_typesupport_c.dir/rosidl_typesupport_c/cw2_world_spawner/srv/task_setup__type_support.cpp.o[0m
[3.505s] [ 49%] [32mBuilding CXX object CMakeFiles/cw2_world_spawner__rosidl_typesupport_c.dir/rosidl_typesupport_c/cw2_world_spawner/srv/task1_service__type_support.cpp.o[0m
[3.513s] [ 50%] [32mBuilding CXX object CMakeFiles/cw2_world_spawner__rosidl_typesupport_c.dir/rosidl_typesupport_c/cw2_world_spawner/srv/task2_service__type_support.cpp.o[0m
[3.516s] [ 52%] [32mBuilding CXX object CMakeFiles/cw2_world_spawner__rosidl_typesupport_c.dir/rosidl_typesupport_c/cw2_world_spawner/srv/task3_service__type_support.cpp.o[0m
[3.544s] [ 54%] [32mBuilding C object CMakeFiles/cw2_world_spawner__rosidl_typesupport_introspection_c.dir/rosidl_typesupport_introspection_c/cw2_world_spawner/srv/detail/task1_service__type_support.c.o[0m
[3.555s] [ 56%] [32mBuilding C object CMakeFiles/cw2_world_spawner__rosidl_typesupport_introspection_c.dir/rosidl_typesupport_introspection_c/cw2_world_spawner/srv/detail/task3_service__type_support.c.o[0m
[3.561s] [ 58%] [32mBuilding C object CMakeFiles/cw2_world_spawner__rosidl_typesupport_introspection_c.dir/rosidl_typesupport_introspection_c/cw2_world_spawner/srv/detail/task2_service__type_support.c.o[0m
[3.569s] [ 60%] [32mBuilding C object CMakeFiles/cw2_world_spawner__rosidl_typesupport_introspection_c.dir/rosidl_typesupport_introspection_c/cw2_world_spawner/srv/detail/task_setup__type_support.c.o[0m
[3.583s] [ 61%] [32mBuilding CXX object CMakeFiles/cw2_world_spawner__rosidl_typesupport_fastrtps_c.dir/rosidl_typesupport_fastrtps_c/cw2_world_spawner/srv/detail/task1_service__type_support_c.cpp.o[0m
[3.583s] [ 63%] [32mBuilding CXX object CMakeFiles/cw2_world_spawner__rosidl_typesupport_fastrtps_c.dir/rosidl_typesupport_fastrtps_c/cw2_world_spawner/srv/detail/task2_service__type_support_c.cpp.o[0m
[3.583s] [ 65%] [32mBuilding CXX object CMakeFiles/cw2_world_spawner__rosidl_typesupport_fastrtps_c.dir/rosidl_typesupport_fastrtps_c/cw2_world_spawner/srv/detail/task_setup__type_support_c.cpp.o[0m
[3.585s] [ 67%] [32mBuilding CXX object CMakeFiles/cw2_world_spawner__rosidl_typesupport_fastrtps_c.dir/rosidl_typesupport_fastrtps_c/cw2_world_spawner/srv/detail/task3_service__type_support_c.cpp.o[0m
[3.610s] [ 69%] [32m[1mLinking CXX shared library libcw2_world_spawner__rosidl_typesupport_cpp.so[0m
[3.627s] [ 70%] [32m[1mLinking CXX shared library libcw2_world_spawner__rosidl_typesupport_c.so[0m
[3.654s] [ 72%] [32m[1mLinking C shared library libcw2_world_spawner__rosidl_typesupport_introspection_c.so[0m
[3.763s] [ 72%] Built target cw2_world_spawner__rosidl_typesupport_introspection_c
[3.771s] [ 72%] Built target cw2_world_spawner__rosidl_typesupport_cpp
[3.776s] [ 72%] Built target cw2_world_spawner__rosidl_typesupport_c
[3.789s] [ 74%] [32m[1mLinking CXX shared library libcw2_world_spawner__rosidl_typesupport_introspection_cpp.so[0m
[3.877s] [ 76%] [32m[1mLinking CXX shared library libcw2_world_spawner__rosidl_typesupport_fastrtps_cpp.so[0m
[3.931s] [ 76%] Built target cw2_world_spawner__rosidl_typesupport_introspection_cpp
[3.981s] [ 78%] [32m[1mLinking CXX shared library libcw2_world_spawner__rosidl_typesupport_fastrtps_c.so[0m
[3.999s] [ 78%] Built target cw2_world_spawner__rosidl_typesupport_fastrtps_cpp
[4.084s] [ 78%] Built target cw2_world_spawner__rosidl_typesupport_fastrtps_c
[4.119s] [ 78%] Built target cw2_world_spawner
[4.154s] [ 80%] [34m[1mGenerating Python code for ROS interfaces[0m
[4.611s] [ 80%] Built target cw2_world_spawner__py
[4.646s] [ 85%] [32mBuilding C object CMakeFiles/cw2_world_spawner__rosidl_generator_py.dir/rosidl_generator_py/cw2_world_spawner/srv/_task2_service_s.c.o[0m
[4.646s] [ 85%] [32mBuilding C object CMakeFiles/cw2_world_spawner__rosidl_generator_py.dir/rosidl_generator_py/cw2_world_spawner/srv/_task1_service_s.c.o[0m
[4.646s] [ 85%] [32mBuilding C object CMakeFiles/cw2_world_spawner__rosidl_generator_py.dir/rosidl_generator_py/cw2_world_spawner/srv/_task_setup_s.c.o[0m
[4.646s] [ 87%] [32mBuilding C object CMakeFiles/cw2_world_spawner__rosidl_generator_py.dir/rosidl_generator_py/cw2_world_spawner/srv/_task3_service_s.c.o[0m
[4.792s] [ 89%] [32m[1mLinking C shared library rosidl_generator_py/cw2_world_spawner/libcw2_world_spawner__rosidl_generator_py.so[0m
[4.869s] [ 89%] Built target cw2_world_spawner__rosidl_generator_py
[4.904s] [ 90%] [32mBuilding C object CMakeFiles/cw2_world_spawner__rosidl_typesupport_introspection_c__pyext.dir/rosidl_generator_py/cw2_world_spawner/_cw2_world_spawner_s.ep.rosidl_typesupport_introspection_c.c.o[0m
[4.904s] [ 92%] [32mBuilding C object CMakeFiles/cw2_world_spawner__rosidl_typesupport_c__pyext.dir/rosidl_generator_py/cw2_world_spawner/_cw2_world_spawner_s.ep.rosidl_typesupport_c.c.o[0m
[4.904s] [ 94%] [32mBuilding C object CMakeFiles/cw2_world_spawner__rosidl_typesupport_fastrtps_c__pyext.dir/rosidl_generator_py/cw2_world_spawner/_cw2_world_spawner_s.ep.rosidl_typesupport_fastrtps_c.c.o[0m
[5.013s] [ 96%] [32m[1mLinking C shared library rosidl_generator_py/cw2_world_spawner/cw2_world_spawner_s__rosidl_typesupport_fastrtps_c.cpython-310-x86_64-linux-gnu.so[0m
[5.022s] [ 98%] [32m[1mLinking C shared library rosidl_generator_py/cw2_world_spawner/cw2_world_spawner_s__rosidl_typesupport_introspection_c.cpython-310-x86_64-linux-gnu.so[0m
[5.026s] [100%] [32m[1mLinking C shared library rosidl_generator_py/cw2_world_spawner/cw2_world_spawner_s__rosidl_typesupport_c.cpython-310-x86_64-linux-gnu.so[0m
[5.088s] [100%] Built target cw2_world_spawner__rosidl_typesupport_fastrtps_c__pyext
[5.093s] [100%] Built target cw2_world_spawner__rosidl_typesupport_introspection_c__pyext
[5.097s] [100%] Built target cw2_world_spawner__rosidl_typesupport_c__pyext
[5.114s] Invoked command in '/home/czg22/comp0250_s26_labs/build/cw2_world_spawner' returned '0': CMAKE_PREFIX_PATH=${CMAKE_PREFIX_PATH}:/home/czg22/ws_moveit2/install/moveit_configs_utils:/home/czg22/ws_moveit2/install/launch_param_builder:/opt/ros/humble /usr/bin/cmake --build /home/czg22/comp0250_s26_labs/build/cw2_world_spawner -- -j32 -l32
[5.116s] Invoking command in '/home/czg22/comp0250_s26_labs/build/cw2_world_spawner': CMAKE_PREFIX_PATH=${CMAKE_PREFIX_PATH}:/home/czg22/ws_moveit2/install/moveit_configs_utils:/home/czg22/ws_moveit2/install/launch_param_builder:/opt/ros/humble /usr/bin/cmake --install /home/czg22/comp0250_s26_labs/build/cw2_world_spawner
[5.127s] -- Install configuration: ""
[5.129s] -- Installing: /home/czg22/comp0250_s26_labs/install/cw2_world_spawner/share/ament_index/resource_index/rosidl_interfaces/cw2_world_spawner
[5.129s] -- Installing: /home/czg22/comp0250_s26_labs/install/cw2_world_spawner/include/cw2_world_spawner/cw2_world_spawner
[5.131s] -- Installing: /home/czg22/comp0250_s26_labs/install/cw2_world_spawner/include/cw2_world_spawner/cw2_world_spawner/srv
[5.131s] -- Installing: /home/czg22/comp0250_s26_labs/install/cw2_world_spawner/include/cw2_world_spawner/cw2_world_spawner/srv/task2_service.h
[5.131s] -- Installing: /home/czg22/comp0250_s26_labs/install/cw2_world_spawner/include/cw2_world_spawner/cw2_world_spawner/srv/task3_service.h
[5.131s] -- Installing: /home/czg22/comp0250_s26_labs/install/cw2_world_spawner/include/cw2_world_spawner/cw2_world_spawner/srv/task_setup.h
[5.131s] -- Installing: /home/czg22/comp0250_s26_labs/install/cw2_world_spawner/include/cw2_world_spawner/cw2_world_spawner/srv/task1_service.h
[5.132s] -- Installing: /home/czg22/comp0250_s26_labs/install/cw2_world_spawner/include/cw2_world_spawner/cw2_world_spawner/srv/detail
[5.133s] -- Installing: /home/czg22/comp0250_s26_labs/install/cw2_world_spawner/include/cw2_world_spawner/cw2_world_spawner/srv/detail/task1_service__functions.c
[5.133s] -- Installing: /home/czg22/comp0250_s26_labs/install/cw2_world_spawner/include/cw2_world_spawner/cw2_world_spawner/srv/detail/task2_service__functions.h
[5.133s] -- Installing: /home/czg22/comp0250_s26_labs/install/cw2_world_spawner/include/cw2_world_spawner/cw2_world_spawner/srv/detail/task1_service__struct.h
[5.134s] -- Installing: /home/czg22/comp0250_s26_labs/install/cw2_world_spawner/include/cw2_world_spawner/cw2_world_spawner/srv/detail/task3_service__functions.c
[5.134s] -- Installing: /home/czg22/comp0250_s26_labs/install/cw2_world_spawner/include/cw2_world_spawner/cw2_world_spawner/srv/detail/task_setup__type_support.h
[5.134s] -- Installing: /home/czg22/comp0250_s26_labs/install/cw2_world_spawner/include/cw2_world_spawner/cw2_world_spawner/srv/detail/task1_service__functions.h
[5.135s] -- Installing: /home/czg22/comp0250_s26_labs/install/cw2_world_spawner/include/cw2_world_spawner/cw2_world_spawner/srv/detail/task2_service__struct.h
[5.135s] -- Installing: /home/czg22/comp0250_s26_labs/install/cw2_world_spawner/include/cw2_world_spawner/cw2_world_spawner/srv/detail/task_setup__struct.h
[5.135s] -- Installing: /home/czg22/comp0250_s26_labs/install/cw2_world_spawner/include/cw2_world_spawner/cw2_world_spawner/srv/detail/task3_service__functions.h
[5.135s] -- Installing: /home/czg22/comp0250_s26_labs/install/cw2_world_spawner/include/cw2_world_spawner/cw2_world_spawner/srv/detail/task2_service__functions.c
[5.136s] -- Installing: /home/czg22/comp0250_s26_labs/install/cw2_world_spawner/include/cw2_world_spawner/cw2_world_spawner/srv/detail/task_setup__functions.h
[5.136s] -- Installing: /home/czg22/comp0250_s26_labs/install/cw2_world_spawner/include/cw2_world_spawner/cw2_world_spawner/srv/detail/task_setup__functions.c
[5.136s] -- Installing: /home/czg22/comp0250_s26_labs/install/cw2_world_spawner/include/cw2_world_spawner/cw2_world_spawner/srv/detail/task3_service__type_support.h
[5.136s] -- Installing: /home/czg22/comp0250_s26_labs/install/cw2_world_spawner/include/cw2_world_spawner/cw2_world_spawner/srv/detail/task3_service__struct.h
[5.136s] -- Installing: /home/czg22/comp0250_s26_labs/install/cw2_world_spawner/include/cw2_world_spawner/cw2_world_spawner/srv/detail/task1_service__type_support.h
[5.136s] -- Installing: /home/czg22/comp0250_s26_labs/install/cw2_world_spawner/include/cw2_world_spawner/cw2_world_spawner/srv/detail/task2_service__type_support.h
[5.136s] -- Installing: /home/czg22/comp0250_s26_labs/install/cw2_world_spawner/include/cw2_world_spawner/cw2_world_spawner/msg
[5.136s] -- Installing: /home/czg22/comp0250_s26_labs/install/cw2_world_spawner/include/cw2_world_spawner/cw2_world_spawner/msg/rosidl_generator_c__visibility_control.h
[5.140s] -- Installing: /home/czg22/comp0250_s26_labs/install/cw2_world_spawner/share/cw2_world_spawner/environment/library_path.sh
[5.140s] -- Installing: /home/czg22/comp0250_s26_labs/install/cw2_world_spawner/share/cw2_world_spawner/environment/library_path.dsv
[5.141s] -- Installing: /home/czg22/comp0250_s26_labs/install/cw2_world_spawner/lib/libcw2_world_spawner__rosidl_generator_c.so
[5.141s] -- Set runtime path of "/home/czg22/comp0250_s26_labs/install/cw2_world_spawner/lib/libcw2_world_spawner__rosidl_generator_c.so" to ""
[5.142s] -- Up-to-date: /home/czg22/comp0250_s26_labs/install/cw2_world_spawner/include/cw2_world_spawner/cw2_world_spawner
[5.142s] -- Up-to-date: /home/czg22/comp0250_s26_labs/install/cw2_world_spawner/include/cw2_world_spawner/cw2_world_spawner/srv
[5.143s] -- Up-to-date: /home/czg22/comp0250_s26_labs/install/cw2_world_spawner/include/cw2_world_spawner/cw2_world_spawner/srv/detail
[5.143s] -- Installing: /home/czg22/comp0250_s26_labs/install/cw2_world_spawner/include/cw2_world_spawner/cw2_world_spawner/srv/detail/task2_service__rosidl_typesupport_fastrtps_c.h
[5.143s] -- Installing: /home/czg22/comp0250_s26_labs/install/cw2_world_spawner/include/cw2_world_spawner/cw2_world_spawner/srv/detail/task1_service__rosidl_typesupport_fastrtps_c.h
[5.143s] -- Installing: /home/czg22/comp0250_s26_labs/install/cw2_world_spawner/include/cw2_world_spawner/cw2_world_spawner/srv/detail/task_setup__rosidl_typesupport_fastrtps_c.h
[5.144s] -- Installing: /home/czg22/comp0250_s26_labs/install/cw2_world_spawner/include/cw2_world_spawner/cw2_world_spawner/srv/detail/task3_service__rosidl_typesupport_fastrtps_c.h
[5.144s] -- Up-to-date: /home/czg22/comp0250_s26_labs/install/cw2_world_spawner/include/cw2_world_spawner/cw2_world_spawner/msg
[5.144s] -- Installing: /home/czg22/comp0250_s26_labs/install/cw2_world_spawner/include/cw2_world_spawner/cw2_world_spawner/msg/rosidl_typesupport_fastrtps_c__visibility_control.h
[5.144s] -- Installing: /home/czg22/comp0250_s26_labs/install/cw2_world_spawner/lib/libcw2_world_spawner__rosidl_typesupport_fastrtps_c.so
[5.145s] -- Set runtime path of "/home/czg22/comp0250_s26_labs/install/cw2_world_spawner/lib/libcw2_world_spawner__rosidl_typesupport_fastrtps_c.so" to ""
[5.145s] -- Up-to-date: /home/czg22/comp0250_s26_labs/install/cw2_world_spawner/include/cw2_world_spawner/cw2_world_spawner
[5.145s] -- Up-to-date: /home/czg22/comp0250_s26_labs/install/cw2_world_spawner/include/cw2_world_spawner/cw2_world_spawner/srv
[5.145s] -- Up-to-date: /home/czg22/comp0250_s26_labs/install/cw2_world_spawner/include/cw2_world_spawner/cw2_world_spawner/srv/detail
[5.145s] -- Installing: /home/czg22/comp0250_s26_labs/install/cw2_world_spawner/include/cw2_world_spawner/cw2_world_spawner/srv/detail/task3_service__type_support.c
[5.146s] -- Installing: /home/czg22/comp0250_s26_labs/install/cw2_world_spawner/include/cw2_world_spawner/cw2_world_spawner/srv/detail/task1_service__rosidl_typesupport_introspection_c.h
[5.148s] -- Installing: /home/czg22/comp0250_s26_labs/install/cw2_world_spawner/include/cw2_world_spawner/cw2_world_spawner/srv/detail/task2_service__type_support.c
[5.148s] -- Installing: /home/czg22/comp0250_s26_labs/install/cw2_world_spawner/include/cw2_world_spawner/cw2_world_spawner/srv/detail/task1_service__type_support.c
[5.148s] -- Installing: /home/czg22/comp0250_s26_labs/install/cw2_world_spawner/include/cw2_world_spawner/cw2_world_spawner/srv/detail/task3_service__rosidl_typesupport_introspection_c.h
[5.148s] -- Installing: /home/czg22/comp0250_s26_labs/install/cw2_world_spawner/include/cw2_world_spawner/cw2_world_spawner/srv/detail/task_setup__type_support.c
[5.148s] -- Installing: /home/czg22/comp0250_s26_labs/install/cw2_world_spawner/include/cw2_world_spawner/cw2_world_spawner/srv/detail/task_setup__rosidl_typesupport_introspection_c.h
[5.150s] -- Installing: /home/czg22/comp0250_s26_labs/install/cw2_world_spawner/include/cw2_world_spawner/cw2_world_spawner/srv/detail/task2_service__rosidl_typesupport_introspection_c.h
[5.151s] -- Up-to-date: /home/czg22/comp0250_s26_labs/install/cw2_world_spawner/include/cw2_world_spawner/cw2_world_spawner/msg
[5.151s] -- Installing: /home/czg22/comp0250_s26_labs/install/cw2_world_spawner/include/cw2_world_spawner/cw2_world_spawner/msg/rosidl_typesupport_introspection_c__visibility_control.h
[5.152s] -- Installing: /home/czg22/comp0250_s26_labs/install/cw2_world_spawner/lib/libcw2_world_spawner__rosidl_typesupport_introspection_c.so
[5.152s] -- Set runtime path of "/home/czg22/comp0250_s26_labs/install/cw2_world_spawner/lib/libcw2_world_spawner__rosidl_typesupport_introspection_c.so" to ""
[5.152s] -- Installing: /home/czg22/comp0250_s26_labs/install/cw2_world_spawner/lib/libcw2_world_spawner__rosidl_typesupport_c.so
[5.152s] -- Set runtime path of "/home/czg22/comp0250_s26_labs/install/cw2_world_spawner/lib/libcw2_world_spawner__rosidl_typesupport_c.so" to ""
[5.153s] -- Up-to-date: /home/czg22/comp0250_s26_labs/install/cw2_world_spawner/include/cw2_world_spawner/cw2_world_spawner
[5.153s] -- Up-to-date: /home/czg22/comp0250_s26_labs/install/cw2_world_spawner/include/cw2_world_spawner/cw2_world_spawner/srv
[5.153s] -- Installing: /home/czg22/comp0250_s26_labs/install/cw2_world_spawner/include/cw2_world_spawner/cw2_world_spawner/srv/task2_service.hpp
[5.153s] -- Installing: /home/czg22/comp0250_s26_labs/install/cw2_world_spawner/include/cw2_world_spawner/cw2_world_spawner/srv/task3_service.hpp
[5.153s] -- Installing: /home/czg22/comp0250_s26_labs/install/cw2_world_spawner/include/cw2_world_spawner/cw2_world_spawner/srv/task1_service.hpp
[5.153s] -- Installing: /home/czg22/comp0250_s26_labs/install/cw2_world_spawner/include/cw2_world_spawner/cw2_world_spawner/srv/task_setup.hpp
[5.154s] -- Up-to-date: /home/czg22/comp0250_s26_labs/install/cw2_world_spawner/include/cw2_world_spawner/cw2_world_spawner/srv/detail
[5.154s] -- Installing: /home/czg22/comp0250_s26_labs/install/cw2_world_spawner/include/cw2_world_spawner/cw2_world_spawner/srv/detail/task1_service__struct.hpp
[5.154s] -- Installing: /home/czg22/comp0250_s26_labs/install/cw2_world_spawner/include/cw2_world_spawner/cw2_world_spawner/srv/detail/task3_service__type_support.hpp
[5.155s] -- Installing: /home/czg22/comp0250_s26_labs/install/cw2_world_spawner/include/cw2_world_spawner/cw2_world_spawner/srv/detail/task_setup__struct.hpp
[5.155s] -- Installing: /home/czg22/comp0250_s26_labs/install/cw2_world_spawner/include/cw2_world_spawner/cw2_world_spawner/srv/detail/task2_service__traits.hpp
[5.155s] -- Installing: /home/czg22/comp0250_s26_labs/install/cw2_world_spawner/include/cw2_world_spawner/cw2_world_spawner/srv/detail/task1_service__builder.hpp
[5.155s] -- Installing: /home/czg22/comp0250_s26_labs/install/cw2_world_spawner/include/cw2_world_spawner/cw2_world_spawner/srv/detail/task_setup__type_support.hpp
[5.155s] -- Installing: /home/czg22/comp0250_s26_labs/install/cw2_world_spawner/include/cw2_world_spawner/cw2_world_spawner/srv/detail/task3_service__builder.hpp
[5.155s] -- Installing: /home/czg22/comp0250_s26_labs/install/cw2_world_spawner/include/cw2_world_spawner/cw2_world_spawner/srv/detail/task3_service__struct.hpp
[5.155s] -- Installing: /home/czg22/comp0250_s26_labs/install/cw2_world_spawner/include/cw2_world_spawner/cw2_world_spawner/srv/detail/task2_service__struct.hpp
[5.155s] -- Installing: /home/czg22/comp0250_s26_labs/install/cw2_world_spawner/include/cw2_world_spawner/cw2_world_spawner/srv/detail/task2_service__builder.hpp
[5.155s] -- Installing: /home/czg22/comp0250_s26_labs/install/cw2_world_spawner/include/cw2_world_spawner/cw2_world_spawner/srv/detail/task_setup__traits.hpp
[5.156s] -- Installing: /home/czg22/comp0250_s26_labs/install/cw2_world_spawner/include/cw2_world_spawner/cw2_world_spawner/srv/detail/task3_service__traits.hpp
[5.156s] -- Installing: /home/czg22/comp0250_s26_labs/install/cw2_world_spawner/include/cw2_world_spawner/cw2_world_spawner/srv/detail/task_setup__builder.hpp
[5.156s] -- Installing: /home/czg22/comp0250_s26_labs/install/cw2_world_spawner/include/cw2_world_spawner/cw2_world_spawner/srv/detail/task1_service__traits.hpp
[5.156s] -- Installing: /home/czg22/comp0250_s26_labs/install/cw2_world_spawner/include/cw2_world_spawner/cw2_world_spawner/srv/detail/task2_service__type_support.hpp
[5.156s] -- Installing: /home/czg22/comp0250_s26_labs/install/cw2_world_spawner/include/cw2_world_spawner/cw2_world_spawner/srv/detail/task1_service__type_support.hpp
[5.157s] -- Up-to-date: /home/czg22/comp0250_s26_labs/install/cw2_world_spawner/include/cw2_world_spawner/cw2_world_spawner/msg
[5.157s] -- Installing: /home/czg22/comp0250_s26_labs/install/cw2_world_spawner/include/cw2_world_spawner/cw2_world_spawner/msg/rosidl_generator_cpp__visibility_control.hpp
[5.157s] -- Up-to-date: /home/czg22/comp0250_s26_labs/install/cw2_world_spawner/include/cw2_world_spawner/cw2_world_spawner
[5.157s] -- Up-to-date: /home/czg22/comp0250_s26_labs/install/cw2_world_spawner/include/cw2_world_spawner/cw2_world_spawner/srv
[5.157s] -- Up-to-date: /home/czg22/comp0250_s26_labs/install/cw2_world_spawner/include/cw2_world_spawner/cw2_world_spawner/srv/detail
[5.157s] -- Installing: /home/czg22/comp0250_s26_labs/install/cw2_world_spawner/include/cw2_world_spawner/cw2_world_spawner/srv/detail/dds_fastrtps
[5.158s] -- Installing: /home/czg22/comp0250_s26_labs/install/cw2_world_spawner/include/cw2_world_spawner/cw2_world_spawner/srv/detail/task3_service__rosidl_typesupport_fastrtps_cpp.hpp
[5.158s] -- Installing: /home/czg22/comp0250_s26_labs/install/cw2_world_spawner/include/cw2_world_spawner/cw2_world_spawner/srv/detail/task2_service__rosidl_typesupport_fastrtps_cpp.hpp
[5.158s] -- Installing: /home/czg22/comp0250_s26_labs/install/cw2_world_spawner/include/cw2_world_spawner/cw2_world_spawner/srv/detail/task_setup__rosidl_typesupport_fastrtps_cpp.hpp
[5.158s] -- Installing: /home/czg22/comp0250_s26_labs/install/cw2_world_spawner/include/cw2_world_spawner/cw2_world_spawner/srv/detail/task1_service__rosidl_typesupport_fastrtps_cpp.hpp
[5.158s] -- Up-to-date: /home/czg22/comp0250_s26_labs/install/cw2_world_spawner/include/cw2_world_spawner/cw2_world_spawner/msg
[5.158s] -- Installing: /home/czg22/comp0250_s26_labs/install/cw2_world_spawner/include/cw2_world_spawner/cw2_world_spawner/msg/rosidl_typesupport_fastrtps_cpp__visibility_control.h
[5.158s] -- Installing: /home/czg22/comp0250_s26_labs/install/cw2_world_spawner/lib/libcw2_world_spawner__rosidl_typesupport_fastrtps_cpp.so
[5.158s] -- Set runtime path of "/home/czg22/comp0250_s26_labs/install/cw2_world_spawner/lib/libcw2_world_spawner__rosidl_typesupport_fastrtps_cpp.so" to ""
[5.158s] -- Up-to-date: /home/czg22/comp0250_s26_labs/install/cw2_world_spawner/include/cw2_world_spawner/cw2_world_spawner
[5.158s] -- Up-to-date: /home/czg22/comp0250_s26_labs/install/cw2_world_spawner/include/cw2_world_spawner/cw2_world_spawner/srv
[5.158s] -- Up-to-date: /home/czg22/comp0250_s26_labs/install/cw2_world_spawner/include/cw2_world_spawner/cw2_world_spawner/srv/detail
[5.158s] -- Installing: /home/czg22/comp0250_s26_labs/install/cw2_world_spawner/include/cw2_world_spawner/cw2_world_spawner/srv/detail/task3_service__rosidl_typesupport_introspection_cpp.hpp
[5.158s] -- Installing: /home/czg22/comp0250_s26_labs/install/cw2_world_spawner/include/cw2_world_spawner/cw2_world_spawner/srv/detail/task_setup__rosidl_typesupport_introspection_cpp.hpp
[5.158s] -- Installing: /home/czg22/comp0250_s26_labs/install/cw2_world_spawner/include/cw2_world_spawner/cw2_world_spawner/srv/detail/task1_service__rosidl_typesupport_introspection_cpp.hpp
[5.158s] -- Installing: /home/czg22/comp0250_s26_labs/install/cw2_world_spawner/include/cw2_world_spawner/cw2_world_spawner/srv/detail/task3_service__type_support.cpp
[5.158s] -- Installing: /home/czg22/comp0250_s26_labs/install/cw2_world_spawner/include/cw2_world_spawner/cw2_world_spawner/srv/detail/task_setup__type_support.cpp
[5.158s] -- Installing: /home/czg22/comp0250_s26_labs/install/cw2_world_spawner/include/cw2_world_spawner/cw2_world_spawner/srv/detail/task2_service__rosidl_typesupport_introspection_cpp.hpp
[5.158s] -- Installing: /home/czg22/comp0250_s26_labs/install/cw2_world_spawner/include/cw2_world_spawner/cw2_world_spawner/srv/detail/task1_service__type_support.cpp
[5.158s] -- Installing: /home/czg22/comp0250_s26_labs/install/cw2_world_spawner/include/cw2_world_spawner/cw2_world_spawner/srv/detail/task2_service__type_support.cpp
[5.159s] -- Installing: /home/czg22/comp0250_s26_labs/install/cw2_world_spawner/lib/libcw2_world_spawner__rosidl_typesupport_introspection_cpp.so
[5.159s] -- Set runtime path of "/home/czg22/comp0250_s26_labs/install/cw2_world_spawner/lib/libcw2_world_spawner__rosidl_typesupport_introspection_cpp.so" to ""
[5.159s] -- Installing: /home/czg22/comp0250_s26_labs/install/cw2_world_spawner/lib/libcw2_world_spawner__rosidl_typesupport_cpp.so
[5.159s] -- Set runtime path of "/home/czg22/comp0250_s26_labs/install/cw2_world_spawner/lib/libcw2_world_spawner__rosidl_typesupport_cpp.so" to ""
[5.159s] -- Installing: /home/czg22/comp0250_s26_labs/install/cw2_world_spawner/share/cw2_world_spawner/environment/pythonpath.sh
[5.159s] -- Installing: /home/czg22/comp0250_s26_labs/install/cw2_world_spawner/share/cw2_world_spawner/environment/pythonpath.dsv
[5.159s] -- Installing: /home/czg22/comp0250_s26_labs/install/cw2_world_spawner/local/lib/python3.10/dist-packages/cw2_world_spawner-0.1.0-py3.10.egg-info
[5.159s] -- Installing: /home/czg22/comp0250_s26_labs/install/cw2_world_spawner/local/lib/python3.10/dist-packages/cw2_world_spawner-0.1.0-py3.10.egg-info/SOURCES.txt
[5.159s] -- Installing: /home/czg22/comp0250_s26_labs/install/cw2_world_spawner/local/lib/python3.10/dist-packages/cw2_world_spawner-0.1.0-py3.10.egg-info/top_level.txt
[5.159s] -- Installing: /home/czg22/comp0250_s26_labs/install/cw2_world_spawner/local/lib/python3.10/dist-packages/cw2_world_spawner-0.1.0-py3.10.egg-info/PKG-INFO
[5.159s] -- Installing: /home/czg22/comp0250_s26_labs/install/cw2_world_spawner/local/lib/python3.10/dist-packages/cw2_world_spawner-0.1.0-py3.10.egg-info/dependency_links.txt
[5.159s] -- Installing: /home/czg22/comp0250_s26_labs/install/cw2_world_spawner/local/lib/python3.10/dist-packages/cw2_world_spawner
[5.159s] -- Installing: /home/czg22/comp0250_s26_labs/install/cw2_world_spawner/local/lib/python3.10/dist-packages/cw2_world_spawner/cw2_world_spawner_s__rosidl_typesupport_c.cpython-310-x86_64-linux-gnu.so
[5.160s] -- Installing: /home/czg22/comp0250_s26_labs/install/cw2_world_spawner/local/lib/python3.10/dist-packages/cw2_world_spawner/libcw2_world_spawner__rosidl_generator_py.so
[5.160s] -- Installing: /home/czg22/comp0250_s26_labs/install/cw2_world_spawner/local/lib/python3.10/dist-packages/cw2_world_spawner/srv
[5.160s] -- Installing: /home/czg22/comp0250_s26_labs/install/cw2_world_spawner/local/lib/python3.10/dist-packages/cw2_world_spawner/srv/_task2_service.py
[5.160s] -- Installing: /home/czg22/comp0250_s26_labs/install/cw2_world_spawner/local/lib/python3.10/dist-packages/cw2_world_spawner/srv/_task3_service.py
[5.160s] -- Installing: /home/czg22/comp0250_s26_labs/install/cw2_world_spawner/local/lib/python3.10/dist-packages/cw2_world_spawner/srv/_task3_service_s.c
[5.160s] -- Installing: /home/czg22/comp0250_s26_labs/install/cw2_world_spawner/local/lib/python3.10/dist-packages/cw2_world_spawner/srv/__init__.py
[5.160s] -- Installing: /home/czg22/comp0250_s26_labs/install/cw2_world_spawner/local/lib/python3.10/dist-packages/cw2_world_spawner/srv/_task1_service_s.c
[5.160s] -- Installing: /home/czg22/comp0250_s26_labs/install/cw2_world_spawner/local/lib/python3.10/dist-packages/cw2_world_spawner/srv/_task2_service_s.c
[5.160s] -- Installing: /home/czg22/comp0250_s26_labs/install/cw2_world_spawner/local/lib/python3.10/dist-packages/cw2_world_spawner/srv/_task_setup_s.c
[5.160s] -- Installing: /home/czg22/comp0250_s26_labs/install/cw2_world_spawner/local/lib/python3.10/dist-packages/cw2_world_spawner/srv/_task1_service.py
[5.160s] -- Installing: /home/czg22/comp0250_s26_labs/install/cw2_world_spawner/local/lib/python3.10/dist-packages/cw2_world_spawner/srv/_task_setup.py
[5.160s] -- Installing: /home/czg22/comp0250_s26_labs/install/cw2_world_spawner/local/lib/python3.10/dist-packages/cw2_world_spawner/__init__.py
[5.160s] -- Installing: /home/czg22/comp0250_s26_labs/install/cw2_world_spawner/local/lib/python3.10/dist-packages/cw2_world_spawner/_cw2_world_spawner_s.ep.rosidl_typesupport_introspection_c.c
[5.160s] -- Installing: /home/czg22/comp0250_s26_labs/install/cw2_world_spawner/local/lib/python3.10/dist-packages/cw2_world_spawner/cw2_world_spawner_s__rosidl_typesupport_fastrtps_c.cpython-310-x86_64-linux-gnu.so
[5.160s] -- Installing: /home/czg22/comp0250_s26_labs/install/cw2_world_spawner/local/lib/python3.10/dist-packages/cw2_world_spawner/cw2_world_spawner_s__rosidl_typesupport_introspection_c.cpython-310-x86_64-linux-gnu.so
[5.160s] -- Installing: /home/czg22/comp0250_s26_labs/install/cw2_world_spawner/local/lib/python3.10/dist-packages/cw2_world_spawner/_cw2_world_spawner_s.ep.rosidl_typesupport_fastrtps_c.c
[5.160s] -- Installing: /home/czg22/comp0250_s26_labs/install/cw2_world_spawner/local/lib/python3.10/dist-packages/cw2_world_spawner/_cw2_world_spawner_s.ep.rosidl_typesupport_c.c
[5.189s] Listing '/home/czg22/comp0250_s26_labs/install/cw2_world_spawner/local/lib/python3.10/dist-packages/cw2_world_spawner'...
[5.189s] Compiling '/home/czg22/comp0250_s26_labs/install/cw2_world_spawner/local/lib/python3.10/dist-packages/cw2_world_spawner/__init__.py'...
[5.189s] Listing '/home/czg22/comp0250_s26_labs/install/cw2_world_spawner/local/lib/python3.10/dist-packages/cw2_world_spawner/srv'...
[5.190s] Compiling '/home/czg22/comp0250_s26_labs/install/cw2_world_spawner/local/lib/python3.10/dist-packages/cw2_world_spawner/srv/__init__.py'...
[5.190s] Compiling '/home/czg22/comp0250_s26_labs/install/cw2_world_spawner/local/lib/python3.10/dist-packages/cw2_world_spawner/srv/_task1_service.py'...
[5.190s] Compiling '/home/czg22/comp0250_s26_labs/install/cw2_world_spawner/local/lib/python3.10/dist-packages/cw2_world_spawner/srv/_task2_service.py'...
[5.190s] Compiling '/home/czg22/comp0250_s26_labs/install/cw2_world_spawner/local/lib/python3.10/dist-packages/cw2_world_spawner/srv/_task3_service.py'...
[5.190s] Compiling '/home/czg22/comp0250_s26_labs/install/cw2_world_spawner/local/lib/python3.10/dist-packages/cw2_world_spawner/srv/_task_setup.py'...
[5.193s] -- Installing: /home/czg22/comp0250_s26_labs/install/cw2_world_spawner/local/lib/python3.10/dist-packages/cw2_world_spawner/cw2_world_spawner_s__rosidl_typesupport_fastrtps_c.cpython-310-x86_64-linux-gnu.so
[5.193s] -- Set runtime path of "/home/czg22/comp0250_s26_labs/install/cw2_world_spawner/local/lib/python3.10/dist-packages/cw2_world_spawner/cw2_world_spawner_s__rosidl_typesupport_fastrtps_c.cpython-310-x86_64-linux-gnu.so" to ""
[5.194s] -- Installing: /home/czg22/comp0250_s26_labs/install/cw2_world_spawner/local/lib/python3.10/dist-packages/cw2_world_spawner/cw2_world_spawner_s__rosidl_typesupport_introspection_c.cpython-310-x86_64-linux-gnu.so
[5.194s] -- Set runtime path of "/home/czg22/comp0250_s26_labs/install/cw2_world_spawner/local/lib/python3.10/dist-packages/cw2_world_spawner/cw2_world_spawner_s__rosidl_typesupport_introspection_c.cpython-310-x86_64-linux-gnu.so" to ""
[5.194s] -- Installing: /home/czg22/comp0250_s26_labs/install/cw2_world_spawner/local/lib/python3.10/dist-packages/cw2_world_spawner/cw2_world_spawner_s__rosidl_typesupport_c.cpython-310-x86_64-linux-gnu.so
[5.195s] -- Set runtime path of "/home/czg22/comp0250_s26_labs/install/cw2_world_spawner/local/lib/python3.10/dist-packages/cw2_world_spawner/cw2_world_spawner_s__rosidl_typesupport_c.cpython-310-x86_64-linux-gnu.so" to ""
[5.195s] -- Installing: /home/czg22/comp0250_s26_labs/install/cw2_world_spawner/lib/libcw2_world_spawner__rosidl_generator_py.so
[5.195s] -- Set runtime path of "/home/czg22/comp0250_s26_labs/install/cw2_world_spawner/lib/libcw2_world_spawner__rosidl_generator_py.so" to ""
[5.196s] -- Installing: /home/czg22/comp0250_s26_labs/install/cw2_world_spawner/share/cw2_world_spawner/srv/TaskSetup.idl
[5.197s] -- Installing: /home/czg22/comp0250_s26_labs/install/cw2_world_spawner/share/cw2_world_spawner/srv/Task1Service.idl
[5.197s] -- Installing: /home/czg22/comp0250_s26_labs/install/cw2_world_spawner/share/cw2_world_spawner/srv/Task2Service.idl
[5.197s] -- Installing: /home/czg22/comp0250_s26_labs/install/cw2_world_spawner/share/cw2_world_spawner/srv/Task3Service.idl
[5.197s] -- Installing: /home/czg22/comp0250_s26_labs/install/cw2_world_spawner/share/cw2_world_spawner/srv/TaskSetup.srv
[5.197s] -- Installing: /home/czg22/comp0250_s26_labs/install/cw2_world_spawner/share/cw2_world_spawner/srv/TaskSetup_Request.msg
[5.197s] -- Installing: /home/czg22/comp0250_s26_labs/install/cw2_world_spawner/share/cw2_world_spawner/srv/TaskSetup_Response.msg
[5.197s] -- Installing: /home/czg22/comp0250_s26_labs/install/cw2_world_spawner/share/cw2_world_spawner/srv/Task1Service.srv
[5.197s] -- Installing: /home/czg22/comp0250_s26_labs/install/cw2_world_spawner/share/cw2_world_spawner/srv/Task1Service_Request.msg
[5.197s] -- Installing: /home/czg22/comp0250_s26_labs/install/cw2_world_spawner/share/cw2_world_spawner/srv/Task1Service_Response.msg
[5.198s] -- Installing: /home/czg22/comp0250_s26_labs/install/cw2_world_spawner/share/cw2_world_spawner/srv/Task2Service.srv
[5.198s] -- Installing: /home/czg22/comp0250_s26_labs/install/cw2_world_spawner/share/cw2_world_spawner/srv/Task2Service_Request.msg
[5.198s] -- Installing: /home/czg22/comp0250_s26_labs/install/cw2_world_spawner/share/cw2_world_spawner/srv/Task2Service_Response.msg
[5.198s] -- Installing: /home/czg22/comp0250_s26_labs/install/cw2_world_spawner/share/cw2_world_spawner/srv/Task3Service.srv
[5.198s] -- Installing: /home/czg22/comp0250_s26_labs/install/cw2_world_spawner/share/cw2_world_spawner/srv/Task3Service_Request.msg
[5.198s] -- Installing: /home/czg22/comp0250_s26_labs/install/cw2_world_spawner/share/cw2_world_spawner/srv/Task3Service_Response.msg
[5.198s] -- Installing: /home/czg22/comp0250_s26_labs/install/cw2_world_spawner/local/lib/python3.10/dist-packages/cw2_world_spawner_lib-0.1.0-py3.10.egg-info
[5.198s] -- Installing: /home/czg22/comp0250_s26_labs/install/cw2_world_spawner/local/lib/python3.10/dist-packages/cw2_world_spawner_lib-0.1.0-py3.10.egg-info/SOURCES.txt
[5.199s] -- Installing: /home/czg22/comp0250_s26_labs/install/cw2_world_spawner/local/lib/python3.10/dist-packages/cw2_world_spawner_lib-0.1.0-py3.10.egg-info/top_level.txt
[5.199s] -- Installing: /home/czg22/comp0250_s26_labs/install/cw2_world_spawner/local/lib/python3.10/dist-packages/cw2_world_spawner_lib-0.1.0-py3.10.egg-info/PKG-INFO
[5.199s] -- Installing: /home/czg22/comp0250_s26_labs/install/cw2_world_spawner/local/lib/python3.10/dist-packages/cw2_world_spawner_lib-0.1.0-py3.10.egg-info/dependency_links.txt
[5.199s] -- Installing: /home/czg22/comp0250_s26_labs/install/cw2_world_spawner/local/lib/python3.10/dist-packages/cw2_world_spawner_lib
[5.199s] -- Installing: /home/czg22/comp0250_s26_labs/install/cw2_world_spawner/local/lib/python3.10/dist-packages/cw2_world_spawner_lib/__init__.py
[5.200s] -- Installing: /home/czg22/comp0250_s26_labs/install/cw2_world_spawner/local/lib/python3.10/dist-packages/cw2_world_spawner_lib/coursework_world_spawner.py
[5.229s] Listing '/home/czg22/comp0250_s26_labs/install/cw2_world_spawner/local/lib/python3.10/dist-packages/cw2_world_spawner_lib'...
[5.229s] Compiling '/home/czg22/comp0250_s26_labs/install/cw2_world_spawner/local/lib/python3.10/dist-packages/cw2_world_spawner_lib/__init__.py'...
[5.229s] Compiling '/home/czg22/comp0250_s26_labs/install/cw2_world_spawner/local/lib/python3.10/dist-packages/cw2_world_spawner_lib/coursework_world_spawner.py'...
[5.234s] -- Installing: /home/czg22/comp0250_s26_labs/install/cw2_world_spawner/lib/cw2_world_spawner/world_spawner.py
[5.234s] -- Installing: /home/czg22/comp0250_s26_labs/install/cw2_world_spawner/share/cw2_world_spawner/models
[5.235s] -- Installing: /home/czg22/comp0250_s26_labs/install/cw2_world_spawner/share/cw2_world_spawner/models/nought_red_20mm
[5.235s] -- Installing: /home/czg22/comp0250_s26_labs/install/cw2_world_spawner/share/cw2_world_spawner/models/nought_red_20mm/model.sdf
[5.236s] -- Installing: /home/czg22/comp0250_s26_labs/install/cw2_world_spawner/share/cw2_world_spawner/models/nought_red_20mm/nought_20mm_40H.STL
[5.236s] -- Installing: /home/czg22/comp0250_s26_labs/install/cw2_world_spawner/share/cw2_world_spawner/models/nought_red_20mm/model.config
[5.237s] -- Installing: /home/czg22/comp0250_s26_labs/install/cw2_world_spawner/share/cw2_world_spawner/models/nought_red_30mm
[5.237s] -- Installing: /home/czg22/comp0250_s26_labs/install/cw2_world_spawner/share/cw2_world_spawner/models/nought_red_30mm/model.sdf
[5.237s] -- Installing: /home/czg22/comp0250_s26_labs/install/cw2_world_spawner/share/cw2_world_spawner/models/nought_red_30mm/nought_30mm_40H.STL
[5.237s] -- Installing: /home/czg22/comp0250_s26_labs/install/cw2_world_spawner/share/cw2_world_spawner/models/nought_red_30mm/model.config
[5.238s] -- Installing: /home/czg22/comp0250_s26_labs/install/cw2_world_spawner/share/cw2_world_spawner/models/obstacle_4
[5.238s] -- Installing: /home/czg22/comp0250_s26_labs/install/cw2_world_spawner/share/cw2_world_spawner/models/obstacle_4/model.sdf
[5.238s] -- Installing: /home/czg22/comp0250_s26_labs/install/cw2_world_spawner/share/cw2_world_spawner/models/obstacle_4/model.config
[5.239s] -- Installing: /home/czg22/comp0250_s26_labs/install/cw2_world_spawner/share/cw2_world_spawner/models/nought_blue_40mm
[5.239s] -- Installing: /home/czg22/comp0250_s26_labs/install/cw2_world_spawner/share/cw2_world_spawner/models/nought_blue_40mm/model.sdf
[5.239s] -- Installing: /home/czg22/comp0250_s26_labs/install/cw2_world_spawner/share/cw2_world_spawner/models/nought_blue_40mm/nought_40mm.STL
[5.239s] -- Installing: /home/czg22/comp0250_s26_labs/install/cw2_world_spawner/share/cw2_world_spawner/models/nought_blue_40mm/model.config
[5.240s] -- Installing: /home/czg22/comp0250_s26_labs/install/cw2_world_spawner/share/cw2_world_spawner/models/nought_blue_30mm
[5.240s] -- Installing: /home/czg22/comp0250_s26_labs/install/cw2_world_spawner/share/cw2_world_spawner/models/nought_blue_30mm/model.sdf
[5.240s] -- Installing: /home/czg22/comp0250_s26_labs/install/cw2_world_spawner/share/cw2_world_spawner/models/nought_blue_30mm/nought_30mm_40H.STL
[5.240s] -- Installing: /home/czg22/comp0250_s26_labs/install/cw2_world_spawner/share/cw2_world_spawner/models/nought_blue_30mm/model.config
[5.240s] -- Installing: /home/czg22/comp0250_s26_labs/install/cw2_world_spawner/share/cw2_world_spawner/models/obstacle_3
[5.241s] -- Installing: /home/czg22/comp0250_s26_labs/install/cw2_world_spawner/share/cw2_world_spawner/models/obstacle_3/model.sdf
[5.241s] -- Installing: /home/czg22/comp0250_s26_labs/install/cw2_world_spawner/share/cw2_world_spawner/models/obstacle_3/model.config
[5.242s] -- Installing: /home/czg22/comp0250_s26_labs/install/cw2_world_spawner/share/cw2_world_spawner/models/cross_red_30mm
[5.242s] -- Installing: /home/czg22/comp0250_s26_labs/install/cw2_world_spawner/share/cw2_world_spawner/models/cross_red_30mm/model.sdf
[5.242s] -- Installing: /home/czg22/comp0250_s26_labs/install/cw2_world_spawner/share/cw2_world_spawner/models/cross_red_30mm/cross_30mm_40H.STL
[5.243s] -- Installing: /home/czg22/comp0250_s26_labs/install/cw2_world_spawner/share/cw2_world_spawner/models/cross_red_30mm/model.config
[5.243s] -- Installing: /home/czg22/comp0250_s26_labs/install/cw2_world_spawner/share/cw2_world_spawner/models/cross_blue_40mm
[5.243s] -- Installing: /home/czg22/comp0250_s26_labs/install/cw2_world_spawner/share/cw2_world_spawner/models/cross_blue_40mm/model.sdf
[5.243s] -- Installing: /home/czg22/comp0250_s26_labs/install/cw2_world_spawner/share/cw2_world_spawner/models/cross_blue_40mm/cross_40mm.STL
[5.244s] -- Installing: /home/czg22/comp0250_s26_labs/install/cw2_world_spawner/share/cw2_world_spawner/models/cross_blue_40mm/model.config
[5.244s] -- Installing: /home/czg22/comp0250_s26_labs/install/cw2_world_spawner/share/cw2_world_spawner/models/all_tiles
[5.245s] -- Installing: /home/czg22/comp0250_s26_labs/install/cw2_world_spawner/share/cw2_world_spawner/models/all_tiles/model.sdf
[5.245s] -- Installing: /home/czg22/comp0250_s26_labs/install/cw2_world_spawner/share/cw2_world_spawner/models/all_tiles/model.sdf.xmacro
[5.245s] -- Installing: /home/czg22/comp0250_s26_labs/install/cw2_world_spawner/share/cw2_world_spawner/models/all_tiles/model.config
[5.246s] -- Installing: /home/czg22/comp0250_s26_labs/install/cw2_world_spawner/share/cw2_world_spawner/models/cross_purple_40mm
[5.246s] -- Installing: /home/czg22/comp0250_s26_labs/install/cw2_world_spawner/share/cw2_world_spawner/models/cross_purple_40mm/model.sdf
[5.246s] -- Installing: /home/czg22/comp0250_s26_labs/install/cw2_world_spawner/share/cw2_world_spawner/models/cross_purple_40mm/cross_40mm.STL
[5.246s] -- Installing: /home/czg22/comp0250_s26_labs/install/cw2_world_spawner/share/cw2_world_spawner/models/cross_purple_40mm/model.config
[5.246s] -- Installing: /home/czg22/comp0250_s26_labs/install/cw2_world_spawner/share/cw2_world_spawner/models/cross_blue_20mm
[5.246s] -- Installing: /home/czg22/comp0250_s26_labs/install/cw2_world_spawner/share/cw2_world_spawner/models/cross_blue_20mm/model.sdf
[5.247s] -- Installing: /home/czg22/comp0250_s26_labs/install/cw2_world_spawner/share/cw2_world_spawner/models/cross_blue_20mm/cross_40mm.STL
[5.247s] -- Installing: /home/czg22/comp0250_s26_labs/install/cw2_world_spawner/share/cw2_world_spawner/models/cross_blue_20mm/cross_20mm_40H.STL
[5.248s] -- Installing: /home/czg22/comp0250_s26_labs/install/cw2_world_spawner/share/cw2_world_spawner/models/cross_blue_20mm/model.config
[5.248s] -- Installing: /home/czg22/comp0250_s26_labs/install/cw2_world_spawner/share/cw2_world_spawner/models/obstacle_1
[5.249s] -- Installing: /home/czg22/comp0250_s26_labs/install/cw2_world_spawner/share/cw2_world_spawner/models/obstacle_1/model.sdf
[5.250s] -- Installing: /home/czg22/comp0250_s26_labs/install/cw2_world_spawner/share/cw2_world_spawner/models/obstacle_1/model.config
[5.250s] -- Installing: /home/czg22/comp0250_s26_labs/install/cw2_world_spawner/share/cw2_world_spawner/models/cross_red_20mm
[5.251s] -- Installing: /home/czg22/comp0250_s26_labs/install/cw2_world_spawner/share/cw2_world_spawner/models/cross_red_20mm/model.sdf
[5.251s] -- Installing: /home/czg22/comp0250_s26_labs/install/cw2_world_spawner/share/cw2_world_spawner/models/cross_red_20mm/cross_40mm.STL
[5.251s] -- Installing: /home/czg22/comp0250_s26_labs/install/cw2_world_spawner/share/cw2_world_spawner/models/cross_red_20mm/cross_20mm_40H.STL
[5.251s] -- Installing: /home/czg22/comp0250_s26_labs/install/cw2_world_spawner/share/cw2_world_spawner/models/cross_red_20mm/model.config
[5.252s] -- Installing: /home/czg22/comp0250_s26_labs/install/cw2_world_spawner/share/cw2_world_spawner/models/nought_purple_40mm
[5.253s] -- Installing: /home/czg22/comp0250_s26_labs/install/cw2_world_spawner/share/cw2_world_spawner/models/nought_purple_40mm/model.sdf
[5.253s] -- Installing: /home/czg22/comp0250_s26_labs/install/cw2_world_spawner/share/cw2_world_spawner/models/nought_purple_40mm/nought_40mm.STL
[5.254s] -- Installing: /home/czg22/comp0250_s26_labs/install/cw2_world_spawner/share/cw2_world_spawner/models/nought_purple_40mm/model.config
[5.254s] -- Installing: /home/czg22/comp0250_s26_labs/install/cw2_world_spawner/share/cw2_world_spawner/models/nought_purple_30mm
[5.255s] -- Installing: /home/czg22/comp0250_s26_labs/install/cw2_world_spawner/share/cw2_world_spawner/models/nought_purple_30mm/model.sdf
[5.255s] -- Installing: /home/czg22/comp0250_s26_labs/install/cw2_world_spawner/share/cw2_world_spawner/models/nought_purple_30mm/nought_30mm_40H.STL
[5.255s] -- Installing: /home/czg22/comp0250_s26_labs/install/cw2_world_spawner/share/cw2_world_spawner/models/nought_purple_30mm/model.config
[5.255s] -- Installing: /home/czg22/comp0250_s26_labs/install/cw2_world_spawner/share/cw2_world_spawner/models/cross_blue_30mm
[5.255s] -- Installing: /home/czg22/comp0250_s26_labs/install/cw2_world_spawner/share/cw2_world_spawner/models/cross_blue_30mm/model.sdf
[5.255s] -- Installing: /home/czg22/comp0250_s26_labs/install/cw2_world_spawner/share/cw2_world_spawner/models/cross_blue_30mm/cross_30mm_40H.STL
[5.255s] -- Installing: /home/czg22/comp0250_s26_labs/install/cw2_world_spawner/share/cw2_world_spawner/models/cross_blue_30mm/model.config
[5.256s] -- Installing: /home/czg22/comp0250_s26_labs/install/cw2_world_spawner/share/cw2_world_spawner/models/obstacle_2
[5.256s] -- Installing: /home/czg22/comp0250_s26_labs/install/cw2_world_spawner/share/cw2_world_spawner/models/obstacle_2/model.sdf
[5.256s] -- Installing: /home/czg22/comp0250_s26_labs/install/cw2_world_spawner/share/cw2_world_spawner/models/obstacle_2/model.config
[5.256s] -- Installing: /home/czg22/comp0250_s26_labs/install/cw2_world_spawner/share/cw2_world_spawner/models/nought_red_40mm
[5.257s] -- Installing: /home/czg22/comp0250_s26_labs/install/cw2_world_spawner/share/cw2_world_spawner/models/nought_red_40mm/model.sdf
[5.257s] -- Installing: /home/czg22/comp0250_s26_labs/install/cw2_world_spawner/share/cw2_world_spawner/models/nought_red_40mm/nought_40mm.STL
[5.257s] -- Installing: /home/czg22/comp0250_s26_labs/install/cw2_world_spawner/share/cw2_world_spawner/models/nought_red_40mm/model.config
[5.257s] -- Installing: /home/czg22/comp0250_s26_labs/install/cw2_world_spawner/share/cw2_world_spawner/models/cross_red_40mm
[5.258s] -- Installing: /home/czg22/comp0250_s26_labs/install/cw2_world_spawner/share/cw2_world_spawner/models/cross_red_40mm/model.sdf
[5.258s] -- Installing: /home/czg22/comp0250_s26_labs/install/cw2_world_spawner/share/cw2_world_spawner/models/cross_red_40mm/cross_40mm.STL
[5.258s] -- Installing: /home/czg22/comp0250_s26_labs/install/cw2_world_spawner/share/cw2_world_spawner/models/cross_red_40mm/model.config
[5.259s] -- Installing: /home/czg22/comp0250_s26_labs/install/cw2_world_spawner/share/cw2_world_spawner/models/nought_purple_20mm
[5.259s] -- Installing: /home/czg22/comp0250_s26_labs/install/cw2_world_spawner/share/cw2_world_spawner/models/nought_purple_20mm/model.sdf
[5.260s] -- Installing: /home/czg22/comp0250_s26_labs/install/cw2_world_spawner/share/cw2_world_spawner/models/nought_purple_20mm/nought_20mm_40H.STL
[5.260s] -- Installing: /home/czg22/comp0250_s26_labs/install/cw2_world_spawner/share/cw2_world_spawner/models/nought_purple_20mm/model.config
[5.260s] -- Installing: /home/czg22/comp0250_s26_labs/install/cw2_world_spawner/share/cw2_world_spawner/models/nought_blue_20mm
[5.260s] -- Installing: /home/czg22/comp0250_s26_labs/install/cw2_world_spawner/share/cw2_world_spawner/models/nought_blue_20mm/model.sdf
[5.261s] -- Installing: /home/czg22/comp0250_s26_labs/install/cw2_world_spawner/share/cw2_world_spawner/models/nought_blue_20mm/nought_20mm_40H.STL
[5.261s] -- Installing: /home/czg22/comp0250_s26_labs/install/cw2_world_spawner/share/cw2_world_spawner/models/nought_blue_20mm/model.config
[5.261s] -- Installing: /home/czg22/comp0250_s26_labs/install/cw2_world_spawner/share/cw2_world_spawner/models/basket
[5.261s] -- Installing: /home/czg22/comp0250_s26_labs/install/cw2_world_spawner/share/cw2_world_spawner/models/basket/model.sdf
[5.261s] -- Installing: /home/czg22/comp0250_s26_labs/install/cw2_world_spawner/share/cw2_world_spawner/models/basket/model.sdf.xmacro
[5.261s] -- Installing: /home/czg22/comp0250_s26_labs/install/cw2_world_spawner/share/cw2_world_spawner/models/basket/model.config
[5.262s] -- Installing: /home/czg22/comp0250_s26_labs/install/cw2_world_spawner/share/cw2_world_spawner/models/cross_purple_20mm
[5.262s] -- Installing: /home/czg22/comp0250_s26_labs/install/cw2_world_spawner/share/cw2_world_spawner/models/cross_purple_20mm/model.sdf
[5.262s] -- Installing: /home/czg22/comp0250_s26_labs/install/cw2_world_spawner/share/cw2_world_spawner/models/cross_purple_20mm/cross_40mm.STL
[5.263s] -- Installing: /home/czg22/comp0250_s26_labs/install/cw2_world_spawner/share/cw2_world_spawner/models/cross_purple_20mm/cross_20mm_40H.STL
[5.263s] -- Installing: /home/czg22/comp0250_s26_labs/install/cw2_world_spawner/share/cw2_world_spawner/models/cross_purple_20mm/model.config
[5.263s] -- Installing: /home/czg22/comp0250_s26_labs/install/cw2_world_spawner/share/cw2_world_spawner/models/cross_purple_30mm
[5.263s] -- Installing: /home/czg22/comp0250_s26_labs/install/cw2_world_spawner/share/cw2_world_spawner/models/cross_purple_30mm/model.sdf
[5.264s] -- Installing: /home/czg22/comp0250_s26_labs/install/cw2_world_spawner/share/cw2_world_spawner/models/cross_purple_30mm/cross_30mm_40H.STL
[5.264s] -- Installing: /home/czg22/comp0250_s26_labs/install/cw2_world_spawner/share/cw2_world_spawner/models/cross_purple_30mm/model.config
[5.264s] -- Installing: /home/czg22/comp0250_s26_labs/install/cw2_world_spawner/share/cw2_world_spawner/launch
[5.264s] -- Installing: /home/czg22/comp0250_s26_labs/install/cw2_world_spawner/share/cw2_world_spawner/launch/world_spawner.launch.py
[5.264s] -- Installing: /home/czg22/comp0250_s26_labs/install/cw2_world_spawner/share/ament_index/resource_index/package_run_dependencies/cw2_world_spawner
[5.264s] -- Installing: /home/czg22/comp0250_s26_labs/install/cw2_world_spawner/share/ament_index/resource_index/parent_prefix_path/cw2_world_spawner
[5.265s] -- Installing: /home/czg22/comp0250_s26_labs/install/cw2_world_spawner/share/cw2_world_spawner/environment/ament_prefix_path.sh
[5.265s] -- Installing: /home/czg22/comp0250_s26_labs/install/cw2_world_spawner/share/cw2_world_spawner/environment/ament_prefix_path.dsv
[5.265s] -- Installing: /home/czg22/comp0250_s26_labs/install/cw2_world_spawner/share/cw2_world_spawner/environment/path.sh
[5.265s] -- Installing: /home/czg22/comp0250_s26_labs/install/cw2_world_spawner/share/cw2_world_spawner/environment/path.dsv
[5.265s] -- Installing: /home/czg22/comp0250_s26_labs/install/cw2_world_spawner/share/cw2_world_spawner/local_setup.bash
[5.265s] -- Installing: /home/czg22/comp0250_s26_labs/install/cw2_world_spawner/share/cw2_world_spawner/local_setup.sh
[5.266s] -- Installing: /home/czg22/comp0250_s26_labs/install/cw2_world_spawner/share/cw2_world_spawner/local_setup.zsh
[5.266s] -- Installing: /home/czg22/comp0250_s26_labs/install/cw2_world_spawner/share/cw2_world_spawner/local_setup.dsv
[5.266s] -- Installing: /home/czg22/comp0250_s26_labs/install/cw2_world_spawner/share/cw2_world_spawner/package.dsv
[5.266s] -- Installing: /home/czg22/comp0250_s26_labs/install/cw2_world_spawner/share/ament_index/resource_index/packages/cw2_world_spawner
[5.266s] -- Installing: /home/czg22/comp0250_s26_labs/install/cw2_world_spawner/share/cw2_world_spawner/cmake/export_cw2_world_spawner__rosidl_generator_cExport.cmake
[5.267s] -- Installing: /home/czg22/comp0250_s26_labs/install/cw2_world_spawner/share/cw2_world_spawner/cmake/export_cw2_world_spawner__rosidl_generator_cExport-noconfig.cmake
[5.267s] -- Installing: /home/czg22/comp0250_s26_labs/install/cw2_world_spawner/share/cw2_world_spawner/cmake/export_cw2_world_spawner__rosidl_typesupport_fastrtps_cExport.cmake
[5.267s] -- Installing: /home/czg22/comp0250_s26_labs/install/cw2_world_spawner/share/cw2_world_spawner/cmake/export_cw2_world_spawner__rosidl_typesupport_fastrtps_cExport-noconfig.cmake
[5.267s] -- Installing: /home/czg22/comp0250_s26_labs/install/cw2_world_spawner/share/cw2_world_spawner/cmake/cw2_world_spawner__rosidl_typesupport_introspection_cExport.cmake
[5.267s] -- Installing: /home/czg22/comp0250_s26_labs/install/cw2_world_spawner/share/cw2_world_spawner/cmake/cw2_world_spawner__rosidl_typesupport_introspection_cExport-noconfig.cmake
[5.268s] -- Installing: /home/czg22/comp0250_s26_labs/install/cw2_world_spawner/share/cw2_world_spawner/cmake/cw2_world_spawner__rosidl_typesupport_cExport.cmake
[5.269s] -- Installing: /home/czg22/comp0250_s26_labs/install/cw2_world_spawner/share/cw2_world_spawner/cmake/cw2_world_spawner__rosidl_typesupport_cExport-noconfig.cmake
[5.269s] -- Installing: /home/czg22/comp0250_s26_labs/install/cw2_world_spawner/share/cw2_world_spawner/cmake/export_cw2_world_spawner__rosidl_generator_cppExport.cmake
[5.269s] -- Installing: /home/czg22/comp0250_s26_labs/install/cw2_world_spawner/share/cw2_world_spawner/cmake/export_cw2_world_spawner__rosidl_typesupport_fastrtps_cppExport.cmake
[5.269s] -- Installing: /home/czg22/comp0250_s26_labs/install/cw2_world_spawner/share/cw2_world_spawner/cmake/export_cw2_world_spawner__rosidl_typesupport_fastrtps_cppExport-noconfig.cmake
[5.269s] -- Installing: /home/czg22/comp0250_s26_labs/install/cw2_world_spawner/share/cw2_world_spawner/cmake/cw2_world_spawner__rosidl_typesupport_introspection_cppExport.cmake
[5.269s] -- Installing: /home/czg22/comp0250_s26_labs/install/cw2_world_spawner/share/cw2_world_spawner/cmake/cw2_world_spawner__rosidl_typesupport_introspection_cppExport-noconfig.cmake
[5.270s] -- Installing: /home/czg22/comp0250_s26_labs/install/cw2_world_spawner/share/cw2_world_spawner/cmake/cw2_world_spawner__rosidl_typesupport_cppExport.cmake
[5.270s] -- Installing: /home/czg22/comp0250_s26_labs/install/cw2_world_spawner/share/cw2_world_spawner/cmake/cw2_world_spawner__rosidl_typesupport_cppExport-noconfig.cmake
[5.270s] -- Installing: /home/czg22/comp0250_s26_labs/install/cw2_world_spawner/share/cw2_world_spawner/cmake/export_cw2_world_spawner__rosidl_generator_pyExport.cmake
[5.270s] -- Installing: /home/czg22/comp0250_s26_labs/install/cw2_world_spawner/share/cw2_world_spawner/cmake/export_cw2_world_spawner__rosidl_generator_pyExport-noconfig.cmake
[5.270s] -- Installing: /home/czg22/comp0250_s26_labs/install/cw2_world_spawner/share/cw2_world_spawner/cmake/rosidl_cmake-extras.cmake
[5.271s] -- Installing: /home/czg22/comp0250_s26_labs/install/cw2_world_spawner/share/cw2_world_spawner/cmake/ament_cmake_export_dependencies-extras.cmake
[5.271s] -- Installing: /home/czg22/comp0250_s26_labs/install/cw2_world_spawner/share/cw2_world_spawner/cmake/ament_cmake_export_include_directories-extras.cmake
[5.271s] -- Installing: /home/czg22/comp0250_s26_labs/install/cw2_world_spawner/share/cw2_world_spawner/cmake/ament_cmake_export_libraries-extras.cmake
[5.271s] -- Installing: /home/czg22/comp0250_s26_labs/install/cw2_world_spawner/share/cw2_world_spawner/cmake/ament_cmake_export_targets-extras.cmake
[5.271s] -- Installing: /home/czg22/comp0250_s26_labs/install/cw2_world_spawner/share/cw2_world_spawner/cmake/rosidl_cmake_export_typesupport_targets-extras.cmake
[5.272s] -- Installing: /home/czg22/comp0250_s26_labs/install/cw2_world_spawner/share/cw2_world_spawner/cmake/rosidl_cmake_export_typesupport_libraries-extras.cmake
[5.272s] -- Installing: /home/czg22/comp0250_s26_labs/install/cw2_world_spawner/share/cw2_world_spawner/cmake/cw2_world_spawnerConfig.cmake
[5.272s] -- Installing: /home/czg22/comp0250_s26_labs/install/cw2_world_spawner/share/cw2_world_spawner/cmake/cw2_world_spawnerConfig-version.cmake
[5.272s] -- Installing: /home/czg22/comp0250_s26_labs/install/cw2_world_spawner/share/cw2_world_spawner/package.xml
[5.296s] Invoked command in '/home/czg22/comp0250_s26_labs/build/cw2_world_spawner' returned '0': CMAKE_PREFIX_PATH=${CMAKE_PREFIX_PATH}:/home/czg22/ws_moveit2/install/moveit_configs_utils:/home/czg22/ws_moveit2/install/launch_param_builder:/opt/ros/humble /usr/bin/cmake --install /home/czg22/comp0250_s26_labs/build/cw2_world_spawner
