[  2%] Built target cw2_team_14__cpp
[ 11%] Built target cw2_team_14__rosidl_generator_c
[ 20%] Built target cw2_team_14__rosidl_typesupport_cpp
[ 20%] Built target ament_cmake_python_copy_cw2_team_14
[ 28%] Built target cw2_team_14__rosidl_typesupport_fastrtps_c
[ 37%] Built target cw2_team_14__rosidl_typesupport_introspection_c
[ 51%] Built target cw2_team_14__rosidl_typesupport_fastrtps_cpp
[ 54%] Built target cw2_team_14__rosidl_typesupport_c
[ 62%] Built target cw2_team_14__rosidl_typesupport_introspection_cpp
[35m[1mConsolidate compiler generated dependencies of target cw2_team_14_cw2_class_lib[0m
[ 65%] [32mBuilding CXX object CMakeFiles/cw2_team_14_cw2_class_lib.dir/src/cw2_class.cpp.o[0m
running egg_info
writing cw2_team_14.egg-info/PKG-INFO
writing dependency_links to cw2_team_14.egg-info/dependency_links.txt
writing top-level names to cw2_team_14.egg-info/top_level.txt
reading manifest file 'cw2_team_14.egg-info/SOURCES.txt'
writing manifest file 'cw2_team_14.egg-info/SOURCES.txt'
[ 65%] Built target ament_cmake_python_build_cw2_team_14_egg
[ 65%] Built target cw2_team_14
[ 68%] Built target cw2_team_14__py
[ 74%] Built target cw2_team_14__rosidl_generator_py
[ 80%] Built target cw2_team_14__rosidl_typesupport_fastrtps_c__pyext
[ 85%] Built target cw2_team_14__rosidl_typesupport_introspection_c__pyext
[ 91%] Built target cw2_team_14__rosidl_typesupport_c__pyext
In file included from [01m[K/home/bizare/Desktop/cw2_team_14/src/courseworks/cw2_team_14/src/cw2_class.cpp:6[m[K:
[01m[K/home/bizare/Desktop/cw2_team_14/src/courseworks/cw2_team_14/include/cw2_class.h:82:8:[m[K [01;31m[Kerror: [m[Kextra qualification ‘[01m[Kcw2::[m[K’ on member ‘[01m[Kexecute_cartesian_path[m[K’ [[01;31m[K]8;;https://gcc.gnu.org/onlinedocs/gcc/Warning-Options.html#index-fpermissive-fpermissive]8;;[m[K]
   82 |   bool [01;31m[Kcw2[m[K::execute_cartesian_path(
      |        [01;31m[K^~~[m[K
[01m[K/home/bizare/Desktop/cw2_team_14/src/courseworks/cw2_team_14/include/cw2_class.h:85:24:[m[K [01;31m[Kerror: [m[Kexpected ‘[01m[K;[m[K’ at end of member declaration
   85 |     double min_fraction[01;31m[K)[m[K
      |                        [01;31m[K^[m[K
      |                         [32m[K;[m[K
[01m[K/home/bizare/Desktop/cw2_team_14/src/courseworks/cw2_team_14/include/cw2_class.h:86:8:[m[K [01;31m[Kerror: [m[Kextra qualification ‘[01m[Kcw2::[m[K’ on member ‘[01m[Kexecute_cartesian_path[m[K’ [[01;31m[K]8;;https://gcc.gnu.org/onlinedocs/gcc/Warning-Options.html#index-fpermissive-fpermissive]8;;[m[K]
   86 |   bool [01;31m[Kcw2[m[K::execute_cartesian_path(
      |        [01;31m[K^~~[m[K
[01m[K/home/bizare/Desktop/cw2_team_14/src/courseworks/cw2_team_14/include/cw2_class.h:89:24:[m[K [01;31m[Kerror: [m[Kexpected ‘[01m[K;[m[K’ at end of member declaration
   89 |     double min_fraction[01;31m[K)[m[K
      |                        [01;31m[K^[m[K
      |                         [32m[K;[m[K
[01m[K/home/bizare/Desktop/cw2_team_14/src/courseworks/cw2_team_14/include/cw2_class.h:86:8:[m[K [01;31m[Kerror: [m[K‘[01m[Kbool cw2::execute_cartesian_path(moveit::planning_interface::MoveGroupInterface&, const std::vector<geometry_msgs::msg::Pose_<std::allocator<void> > >&, double)[m[K’ cannot be overloaded with ‘[01m[Kbool cw2::execute_cartesian_path(moveit::planning_interface::MoveGroupInterface&, const std::vector<geometry_msgs::msg::Pose_<std::allocator<void> > >&, double)[m[K’
   86 |   bool [01;31m[Kcw2[m[K::execute_cartesian_path(
      |        [01;31m[K^~~[m[K
[01m[K/home/bizare/Desktop/cw2_team_14/src/courseworks/cw2_team_14/include/cw2_class.h:82:8:[m[K [01;36m[Knote: [m[Kprevious declaration ‘[01m[Kbool cw2::execute_cartesian_path(moveit::planning_interface::MoveGroupInterface&, const std::vector<geometry_msgs::msg::Pose_<std::allocator<void> > >&, double)[m[K’
   82 |   bool [01;36m[Kcw2[m[K::execute_cartesian_path(
      |        [01;36m[K^~~[m[K
[01m[K/home/bizare/Desktop/cw2_team_14/src/courseworks/cw2_team_14/src/cw2_class.cpp:[m[K In member function ‘[01m[Kbool cw2::execute_cartesian_path(moveit::planning_interface::MoveGroupInterface&, const std::vector<geometry_msgs::msg::Pose_<std::allocator<void> > >&, double)[m[K’:
[01m[K/home/bizare/Desktop/cw2_team_14/src/courseworks/cw2_team_14/src/cw2_class.cpp:218:5:[m[K [01;31m[Kerror: [m[K‘[01m[Kcartesian_eef_step_[m[K’ was not declared in this scope
  218 |     [01;31m[Kcartesian_eef_step_[m[K,
      |     [01;31m[K^~~~~~~~~~~~~~~~~~~[m[K
[01m[K/home/bizare/Desktop/cw2_team_14/src/courseworks/cw2_team_14/src/cw2_class.cpp:219:5:[m[K [01;31m[Kerror: [m[K‘[01m[Kcartesian_jump_threshold_[m[K’ was not declared in this scope; did you mean ‘[01m[Krcl_jump_threshold_t[m[K’?
  219 |     [01;31m[Kcartesian_jump_threshold_[m[K,
      |     [01;31m[K^~~~~~~~~~~~~~~~~~~~~~~~~[m[K
      |     [32m[Krcl_jump_threshold_t[m[K
gmake[2]: *** [CMakeFiles/cw2_team_14_cw2_class_lib.dir/build.make:76: CMakeFiles/cw2_team_14_cw2_class_lib.dir/src/cw2_class.cpp.o] Error 1
gmake[1]: *** [CMakeFiles/Makefile2:595: CMakeFiles/cw2_team_14_cw2_class_lib.dir/all] Error 2
gmake: *** [Makefile:146: all] Error 2
