[0.014s] Invoking command in '/home/bizare/Desktop/cw2_team_14/build/cw2_team_14': CMAKE_PREFIX_PATH=/home/bizare/Desktop/cw2_team_14/install/cw2_world_spawner:/home/bizare/Desktop/cw2_team_14/install/rpl_panda_with_rs:/home/bizare/Desktop/cw2_team_14/install/realsense_gazebo_plugin:/home/bizare/Desktop/cw2_team_14/install/panda_moveit_config:/home/bizare/Desktop/cw2_team_14/install/panda_description:/home/bizare/Desktop/cw2_team_14/install/cw2_team_14:/home/bizare/Desktop/cw2_team_14/install/cw1_world_spawner:/opt/ros/humble LD_LIBRARY_PATH=/home/bizare/Desktop/cw2_team_14/install/cw2_world_spawner/lib:/home/bizare/Desktop/cw2_team_14/install/realsense_gazebo_plugin/lib:/home/bizare/Desktop/cw2_team_14/install/cw2_team_14/lib:/home/bizare/Desktop/cw2_team_14/install/cw1_world_spawner/lib:/usr/lib/x86_64-linux-gnu/gazebo-11/plugins:/opt/ros/humble/opt/rviz_ogre_vendor/lib:/opt/ros/humble/lib/x86_64-linux-gnu:/opt/ros/humble/lib /usr/bin/cmake --build /home/bizare/Desktop/cw2_team_14/build/cw2_team_14 -- -j2 -l2
[0.121s] [  2%] Built target cw2_team_14__cpp
[0.122s] [ 11%] Built target cw2_team_14__rosidl_generator_c
[0.158s] [ 20%] Built target cw2_team_14__rosidl_typesupport_cpp
[0.161s] [ 20%] Built target ament_cmake_python_copy_cw2_team_14
[0.181s] [ 28%] Built target cw2_team_14__rosidl_typesupport_fastrtps_c
[0.182s] [ 37%] Built target cw2_team_14__rosidl_typesupport_introspection_c
[0.202s] [ 51%] Built target cw2_team_14__rosidl_typesupport_fastrtps_cpp
[0.203s] [ 54%] Built target cw2_team_14__rosidl_typesupport_c
[0.227s] [ 62%] Built target cw2_team_14__rosidl_typesupport_introspection_cpp
[0.243s] [35m[1mConsolidate compiler generated dependencies of target cw2_team_14_cw2_class_lib[0m
[0.306s] [ 65%] [32mBuilding CXX object CMakeFiles/cw2_team_14_cw2_class_lib.dir/src/cw2_class.cpp.o[0m
[0.453s] running egg_info
[0.457s] writing cw2_team_14.egg-info/PKG-INFO
[0.457s] writing dependency_links to cw2_team_14.egg-info/dependency_links.txt
[0.457s] writing top-level names to cw2_team_14.egg-info/top_level.txt
[0.463s] reading manifest file 'cw2_team_14.egg-info/SOURCES.txt'
[0.463s] writing manifest file 'cw2_team_14.egg-info/SOURCES.txt'
[0.536s] [ 65%] Built target ament_cmake_python_build_cw2_team_14_egg
[0.584s] [ 65%] Built target cw2_team_14
[0.644s] [ 68%] Built target cw2_team_14__py
[0.688s] [ 74%] Built target cw2_team_14__rosidl_generator_py
[0.727s] [ 80%] Built target cw2_team_14__rosidl_typesupport_fastrtps_c__pyext
[0.775s] [ 85%] Built target cw2_team_14__rosidl_typesupport_introspection_c__pyext
[0.821s] [ 91%] Built target cw2_team_14__rosidl_typesupport_c__pyext
[6.962s] In file included from [01m[K/home/bizare/Desktop/cw2_team_14/src/courseworks/cw2_team_14/src/cw2_class.cpp:6[m[K:
[6.962s] [01m[K/home/bizare/Desktop/cw2_team_14/src/courseworks/cw2_team_14/include/cw2_class.h:82:8:[m[K [01;31m[Kerror: [m[Kextra qualification ‘[01m[Kcw2::[m[K’ on member ‘[01m[Kexecute_cartesian_path[m[K’ [[01;31m[K]8;;https://gcc.gnu.org/onlinedocs/gcc/Warning-Options.html#index-fpermissive-fpermissive]8;;[m[K]
[6.962s]    82 |   bool [01;31m[Kcw2[m[K::execute_cartesian_path(
[6.963s]       |        [01;31m[K^~~[m[K
[6.963s] [01m[K/home/bizare/Desktop/cw2_team_14/src/courseworks/cw2_team_14/include/cw2_class.h:85:24:[m[K [01;31m[Kerror: [m[Kexpected ‘[01m[K;[m[K’ at end of member declaration
[6.963s]    85 |     double min_fraction[01;31m[K)[m[K
[6.963s]       |                        [01;31m[K^[m[K
[6.963s]       |                         [32m[K;[m[K
[6.963s] [01m[K/home/bizare/Desktop/cw2_team_14/src/courseworks/cw2_team_14/include/cw2_class.h:86:8:[m[K [01;31m[Kerror: [m[Kextra qualification ‘[01m[Kcw2::[m[K’ on member ‘[01m[Kexecute_cartesian_path[m[K’ [[01;31m[K]8;;https://gcc.gnu.org/onlinedocs/gcc/Warning-Options.html#index-fpermissive-fpermissive]8;;[m[K]
[6.967s]    86 |   bool [01;31m[Kcw2[m[K::execute_cartesian_path(
[6.967s]       |        [01;31m[K^~~[m[K
[6.967s] [01m[K/home/bizare/Desktop/cw2_team_14/src/courseworks/cw2_team_14/include/cw2_class.h:89:24:[m[K [01;31m[Kerror: [m[Kexpected ‘[01m[K;[m[K’ at end of member declaration
[6.968s]    89 |     double min_fraction[01;31m[K)[m[K
[6.968s]       |                        [01;31m[K^[m[K
[6.968s]       |                         [32m[K;[m[K
[6.968s] [01m[K/home/bizare/Desktop/cw2_team_14/src/courseworks/cw2_team_14/include/cw2_class.h:86:8:[m[K [01;31m[Kerror: [m[K‘[01m[Kbool cw2::execute_cartesian_path(moveit::planning_interface::MoveGroupInterface&, const std::vector<geometry_msgs::msg::Pose_<std::allocator<void> > >&, double)[m[K’ cannot be overloaded with ‘[01m[Kbool cw2::execute_cartesian_path(moveit::planning_interface::MoveGroupInterface&, const std::vector<geometry_msgs::msg::Pose_<std::allocator<void> > >&, double)[m[K’
[6.968s]    86 |   bool [01;31m[Kcw2[m[K::execute_cartesian_path(
[6.969s]       |        [01;31m[K^~~[m[K
[6.969s] [01m[K/home/bizare/Desktop/cw2_team_14/src/courseworks/cw2_team_14/include/cw2_class.h:82:8:[m[K [01;36m[Knote: [m[Kprevious declaration ‘[01m[Kbool cw2::execute_cartesian_path(moveit::planning_interface::MoveGroupInterface&, const std::vector<geometry_msgs::msg::Pose_<std::allocator<void> > >&, double)[m[K’
[6.969s]    82 |   bool [01;36m[Kcw2[m[K::execute_cartesian_path(
[6.969s]       |        [01;36m[K^~~[m[K
[7.048s] [01m[K/home/bizare/Desktop/cw2_team_14/src/courseworks/cw2_team_14/src/cw2_class.cpp:[m[K In member function ‘[01m[Kbool cw2::execute_cartesian_path(moveit::planning_interface::MoveGroupInterface&, const std::vector<geometry_msgs::msg::Pose_<std::allocator<void> > >&, double)[m[K’:
[7.048s] [01m[K/home/bizare/Desktop/cw2_team_14/src/courseworks/cw2_team_14/src/cw2_class.cpp:218:5:[m[K [01;31m[Kerror: [m[K‘[01m[Kcartesian_eef_step_[m[K’ was not declared in this scope
[7.048s]   218 |     [01;31m[Kcartesian_eef_step_[m[K,
[7.048s]       |     [01;31m[K^~~~~~~~~~~~~~~~~~~[m[K
[7.069s] [01m[K/home/bizare/Desktop/cw2_team_14/src/courseworks/cw2_team_14/src/cw2_class.cpp:219:5:[m[K [01;31m[Kerror: [m[K‘[01m[Kcartesian_jump_threshold_[m[K’ was not declared in this scope; did you mean ‘[01m[Krcl_jump_threshold_t[m[K’?
[7.070s]   219 |     [01;31m[Kcartesian_jump_threshold_[m[K,
[7.070s]       |     [01;31m[K^~~~~~~~~~~~~~~~~~~~~~~~~[m[K
[7.070s]       |     [32m[Krcl_jump_threshold_t[m[K
[12.103s] gmake[2]: *** [CMakeFiles/cw2_team_14_cw2_class_lib.dir/build.make:76: CMakeFiles/cw2_team_14_cw2_class_lib.dir/src/cw2_class.cpp.o] Error 1
[12.104s] gmake[1]: *** [CMakeFiles/Makefile2:595: CMakeFiles/cw2_team_14_cw2_class_lib.dir/all] Error 2
[12.104s] gmake: *** [Makefile:146: all] Error 2
[12.108s] Invoked command in '/home/bizare/Desktop/cw2_team_14/build/cw2_team_14' returned '2': CMAKE_PREFIX_PATH=/home/bizare/Desktop/cw2_team_14/install/cw2_world_spawner:/home/bizare/Desktop/cw2_team_14/install/rpl_panda_with_rs:/home/bizare/Desktop/cw2_team_14/install/realsense_gazebo_plugin:/home/bizare/Desktop/cw2_team_14/install/panda_moveit_config:/home/bizare/Desktop/cw2_team_14/install/panda_description:/home/bizare/Desktop/cw2_team_14/install/cw2_team_14:/home/bizare/Desktop/cw2_team_14/install/cw1_world_spawner:/opt/ros/humble LD_LIBRARY_PATH=/home/bizare/Desktop/cw2_team_14/install/cw2_world_spawner/lib:/home/bizare/Desktop/cw2_team_14/install/realsense_gazebo_plugin/lib:/home/bizare/Desktop/cw2_team_14/install/cw2_team_14/lib:/home/bizare/Desktop/cw2_team_14/install/cw1_world_spawner/lib:/usr/lib/x86_64-linux-gnu/gazebo-11/plugins:/opt/ros/humble/opt/rviz_ogre_vendor/lib:/opt/ros/humble/lib/x86_64-linux-gnu:/opt/ros/humble/lib /usr/bin/cmake --build /home/bizare/Desktop/cw2_team_14/build/cw2_team_14 -- -j2 -l2
