[0.053s] Invoking command in '/home/czg22/comp0250_s26_labs/build/cw2_team_14': CMAKE_PREFIX_PATH=/home/czg22/comp0250_s26_labs/install/cw2_world_spawner:/home/czg22/comp0250_s26_labs/install/rpl_panda_with_rs:/home/czg22/comp0250_s26_labs/install/realsense_gazebo_plugin:/home/czg22/comp0250_s26_labs/install/perception_pipeline_humble_demo:/home/czg22/comp0250_s26_labs/install/pcl_tutorial:/home/czg22/comp0250_s26_labs/install/pcl_demo:/home/czg22/comp0250_s26_labs/install/panda_moveit_config:/home/czg22/comp0250_s26_labs/install/panda_description:/home/czg22/comp0250_s26_labs/install/cw2_team_14:/home/czg22/comp0250_s26_labs/install/cw1_team_x:/home/czg22/comp0250_s26_labs/install/cw1_team_14:/home/czg22/comp0250_s26_labs/install/cw1_world_spawner:/home/czg22/ws_moveit2/install/pilz_industrial_motion_planner_testutils:/home/czg22/ws_moveit2/install/moveit_runtime:/home/czg22/ws_moveit2/install/moveit2_tutorials:/home/czg22/ws_moveit2/install/moveit:/home/czg22/ws_moveit2/install/moveit_planners:/home/czg22/ws_moveit2/install/pilz_industrial_motion_planner:/home/czg22/ws_moveit2/install/mtc_tutorial:/home/czg22/ws_moveit2/install/moveit_visual_tools:/home/czg22/ws_moveit2/install/moveit_task_constructor_visualization:/home/czg22/ws_moveit2/install/moveit_task_constructor_demo:/home/czg22/ws_moveit2/install/moveit_task_constructor_capabilities:/home/czg22/ws_moveit2/install/moveit_task_constructor_core:/home/czg22/ws_moveit2/install/moveit_ros_control_interface:/home/czg22/ws_moveit2/install/moveit_plugins:/home/czg22/ws_moveit2/install/moveit_simple_controller_manager:/home/czg22/ws_moveit2/install/moveit_setup_assistant:/home/czg22/ws_moveit2/install/moveit_setup_srdf_plugins:/home/czg22/ws_moveit2/install/moveit_setup_core_plugins:/home/czg22/ws_moveit2/install/moveit_setup_controllers:/home/czg22/ws_moveit2/install/moveit_setup_app_plugins:/home/czg22/ws_moveit2/install/moveit_setup_framework:/home/czg22/ws_moveit2/install/moveit_servo:/home/czg22/ws_moveit2/install/moveit_ros:/home/czg22/ws_moveit2/install/moveit_ros_visualization:/home/czg22/ws_moveit2/install/moveit_py:/home/czg22/ws_moveit2/install/moveit_hybrid_planning:/home/czg22/ws_moveit2/install/moveit_ros_planning_interface:/home/czg22/ws_moveit2/install/moveit_ros_benchmarks:/home/czg22/ws_moveit2/install/moveit_ros_warehouse:/home/czg22/ws_moveit2/install/moveit_ros_robot_interaction:/home/czg22/ws_moveit2/install/moveit_ros_perception:/home/czg22/ws_moveit2/install/moveit_resources_prbt_pg70_support:/home/czg22/ws_moveit2/install/moveit_resources_prbt_moveit_config:/home/czg22/ws_moveit2/install/moveit_ros_move_group:/home/czg22/ws_moveit2/install/moveit_planners_ompl:/home/czg22/ws_moveit2/install/moveit_ros_planning:/home/czg22/ws_moveit2/install/moveit_ros_occupancy_map_monitor:/home/czg22/ws_moveit2/install/moveit_resources_prbt_ikfast_manipulator_plugin:/home/czg22/ws_moveit2/install/moveit_planners_chomp:/home/czg22/ws_moveit2/install/moveit_kinematics:/home/czg22/ws_moveit2/install/moveit_chomp_optimizer_adapter:/home/czg22/ws_moveit2/install/chomp_motion_planner:/home/czg22/ws_moveit2/install/moveit_core:/home/czg22/ws_moveit2/install/srdfdom:/home/czg22/ws_moveit2/install/rviz_marker_tools:/home/czg22/ws_moveit2/install/rosparam_shortcuts:/home/czg22/ws_moveit2/install/moveit_task_constructor_msgs:/home/czg22/ws_moveit2/install/moveit_resources_prbt_support:/home/czg22/ws_moveit2/install/moveit_resources:/home/czg22/ws_moveit2/install/moveit_resources_pr2_description:/home/czg22/ws_moveit2/install/moveit_resources_panda_moveit_config:/home/czg22/ws_moveit2/install/moveit_resources_panda_description:/home/czg22/ws_moveit2/install/moveit_resources_fanuc_moveit_config:/home/czg22/ws_moveit2/install/moveit_resources_fanuc_description:/home/czg22/ws_moveit2/install/moveit_common:/home/czg22/ws_moveit2/install/moveit_configs_utils:/home/czg22/ws_moveit2/install/launch_param_builder:/opt/ros/humble LD_LIBRARY_PATH=/home/czg22/comp0250_s26_labs/install/cw2_world_spawner/lib:/home/czg22/comp0250_s26_labs/install/realsense_gazebo_plugin/lib:/home/czg22/comp0250_s26_labs/install/cw2_team_14/lib:/home/czg22/comp0250_s26_labs/install/cw1_team_x/lib:/home/czg22/comp0250_s26_labs/install/cw1_team_14/lib:/home/czg22/comp0250_s26_labs/install/cw1_world_spawner/lib:/home/czg22/ws_moveit2/install/pilz_industrial_motion_planner_testutils/lib:/home/czg22/ws_moveit2/install/pilz_industrial_motion_planner/lib:/home/czg22/ws_moveit2/install/moveit_visual_tools/lib:/home/czg22/ws_moveit2/install/moveit_task_constructor_visualization/lib:/home/czg22/ws_moveit2/install/moveit_task_constructor_demo/lib:/home/czg22/ws_moveit2/install/moveit_task_constructor_capabilities/lib:/home/czg22/ws_moveit2/install/moveit_task_constructor_core/lib:/home/czg22/ws_moveit2/install/moveit_ros_control_interface/lib:/home/czg22/ws_moveit2/install/moveit_simple_controller_manager/lib:/home/czg22/ws_moveit2/install/moveit_setup_assistant/lib:/home/czg22/ws_moveit2/install/moveit_setup_srdf_plugins/lib:/home/czg22/ws_moveit2/install/moveit_setup_core_plugins/lib:/home/czg22/ws_moveit2/install/moveit_setup_controllers/lib:/home/czg22/ws_moveit2/install/moveit_setup_app_plugins/lib:/home/czg22/ws_moveit2/install/moveit_setup_framework/lib:/home/czg22/ws_moveit2/install/moveit_servo/lib:/home/czg22/ws_moveit2/install/moveit_ros_visualization/lib:/home/czg22/ws_moveit2/install/moveit_py/lib:/home/czg22/ws_moveit2/install/moveit_hybrid_planning/lib:/home/czg22/ws_moveit2/install/moveit_ros_planning_interface/lib:/home/czg22/ws_moveit2/install/moveit_ros_benchmarks/lib:/home/czg22/ws_moveit2/install/moveit_ros_warehouse/lib:/home/czg22/ws_moveit2/install/moveit_ros_robot_interaction/lib:/home/czg22/ws_moveit2/install/moveit_ros_perception/lib:/home/czg22/ws_moveit2/install/moveit_ros_move_group/lib:/home/czg22/ws_moveit2/install/moveit_planners_ompl/lib:/home/czg22/ws_moveit2/install/moveit_ros_planning/lib:/home/czg22/ws_moveit2/install/moveit_ros_occupancy_map_monitor/lib:/home/czg22/ws_moveit2/install/moveit_resources_prbt_ikfast_manipulator_plugin/lib:/home/czg22/ws_moveit2/install/moveit_planners_chomp/lib:/home/czg22/ws_moveit2/install/moveit_kinematics/lib:/home/czg22/ws_moveit2/install/moveit_chomp_optimizer_adapter/lib:/home/czg22/ws_moveit2/install/chomp_motion_planner/lib:/home/czg22/ws_moveit2/install/moveit_core/lib:/home/czg22/ws_moveit2/install/srdfdom/lib:/home/czg22/ws_moveit2/install/rviz_marker_tools/lib:/home/czg22/ws_moveit2/install/rosparam_shortcuts/lib:/home/czg22/ws_moveit2/install/moveit_task_constructor_msgs/lib:/usr/lib/x86_64-linux-gnu/gazebo-11/plugins:/opt/ros/humble/opt/rviz_ogre_vendor/lib:/opt/ros/humble/lib/x86_64-linux-gnu:/opt/ros/humble/lib /usr/bin/cmake --build /home/czg22/comp0250_s26_labs/build/cw2_team_14 -- -j32 -l32
[0.149s] [  8%] Built target cw2_team_14__rosidl_generator_c
[0.150s] [ 11%] Built target cw2_team_14__cpp
[0.167s] [ 11%] Built target ament_cmake_python_copy_cw2_team_14
[0.189s] [ 25%] Built target cw2_team_14__rosidl_typesupport_introspection_c
[0.190s] [ 28%] Built target cw2_team_14__rosidl_typesupport_c
[0.191s] [ 37%] Built target cw2_team_14__rosidl_typesupport_fastrtps_c
[0.191s] [ 45%] Built target cw2_team_14__rosidl_typesupport_cpp
[0.193s] [ 62%] Built target cw2_team_14__rosidl_typesupport_fastrtps_cpp
[0.193s] [ 62%] Built target cw2_team_14__rosidl_typesupport_introspection_cpp
[0.217s] [35m[1mConsolidate compiler generated dependencies of target cw2_team_14_cw2_class_lib[0m
[0.234s] [ 62%] Built target cw2_team_14
[0.261s] [ 68%] Built target cw2_team_14_cw2_class_lib
[0.276s] [ 71%] Built target cw2_team_14__py
[0.314s] [ 77%] Built target cw2_solution_node
[0.316s] [ 82%] Built target cw2_team_14__rosidl_generator_py
[0.356s] running egg_info
[0.356s] [ 94%] Built target cw2_team_14__rosidl_typesupport_introspection_c__pyext
[0.357s] writing cw2_team_14.egg-info/PKG-INFO
[0.357s] [ 97%] Built target cw2_team_14__rosidl_typesupport_c__pyext
[0.357s] [100%] Built target cw2_team_14__rosidl_typesupport_fastrtps_c__pyext
[0.357s] writing dependency_links to cw2_team_14.egg-info/dependency_links.txt
[0.357s] writing top-level names to cw2_team_14.egg-info/top_level.txt
[0.359s] reading manifest file 'cw2_team_14.egg-info/SOURCES.txt'
[0.359s] writing manifest file 'cw2_team_14.egg-info/SOURCES.txt'
[0.388s] [100%] Built target ament_cmake_python_build_cw2_team_14_egg
[0.406s] Invoked command in '/home/czg22/comp0250_s26_labs/build/cw2_team_14' returned '0': CMAKE_PREFIX_PATH=/home/czg22/comp0250_s26_labs/install/cw2_world_spawner:/home/czg22/comp0250_s26_labs/install/rpl_panda_with_rs:/home/czg22/comp0250_s26_labs/install/realsense_gazebo_plugin:/home/czg22/comp0250_s26_labs/install/perception_pipeline_humble_demo:/home/czg22/comp0250_s26_labs/install/pcl_tutorial:/home/czg22/comp0250_s26_labs/install/pcl_demo:/home/czg22/comp0250_s26_labs/install/panda_moveit_config:/home/czg22/comp0250_s26_labs/install/panda_description:/home/czg22/comp0250_s26_labs/install/cw2_team_14:/home/czg22/comp0250_s26_labs/install/cw1_team_x:/home/czg22/comp0250_s26_labs/install/cw1_team_14:/home/czg22/comp0250_s26_labs/install/cw1_world_spawner:/home/czg22/ws_moveit2/install/pilz_industrial_motion_planner_testutils:/home/czg22/ws_moveit2/install/moveit_runtime:/home/czg22/ws_moveit2/install/moveit2_tutorials:/home/czg22/ws_moveit2/install/moveit:/home/czg22/ws_moveit2/install/moveit_planners:/home/czg22/ws_moveit2/install/pilz_industrial_motion_planner:/home/czg22/ws_moveit2/install/mtc_tutorial:/home/czg22/ws_moveit2/install/moveit_visual_tools:/home/czg22/ws_moveit2/install/moveit_task_constructor_visualization:/home/czg22/ws_moveit2/install/moveit_task_constructor_demo:/home/czg22/ws_moveit2/install/moveit_task_constructor_capabilities:/home/czg22/ws_moveit2/install/moveit_task_constructor_core:/home/czg22/ws_moveit2/install/moveit_ros_control_interface:/home/czg22/ws_moveit2/install/moveit_plugins:/home/czg22/ws_moveit2/install/moveit_simple_controller_manager:/home/czg22/ws_moveit2/install/moveit_setup_assistant:/home/czg22/ws_moveit2/install/moveit_setup_srdf_plugins:/home/czg22/ws_moveit2/install/moveit_setup_core_plugins:/home/czg22/ws_moveit2/install/moveit_setup_controllers:/home/czg22/ws_moveit2/install/moveit_setup_app_plugins:/home/czg22/ws_moveit2/install/moveit_setup_framework:/home/czg22/ws_moveit2/install/moveit_servo:/home/czg22/ws_moveit2/install/moveit_ros:/home/czg22/ws_moveit2/install/moveit_ros_visualization:/home/czg22/ws_moveit2/install/moveit_py:/home/czg22/ws_moveit2/install/moveit_hybrid_planning:/home/czg22/ws_moveit2/install/moveit_ros_planning_interface:/home/czg22/ws_moveit2/install/moveit_ros_benchmarks:/home/czg22/ws_moveit2/install/moveit_ros_warehouse:/home/czg22/ws_moveit2/install/moveit_ros_robot_interaction:/home/czg22/ws_moveit2/install/moveit_ros_perception:/home/czg22/ws_moveit2/install/moveit_resources_prbt_pg70_support:/home/czg22/ws_moveit2/install/moveit_resources_prbt_moveit_config:/home/czg22/ws_moveit2/install/moveit_ros_move_group:/home/czg22/ws_moveit2/install/moveit_planners_ompl:/home/czg22/ws_moveit2/install/moveit_ros_planning:/home/czg22/ws_moveit2/install/moveit_ros_occupancy_map_monitor:/home/czg22/ws_moveit2/install/moveit_resources_prbt_ikfast_manipulator_plugin:/home/czg22/ws_moveit2/install/moveit_planners_chomp:/home/czg22/ws_moveit2/install/moveit_kinematics:/home/czg22/ws_moveit2/install/moveit_chomp_optimizer_adapter:/home/czg22/ws_moveit2/install/chomp_motion_planner:/home/czg22/ws_moveit2/install/moveit_core:/home/czg22/ws_moveit2/install/srdfdom:/home/czg22/ws_moveit2/install/rviz_marker_tools:/home/czg22/ws_moveit2/install/rosparam_shortcuts:/home/czg22/ws_moveit2/install/moveit_task_constructor_msgs:/home/czg22/ws_moveit2/install/moveit_resources_prbt_support:/home/czg22/ws_moveit2/install/moveit_resources:/home/czg22/ws_moveit2/install/moveit_resources_pr2_description:/home/czg22/ws_moveit2/install/moveit_resources_panda_moveit_config:/home/czg22/ws_moveit2/install/moveit_resources_panda_description:/home/czg22/ws_moveit2/install/moveit_resources_fanuc_moveit_config:/home/czg22/ws_moveit2/install/moveit_resources_fanuc_description:/home/czg22/ws_moveit2/install/moveit_common:/home/czg22/ws_moveit2/install/moveit_configs_utils:/home/czg22/ws_moveit2/install/launch_param_builder:/opt/ros/humble LD_LIBRARY_PATH=/home/czg22/comp0250_s26_labs/install/cw2_world_spawner/lib:/home/czg22/comp0250_s26_labs/install/realsense_gazebo_plugin/lib:/home/czg22/comp0250_s26_labs/install/cw2_team_14/lib:/home/czg22/comp0250_s26_labs/install/cw1_team_x/lib:/home/czg22/comp0250_s26_labs/install/cw1_team_14/lib:/home/czg22/comp0250_s26_labs/install/cw1_world_spawner/lib:/home/czg22/ws_moveit2/install/pilz_industrial_motion_planner_testutils/lib:/home/czg22/ws_moveit2/install/pilz_industrial_motion_planner/lib:/home/czg22/ws_moveit2/install/moveit_visual_tools/lib:/home/czg22/ws_moveit2/install/moveit_task_constructor_visualization/lib:/home/czg22/ws_moveit2/install/moveit_task_constructor_demo/lib:/home/czg22/ws_moveit2/install/moveit_task_constructor_capabilities/lib:/home/czg22/ws_moveit2/install/moveit_task_constructor_core/lib:/home/czg22/ws_moveit2/install/moveit_ros_control_interface/lib:/home/czg22/ws_moveit2/install/moveit_simple_controller_manager/lib:/home/czg22/ws_moveit2/install/moveit_setup_assistant/lib:/home/czg22/ws_moveit2/install/moveit_setup_srdf_plugins/lib:/home/czg22/ws_moveit2/install/moveit_setup_core_plugins/lib:/home/czg22/ws_moveit2/install/moveit_setup_controllers/lib:/home/czg22/ws_moveit2/install/moveit_setup_app_plugins/lib:/home/czg22/ws_moveit2/install/moveit_setup_framework/lib:/home/czg22/ws_moveit2/install/moveit_servo/lib:/home/czg22/ws_moveit2/install/moveit_ros_visualization/lib:/home/czg22/ws_moveit2/install/moveit_py/lib:/home/czg22/ws_moveit2/install/moveit_hybrid_planning/lib:/home/czg22/ws_moveit2/install/moveit_ros_planning_interface/lib:/home/czg22/ws_moveit2/install/moveit_ros_benchmarks/lib:/home/czg22/ws_moveit2/install/moveit_ros_warehouse/lib:/home/czg22/ws_moveit2/install/moveit_ros_robot_interaction/lib:/home/czg22/ws_moveit2/install/moveit_ros_perception/lib:/home/czg22/ws_moveit2/install/moveit_ros_move_group/lib:/home/czg22/ws_moveit2/install/moveit_planners_ompl/lib:/home/czg22/ws_moveit2/install/moveit_ros_planning/lib:/home/czg22/ws_moveit2/install/moveit_ros_occupancy_map_monitor/lib:/home/czg22/ws_moveit2/install/moveit_resources_prbt_ikfast_manipulator_plugin/lib:/home/czg22/ws_moveit2/install/moveit_planners_chomp/lib:/home/czg22/ws_moveit2/install/moveit_kinematics/lib:/home/czg22/ws_moveit2/install/moveit_chomp_optimizer_adapter/lib:/home/czg22/ws_moveit2/install/chomp_motion_planner/lib:/home/czg22/ws_moveit2/install/moveit_core/lib:/home/czg22/ws_moveit2/install/srdfdom/lib:/home/czg22/ws_moveit2/install/rviz_marker_tools/lib:/home/czg22/ws_moveit2/install/rosparam_shortcuts/lib:/home/czg22/ws_moveit2/install/moveit_task_constructor_msgs/lib:/usr/lib/x86_64-linux-gnu/gazebo-11/plugins:/opt/ros/humble/opt/rviz_ogre_vendor/lib:/opt/ros/humble/lib/x86_64-linux-gnu:/opt/ros/humble/lib /usr/bin/cmake --build /home/czg22/comp0250_s26_labs/build/cw2_team_14 -- -j32 -l32
[0.422s] Invoking command in '/home/czg22/comp0250_s26_labs/build/cw2_team_14': CMAKE_PREFIX_PATH=/home/czg22/comp0250_s26_labs/install/cw2_world_spawner:/home/czg22/comp0250_s26_labs/install/rpl_panda_with_rs:/home/czg22/comp0250_s26_labs/install/realsense_gazebo_plugin:/home/czg22/comp0250_s26_labs/install/perception_pipeline_humble_demo:/home/czg22/comp0250_s26_labs/install/pcl_tutorial:/home/czg22/comp0250_s26_labs/install/pcl_demo:/home/czg22/comp0250_s26_labs/install/panda_moveit_config:/home/czg22/comp0250_s26_labs/install/panda_description:/home/czg22/comp0250_s26_labs/install/cw2_team_14:/home/czg22/comp0250_s26_labs/install/cw1_team_x:/home/czg22/comp0250_s26_labs/install/cw1_team_14:/home/czg22/comp0250_s26_labs/install/cw1_world_spawner:/home/czg22/ws_moveit2/install/pilz_industrial_motion_planner_testutils:/home/czg22/ws_moveit2/install/moveit_runtime:/home/czg22/ws_moveit2/install/moveit2_tutorials:/home/czg22/ws_moveit2/install/moveit:/home/czg22/ws_moveit2/install/moveit_planners:/home/czg22/ws_moveit2/install/pilz_industrial_motion_planner:/home/czg22/ws_moveit2/install/mtc_tutorial:/home/czg22/ws_moveit2/install/moveit_visual_tools:/home/czg22/ws_moveit2/install/moveit_task_constructor_visualization:/home/czg22/ws_moveit2/install/moveit_task_constructor_demo:/home/czg22/ws_moveit2/install/moveit_task_constructor_capabilities:/home/czg22/ws_moveit2/install/moveit_task_constructor_core:/home/czg22/ws_moveit2/install/moveit_ros_control_interface:/home/czg22/ws_moveit2/install/moveit_plugins:/home/czg22/ws_moveit2/install/moveit_simple_controller_manager:/home/czg22/ws_moveit2/install/moveit_setup_assistant:/home/czg22/ws_moveit2/install/moveit_setup_srdf_plugins:/home/czg22/ws_moveit2/install/moveit_setup_core_plugins:/home/czg22/ws_moveit2/install/moveit_setup_controllers:/home/czg22/ws_moveit2/install/moveit_setup_app_plugins:/home/czg22/ws_moveit2/install/moveit_setup_framework:/home/czg22/ws_moveit2/install/moveit_servo:/home/czg22/ws_moveit2/install/moveit_ros:/home/czg22/ws_moveit2/install/moveit_ros_visualization:/home/czg22/ws_moveit2/install/moveit_py:/home/czg22/ws_moveit2/install/moveit_hybrid_planning:/home/czg22/ws_moveit2/install/moveit_ros_planning_interface:/home/czg22/ws_moveit2/install/moveit_ros_benchmarks:/home/czg22/ws_moveit2/install/moveit_ros_warehouse:/home/czg22/ws_moveit2/install/moveit_ros_robot_interaction:/home/czg22/ws_moveit2/install/moveit_ros_perception:/home/czg22/ws_moveit2/install/moveit_resources_prbt_pg70_support:/home/czg22/ws_moveit2/install/moveit_resources_prbt_moveit_config:/home/czg22/ws_moveit2/install/moveit_ros_move_group:/home/czg22/ws_moveit2/install/moveit_planners_ompl:/home/czg22/ws_moveit2/install/moveit_ros_planning:/home/czg22/ws_moveit2/install/moveit_ros_occupancy_map_monitor:/home/czg22/ws_moveit2/install/moveit_resources_prbt_ikfast_manipulator_plugin:/home/czg22/ws_moveit2/install/moveit_planners_chomp:/home/czg22/ws_moveit2/install/moveit_kinematics:/home/czg22/ws_moveit2/install/moveit_chomp_optimizer_adapter:/home/czg22/ws_moveit2/install/chomp_motion_planner:/home/czg22/ws_moveit2/install/moveit_core:/home/czg22/ws_moveit2/install/srdfdom:/home/czg22/ws_moveit2/install/rviz_marker_tools:/home/czg22/ws_moveit2/install/rosparam_shortcuts:/home/czg22/ws_moveit2/install/moveit_task_constructor_msgs:/home/czg22/ws_moveit2/install/moveit_resources_prbt_support:/home/czg22/ws_moveit2/install/moveit_resources:/home/czg22/ws_moveit2/install/moveit_resources_pr2_description:/home/czg22/ws_moveit2/install/moveit_resources_panda_moveit_config:/home/czg22/ws_moveit2/install/moveit_resources_panda_description:/home/czg22/ws_moveit2/install/moveit_resources_fanuc_moveit_config:/home/czg22/ws_moveit2/install/moveit_resources_fanuc_description:/home/czg22/ws_moveit2/install/moveit_common:/home/czg22/ws_moveit2/install/moveit_configs_utils:/home/czg22/ws_moveit2/install/launch_param_builder:/opt/ros/humble LD_LIBRARY_PATH=/home/czg22/comp0250_s26_labs/install/cw2_world_spawner/lib:/home/czg22/comp0250_s26_labs/install/realsense_gazebo_plugin/lib:/home/czg22/comp0250_s26_labs/install/cw2_team_14/lib:/home/czg22/comp0250_s26_labs/install/cw1_team_x/lib:/home/czg22/comp0250_s26_labs/install/cw1_team_14/lib:/home/czg22/comp0250_s26_labs/install/cw1_world_spawner/lib:/home/czg22/ws_moveit2/install/pilz_industrial_motion_planner_testutils/lib:/home/czg22/ws_moveit2/install/pilz_industrial_motion_planner/lib:/home/czg22/ws_moveit2/install/moveit_visual_tools/lib:/home/czg22/ws_moveit2/install/moveit_task_constructor_visualization/lib:/home/czg22/ws_moveit2/install/moveit_task_constructor_demo/lib:/home/czg22/ws_moveit2/install/moveit_task_constructor_capabilities/lib:/home/czg22/ws_moveit2/install/moveit_task_constructor_core/lib:/home/czg22/ws_moveit2/install/moveit_ros_control_interface/lib:/home/czg22/ws_moveit2/install/moveit_simple_controller_manager/lib:/home/czg22/ws_moveit2/install/moveit_setup_assistant/lib:/home/czg22/ws_moveit2/install/moveit_setup_srdf_plugins/lib:/home/czg22/ws_moveit2/install/moveit_setup_core_plugins/lib:/home/czg22/ws_moveit2/install/moveit_setup_controllers/lib:/home/czg22/ws_moveit2/install/moveit_setup_app_plugins/lib:/home/czg22/ws_moveit2/install/moveit_setup_framework/lib:/home/czg22/ws_moveit2/install/moveit_servo/lib:/home/czg22/ws_moveit2/install/moveit_ros_visualization/lib:/home/czg22/ws_moveit2/install/moveit_py/lib:/home/czg22/ws_moveit2/install/moveit_hybrid_planning/lib:/home/czg22/ws_moveit2/install/moveit_ros_planning_interface/lib:/home/czg22/ws_moveit2/install/moveit_ros_benchmarks/lib:/home/czg22/ws_moveit2/install/moveit_ros_warehouse/lib:/home/czg22/ws_moveit2/install/moveit_ros_robot_interaction/lib:/home/czg22/ws_moveit2/install/moveit_ros_perception/lib:/home/czg22/ws_moveit2/install/moveit_ros_move_group/lib:/home/czg22/ws_moveit2/install/moveit_planners_ompl/lib:/home/czg22/ws_moveit2/install/moveit_ros_planning/lib:/home/czg22/ws_moveit2/install/moveit_ros_occupancy_map_monitor/lib:/home/czg22/ws_moveit2/install/moveit_resources_prbt_ikfast_manipulator_plugin/lib:/home/czg22/ws_moveit2/install/moveit_planners_chomp/lib:/home/czg22/ws_moveit2/install/moveit_kinematics/lib:/home/czg22/ws_moveit2/install/moveit_chomp_optimizer_adapter/lib:/home/czg22/ws_moveit2/install/chomp_motion_planner/lib:/home/czg22/ws_moveit2/install/moveit_core/lib:/home/czg22/ws_moveit2/install/srdfdom/lib:/home/czg22/ws_moveit2/install/rviz_marker_tools/lib:/home/czg22/ws_moveit2/install/rosparam_shortcuts/lib:/home/czg22/ws_moveit2/install/moveit_task_constructor_msgs/lib:/usr/lib/x86_64-linux-gnu/gazebo-11/plugins:/opt/ros/humble/opt/rviz_ogre_vendor/lib:/opt/ros/humble/lib/x86_64-linux-gnu:/opt/ros/humble/lib /usr/bin/cmake --install /home/czg22/comp0250_s26_labs/build/cw2_team_14
[0.435s] -- Install configuration: ""
[0.435s] -- Up-to-date: /home/czg22/comp0250_s26_labs/install/cw2_team_14/share/ament_index/resource_index/rosidl_interfaces/cw2_team_14
[0.435s] -- Up-to-date: /home/czg22/comp0250_s26_labs/install/cw2_team_14/include/cw2_team_14/cw2_team_14
[0.435s] -- Up-to-date: /home/czg22/comp0250_s26_labs/install/cw2_team_14/include/cw2_team_14/cw2_team_14/srv
[0.435s] -- Up-to-date: /home/czg22/comp0250_s26_labs/install/cw2_team_14/include/cw2_team_14/cw2_team_14/srv/example.h
[0.436s] -- Up-to-date: /home/czg22/comp0250_s26_labs/install/cw2_team_14/include/cw2_team_14/cw2_team_14/srv/detail
[0.436s] -- Up-to-date: /home/czg22/comp0250_s26_labs/install/cw2_team_14/include/cw2_team_14/cw2_team_14/srv/detail/example__functions.h
[0.436s] -- Up-to-date: /home/czg22/comp0250_s26_labs/install/cw2_team_14/include/cw2_team_14/cw2_team_14/srv/detail/example__type_support.h
[0.436s] -- Up-to-date: /home/czg22/comp0250_s26_labs/install/cw2_team_14/include/cw2_team_14/cw2_team_14/srv/detail/example__struct.h
[0.436s] -- Up-to-date: /home/czg22/comp0250_s26_labs/install/cw2_team_14/include/cw2_team_14/cw2_team_14/srv/detail/example__functions.c
[0.436s] -- Up-to-date: /home/czg22/comp0250_s26_labs/install/cw2_team_14/include/cw2_team_14/cw2_team_14/msg
[0.436s] -- Up-to-date: /home/czg22/comp0250_s26_labs/install/cw2_team_14/include/cw2_team_14/cw2_team_14/msg/rosidl_generator_c__visibility_control.h
[0.436s] -- Up-to-date: /home/czg22/comp0250_s26_labs/install/cw2_team_14/share/cw2_team_14/environment/library_path.sh
[0.437s] -- Up-to-date: /home/czg22/comp0250_s26_labs/install/cw2_team_14/share/cw2_team_14/environment/library_path.dsv
[0.437s] -- Up-to-date: /home/czg22/comp0250_s26_labs/install/cw2_team_14/lib/libcw2_team_14__rosidl_generator_c.so
[0.437s] -- Up-to-date: /home/czg22/comp0250_s26_labs/install/cw2_team_14/include/cw2_team_14/cw2_team_14
[0.437s] -- Up-to-date: /home/czg22/comp0250_s26_labs/install/cw2_team_14/include/cw2_team_14/cw2_team_14/srv
[0.437s] -- Up-to-date: /home/czg22/comp0250_s26_labs/install/cw2_team_14/include/cw2_team_14/cw2_team_14/srv/detail
[0.437s] -- Up-to-date: /home/czg22/comp0250_s26_labs/install/cw2_team_14/include/cw2_team_14/cw2_team_14/srv/detail/example__rosidl_typesupport_fastrtps_c.h
[0.437s] -- Up-to-date: /home/czg22/comp0250_s26_labs/install/cw2_team_14/include/cw2_team_14/cw2_team_14/msg
[0.437s] -- Up-to-date: /home/czg22/comp0250_s26_labs/install/cw2_team_14/include/cw2_team_14/cw2_team_14/msg/rosidl_typesupport_fastrtps_c__visibility_control.h
[0.437s] -- Up-to-date: /home/czg22/comp0250_s26_labs/install/cw2_team_14/lib/libcw2_team_14__rosidl_typesupport_fastrtps_c.so
[0.437s] -- Up-to-date: /home/czg22/comp0250_s26_labs/install/cw2_team_14/include/cw2_team_14/cw2_team_14
[0.438s] -- Up-to-date: /home/czg22/comp0250_s26_labs/install/cw2_team_14/include/cw2_team_14/cw2_team_14/srv
[0.438s] -- Up-to-date: /home/czg22/comp0250_s26_labs/install/cw2_team_14/include/cw2_team_14/cw2_team_14/srv/detail
[0.438s] -- Up-to-date: /home/czg22/comp0250_s26_labs/install/cw2_team_14/include/cw2_team_14/cw2_team_14/srv/detail/example__type_support.c
[0.438s] -- Up-to-date: /home/czg22/comp0250_s26_labs/install/cw2_team_14/include/cw2_team_14/cw2_team_14/srv/detail/example__rosidl_typesupport_introspection_c.h
[0.438s] -- Up-to-date: /home/czg22/comp0250_s26_labs/install/cw2_team_14/include/cw2_team_14/cw2_team_14/msg
[0.438s] -- Up-to-date: /home/czg22/comp0250_s26_labs/install/cw2_team_14/include/cw2_team_14/cw2_team_14/msg/rosidl_typesupport_introspection_c__visibility_control.h
[0.438s] -- Up-to-date: /home/czg22/comp0250_s26_labs/install/cw2_team_14/lib/libcw2_team_14__rosidl_typesupport_introspection_c.so
[0.438s] -- Up-to-date: /home/czg22/comp0250_s26_labs/install/cw2_team_14/lib/libcw2_team_14__rosidl_typesupport_c.so
[0.438s] -- Up-to-date: /home/czg22/comp0250_s26_labs/install/cw2_team_14/include/cw2_team_14/cw2_team_14
[0.438s] -- Up-to-date: /home/czg22/comp0250_s26_labs/install/cw2_team_14/include/cw2_team_14/cw2_team_14/srv
[0.439s] -- Up-to-date: /home/czg22/comp0250_s26_labs/install/cw2_team_14/include/cw2_team_14/cw2_team_14/srv/example.hpp
[0.439s] -- Up-to-date: /home/czg22/comp0250_s26_labs/install/cw2_team_14/include/cw2_team_14/cw2_team_14/srv/detail
[0.439s] -- Up-to-date: /home/czg22/comp0250_s26_labs/install/cw2_team_14/include/cw2_team_14/cw2_team_14/srv/detail/example__traits.hpp
[0.439s] -- Up-to-date: /home/czg22/comp0250_s26_labs/install/cw2_team_14/include/cw2_team_14/cw2_team_14/srv/detail/example__builder.hpp
[0.439s] -- Up-to-date: /home/czg22/comp0250_s26_labs/install/cw2_team_14/include/cw2_team_14/cw2_team_14/srv/detail/example__struct.hpp
[0.439s] -- Up-to-date: /home/czg22/comp0250_s26_labs/install/cw2_team_14/include/cw2_team_14/cw2_team_14/srv/detail/example__type_support.hpp
[0.439s] -- Up-to-date: /home/czg22/comp0250_s26_labs/install/cw2_team_14/include/cw2_team_14/cw2_team_14/msg
[0.439s] -- Up-to-date: /home/czg22/comp0250_s26_labs/install/cw2_team_14/include/cw2_team_14/cw2_team_14/msg/rosidl_generator_cpp__visibility_control.hpp
[0.439s] -- Up-to-date: /home/czg22/comp0250_s26_labs/install/cw2_team_14/include/cw2_team_14/cw2_team_14
[0.439s] -- Up-to-date: /home/czg22/comp0250_s26_labs/install/cw2_team_14/include/cw2_team_14/cw2_team_14/srv
[0.439s] -- Up-to-date: /home/czg22/comp0250_s26_labs/install/cw2_team_14/include/cw2_team_14/cw2_team_14/srv/detail
[0.439s] -- Up-to-date: /home/czg22/comp0250_s26_labs/install/cw2_team_14/include/cw2_team_14/cw2_team_14/srv/detail/dds_fastrtps
[0.440s] -- Up-to-date: /home/czg22/comp0250_s26_labs/install/cw2_team_14/include/cw2_team_14/cw2_team_14/srv/detail/example__rosidl_typesupport_fastrtps_cpp.hpp
[0.440s] -- Up-to-date: /home/czg22/comp0250_s26_labs/install/cw2_team_14/include/cw2_team_14/cw2_team_14/msg
[0.440s] -- Up-to-date: /home/czg22/comp0250_s26_labs/install/cw2_team_14/include/cw2_team_14/cw2_team_14/msg/rosidl_typesupport_fastrtps_cpp__visibility_control.h
[0.440s] -- Up-to-date: /home/czg22/comp0250_s26_labs/install/cw2_team_14/lib/libcw2_team_14__rosidl_typesupport_fastrtps_cpp.so
[0.440s] -- Up-to-date: /home/czg22/comp0250_s26_labs/install/cw2_team_14/include/cw2_team_14/cw2_team_14
[0.440s] -- Up-to-date: /home/czg22/comp0250_s26_labs/install/cw2_team_14/include/cw2_team_14/cw2_team_14/srv
[0.440s] -- Up-to-date: /home/czg22/comp0250_s26_labs/install/cw2_team_14/include/cw2_team_14/cw2_team_14/srv/detail
[0.440s] -- Up-to-date: /home/czg22/comp0250_s26_labs/install/cw2_team_14/include/cw2_team_14/cw2_team_14/srv/detail/example__type_support.cpp
[0.440s] -- Up-to-date: /home/czg22/comp0250_s26_labs/install/cw2_team_14/include/cw2_team_14/cw2_team_14/srv/detail/example__rosidl_typesupport_introspection_cpp.hpp
[0.440s] -- Up-to-date: /home/czg22/comp0250_s26_labs/install/cw2_team_14/lib/libcw2_team_14__rosidl_typesupport_introspection_cpp.so
[0.440s] -- Up-to-date: /home/czg22/comp0250_s26_labs/install/cw2_team_14/lib/libcw2_team_14__rosidl_typesupport_cpp.so
[0.440s] -- Up-to-date: /home/czg22/comp0250_s26_labs/install/cw2_team_14/share/cw2_team_14/environment/pythonpath.sh
[0.440s] -- Up-to-date: /home/czg22/comp0250_s26_labs/install/cw2_team_14/share/cw2_team_14/environment/pythonpath.dsv
[0.441s] -- Up-to-date: /home/czg22/comp0250_s26_labs/install/cw2_team_14/local/lib/python3.10/dist-packages/cw2_team_14-0.1.0-py3.10.egg-info
[0.441s] -- Installing: /home/czg22/comp0250_s26_labs/install/cw2_team_14/local/lib/python3.10/dist-packages/cw2_team_14-0.1.0-py3.10.egg-info/SOURCES.txt
[0.441s] -- Installing: /home/czg22/comp0250_s26_labs/install/cw2_team_14/local/lib/python3.10/dist-packages/cw2_team_14-0.1.0-py3.10.egg-info/top_level.txt
[0.441s] -- Installing: /home/czg22/comp0250_s26_labs/install/cw2_team_14/local/lib/python3.10/dist-packages/cw2_team_14-0.1.0-py3.10.egg-info/PKG-INFO
[0.441s] -- Installing: /home/czg22/comp0250_s26_labs/install/cw2_team_14/local/lib/python3.10/dist-packages/cw2_team_14-0.1.0-py3.10.egg-info/dependency_links.txt
[0.441s] -- Up-to-date: /home/czg22/comp0250_s26_labs/install/cw2_team_14/local/lib/python3.10/dist-packages/cw2_team_14
[0.441s] -- Up-to-date: /home/czg22/comp0250_s26_labs/install/cw2_team_14/local/lib/python3.10/dist-packages/cw2_team_14/_cw2_team_14_s.ep.rosidl_typesupport_fastrtps_c.c
[0.442s] -- Up-to-date: /home/czg22/comp0250_s26_labs/install/cw2_team_14/local/lib/python3.10/dist-packages/cw2_team_14/srv
[0.442s] -- Up-to-date: /home/czg22/comp0250_s26_labs/install/cw2_team_14/local/lib/python3.10/dist-packages/cw2_team_14/srv/__init__.py
[0.442s] -- Up-to-date: /home/czg22/comp0250_s26_labs/install/cw2_team_14/local/lib/python3.10/dist-packages/cw2_team_14/srv/_example.py
[0.442s] -- Up-to-date: /home/czg22/comp0250_s26_labs/install/cw2_team_14/local/lib/python3.10/dist-packages/cw2_team_14/srv/_example_s.c
[0.442s] -- Up-to-date: /home/czg22/comp0250_s26_labs/install/cw2_team_14/local/lib/python3.10/dist-packages/cw2_team_14/__init__.py
[0.442s] -- Up-to-date: /home/czg22/comp0250_s26_labs/install/cw2_team_14/local/lib/python3.10/dist-packages/cw2_team_14/cw2_team_14_s__rosidl_typesupport_fastrtps_c.cpython-310-x86_64-linux-gnu.so
[0.442s] -- Up-to-date: /home/czg22/comp0250_s26_labs/install/cw2_team_14/local/lib/python3.10/dist-packages/cw2_team_14/libcw2_team_14__rosidl_generator_py.so
[0.442s] -- Up-to-date: /home/czg22/comp0250_s26_labs/install/cw2_team_14/local/lib/python3.10/dist-packages/cw2_team_14/_cw2_team_14_s.ep.rosidl_typesupport_c.c
[0.442s] -- Up-to-date: /home/czg22/comp0250_s26_labs/install/cw2_team_14/local/lib/python3.10/dist-packages/cw2_team_14/cw2_team_14_s__rosidl_typesupport_c.cpython-310-x86_64-linux-gnu.so
[0.442s] -- Up-to-date: /home/czg22/comp0250_s26_labs/install/cw2_team_14/local/lib/python3.10/dist-packages/cw2_team_14/_cw2_team_14_s.ep.rosidl_typesupport_introspection_c.c
[0.443s] -- Up-to-date: /home/czg22/comp0250_s26_labs/install/cw2_team_14/local/lib/python3.10/dist-packages/cw2_team_14/cw2_team_14_s__rosidl_typesupport_introspection_c.cpython-310-x86_64-linux-gnu.so
[0.470s] Listing '/home/czg22/comp0250_s26_labs/install/cw2_team_14/local/lib/python3.10/dist-packages/cw2_team_14'...
[0.470s] Listing '/home/czg22/comp0250_s26_labs/install/cw2_team_14/local/lib/python3.10/dist-packages/cw2_team_14/srv'...
[0.473s] -- Up-to-date: /home/czg22/comp0250_s26_labs/install/cw2_team_14/local/lib/python3.10/dist-packages/cw2_team_14/cw2_team_14_s__rosidl_typesupport_fastrtps_c.cpython-310-x86_64-linux-gnu.so
[0.474s] -- Up-to-date: /home/czg22/comp0250_s26_labs/install/cw2_team_14/local/lib/python3.10/dist-packages/cw2_team_14/cw2_team_14_s__rosidl_typesupport_introspection_c.cpython-310-x86_64-linux-gnu.so
[0.474s] -- Up-to-date: /home/czg22/comp0250_s26_labs/install/cw2_team_14/local/lib/python3.10/dist-packages/cw2_team_14/cw2_team_14_s__rosidl_typesupport_c.cpython-310-x86_64-linux-gnu.so
[0.474s] -- Up-to-date: /home/czg22/comp0250_s26_labs/install/cw2_team_14/lib/libcw2_team_14__rosidl_generator_py.so
[0.474s] -- Up-to-date: /home/czg22/comp0250_s26_labs/install/cw2_team_14/share/cw2_team_14/srv/Example.idl
[0.475s] -- Up-to-date: /home/czg22/comp0250_s26_labs/install/cw2_team_14/share/cw2_team_14/srv/Example.srv
[0.475s] -- Up-to-date: /home/czg22/comp0250_s26_labs/install/cw2_team_14/share/cw2_team_14/srv/Example_Request.msg
[0.475s] -- Up-to-date: /home/czg22/comp0250_s26_labs/install/cw2_team_14/share/cw2_team_14/srv/Example_Response.msg
[0.475s] -- Up-to-date: /home/czg22/comp0250_s26_labs/install/cw2_team_14/lib/libcw2_team_14_cw2_class_lib.so
[0.475s] -- Up-to-date: /home/czg22/comp0250_s26_labs/install/cw2_team_14/lib/cw2_team_14/cw2_solution_node
[0.475s] -- Up-to-date: /home/czg22/comp0250_s26_labs/install/cw2_team_14/share/cw2_team_14/launch
[0.475s] -- Up-to-date: /home/czg22/comp0250_s26_labs/install/cw2_team_14/share/cw2_team_14/launch/run_solution.launch.py
[0.476s] -- Up-to-date: /home/czg22/comp0250_s26_labs/install/cw2_team_14/share/ament_index/resource_index/package_run_dependencies/cw2_team_14
[0.476s] -- Up-to-date: /home/czg22/comp0250_s26_labs/install/cw2_team_14/share/ament_index/resource_index/parent_prefix_path/cw2_team_14
[0.476s] -- Up-to-date: /home/czg22/comp0250_s26_labs/install/cw2_team_14/share/cw2_team_14/environment/ament_prefix_path.sh
[0.476s] -- Up-to-date: /home/czg22/comp0250_s26_labs/install/cw2_team_14/share/cw2_team_14/environment/ament_prefix_path.dsv
[0.476s] -- Up-to-date: /home/czg22/comp0250_s26_labs/install/cw2_team_14/share/cw2_team_14/environment/path.sh
[0.476s] -- Up-to-date: /home/czg22/comp0250_s26_labs/install/cw2_team_14/share/cw2_team_14/environment/path.dsv
[0.476s] -- Up-to-date: /home/czg22/comp0250_s26_labs/install/cw2_team_14/share/cw2_team_14/local_setup.bash
[0.477s] -- Up-to-date: /home/czg22/comp0250_s26_labs/install/cw2_team_14/share/cw2_team_14/local_setup.sh
[0.477s] -- Up-to-date: /home/czg22/comp0250_s26_labs/install/cw2_team_14/share/cw2_team_14/local_setup.zsh
[0.477s] -- Up-to-date: /home/czg22/comp0250_s26_labs/install/cw2_team_14/share/cw2_team_14/local_setup.dsv
[0.477s] -- Installing: /home/czg22/comp0250_s26_labs/install/cw2_team_14/share/cw2_team_14/package.dsv
[0.477s] -- Up-to-date: /home/czg22/comp0250_s26_labs/install/cw2_team_14/share/ament_index/resource_index/packages/cw2_team_14
[0.478s] -- Up-to-date: /home/czg22/comp0250_s26_labs/install/cw2_team_14/share/cw2_team_14/cmake/export_cw2_team_14__rosidl_generator_cExport.cmake
[0.478s] -- Up-to-date: /home/czg22/comp0250_s26_labs/install/cw2_team_14/share/cw2_team_14/cmake/export_cw2_team_14__rosidl_generator_cExport-noconfig.cmake
[0.478s] -- Up-to-date: /home/czg22/comp0250_s26_labs/install/cw2_team_14/share/cw2_team_14/cmake/export_cw2_team_14__rosidl_typesupport_fastrtps_cExport.cmake
[0.478s] -- Up-to-date: /home/czg22/comp0250_s26_labs/install/cw2_team_14/share/cw2_team_14/cmake/export_cw2_team_14__rosidl_typesupport_fastrtps_cExport-noconfig.cmake
[0.479s] -- Up-to-date: /home/czg22/comp0250_s26_labs/install/cw2_team_14/share/cw2_team_14/cmake/cw2_team_14__rosidl_typesupport_introspection_cExport.cmake
[0.479s] -- Up-to-date: /home/czg22/comp0250_s26_labs/install/cw2_team_14/share/cw2_team_14/cmake/cw2_team_14__rosidl_typesupport_introspection_cExport-noconfig.cmake
[0.479s] -- Up-to-date: /home/czg22/comp0250_s26_labs/install/cw2_team_14/share/cw2_team_14/cmake/cw2_team_14__rosidl_typesupport_cExport.cmake
[0.479s] -- Up-to-date: /home/czg22/comp0250_s26_labs/install/cw2_team_14/share/cw2_team_14/cmake/cw2_team_14__rosidl_typesupport_cExport-noconfig.cmake
[0.479s] -- Up-to-date: /home/czg22/comp0250_s26_labs/install/cw2_team_14/share/cw2_team_14/cmake/export_cw2_team_14__rosidl_generator_cppExport.cmake
[0.479s] -- Up-to-date: /home/czg22/comp0250_s26_labs/install/cw2_team_14/share/cw2_team_14/cmake/export_cw2_team_14__rosidl_typesupport_fastrtps_cppExport.cmake
[0.479s] -- Up-to-date: /home/czg22/comp0250_s26_labs/install/cw2_team_14/share/cw2_team_14/cmake/export_cw2_team_14__rosidl_typesupport_fastrtps_cppExport-noconfig.cmake
[0.479s] -- Up-to-date: /home/czg22/comp0250_s26_labs/install/cw2_team_14/share/cw2_team_14/cmake/cw2_team_14__rosidl_typesupport_introspection_cppExport.cmake
[0.479s] -- Up-to-date: /home/czg22/comp0250_s26_labs/install/cw2_team_14/share/cw2_team_14/cmake/cw2_team_14__rosidl_typesupport_introspection_cppExport-noconfig.cmake
[0.479s] -- Up-to-date: /home/czg22/comp0250_s26_labs/install/cw2_team_14/share/cw2_team_14/cmake/cw2_team_14__rosidl_typesupport_cppExport.cmake
[0.479s] -- Up-to-date: /home/czg22/comp0250_s26_labs/install/cw2_team_14/share/cw2_team_14/cmake/cw2_team_14__rosidl_typesupport_cppExport-noconfig.cmake
[0.479s] -- Up-to-date: /home/czg22/comp0250_s26_labs/install/cw2_team_14/share/cw2_team_14/cmake/export_cw2_team_14__rosidl_generator_pyExport.cmake
[0.479s] -- Up-to-date: /home/czg22/comp0250_s26_labs/install/cw2_team_14/share/cw2_team_14/cmake/export_cw2_team_14__rosidl_generator_pyExport-noconfig.cmake
[0.479s] -- Up-to-date: /home/czg22/comp0250_s26_labs/install/cw2_team_14/share/cw2_team_14/cmake/rosidl_cmake-extras.cmake
[0.480s] -- Up-to-date: /home/czg22/comp0250_s26_labs/install/cw2_team_14/share/cw2_team_14/cmake/ament_cmake_export_dependencies-extras.cmake
[0.480s] -- Up-to-date: /home/czg22/comp0250_s26_labs/install/cw2_team_14/share/cw2_team_14/cmake/ament_cmake_export_include_directories-extras.cmake
[0.480s] -- Up-to-date: /home/czg22/comp0250_s26_labs/install/cw2_team_14/share/cw2_team_14/cmake/ament_cmake_export_libraries-extras.cmake
[0.480s] -- Up-to-date: /home/czg22/comp0250_s26_labs/install/cw2_team_14/share/cw2_team_14/cmake/ament_cmake_export_targets-extras.cmake
[0.480s] -- Up-to-date: /home/czg22/comp0250_s26_labs/install/cw2_team_14/share/cw2_team_14/cmake/rosidl_cmake_export_typesupport_targets-extras.cmake
[0.480s] -- Up-to-date: /home/czg22/comp0250_s26_labs/install/cw2_team_14/share/cw2_team_14/cmake/rosidl_cmake_export_typesupport_libraries-extras.cmake
[0.480s] -- Up-to-date: /home/czg22/comp0250_s26_labs/install/cw2_team_14/share/cw2_team_14/cmake/cw2_team_14Config.cmake
[0.480s] -- Up-to-date: /home/czg22/comp0250_s26_labs/install/cw2_team_14/share/cw2_team_14/cmake/cw2_team_14Config-version.cmake
[0.480s] -- Up-to-date: /home/czg22/comp0250_s26_labs/install/cw2_team_14/share/cw2_team_14/package.xml
[0.481s] Invoked command in '/home/czg22/comp0250_s26_labs/build/cw2_team_14' returned '0': CMAKE_PREFIX_PATH=/home/czg22/comp0250_s26_labs/install/cw2_world_spawner:/home/czg22/comp0250_s26_labs/install/rpl_panda_with_rs:/home/czg22/comp0250_s26_labs/install/realsense_gazebo_plugin:/home/czg22/comp0250_s26_labs/install/perception_pipeline_humble_demo:/home/czg22/comp0250_s26_labs/install/pcl_tutorial:/home/czg22/comp0250_s26_labs/install/pcl_demo:/home/czg22/comp0250_s26_labs/install/panda_moveit_config:/home/czg22/comp0250_s26_labs/install/panda_description:/home/czg22/comp0250_s26_labs/install/cw2_team_14:/home/czg22/comp0250_s26_labs/install/cw1_team_x:/home/czg22/comp0250_s26_labs/install/cw1_team_14:/home/czg22/comp0250_s26_labs/install/cw1_world_spawner:/home/czg22/ws_moveit2/install/pilz_industrial_motion_planner_testutils:/home/czg22/ws_moveit2/install/moveit_runtime:/home/czg22/ws_moveit2/install/moveit2_tutorials:/home/czg22/ws_moveit2/install/moveit:/home/czg22/ws_moveit2/install/moveit_planners:/home/czg22/ws_moveit2/install/pilz_industrial_motion_planner:/home/czg22/ws_moveit2/install/mtc_tutorial:/home/czg22/ws_moveit2/install/moveit_visual_tools:/home/czg22/ws_moveit2/install/moveit_task_constructor_visualization:/home/czg22/ws_moveit2/install/moveit_task_constructor_demo:/home/czg22/ws_moveit2/install/moveit_task_constructor_capabilities:/home/czg22/ws_moveit2/install/moveit_task_constructor_core:/home/czg22/ws_moveit2/install/moveit_ros_control_interface:/home/czg22/ws_moveit2/install/moveit_plugins:/home/czg22/ws_moveit2/install/moveit_simple_controller_manager:/home/czg22/ws_moveit2/install/moveit_setup_assistant:/home/czg22/ws_moveit2/install/moveit_setup_srdf_plugins:/home/czg22/ws_moveit2/install/moveit_setup_core_plugins:/home/czg22/ws_moveit2/install/moveit_setup_controllers:/home/czg22/ws_moveit2/install/moveit_setup_app_plugins:/home/czg22/ws_moveit2/install/moveit_setup_framework:/home/czg22/ws_moveit2/install/moveit_servo:/home/czg22/ws_moveit2/install/moveit_ros:/home/czg22/ws_moveit2/install/moveit_ros_visualization:/home/czg22/ws_moveit2/install/moveit_py:/home/czg22/ws_moveit2/install/moveit_hybrid_planning:/home/czg22/ws_moveit2/install/moveit_ros_planning_interface:/home/czg22/ws_moveit2/install/moveit_ros_benchmarks:/home/czg22/ws_moveit2/install/moveit_ros_warehouse:/home/czg22/ws_moveit2/install/moveit_ros_robot_interaction:/home/czg22/ws_moveit2/install/moveit_ros_perception:/home/czg22/ws_moveit2/install/moveit_resources_prbt_pg70_support:/home/czg22/ws_moveit2/install/moveit_resources_prbt_moveit_config:/home/czg22/ws_moveit2/install/moveit_ros_move_group:/home/czg22/ws_moveit2/install/moveit_planners_ompl:/home/czg22/ws_moveit2/install/moveit_ros_planning:/home/czg22/ws_moveit2/install/moveit_ros_occupancy_map_monitor:/home/czg22/ws_moveit2/install/moveit_resources_prbt_ikfast_manipulator_plugin:/home/czg22/ws_moveit2/install/moveit_planners_chomp:/home/czg22/ws_moveit2/install/moveit_kinematics:/home/czg22/ws_moveit2/install/moveit_chomp_optimizer_adapter:/home/czg22/ws_moveit2/install/chomp_motion_planner:/home/czg22/ws_moveit2/install/moveit_core:/home/czg22/ws_moveit2/install/srdfdom:/home/czg22/ws_moveit2/install/rviz_marker_tools:/home/czg22/ws_moveit2/install/rosparam_shortcuts:/home/czg22/ws_moveit2/install/moveit_task_constructor_msgs:/home/czg22/ws_moveit2/install/moveit_resources_prbt_support:/home/czg22/ws_moveit2/install/moveit_resources:/home/czg22/ws_moveit2/install/moveit_resources_pr2_description:/home/czg22/ws_moveit2/install/moveit_resources_panda_moveit_config:/home/czg22/ws_moveit2/install/moveit_resources_panda_description:/home/czg22/ws_moveit2/install/moveit_resources_fanuc_moveit_config:/home/czg22/ws_moveit2/install/moveit_resources_fanuc_description:/home/czg22/ws_moveit2/install/moveit_common:/home/czg22/ws_moveit2/install/moveit_configs_utils:/home/czg22/ws_moveit2/install/launch_param_builder:/opt/ros/humble LD_LIBRARY_PATH=/home/czg22/comp0250_s26_labs/install/cw2_world_spawner/lib:/home/czg22/comp0250_s26_labs/install/realsense_gazebo_plugin/lib:/home/czg22/comp0250_s26_labs/install/cw2_team_14/lib:/home/czg22/comp0250_s26_labs/install/cw1_team_x/lib:/home/czg22/comp0250_s26_labs/install/cw1_team_14/lib:/home/czg22/comp0250_s26_labs/install/cw1_world_spawner/lib:/home/czg22/ws_moveit2/install/pilz_industrial_motion_planner_testutils/lib:/home/czg22/ws_moveit2/install/pilz_industrial_motion_planner/lib:/home/czg22/ws_moveit2/install/moveit_visual_tools/lib:/home/czg22/ws_moveit2/install/moveit_task_constructor_visualization/lib:/home/czg22/ws_moveit2/install/moveit_task_constructor_demo/lib:/home/czg22/ws_moveit2/install/moveit_task_constructor_capabilities/lib:/home/czg22/ws_moveit2/install/moveit_task_constructor_core/lib:/home/czg22/ws_moveit2/install/moveit_ros_control_interface/lib:/home/czg22/ws_moveit2/install/moveit_simple_controller_manager/lib:/home/czg22/ws_moveit2/install/moveit_setup_assistant/lib:/home/czg22/ws_moveit2/install/moveit_setup_srdf_plugins/lib:/home/czg22/ws_moveit2/install/moveit_setup_core_plugins/lib:/home/czg22/ws_moveit2/install/moveit_setup_controllers/lib:/home/czg22/ws_moveit2/install/moveit_setup_app_plugins/lib:/home/czg22/ws_moveit2/install/moveit_setup_framework/lib:/home/czg22/ws_moveit2/install/moveit_servo/lib:/home/czg22/ws_moveit2/install/moveit_ros_visualization/lib:/home/czg22/ws_moveit2/install/moveit_py/lib:/home/czg22/ws_moveit2/install/moveit_hybrid_planning/lib:/home/czg22/ws_moveit2/install/moveit_ros_planning_interface/lib:/home/czg22/ws_moveit2/install/moveit_ros_benchmarks/lib:/home/czg22/ws_moveit2/install/moveit_ros_warehouse/lib:/home/czg22/ws_moveit2/install/moveit_ros_robot_interaction/lib:/home/czg22/ws_moveit2/install/moveit_ros_perception/lib:/home/czg22/ws_moveit2/install/moveit_ros_move_group/lib:/home/czg22/ws_moveit2/install/moveit_planners_ompl/lib:/home/czg22/ws_moveit2/install/moveit_ros_planning/lib:/home/czg22/ws_moveit2/install/moveit_ros_occupancy_map_monitor/lib:/home/czg22/ws_moveit2/install/moveit_resources_prbt_ikfast_manipulator_plugin/lib:/home/czg22/ws_moveit2/install/moveit_planners_chomp/lib:/home/czg22/ws_moveit2/install/moveit_kinematics/lib:/home/czg22/ws_moveit2/install/moveit_chomp_optimizer_adapter/lib:/home/czg22/ws_moveit2/install/chomp_motion_planner/lib:/home/czg22/ws_moveit2/install/moveit_core/lib:/home/czg22/ws_moveit2/install/srdfdom/lib:/home/czg22/ws_moveit2/install/rviz_marker_tools/lib:/home/czg22/ws_moveit2/install/rosparam_shortcuts/lib:/home/czg22/ws_moveit2/install/moveit_task_constructor_msgs/lib:/usr/lib/x86_64-linux-gnu/gazebo-11/plugins:/opt/ros/humble/opt/rviz_ogre_vendor/lib:/opt/ros/humble/lib/x86_64-linux-gnu:/opt/ros/humble/lib /usr/bin/cmake --install /home/czg22/comp0250_s26_labs/build/cw2_team_14
