[0.169s] DEBUG:colcon:Command line arguments: ['/usr/bin/colcon', 'build', '--packages-select', 'cw2_team_14']
[0.169s] DEBUG:colcon:Parsed command line arguments: Namespace(log_base=None, log_level=None, verb_name='build', build_base='build', install_base='install', merge_install=False, symlink_install=False, test_result_base=None, continue_on_error=False, executor='parallel', parallel_workers=32, event_handlers=None, ignore_user_meta=False, metas=['./colcon.meta'], base_paths=['.'], packages_ignore=None, packages_ignore_regex=None, paths=None, packages_up_to=None, packages_up_to_regex=None, packages_above=None, packages_above_and_dependencies=None, packages_above_depth=None, packages_select_by_dep=None, packages_skip_by_dep=None, packages_skip_up_to=None, packages_select_build_failed=False, packages_skip_build_finished=False, packages_select_test_failures=False, packages_skip_test_passed=False, packages_select=['cw2_team_14'], packages_skip=None, packages_select_regex=None, packages_skip_regex=None, packages_start=None, packages_end=None, allow_overriding=[], cmake_args=None, cmake_target=None, cmake_target_skip_unavailable=False, cmake_clean_cache=False, cmake_clean_first=False, cmake_force_configure=False, ament_cmake_args=None, catkin_cmake_args=None, catkin_skip_building_tests=False, verb_parser=<colcon_defaults.argument_parser.defaults.DefaultArgumentsDecorator object at 0x7df71bf23d30>, verb_extension=<colcon_core.verb.build.BuildVerb object at 0x7df71bf23820>, main=<bound method BuildVerb.main of <colcon_core.verb.build.BuildVerb object at 0x7df71bf23820>>)
[0.348s] Level 1:colcon.colcon_core.package_discovery:discover_packages(colcon_meta) check parameters
[0.349s] Level 1:colcon.colcon_core.package_discovery:discover_packages(recursive) check parameters
[0.349s] Level 1:colcon.colcon_core.package_discovery:discover_packages(ignore) check parameters
[0.349s] Level 1:colcon.colcon_core.package_discovery:discover_packages(path) check parameters
[0.349s] Level 1:colcon.colcon_core.package_discovery:discover_packages(colcon_meta) discover
[0.349s] Level 1:colcon.colcon_core.package_discovery:discover_packages(recursive) discover
[0.349s] INFO:colcon.colcon_core.package_discovery:Crawling recursively for packages in '/home/ethan/COMP0250/cw2_team_14'
[0.349s] Level 1:colcon.colcon_core.package_identification:_identify(.) by extensions ['ignore', 'ignore_ament_install']
[0.349s] Level 1:colcon.colcon_core.package_identification:_identify(.) by extension 'ignore'
[0.349s] Level 1:colcon.colcon_core.package_identification:_identify(.) by extension 'ignore_ament_install'
[0.349s] Level 1:colcon.colcon_core.package_identification:_identify(.) by extensions ['colcon_pkg']
[0.349s] Level 1:colcon.colcon_core.package_identification:_identify(.) by extension 'colcon_pkg'
[0.349s] Level 1:colcon.colcon_core.package_identification:_identify(.) by extensions ['colcon_meta']
[0.349s] Level 1:colcon.colcon_core.package_identification:_identify(.) by extension 'colcon_meta'
[0.349s] Level 1:colcon.colcon_core.package_identification:_identify(.) by extensions ['ros']
[0.349s] Level 1:colcon.colcon_core.package_identification:_identify(.) by extension 'ros'
[0.358s] Level 1:colcon.colcon_core.package_identification:_identify(.) by extensions ['cmake', 'python']
[0.358s] Level 1:colcon.colcon_core.package_identification:_identify(.) by extension 'cmake'
[0.358s] Level 1:colcon.colcon_core.package_identification:_identify(.) by extension 'python'
[0.358s] Level 1:colcon.colcon_core.package_identification:_identify(.) by extensions ['python_setup_py']
[0.358s] Level 1:colcon.colcon_core.package_identification:_identify(.) by extension 'python_setup_py'
[0.359s] Level 1:colcon.colcon_core.package_identification:_identify(build) by extensions ['ignore', 'ignore_ament_install']
[0.359s] Level 1:colcon.colcon_core.package_identification:_identify(build) by extension 'ignore'
[0.359s] Level 1:colcon.colcon_core.package_identification:_identify(build) ignored
[0.359s] Level 1:colcon.colcon_core.package_identification:_identify(install) by extensions ['ignore', 'ignore_ament_install']
[0.359s] Level 1:colcon.colcon_core.package_identification:_identify(install) by extension 'ignore'
[0.359s] Level 1:colcon.colcon_core.package_identification:_identify(install) ignored
[0.359s] Level 1:colcon.colcon_core.package_identification:_identify(log) by extensions ['ignore', 'ignore_ament_install']
[0.359s] Level 1:colcon.colcon_core.package_identification:_identify(log) by extension 'ignore'
[0.359s] Level 1:colcon.colcon_core.package_identification:_identify(log) ignored
[0.359s] Level 1:colcon.colcon_core.package_identification:_identify(scripts) by extensions ['ignore', 'ignore_ament_install']
[0.359s] Level 1:colcon.colcon_core.package_identification:_identify(scripts) by extension 'ignore'
[0.359s] Level 1:colcon.colcon_core.package_identification:_identify(scripts) by extension 'ignore_ament_install'
[0.359s] Level 1:colcon.colcon_core.package_identification:_identify(scripts) by extensions ['colcon_pkg']
[0.359s] Level 1:colcon.colcon_core.package_identification:_identify(scripts) by extension 'colcon_pkg'
[0.359s] Level 1:colcon.colcon_core.package_identification:_identify(scripts) by extensions ['colcon_meta']
[0.359s] Level 1:colcon.colcon_core.package_identification:_identify(scripts) by extension 'colcon_meta'
[0.359s] Level 1:colcon.colcon_core.package_identification:_identify(scripts) by extensions ['ros']
[0.359s] Level 1:colcon.colcon_core.package_identification:_identify(scripts) by extension 'ros'
[0.359s] Level 1:colcon.colcon_core.package_identification:_identify(scripts) by extensions ['cmake', 'python']
[0.359s] Level 1:colcon.colcon_core.package_identification:_identify(scripts) by extension 'cmake'
[0.359s] Level 1:colcon.colcon_core.package_identification:_identify(scripts) by extension 'python'
[0.359s] Level 1:colcon.colcon_core.package_identification:_identify(scripts) by extensions ['python_setup_py']
[0.359s] Level 1:colcon.colcon_core.package_identification:_identify(scripts) by extension 'python_setup_py'
[0.359s] Level 1:colcon.colcon_core.package_identification:_identify(src) by extensions ['ignore', 'ignore_ament_install']
[0.359s] Level 1:colcon.colcon_core.package_identification:_identify(src) by extension 'ignore'
[0.360s] Level 1:colcon.colcon_core.package_identification:_identify(src) by extension 'ignore_ament_install'
[0.360s] Level 1:colcon.colcon_core.package_identification:_identify(src) by extensions ['colcon_pkg']
[0.360s] Level 1:colcon.colcon_core.package_identification:_identify(src) by extension 'colcon_pkg'
[0.360s] Level 1:colcon.colcon_core.package_identification:_identify(src) by extensions ['colcon_meta']
[0.360s] Level 1:colcon.colcon_core.package_identification:_identify(src) by extension 'colcon_meta'
[0.360s] Level 1:colcon.colcon_core.package_identification:_identify(src) by extensions ['ros']
[0.360s] Level 1:colcon.colcon_core.package_identification:_identify(src) by extension 'ros'
[0.360s] Level 1:colcon.colcon_core.package_identification:_identify(src) by extensions ['cmake', 'python']
[0.360s] Level 1:colcon.colcon_core.package_identification:_identify(src) by extension 'cmake'
[0.360s] Level 1:colcon.colcon_core.package_identification:_identify(src) by extension 'python'
[0.360s] Level 1:colcon.colcon_core.package_identification:_identify(src) by extensions ['python_setup_py']
[0.360s] Level 1:colcon.colcon_core.package_identification:_identify(src) by extension 'python_setup_py'
[0.360s] Level 1:colcon.colcon_core.package_identification:_identify(src/courseworks) by extensions ['ignore', 'ignore_ament_install']
[0.360s] Level 1:colcon.colcon_core.package_identification:_identify(src/courseworks) by extension 'ignore'
[0.360s] Level 1:colcon.colcon_core.package_identification:_identify(src/courseworks) by extension 'ignore_ament_install'
[0.360s] Level 1:colcon.colcon_core.package_identification:_identify(src/courseworks) by extensions ['colcon_pkg']
[0.360s] Level 1:colcon.colcon_core.package_identification:_identify(src/courseworks) by extension 'colcon_pkg'
[0.360s] Level 1:colcon.colcon_core.package_identification:_identify(src/courseworks) by extensions ['colcon_meta']
[0.360s] Level 1:colcon.colcon_core.package_identification:_identify(src/courseworks) by extension 'colcon_meta'
[0.360s] Level 1:colcon.colcon_core.package_identification:_identify(src/courseworks) by extensions ['ros']
[0.360s] Level 1:colcon.colcon_core.package_identification:_identify(src/courseworks) by extension 'ros'
[0.360s] Level 1:colcon.colcon_core.package_identification:_identify(src/courseworks) by extensions ['cmake', 'python']
[0.360s] Level 1:colcon.colcon_core.package_identification:_identify(src/courseworks) by extension 'cmake'
[0.360s] Level 1:colcon.colcon_core.package_identification:_identify(src/courseworks) by extension 'python'
[0.360s] Level 1:colcon.colcon_core.package_identification:_identify(src/courseworks) by extensions ['python_setup_py']
[0.360s] Level 1:colcon.colcon_core.package_identification:_identify(src/courseworks) by extension 'python_setup_py'
[0.360s] Level 1:colcon.colcon_core.package_identification:_identify(src/courseworks/cw2_team_14) by extensions ['ignore', 'ignore_ament_install']
[0.360s] Level 1:colcon.colcon_core.package_identification:_identify(src/courseworks/cw2_team_14) by extension 'ignore'
[0.360s] Level 1:colcon.colcon_core.package_identification:_identify(src/courseworks/cw2_team_14) by extension 'ignore_ament_install'
[0.360s] Level 1:colcon.colcon_core.package_identification:_identify(src/courseworks/cw2_team_14) by extensions ['colcon_pkg']
[0.360s] Level 1:colcon.colcon_core.package_identification:_identify(src/courseworks/cw2_team_14) by extension 'colcon_pkg'
[0.360s] Level 1:colcon.colcon_core.package_identification:_identify(src/courseworks/cw2_team_14) by extensions ['colcon_meta']
[0.360s] Level 1:colcon.colcon_core.package_identification:_identify(src/courseworks/cw2_team_14) by extension 'colcon_meta'
[0.360s] Level 1:colcon.colcon_core.package_identification:_identify(src/courseworks/cw2_team_14) by extensions ['ros']
[0.360s] Level 1:colcon.colcon_core.package_identification:_identify(src/courseworks/cw2_team_14) by extension 'ros'
[0.363s] DEBUG:colcon.colcon_core.package_identification:Package 'src/courseworks/cw2_team_14' with type 'ros.ament_cmake' and name 'cw2_team_14'
[0.364s] Level 1:colcon.colcon_core.package_identification:_identify(src/courseworks/cw2_world_spawner) by extensions ['ignore', 'ignore_ament_install']
[0.364s] Level 1:colcon.colcon_core.package_identification:_identify(src/courseworks/cw2_world_spawner) by extension 'ignore'
[0.364s] Level 1:colcon.colcon_core.package_identification:_identify(src/courseworks/cw2_world_spawner) by extension 'ignore_ament_install'
[0.364s] Level 1:colcon.colcon_core.package_identification:_identify(src/courseworks/cw2_world_spawner) by extensions ['colcon_pkg']
[0.364s] Level 1:colcon.colcon_core.package_identification:_identify(src/courseworks/cw2_world_spawner) by extension 'colcon_pkg'
[0.364s] Level 1:colcon.colcon_core.package_identification:_identify(src/courseworks/cw2_world_spawner) by extensions ['colcon_meta']
[0.364s] Level 1:colcon.colcon_core.package_identification:_identify(src/courseworks/cw2_world_spawner) by extension 'colcon_meta'
[0.364s] Level 1:colcon.colcon_core.package_identification:_identify(src/courseworks/cw2_world_spawner) by extensions ['ros']
[0.364s] Level 1:colcon.colcon_core.package_identification:_identify(src/courseworks/cw2_world_spawner) by extension 'ros'
[0.364s] DEBUG:colcon.colcon_core.package_identification:Package 'src/courseworks/cw2_world_spawner' with type 'ros.ament_cmake' and name 'cw2_world_spawner'
[0.365s] Level 1:colcon.colcon_core.package_identification:_identify(src/courseworks/panda_description) by extensions ['ignore', 'ignore_ament_install']
[0.365s] Level 1:colcon.colcon_core.package_identification:_identify(src/courseworks/panda_description) by extension 'ignore'
[0.365s] Level 1:colcon.colcon_core.package_identification:_identify(src/courseworks/panda_description) by extension 'ignore_ament_install'
[0.365s] Level 1:colcon.colcon_core.package_identification:_identify(src/courseworks/panda_description) by extensions ['colcon_pkg']
[0.365s] Level 1:colcon.colcon_core.package_identification:_identify(src/courseworks/panda_description) by extension 'colcon_pkg'
[0.365s] Level 1:colcon.colcon_core.package_identification:_identify(src/courseworks/panda_description) by extensions ['colcon_meta']
[0.365s] Level 1:colcon.colcon_core.package_identification:_identify(src/courseworks/panda_description) by extension 'colcon_meta'
[0.365s] Level 1:colcon.colcon_core.package_identification:_identify(src/courseworks/panda_description) by extensions ['ros']
[0.365s] Level 1:colcon.colcon_core.package_identification:_identify(src/courseworks/panda_description) by extension 'ros'
[0.365s] DEBUG:colcon.colcon_core.package_identification:Package 'src/courseworks/panda_description' with type 'ros.ament_cmake' and name 'panda_description'
[0.365s] Level 1:colcon.colcon_core.package_identification:_identify(src/courseworks/panda_moveit_config) by extensions ['ignore', 'ignore_ament_install']
[0.365s] Level 1:colcon.colcon_core.package_identification:_identify(src/courseworks/panda_moveit_config) by extension 'ignore'
[0.366s] Level 1:colcon.colcon_core.package_identification:_identify(src/courseworks/panda_moveit_config) by extension 'ignore_ament_install'
[0.366s] Level 1:colcon.colcon_core.package_identification:_identify(src/courseworks/panda_moveit_config) by extensions ['colcon_pkg']
[0.366s] Level 1:colcon.colcon_core.package_identification:_identify(src/courseworks/panda_moveit_config) by extension 'colcon_pkg'
[0.366s] Level 1:colcon.colcon_core.package_identification:_identify(src/courseworks/panda_moveit_config) by extensions ['colcon_meta']
[0.366s] Level 1:colcon.colcon_core.package_identification:_identify(src/courseworks/panda_moveit_config) by extension 'colcon_meta'
[0.366s] Level 1:colcon.colcon_core.package_identification:_identify(src/courseworks/panda_moveit_config) by extensions ['ros']
[0.366s] Level 1:colcon.colcon_core.package_identification:_identify(src/courseworks/panda_moveit_config) by extension 'ros'
[0.367s] DEBUG:colcon.colcon_core.package_identification:Package 'src/courseworks/panda_moveit_config' with type 'ros.ament_cmake' and name 'panda_moveit_config'
[0.367s] Level 1:colcon.colcon_core.package_identification:_identify(src/courseworks/realsense_gazebo_plugin) by extensions ['ignore', 'ignore_ament_install']
[0.367s] Level 1:colcon.colcon_core.package_identification:_identify(src/courseworks/realsense_gazebo_plugin) by extension 'ignore'
[0.367s] Level 1:colcon.colcon_core.package_identification:_identify(src/courseworks/realsense_gazebo_plugin) by extension 'ignore_ament_install'
[0.367s] Level 1:colcon.colcon_core.package_identification:_identify(src/courseworks/realsense_gazebo_plugin) by extensions ['colcon_pkg']
[0.367s] Level 1:colcon.colcon_core.package_identification:_identify(src/courseworks/realsense_gazebo_plugin) by extension 'colcon_pkg'
[0.367s] Level 1:colcon.colcon_core.package_identification:_identify(src/courseworks/realsense_gazebo_plugin) by extensions ['colcon_meta']
[0.367s] Level 1:colcon.colcon_core.package_identification:_identify(src/courseworks/realsense_gazebo_plugin) by extension 'colcon_meta'
[0.367s] Level 1:colcon.colcon_core.package_identification:_identify(src/courseworks/realsense_gazebo_plugin) by extensions ['ros']
[0.367s] Level 1:colcon.colcon_core.package_identification:_identify(src/courseworks/realsense_gazebo_plugin) by extension 'ros'
[0.368s] DEBUG:colcon.colcon_core.package_identification:Package 'src/courseworks/realsense_gazebo_plugin' with type 'ros.ament_cmake' and name 'realsense_gazebo_plugin'
[0.368s] Level 1:colcon.colcon_core.package_identification:_identify(src/courseworks/rpl_panda_with_rs) by extensions ['ignore', 'ignore_ament_install']
[0.368s] Level 1:colcon.colcon_core.package_identification:_identify(src/courseworks/rpl_panda_with_rs) by extension 'ignore'
[0.368s] Level 1:colcon.colcon_core.package_identification:_identify(src/courseworks/rpl_panda_with_rs) by extension 'ignore_ament_install'
[0.368s] Level 1:colcon.colcon_core.package_identification:_identify(src/courseworks/rpl_panda_with_rs) by extensions ['colcon_pkg']
[0.368s] Level 1:colcon.colcon_core.package_identification:_identify(src/courseworks/rpl_panda_with_rs) by extension 'colcon_pkg'
[0.368s] Level 1:colcon.colcon_core.package_identification:_identify(src/courseworks/rpl_panda_with_rs) by extensions ['colcon_meta']
[0.368s] Level 1:colcon.colcon_core.package_identification:_identify(src/courseworks/rpl_panda_with_rs) by extension 'colcon_meta'
[0.368s] Level 1:colcon.colcon_core.package_identification:_identify(src/courseworks/rpl_panda_with_rs) by extensions ['ros']
[0.368s] Level 1:colcon.colcon_core.package_identification:_identify(src/courseworks/rpl_panda_with_rs) by extension 'ros'
[0.369s] DEBUG:colcon.colcon_core.package_identification:Package 'src/courseworks/rpl_panda_with_rs' with type 'ros.ament_cmake' and name 'rpl_panda_with_rs'
[0.369s] Level 1:colcon.colcon_core.package_discovery:discover_packages(recursive) using defaults
[0.369s] Level 1:colcon.colcon_core.package_discovery:discover_packages(ignore) discover
[0.369s] Level 1:colcon.colcon_core.package_discovery:discover_packages(ignore) using defaults
[0.369s] Level 1:colcon.colcon_core.package_discovery:discover_packages(path) discover
[0.369s] Level 1:colcon.colcon_core.package_discovery:discover_packages(path) using defaults
[0.395s] INFO:colcon.colcon_core.package_selection:Skipping not selected package 'cw2_world_spawner' in 'src/courseworks/cw2_world_spawner'
[0.395s] INFO:colcon.colcon_core.package_selection:Skipping not selected package 'panda_description' in 'src/courseworks/panda_description'
[0.395s] INFO:colcon.colcon_core.package_selection:Skipping not selected package 'panda_moveit_config' in 'src/courseworks/panda_moveit_config'
[0.395s] INFO:colcon.colcon_core.package_selection:Skipping not selected package 'realsense_gazebo_plugin' in 'src/courseworks/realsense_gazebo_plugin'
[0.395s] INFO:colcon.colcon_core.package_selection:Skipping not selected package 'rpl_panda_with_rs' in 'src/courseworks/rpl_panda_with_rs'
[0.396s] Level 1:colcon.colcon_core.package_discovery:discover_packages(prefix_path) check parameters
[0.396s] Level 1:colcon.colcon_core.package_discovery:discover_packages(prefix_path) discover
[0.399s] DEBUG:colcon.colcon_installed_package_information.package_discovery:Found 364 installed packages in /opt/ros/humble
[0.400s] Level 1:colcon.colcon_core.package_discovery:discover_packages(prefix_path) using defaults
[0.430s] Level 5:colcon.colcon_core.verb:set package 'cw2_team_14' build argument 'cmake_args' from command line to 'None'
[0.430s] Level 5:colcon.colcon_core.verb:set package 'cw2_team_14' build argument 'cmake_target' from command line to 'None'
[0.430s] Level 5:colcon.colcon_core.verb:set package 'cw2_team_14' build argument 'cmake_target_skip_unavailable' from command line to 'False'
[0.431s] Level 5:colcon.colcon_core.verb:set package 'cw2_team_14' build argument 'cmake_clean_cache' from command line to 'False'
[0.431s] Level 5:colcon.colcon_core.verb:set package 'cw2_team_14' build argument 'cmake_clean_first' from command line to 'False'
[0.431s] Level 5:colcon.colcon_core.verb:set package 'cw2_team_14' build argument 'cmake_force_configure' from command line to 'False'
[0.431s] Level 5:colcon.colcon_core.verb:set package 'cw2_team_14' build argument 'ament_cmake_args' from command line to 'None'
[0.431s] Level 5:colcon.colcon_core.verb:set package 'cw2_team_14' build argument 'catkin_cmake_args' from command line to 'None'
[0.431s] Level 5:colcon.colcon_core.verb:set package 'cw2_team_14' build argument 'catkin_skip_building_tests' from command line to 'False'
[0.431s] DEBUG:colcon.colcon_core.verb:Building package 'cw2_team_14' with the following arguments: {'ament_cmake_args': None, 'build_base': '/home/ethan/COMP0250/cw2_team_14/build/cw2_team_14', 'catkin_cmake_args': None, 'catkin_skip_building_tests': False, 'cmake_args': None, 'cmake_clean_cache': False, 'cmake_clean_first': False, 'cmake_force_configure': False, 'cmake_target': None, 'cmake_target_skip_unavailable': False, 'install_base': '/home/ethan/COMP0250/cw2_team_14/install/cw2_team_14', 'merge_install': False, 'path': '/home/ethan/COMP0250/cw2_team_14/src/courseworks/cw2_team_14', 'symlink_install': False, 'test_result_base': None}
[0.431s] INFO:colcon.colcon_core.executor:Executing jobs using 'parallel' executor
[0.431s] DEBUG:colcon.colcon_parallel_executor.executor.parallel:run_until_complete
[0.432s] INFO:colcon.colcon_ros.task.ament_cmake.build:Building ROS package in '/home/ethan/COMP0250/cw2_team_14/src/courseworks/cw2_team_14' with build type 'ament_cmake'
[0.432s] INFO:colcon.colcon_cmake.task.cmake.build:Building CMake package in '/home/ethan/COMP0250/cw2_team_14/src/courseworks/cw2_team_14'
[0.435s] INFO:colcon.colcon_core.plugin_system:Skipping extension 'colcon_core.shell.bat': Not used on non-Windows systems
[0.435s] INFO:colcon.colcon_core.shell:Skip shell extension 'powershell' for command environment: Not usable outside of PowerShell
[0.435s] DEBUG:colcon.colcon_core.shell:Skip shell extension 'dsv' for command environment
[0.445s] DEBUG:colcon.colcon_core.event_handler.log_command:Invoking command in '/home/ethan/COMP0250/cw2_team_14/build/cw2_team_14': AMENT_PREFIX_PATH=/home/ethan/COMP0250/cw2_team_14/install/cw2_world_spawner:${AMENT_PREFIX_PATH} CMAKE_PREFIX_PATH=/home/ethan/COMP0250/cw2_team_14/install/cw2_world_spawner:/opt/ros/humble LD_LIBRARY_PATH=/home/ethan/COMP0250/cw2_team_14/install/cw2_world_spawner/lib:${LD_LIBRARY_PATH} PYTHONPATH=/home/ethan/COMP0250/cw2_team_14/install/cw2_world_spawner/local/lib/python3.10/dist-packages:${PYTHONPATH} /usr/bin/cmake --build /home/ethan/COMP0250/cw2_team_14/build/cw2_team_14 -- -j32 -l32
[14.499s] DEBUG:colcon.colcon_core.event_handler.log_command:Invoked command in '/home/ethan/COMP0250/cw2_team_14/build/cw2_team_14' returned '0': AMENT_PREFIX_PATH=/home/ethan/COMP0250/cw2_team_14/install/cw2_world_spawner:${AMENT_PREFIX_PATH} CMAKE_PREFIX_PATH=/home/ethan/COMP0250/cw2_team_14/install/cw2_world_spawner:/opt/ros/humble LD_LIBRARY_PATH=/home/ethan/COMP0250/cw2_team_14/install/cw2_world_spawner/lib:${LD_LIBRARY_PATH} PYTHONPATH=/home/ethan/COMP0250/cw2_team_14/install/cw2_world_spawner/local/lib/python3.10/dist-packages:${PYTHONPATH} /usr/bin/cmake --build /home/ethan/COMP0250/cw2_team_14/build/cw2_team_14 -- -j32 -l32
[14.506s] DEBUG:colcon.colcon_core.event_handler.log_command:Invoking command in '/home/ethan/COMP0250/cw2_team_14/build/cw2_team_14': AMENT_PREFIX_PATH=/home/ethan/COMP0250/cw2_team_14/install/cw2_world_spawner:${AMENT_PREFIX_PATH} CMAKE_PREFIX_PATH=/home/ethan/COMP0250/cw2_team_14/install/cw2_world_spawner:/opt/ros/humble LD_LIBRARY_PATH=/home/ethan/COMP0250/cw2_team_14/install/cw2_world_spawner/lib:${LD_LIBRARY_PATH} PYTHONPATH=/home/ethan/COMP0250/cw2_team_14/install/cw2_world_spawner/local/lib/python3.10/dist-packages:${PYTHONPATH} /usr/bin/cmake --install /home/ethan/COMP0250/cw2_team_14/build/cw2_team_14
[14.551s] Level 1:colcon.colcon_core.environment:create_environment_scripts_only(cw2_team_14)
[14.551s] DEBUG:colcon.colcon_core.event_handler.log_command:Invoked command in '/home/ethan/COMP0250/cw2_team_14/build/cw2_team_14' returned '0': AMENT_PREFIX_PATH=/home/ethan/COMP0250/cw2_team_14/install/cw2_world_spawner:${AMENT_PREFIX_PATH} CMAKE_PREFIX_PATH=/home/ethan/COMP0250/cw2_team_14/install/cw2_world_spawner:/opt/ros/humble LD_LIBRARY_PATH=/home/ethan/COMP0250/cw2_team_14/install/cw2_world_spawner/lib:${LD_LIBRARY_PATH} PYTHONPATH=/home/ethan/COMP0250/cw2_team_14/install/cw2_world_spawner/local/lib/python3.10/dist-packages:${PYTHONPATH} /usr/bin/cmake --install /home/ethan/COMP0250/cw2_team_14/build/cw2_team_14
[14.555s] Level 1:colcon.colcon_core.environment:checking '/home/ethan/COMP0250/cw2_team_14/install/cw2_team_14' for CMake module files
[14.555s] Level 1:colcon.colcon_core.environment:checking '/home/ethan/COMP0250/cw2_team_14/install/cw2_team_14' for CMake config files
[14.556s] Level 1:colcon.colcon_core.shell:create_environment_hook('cw2_team_14', 'cmake_prefix_path')
[14.556s] INFO:colcon.colcon_core.shell:Creating environment hook '/home/ethan/COMP0250/cw2_team_14/install/cw2_team_14/share/cw2_team_14/hook/cmake_prefix_path.ps1'
[14.556s] INFO:colcon.colcon_core.shell:Creating environment descriptor '/home/ethan/COMP0250/cw2_team_14/install/cw2_team_14/share/cw2_team_14/hook/cmake_prefix_path.dsv'
[14.557s] INFO:colcon.colcon_core.shell:Creating environment hook '/home/ethan/COMP0250/cw2_team_14/install/cw2_team_14/share/cw2_team_14/hook/cmake_prefix_path.sh'
[14.557s] Level 1:colcon.colcon_core.environment:checking '/home/ethan/COMP0250/cw2_team_14/install/cw2_team_14/lib'
[14.557s] Level 1:colcon.colcon_core.shell:create_environment_hook('cw2_team_14', 'ld_library_path_lib')
[14.557s] INFO:colcon.colcon_core.shell:Creating environment hook '/home/ethan/COMP0250/cw2_team_14/install/cw2_team_14/share/cw2_team_14/hook/ld_library_path_lib.ps1'
[14.558s] INFO:colcon.colcon_core.shell:Creating environment descriptor '/home/ethan/COMP0250/cw2_team_14/install/cw2_team_14/share/cw2_team_14/hook/ld_library_path_lib.dsv'
[14.558s] INFO:colcon.colcon_core.shell:Creating environment hook '/home/ethan/COMP0250/cw2_team_14/install/cw2_team_14/share/cw2_team_14/hook/ld_library_path_lib.sh'
[14.558s] Level 1:colcon.colcon_core.environment:checking '/home/ethan/COMP0250/cw2_team_14/install/cw2_team_14/bin'
[14.558s] Level 1:colcon.colcon_core.environment:checking '/home/ethan/COMP0250/cw2_team_14/install/cw2_team_14/lib/pkgconfig/cw2_team_14.pc'
[14.558s] Level 1:colcon.colcon_core.environment:checking '/home/ethan/COMP0250/cw2_team_14/install/cw2_team_14/lib/python3.10/site-packages'
[14.558s] Level 1:colcon.colcon_core.environment:checking '/home/ethan/COMP0250/cw2_team_14/install/cw2_team_14/bin'
[14.558s] INFO:colcon.colcon_core.shell:Creating package script '/home/ethan/COMP0250/cw2_team_14/install/cw2_team_14/share/cw2_team_14/package.ps1'
[14.559s] INFO:colcon.colcon_core.shell:Creating package descriptor '/home/ethan/COMP0250/cw2_team_14/install/cw2_team_14/share/cw2_team_14/package.dsv'
[14.559s] INFO:colcon.colcon_core.shell:Creating package script '/home/ethan/COMP0250/cw2_team_14/install/cw2_team_14/share/cw2_team_14/package.sh'
[14.560s] INFO:colcon.colcon_core.shell:Creating package script '/home/ethan/COMP0250/cw2_team_14/install/cw2_team_14/share/cw2_team_14/package.bash'
[14.561s] INFO:colcon.colcon_core.shell:Creating package script '/home/ethan/COMP0250/cw2_team_14/install/cw2_team_14/share/cw2_team_14/package.zsh'
[14.561s] Level 1:colcon.colcon_core.environment:create_file_with_runtime_dependencies(/home/ethan/COMP0250/cw2_team_14/install/cw2_team_14/share/colcon-core/packages/cw2_team_14)
[14.561s] Level 1:colcon.colcon_core.environment:create_environment_scripts_only(cw2_team_14)
[14.562s] Level 1:colcon.colcon_core.environment:checking '/home/ethan/COMP0250/cw2_team_14/install/cw2_team_14' for CMake module files
[14.562s] Level 1:colcon.colcon_core.environment:checking '/home/ethan/COMP0250/cw2_team_14/install/cw2_team_14' for CMake config files
[14.562s] Level 1:colcon.colcon_core.shell:create_environment_hook('cw2_team_14', 'cmake_prefix_path')
[14.562s] INFO:colcon.colcon_core.shell:Creating environment hook '/home/ethan/COMP0250/cw2_team_14/install/cw2_team_14/share/cw2_team_14/hook/cmake_prefix_path.ps1'
[14.562s] INFO:colcon.colcon_core.shell:Creating environment descriptor '/home/ethan/COMP0250/cw2_team_14/install/cw2_team_14/share/cw2_team_14/hook/cmake_prefix_path.dsv'
[14.563s] INFO:colcon.colcon_core.shell:Creating environment hook '/home/ethan/COMP0250/cw2_team_14/install/cw2_team_14/share/cw2_team_14/hook/cmake_prefix_path.sh'
[14.563s] Level 1:colcon.colcon_core.environment:checking '/home/ethan/COMP0250/cw2_team_14/install/cw2_team_14/lib'
[14.563s] Level 1:colcon.colcon_core.shell:create_environment_hook('cw2_team_14', 'ld_library_path_lib')
[14.563s] INFO:colcon.colcon_core.shell:Creating environment hook '/home/ethan/COMP0250/cw2_team_14/install/cw2_team_14/share/cw2_team_14/hook/ld_library_path_lib.ps1'
[14.563s] INFO:colcon.colcon_core.shell:Creating environment descriptor '/home/ethan/COMP0250/cw2_team_14/install/cw2_team_14/share/cw2_team_14/hook/ld_library_path_lib.dsv'
[14.563s] INFO:colcon.colcon_core.shell:Creating environment hook '/home/ethan/COMP0250/cw2_team_14/install/cw2_team_14/share/cw2_team_14/hook/ld_library_path_lib.sh'
[14.564s] Level 1:colcon.colcon_core.environment:checking '/home/ethan/COMP0250/cw2_team_14/install/cw2_team_14/bin'
[14.564s] Level 1:colcon.colcon_core.environment:checking '/home/ethan/COMP0250/cw2_team_14/install/cw2_team_14/lib/pkgconfig/cw2_team_14.pc'
[14.564s] Level 1:colcon.colcon_core.environment:checking '/home/ethan/COMP0250/cw2_team_14/install/cw2_team_14/lib/python3.10/site-packages'
[14.564s] Level 1:colcon.colcon_core.environment:checking '/home/ethan/COMP0250/cw2_team_14/install/cw2_team_14/bin'
[14.564s] INFO:colcon.colcon_core.shell:Creating package script '/home/ethan/COMP0250/cw2_team_14/install/cw2_team_14/share/cw2_team_14/package.ps1'
[14.564s] INFO:colcon.colcon_core.shell:Creating package descriptor '/home/ethan/COMP0250/cw2_team_14/install/cw2_team_14/share/cw2_team_14/package.dsv'
[14.565s] INFO:colcon.colcon_core.shell:Creating package script '/home/ethan/COMP0250/cw2_team_14/install/cw2_team_14/share/cw2_team_14/package.sh'
[14.565s] INFO:colcon.colcon_core.shell:Creating package script '/home/ethan/COMP0250/cw2_team_14/install/cw2_team_14/share/cw2_team_14/package.bash'
[14.565s] INFO:colcon.colcon_core.shell:Creating package script '/home/ethan/COMP0250/cw2_team_14/install/cw2_team_14/share/cw2_team_14/package.zsh'
[14.565s] Level 1:colcon.colcon_core.environment:create_file_with_runtime_dependencies(/home/ethan/COMP0250/cw2_team_14/install/cw2_team_14/share/colcon-core/packages/cw2_team_14)
[14.565s] DEBUG:colcon.colcon_parallel_executor.executor.parallel:closing loop
[14.565s] DEBUG:colcon.colcon_parallel_executor.executor.parallel:loop closed
[14.565s] DEBUG:colcon.colcon_parallel_executor.executor.parallel:run_until_complete finished with '0'
[14.565s] DEBUG:colcon.colcon_core.event_reactor:joining thread
[14.569s] INFO:colcon.colcon_core.plugin_system:Skipping extension 'colcon_notification.desktop_notification.terminal_notifier': Not used on non-Darwin systems
[14.569s] INFO:colcon.colcon_core.plugin_system:Skipping extension 'colcon_notification.desktop_notification.win32': Not used on non-Windows systems
[14.569s] INFO:colcon.colcon_notification.desktop_notification:Sending desktop notification using 'notify2'
[14.582s] DEBUG:colcon.colcon_core.event_reactor:joined thread
[14.582s] INFO:colcon.colcon_core.shell:Creating prefix script '/home/ethan/COMP0250/cw2_team_14/install/local_setup.ps1'
[14.583s] INFO:colcon.colcon_core.shell:Creating prefix util module '/home/ethan/COMP0250/cw2_team_14/install/_local_setup_util_ps1.py'
[14.584s] INFO:colcon.colcon_core.shell:Creating prefix chain script '/home/ethan/COMP0250/cw2_team_14/install/setup.ps1'
[14.584s] INFO:colcon.colcon_core.shell:Creating prefix script '/home/ethan/COMP0250/cw2_team_14/install/local_setup.sh'
[14.585s] INFO:colcon.colcon_core.shell:Creating prefix util module '/home/ethan/COMP0250/cw2_team_14/install/_local_setup_util_sh.py'
[14.585s] INFO:colcon.colcon_core.shell:Creating prefix chain script '/home/ethan/COMP0250/cw2_team_14/install/setup.sh'
[14.586s] INFO:colcon.colcon_core.shell:Creating prefix script '/home/ethan/COMP0250/cw2_team_14/install/local_setup.bash'
[14.586s] INFO:colcon.colcon_core.shell:Creating prefix chain script '/home/ethan/COMP0250/cw2_team_14/install/setup.bash'
[14.586s] INFO:colcon.colcon_core.shell:Creating prefix script '/home/ethan/COMP0250/cw2_team_14/install/local_setup.zsh'
[14.587s] INFO:colcon.colcon_core.shell:Creating prefix chain script '/home/ethan/COMP0250/cw2_team_14/install/setup.zsh'
