[0.034s] Invoking command in '/home/czg22/comp0250_s26_labs/build/panda_moveit_config': CMAKE_PREFIX_PATH=${CMAKE_PREFIX_PATH}:/home/czg22/ws_moveit2/install/moveit_configs_utils:/home/czg22/ws_moveit2/install/launch_param_builder:/opt/ros/humble /usr/bin/cmake /home/czg22/comp0250_s26_labs/src/courseworks/panda_moveit_config -DCMAKE_INSTALL_PREFIX=/home/czg22/comp0250_s26_labs/install/panda_moveit_config
[0.180s] -- The C compiler identification is GNU 11.4.0
[0.386s] -- The CXX compiler identification is GNU 11.4.0
[0.518s] -- Detecting C compiler ABI info
[0.646s] -- Detecting C compiler ABI info - done
[0.651s] -- Check for working C compiler: /usr/bin/cc - skipped
[0.651s] -- Detecting C compile features
[0.651s] -- Detecting C compile features - done
[0.653s] -- Detecting CXX compiler ABI info
[0.793s] -- Detecting CXX compiler ABI info - done
[0.797s] -- Check for working CXX compiler: /usr/bin/c++ - skipped
[0.798s] -- Detecting CXX compile features
[0.798s] -- Detecting CXX compile features - done
[0.806s] -- Found ament_cmake: 1.3.13 (/opt/ros/humble/share/ament_cmake/cmake)
[0.947s] -- Found Python3: /usr/bin/python3 (found version "3.10.12") found components: Interpreter 
[1.166s] -- Configuring done
[1.171s] -- Generating done
[1.172s] -- Build files have been written to: /home/czg22/comp0250_s26_labs/build/panda_moveit_config
[1.181s] Invoked command in '/home/czg22/comp0250_s26_labs/build/panda_moveit_config' returned '0': CMAKE_PREFIX_PATH=${CMAKE_PREFIX_PATH}:/home/czg22/ws_moveit2/install/moveit_configs_utils:/home/czg22/ws_moveit2/install/launch_param_builder:/opt/ros/humble /usr/bin/cmake /home/czg22/comp0250_s26_labs/src/courseworks/panda_moveit_config -DCMAKE_INSTALL_PREFIX=/home/czg22/comp0250_s26_labs/install/panda_moveit_config
[1.183s] Invoking command in '/home/czg22/comp0250_s26_labs/build/panda_moveit_config': CMAKE_PREFIX_PATH=${CMAKE_PREFIX_PATH}:/home/czg22/ws_moveit2/install/moveit_configs_utils:/home/czg22/ws_moveit2/install/launch_param_builder:/opt/ros/humble /usr/bin/cmake --build /home/czg22/comp0250_s26_labs/build/panda_moveit_config -- -j32 -l32
[1.253s] Invoked command in '/home/czg22/comp0250_s26_labs/build/panda_moveit_config' returned '0': CMAKE_PREFIX_PATH=${CMAKE_PREFIX_PATH}:/home/czg22/ws_moveit2/install/moveit_configs_utils:/home/czg22/ws_moveit2/install/launch_param_builder:/opt/ros/humble /usr/bin/cmake --build /home/czg22/comp0250_s26_labs/build/panda_moveit_config -- -j32 -l32
[1.255s] Invoking command in '/home/czg22/comp0250_s26_labs/build/panda_moveit_config': CMAKE_PREFIX_PATH=${CMAKE_PREFIX_PATH}:/home/czg22/ws_moveit2/install/moveit_configs_utils:/home/czg22/ws_moveit2/install/launch_param_builder:/opt/ros/humble /usr/bin/cmake --install /home/czg22/comp0250_s26_labs/build/panda_moveit_config
[1.266s] -- Install configuration: ""
[1.266s] -- Installing: /home/czg22/comp0250_s26_labs/install/panda_moveit_config/share/panda_moveit_config/launch
[1.267s] -- Installing: /home/czg22/comp0250_s26_labs/install/panda_moveit_config/share/panda_moveit_config/launch/demo_chomp.launch
[1.268s] -- Installing: /home/czg22/comp0250_s26_labs/install/panda_moveit_config/share/panda_moveit_config/launch/panda_moveit_controller_manager.launch.xml
[1.268s] -- Installing: /home/czg22/comp0250_s26_labs/install/panda_moveit_config/share/panda_moveit_config/launch/run_benchmark_ompl.launch
[1.269s] -- Installing: /home/czg22/comp0250_s26_labs/install/panda_moveit_config/share/panda_moveit_config/launch/panda_gripper_moveit_controller_manager_simulation.launch.xml
[1.269s] -- Installing: /home/czg22/comp0250_s26_labs/install/panda_moveit_config/share/panda_moveit_config/launch/sensor_manager.launch.xml
[1.270s] -- Installing: /home/czg22/comp0250_s26_labs/install/panda_moveit_config/share/panda_moveit_config/launch/default_warehouse_db.launch
[1.270s] -- Installing: /home/czg22/comp0250_s26_labs/install/panda_moveit_config/share/panda_moveit_config/launch/demo-project.launch
[1.270s] -- Installing: /home/czg22/comp0250_s26_labs/install/panda_moveit_config/share/panda_moveit_config/launch/planning_context.launch
[1.271s] -- Installing: /home/czg22/comp0250_s26_labs/install/panda_moveit_config/share/panda_moveit_config/launch/moveit_empty.rviz
[1.272s] -- Installing: /home/czg22/comp0250_s26_labs/install/panda_moveit_config/share/panda_moveit_config/launch/trajectory_execution.launch.xml
[1.272s] -- Installing: /home/czg22/comp0250_s26_labs/install/panda_moveit_config/share/panda_moveit_config/launch/panda_moveit_sensor_manager.launch.xml
[1.273s] -- Installing: /home/czg22/comp0250_s26_labs/install/panda_moveit_config/share/panda_moveit_config/launch/moveit_simulation.rviz
[1.274s] -- Installing: /home/czg22/comp0250_s26_labs/install/panda_moveit_config/share/panda_moveit_config/launch/ompl_planning_pipeline.launch.xml
[1.274s] -- Installing: /home/czg22/comp0250_s26_labs/install/panda_moveit_config/share/panda_moveit_config/launch/panda_moveit_controller_manager_simulation.launch.xml
[1.275s] -- Installing: /home/czg22/comp0250_s26_labs/install/panda_moveit_config/share/panda_moveit_config/launch/warehouse.launch
[1.275s] -- Installing: /home/czg22/comp0250_s26_labs/install/panda_moveit_config/share/panda_moveit_config/launch/joystick_control.launch
[1.275s] -- Installing: /home/czg22/comp0250_s26_labs/install/panda_moveit_config/share/panda_moveit_config/launch/move_group.launch
[1.276s] -- Installing: /home/czg22/comp0250_s26_labs/install/panda_moveit_config/share/panda_moveit_config/launch/planning_pipeline.launch.xml
[1.276s] -- Installing: /home/czg22/comp0250_s26_labs/install/panda_moveit_config/share/panda_moveit_config/launch/project.rviz
[1.277s] -- Installing: /home/czg22/comp0250_s26_labs/install/panda_moveit_config/share/panda_moveit_config/launch/panda_gripper_moveit_controller_manager.launch.xml
[1.277s] -- Installing: /home/czg22/comp0250_s26_labs/install/panda_moveit_config/share/panda_moveit_config/launch/demo.launch
[1.277s] -- Installing: /home/czg22/comp0250_s26_labs/install/panda_moveit_config/share/panda_moveit_config/launch/stomp_planning_pipeline.launch.xml
[1.278s] -- Installing: /home/czg22/comp0250_s26_labs/install/panda_moveit_config/share/panda_moveit_config/launch/fake_moveit_controller_manager.launch.xml
[1.278s] -- Installing: /home/czg22/comp0250_s26_labs/install/panda_moveit_config/share/panda_moveit_config/launch/chomp_planning_pipeline.launch.xml
[1.279s] -- Installing: /home/czg22/comp0250_s26_labs/install/panda_moveit_config/share/panda_moveit_config/launch/warehouse_settings.launch.xml
[1.279s] -- Installing: /home/czg22/comp0250_s26_labs/install/panda_moveit_config/share/panda_moveit_config/launch/panda_moveit.launch
[1.280s] -- Installing: /home/czg22/comp0250_s26_labs/install/panda_moveit_config/share/panda_moveit_config/launch/moveit.rviz
[1.281s] -- Installing: /home/czg22/comp0250_s26_labs/install/panda_moveit_config/share/panda_moveit_config/launch/panda_control_moveit_rviz.launch
[1.281s] -- Installing: /home/czg22/comp0250_s26_labs/install/panda_moveit_config/share/panda_moveit_config/launch/moveit_rviz_simulation.launch
[1.281s] -- Installing: /home/czg22/comp0250_s26_labs/install/panda_moveit_config/share/panda_moveit_config/launch/moveit_rviz.launch
[1.282s] -- Installing: /home/czg22/comp0250_s26_labs/install/panda_moveit_config/share/panda_moveit_config/config
[1.282s] -- Installing: /home/czg22/comp0250_s26_labs/install/panda_moveit_config/share/panda_moveit_config/config/panda_arm.srdf.xacro
[1.282s] -- Installing: /home/czg22/comp0250_s26_labs/install/panda_moveit_config/share/panda_moveit_config/config/pilz_cartesian_limits.yaml
[1.283s] -- Installing: /home/czg22/comp0250_s26_labs/install/panda_moveit_config/share/panda_moveit_config/config/panda_gripper_controllers.yaml
[1.283s] -- Installing: /home/czg22/comp0250_s26_labs/install/panda_moveit_config/share/panda_moveit_config/config/panda_controllers.yaml
[1.283s] -- Installing: /home/czg22/comp0250_s26_labs/install/panda_moveit_config/share/panda_moveit_config/config/ompl_planning.yaml
[1.284s] -- Installing: /home/czg22/comp0250_s26_labs/install/panda_moveit_config/share/panda_moveit_config/config/kinematics.yaml
[1.284s] -- Installing: /home/czg22/comp0250_s26_labs/install/panda_moveit_config/share/panda_moveit_config/config/panda_arm_hand.srdf.xacro
[1.285s] -- Installing: /home/czg22/comp0250_s26_labs/install/panda_moveit_config/share/panda_moveit_config/config/panda_controllers_simulation.yaml
[1.285s] -- Installing: /home/czg22/comp0250_s26_labs/install/panda_moveit_config/share/panda_moveit_config/config/panda_arm.xacro
[1.286s] -- Installing: /home/czg22/comp0250_s26_labs/install/panda_moveit_config/share/panda_moveit_config/config/stomp_planning.yaml
[1.286s] -- Installing: /home/czg22/comp0250_s26_labs/install/panda_moveit_config/share/panda_moveit_config/config/sensors_kinect_pointcloud.yaml
[1.287s] -- Installing: /home/czg22/comp0250_s26_labs/install/panda_moveit_config/share/panda_moveit_config/config/joint_limits.yaml
[1.287s] -- Installing: /home/czg22/comp0250_s26_labs/install/panda_moveit_config/share/panda_moveit_config/config/chomp_planning.yaml
[1.287s] -- Installing: /home/czg22/comp0250_s26_labs/install/panda_moveit_config/share/panda_moveit_config/config/panda_gripper_controllers_simulation.yaml
[1.288s] -- Installing: /home/czg22/comp0250_s26_labs/install/panda_moveit_config/share/panda_moveit_config/config/sensors_kinect_depthmap.yaml
[1.288s] -- Installing: /home/czg22/comp0250_s26_labs/install/panda_moveit_config/share/panda_moveit_config/config/fake_controllers.yaml
[1.289s] -- Installing: /home/czg22/comp0250_s26_labs/install/panda_moveit_config/share/panda_moveit_config/config/panda_gripper_controllers (modified).yaml
[1.289s] -- Installing: /home/czg22/comp0250_s26_labs/install/panda_moveit_config/share/panda_moveit_config/config/hand.xacro
[1.291s] -- Installing: /home/czg22/comp0250_s26_labs/install/panda_moveit_config/share/ament_index/resource_index/package_run_dependencies/panda_moveit_config
[1.291s] -- Installing: /home/czg22/comp0250_s26_labs/install/panda_moveit_config/share/ament_index/resource_index/parent_prefix_path/panda_moveit_config
[1.292s] -- Installing: /home/czg22/comp0250_s26_labs/install/panda_moveit_config/share/panda_moveit_config/environment/ament_prefix_path.sh
[1.292s] -- Installing: /home/czg22/comp0250_s26_labs/install/panda_moveit_config/share/panda_moveit_config/environment/ament_prefix_path.dsv
[1.292s] -- Installing: /home/czg22/comp0250_s26_labs/install/panda_moveit_config/share/panda_moveit_config/environment/path.sh
[1.292s] -- Installing: /home/czg22/comp0250_s26_labs/install/panda_moveit_config/share/panda_moveit_config/environment/path.dsv
[1.293s] -- Installing: /home/czg22/comp0250_s26_labs/install/panda_moveit_config/share/panda_moveit_config/local_setup.bash
[1.293s] -- Installing: /home/czg22/comp0250_s26_labs/install/panda_moveit_config/share/panda_moveit_config/local_setup.sh
[1.293s] -- Installing: /home/czg22/comp0250_s26_labs/install/panda_moveit_config/share/panda_moveit_config/local_setup.zsh
[1.294s] -- Installing: /home/czg22/comp0250_s26_labs/install/panda_moveit_config/share/panda_moveit_config/local_setup.dsv
[1.294s] -- Installing: /home/czg22/comp0250_s26_labs/install/panda_moveit_config/share/panda_moveit_config/package.dsv
[1.294s] -- Installing: /home/czg22/comp0250_s26_labs/install/panda_moveit_config/share/ament_index/resource_index/packages/panda_moveit_config
[1.294s] -- Installing: /home/czg22/comp0250_s26_labs/install/panda_moveit_config/share/panda_moveit_config/cmake/panda_moveit_configConfig.cmake
[1.295s] -- Installing: /home/czg22/comp0250_s26_labs/install/panda_moveit_config/share/panda_moveit_config/cmake/panda_moveit_configConfig-version.cmake
[1.295s] -- Installing: /home/czg22/comp0250_s26_labs/install/panda_moveit_config/share/panda_moveit_config/package.xml
[1.298s] Invoked command in '/home/czg22/comp0250_s26_labs/build/panda_moveit_config' returned '0': CMAKE_PREFIX_PATH=${CMAKE_PREFIX_PATH}:/home/czg22/ws_moveit2/install/moveit_configs_utils:/home/czg22/ws_moveit2/install/launch_param_builder:/opt/ros/humble /usr/bin/cmake --install /home/czg22/comp0250_s26_labs/build/panda_moveit_config
