[0.049s] Invoking command in '/home/czg22/comp0250_s26_labs/build/cw1_team_14': AMENT_PREFIX_PATH=/home/czg22/comp0250_s26_labs/install/cw1_world_spawner:${AMENT_PREFIX_PATH} CMAKE_PREFIX_PATH=/home/czg22/comp0250_s26_labs/install/cw1_world_spawner:/home/czg22/ws_moveit2/install/pilz_industrial_motion_planner_testutils:/home/czg22/ws_moveit2/install/moveit_runtime:/home/czg22/ws_moveit2/install/moveit2_tutorials:/home/czg22/ws_moveit2/install/moveit:/home/czg22/ws_moveit2/install/moveit_planners:/home/czg22/ws_moveit2/install/pilz_industrial_motion_planner:/home/czg22/ws_moveit2/install/mtc_tutorial:/home/czg22/ws_moveit2/install/moveit_visual_tools:/home/czg22/ws_moveit2/install/moveit_task_constructor_visualization:/home/czg22/ws_moveit2/install/moveit_task_constructor_demo:/home/czg22/ws_moveit2/install/moveit_task_constructor_capabilities:/home/czg22/ws_moveit2/install/moveit_task_constructor_core:/home/czg22/ws_moveit2/install/moveit_ros_control_interface:/home/czg22/ws_moveit2/install/moveit_plugins:/home/czg22/ws_moveit2/install/moveit_simple_controller_manager:/home/czg22/ws_moveit2/install/moveit_setup_assistant:/home/czg22/ws_moveit2/install/moveit_setup_srdf_plugins:/home/czg22/ws_moveit2/install/moveit_setup_core_plugins:/home/czg22/ws_moveit2/install/moveit_setup_controllers:/home/czg22/ws_moveit2/install/moveit_setup_app_plugins:/home/czg22/ws_moveit2/install/moveit_setup_framework:/home/czg22/ws_moveit2/install/moveit_servo:/home/czg22/ws_moveit2/install/moveit_ros:/home/czg22/ws_moveit2/install/moveit_ros_visualization:/home/czg22/ws_moveit2/install/moveit_py:/home/czg22/ws_moveit2/install/moveit_hybrid_planning:/home/czg22/ws_moveit2/install/moveit_ros_planning_interface:/home/czg22/ws_moveit2/install/moveit_ros_benchmarks:/home/czg22/ws_moveit2/install/moveit_ros_warehouse:/home/czg22/ws_moveit2/install/moveit_ros_robot_interaction:/home/czg22/ws_moveit2/install/moveit_ros_perception:/home/czg22/ws_moveit2/install/moveit_resources_prbt_pg70_support:/home/czg22/ws_moveit2/install/moveit_resources_prbt_moveit_config:/home/czg22/ws_moveit2/install/moveit_ros_move_group:/home/czg22/ws_moveit2/install/moveit_planners_ompl:/home/czg22/ws_moveit2/install/moveit_ros_planning:/home/czg22/ws_moveit2/install/moveit_ros_occupancy_map_monitor:/home/czg22/ws_moveit2/install/moveit_resources_prbt_ikfast_manipulator_plugin:/home/czg22/ws_moveit2/install/moveit_planners_chomp:/home/czg22/ws_moveit2/install/moveit_kinematics:/home/czg22/ws_moveit2/install/moveit_chomp_optimizer_adapter:/home/czg22/ws_moveit2/install/chomp_motion_planner:/home/czg22/ws_moveit2/install/moveit_core:/home/czg22/ws_moveit2/install/srdfdom:/home/czg22/ws_moveit2/install/rviz_marker_tools:/home/czg22/ws_moveit2/install/rosparam_shortcuts:/home/czg22/ws_moveit2/install/moveit_task_constructor_msgs:/home/czg22/ws_moveit2/install/moveit_resources_prbt_support:/home/czg22/ws_moveit2/install/moveit_resources:/home/czg22/ws_moveit2/install/moveit_resources_pr2_description:/home/czg22/ws_moveit2/install/moveit_resources_panda_moveit_config:/home/czg22/ws_moveit2/install/moveit_resources_panda_description:/home/czg22/ws_moveit2/install/moveit_resources_fanuc_moveit_config:/home/czg22/ws_moveit2/install/moveit_resources_fanuc_description:/home/czg22/ws_moveit2/install/moveit_common:/home/czg22/ws_moveit2/install/moveit_configs_utils:/home/czg22/ws_moveit2/install/launch_param_builder:/opt/ros/humble LD_LIBRARY_PATH=/home/czg22/comp0250_s26_labs/install/cw1_world_spawner/lib:${LD_LIBRARY_PATH} PYTHONPATH=/home/czg22/comp0250_s26_labs/install/cw1_world_spawner/local/lib/python3.10/dist-packages:${PYTHONPATH} /usr/bin/cmake /home/czg22/comp0250_s26_labs/courseworks/cw1_team_14 -DCMAKE_INSTALL_PREFIX=/home/czg22/comp0250_s26_labs/install/cw1_team_14
[0.138s] -- The C compiler identification is GNU 11.4.0
[0.332s] -- The CXX compiler identification is GNU 11.4.0
[0.459s] -- Detecting C compiler ABI info
[0.567s] -- Detecting C compiler ABI info - done
[0.571s] -- Check for working C compiler: /usr/bin/cc - skipped
[0.572s] -- Detecting C compile features
[0.572s] -- Detecting C compile features - done
[0.574s] -- Detecting CXX compiler ABI info
[0.694s] -- Detecting CXX compiler ABI info - done
[0.699s] -- Check for working CXX compiler: /usr/bin/c++ - skipped
[0.699s] -- Detecting CXX compile features
[0.699s] -- Detecting CXX compile features - done
[0.707s] -- Found ament_cmake: 1.3.13 (/opt/ros/humble/share/ament_cmake/cmake)
[0.849s] -- Found Python3: /usr/bin/python3 (found version "3.10.12") found components: Interpreter 
[1.005s] -- Found rosidl_default_generators: 1.2.0 (/opt/ros/humble/share/rosidl_default_generators/cmake)
[1.017s] -- Using all available rosidl_typesupport_c: rosidl_typesupport_fastrtps_c;rosidl_typesupport_introspection_c
[1.040s] -- Found rosidl_adapter: 3.1.8 (/opt/ros/humble/share/rosidl_adapter/cmake)
[1.178s] -- Using all available rosidl_typesupport_cpp: rosidl_typesupport_fastrtps_cpp;rosidl_typesupport_introspection_cpp
[1.243s] -- Found rclcpp: 16.0.18 (/opt/ros/humble/share/rclcpp/cmake)
[1.350s] -- Found rmw_implementation_cmake: 6.1.2 (/opt/ros/humble/share/rmw_implementation_cmake/cmake)
[1.359s] -- Found rmw_fastrtps_cpp: 6.2.10 (/opt/ros/humble/share/rmw_fastrtps_cpp/cmake)
[1.816s] -- Found OpenSSL: /usr/lib/x86_64-linux-gnu/libcrypto.so (found version "3.0.2")  
[2.169s] -- Found FastRTPS: /opt/ros/humble/include  
[3.181s] -- Using RMW implementation 'rmw_fastrtps_cpp' as default
[3.205s] -- Looking for pthread.h
[3.326s] -- Looking for pthread.h - found
[3.326s] -- Performing Test CMAKE_HAVE_LIBC_PTHREAD
[3.445s] -- Performing Test CMAKE_HAVE_LIBC_PTHREAD - Success
[3.446s] -- Found Threads: TRUE  
[3.513s] -- Found geometry_msgs: 4.9.1 (/opt/ros/humble/share/geometry_msgs/cmake)
[3.527s] -- Found sensor_msgs: 4.9.1 (/opt/ros/humble/share/sensor_msgs/cmake)
[3.541s] -- Found moveit_core: 2.5.9 (/home/czg22/ws_moveit2/install/moveit_core/share/moveit_core/cmake)
[3.634s] -- Found Boost: /usr/lib/x86_64-linux-gnu/cmake/Boost-1.74.0/BoostConfig.cmake (found version "1.74.0") found components: chrono date_time filesystem iostreams program_options regex serialization system thread 
[4.073s] -- Found parameter_traits: 0.6.0 (/opt/ros/humble/share/parameter_traits/cmake)
[4.106s] -- Found rclcpp_lifecycle: 16.0.18 (/opt/ros/humble/share/rclcpp_lifecycle/cmake)
[4.141s] -- Found Boost: /usr/lib/x86_64-linux-gnu/cmake/Boost-1.74.0/BoostConfig.cmake (found version "1.74.0") found components: filesystem 
[4.814s] -- library: /usr/lib/x86_64-linux-gnu/libcurl.so
[4.890s] -- Found Eigen3: TRUE (found version "3.4.0") 
[4.890s] -- Ensuring Eigen3 include directory is part of orocos-kdl CMake target
[5.700s] -- Found moveit_ros_planning_interface: 2.5.9 (/home/czg22/ws_moveit2/install/moveit_ros_planning_interface/share/moveit_ros_planning_interface/cmake)
[5.704s] -- Found Boost: /usr/lib/x86_64-linux-gnu/cmake/Boost-1.74.0/BoostConfig.cmake (found version "1.74.0") found components: date_time filesystem program_options system thread 
[5.715s] -- Found Boost: /usr/lib/x86_64-linux-gnu/cmake/Boost-1.74.0/BoostConfig.cmake (found version "1.74.0") found components: system filesystem date_time program_options thread chrono 
[5.743s] -- Found Boost: /usr/lib/x86_64-linux-gnu/cmake/Boost-1.74.0/BoostConfig.cmake (found version "1.74.0") found components: thread system filesystem regex date_time program_options 
[5.772s] -- Found Boost: /usr/lib/x86_64-linux-gnu/cmake/Boost-1.74.0/BoostConfig.cmake (found version "1.74.0") found components: system filesystem date_time program_options thread 
[5.814s] -- Found pcl_ros: 2.4.5 (/opt/ros/humble/share/pcl_ros/cmake)
[5.864s] -- Checking for module 'eigen3'
[5.887s] --   Found eigen3, version 3.4.0
[5.947s] -- Found Eigen: /usr/include/eigen3 (Required is at least version "3.1") 
[5.947s] -- Eigen found (include: /usr/include/eigen3, version: 3.4.0)
[6.234s] -- Checking for module 'flann'
[6.258s] --   Found flann, version 1.9.1
[6.404s] -- Found FLANN: /usr/lib/x86_64-linux-gnu/libflann_cpp.so  
[6.404s] -- FLANN found (include: /usr/include, lib: /usr/lib/x86_64-linux-gnu/libflann_cpp.so)
[8.604s] -- Checking for module 'libusb-1.0'
[8.631s] --   Found libusb-1.0, version 1.0.25
[8.721s] -- Found libusb: /usr/lib/x86_64-linux-gnu/libusb-1.0.so  
[8.721s] -- OpenNI found (version: 1.5.4.0, include: /usr/include/ni, lib: /usr/lib/libOpenNI.so;libusb::libusb)
[8.847s] -- OpenNI2 found (version: 2.2.0.33, include: /usr/include/openni2, lib: /usr/lib/x86_64-linux-gnu/libOpenNI2.so;libusb::libusb)
[9.574s] -- Eigen found (include: /usr/include/eigen3, version: 3.4.0)
[9.582s] -- OpenNI found (version: 1.5.4.0, include: /usr/include/ni, lib: /usr/lib/libOpenNI.so;libusb::libusb)
[9.590s] -- OpenNI2 found (version: 2.2.0.33, include: /usr/include/openni2, lib: /usr/lib/x86_64-linux-gnu/libOpenNI2.so;libusb::libusb)
[10.385s] -- Found Qhull version 8.0.2
[11.157s] -- OpenNI found (version: 1.5.4.0, include: /usr/include/ni, lib: /usr/lib/libOpenNI.so;libusb::libusb)
[11.876s] -- Found PCL_COMMON: /usr/lib/x86_64-linux-gnu/libpcl_common.so  
[11.877s] -- Found PCL_KDTREE: /usr/lib/x86_64-linux-gnu/libpcl_kdtree.so  
[11.877s] -- Found PCL_OCTREE: /usr/lib/x86_64-linux-gnu/libpcl_octree.so  
[11.878s] -- Found PCL_SEARCH: /usr/lib/x86_64-linux-gnu/libpcl_search.so  
[11.878s] -- Found PCL_SAMPLE_CONSENSUS: /usr/lib/x86_64-linux-gnu/libpcl_sample_consensus.so  
[11.879s] -- Found PCL_FILTERS: /usr/lib/x86_64-linux-gnu/libpcl_filters.so  
[11.879s] -- Found PCL_2D: /usr/include/pcl-1.12  
[11.879s] -- Found PCL_GEOMETRY: /usr/include/pcl-1.12  
[11.880s] -- Found PCL_IO: /usr/lib/x86_64-linux-gnu/libpcl_io.so  
[11.881s] -- Found PCL_FEATURES: /usr/lib/x86_64-linux-gnu/libpcl_features.so  
[11.881s] -- Found PCL_ML: /usr/lib/x86_64-linux-gnu/libpcl_ml.so  
[11.881s] -- Found PCL_SEGMENTATION: /usr/lib/x86_64-linux-gnu/libpcl_segmentation.so  
[11.882s] -- Found PCL_VISUALIZATION: /usr/lib/x86_64-linux-gnu/libpcl_visualization.so  
[11.883s] -- Found PCL_SURFACE: /usr/lib/x86_64-linux-gnu/libpcl_surface.so  
[11.883s] -- Found PCL_REGISTRATION: /usr/lib/x86_64-linux-gnu/libpcl_registration.so  
[11.884s] -- Found PCL_KEYPOINTS: /usr/lib/x86_64-linux-gnu/libpcl_keypoints.so  
[11.885s] -- Found PCL_TRACKING: /usr/lib/x86_64-linux-gnu/libpcl_tracking.so  
[11.885s] -- Found PCL_RECOGNITION: /usr/lib/x86_64-linux-gnu/libpcl_recognition.so  
[11.886s] -- Found PCL_STEREO: /usr/lib/x86_64-linux-gnu/libpcl_stereo.so  
[11.886s] -- Found PCL_APPS: /usr/lib/x86_64-linux-gnu/libpcl_apps.so  
[11.887s] -- Found PCL_IN_HAND_SCANNER: /usr/include/pcl-1.12  
[11.887s] -- Found PCL_MODELER: /usr/include/pcl-1.12  
[11.887s] -- Found PCL_POINT_CLOUD_EDITOR: /usr/include/pcl-1.12  
[11.888s] -- Found PCL_OUTOFCORE: /usr/lib/x86_64-linux-gnu/libpcl_outofcore.so  
[11.888s] -- Found PCL_PEOPLE: /usr/lib/x86_64-linux-gnu/libpcl_people.so  
[11.905s] -- Found cw1_world_spawner: 0.1.0 (/home/czg22/comp0250_s26_labs/install/cw1_world_spawner/share/cw1_world_spawner/cmake)
[12.180s] -- Found ament_cmake_ros: 0.10.0 (/opt/ros/humble/share/ament_cmake_ros/cmake)
[12.433s] -- Using all available rosidl_typesupport_c: rosidl_typesupport_fastrtps_c;rosidl_typesupport_introspection_c
[12.731s] -- Using all available rosidl_typesupport_cpp: rosidl_typesupport_fastrtps_cpp;rosidl_typesupport_introspection_cpp
[12.800s] -- Found PythonInterp: /usr/bin/python3 (found suitable version "3.10.12", minimum required is "3.6") 
[12.808s] -- Found python_cmake_module: 0.10.0 (/opt/ros/humble/share/python_cmake_module/cmake)
[12.982s] -- Found PythonLibs: /usr/lib/x86_64-linux-gnu/libpython3.10.so (found suitable version "3.10.12", minimum required is "3.5") 
[12.982s] -- Using PYTHON_EXECUTABLE: /usr/bin/python3
[12.982s] -- Using PYTHON_INCLUDE_DIRS: /usr/include/python3.10
[12.983s] -- Using PYTHON_LIBRARIES: /usr/lib/x86_64-linux-gnu/libpython3.10.so
[13.006s] -- Found PythonExtra: .so  
[13.171s] -- Found ament_lint_auto: 0.12.15 (/opt/ros/humble/share/ament_lint_auto/cmake)
[13.234s] -- Added test 'cppcheck' to perform static code analysis on C / C++ code
[13.234s] -- Configured cppcheck include dirs: /home/czg22/comp0250_s26_labs/courseworks/cw1_team_14/include
[13.234s] -- Configured cppcheck exclude dirs and/or files: 
[13.236s] -- Added test 'flake8' to check Python code syntax and style conventions
[13.238s] -- Added test 'lint_cmake' to check CMake code style
[13.240s] -- Added test 'pep257' to check Python code against some of the docstring style conventions in PEP 257
[13.242s] -- Added test 'uncrustify' to check C / C++ code style
[13.242s] -- Configured uncrustify additional arguments: 
[13.243s] -- Added test 'xmllint' to check XML markup files
[13.248s] -- Configuring done
[13.444s] -- Generating done
[13.476s] -- Build files have been written to: /home/czg22/comp0250_s26_labs/build/cw1_team_14
[13.505s] Invoked command in '/home/czg22/comp0250_s26_labs/build/cw1_team_14' returned '0': AMENT_PREFIX_PATH=/home/czg22/comp0250_s26_labs/install/cw1_world_spawner:${AMENT_PREFIX_PATH} CMAKE_PREFIX_PATH=/home/czg22/comp0250_s26_labs/install/cw1_world_spawner:/home/czg22/ws_moveit2/install/pilz_industrial_motion_planner_testutils:/home/czg22/ws_moveit2/install/moveit_runtime:/home/czg22/ws_moveit2/install/moveit2_tutorials:/home/czg22/ws_moveit2/install/moveit:/home/czg22/ws_moveit2/install/moveit_planners:/home/czg22/ws_moveit2/install/pilz_industrial_motion_planner:/home/czg22/ws_moveit2/install/mtc_tutorial:/home/czg22/ws_moveit2/install/moveit_visual_tools:/home/czg22/ws_moveit2/install/moveit_task_constructor_visualization:/home/czg22/ws_moveit2/install/moveit_task_constructor_demo:/home/czg22/ws_moveit2/install/moveit_task_constructor_capabilities:/home/czg22/ws_moveit2/install/moveit_task_constructor_core:/home/czg22/ws_moveit2/install/moveit_ros_control_interface:/home/czg22/ws_moveit2/install/moveit_plugins:/home/czg22/ws_moveit2/install/moveit_simple_controller_manager:/home/czg22/ws_moveit2/install/moveit_setup_assistant:/home/czg22/ws_moveit2/install/moveit_setup_srdf_plugins:/home/czg22/ws_moveit2/install/moveit_setup_core_plugins:/home/czg22/ws_moveit2/install/moveit_setup_controllers:/home/czg22/ws_moveit2/install/moveit_setup_app_plugins:/home/czg22/ws_moveit2/install/moveit_setup_framework:/home/czg22/ws_moveit2/install/moveit_servo:/home/czg22/ws_moveit2/install/moveit_ros:/home/czg22/ws_moveit2/install/moveit_ros_visualization:/home/czg22/ws_moveit2/install/moveit_py:/home/czg22/ws_moveit2/install/moveit_hybrid_planning:/home/czg22/ws_moveit2/install/moveit_ros_planning_interface:/home/czg22/ws_moveit2/install/moveit_ros_benchmarks:/home/czg22/ws_moveit2/install/moveit_ros_warehouse:/home/czg22/ws_moveit2/install/moveit_ros_robot_interaction:/home/czg22/ws_moveit2/install/moveit_ros_perception:/home/czg22/ws_moveit2/install/moveit_resources_prbt_pg70_support:/home/czg22/ws_moveit2/install/moveit_resources_prbt_moveit_config:/home/czg22/ws_moveit2/install/moveit_ros_move_group:/home/czg22/ws_moveit2/install/moveit_planners_ompl:/home/czg22/ws_moveit2/install/moveit_ros_planning:/home/czg22/ws_moveit2/install/moveit_ros_occupancy_map_monitor:/home/czg22/ws_moveit2/install/moveit_resources_prbt_ikfast_manipulator_plugin:/home/czg22/ws_moveit2/install/moveit_planners_chomp:/home/czg22/ws_moveit2/install/moveit_kinematics:/home/czg22/ws_moveit2/install/moveit_chomp_optimizer_adapter:/home/czg22/ws_moveit2/install/chomp_motion_planner:/home/czg22/ws_moveit2/install/moveit_core:/home/czg22/ws_moveit2/install/srdfdom:/home/czg22/ws_moveit2/install/rviz_marker_tools:/home/czg22/ws_moveit2/install/rosparam_shortcuts:/home/czg22/ws_moveit2/install/moveit_task_constructor_msgs:/home/czg22/ws_moveit2/install/moveit_resources_prbt_support:/home/czg22/ws_moveit2/install/moveit_resources:/home/czg22/ws_moveit2/install/moveit_resources_pr2_description:/home/czg22/ws_moveit2/install/moveit_resources_panda_moveit_config:/home/czg22/ws_moveit2/install/moveit_resources_panda_description:/home/czg22/ws_moveit2/install/moveit_resources_fanuc_moveit_config:/home/czg22/ws_moveit2/install/moveit_resources_fanuc_description:/home/czg22/ws_moveit2/install/moveit_common:/home/czg22/ws_moveit2/install/moveit_configs_utils:/home/czg22/ws_moveit2/install/launch_param_builder:/opt/ros/humble LD_LIBRARY_PATH=/home/czg22/comp0250_s26_labs/install/cw1_world_spawner/lib:${LD_LIBRARY_PATH} PYTHONPATH=/home/czg22/comp0250_s26_labs/install/cw1_world_spawner/local/lib/python3.10/dist-packages:${PYTHONPATH} /usr/bin/cmake /home/czg22/comp0250_s26_labs/courseworks/cw1_team_14 -DCMAKE_INSTALL_PREFIX=/home/czg22/comp0250_s26_labs/install/cw1_team_14
[13.508s] Invoking command in '/home/czg22/comp0250_s26_labs/build/cw1_team_14': AMENT_PREFIX_PATH=/home/czg22/comp0250_s26_labs/install/cw1_world_spawner:${AMENT_PREFIX_PATH} CMAKE_PREFIX_PATH=/home/czg22/comp0250_s26_labs/install/cw1_world_spawner:/home/czg22/ws_moveit2/install/pilz_industrial_motion_planner_testutils:/home/czg22/ws_moveit2/install/moveit_runtime:/home/czg22/ws_moveit2/install/moveit2_tutorials:/home/czg22/ws_moveit2/install/moveit:/home/czg22/ws_moveit2/install/moveit_planners:/home/czg22/ws_moveit2/install/pilz_industrial_motion_planner:/home/czg22/ws_moveit2/install/mtc_tutorial:/home/czg22/ws_moveit2/install/moveit_visual_tools:/home/czg22/ws_moveit2/install/moveit_task_constructor_visualization:/home/czg22/ws_moveit2/install/moveit_task_constructor_demo:/home/czg22/ws_moveit2/install/moveit_task_constructor_capabilities:/home/czg22/ws_moveit2/install/moveit_task_constructor_core:/home/czg22/ws_moveit2/install/moveit_ros_control_interface:/home/czg22/ws_moveit2/install/moveit_plugins:/home/czg22/ws_moveit2/install/moveit_simple_controller_manager:/home/czg22/ws_moveit2/install/moveit_setup_assistant:/home/czg22/ws_moveit2/install/moveit_setup_srdf_plugins:/home/czg22/ws_moveit2/install/moveit_setup_core_plugins:/home/czg22/ws_moveit2/install/moveit_setup_controllers:/home/czg22/ws_moveit2/install/moveit_setup_app_plugins:/home/czg22/ws_moveit2/install/moveit_setup_framework:/home/czg22/ws_moveit2/install/moveit_servo:/home/czg22/ws_moveit2/install/moveit_ros:/home/czg22/ws_moveit2/install/moveit_ros_visualization:/home/czg22/ws_moveit2/install/moveit_py:/home/czg22/ws_moveit2/install/moveit_hybrid_planning:/home/czg22/ws_moveit2/install/moveit_ros_planning_interface:/home/czg22/ws_moveit2/install/moveit_ros_benchmarks:/home/czg22/ws_moveit2/install/moveit_ros_warehouse:/home/czg22/ws_moveit2/install/moveit_ros_robot_interaction:/home/czg22/ws_moveit2/install/moveit_ros_perception:/home/czg22/ws_moveit2/install/moveit_resources_prbt_pg70_support:/home/czg22/ws_moveit2/install/moveit_resources_prbt_moveit_config:/home/czg22/ws_moveit2/install/moveit_ros_move_group:/home/czg22/ws_moveit2/install/moveit_planners_ompl:/home/czg22/ws_moveit2/install/moveit_ros_planning:/home/czg22/ws_moveit2/install/moveit_ros_occupancy_map_monitor:/home/czg22/ws_moveit2/install/moveit_resources_prbt_ikfast_manipulator_plugin:/home/czg22/ws_moveit2/install/moveit_planners_chomp:/home/czg22/ws_moveit2/install/moveit_kinematics:/home/czg22/ws_moveit2/install/moveit_chomp_optimizer_adapter:/home/czg22/ws_moveit2/install/chomp_motion_planner:/home/czg22/ws_moveit2/install/moveit_core:/home/czg22/ws_moveit2/install/srdfdom:/home/czg22/ws_moveit2/install/rviz_marker_tools:/home/czg22/ws_moveit2/install/rosparam_shortcuts:/home/czg22/ws_moveit2/install/moveit_task_constructor_msgs:/home/czg22/ws_moveit2/install/moveit_resources_prbt_support:/home/czg22/ws_moveit2/install/moveit_resources:/home/czg22/ws_moveit2/install/moveit_resources_pr2_description:/home/czg22/ws_moveit2/install/moveit_resources_panda_moveit_config:/home/czg22/ws_moveit2/install/moveit_resources_panda_description:/home/czg22/ws_moveit2/install/moveit_resources_fanuc_moveit_config:/home/czg22/ws_moveit2/install/moveit_resources_fanuc_description:/home/czg22/ws_moveit2/install/moveit_common:/home/czg22/ws_moveit2/install/moveit_configs_utils:/home/czg22/ws_moveit2/install/launch_param_builder:/opt/ros/humble LD_LIBRARY_PATH=/home/czg22/comp0250_s26_labs/install/cw1_world_spawner/lib:${LD_LIBRARY_PATH} PYTHONPATH=/home/czg22/comp0250_s26_labs/install/cw1_world_spawner/local/lib/python3.10/dist-packages:${PYTHONPATH} /usr/bin/cmake --build /home/czg22/comp0250_s26_labs/build/cw1_team_14 -- -j32 -l32
[13.583s] [  2%] [34m[1mGenerating C code for ROS interfaces[0m
[13.602s] [  5%] [34m[1mGenerating C++ code for ROS interfaces[0m
[13.623s] [  5%] Built target ament_cmake_python_copy_cw1_team_14
[13.819s] running egg_info
[13.819s] creating cw1_team_14.egg-info
[13.820s] writing cw1_team_14.egg-info/PKG-INFO
[13.820s] writing dependency_links to cw1_team_14.egg-info/dependency_links.txt
[13.820s] writing top-level names to cw1_team_14.egg-info/top_level.txt
[13.820s] writing manifest file 'cw1_team_14.egg-info/SOURCES.txt'
[13.822s] reading manifest file 'cw1_team_14.egg-info/SOURCES.txt'
[13.822s] writing manifest file 'cw1_team_14.egg-info/SOURCES.txt'
[13.824s] [  8%] [32mBuilding C object CMakeFiles/cw1_team_14__rosidl_generator_c.dir/rosidl_generator_c/cw1_team_14/srv/detail/example__functions.c.o[0m
[13.824s] [  8%] Built target cw1_team_14__cpp
[13.845s] [ 11%] [34m[1mGenerating C++ type support dispatch for ROS interfaces[0m
[13.845s] [ 14%] [34m[1mGenerating C++ type support for eProsima Fast-RTPS[0m
[13.845s] [ 17%] [34m[1mGenerating C++ introspection for ROS interfaces[0m
[13.862s] [ 17%] Built target ament_cmake_python_build_cw1_team_14_egg
[13.899s] [ 20%] [32m[1mLinking C shared library libcw1_team_14__rosidl_generator_c.so[0m
[13.997s] [ 20%] Built target cw1_team_14__rosidl_generator_c
[14.019s] [ 25%] [34m[1mGenerating C type support dispatch for ROS interfaces[0m
[14.019s] [ 25%] [34m[1mGenerating C introspection for ROS interfaces[0m
[14.019s] [ 28%] [34m[1mGenerating C type support for eProsima Fast-RTPS[0m
[14.075s] [ 31%] [32mBuilding CXX object CMakeFiles/cw1_team_14__rosidl_typesupport_cpp.dir/rosidl_typesupport_cpp/cw1_team_14/srv/example__type_support.cpp.o[0m
[14.082s] [ 34%] [32mBuilding CXX object CMakeFiles/cw1_team_14__rosidl_typesupport_introspection_cpp.dir/rosidl_typesupport_introspection_cpp/cw1_team_14/srv/detail/example__type_support.cpp.o[0m
[14.113s] [ 37%] [32mBuilding CXX object CMakeFiles/cw1_team_14__rosidl_typesupport_fastrtps_cpp.dir/rosidl_typesupport_fastrtps_cpp/cw1_team_14/srv/detail/dds_fastrtps/example__type_support.cpp.o[0m
[14.359s] [ 40%] [32mBuilding CXX object CMakeFiles/cw1_team_14__rosidl_typesupport_c.dir/rosidl_typesupport_c/cw1_team_14/srv/example__type_support.cpp.o[0m
[14.412s] [ 42%] [32mBuilding CXX object CMakeFiles/cw1_team_14__rosidl_typesupport_fastrtps_c.dir/rosidl_typesupport_fastrtps_c/cw1_team_14/srv/detail/example__type_support_c.cpp.o[0m
[14.425s] [ 45%] [32m[1mLinking CXX shared library libcw1_team_14__rosidl_typesupport_c.so[0m
[14.451s] [ 48%] [32mBuilding C object CMakeFiles/cw1_team_14__rosidl_typesupport_introspection_c.dir/rosidl_typesupport_introspection_c/cw1_team_14/srv/detail/example__type_support.c.o[0m
[14.476s] [ 51%] [32m[1mLinking CXX shared library libcw1_team_14__rosidl_typesupport_cpp.so[0m
[14.515s] [ 54%] [32m[1mLinking C shared library libcw1_team_14__rosidl_typesupport_introspection_c.so[0m
[14.541s] [ 54%] Built target cw1_team_14__rosidl_typesupport_c
[14.584s] [ 54%] Built target cw1_team_14__rosidl_typesupport_cpp
[14.611s] [ 54%] Built target cw1_team_14__rosidl_typesupport_introspection_c
[14.631s] [ 57%] [32mBuilding CXX object CMakeFiles/cw1_team_14_cw1_class_lib.dir/src/cw1_class.cpp.o[0m
[14.657s] [ 60%] [32m[1mLinking CXX shared library libcw1_team_14__rosidl_typesupport_introspection_cpp.so[0m
[14.723s] [ 62%] [32m[1mLinking CXX shared library libcw1_team_14__rosidl_typesupport_fastrtps_c.so[0m
[14.737s] [ 65%] [32m[1mLinking CXX shared library libcw1_team_14__rosidl_typesupport_fastrtps_cpp.so[0m
[14.795s] [ 65%] Built target cw1_team_14__rosidl_typesupport_introspection_cpp
[14.854s] [ 65%] Built target cw1_team_14__rosidl_typesupport_fastrtps_c
[14.861s] [ 65%] Built target cw1_team_14__rosidl_typesupport_fastrtps_cpp
[14.902s] [ 65%] Built target cw1_team_14
[14.941s] [ 68%] [34m[1mGenerating Python code for ROS interfaces[0m
[15.239s] [ 68%] Built target cw1_team_14__py
[15.279s] [ 71%] [32mBuilding C object CMakeFiles/cw1_team_14__rosidl_generator_py.dir/rosidl_generator_py/cw1_team_14/srv/_example_s.c.o[0m
[15.403s] [ 74%] [32m[1mLinking C shared library rosidl_generator_py/cw1_team_14/libcw1_team_14__rosidl_generator_py.so[0m
[15.498s] [ 74%] Built target cw1_team_14__rosidl_generator_py
[15.538s] [ 77%] [32mBuilding C object CMakeFiles/cw1_team_14__rosidl_typesupport_introspection_c__pyext.dir/rosidl_generator_py/cw1_team_14/_cw1_team_14_s.ep.rosidl_typesupport_introspection_c.c.o[0m
[15.538s] [ 80%] [32mBuilding C object CMakeFiles/cw1_team_14__rosidl_typesupport_fastrtps_c__pyext.dir/rosidl_generator_py/cw1_team_14/_cw1_team_14_s.ep.rosidl_typesupport_fastrtps_c.c.o[0m
[15.541s] [ 82%] [32mBuilding C object CMakeFiles/cw1_team_14__rosidl_typesupport_c__pyext.dir/rosidl_generator_py/cw1_team_14/_cw1_team_14_s.ep.rosidl_typesupport_c.c.o[0m
[15.667s] [ 88%] [32m[1mLinking C shared library rosidl_generator_py/cw1_team_14/cw1_team_14_s__rosidl_typesupport_fastrtps_c.cpython-310-x86_64-linux-gnu.so[0m
[15.667s] [ 88%] [32m[1mLinking C shared library rosidl_generator_py/cw1_team_14/cw1_team_14_s__rosidl_typesupport_c.cpython-310-x86_64-linux-gnu.so[0m
[15.671s] [ 91%] [32m[1mLinking C shared library rosidl_generator_py/cw1_team_14/cw1_team_14_s__rosidl_typesupport_introspection_c.cpython-310-x86_64-linux-gnu.so[0m
[15.758s] [ 91%] Built target cw1_team_14__rosidl_typesupport_c__pyext
[15.758s] [ 91%] Built target cw1_team_14__rosidl_typesupport_fastrtps_c__pyext
[15.768s] [ 91%] Built target cw1_team_14__rosidl_typesupport_introspection_c__pyext
[33.322s] [ 94%] [32m[1mLinking CXX shared library libcw1_team_14_cw1_class_lib.so[0m
[34.790s] [ 94%] Built target cw1_team_14_cw1_class_lib
[34.830s] [ 97%] [32mBuilding CXX object CMakeFiles/cw1_solution_node.dir/src/cw1_node.cpp.o[0m
[38.566s] [100%] [32m[1mLinking CXX executable cw1_solution_node[0m
[39.609s] [100%] Built target cw1_solution_node
[39.628s] Invoked command in '/home/czg22/comp0250_s26_labs/build/cw1_team_14' returned '0': AMENT_PREFIX_PATH=/home/czg22/comp0250_s26_labs/install/cw1_world_spawner:${AMENT_PREFIX_PATH} CMAKE_PREFIX_PATH=/home/czg22/comp0250_s26_labs/install/cw1_world_spawner:/home/czg22/ws_moveit2/install/pilz_industrial_motion_planner_testutils:/home/czg22/ws_moveit2/install/moveit_runtime:/home/czg22/ws_moveit2/install/moveit2_tutorials:/home/czg22/ws_moveit2/install/moveit:/home/czg22/ws_moveit2/install/moveit_planners:/home/czg22/ws_moveit2/install/pilz_industrial_motion_planner:/home/czg22/ws_moveit2/install/mtc_tutorial:/home/czg22/ws_moveit2/install/moveit_visual_tools:/home/czg22/ws_moveit2/install/moveit_task_constructor_visualization:/home/czg22/ws_moveit2/install/moveit_task_constructor_demo:/home/czg22/ws_moveit2/install/moveit_task_constructor_capabilities:/home/czg22/ws_moveit2/install/moveit_task_constructor_core:/home/czg22/ws_moveit2/install/moveit_ros_control_interface:/home/czg22/ws_moveit2/install/moveit_plugins:/home/czg22/ws_moveit2/install/moveit_simple_controller_manager:/home/czg22/ws_moveit2/install/moveit_setup_assistant:/home/czg22/ws_moveit2/install/moveit_setup_srdf_plugins:/home/czg22/ws_moveit2/install/moveit_setup_core_plugins:/home/czg22/ws_moveit2/install/moveit_setup_controllers:/home/czg22/ws_moveit2/install/moveit_setup_app_plugins:/home/czg22/ws_moveit2/install/moveit_setup_framework:/home/czg22/ws_moveit2/install/moveit_servo:/home/czg22/ws_moveit2/install/moveit_ros:/home/czg22/ws_moveit2/install/moveit_ros_visualization:/home/czg22/ws_moveit2/install/moveit_py:/home/czg22/ws_moveit2/install/moveit_hybrid_planning:/home/czg22/ws_moveit2/install/moveit_ros_planning_interface:/home/czg22/ws_moveit2/install/moveit_ros_benchmarks:/home/czg22/ws_moveit2/install/moveit_ros_warehouse:/home/czg22/ws_moveit2/install/moveit_ros_robot_interaction:/home/czg22/ws_moveit2/install/moveit_ros_perception:/home/czg22/ws_moveit2/install/moveit_resources_prbt_pg70_support:/home/czg22/ws_moveit2/install/moveit_resources_prbt_moveit_config:/home/czg22/ws_moveit2/install/moveit_ros_move_group:/home/czg22/ws_moveit2/install/moveit_planners_ompl:/home/czg22/ws_moveit2/install/moveit_ros_planning:/home/czg22/ws_moveit2/install/moveit_ros_occupancy_map_monitor:/home/czg22/ws_moveit2/install/moveit_resources_prbt_ikfast_manipulator_plugin:/home/czg22/ws_moveit2/install/moveit_planners_chomp:/home/czg22/ws_moveit2/install/moveit_kinematics:/home/czg22/ws_moveit2/install/moveit_chomp_optimizer_adapter:/home/czg22/ws_moveit2/install/chomp_motion_planner:/home/czg22/ws_moveit2/install/moveit_core:/home/czg22/ws_moveit2/install/srdfdom:/home/czg22/ws_moveit2/install/rviz_marker_tools:/home/czg22/ws_moveit2/install/rosparam_shortcuts:/home/czg22/ws_moveit2/install/moveit_task_constructor_msgs:/home/czg22/ws_moveit2/install/moveit_resources_prbt_support:/home/czg22/ws_moveit2/install/moveit_resources:/home/czg22/ws_moveit2/install/moveit_resources_pr2_description:/home/czg22/ws_moveit2/install/moveit_resources_panda_moveit_config:/home/czg22/ws_moveit2/install/moveit_resources_panda_description:/home/czg22/ws_moveit2/install/moveit_resources_fanuc_moveit_config:/home/czg22/ws_moveit2/install/moveit_resources_fanuc_description:/home/czg22/ws_moveit2/install/moveit_common:/home/czg22/ws_moveit2/install/moveit_configs_utils:/home/czg22/ws_moveit2/install/launch_param_builder:/opt/ros/humble LD_LIBRARY_PATH=/home/czg22/comp0250_s26_labs/install/cw1_world_spawner/lib:${LD_LIBRARY_PATH} PYTHONPATH=/home/czg22/comp0250_s26_labs/install/cw1_world_spawner/local/lib/python3.10/dist-packages:${PYTHONPATH} /usr/bin/cmake --build /home/czg22/comp0250_s26_labs/build/cw1_team_14 -- -j32 -l32
[39.629s] Invoking command in '/home/czg22/comp0250_s26_labs/build/cw1_team_14': AMENT_PREFIX_PATH=/home/czg22/comp0250_s26_labs/install/cw1_world_spawner:${AMENT_PREFIX_PATH} CMAKE_PREFIX_PATH=/home/czg22/comp0250_s26_labs/install/cw1_world_spawner:/home/czg22/ws_moveit2/install/pilz_industrial_motion_planner_testutils:/home/czg22/ws_moveit2/install/moveit_runtime:/home/czg22/ws_moveit2/install/moveit2_tutorials:/home/czg22/ws_moveit2/install/moveit:/home/czg22/ws_moveit2/install/moveit_planners:/home/czg22/ws_moveit2/install/pilz_industrial_motion_planner:/home/czg22/ws_moveit2/install/mtc_tutorial:/home/czg22/ws_moveit2/install/moveit_visual_tools:/home/czg22/ws_moveit2/install/moveit_task_constructor_visualization:/home/czg22/ws_moveit2/install/moveit_task_constructor_demo:/home/czg22/ws_moveit2/install/moveit_task_constructor_capabilities:/home/czg22/ws_moveit2/install/moveit_task_constructor_core:/home/czg22/ws_moveit2/install/moveit_ros_control_interface:/home/czg22/ws_moveit2/install/moveit_plugins:/home/czg22/ws_moveit2/install/moveit_simple_controller_manager:/home/czg22/ws_moveit2/install/moveit_setup_assistant:/home/czg22/ws_moveit2/install/moveit_setup_srdf_plugins:/home/czg22/ws_moveit2/install/moveit_setup_core_plugins:/home/czg22/ws_moveit2/install/moveit_setup_controllers:/home/czg22/ws_moveit2/install/moveit_setup_app_plugins:/home/czg22/ws_moveit2/install/moveit_setup_framework:/home/czg22/ws_moveit2/install/moveit_servo:/home/czg22/ws_moveit2/install/moveit_ros:/home/czg22/ws_moveit2/install/moveit_ros_visualization:/home/czg22/ws_moveit2/install/moveit_py:/home/czg22/ws_moveit2/install/moveit_hybrid_planning:/home/czg22/ws_moveit2/install/moveit_ros_planning_interface:/home/czg22/ws_moveit2/install/moveit_ros_benchmarks:/home/czg22/ws_moveit2/install/moveit_ros_warehouse:/home/czg22/ws_moveit2/install/moveit_ros_robot_interaction:/home/czg22/ws_moveit2/install/moveit_ros_perception:/home/czg22/ws_moveit2/install/moveit_resources_prbt_pg70_support:/home/czg22/ws_moveit2/install/moveit_resources_prbt_moveit_config:/home/czg22/ws_moveit2/install/moveit_ros_move_group:/home/czg22/ws_moveit2/install/moveit_planners_ompl:/home/czg22/ws_moveit2/install/moveit_ros_planning:/home/czg22/ws_moveit2/install/moveit_ros_occupancy_map_monitor:/home/czg22/ws_moveit2/install/moveit_resources_prbt_ikfast_manipulator_plugin:/home/czg22/ws_moveit2/install/moveit_planners_chomp:/home/czg22/ws_moveit2/install/moveit_kinematics:/home/czg22/ws_moveit2/install/moveit_chomp_optimizer_adapter:/home/czg22/ws_moveit2/install/chomp_motion_planner:/home/czg22/ws_moveit2/install/moveit_core:/home/czg22/ws_moveit2/install/srdfdom:/home/czg22/ws_moveit2/install/rviz_marker_tools:/home/czg22/ws_moveit2/install/rosparam_shortcuts:/home/czg22/ws_moveit2/install/moveit_task_constructor_msgs:/home/czg22/ws_moveit2/install/moveit_resources_prbt_support:/home/czg22/ws_moveit2/install/moveit_resources:/home/czg22/ws_moveit2/install/moveit_resources_pr2_description:/home/czg22/ws_moveit2/install/moveit_resources_panda_moveit_config:/home/czg22/ws_moveit2/install/moveit_resources_panda_description:/home/czg22/ws_moveit2/install/moveit_resources_fanuc_moveit_config:/home/czg22/ws_moveit2/install/moveit_resources_fanuc_description:/home/czg22/ws_moveit2/install/moveit_common:/home/czg22/ws_moveit2/install/moveit_configs_utils:/home/czg22/ws_moveit2/install/launch_param_builder:/opt/ros/humble LD_LIBRARY_PATH=/home/czg22/comp0250_s26_labs/install/cw1_world_spawner/lib:${LD_LIBRARY_PATH} PYTHONPATH=/home/czg22/comp0250_s26_labs/install/cw1_world_spawner/local/lib/python3.10/dist-packages:${PYTHONPATH} /usr/bin/cmake --install /home/czg22/comp0250_s26_labs/build/cw1_team_14
[39.640s] -- Install configuration: ""
[39.642s] -- Installing: /home/czg22/comp0250_s26_labs/install/cw1_team_14/share/ament_index/resource_index/rosidl_interfaces/cw1_team_14
[39.642s] -- Installing: /home/czg22/comp0250_s26_labs/install/cw1_team_14/include/cw1_team_14/cw1_team_14
[39.643s] -- Installing: /home/czg22/comp0250_s26_labs/install/cw1_team_14/include/cw1_team_14/cw1_team_14/srv
[39.644s] -- Installing: /home/czg22/comp0250_s26_labs/install/cw1_team_14/include/cw1_team_14/cw1_team_14/srv/example.h
[39.644s] -- Installing: /home/czg22/comp0250_s26_labs/install/cw1_team_14/include/cw1_team_14/cw1_team_14/srv/detail
[39.644s] -- Installing: /home/czg22/comp0250_s26_labs/install/cw1_team_14/include/cw1_team_14/cw1_team_14/srv/detail/example__functions.h
[39.644s] -- Installing: /home/czg22/comp0250_s26_labs/install/cw1_team_14/include/cw1_team_14/cw1_team_14/srv/detail/example__type_support.h
[39.645s] -- Installing: /home/czg22/comp0250_s26_labs/install/cw1_team_14/include/cw1_team_14/cw1_team_14/srv/detail/example__struct.h
[39.645s] -- Installing: /home/czg22/comp0250_s26_labs/install/cw1_team_14/include/cw1_team_14/cw1_team_14/srv/detail/example__functions.c
[39.645s] -- Installing: /home/czg22/comp0250_s26_labs/install/cw1_team_14/include/cw1_team_14/cw1_team_14/msg
[39.645s] -- Installing: /home/czg22/comp0250_s26_labs/install/cw1_team_14/include/cw1_team_14/cw1_team_14/msg/rosidl_generator_c__visibility_control.h
[39.646s] -- Installing: /home/czg22/comp0250_s26_labs/install/cw1_team_14/share/cw1_team_14/environment/library_path.sh
[39.646s] -- Installing: /home/czg22/comp0250_s26_labs/install/cw1_team_14/share/cw1_team_14/environment/library_path.dsv
[39.647s] -- Installing: /home/czg22/comp0250_s26_labs/install/cw1_team_14/lib/libcw1_team_14__rosidl_generator_c.so
[39.647s] -- Set runtime path of "/home/czg22/comp0250_s26_labs/install/cw1_team_14/lib/libcw1_team_14__rosidl_generator_c.so" to ""
[39.647s] -- Up-to-date: /home/czg22/comp0250_s26_labs/install/cw1_team_14/include/cw1_team_14/cw1_team_14
[39.647s] -- Up-to-date: /home/czg22/comp0250_s26_labs/install/cw1_team_14/include/cw1_team_14/cw1_team_14/srv
[39.648s] -- Up-to-date: /home/czg22/comp0250_s26_labs/install/cw1_team_14/include/cw1_team_14/cw1_team_14/srv/detail
[39.648s] -- Installing: /home/czg22/comp0250_s26_labs/install/cw1_team_14/include/cw1_team_14/cw1_team_14/srv/detail/example__rosidl_typesupport_fastrtps_c.h
[39.648s] -- Up-to-date: /home/czg22/comp0250_s26_labs/install/cw1_team_14/include/cw1_team_14/cw1_team_14/msg
[39.648s] -- Installing: /home/czg22/comp0250_s26_labs/install/cw1_team_14/include/cw1_team_14/cw1_team_14/msg/rosidl_typesupport_fastrtps_c__visibility_control.h
[39.648s] -- Installing: /home/czg22/comp0250_s26_labs/install/cw1_team_14/lib/libcw1_team_14__rosidl_typesupport_fastrtps_c.so
[39.648s] -- Set runtime path of "/home/czg22/comp0250_s26_labs/install/cw1_team_14/lib/libcw1_team_14__rosidl_typesupport_fastrtps_c.so" to ""
[39.648s] -- Up-to-date: /home/czg22/comp0250_s26_labs/install/cw1_team_14/include/cw1_team_14/cw1_team_14
[39.649s] -- Up-to-date: /home/czg22/comp0250_s26_labs/install/cw1_team_14/include/cw1_team_14/cw1_team_14/srv
[39.649s] -- Up-to-date: /home/czg22/comp0250_s26_labs/install/cw1_team_14/include/cw1_team_14/cw1_team_14/srv/detail
[39.649s] -- Installing: /home/czg22/comp0250_s26_labs/install/cw1_team_14/include/cw1_team_14/cw1_team_14/srv/detail/example__type_support.c
[39.649s] -- Installing: /home/czg22/comp0250_s26_labs/install/cw1_team_14/include/cw1_team_14/cw1_team_14/srv/detail/example__rosidl_typesupport_introspection_c.h
[39.649s] -- Up-to-date: /home/czg22/comp0250_s26_labs/install/cw1_team_14/include/cw1_team_14/cw1_team_14/msg
[39.649s] -- Installing: /home/czg22/comp0250_s26_labs/install/cw1_team_14/include/cw1_team_14/cw1_team_14/msg/rosidl_typesupport_introspection_c__visibility_control.h
[39.649s] -- Installing: /home/czg22/comp0250_s26_labs/install/cw1_team_14/lib/libcw1_team_14__rosidl_typesupport_introspection_c.so
[39.649s] -- Set runtime path of "/home/czg22/comp0250_s26_labs/install/cw1_team_14/lib/libcw1_team_14__rosidl_typesupport_introspection_c.so" to ""
[39.649s] -- Installing: /home/czg22/comp0250_s26_labs/install/cw1_team_14/lib/libcw1_team_14__rosidl_typesupport_c.so
[39.650s] -- Set runtime path of "/home/czg22/comp0250_s26_labs/install/cw1_team_14/lib/libcw1_team_14__rosidl_typesupport_c.so" to ""
[39.650s] -- Up-to-date: /home/czg22/comp0250_s26_labs/install/cw1_team_14/include/cw1_team_14/cw1_team_14
[39.650s] -- Up-to-date: /home/czg22/comp0250_s26_labs/install/cw1_team_14/include/cw1_team_14/cw1_team_14/srv
[39.650s] -- Installing: /home/czg22/comp0250_s26_labs/install/cw1_team_14/include/cw1_team_14/cw1_team_14/srv/example.hpp
[39.651s] -- Up-to-date: /home/czg22/comp0250_s26_labs/install/cw1_team_14/include/cw1_team_14/cw1_team_14/srv/detail
[39.651s] -- Installing: /home/czg22/comp0250_s26_labs/install/cw1_team_14/include/cw1_team_14/cw1_team_14/srv/detail/example__traits.hpp
[39.651s] -- Installing: /home/czg22/comp0250_s26_labs/install/cw1_team_14/include/cw1_team_14/cw1_team_14/srv/detail/example__builder.hpp
[39.651s] -- Installing: /home/czg22/comp0250_s26_labs/install/cw1_team_14/include/cw1_team_14/cw1_team_14/srv/detail/example__struct.hpp
[39.651s] -- Installing: /home/czg22/comp0250_s26_labs/install/cw1_team_14/include/cw1_team_14/cw1_team_14/srv/detail/example__type_support.hpp
[39.651s] -- Up-to-date: /home/czg22/comp0250_s26_labs/install/cw1_team_14/include/cw1_team_14/cw1_team_14/msg
[39.651s] -- Installing: /home/czg22/comp0250_s26_labs/install/cw1_team_14/include/cw1_team_14/cw1_team_14/msg/rosidl_generator_cpp__visibility_control.hpp
[39.651s] -- Up-to-date: /home/czg22/comp0250_s26_labs/install/cw1_team_14/include/cw1_team_14/cw1_team_14
[39.651s] -- Up-to-date: /home/czg22/comp0250_s26_labs/install/cw1_team_14/include/cw1_team_14/cw1_team_14/srv
[39.651s] -- Up-to-date: /home/czg22/comp0250_s26_labs/install/cw1_team_14/include/cw1_team_14/cw1_team_14/srv/detail
[39.651s] -- Installing: /home/czg22/comp0250_s26_labs/install/cw1_team_14/include/cw1_team_14/cw1_team_14/srv/detail/dds_fastrtps
[39.652s] -- Installing: /home/czg22/comp0250_s26_labs/install/cw1_team_14/include/cw1_team_14/cw1_team_14/srv/detail/example__rosidl_typesupport_fastrtps_cpp.hpp
[39.652s] -- Up-to-date: /home/czg22/comp0250_s26_labs/install/cw1_team_14/include/cw1_team_14/cw1_team_14/msg
[39.652s] -- Installing: /home/czg22/comp0250_s26_labs/install/cw1_team_14/include/cw1_team_14/cw1_team_14/msg/rosidl_typesupport_fastrtps_cpp__visibility_control.h
[39.652s] -- Installing: /home/czg22/comp0250_s26_labs/install/cw1_team_14/lib/libcw1_team_14__rosidl_typesupport_fastrtps_cpp.so
[39.653s] -- Set runtime path of "/home/czg22/comp0250_s26_labs/install/cw1_team_14/lib/libcw1_team_14__rosidl_typesupport_fastrtps_cpp.so" to ""
[39.653s] -- Up-to-date: /home/czg22/comp0250_s26_labs/install/cw1_team_14/include/cw1_team_14/cw1_team_14
[39.653s] -- Up-to-date: /home/czg22/comp0250_s26_labs/install/cw1_team_14/include/cw1_team_14/cw1_team_14/srv
[39.653s] -- Up-to-date: /home/czg22/comp0250_s26_labs/install/cw1_team_14/include/cw1_team_14/cw1_team_14/srv/detail
[39.653s] -- Installing: /home/czg22/comp0250_s26_labs/install/cw1_team_14/include/cw1_team_14/cw1_team_14/srv/detail/example__type_support.cpp
[39.653s] -- Installing: /home/czg22/comp0250_s26_labs/install/cw1_team_14/include/cw1_team_14/cw1_team_14/srv/detail/example__rosidl_typesupport_introspection_cpp.hpp
[39.653s] -- Installing: /home/czg22/comp0250_s26_labs/install/cw1_team_14/lib/libcw1_team_14__rosidl_typesupport_introspection_cpp.so
[39.654s] -- Set runtime path of "/home/czg22/comp0250_s26_labs/install/cw1_team_14/lib/libcw1_team_14__rosidl_typesupport_introspection_cpp.so" to ""
[39.654s] -- Installing: /home/czg22/comp0250_s26_labs/install/cw1_team_14/lib/libcw1_team_14__rosidl_typesupport_cpp.so
[39.654s] -- Set runtime path of "/home/czg22/comp0250_s26_labs/install/cw1_team_14/lib/libcw1_team_14__rosidl_typesupport_cpp.so" to ""
[39.654s] -- Installing: /home/czg22/comp0250_s26_labs/install/cw1_team_14/share/cw1_team_14/environment/pythonpath.sh
[39.655s] -- Installing: /home/czg22/comp0250_s26_labs/install/cw1_team_14/share/cw1_team_14/environment/pythonpath.dsv
[39.655s] -- Installing: /home/czg22/comp0250_s26_labs/install/cw1_team_14/local/lib/python3.10/dist-packages/cw1_team_14-0.1.0-py3.10.egg-info
[39.656s] -- Installing: /home/czg22/comp0250_s26_labs/install/cw1_team_14/local/lib/python3.10/dist-packages/cw1_team_14-0.1.0-py3.10.egg-info/SOURCES.txt
[39.656s] -- Installing: /home/czg22/comp0250_s26_labs/install/cw1_team_14/local/lib/python3.10/dist-packages/cw1_team_14-0.1.0-py3.10.egg-info/top_level.txt
[39.657s] -- Installing: /home/czg22/comp0250_s26_labs/install/cw1_team_14/local/lib/python3.10/dist-packages/cw1_team_14-0.1.0-py3.10.egg-info/PKG-INFO
[39.657s] -- Installing: /home/czg22/comp0250_s26_labs/install/cw1_team_14/local/lib/python3.10/dist-packages/cw1_team_14-0.1.0-py3.10.egg-info/dependency_links.txt
[39.657s] -- Installing: /home/czg22/comp0250_s26_labs/install/cw1_team_14/local/lib/python3.10/dist-packages/cw1_team_14
[39.657s] -- Installing: /home/czg22/comp0250_s26_labs/install/cw1_team_14/local/lib/python3.10/dist-packages/cw1_team_14/srv
[39.657s] -- Installing: /home/czg22/comp0250_s26_labs/install/cw1_team_14/local/lib/python3.10/dist-packages/cw1_team_14/srv/__init__.py
[39.657s] -- Installing: /home/czg22/comp0250_s26_labs/install/cw1_team_14/local/lib/python3.10/dist-packages/cw1_team_14/srv/_example.py
[39.658s] -- Installing: /home/czg22/comp0250_s26_labs/install/cw1_team_14/local/lib/python3.10/dist-packages/cw1_team_14/srv/_example_s.c
[39.658s] -- Installing: /home/czg22/comp0250_s26_labs/install/cw1_team_14/local/lib/python3.10/dist-packages/cw1_team_14/cw1_team_14_s__rosidl_typesupport_introspection_c.cpython-310-x86_64-linux-gnu.so
[39.658s] -- Installing: /home/czg22/comp0250_s26_labs/install/cw1_team_14/local/lib/python3.10/dist-packages/cw1_team_14/_cw1_team_14_s.ep.rosidl_typesupport_c.c
[39.658s] -- Installing: /home/czg22/comp0250_s26_labs/install/cw1_team_14/local/lib/python3.10/dist-packages/cw1_team_14/__init__.py
[39.658s] -- Installing: /home/czg22/comp0250_s26_labs/install/cw1_team_14/local/lib/python3.10/dist-packages/cw1_team_14/cw1_team_14_s__rosidl_typesupport_fastrtps_c.cpython-310-x86_64-linux-gnu.so
[39.659s] -- Installing: /home/czg22/comp0250_s26_labs/install/cw1_team_14/local/lib/python3.10/dist-packages/cw1_team_14/cw1_team_14_s__rosidl_typesupport_c.cpython-310-x86_64-linux-gnu.so
[39.659s] -- Installing: /home/czg22/comp0250_s26_labs/install/cw1_team_14/local/lib/python3.10/dist-packages/cw1_team_14/libcw1_team_14__rosidl_generator_py.so
[39.659s] -- Installing: /home/czg22/comp0250_s26_labs/install/cw1_team_14/local/lib/python3.10/dist-packages/cw1_team_14/_cw1_team_14_s.ep.rosidl_typesupport_introspection_c.c
[39.659s] -- Installing: /home/czg22/comp0250_s26_labs/install/cw1_team_14/local/lib/python3.10/dist-packages/cw1_team_14/_cw1_team_14_s.ep.rosidl_typesupport_fastrtps_c.c
[39.688s] Listing '/home/czg22/comp0250_s26_labs/install/cw1_team_14/local/lib/python3.10/dist-packages/cw1_team_14'...
[39.688s] Compiling '/home/czg22/comp0250_s26_labs/install/cw1_team_14/local/lib/python3.10/dist-packages/cw1_team_14/__init__.py'...
[39.688s] Listing '/home/czg22/comp0250_s26_labs/install/cw1_team_14/local/lib/python3.10/dist-packages/cw1_team_14/srv'...
[39.688s] Compiling '/home/czg22/comp0250_s26_labs/install/cw1_team_14/local/lib/python3.10/dist-packages/cw1_team_14/srv/__init__.py'...
[39.688s] Compiling '/home/czg22/comp0250_s26_labs/install/cw1_team_14/local/lib/python3.10/dist-packages/cw1_team_14/srv/_example.py'...
[39.691s] -- Installing: /home/czg22/comp0250_s26_labs/install/cw1_team_14/local/lib/python3.10/dist-packages/cw1_team_14/cw1_team_14_s__rosidl_typesupport_fastrtps_c.cpython-310-x86_64-linux-gnu.so
[39.692s] -- Set runtime path of "/home/czg22/comp0250_s26_labs/install/cw1_team_14/local/lib/python3.10/dist-packages/cw1_team_14/cw1_team_14_s__rosidl_typesupport_fastrtps_c.cpython-310-x86_64-linux-gnu.so" to ""
[39.692s] -- Installing: /home/czg22/comp0250_s26_labs/install/cw1_team_14/local/lib/python3.10/dist-packages/cw1_team_14/cw1_team_14_s__rosidl_typesupport_introspection_c.cpython-310-x86_64-linux-gnu.so
[39.692s] -- Set runtime path of "/home/czg22/comp0250_s26_labs/install/cw1_team_14/local/lib/python3.10/dist-packages/cw1_team_14/cw1_team_14_s__rosidl_typesupport_introspection_c.cpython-310-x86_64-linux-gnu.so" to ""
[39.693s] -- Installing: /home/czg22/comp0250_s26_labs/install/cw1_team_14/local/lib/python3.10/dist-packages/cw1_team_14/cw1_team_14_s__rosidl_typesupport_c.cpython-310-x86_64-linux-gnu.so
[39.693s] -- Set runtime path of "/home/czg22/comp0250_s26_labs/install/cw1_team_14/local/lib/python3.10/dist-packages/cw1_team_14/cw1_team_14_s__rosidl_typesupport_c.cpython-310-x86_64-linux-gnu.so" to ""
[39.693s] -- Installing: /home/czg22/comp0250_s26_labs/install/cw1_team_14/lib/libcw1_team_14__rosidl_generator_py.so
[39.693s] -- Set runtime path of "/home/czg22/comp0250_s26_labs/install/cw1_team_14/lib/libcw1_team_14__rosidl_generator_py.so" to ""
[39.694s] -- Installing: /home/czg22/comp0250_s26_labs/install/cw1_team_14/share/cw1_team_14/srv/Example.idl
[39.694s] -- Installing: /home/czg22/comp0250_s26_labs/install/cw1_team_14/share/cw1_team_14/srv/Example.srv
[39.694s] -- Installing: /home/czg22/comp0250_s26_labs/install/cw1_team_14/share/cw1_team_14/srv/Example_Request.msg
[39.694s] -- Installing: /home/czg22/comp0250_s26_labs/install/cw1_team_14/share/cw1_team_14/srv/Example_Response.msg
[39.695s] -- Installing: /home/czg22/comp0250_s26_labs/install/cw1_team_14/lib/libcw1_team_14_cw1_class_lib.so
[39.710s] -- Set runtime path of "/home/czg22/comp0250_s26_labs/install/cw1_team_14/lib/libcw1_team_14_cw1_class_lib.so" to ""
[39.710s] -- Installing: /home/czg22/comp0250_s26_labs/install/cw1_team_14/lib/cw1_team_14/cw1_solution_node
[39.711s] -- Set runtime path of "/home/czg22/comp0250_s26_labs/install/cw1_team_14/lib/cw1_team_14/cw1_solution_node" to ""
[39.711s] -- Installing: /home/czg22/comp0250_s26_labs/install/cw1_team_14/share/cw1_team_14/launch
[39.711s] -- Installing: /home/czg22/comp0250_s26_labs/install/cw1_team_14/share/cw1_team_14/launch/run_solution.launch.py
[39.712s] -- Installing: /home/czg22/comp0250_s26_labs/install/cw1_team_14/share/ament_index/resource_index/package_run_dependencies/cw1_team_14
[39.713s] -- Installing: /home/czg22/comp0250_s26_labs/install/cw1_team_14/share/ament_index/resource_index/parent_prefix_path/cw1_team_14
[39.713s] -- Installing: /home/czg22/comp0250_s26_labs/install/cw1_team_14/share/cw1_team_14/environment/ament_prefix_path.sh
[39.713s] -- Installing: /home/czg22/comp0250_s26_labs/install/cw1_team_14/share/cw1_team_14/environment/ament_prefix_path.dsv
[39.713s] -- Installing: /home/czg22/comp0250_s26_labs/install/cw1_team_14/share/cw1_team_14/environment/path.sh
[39.713s] -- Installing: /home/czg22/comp0250_s26_labs/install/cw1_team_14/share/cw1_team_14/environment/path.dsv
[39.714s] -- Installing: /home/czg22/comp0250_s26_labs/install/cw1_team_14/share/cw1_team_14/local_setup.bash
[39.714s] -- Installing: /home/czg22/comp0250_s26_labs/install/cw1_team_14/share/cw1_team_14/local_setup.sh
[39.714s] -- Installing: /home/czg22/comp0250_s26_labs/install/cw1_team_14/share/cw1_team_14/local_setup.zsh
[39.714s] -- Installing: /home/czg22/comp0250_s26_labs/install/cw1_team_14/share/cw1_team_14/local_setup.dsv
[39.714s] -- Installing: /home/czg22/comp0250_s26_labs/install/cw1_team_14/share/cw1_team_14/package.dsv
[39.715s] -- Installing: /home/czg22/comp0250_s26_labs/install/cw1_team_14/share/ament_index/resource_index/packages/cw1_team_14
[39.715s] -- Installing: /home/czg22/comp0250_s26_labs/install/cw1_team_14/share/cw1_team_14/cmake/export_cw1_team_14__rosidl_generator_cExport.cmake
[39.716s] -- Installing: /home/czg22/comp0250_s26_labs/install/cw1_team_14/share/cw1_team_14/cmake/export_cw1_team_14__rosidl_generator_cExport-noconfig.cmake
[39.716s] -- Installing: /home/czg22/comp0250_s26_labs/install/cw1_team_14/share/cw1_team_14/cmake/export_cw1_team_14__rosidl_typesupport_fastrtps_cExport.cmake
[39.716s] -- Installing: /home/czg22/comp0250_s26_labs/install/cw1_team_14/share/cw1_team_14/cmake/export_cw1_team_14__rosidl_typesupport_fastrtps_cExport-noconfig.cmake
[39.716s] -- Installing: /home/czg22/comp0250_s26_labs/install/cw1_team_14/share/cw1_team_14/cmake/cw1_team_14__rosidl_typesupport_introspection_cExport.cmake
[39.716s] -- Installing: /home/czg22/comp0250_s26_labs/install/cw1_team_14/share/cw1_team_14/cmake/cw1_team_14__rosidl_typesupport_introspection_cExport-noconfig.cmake
[39.716s] -- Installing: /home/czg22/comp0250_s26_labs/install/cw1_team_14/share/cw1_team_14/cmake/cw1_team_14__rosidl_typesupport_cExport.cmake
[39.716s] -- Installing: /home/czg22/comp0250_s26_labs/install/cw1_team_14/share/cw1_team_14/cmake/cw1_team_14__rosidl_typesupport_cExport-noconfig.cmake
[39.717s] -- Installing: /home/czg22/comp0250_s26_labs/install/cw1_team_14/share/cw1_team_14/cmake/export_cw1_team_14__rosidl_generator_cppExport.cmake
[39.717s] -- Installing: /home/czg22/comp0250_s26_labs/install/cw1_team_14/share/cw1_team_14/cmake/export_cw1_team_14__rosidl_typesupport_fastrtps_cppExport.cmake
[39.717s] -- Installing: /home/czg22/comp0250_s26_labs/install/cw1_team_14/share/cw1_team_14/cmake/export_cw1_team_14__rosidl_typesupport_fastrtps_cppExport-noconfig.cmake
[39.717s] -- Installing: /home/czg22/comp0250_s26_labs/install/cw1_team_14/share/cw1_team_14/cmake/cw1_team_14__rosidl_typesupport_introspection_cppExport.cmake
[39.718s] -- Installing: /home/czg22/comp0250_s26_labs/install/cw1_team_14/share/cw1_team_14/cmake/cw1_team_14__rosidl_typesupport_introspection_cppExport-noconfig.cmake
[39.718s] -- Installing: /home/czg22/comp0250_s26_labs/install/cw1_team_14/share/cw1_team_14/cmake/cw1_team_14__rosidl_typesupport_cppExport.cmake
[39.718s] -- Installing: /home/czg22/comp0250_s26_labs/install/cw1_team_14/share/cw1_team_14/cmake/cw1_team_14__rosidl_typesupport_cppExport-noconfig.cmake
[39.718s] -- Installing: /home/czg22/comp0250_s26_labs/install/cw1_team_14/share/cw1_team_14/cmake/export_cw1_team_14__rosidl_generator_pyExport.cmake
[39.718s] -- Installing: /home/czg22/comp0250_s26_labs/install/cw1_team_14/share/cw1_team_14/cmake/export_cw1_team_14__rosidl_generator_pyExport-noconfig.cmake
[39.718s] -- Installing: /home/czg22/comp0250_s26_labs/install/cw1_team_14/share/cw1_team_14/cmake/rosidl_cmake-extras.cmake
[39.719s] -- Installing: /home/czg22/comp0250_s26_labs/install/cw1_team_14/share/cw1_team_14/cmake/ament_cmake_export_dependencies-extras.cmake
[39.719s] -- Installing: /home/czg22/comp0250_s26_labs/install/cw1_team_14/share/cw1_team_14/cmake/ament_cmake_export_include_directories-extras.cmake
[39.719s] -- Installing: /home/czg22/comp0250_s26_labs/install/cw1_team_14/share/cw1_team_14/cmake/ament_cmake_export_libraries-extras.cmake
[39.719s] -- Installing: /home/czg22/comp0250_s26_labs/install/cw1_team_14/share/cw1_team_14/cmake/ament_cmake_export_targets-extras.cmake
[39.719s] -- Installing: /home/czg22/comp0250_s26_labs/install/cw1_team_14/share/cw1_team_14/cmake/rosidl_cmake_export_typesupport_targets-extras.cmake
[39.719s] -- Installing: /home/czg22/comp0250_s26_labs/install/cw1_team_14/share/cw1_team_14/cmake/rosidl_cmake_export_typesupport_libraries-extras.cmake
[39.720s] -- Installing: /home/czg22/comp0250_s26_labs/install/cw1_team_14/share/cw1_team_14/cmake/cw1_team_14Config.cmake
[39.720s] -- Installing: /home/czg22/comp0250_s26_labs/install/cw1_team_14/share/cw1_team_14/cmake/cw1_team_14Config-version.cmake
[39.720s] -- Installing: /home/czg22/comp0250_s26_labs/install/cw1_team_14/share/cw1_team_14/package.xml
[39.723s] Invoked command in '/home/czg22/comp0250_s26_labs/build/cw1_team_14' returned '0': AMENT_PREFIX_PATH=/home/czg22/comp0250_s26_labs/install/cw1_world_spawner:${AMENT_PREFIX_PATH} CMAKE_PREFIX_PATH=/home/czg22/comp0250_s26_labs/install/cw1_world_spawner:/home/czg22/ws_moveit2/install/pilz_industrial_motion_planner_testutils:/home/czg22/ws_moveit2/install/moveit_runtime:/home/czg22/ws_moveit2/install/moveit2_tutorials:/home/czg22/ws_moveit2/install/moveit:/home/czg22/ws_moveit2/install/moveit_planners:/home/czg22/ws_moveit2/install/pilz_industrial_motion_planner:/home/czg22/ws_moveit2/install/mtc_tutorial:/home/czg22/ws_moveit2/install/moveit_visual_tools:/home/czg22/ws_moveit2/install/moveit_task_constructor_visualization:/home/czg22/ws_moveit2/install/moveit_task_constructor_demo:/home/czg22/ws_moveit2/install/moveit_task_constructor_capabilities:/home/czg22/ws_moveit2/install/moveit_task_constructor_core:/home/czg22/ws_moveit2/install/moveit_ros_control_interface:/home/czg22/ws_moveit2/install/moveit_plugins:/home/czg22/ws_moveit2/install/moveit_simple_controller_manager:/home/czg22/ws_moveit2/install/moveit_setup_assistant:/home/czg22/ws_moveit2/install/moveit_setup_srdf_plugins:/home/czg22/ws_moveit2/install/moveit_setup_core_plugins:/home/czg22/ws_moveit2/install/moveit_setup_controllers:/home/czg22/ws_moveit2/install/moveit_setup_app_plugins:/home/czg22/ws_moveit2/install/moveit_setup_framework:/home/czg22/ws_moveit2/install/moveit_servo:/home/czg22/ws_moveit2/install/moveit_ros:/home/czg22/ws_moveit2/install/moveit_ros_visualization:/home/czg22/ws_moveit2/install/moveit_py:/home/czg22/ws_moveit2/install/moveit_hybrid_planning:/home/czg22/ws_moveit2/install/moveit_ros_planning_interface:/home/czg22/ws_moveit2/install/moveit_ros_benchmarks:/home/czg22/ws_moveit2/install/moveit_ros_warehouse:/home/czg22/ws_moveit2/install/moveit_ros_robot_interaction:/home/czg22/ws_moveit2/install/moveit_ros_perception:/home/czg22/ws_moveit2/install/moveit_resources_prbt_pg70_support:/home/czg22/ws_moveit2/install/moveit_resources_prbt_moveit_config:/home/czg22/ws_moveit2/install/moveit_ros_move_group:/home/czg22/ws_moveit2/install/moveit_planners_ompl:/home/czg22/ws_moveit2/install/moveit_ros_planning:/home/czg22/ws_moveit2/install/moveit_ros_occupancy_map_monitor:/home/czg22/ws_moveit2/install/moveit_resources_prbt_ikfast_manipulator_plugin:/home/czg22/ws_moveit2/install/moveit_planners_chomp:/home/czg22/ws_moveit2/install/moveit_kinematics:/home/czg22/ws_moveit2/install/moveit_chomp_optimizer_adapter:/home/czg22/ws_moveit2/install/chomp_motion_planner:/home/czg22/ws_moveit2/install/moveit_core:/home/czg22/ws_moveit2/install/srdfdom:/home/czg22/ws_moveit2/install/rviz_marker_tools:/home/czg22/ws_moveit2/install/rosparam_shortcuts:/home/czg22/ws_moveit2/install/moveit_task_constructor_msgs:/home/czg22/ws_moveit2/install/moveit_resources_prbt_support:/home/czg22/ws_moveit2/install/moveit_resources:/home/czg22/ws_moveit2/install/moveit_resources_pr2_description:/home/czg22/ws_moveit2/install/moveit_resources_panda_moveit_config:/home/czg22/ws_moveit2/install/moveit_resources_panda_description:/home/czg22/ws_moveit2/install/moveit_resources_fanuc_moveit_config:/home/czg22/ws_moveit2/install/moveit_resources_fanuc_description:/home/czg22/ws_moveit2/install/moveit_common:/home/czg22/ws_moveit2/install/moveit_configs_utils:/home/czg22/ws_moveit2/install/launch_param_builder:/opt/ros/humble LD_LIBRARY_PATH=/home/czg22/comp0250_s26_labs/install/cw1_world_spawner/lib:${LD_LIBRARY_PATH} PYTHONPATH=/home/czg22/comp0250_s26_labs/install/cw1_world_spawner/local/lib/python3.10/dist-packages:${PYTHONPATH} /usr/bin/cmake --install /home/czg22/comp0250_s26_labs/build/cw1_team_14
