[0.019s] Invoking command in '/home/bizare/Desktop/cw2_team_14/build/panda_description': CMAKE_PREFIX_PATH=${CMAKE_PREFIX_PATH}:/opt/ros/humble /usr/bin/cmake /home/bizare/Desktop/cw2_team_14/src/courseworks/panda_description -DCMAKE_INSTALL_PREFIX=/home/bizare/Desktop/cw2_team_14/install/panda_description
[0.128s] -- The C compiler identification is GNU 11.4.0
[0.262s] -- The CXX compiler identification is GNU 11.4.0
[0.278s] -- Detecting C compiler ABI info
[0.527s] -- Detecting C compiler ABI info - done
[0.546s] -- Check for working C compiler: /usr/bin/cc - skipped
[0.550s] -- Detecting C compile features
[0.550s] -- Detecting C compile features - done
[0.561s] -- Detecting CXX compiler ABI info
[0.751s] -- Detecting CXX compiler ABI info - done
[0.763s] -- Check for working CXX compiler: /usr/bin/c++ - skipped
[0.763s] -- Detecting CXX compile features
[0.767s] -- Detecting CXX compile features - done
[0.773s] -- Found ament_cmake: 1.3.12 (/opt/ros/humble/share/ament_cmake/cmake)
[1.136s] -- Found Python3: /usr/bin/python3 (found version "3.10.12") found components: Interpreter 
[1.709s] -- Configuring done
[1.718s] -- Generating done
[1.728s] -- Build files have been written to: /home/bizare/Desktop/cw2_team_14/build/panda_description
[1.748s] Invoked command in '/home/bizare/Desktop/cw2_team_14/build/panda_description' returned '0': CMAKE_PREFIX_PATH=${CMAKE_PREFIX_PATH}:/opt/ros/humble /usr/bin/cmake /home/bizare/Desktop/cw2_team_14/src/courseworks/panda_description -DCMAKE_INSTALL_PREFIX=/home/bizare/Desktop/cw2_team_14/install/panda_description
[1.748s] Invoking command in '/home/bizare/Desktop/cw2_team_14/build/panda_description': CMAKE_PREFIX_PATH=${CMAKE_PREFIX_PATH}:/opt/ros/humble /usr/bin/cmake --build /home/bizare/Desktop/cw2_team_14/build/panda_description -- -j2 -l2
[1.865s] Invoked command in '/home/bizare/Desktop/cw2_team_14/build/panda_description' returned '0': CMAKE_PREFIX_PATH=${CMAKE_PREFIX_PATH}:/opt/ros/humble /usr/bin/cmake --build /home/bizare/Desktop/cw2_team_14/build/panda_description -- -j2 -l2
[1.865s] Invoking command in '/home/bizare/Desktop/cw2_team_14/build/panda_description': CMAKE_PREFIX_PATH=${CMAKE_PREFIX_PATH}:/opt/ros/humble /usr/bin/cmake --install /home/bizare/Desktop/cw2_team_14/build/panda_description
[1.882s] -- Install configuration: ""
[1.883s] -- Installing: /home/bizare/Desktop/cw2_team_14/install/panda_description/share/panda_description/config
[1.883s] -- Installing: /home/bizare/Desktop/cw2_team_14/install/panda_description/share/panda_description/config/panda_control.yaml
[1.883s] -- Installing: /home/bizare/Desktop/cw2_team_14/install/panda_description/share/panda_description/meshes
[1.883s] -- Installing: /home/bizare/Desktop/cw2_team_14/install/panda_description/share/panda_description/meshes/collision
[1.885s] -- Installing: /home/bizare/Desktop/cw2_team_14/install/panda_description/share/panda_description/meshes/collision/link5.stl
[1.885s] -- Installing: /home/bizare/Desktop/cw2_team_14/install/panda_description/share/panda_description/meshes/collision/link1.stl
[1.885s] -- Installing: /home/bizare/Desktop/cw2_team_14/install/panda_description/share/panda_description/meshes/collision/link7.stl
[1.886s] -- Installing: /home/bizare/Desktop/cw2_team_14/install/panda_description/share/panda_description/meshes/collision/hand.stl
[1.889s] -- Installing: /home/bizare/Desktop/cw2_team_14/install/panda_description/share/panda_description/meshes/collision/link6.stl
[1.889s] -- Installing: /home/bizare/Desktop/cw2_team_14/install/panda_description/share/panda_description/meshes/collision/link2.stl
[1.889s] -- Installing: /home/bizare/Desktop/cw2_team_14/install/panda_description/share/panda_description/meshes/collision/link0.stl
[1.890s] -- Installing: /home/bizare/Desktop/cw2_team_14/install/panda_description/share/panda_description/meshes/collision/link3.stl
[1.891s] -- Installing: /home/bizare/Desktop/cw2_team_14/install/panda_description/share/panda_description/meshes/collision/finger.stl
[1.891s] -- Installing: /home/bizare/Desktop/cw2_team_14/install/panda_description/share/panda_description/meshes/collision/link4.stl
[1.892s] -- Installing: /home/bizare/Desktop/cw2_team_14/install/panda_description/share/panda_description/meshes/visual
[1.892s] -- Installing: /home/bizare/Desktop/cw2_team_14/install/panda_description/share/panda_description/meshes/visual/link6.dae
[1.896s] -- Installing: /home/bizare/Desktop/cw2_team_14/install/panda_description/share/panda_description/meshes/visual/link7.dae
[1.902s] -- Installing: /home/bizare/Desktop/cw2_team_14/install/panda_description/share/panda_description/meshes/visual/link1.dae
[1.907s] -- Installing: /home/bizare/Desktop/cw2_team_14/install/panda_description/share/panda_description/meshes/visual/link3.dae
[1.907s] -- Installing: /home/bizare/Desktop/cw2_team_14/install/panda_description/share/panda_description/meshes/visual/link2.dae
[1.912s] -- Installing: /home/bizare/Desktop/cw2_team_14/install/panda_description/share/panda_description/meshes/visual/link4.dae
[1.916s] -- Installing: /home/bizare/Desktop/cw2_team_14/install/panda_description/share/panda_description/meshes/visual/link5.dae
[1.917s] -- Installing: /home/bizare/Desktop/cw2_team_14/install/panda_description/share/panda_description/meshes/visual/finger.dae
[1.929s] -- Installing: /home/bizare/Desktop/cw2_team_14/install/panda_description/share/panda_description/meshes/visual/link0.dae
[1.939s] -- Installing: /home/bizare/Desktop/cw2_team_14/install/panda_description/share/panda_description/meshes/visual/hand.dae
[1.939s] -- Installing: /home/bizare/Desktop/cw2_team_14/install/panda_description/share/panda_description/rviz
[1.939s] -- Installing: /home/bizare/Desktop/cw2_team_14/install/panda_description/share/panda_description/rviz/urdf.rviz
[1.953s] -- Installing: /home/bizare/Desktop/cw2_team_14/install/panda_description/share/panda_description/sdf
[1.953s] -- Installing: /home/bizare/Desktop/cw2_team_14/install/panda_description/share/panda_description/sdf/empty_panda.world
[1.953s] -- Installing: /home/bizare/Desktop/cw2_team_14/install/panda_description/share/panda_description/sdf/empty_panda_noShadow.world
[1.953s] -- Installing: /home/bizare/Desktop/cw2_team_14/install/panda_description/share/panda_description/srdf
[1.953s] -- Installing: /home/bizare/Desktop/cw2_team_14/install/panda_description/share/panda_description/srdf/panda_with_rs.srdf.xacro
[1.954s] -- Installing: /home/bizare/Desktop/cw2_team_14/install/panda_description/share/panda_description/urdf
[1.954s] -- Installing: /home/bizare/Desktop/cw2_team_14/install/panda_description/share/panda_description/urdf/panda_arm_hand.urdf.xacro
[1.954s] -- Installing: /home/bizare/Desktop/cw2_team_14/install/panda_description/share/panda_description/urdf/panda_with_rs.urdf.xacro
[1.954s] -- Installing: /home/bizare/Desktop/cw2_team_14/install/panda_description/share/panda_description/xacro
[1.955s] -- Installing: /home/bizare/Desktop/cw2_team_14/install/panda_description/share/panda_description/xacro/panda_arm.xacro
[1.955s] -- Installing: /home/bizare/Desktop/cw2_team_14/install/panda_description/share/panda_description/xacro/hand.xacro
[1.959s] -- Installing: /home/bizare/Desktop/cw2_team_14/install/panda_description/share/panda_description/xacro/panda.gazebo.xacro
[1.959s] -- Installing: /home/bizare/Desktop/cw2_team_14/install/panda_description/share/panda_description/xacro/panda.transmission.xacro
[1.959s] -- Installing: /home/bizare/Desktop/cw2_team_14/install/panda_description/share/panda_description/xacro/panda.control.xacro
[1.959s] -- Installing: /home/bizare/Desktop/cw2_team_14/install/panda_description/share/panda_description/launch
[1.960s] -- Installing: /home/bizare/Desktop/cw2_team_14/install/panda_description/share/panda_description/launch/description.launch.py
[1.960s] -- Installing: /home/bizare/Desktop/cw2_team_14/install/panda_description/share/ament_index/resource_index/package_run_dependencies/panda_description
[1.963s] -- Installing: /home/bizare/Desktop/cw2_team_14/install/panda_description/share/ament_index/resource_index/parent_prefix_path/panda_description
[1.963s] -- Installing: /home/bizare/Desktop/cw2_team_14/install/panda_description/share/panda_description/environment/ament_prefix_path.sh
[1.964s] -- Installing: /home/bizare/Desktop/cw2_team_14/install/panda_description/share/panda_description/environment/ament_prefix_path.dsv
[1.964s] -- Installing: /home/bizare/Desktop/cw2_team_14/install/panda_description/share/panda_description/environment/path.sh
[1.964s] -- Installing: /home/bizare/Desktop/cw2_team_14/install/panda_description/share/panda_description/environment/path.dsv
[1.968s] -- Installing: /home/bizare/Desktop/cw2_team_14/install/panda_description/share/panda_description/local_setup.bash
[1.968s] -- Installing: /home/bizare/Desktop/cw2_team_14/install/panda_description/share/panda_description/local_setup.sh
[1.968s] -- Installing: /home/bizare/Desktop/cw2_team_14/install/panda_description/share/panda_description/local_setup.zsh
[1.968s] -- Installing: /home/bizare/Desktop/cw2_team_14/install/panda_description/share/panda_description/local_setup.dsv
[1.970s] -- Installing: /home/bizare/Desktop/cw2_team_14/install/panda_description/share/panda_description/package.dsv
[1.971s] -- Installing: /home/bizare/Desktop/cw2_team_14/install/panda_description/share/ament_index/resource_index/packages/panda_description
[1.971s] -- Installing: /home/bizare/Desktop/cw2_team_14/install/panda_description/share/panda_description/cmake/panda_descriptionConfig.cmake
[1.971s] -- Installing: /home/bizare/Desktop/cw2_team_14/install/panda_description/share/panda_description/cmake/panda_descriptionConfig-version.cmake
[1.971s] -- Installing: /home/bizare/Desktop/cw2_team_14/install/panda_description/share/panda_description/package.xml
[1.973s] Invoked command in '/home/bizare/Desktop/cw2_team_14/build/panda_description' returned '0': CMAKE_PREFIX_PATH=${CMAKE_PREFIX_PATH}:/opt/ros/humble /usr/bin/cmake --install /home/bizare/Desktop/cw2_team_14/build/panda_description
