[30.010s] Invoking command in '/home/czg22/comp0250_s26_labs/build/cw2_team_14': AMENT_PREFIX_PATH=/home/czg22/comp0250_s26_labs/install/cw2_world_spawner:${AMENT_PREFIX_PATH} CMAKE_PREFIX_PATH=/home/czg22/comp0250_s26_labs/install/cw2_world_spawner:/home/czg22/ws_moveit2/install/pilz_industrial_motion_planner_testutils:/home/czg22/ws_moveit2/install/moveit_runtime:/home/czg22/ws_moveit2/install/moveit2_tutorials:/home/czg22/ws_moveit2/install/moveit:/home/czg22/ws_moveit2/install/moveit_planners:/home/czg22/ws_moveit2/install/pilz_industrial_motion_planner:/home/czg22/ws_moveit2/install/mtc_tutorial:/home/czg22/ws_moveit2/install/moveit_visual_tools:/home/czg22/ws_moveit2/install/moveit_task_constructor_visualization:/home/czg22/ws_moveit2/install/moveit_task_constructor_demo:/home/czg22/ws_moveit2/install/moveit_task_constructor_capabilities:/home/czg22/ws_moveit2/install/moveit_task_constructor_core:/home/czg22/ws_moveit2/install/moveit_ros_control_interface:/home/czg22/ws_moveit2/install/moveit_plugins:/home/czg22/ws_moveit2/install/moveit_simple_controller_manager:/home/czg22/ws_moveit2/install/moveit_setup_assistant:/home/czg22/ws_moveit2/install/moveit_setup_srdf_plugins:/home/czg22/ws_moveit2/install/moveit_setup_core_plugins:/home/czg22/ws_moveit2/install/moveit_setup_controllers:/home/czg22/ws_moveit2/install/moveit_setup_app_plugins:/home/czg22/ws_moveit2/install/moveit_setup_framework:/home/czg22/ws_moveit2/install/moveit_servo:/home/czg22/ws_moveit2/install/moveit_ros:/home/czg22/ws_moveit2/install/moveit_ros_visualization:/home/czg22/ws_moveit2/install/moveit_py:/home/czg22/ws_moveit2/install/moveit_hybrid_planning:/home/czg22/ws_moveit2/install/moveit_ros_planning_interface:/home/czg22/ws_moveit2/install/moveit_ros_benchmarks:/home/czg22/ws_moveit2/install/moveit_ros_warehouse:/home/czg22/ws_moveit2/install/moveit_ros_robot_interaction:/home/czg22/ws_moveit2/install/moveit_ros_perception:/home/czg22/ws_moveit2/install/moveit_resources_prbt_pg70_support:/home/czg22/ws_moveit2/install/moveit_resources_prbt_moveit_config:/home/czg22/ws_moveit2/install/moveit_ros_move_group:/home/czg22/ws_moveit2/install/moveit_planners_ompl:/home/czg22/ws_moveit2/install/moveit_ros_planning:/home/czg22/ws_moveit2/install/moveit_ros_occupancy_map_monitor:/home/czg22/ws_moveit2/install/moveit_resources_prbt_ikfast_manipulator_plugin:/home/czg22/ws_moveit2/install/moveit_planners_chomp:/home/czg22/ws_moveit2/install/moveit_kinematics:/home/czg22/ws_moveit2/install/moveit_chomp_optimizer_adapter:/home/czg22/ws_moveit2/install/chomp_motion_planner:/home/czg22/ws_moveit2/install/moveit_core:/home/czg22/ws_moveit2/install/srdfdom:/home/czg22/ws_moveit2/install/rviz_marker_tools:/home/czg22/ws_moveit2/install/rosparam_shortcuts:/home/czg22/ws_moveit2/install/moveit_task_constructor_msgs:/home/czg22/ws_moveit2/install/moveit_resources_prbt_support:/home/czg22/ws_moveit2/install/moveit_resources:/home/czg22/ws_moveit2/install/moveit_resources_pr2_description:/home/czg22/ws_moveit2/install/moveit_resources_panda_moveit_config:/home/czg22/ws_moveit2/install/moveit_resources_panda_description:/home/czg22/ws_moveit2/install/moveit_resources_fanuc_moveit_config:/home/czg22/ws_moveit2/install/moveit_resources_fanuc_description:/home/czg22/ws_moveit2/install/moveit_common:/home/czg22/ws_moveit2/install/moveit_configs_utils:/home/czg22/ws_moveit2/install/launch_param_builder:/opt/ros/humble LD_LIBRARY_PATH=/home/czg22/comp0250_s26_labs/install/cw2_world_spawner/lib:${LD_LIBRARY_PATH} PYTHONPATH=/home/czg22/comp0250_s26_labs/install/cw2_world_spawner/local/lib/python3.10/dist-packages:${PYTHONPATH} /usr/bin/cmake --build /home/czg22/comp0250_s26_labs/build/cw2_team_14 -- -j32 -l32
[30.111s] [ 11%] Built target cw2_team_14__rosidl_generator_c
[30.111s] [ 11%] Built target cw2_team_14__cpp
[30.129s] [ 11%] Built target ament_cmake_python_copy_cw2_team_14
[30.150s] [ 28%] Built target cw2_team_14__rosidl_typesupport_introspection_c
[30.151s] [ 28%] Built target cw2_team_14__rosidl_typesupport_c
[30.151s] [ 45%] Built target cw2_team_14__rosidl_typesupport_introspection_cpp
[30.151s] [ 45%] Built target cw2_team_14__rosidl_typesupport_fastrtps_c
[30.151s] [ 54%] Built target cw2_team_14__rosidl_typesupport_fastrtps_cpp
[30.175s] [ 62%] Built target cw2_team_14__rosidl_typesupport_cpp
[30.218s] [ 62%] Built target cw2_team_14
[30.232s] [ 65%] Building CXX object CMakeFiles/cw2_team_14_cw2_class_lib.dir/src/cw2_class.cpp.o
[30.260s] [ 68%] Built target cw2_team_14__py
[30.304s] [ 74%] Built target cw2_team_14__rosidl_generator_py
[30.326s] running egg_info
[30.326s] writing cw2_team_14.egg-info/PKG-INFO
[30.327s] writing dependency_links to cw2_team_14.egg-info/dependency_links.txt
[30.327s] writing top-level names to cw2_team_14.egg-info/top_level.txt
[30.328s] reading manifest file 'cw2_team_14.egg-info/SOURCES.txt'
[30.329s] writing manifest file 'cw2_team_14.egg-info/SOURCES.txt'
[30.350s] [ 85%] Built target cw2_team_14__rosidl_typesupport_c__pyext
[30.350s] [ 85%] Built target cw2_team_14__rosidl_typesupport_fastrtps_c__pyext
[30.350s] [ 91%] Built target cw2_team_14__rosidl_typesupport_introspection_c__pyext
[30.372s] [ 91%] Built target ament_cmake_python_build_cw2_team_14_egg
[50.131s] [ 94%] Linking CXX shared library libcw2_team_14_cw2_class_lib.so
[51.965s] [ 94%] Built target cw2_team_14_cw2_class_lib
[52.032s] [ 97%] Building CXX object CMakeFiles/cw2_solution_node.dir/src/cw2_node.cpp.o
[62.242s] [100%] Linking CXX executable cw2_solution_node
[63.340s] [100%] Built target cw2_solution_node
[63.362s] Invoked command in '/home/czg22/comp0250_s26_labs/build/cw2_team_14' returned '0': AMENT_PREFIX_PATH=/home/czg22/comp0250_s26_labs/install/cw2_world_spawner:${AMENT_PREFIX_PATH} CMAKE_PREFIX_PATH=/home/czg22/comp0250_s26_labs/install/cw2_world_spawner:/home/czg22/ws_moveit2/install/pilz_industrial_motion_planner_testutils:/home/czg22/ws_moveit2/install/moveit_runtime:/home/czg22/ws_moveit2/install/moveit2_tutorials:/home/czg22/ws_moveit2/install/moveit:/home/czg22/ws_moveit2/install/moveit_planners:/home/czg22/ws_moveit2/install/pilz_industrial_motion_planner:/home/czg22/ws_moveit2/install/mtc_tutorial:/home/czg22/ws_moveit2/install/moveit_visual_tools:/home/czg22/ws_moveit2/install/moveit_task_constructor_visualization:/home/czg22/ws_moveit2/install/moveit_task_constructor_demo:/home/czg22/ws_moveit2/install/moveit_task_constructor_capabilities:/home/czg22/ws_moveit2/install/moveit_task_constructor_core:/home/czg22/ws_moveit2/install/moveit_ros_control_interface:/home/czg22/ws_moveit2/install/moveit_plugins:/home/czg22/ws_moveit2/install/moveit_simple_controller_manager:/home/czg22/ws_moveit2/install/moveit_setup_assistant:/home/czg22/ws_moveit2/install/moveit_setup_srdf_plugins:/home/czg22/ws_moveit2/install/moveit_setup_core_plugins:/home/czg22/ws_moveit2/install/moveit_setup_controllers:/home/czg22/ws_moveit2/install/moveit_setup_app_plugins:/home/czg22/ws_moveit2/install/moveit_setup_framework:/home/czg22/ws_moveit2/install/moveit_servo:/home/czg22/ws_moveit2/install/moveit_ros:/home/czg22/ws_moveit2/install/moveit_ros_visualization:/home/czg22/ws_moveit2/install/moveit_py:/home/czg22/ws_moveit2/install/moveit_hybrid_planning:/home/czg22/ws_moveit2/install/moveit_ros_planning_interface:/home/czg22/ws_moveit2/install/moveit_ros_benchmarks:/home/czg22/ws_moveit2/install/moveit_ros_warehouse:/home/czg22/ws_moveit2/install/moveit_ros_robot_interaction:/home/czg22/ws_moveit2/install/moveit_ros_perception:/home/czg22/ws_moveit2/install/moveit_resources_prbt_pg70_support:/home/czg22/ws_moveit2/install/moveit_resources_prbt_moveit_config:/home/czg22/ws_moveit2/install/moveit_ros_move_group:/home/czg22/ws_moveit2/install/moveit_planners_ompl:/home/czg22/ws_moveit2/install/moveit_ros_planning:/home/czg22/ws_moveit2/install/moveit_ros_occupancy_map_monitor:/home/czg22/ws_moveit2/install/moveit_resources_prbt_ikfast_manipulator_plugin:/home/czg22/ws_moveit2/install/moveit_planners_chomp:/home/czg22/ws_moveit2/install/moveit_kinematics:/home/czg22/ws_moveit2/install/moveit_chomp_optimizer_adapter:/home/czg22/ws_moveit2/install/chomp_motion_planner:/home/czg22/ws_moveit2/install/moveit_core:/home/czg22/ws_moveit2/install/srdfdom:/home/czg22/ws_moveit2/install/rviz_marker_tools:/home/czg22/ws_moveit2/install/rosparam_shortcuts:/home/czg22/ws_moveit2/install/moveit_task_constructor_msgs:/home/czg22/ws_moveit2/install/moveit_resources_prbt_support:/home/czg22/ws_moveit2/install/moveit_resources:/home/czg22/ws_moveit2/install/moveit_resources_pr2_description:/home/czg22/ws_moveit2/install/moveit_resources_panda_moveit_config:/home/czg22/ws_moveit2/install/moveit_resources_panda_description:/home/czg22/ws_moveit2/install/moveit_resources_fanuc_moveit_config:/home/czg22/ws_moveit2/install/moveit_resources_fanuc_description:/home/czg22/ws_moveit2/install/moveit_common:/home/czg22/ws_moveit2/install/moveit_configs_utils:/home/czg22/ws_moveit2/install/launch_param_builder:/opt/ros/humble LD_LIBRARY_PATH=/home/czg22/comp0250_s26_labs/install/cw2_world_spawner/lib:${LD_LIBRARY_PATH} PYTHONPATH=/home/czg22/comp0250_s26_labs/install/cw2_world_spawner/local/lib/python3.10/dist-packages:${PYTHONPATH} /usr/bin/cmake --build /home/czg22/comp0250_s26_labs/build/cw2_team_14 -- -j32 -l32
[63.381s] Invoking command in '/home/czg22/comp0250_s26_labs/build/cw2_team_14': AMENT_PREFIX_PATH=/home/czg22/comp0250_s26_labs/install/cw2_world_spawner:${AMENT_PREFIX_PATH} CMAKE_PREFIX_PATH=/home/czg22/comp0250_s26_labs/install/cw2_world_spawner:/home/czg22/ws_moveit2/install/pilz_industrial_motion_planner_testutils:/home/czg22/ws_moveit2/install/moveit_runtime:/home/czg22/ws_moveit2/install/moveit2_tutorials:/home/czg22/ws_moveit2/install/moveit:/home/czg22/ws_moveit2/install/moveit_planners:/home/czg22/ws_moveit2/install/pilz_industrial_motion_planner:/home/czg22/ws_moveit2/install/mtc_tutorial:/home/czg22/ws_moveit2/install/moveit_visual_tools:/home/czg22/ws_moveit2/install/moveit_task_constructor_visualization:/home/czg22/ws_moveit2/install/moveit_task_constructor_demo:/home/czg22/ws_moveit2/install/moveit_task_constructor_capabilities:/home/czg22/ws_moveit2/install/moveit_task_constructor_core:/home/czg22/ws_moveit2/install/moveit_ros_control_interface:/home/czg22/ws_moveit2/install/moveit_plugins:/home/czg22/ws_moveit2/install/moveit_simple_controller_manager:/home/czg22/ws_moveit2/install/moveit_setup_assistant:/home/czg22/ws_moveit2/install/moveit_setup_srdf_plugins:/home/czg22/ws_moveit2/install/moveit_setup_core_plugins:/home/czg22/ws_moveit2/install/moveit_setup_controllers:/home/czg22/ws_moveit2/install/moveit_setup_app_plugins:/home/czg22/ws_moveit2/install/moveit_setup_framework:/home/czg22/ws_moveit2/install/moveit_servo:/home/czg22/ws_moveit2/install/moveit_ros:/home/czg22/ws_moveit2/install/moveit_ros_visualization:/home/czg22/ws_moveit2/install/moveit_py:/home/czg22/ws_moveit2/install/moveit_hybrid_planning:/home/czg22/ws_moveit2/install/moveit_ros_planning_interface:/home/czg22/ws_moveit2/install/moveit_ros_benchmarks:/home/czg22/ws_moveit2/install/moveit_ros_warehouse:/home/czg22/ws_moveit2/install/moveit_ros_robot_interaction:/home/czg22/ws_moveit2/install/moveit_ros_perception:/home/czg22/ws_moveit2/install/moveit_resources_prbt_pg70_support:/home/czg22/ws_moveit2/install/moveit_resources_prbt_moveit_config:/home/czg22/ws_moveit2/install/moveit_ros_move_group:/home/czg22/ws_moveit2/install/moveit_planners_ompl:/home/czg22/ws_moveit2/install/moveit_ros_planning:/home/czg22/ws_moveit2/install/moveit_ros_occupancy_map_monitor:/home/czg22/ws_moveit2/install/moveit_resources_prbt_ikfast_manipulator_plugin:/home/czg22/ws_moveit2/install/moveit_planners_chomp:/home/czg22/ws_moveit2/install/moveit_kinematics:/home/czg22/ws_moveit2/install/moveit_chomp_optimizer_adapter:/home/czg22/ws_moveit2/install/chomp_motion_planner:/home/czg22/ws_moveit2/install/moveit_core:/home/czg22/ws_moveit2/install/srdfdom:/home/czg22/ws_moveit2/install/rviz_marker_tools:/home/czg22/ws_moveit2/install/rosparam_shortcuts:/home/czg22/ws_moveit2/install/moveit_task_constructor_msgs:/home/czg22/ws_moveit2/install/moveit_resources_prbt_support:/home/czg22/ws_moveit2/install/moveit_resources:/home/czg22/ws_moveit2/install/moveit_resources_pr2_description:/home/czg22/ws_moveit2/install/moveit_resources_panda_moveit_config:/home/czg22/ws_moveit2/install/moveit_resources_panda_description:/home/czg22/ws_moveit2/install/moveit_resources_fanuc_moveit_config:/home/czg22/ws_moveit2/install/moveit_resources_fanuc_description:/home/czg22/ws_moveit2/install/moveit_common:/home/czg22/ws_moveit2/install/moveit_configs_utils:/home/czg22/ws_moveit2/install/launch_param_builder:/opt/ros/humble LD_LIBRARY_PATH=/home/czg22/comp0250_s26_labs/install/cw2_world_spawner/lib:${LD_LIBRARY_PATH} PYTHONPATH=/home/czg22/comp0250_s26_labs/install/cw2_world_spawner/local/lib/python3.10/dist-packages:${PYTHONPATH} /usr/bin/cmake --install /home/czg22/comp0250_s26_labs/build/cw2_team_14
[63.396s] -- Install configuration: ""
[63.397s] -- Up-to-date: /home/czg22/comp0250_s26_labs/install/cw2_team_14/share/ament_index/resource_index/rosidl_interfaces/cw2_team_14
[63.398s] -- Up-to-date: /home/czg22/comp0250_s26_labs/install/cw2_team_14/include/cw2_team_14/cw2_team_14
[63.398s] -- Up-to-date: /home/czg22/comp0250_s26_labs/install/cw2_team_14/include/cw2_team_14/cw2_team_14/srv
[63.400s] -- Up-to-date: /home/czg22/comp0250_s26_labs/install/cw2_team_14/include/cw2_team_14/cw2_team_14/srv/example.h
[63.400s] -- Up-to-date: /home/czg22/comp0250_s26_labs/install/cw2_team_14/include/cw2_team_14/cw2_team_14/srv/detail
[63.400s] -- Up-to-date: /home/czg22/comp0250_s26_labs/install/cw2_team_14/include/cw2_team_14/cw2_team_14/srv/detail/example__functions.h
[63.401s] -- Up-to-date: /home/czg22/comp0250_s26_labs/install/cw2_team_14/include/cw2_team_14/cw2_team_14/srv/detail/example__type_support.h
[63.401s] -- Up-to-date: /home/czg22/comp0250_s26_labs/install/cw2_team_14/include/cw2_team_14/cw2_team_14/srv/detail/example__struct.h
[63.401s] -- Up-to-date: /home/czg22/comp0250_s26_labs/install/cw2_team_14/include/cw2_team_14/cw2_team_14/srv/detail/example__functions.c
[63.401s] -- Up-to-date: /home/czg22/comp0250_s26_labs/install/cw2_team_14/include/cw2_team_14/cw2_team_14/msg
[63.401s] -- Up-to-date: /home/czg22/comp0250_s26_labs/install/cw2_team_14/include/cw2_team_14/cw2_team_14/msg/rosidl_generator_c__visibility_control.h
[63.401s] -- Up-to-date: /home/czg22/comp0250_s26_labs/install/cw2_team_14/share/cw2_team_14/environment/library_path.sh
[63.401s] -- Up-to-date: /home/czg22/comp0250_s26_labs/install/cw2_team_14/share/cw2_team_14/environment/library_path.dsv
[63.401s] -- Up-to-date: /home/czg22/comp0250_s26_labs/install/cw2_team_14/lib/libcw2_team_14__rosidl_generator_c.so
[63.401s] -- Up-to-date: /home/czg22/comp0250_s26_labs/install/cw2_team_14/include/cw2_team_14/cw2_team_14
[63.401s] -- Up-to-date: /home/czg22/comp0250_s26_labs/install/cw2_team_14/include/cw2_team_14/cw2_team_14/srv
[63.401s] -- Up-to-date: /home/czg22/comp0250_s26_labs/install/cw2_team_14/include/cw2_team_14/cw2_team_14/srv/detail
[63.401s] -- Up-to-date: /home/czg22/comp0250_s26_labs/install/cw2_team_14/include/cw2_team_14/cw2_team_14/srv/detail/example__rosidl_typesupport_fastrtps_c.h
[63.401s] -- Up-to-date: /home/czg22/comp0250_s26_labs/install/cw2_team_14/include/cw2_team_14/cw2_team_14/msg
[63.401s] -- Up-to-date: /home/czg22/comp0250_s26_labs/install/cw2_team_14/include/cw2_team_14/cw2_team_14/msg/rosidl_typesupport_fastrtps_c__visibility_control.h
[63.401s] -- Up-to-date: /home/czg22/comp0250_s26_labs/install/cw2_team_14/lib/libcw2_team_14__rosidl_typesupport_fastrtps_c.so
[63.401s] -- Up-to-date: /home/czg22/comp0250_s26_labs/install/cw2_team_14/include/cw2_team_14/cw2_team_14
[63.401s] -- Up-to-date: /home/czg22/comp0250_s26_labs/install/cw2_team_14/include/cw2_team_14/cw2_team_14/srv
[63.401s] -- Up-to-date: /home/czg22/comp0250_s26_labs/install/cw2_team_14/include/cw2_team_14/cw2_team_14/srv/detail
[63.402s] -- Up-to-date: /home/czg22/comp0250_s26_labs/install/cw2_team_14/include/cw2_team_14/cw2_team_14/srv/detail/example__type_support.c
[63.402s] -- Up-to-date: /home/czg22/comp0250_s26_labs/install/cw2_team_14/include/cw2_team_14/cw2_team_14/srv/detail/example__rosidl_typesupport_introspection_c.h
[63.402s] -- Up-to-date: /home/czg22/comp0250_s26_labs/install/cw2_team_14/include/cw2_team_14/cw2_team_14/msg
[63.402s] -- Up-to-date: /home/czg22/comp0250_s26_labs/install/cw2_team_14/include/cw2_team_14/cw2_team_14/msg/rosidl_typesupport_introspection_c__visibility_control.h
[63.402s] -- Up-to-date: /home/czg22/comp0250_s26_labs/install/cw2_team_14/lib/libcw2_team_14__rosidl_typesupport_introspection_c.so
[63.402s] -- Up-to-date: /home/czg22/comp0250_s26_labs/install/cw2_team_14/lib/libcw2_team_14__rosidl_typesupport_c.so
[63.402s] -- Up-to-date: /home/czg22/comp0250_s26_labs/install/cw2_team_14/include/cw2_team_14/cw2_team_14
[63.402s] -- Up-to-date: /home/czg22/comp0250_s26_labs/install/cw2_team_14/include/cw2_team_14/cw2_team_14/srv
[63.402s] -- Up-to-date: /home/czg22/comp0250_s26_labs/install/cw2_team_14/include/cw2_team_14/cw2_team_14/srv/example.hpp
[63.402s] -- Up-to-date: /home/czg22/comp0250_s26_labs/install/cw2_team_14/include/cw2_team_14/cw2_team_14/srv/detail
[63.402s] -- Up-to-date: /home/czg22/comp0250_s26_labs/install/cw2_team_14/include/cw2_team_14/cw2_team_14/srv/detail/example__traits.hpp
[63.402s] -- Up-to-date: /home/czg22/comp0250_s26_labs/install/cw2_team_14/include/cw2_team_14/cw2_team_14/srv/detail/example__builder.hpp
[63.402s] -- Up-to-date: /home/czg22/comp0250_s26_labs/install/cw2_team_14/include/cw2_team_14/cw2_team_14/srv/detail/example__struct.hpp
[63.402s] -- Up-to-date: /home/czg22/comp0250_s26_labs/install/cw2_team_14/include/cw2_team_14/cw2_team_14/srv/detail/example__type_support.hpp
[63.402s] -- Up-to-date: /home/czg22/comp0250_s26_labs/install/cw2_team_14/include/cw2_team_14/cw2_team_14/msg
[63.402s] -- Up-to-date: /home/czg22/comp0250_s26_labs/install/cw2_team_14/include/cw2_team_14/cw2_team_14/msg/rosidl_generator_cpp__visibility_control.hpp
[63.402s] -- Up-to-date: /home/czg22/comp0250_s26_labs/install/cw2_team_14/include/cw2_team_14/cw2_team_14
[63.402s] -- Up-to-date: /home/czg22/comp0250_s26_labs/install/cw2_team_14/include/cw2_team_14/cw2_team_14/srv
[63.402s] -- Up-to-date: /home/czg22/comp0250_s26_labs/install/cw2_team_14/include/cw2_team_14/cw2_team_14/srv/detail
[63.402s] -- Up-to-date: /home/czg22/comp0250_s26_labs/install/cw2_team_14/include/cw2_team_14/cw2_team_14/srv/detail/dds_fastrtps
[63.402s] -- Up-to-date: /home/czg22/comp0250_s26_labs/install/cw2_team_14/include/cw2_team_14/cw2_team_14/srv/detail/example__rosidl_typesupport_fastrtps_cpp.hpp
[63.402s] -- Up-to-date: /home/czg22/comp0250_s26_labs/install/cw2_team_14/include/cw2_team_14/cw2_team_14/msg
[63.402s] -- Up-to-date: /home/czg22/comp0250_s26_labs/install/cw2_team_14/include/cw2_team_14/cw2_team_14/msg/rosidl_typesupport_fastrtps_cpp__visibility_control.h
[63.402s] -- Up-to-date: /home/czg22/comp0250_s26_labs/install/cw2_team_14/lib/libcw2_team_14__rosidl_typesupport_fastrtps_cpp.so
[63.402s] -- Up-to-date: /home/czg22/comp0250_s26_labs/install/cw2_team_14/include/cw2_team_14/cw2_team_14
[63.402s] -- Up-to-date: /home/czg22/comp0250_s26_labs/install/cw2_team_14/include/cw2_team_14/cw2_team_14/srv
[63.402s] -- Up-to-date: /home/czg22/comp0250_s26_labs/install/cw2_team_14/include/cw2_team_14/cw2_team_14/srv/detail
[63.402s] -- Up-to-date: /home/czg22/comp0250_s26_labs/install/cw2_team_14/include/cw2_team_14/cw2_team_14/srv/detail/example__type_support.cpp
[63.402s] -- Up-to-date: /home/czg22/comp0250_s26_labs/install/cw2_team_14/include/cw2_team_14/cw2_team_14/srv/detail/example__rosidl_typesupport_introspection_cpp.hpp
[63.402s] -- Up-to-date: /home/czg22/comp0250_s26_labs/install/cw2_team_14/lib/libcw2_team_14__rosidl_typesupport_introspection_cpp.so
[63.402s] -- Up-to-date: /home/czg22/comp0250_s26_labs/install/cw2_team_14/lib/libcw2_team_14__rosidl_typesupport_cpp.so
[63.402s] -- Up-to-date: /home/czg22/comp0250_s26_labs/install/cw2_team_14/share/cw2_team_14/environment/pythonpath.sh
[63.403s] -- Up-to-date: /home/czg22/comp0250_s26_labs/install/cw2_team_14/share/cw2_team_14/environment/pythonpath.dsv
[63.403s] -- Up-to-date: /home/czg22/comp0250_s26_labs/install/cw2_team_14/local/lib/python3.10/dist-packages/cw2_team_14-0.1.0-py3.10.egg-info
[63.403s] -- Installing: /home/czg22/comp0250_s26_labs/install/cw2_team_14/local/lib/python3.10/dist-packages/cw2_team_14-0.1.0-py3.10.egg-info/SOURCES.txt
[63.403s] -- Installing: /home/czg22/comp0250_s26_labs/install/cw2_team_14/local/lib/python3.10/dist-packages/cw2_team_14-0.1.0-py3.10.egg-info/top_level.txt
[63.403s] -- Installing: /home/czg22/comp0250_s26_labs/install/cw2_team_14/local/lib/python3.10/dist-packages/cw2_team_14-0.1.0-py3.10.egg-info/PKG-INFO
[63.403s] -- Installing: /home/czg22/comp0250_s26_labs/install/cw2_team_14/local/lib/python3.10/dist-packages/cw2_team_14-0.1.0-py3.10.egg-info/dependency_links.txt
[63.403s] -- Up-to-date: /home/czg22/comp0250_s26_labs/install/cw2_team_14/local/lib/python3.10/dist-packages/cw2_team_14
[63.403s] -- Up-to-date: /home/czg22/comp0250_s26_labs/install/cw2_team_14/local/lib/python3.10/dist-packages/cw2_team_14/_cw2_team_14_s.ep.rosidl_typesupport_fastrtps_c.c
[63.403s] -- Up-to-date: /home/czg22/comp0250_s26_labs/install/cw2_team_14/local/lib/python3.10/dist-packages/cw2_team_14/srv
[63.403s] -- Up-to-date: /home/czg22/comp0250_s26_labs/install/cw2_team_14/local/lib/python3.10/dist-packages/cw2_team_14/srv/__init__.py
[63.403s] -- Up-to-date: /home/czg22/comp0250_s26_labs/install/cw2_team_14/local/lib/python3.10/dist-packages/cw2_team_14/srv/_example.py
[63.403s] -- Up-to-date: /home/czg22/comp0250_s26_labs/install/cw2_team_14/local/lib/python3.10/dist-packages/cw2_team_14/srv/_example_s.c
[63.403s] -- Up-to-date: /home/czg22/comp0250_s26_labs/install/cw2_team_14/local/lib/python3.10/dist-packages/cw2_team_14/__init__.py
[63.403s] -- Up-to-date: /home/czg22/comp0250_s26_labs/install/cw2_team_14/local/lib/python3.10/dist-packages/cw2_team_14/cw2_team_14_s__rosidl_typesupport_fastrtps_c.cpython-310-x86_64-linux-gnu.so
[63.403s] -- Up-to-date: /home/czg22/comp0250_s26_labs/install/cw2_team_14/local/lib/python3.10/dist-packages/cw2_team_14/libcw2_team_14__rosidl_generator_py.so
[63.403s] -- Up-to-date: /home/czg22/comp0250_s26_labs/install/cw2_team_14/local/lib/python3.10/dist-packages/cw2_team_14/_cw2_team_14_s.ep.rosidl_typesupport_c.c
[63.403s] -- Up-to-date: /home/czg22/comp0250_s26_labs/install/cw2_team_14/local/lib/python3.10/dist-packages/cw2_team_14/cw2_team_14_s__rosidl_typesupport_c.cpython-310-x86_64-linux-gnu.so
[63.403s] -- Up-to-date: /home/czg22/comp0250_s26_labs/install/cw2_team_14/local/lib/python3.10/dist-packages/cw2_team_14/_cw2_team_14_s.ep.rosidl_typesupport_introspection_c.c
[63.403s] -- Up-to-date: /home/czg22/comp0250_s26_labs/install/cw2_team_14/local/lib/python3.10/dist-packages/cw2_team_14/cw2_team_14_s__rosidl_typesupport_introspection_c.cpython-310-x86_64-linux-gnu.so
[63.431s] Listing '/home/czg22/comp0250_s26_labs/install/cw2_team_14/local/lib/python3.10/dist-packages/cw2_team_14'...
[63.431s] Listing '/home/czg22/comp0250_s26_labs/install/cw2_team_14/local/lib/python3.10/dist-packages/cw2_team_14/srv'...
[63.435s] -- Up-to-date: /home/czg22/comp0250_s26_labs/install/cw2_team_14/local/lib/python3.10/dist-packages/cw2_team_14/cw2_team_14_s__rosidl_typesupport_fastrtps_c.cpython-310-x86_64-linux-gnu.so
[63.435s] -- Up-to-date: /home/czg22/comp0250_s26_labs/install/cw2_team_14/local/lib/python3.10/dist-packages/cw2_team_14/cw2_team_14_s__rosidl_typesupport_introspection_c.cpython-310-x86_64-linux-gnu.so
[63.435s] -- Up-to-date: /home/czg22/comp0250_s26_labs/install/cw2_team_14/local/lib/python3.10/dist-packages/cw2_team_14/cw2_team_14_s__rosidl_typesupport_c.cpython-310-x86_64-linux-gnu.so
[63.436s] -- Up-to-date: /home/czg22/comp0250_s26_labs/install/cw2_team_14/lib/libcw2_team_14__rosidl_generator_py.so
[63.436s] -- Up-to-date: /home/czg22/comp0250_s26_labs/install/cw2_team_14/share/cw2_team_14/srv/Example.idl
[63.436s] -- Up-to-date: /home/czg22/comp0250_s26_labs/install/cw2_team_14/share/cw2_team_14/srv/Example.srv
[63.436s] -- Up-to-date: /home/czg22/comp0250_s26_labs/install/cw2_team_14/share/cw2_team_14/srv/Example_Request.msg
[63.436s] -- Up-to-date: /home/czg22/comp0250_s26_labs/install/cw2_team_14/share/cw2_team_14/srv/Example_Response.msg
[63.436s] -- Installing: /home/czg22/comp0250_s26_labs/install/cw2_team_14/lib/libcw2_team_14_cw2_class_lib.so
[63.455s] -- Set runtime path of "/home/czg22/comp0250_s26_labs/install/cw2_team_14/lib/libcw2_team_14_cw2_class_lib.so" to ""
[63.456s] -- Installing: /home/czg22/comp0250_s26_labs/install/cw2_team_14/lib/cw2_team_14/cw2_solution_node
[63.456s] -- Set runtime path of "/home/czg22/comp0250_s26_labs/install/cw2_team_14/lib/cw2_team_14/cw2_solution_node" to ""
[63.456s] -- Up-to-date: /home/czg22/comp0250_s26_labs/install/cw2_team_14/share/cw2_team_14/launch
[63.457s] -- Up-to-date: /home/czg22/comp0250_s26_labs/install/cw2_team_14/share/cw2_team_14/launch/run_solution.launch.py
[63.457s] -- Up-to-date: /home/czg22/comp0250_s26_labs/install/cw2_team_14/share/ament_index/resource_index/package_run_dependencies/cw2_team_14
[63.457s] -- Up-to-date: /home/czg22/comp0250_s26_labs/install/cw2_team_14/share/ament_index/resource_index/parent_prefix_path/cw2_team_14
[63.458s] -- Up-to-date: /home/czg22/comp0250_s26_labs/install/cw2_team_14/share/cw2_team_14/environment/ament_prefix_path.sh
[63.458s] -- Up-to-date: /home/czg22/comp0250_s26_labs/install/cw2_team_14/share/cw2_team_14/environment/ament_prefix_path.dsv
[63.458s] -- Up-to-date: /home/czg22/comp0250_s26_labs/install/cw2_team_14/share/cw2_team_14/environment/path.sh
[63.458s] -- Up-to-date: /home/czg22/comp0250_s26_labs/install/cw2_team_14/share/cw2_team_14/environment/path.dsv
[63.458s] -- Up-to-date: /home/czg22/comp0250_s26_labs/install/cw2_team_14/share/cw2_team_14/local_setup.bash
[63.458s] -- Up-to-date: /home/czg22/comp0250_s26_labs/install/cw2_team_14/share/cw2_team_14/local_setup.sh
[63.458s] -- Up-to-date: /home/czg22/comp0250_s26_labs/install/cw2_team_14/share/cw2_team_14/local_setup.zsh
[63.458s] -- Up-to-date: /home/czg22/comp0250_s26_labs/install/cw2_team_14/share/cw2_team_14/local_setup.dsv
[63.458s] -- Installing: /home/czg22/comp0250_s26_labs/install/cw2_team_14/share/cw2_team_14/package.dsv
[63.458s] -- Up-to-date: /home/czg22/comp0250_s26_labs/install/cw2_team_14/share/ament_index/resource_index/packages/cw2_team_14
[63.458s] -- Up-to-date: /home/czg22/comp0250_s26_labs/install/cw2_team_14/share/cw2_team_14/cmake/export_cw2_team_14__rosidl_generator_cExport.cmake
[63.458s] -- Up-to-date: /home/czg22/comp0250_s26_labs/install/cw2_team_14/share/cw2_team_14/cmake/export_cw2_team_14__rosidl_generator_cExport-noconfig.cmake
[63.458s] -- Up-to-date: /home/czg22/comp0250_s26_labs/install/cw2_team_14/share/cw2_team_14/cmake/export_cw2_team_14__rosidl_typesupport_fastrtps_cExport.cmake
[63.458s] -- Up-to-date: /home/czg22/comp0250_s26_labs/install/cw2_team_14/share/cw2_team_14/cmake/export_cw2_team_14__rosidl_typesupport_fastrtps_cExport-noconfig.cmake
[63.458s] -- Up-to-date: /home/czg22/comp0250_s26_labs/install/cw2_team_14/share/cw2_team_14/cmake/cw2_team_14__rosidl_typesupport_introspection_cExport.cmake
[63.459s] -- Up-to-date: /home/czg22/comp0250_s26_labs/install/cw2_team_14/share/cw2_team_14/cmake/cw2_team_14__rosidl_typesupport_introspection_cExport-noconfig.cmake
[63.459s] -- Up-to-date: /home/czg22/comp0250_s26_labs/install/cw2_team_14/share/cw2_team_14/cmake/cw2_team_14__rosidl_typesupport_cExport.cmake
[63.459s] -- Up-to-date: /home/czg22/comp0250_s26_labs/install/cw2_team_14/share/cw2_team_14/cmake/cw2_team_14__rosidl_typesupport_cExport-noconfig.cmake
[63.459s] -- Up-to-date: /home/czg22/comp0250_s26_labs/install/cw2_team_14/share/cw2_team_14/cmake/export_cw2_team_14__rosidl_generator_cppExport.cmake
[63.459s] -- Up-to-date: /home/czg22/comp0250_s26_labs/install/cw2_team_14/share/cw2_team_14/cmake/export_cw2_team_14__rosidl_typesupport_fastrtps_cppExport.cmake
[63.459s] -- Up-to-date: /home/czg22/comp0250_s26_labs/install/cw2_team_14/share/cw2_team_14/cmake/export_cw2_team_14__rosidl_typesupport_fastrtps_cppExport-noconfig.cmake
[63.459s] -- Up-to-date: /home/czg22/comp0250_s26_labs/install/cw2_team_14/share/cw2_team_14/cmake/cw2_team_14__rosidl_typesupport_introspection_cppExport.cmake
[63.459s] -- Up-to-date: /home/czg22/comp0250_s26_labs/install/cw2_team_14/share/cw2_team_14/cmake/cw2_team_14__rosidl_typesupport_introspection_cppExport-noconfig.cmake
[63.459s] -- Up-to-date: /home/czg22/comp0250_s26_labs/install/cw2_team_14/share/cw2_team_14/cmake/cw2_team_14__rosidl_typesupport_cppExport.cmake
[63.459s] -- Up-to-date: /home/czg22/comp0250_s26_labs/install/cw2_team_14/share/cw2_team_14/cmake/cw2_team_14__rosidl_typesupport_cppExport-noconfig.cmake
[63.459s] -- Up-to-date: /home/czg22/comp0250_s26_labs/install/cw2_team_14/share/cw2_team_14/cmake/export_cw2_team_14__rosidl_generator_pyExport.cmake
[63.459s] -- Up-to-date: /home/czg22/comp0250_s26_labs/install/cw2_team_14/share/cw2_team_14/cmake/export_cw2_team_14__rosidl_generator_pyExport-noconfig.cmake
[63.459s] -- Up-to-date: /home/czg22/comp0250_s26_labs/install/cw2_team_14/share/cw2_team_14/cmake/rosidl_cmake-extras.cmake
[63.459s] -- Up-to-date: /home/czg22/comp0250_s26_labs/install/cw2_team_14/share/cw2_team_14/cmake/ament_cmake_export_dependencies-extras.cmake
[63.459s] -- Up-to-date: /home/czg22/comp0250_s26_labs/install/cw2_team_14/share/cw2_team_14/cmake/ament_cmake_export_include_directories-extras.cmake
[63.459s] -- Up-to-date: /home/czg22/comp0250_s26_labs/install/cw2_team_14/share/cw2_team_14/cmake/ament_cmake_export_libraries-extras.cmake
[63.459s] -- Up-to-date: /home/czg22/comp0250_s26_labs/install/cw2_team_14/share/cw2_team_14/cmake/ament_cmake_export_targets-extras.cmake
[63.459s] -- Up-to-date: /home/czg22/comp0250_s26_labs/install/cw2_team_14/share/cw2_team_14/cmake/rosidl_cmake_export_typesupport_targets-extras.cmake
[63.459s] -- Up-to-date: /home/czg22/comp0250_s26_labs/install/cw2_team_14/share/cw2_team_14/cmake/rosidl_cmake_export_typesupport_libraries-extras.cmake
[63.459s] -- Up-to-date: /home/czg22/comp0250_s26_labs/install/cw2_team_14/share/cw2_team_14/cmake/cw2_team_14Config.cmake
[63.459s] -- Up-to-date: /home/czg22/comp0250_s26_labs/install/cw2_team_14/share/cw2_team_14/cmake/cw2_team_14Config-version.cmake
[63.459s] -- Up-to-date: /home/czg22/comp0250_s26_labs/install/cw2_team_14/share/cw2_team_14/package.xml
[63.460s] Invoked command in '/home/czg22/comp0250_s26_labs/build/cw2_team_14' returned '0': AMENT_PREFIX_PATH=/home/czg22/comp0250_s26_labs/install/cw2_world_spawner:${AMENT_PREFIX_PATH} CMAKE_PREFIX_PATH=/home/czg22/comp0250_s26_labs/install/cw2_world_spawner:/home/czg22/ws_moveit2/install/pilz_industrial_motion_planner_testutils:/home/czg22/ws_moveit2/install/moveit_runtime:/home/czg22/ws_moveit2/install/moveit2_tutorials:/home/czg22/ws_moveit2/install/moveit:/home/czg22/ws_moveit2/install/moveit_planners:/home/czg22/ws_moveit2/install/pilz_industrial_motion_planner:/home/czg22/ws_moveit2/install/mtc_tutorial:/home/czg22/ws_moveit2/install/moveit_visual_tools:/home/czg22/ws_moveit2/install/moveit_task_constructor_visualization:/home/czg22/ws_moveit2/install/moveit_task_constructor_demo:/home/czg22/ws_moveit2/install/moveit_task_constructor_capabilities:/home/czg22/ws_moveit2/install/moveit_task_constructor_core:/home/czg22/ws_moveit2/install/moveit_ros_control_interface:/home/czg22/ws_moveit2/install/moveit_plugins:/home/czg22/ws_moveit2/install/moveit_simple_controller_manager:/home/czg22/ws_moveit2/install/moveit_setup_assistant:/home/czg22/ws_moveit2/install/moveit_setup_srdf_plugins:/home/czg22/ws_moveit2/install/moveit_setup_core_plugins:/home/czg22/ws_moveit2/install/moveit_setup_controllers:/home/czg22/ws_moveit2/install/moveit_setup_app_plugins:/home/czg22/ws_moveit2/install/moveit_setup_framework:/home/czg22/ws_moveit2/install/moveit_servo:/home/czg22/ws_moveit2/install/moveit_ros:/home/czg22/ws_moveit2/install/moveit_ros_visualization:/home/czg22/ws_moveit2/install/moveit_py:/home/czg22/ws_moveit2/install/moveit_hybrid_planning:/home/czg22/ws_moveit2/install/moveit_ros_planning_interface:/home/czg22/ws_moveit2/install/moveit_ros_benchmarks:/home/czg22/ws_moveit2/install/moveit_ros_warehouse:/home/czg22/ws_moveit2/install/moveit_ros_robot_interaction:/home/czg22/ws_moveit2/install/moveit_ros_perception:/home/czg22/ws_moveit2/install/moveit_resources_prbt_pg70_support:/home/czg22/ws_moveit2/install/moveit_resources_prbt_moveit_config:/home/czg22/ws_moveit2/install/moveit_ros_move_group:/home/czg22/ws_moveit2/install/moveit_planners_ompl:/home/czg22/ws_moveit2/install/moveit_ros_planning:/home/czg22/ws_moveit2/install/moveit_ros_occupancy_map_monitor:/home/czg22/ws_moveit2/install/moveit_resources_prbt_ikfast_manipulator_plugin:/home/czg22/ws_moveit2/install/moveit_planners_chomp:/home/czg22/ws_moveit2/install/moveit_kinematics:/home/czg22/ws_moveit2/install/moveit_chomp_optimizer_adapter:/home/czg22/ws_moveit2/install/chomp_motion_planner:/home/czg22/ws_moveit2/install/moveit_core:/home/czg22/ws_moveit2/install/srdfdom:/home/czg22/ws_moveit2/install/rviz_marker_tools:/home/czg22/ws_moveit2/install/rosparam_shortcuts:/home/czg22/ws_moveit2/install/moveit_task_constructor_msgs:/home/czg22/ws_moveit2/install/moveit_resources_prbt_support:/home/czg22/ws_moveit2/install/moveit_resources:/home/czg22/ws_moveit2/install/moveit_resources_pr2_description:/home/czg22/ws_moveit2/install/moveit_resources_panda_moveit_config:/home/czg22/ws_moveit2/install/moveit_resources_panda_description:/home/czg22/ws_moveit2/install/moveit_resources_fanuc_moveit_config:/home/czg22/ws_moveit2/install/moveit_resources_fanuc_description:/home/czg22/ws_moveit2/install/moveit_common:/home/czg22/ws_moveit2/install/moveit_configs_utils:/home/czg22/ws_moveit2/install/launch_param_builder:/opt/ros/humble LD_LIBRARY_PATH=/home/czg22/comp0250_s26_labs/install/cw2_world_spawner/lib:${LD_LIBRARY_PATH} PYTHONPATH=/home/czg22/comp0250_s26_labs/install/cw2_world_spawner/local/lib/python3.10/dist-packages:${PYTHONPATH} /usr/bin/cmake --install /home/czg22/comp0250_s26_labs/build/cw2_team_14
