[0.012s] Invoking command in '/home/bizare/Desktop/cw2_team_14/build/cw2_team_14': CMAKE_PREFIX_PATH=/home/bizare/Desktop/cw2_team_14/install/cw2_world_spawner:/home/bizare/Desktop/cw2_team_14/install/rpl_panda_with_rs:/home/bizare/Desktop/cw2_team_14/install/realsense_gazebo_plugin:/home/bizare/Desktop/cw2_team_14/install/panda_moveit_config:/home/bizare/Desktop/cw2_team_14/install/panda_description:/home/bizare/Desktop/cw2_team_14/install/cw2_team_14:/home/bizare/Desktop/cw2_team_14/install/cw1_world_spawner:/opt/ros/humble LD_LIBRARY_PATH=/home/bizare/Desktop/cw2_team_14/install/cw2_world_spawner/lib:/home/bizare/Desktop/cw2_team_14/install/realsense_gazebo_plugin/lib:/home/bizare/Desktop/cw2_team_14/install/cw2_team_14/lib:/home/bizare/Desktop/cw2_team_14/install/cw1_world_spawner/lib:/usr/lib/x86_64-linux-gnu/gazebo-11/plugins:/opt/ros/humble/opt/rviz_ogre_vendor/lib:/opt/ros/humble/lib/x86_64-linux-gnu:/opt/ros/humble/lib /usr/bin/cmake --build /home/bizare/Desktop/cw2_team_14/build/cw2_team_14 -- -j2 -l2
[0.172s] [  2%] Built target cw2_team_14__cpp
[0.212s] [ 11%] Built target cw2_team_14__rosidl_generator_c
[0.273s] [ 11%] Built target ament_cmake_python_copy_cw2_team_14
[0.314s] [ 20%] Built target cw2_team_14__rosidl_typesupport_cpp
[0.344s] [ 28%] Built target cw2_team_14__rosidl_typesupport_fastrtps_c
[0.367s] [ 37%] Built target cw2_team_14__rosidl_typesupport_introspection_c
[0.390s] [ 45%] Built target cw2_team_14__rosidl_typesupport_c
[0.412s] [ 54%] Built target cw2_team_14__rosidl_typesupport_fastrtps_cpp
[0.434s] [ 62%] Built target cw2_team_14__rosidl_typesupport_introspection_cpp
[0.652s] running egg_info
[0.652s] writing cw2_team_14.egg-info/PKG-INFO
[0.652s] writing dependency_links to cw2_team_14.egg-info/dependency_links.txt
[0.652s] writing top-level names to cw2_team_14.egg-info/top_level.txt
[0.655s] reading manifest file 'cw2_team_14.egg-info/SOURCES.txt'
[0.655s] writing manifest file 'cw2_team_14.egg-info/SOURCES.txt'
[0.679s] [ 62%] Built target ament_cmake_python_build_cw2_team_14_egg
[0.699s] [35m[1mConsolidate compiler generated dependencies of target cw2_team_14_cw2_class_lib[0m
[0.727s] [ 65%] [32mBuilding CXX object CMakeFiles/cw2_team_14_cw2_class_lib.dir/src/cw2_class.cpp.o[0m
[18.273s] [ 68%] [32m[1mLinking CXX shared library libcw2_team_14_cw2_class_lib.so[0m
[19.813s] [ 68%] Built target cw2_team_14_cw2_class_lib
[19.834s] [ 68%] Built target cw2_team_14
[19.868s] [ 71%] [32m[1mLinking CXX executable cw2_solution_node[0m
[20.733s] [ 74%] Built target cw2_solution_node
[20.759s] [ 77%] Built target cw2_team_14__py
[20.780s] [ 82%] Built target cw2_team_14__rosidl_generator_py
[20.801s] [ 88%] Built target cw2_team_14__rosidl_typesupport_fastrtps_c__pyext
[20.822s] [ 94%] Built target cw2_team_14__rosidl_typesupport_introspection_c__pyext
[20.844s] [100%] Built target cw2_team_14__rosidl_typesupport_c__pyext
[20.855s] Invoked command in '/home/bizare/Desktop/cw2_team_14/build/cw2_team_14' returned '0': CMAKE_PREFIX_PATH=/home/bizare/Desktop/cw2_team_14/install/cw2_world_spawner:/home/bizare/Desktop/cw2_team_14/install/rpl_panda_with_rs:/home/bizare/Desktop/cw2_team_14/install/realsense_gazebo_plugin:/home/bizare/Desktop/cw2_team_14/install/panda_moveit_config:/home/bizare/Desktop/cw2_team_14/install/panda_description:/home/bizare/Desktop/cw2_team_14/install/cw2_team_14:/home/bizare/Desktop/cw2_team_14/install/cw1_world_spawner:/opt/ros/humble LD_LIBRARY_PATH=/home/bizare/Desktop/cw2_team_14/install/cw2_world_spawner/lib:/home/bizare/Desktop/cw2_team_14/install/realsense_gazebo_plugin/lib:/home/bizare/Desktop/cw2_team_14/install/cw2_team_14/lib:/home/bizare/Desktop/cw2_team_14/install/cw1_world_spawner/lib:/usr/lib/x86_64-linux-gnu/gazebo-11/plugins:/opt/ros/humble/opt/rviz_ogre_vendor/lib:/opt/ros/humble/lib/x86_64-linux-gnu:/opt/ros/humble/lib /usr/bin/cmake --build /home/bizare/Desktop/cw2_team_14/build/cw2_team_14 -- -j2 -l2
[20.859s] Invoking command in '/home/bizare/Desktop/cw2_team_14/build/cw2_team_14': CMAKE_PREFIX_PATH=/home/bizare/Desktop/cw2_team_14/install/cw2_world_spawner:/home/bizare/Desktop/cw2_team_14/install/rpl_panda_with_rs:/home/bizare/Desktop/cw2_team_14/install/realsense_gazebo_plugin:/home/bizare/Desktop/cw2_team_14/install/panda_moveit_config:/home/bizare/Desktop/cw2_team_14/install/panda_description:/home/bizare/Desktop/cw2_team_14/install/cw2_team_14:/home/bizare/Desktop/cw2_team_14/install/cw1_world_spawner:/opt/ros/humble LD_LIBRARY_PATH=/home/bizare/Desktop/cw2_team_14/install/cw2_world_spawner/lib:/home/bizare/Desktop/cw2_team_14/install/realsense_gazebo_plugin/lib:/home/bizare/Desktop/cw2_team_14/install/cw2_team_14/lib:/home/bizare/Desktop/cw2_team_14/install/cw1_world_spawner/lib:/usr/lib/x86_64-linux-gnu/gazebo-11/plugins:/opt/ros/humble/opt/rviz_ogre_vendor/lib:/opt/ros/humble/lib/x86_64-linux-gnu:/opt/ros/humble/lib /usr/bin/cmake --install /home/bizare/Desktop/cw2_team_14/build/cw2_team_14
[20.866s] -- Install configuration: ""
[20.866s] -- Up-to-date: /home/bizare/Desktop/cw2_team_14/install/cw2_team_14/share/ament_index/resource_index/rosidl_interfaces/cw2_team_14
[20.866s] -- Up-to-date: /home/bizare/Desktop/cw2_team_14/install/cw2_team_14/include/cw2_team_14/cw2_team_14
[20.866s] -- Up-to-date: /home/bizare/Desktop/cw2_team_14/install/cw2_team_14/include/cw2_team_14/cw2_team_14/msg
[20.866s] -- Up-to-date: /home/bizare/Desktop/cw2_team_14/install/cw2_team_14/include/cw2_team_14/cw2_team_14/msg/rosidl_generator_c__visibility_control.h
[20.866s] -- Up-to-date: /home/bizare/Desktop/cw2_team_14/install/cw2_team_14/include/cw2_team_14/cw2_team_14/srv
[20.866s] -- Up-to-date: /home/bizare/Desktop/cw2_team_14/install/cw2_team_14/include/cw2_team_14/cw2_team_14/srv/detail
[20.866s] -- Up-to-date: /home/bizare/Desktop/cw2_team_14/install/cw2_team_14/include/cw2_team_14/cw2_team_14/srv/detail/example__functions.c
[20.866s] -- Up-to-date: /home/bizare/Desktop/cw2_team_14/install/cw2_team_14/include/cw2_team_14/cw2_team_14/srv/detail/example__struct.h
[20.866s] -- Up-to-date: /home/bizare/Desktop/cw2_team_14/install/cw2_team_14/include/cw2_team_14/cw2_team_14/srv/detail/example__functions.h
[20.866s] -- Up-to-date: /home/bizare/Desktop/cw2_team_14/install/cw2_team_14/include/cw2_team_14/cw2_team_14/srv/detail/example__type_support.h
[20.866s] -- Up-to-date: /home/bizare/Desktop/cw2_team_14/install/cw2_team_14/include/cw2_team_14/cw2_team_14/srv/example.h
[20.867s] -- Up-to-date: /home/bizare/Desktop/cw2_team_14/install/cw2_team_14/share/cw2_team_14/environment/library_path.sh
[20.867s] -- Up-to-date: /home/bizare/Desktop/cw2_team_14/install/cw2_team_14/share/cw2_team_14/environment/library_path.dsv
[20.868s] -- Up-to-date: /home/bizare/Desktop/cw2_team_14/install/cw2_team_14/lib/libcw2_team_14__rosidl_generator_c.so
[20.869s] -- Up-to-date: /home/bizare/Desktop/cw2_team_14/install/cw2_team_14/include/cw2_team_14/cw2_team_14
[20.869s] -- Up-to-date: /home/bizare/Desktop/cw2_team_14/install/cw2_team_14/include/cw2_team_14/cw2_team_14/msg
[20.869s] -- Up-to-date: /home/bizare/Desktop/cw2_team_14/install/cw2_team_14/include/cw2_team_14/cw2_team_14/msg/rosidl_typesupport_fastrtps_c__visibility_control.h
[20.871s] -- Up-to-date: /home/bizare/Desktop/cw2_team_14/install/cw2_team_14/include/cw2_team_14/cw2_team_14/srv
[20.871s] -- Up-to-date: /home/bizare/Desktop/cw2_team_14/install/cw2_team_14/include/cw2_team_14/cw2_team_14/srv/detail
[20.871s] -- Up-to-date: /home/bizare/Desktop/cw2_team_14/install/cw2_team_14/include/cw2_team_14/cw2_team_14/srv/detail/example__rosidl_typesupport_fastrtps_c.h
[20.871s] -- Up-to-date: /home/bizare/Desktop/cw2_team_14/install/cw2_team_14/lib/libcw2_team_14__rosidl_typesupport_fastrtps_c.so
[20.871s] -- Up-to-date: /home/bizare/Desktop/cw2_team_14/install/cw2_team_14/include/cw2_team_14/cw2_team_14
[20.871s] -- Up-to-date: /home/bizare/Desktop/cw2_team_14/install/cw2_team_14/include/cw2_team_14/cw2_team_14/msg
[20.871s] -- Up-to-date: /home/bizare/Desktop/cw2_team_14/install/cw2_team_14/include/cw2_team_14/cw2_team_14/msg/rosidl_typesupport_introspection_c__visibility_control.h
[20.871s] -- Up-to-date: /home/bizare/Desktop/cw2_team_14/install/cw2_team_14/include/cw2_team_14/cw2_team_14/srv
[20.871s] -- Up-to-date: /home/bizare/Desktop/cw2_team_14/install/cw2_team_14/include/cw2_team_14/cw2_team_14/srv/detail
[20.871s] -- Up-to-date: /home/bizare/Desktop/cw2_team_14/install/cw2_team_14/include/cw2_team_14/cw2_team_14/srv/detail/example__type_support.c
[20.872s] -- Up-to-date: /home/bizare/Desktop/cw2_team_14/install/cw2_team_14/include/cw2_team_14/cw2_team_14/srv/detail/example__rosidl_typesupport_introspection_c.h
[20.872s] -- Up-to-date: /home/bizare/Desktop/cw2_team_14/install/cw2_team_14/lib/libcw2_team_14__rosidl_typesupport_introspection_c.so
[20.872s] -- Up-to-date: /home/bizare/Desktop/cw2_team_14/install/cw2_team_14/lib/libcw2_team_14__rosidl_typesupport_c.so
[20.872s] -- Up-to-date: /home/bizare/Desktop/cw2_team_14/install/cw2_team_14/include/cw2_team_14/cw2_team_14
[20.872s] -- Up-to-date: /home/bizare/Desktop/cw2_team_14/install/cw2_team_14/include/cw2_team_14/cw2_team_14/msg
[20.872s] -- Up-to-date: /home/bizare/Desktop/cw2_team_14/install/cw2_team_14/include/cw2_team_14/cw2_team_14/msg/rosidl_generator_cpp__visibility_control.hpp
[20.872s] -- Up-to-date: /home/bizare/Desktop/cw2_team_14/install/cw2_team_14/include/cw2_team_14/cw2_team_14/srv
[20.874s] -- Up-to-date: /home/bizare/Desktop/cw2_team_14/install/cw2_team_14/include/cw2_team_14/cw2_team_14/srv/example.hpp
[20.874s] -- Up-to-date: /home/bizare/Desktop/cw2_team_14/install/cw2_team_14/include/cw2_team_14/cw2_team_14/srv/detail
[20.874s] -- Up-to-date: /home/bizare/Desktop/cw2_team_14/install/cw2_team_14/include/cw2_team_14/cw2_team_14/srv/detail/example__builder.hpp
[20.874s] -- Up-to-date: /home/bizare/Desktop/cw2_team_14/install/cw2_team_14/include/cw2_team_14/cw2_team_14/srv/detail/example__type_support.hpp
[20.874s] -- Up-to-date: /home/bizare/Desktop/cw2_team_14/install/cw2_team_14/include/cw2_team_14/cw2_team_14/srv/detail/example__traits.hpp
[20.874s] -- Up-to-date: /home/bizare/Desktop/cw2_team_14/install/cw2_team_14/include/cw2_team_14/cw2_team_14/srv/detail/example__struct.hpp
[20.874s] -- Up-to-date: /home/bizare/Desktop/cw2_team_14/install/cw2_team_14/include/cw2_team_14/cw2_team_14
[20.874s] -- Up-to-date: /home/bizare/Desktop/cw2_team_14/install/cw2_team_14/include/cw2_team_14/cw2_team_14/msg
[20.874s] -- Up-to-date: /home/bizare/Desktop/cw2_team_14/install/cw2_team_14/include/cw2_team_14/cw2_team_14/msg/rosidl_typesupport_fastrtps_cpp__visibility_control.h
[20.874s] -- Up-to-date: /home/bizare/Desktop/cw2_team_14/install/cw2_team_14/include/cw2_team_14/cw2_team_14/srv
[20.876s] -- Up-to-date: /home/bizare/Desktop/cw2_team_14/install/cw2_team_14/include/cw2_team_14/cw2_team_14/srv/detail
[20.876s] -- Up-to-date: /home/bizare/Desktop/cw2_team_14/install/cw2_team_14/include/cw2_team_14/cw2_team_14/srv/detail/dds_fastrtps
[20.876s] -- Up-to-date: /home/bizare/Desktop/cw2_team_14/install/cw2_team_14/include/cw2_team_14/cw2_team_14/srv/detail/example__rosidl_typesupport_fastrtps_cpp.hpp
[20.876s] -- Up-to-date: /home/bizare/Desktop/cw2_team_14/install/cw2_team_14/lib/libcw2_team_14__rosidl_typesupport_fastrtps_cpp.so
[20.876s] -- Up-to-date: /home/bizare/Desktop/cw2_team_14/install/cw2_team_14/include/cw2_team_14/cw2_team_14
[20.878s] -- Up-to-date: /home/bizare/Desktop/cw2_team_14/install/cw2_team_14/include/cw2_team_14/cw2_team_14/srv
[20.878s] -- Up-to-date: /home/bizare/Desktop/cw2_team_14/install/cw2_team_14/include/cw2_team_14/cw2_team_14/srv/detail
[20.878s] -- Up-to-date: /home/bizare/Desktop/cw2_team_14/install/cw2_team_14/include/cw2_team_14/cw2_team_14/srv/detail/example__rosidl_typesupport_introspection_cpp.hpp
[20.878s] -- Up-to-date: /home/bizare/Desktop/cw2_team_14/install/cw2_team_14/include/cw2_team_14/cw2_team_14/srv/detail/example__type_support.cpp
[20.878s] -- Up-to-date: /home/bizare/Desktop/cw2_team_14/install/cw2_team_14/lib/libcw2_team_14__rosidl_typesupport_introspection_cpp.so
[20.878s] -- Up-to-date: /home/bizare/Desktop/cw2_team_14/install/cw2_team_14/lib/libcw2_team_14__rosidl_typesupport_cpp.so
[20.878s] -- Up-to-date: /home/bizare/Desktop/cw2_team_14/install/cw2_team_14/share/cw2_team_14/environment/pythonpath.sh
[20.878s] -- Up-to-date: /home/bizare/Desktop/cw2_team_14/install/cw2_team_14/share/cw2_team_14/environment/pythonpath.dsv
[20.879s] -- Up-to-date: /home/bizare/Desktop/cw2_team_14/install/cw2_team_14/local/lib/python3.10/dist-packages/cw2_team_14-0.1.0-py3.10.egg-info
[20.879s] -- Installing: /home/bizare/Desktop/cw2_team_14/install/cw2_team_14/local/lib/python3.10/dist-packages/cw2_team_14-0.1.0-py3.10.egg-info/SOURCES.txt
[20.879s] -- Installing: /home/bizare/Desktop/cw2_team_14/install/cw2_team_14/local/lib/python3.10/dist-packages/cw2_team_14-0.1.0-py3.10.egg-info/dependency_links.txt
[20.879s] -- Installing: /home/bizare/Desktop/cw2_team_14/install/cw2_team_14/local/lib/python3.10/dist-packages/cw2_team_14-0.1.0-py3.10.egg-info/PKG-INFO
[20.879s] -- Installing: /home/bizare/Desktop/cw2_team_14/install/cw2_team_14/local/lib/python3.10/dist-packages/cw2_team_14-0.1.0-py3.10.egg-info/top_level.txt
[20.879s] -- Up-to-date: /home/bizare/Desktop/cw2_team_14/install/cw2_team_14/local/lib/python3.10/dist-packages/cw2_team_14
[20.879s] -- Up-to-date: /home/bizare/Desktop/cw2_team_14/install/cw2_team_14/local/lib/python3.10/dist-packages/cw2_team_14/libcw2_team_14__rosidl_generator_py.so
[20.879s] -- Up-to-date: /home/bizare/Desktop/cw2_team_14/install/cw2_team_14/local/lib/python3.10/dist-packages/cw2_team_14/cw2_team_14_s__rosidl_typesupport_fastrtps_c.cpython-310-x86_64-linux-gnu.so
[20.879s] -- Up-to-date: /home/bizare/Desktop/cw2_team_14/install/cw2_team_14/local/lib/python3.10/dist-packages/cw2_team_14/__init__.py
[20.879s] -- Up-to-date: /home/bizare/Desktop/cw2_team_14/install/cw2_team_14/local/lib/python3.10/dist-packages/cw2_team_14/_cw2_team_14_s.ep.rosidl_typesupport_introspection_c.c
[20.879s] -- Up-to-date: /home/bizare/Desktop/cw2_team_14/install/cw2_team_14/local/lib/python3.10/dist-packages/cw2_team_14/_cw2_team_14_s.ep.rosidl_typesupport_c.c
[20.880s] -- Up-to-date: /home/bizare/Desktop/cw2_team_14/install/cw2_team_14/local/lib/python3.10/dist-packages/cw2_team_14/cw2_team_14_s__rosidl_typesupport_c.cpython-310-x86_64-linux-gnu.so
[20.880s] -- Up-to-date: /home/bizare/Desktop/cw2_team_14/install/cw2_team_14/local/lib/python3.10/dist-packages/cw2_team_14/cw2_team_14_s__rosidl_typesupport_introspection_c.cpython-310-x86_64-linux-gnu.so
[20.880s] -- Up-to-date: /home/bizare/Desktop/cw2_team_14/install/cw2_team_14/local/lib/python3.10/dist-packages/cw2_team_14/_cw2_team_14_s.ep.rosidl_typesupport_fastrtps_c.c
[20.880s] -- Up-to-date: /home/bizare/Desktop/cw2_team_14/install/cw2_team_14/local/lib/python3.10/dist-packages/cw2_team_14/srv
[20.880s] -- Up-to-date: /home/bizare/Desktop/cw2_team_14/install/cw2_team_14/local/lib/python3.10/dist-packages/cw2_team_14/srv/_example_s.c
[20.880s] -- Up-to-date: /home/bizare/Desktop/cw2_team_14/install/cw2_team_14/local/lib/python3.10/dist-packages/cw2_team_14/srv/_example.py
[20.880s] -- Up-to-date: /home/bizare/Desktop/cw2_team_14/install/cw2_team_14/local/lib/python3.10/dist-packages/cw2_team_14/srv/__init__.py
[20.912s] Listing '/home/bizare/Desktop/cw2_team_14/install/cw2_team_14/local/lib/python3.10/dist-packages/cw2_team_14'...
[20.912s] Listing '/home/bizare/Desktop/cw2_team_14/install/cw2_team_14/local/lib/python3.10/dist-packages/cw2_team_14/srv'...
[20.915s] -- Up-to-date: /home/bizare/Desktop/cw2_team_14/install/cw2_team_14/local/lib/python3.10/dist-packages/cw2_team_14/cw2_team_14_s__rosidl_typesupport_fastrtps_c.cpython-310-x86_64-linux-gnu.so
[20.916s] -- Up-to-date: /home/bizare/Desktop/cw2_team_14/install/cw2_team_14/local/lib/python3.10/dist-packages/cw2_team_14/cw2_team_14_s__rosidl_typesupport_introspection_c.cpython-310-x86_64-linux-gnu.so
[20.916s] -- Up-to-date: /home/bizare/Desktop/cw2_team_14/install/cw2_team_14/local/lib/python3.10/dist-packages/cw2_team_14/cw2_team_14_s__rosidl_typesupport_c.cpython-310-x86_64-linux-gnu.so
[20.917s] -- Up-to-date: /home/bizare/Desktop/cw2_team_14/install/cw2_team_14/lib/libcw2_team_14__rosidl_generator_py.so
[20.918s] -- Up-to-date: /home/bizare/Desktop/cw2_team_14/install/cw2_team_14/share/cw2_team_14/srv/Example.idl
[20.918s] -- Up-to-date: /home/bizare/Desktop/cw2_team_14/install/cw2_team_14/share/cw2_team_14/srv/Example.srv
[20.918s] -- Up-to-date: /home/bizare/Desktop/cw2_team_14/install/cw2_team_14/share/cw2_team_14/srv/Example_Request.msg
[20.918s] -- Up-to-date: /home/bizare/Desktop/cw2_team_14/install/cw2_team_14/share/cw2_team_14/srv/Example_Response.msg
[20.918s] -- Installing: /home/bizare/Desktop/cw2_team_14/install/cw2_team_14/lib/libcw2_team_14_cw2_class_lib.so
[20.929s] -- Set runtime path of "/home/bizare/Desktop/cw2_team_14/install/cw2_team_14/lib/libcw2_team_14_cw2_class_lib.so" to ""
[20.930s] -- Installing: /home/bizare/Desktop/cw2_team_14/install/cw2_team_14/lib/cw2_team_14/cw2_solution_node
[20.931s] -- Set runtime path of "/home/bizare/Desktop/cw2_team_14/install/cw2_team_14/lib/cw2_team_14/cw2_solution_node" to ""
[20.933s] -- Up-to-date: /home/bizare/Desktop/cw2_team_14/install/cw2_team_14/share/cw2_team_14/launch
[20.933s] -- Up-to-date: /home/bizare/Desktop/cw2_team_14/install/cw2_team_14/share/cw2_team_14/launch/run_solution.launch.py
[20.933s] -- Up-to-date: /home/bizare/Desktop/cw2_team_14/install/cw2_team_14/share/ament_index/resource_index/package_run_dependencies/cw2_team_14
[20.933s] -- Up-to-date: /home/bizare/Desktop/cw2_team_14/install/cw2_team_14/share/ament_index/resource_index/parent_prefix_path/cw2_team_14
[20.933s] -- Up-to-date: /home/bizare/Desktop/cw2_team_14/install/cw2_team_14/share/cw2_team_14/environment/ament_prefix_path.sh
[20.933s] -- Up-to-date: /home/bizare/Desktop/cw2_team_14/install/cw2_team_14/share/cw2_team_14/environment/ament_prefix_path.dsv
[20.933s] -- Up-to-date: /home/bizare/Desktop/cw2_team_14/install/cw2_team_14/share/cw2_team_14/environment/path.sh
[20.933s] -- Up-to-date: /home/bizare/Desktop/cw2_team_14/install/cw2_team_14/share/cw2_team_14/environment/path.dsv
[20.933s] -- Up-to-date: /home/bizare/Desktop/cw2_team_14/install/cw2_team_14/share/cw2_team_14/local_setup.bash
[20.933s] -- Up-to-date: /home/bizare/Desktop/cw2_team_14/install/cw2_team_14/share/cw2_team_14/local_setup.sh
[20.933s] -- Up-to-date: /home/bizare/Desktop/cw2_team_14/install/cw2_team_14/share/cw2_team_14/local_setup.zsh
[20.933s] -- Up-to-date: /home/bizare/Desktop/cw2_team_14/install/cw2_team_14/share/cw2_team_14/local_setup.dsv
[20.933s] -- Installing: /home/bizare/Desktop/cw2_team_14/install/cw2_team_14/share/cw2_team_14/package.dsv
[20.934s] -- Up-to-date: /home/bizare/Desktop/cw2_team_14/install/cw2_team_14/share/ament_index/resource_index/packages/cw2_team_14
[20.934s] -- Up-to-date: /home/bizare/Desktop/cw2_team_14/install/cw2_team_14/share/cw2_team_14/cmake/export_cw2_team_14__rosidl_generator_cExport.cmake
[20.934s] -- Up-to-date: /home/bizare/Desktop/cw2_team_14/install/cw2_team_14/share/cw2_team_14/cmake/export_cw2_team_14__rosidl_generator_cExport-noconfig.cmake
[20.935s] -- Up-to-date: /home/bizare/Desktop/cw2_team_14/install/cw2_team_14/share/cw2_team_14/cmake/export_cw2_team_14__rosidl_typesupport_fastrtps_cExport.cmake
[20.935s] -- Up-to-date: /home/bizare/Desktop/cw2_team_14/install/cw2_team_14/share/cw2_team_14/cmake/export_cw2_team_14__rosidl_typesupport_fastrtps_cExport-noconfig.cmake
[20.935s] -- Up-to-date: /home/bizare/Desktop/cw2_team_14/install/cw2_team_14/share/cw2_team_14/cmake/cw2_team_14__rosidl_typesupport_introspection_cExport.cmake
[20.936s] -- Up-to-date: /home/bizare/Desktop/cw2_team_14/install/cw2_team_14/share/cw2_team_14/cmake/cw2_team_14__rosidl_typesupport_introspection_cExport-noconfig.cmake
[20.936s] -- Up-to-date: /home/bizare/Desktop/cw2_team_14/install/cw2_team_14/share/cw2_team_14/cmake/cw2_team_14__rosidl_typesupport_cExport.cmake
[20.936s] -- Up-to-date: /home/bizare/Desktop/cw2_team_14/install/cw2_team_14/share/cw2_team_14/cmake/cw2_team_14__rosidl_typesupport_cExport-noconfig.cmake
[20.937s] -- Up-to-date: /home/bizare/Desktop/cw2_team_14/install/cw2_team_14/share/cw2_team_14/cmake/export_cw2_team_14__rosidl_generator_cppExport.cmake
[20.938s] -- Up-to-date: /home/bizare/Desktop/cw2_team_14/install/cw2_team_14/share/cw2_team_14/cmake/export_cw2_team_14__rosidl_typesupport_fastrtps_cppExport.cmake
[20.938s] -- Up-to-date: /home/bizare/Desktop/cw2_team_14/install/cw2_team_14/share/cw2_team_14/cmake/export_cw2_team_14__rosidl_typesupport_fastrtps_cppExport-noconfig.cmake
[20.939s] -- Up-to-date: /home/bizare/Desktop/cw2_team_14/install/cw2_team_14/share/cw2_team_14/cmake/cw2_team_14__rosidl_typesupport_introspection_cppExport.cmake
[20.939s] -- Up-to-date: /home/bizare/Desktop/cw2_team_14/install/cw2_team_14/share/cw2_team_14/cmake/cw2_team_14__rosidl_typesupport_introspection_cppExport-noconfig.cmake
[20.939s] -- Up-to-date: /home/bizare/Desktop/cw2_team_14/install/cw2_team_14/share/cw2_team_14/cmake/cw2_team_14__rosidl_typesupport_cppExport.cmake
[20.940s] -- Up-to-date: /home/bizare/Desktop/cw2_team_14/install/cw2_team_14/share/cw2_team_14/cmake/cw2_team_14__rosidl_typesupport_cppExport-noconfig.cmake
[20.940s] -- Up-to-date: /home/bizare/Desktop/cw2_team_14/install/cw2_team_14/share/cw2_team_14/cmake/export_cw2_team_14__rosidl_generator_pyExport.cmake
[20.940s] -- Up-to-date: /home/bizare/Desktop/cw2_team_14/install/cw2_team_14/share/cw2_team_14/cmake/export_cw2_team_14__rosidl_generator_pyExport-noconfig.cmake
[20.940s] -- Up-to-date: /home/bizare/Desktop/cw2_team_14/install/cw2_team_14/share/cw2_team_14/cmake/rosidl_cmake-extras.cmake
[20.940s] -- Up-to-date: /home/bizare/Desktop/cw2_team_14/install/cw2_team_14/share/cw2_team_14/cmake/ament_cmake_export_dependencies-extras.cmake
[20.940s] -- Up-to-date: /home/bizare/Desktop/cw2_team_14/install/cw2_team_14/share/cw2_team_14/cmake/ament_cmake_export_include_directories-extras.cmake
[20.940s] -- Up-to-date: /home/bizare/Desktop/cw2_team_14/install/cw2_team_14/share/cw2_team_14/cmake/ament_cmake_export_libraries-extras.cmake
[20.941s] -- Up-to-date: /home/bizare/Desktop/cw2_team_14/install/cw2_team_14/share/cw2_team_14/cmake/ament_cmake_export_targets-extras.cmake
[20.941s] -- Up-to-date: /home/bizare/Desktop/cw2_team_14/install/cw2_team_14/share/cw2_team_14/cmake/rosidl_cmake_export_typesupport_targets-extras.cmake
[20.941s] -- Up-to-date: /home/bizare/Desktop/cw2_team_14/install/cw2_team_14/share/cw2_team_14/cmake/rosidl_cmake_export_typesupport_libraries-extras.cmake
[20.942s] -- Up-to-date: /home/bizare/Desktop/cw2_team_14/install/cw2_team_14/share/cw2_team_14/cmake/cw2_team_14Config.cmake
[20.942s] -- Up-to-date: /home/bizare/Desktop/cw2_team_14/install/cw2_team_14/share/cw2_team_14/cmake/cw2_team_14Config-version.cmake
[20.942s] -- Up-to-date: /home/bizare/Desktop/cw2_team_14/install/cw2_team_14/share/cw2_team_14/package.xml
[20.945s] Invoked command in '/home/bizare/Desktop/cw2_team_14/build/cw2_team_14' returned '0': CMAKE_PREFIX_PATH=/home/bizare/Desktop/cw2_team_14/install/cw2_world_spawner:/home/bizare/Desktop/cw2_team_14/install/rpl_panda_with_rs:/home/bizare/Desktop/cw2_team_14/install/realsense_gazebo_plugin:/home/bizare/Desktop/cw2_team_14/install/panda_moveit_config:/home/bizare/Desktop/cw2_team_14/install/panda_description:/home/bizare/Desktop/cw2_team_14/install/cw2_team_14:/home/bizare/Desktop/cw2_team_14/install/cw1_world_spawner:/opt/ros/humble LD_LIBRARY_PATH=/home/bizare/Desktop/cw2_team_14/install/cw2_world_spawner/lib:/home/bizare/Desktop/cw2_team_14/install/realsense_gazebo_plugin/lib:/home/bizare/Desktop/cw2_team_14/install/cw2_team_14/lib:/home/bizare/Desktop/cw2_team_14/install/cw1_world_spawner/lib:/usr/lib/x86_64-linux-gnu/gazebo-11/plugins:/opt/ros/humble/opt/rviz_ogre_vendor/lib:/opt/ros/humble/lib/x86_64-linux-gnu:/opt/ros/humble/lib /usr/bin/cmake --install /home/bizare/Desktop/cw2_team_14/build/cw2_team_14
