[0.011s] Invoking command in '/home/ethan/COMP0250/cw2_team_14/build/cw2_team_14': CMAKE_PREFIX_PATH=/home/ethan/COMP0250/cw2_team_14/install/cw2_world_spawner:/home/ethan/COMP0250/cw2_team_14/install/rpl_panda_with_rs:/home/ethan/COMP0250/cw2_team_14/install/realsense_gazebo_plugin:/home/ethan/COMP0250/cw2_team_14/install/panda_moveit_config:/home/ethan/COMP0250/cw2_team_14/install/panda_description:/home/ethan/COMP0250/cw2_team_14/install/cw2_team_14:/opt/ros/humble LD_LIBRARY_PATH=/home/ethan/COMP0250/cw2_team_14/install/cw2_world_spawner/lib:/home/ethan/COMP0250/cw2_team_14/install/realsense_gazebo_plugin/lib:/home/ethan/COMP0250/cw2_team_14/install/cw2_team_14/lib:/home/ethan/camera/XIMEA_Linux_SP/package/CamTool.64:/home/ethan/camera/XIMEA_Linux_SP/package/libs:/home/ethan/camera/XIMEA_Linux_SP/package/CamTool.64:/home/ethan/camera/XIMEA_Linux_SP/package/libs:/usr/lib/x86_64-linux-gnu/gazebo-11/plugins:/opt/ros/humble/opt/rviz_ogre_vendor/lib:/opt/ros/humble/lib/x86_64-linux-gnu:/opt/ros/humble/lib /usr/bin/cmake --build /home/ethan/COMP0250/cw2_team_14/build/cw2_team_14 -- -j32 -l32
[0.065s] [  2%] Built target cw2_team_14__rs
[0.065s] [  5%] Built target cw2_team_14__cpp
[0.067s] [ 13%] Built target cw2_team_14__rosidl_generator_c
[0.075s] [ 13%] Built target ament_cmake_python_copy_cw2_team_14
[0.087s] [ 22%] Built target cw2_team_14__rosidl_typesupport_introspection_c
[0.087s] [ 30%] Built target cw2_team_14__rosidl_typesupport_introspection_cpp
[0.087s] [ 38%] Built target cw2_team_14__rosidl_typesupport_fastrtps_cpp
[0.088s] [ 47%] Built target cw2_team_14__rosidl_typesupport_cpp
[0.088s] [ 55%] Built target cw2_team_14__rosidl_typesupport_fastrtps_c
[0.089s] [ 63%] Built target cw2_team_14__rosidl_typesupport_c
[0.103s] [35m[1mConsolidate compiler generated dependencies of target cw2_team_14_cw2_class_lib[0m
[0.108s] [ 63%] Built target cw2_team_14
[0.126s] [ 66%] Built target cw2_team_14__py
[0.131s] [ 72%] Built target cw2_team_14_cw2_class_lib
[0.146s] [ 77%] Built target cw2_team_14__rosidl_generator_py
[0.165s] [ 83%] Built target cw2_solution_node
[0.166s] [ 88%] Built target cw2_team_14__rosidl_typesupport_fastrtps_c__pyext
[0.167s] [ 94%] Built target cw2_team_14__rosidl_typesupport_introspection_c__pyext
[0.167s] [100%] Built target cw2_team_14__rosidl_typesupport_c__pyext
[0.234s] running egg_info
[0.234s] writing cw2_team_14.egg-info/PKG-INFO
[0.235s] writing dependency_links to cw2_team_14.egg-info/dependency_links.txt
[0.235s] writing top-level names to cw2_team_14.egg-info/top_level.txt
[0.236s] reading manifest file 'cw2_team_14.egg-info/SOURCES.txt'
[0.237s] writing manifest file 'cw2_team_14.egg-info/SOURCES.txt'
[0.256s] [100%] Built target ament_cmake_python_build_cw2_team_14_egg
[0.268s] Invoked command in '/home/ethan/COMP0250/cw2_team_14/build/cw2_team_14' returned '0': CMAKE_PREFIX_PATH=/home/ethan/COMP0250/cw2_team_14/install/cw2_world_spawner:/home/ethan/COMP0250/cw2_team_14/install/rpl_panda_with_rs:/home/ethan/COMP0250/cw2_team_14/install/realsense_gazebo_plugin:/home/ethan/COMP0250/cw2_team_14/install/panda_moveit_config:/home/ethan/COMP0250/cw2_team_14/install/panda_description:/home/ethan/COMP0250/cw2_team_14/install/cw2_team_14:/opt/ros/humble LD_LIBRARY_PATH=/home/ethan/COMP0250/cw2_team_14/install/cw2_world_spawner/lib:/home/ethan/COMP0250/cw2_team_14/install/realsense_gazebo_plugin/lib:/home/ethan/COMP0250/cw2_team_14/install/cw2_team_14/lib:/home/ethan/camera/XIMEA_Linux_SP/package/CamTool.64:/home/ethan/camera/XIMEA_Linux_SP/package/libs:/home/ethan/camera/XIMEA_Linux_SP/package/CamTool.64:/home/ethan/camera/XIMEA_Linux_SP/package/libs:/usr/lib/x86_64-linux-gnu/gazebo-11/plugins:/opt/ros/humble/opt/rviz_ogre_vendor/lib:/opt/ros/humble/lib/x86_64-linux-gnu:/opt/ros/humble/lib /usr/bin/cmake --build /home/ethan/COMP0250/cw2_team_14/build/cw2_team_14 -- -j32 -l32
[0.277s] Invoking command in '/home/ethan/COMP0250/cw2_team_14/build/cw2_team_14': CMAKE_PREFIX_PATH=/home/ethan/COMP0250/cw2_team_14/install/cw2_world_spawner:/home/ethan/COMP0250/cw2_team_14/install/rpl_panda_with_rs:/home/ethan/COMP0250/cw2_team_14/install/realsense_gazebo_plugin:/home/ethan/COMP0250/cw2_team_14/install/panda_moveit_config:/home/ethan/COMP0250/cw2_team_14/install/panda_description:/home/ethan/COMP0250/cw2_team_14/install/cw2_team_14:/opt/ros/humble LD_LIBRARY_PATH=/home/ethan/COMP0250/cw2_team_14/install/cw2_world_spawner/lib:/home/ethan/COMP0250/cw2_team_14/install/realsense_gazebo_plugin/lib:/home/ethan/COMP0250/cw2_team_14/install/cw2_team_14/lib:/home/ethan/camera/XIMEA_Linux_SP/package/CamTool.64:/home/ethan/camera/XIMEA_Linux_SP/package/libs:/home/ethan/camera/XIMEA_Linux_SP/package/CamTool.64:/home/ethan/camera/XIMEA_Linux_SP/package/libs:/usr/lib/x86_64-linux-gnu/gazebo-11/plugins:/opt/ros/humble/opt/rviz_ogre_vendor/lib:/opt/ros/humble/lib/x86_64-linux-gnu:/opt/ros/humble/lib /usr/bin/cmake --install /home/ethan/COMP0250/cw2_team_14/build/cw2_team_14
[0.284s] -- Install configuration: ""
[0.284s] -- Up-to-date: /home/ethan/COMP0250/cw2_team_14/install/cw2_team_14/share/ament_index/resource_index/rosidl_interfaces/cw2_team_14
[0.284s] -- Up-to-date: /home/ethan/COMP0250/cw2_team_14/install/cw2_team_14/include/cw2_team_14/cw2_team_14
[0.284s] -- Up-to-date: /home/ethan/COMP0250/cw2_team_14/install/cw2_team_14/include/cw2_team_14/cw2_team_14/msg
[0.284s] -- Up-to-date: /home/ethan/COMP0250/cw2_team_14/install/cw2_team_14/include/cw2_team_14/cw2_team_14/msg/rosidl_generator_c__visibility_control.h
[0.284s] -- Up-to-date: /home/ethan/COMP0250/cw2_team_14/install/cw2_team_14/include/cw2_team_14/cw2_team_14/srv
[0.284s] -- Up-to-date: /home/ethan/COMP0250/cw2_team_14/install/cw2_team_14/include/cw2_team_14/cw2_team_14/srv/example.h
[0.284s] -- Up-to-date: /home/ethan/COMP0250/cw2_team_14/install/cw2_team_14/include/cw2_team_14/cw2_team_14/srv/detail
[0.285s] -- Up-to-date: /home/ethan/COMP0250/cw2_team_14/install/cw2_team_14/include/cw2_team_14/cw2_team_14/srv/detail/example__functions.c
[0.285s] -- Up-to-date: /home/ethan/COMP0250/cw2_team_14/install/cw2_team_14/include/cw2_team_14/cw2_team_14/srv/detail/example__struct.h
[0.285s] -- Up-to-date: /home/ethan/COMP0250/cw2_team_14/install/cw2_team_14/include/cw2_team_14/cw2_team_14/srv/detail/example__functions.h
[0.285s] -- Up-to-date: /home/ethan/COMP0250/cw2_team_14/install/cw2_team_14/include/cw2_team_14/cw2_team_14/srv/detail/example__type_support.h
[0.285s] -- Up-to-date: /home/ethan/COMP0250/cw2_team_14/install/cw2_team_14/share/cw2_team_14/environment/library_path.sh
[0.285s] -- Up-to-date: /home/ethan/COMP0250/cw2_team_14/install/cw2_team_14/share/cw2_team_14/environment/library_path.dsv
[0.285s] -- Up-to-date: /home/ethan/COMP0250/cw2_team_14/install/cw2_team_14/lib/libcw2_team_14__rosidl_generator_c.so
[0.285s] -- Up-to-date: /home/ethan/COMP0250/cw2_team_14/install/cw2_team_14/include/cw2_team_14/cw2_team_14
[0.285s] -- Up-to-date: /home/ethan/COMP0250/cw2_team_14/install/cw2_team_14/include/cw2_team_14/cw2_team_14/msg
[0.285s] -- Up-to-date: /home/ethan/COMP0250/cw2_team_14/install/cw2_team_14/include/cw2_team_14/cw2_team_14/msg/rosidl_typesupport_fastrtps_c__visibility_control.h
[0.285s] -- Up-to-date: /home/ethan/COMP0250/cw2_team_14/install/cw2_team_14/include/cw2_team_14/cw2_team_14/srv
[0.285s] -- Up-to-date: /home/ethan/COMP0250/cw2_team_14/install/cw2_team_14/include/cw2_team_14/cw2_team_14/srv/detail
[0.285s] -- Up-to-date: /home/ethan/COMP0250/cw2_team_14/install/cw2_team_14/include/cw2_team_14/cw2_team_14/srv/detail/example__rosidl_typesupport_fastrtps_c.h
[0.285s] -- Up-to-date: /home/ethan/COMP0250/cw2_team_14/install/cw2_team_14/lib/libcw2_team_14__rosidl_typesupport_fastrtps_c.so
[0.285s] -- Up-to-date: /home/ethan/COMP0250/cw2_team_14/install/cw2_team_14/include/cw2_team_14/cw2_team_14
[0.285s] -- Up-to-date: /home/ethan/COMP0250/cw2_team_14/install/cw2_team_14/include/cw2_team_14/cw2_team_14/msg
[0.285s] -- Up-to-date: /home/ethan/COMP0250/cw2_team_14/install/cw2_team_14/include/cw2_team_14/cw2_team_14/msg/rosidl_typesupport_introspection_c__visibility_control.h
[0.285s] -- Up-to-date: /home/ethan/COMP0250/cw2_team_14/install/cw2_team_14/include/cw2_team_14/cw2_team_14/srv
[0.285s] -- Up-to-date: /home/ethan/COMP0250/cw2_team_14/install/cw2_team_14/include/cw2_team_14/cw2_team_14/srv/detail
[0.285s] -- Up-to-date: /home/ethan/COMP0250/cw2_team_14/install/cw2_team_14/include/cw2_team_14/cw2_team_14/srv/detail/example__rosidl_typesupport_introspection_c.h
[0.285s] -- Up-to-date: /home/ethan/COMP0250/cw2_team_14/install/cw2_team_14/include/cw2_team_14/cw2_team_14/srv/detail/example__type_support.c
[0.286s] -- Up-to-date: /home/ethan/COMP0250/cw2_team_14/install/cw2_team_14/lib/libcw2_team_14__rosidl_typesupport_introspection_c.so
[0.286s] -- Up-to-date: /home/ethan/COMP0250/cw2_team_14/install/cw2_team_14/lib/libcw2_team_14__rosidl_typesupport_c.so
[0.286s] -- Up-to-date: /home/ethan/COMP0250/cw2_team_14/install/cw2_team_14/include/cw2_team_14/cw2_team_14
[0.286s] -- Up-to-date: /home/ethan/COMP0250/cw2_team_14/install/cw2_team_14/include/cw2_team_14/cw2_team_14/msg
[0.286s] -- Up-to-date: /home/ethan/COMP0250/cw2_team_14/install/cw2_team_14/include/cw2_team_14/cw2_team_14/msg/rosidl_generator_cpp__visibility_control.hpp
[0.286s] -- Up-to-date: /home/ethan/COMP0250/cw2_team_14/install/cw2_team_14/include/cw2_team_14/cw2_team_14/srv
[0.286s] -- Up-to-date: /home/ethan/COMP0250/cw2_team_14/install/cw2_team_14/include/cw2_team_14/cw2_team_14/srv/example.hpp
[0.286s] -- Up-to-date: /home/ethan/COMP0250/cw2_team_14/install/cw2_team_14/include/cw2_team_14/cw2_team_14/srv/detail
[0.286s] -- Up-to-date: /home/ethan/COMP0250/cw2_team_14/install/cw2_team_14/include/cw2_team_14/cw2_team_14/srv/detail/example__traits.hpp
[0.286s] -- Up-to-date: /home/ethan/COMP0250/cw2_team_14/install/cw2_team_14/include/cw2_team_14/cw2_team_14/srv/detail/example__struct.hpp
[0.286s] -- Up-to-date: /home/ethan/COMP0250/cw2_team_14/install/cw2_team_14/include/cw2_team_14/cw2_team_14/srv/detail/example__type_support.hpp
[0.286s] -- Up-to-date: /home/ethan/COMP0250/cw2_team_14/install/cw2_team_14/include/cw2_team_14/cw2_team_14/srv/detail/example__builder.hpp
[0.286s] -- Up-to-date: /home/ethan/COMP0250/cw2_team_14/install/cw2_team_14/include/cw2_team_14/cw2_team_14
[0.286s] -- Up-to-date: /home/ethan/COMP0250/cw2_team_14/install/cw2_team_14/include/cw2_team_14/cw2_team_14/msg
[0.286s] -- Up-to-date: /home/ethan/COMP0250/cw2_team_14/install/cw2_team_14/include/cw2_team_14/cw2_team_14/msg/rosidl_typesupport_fastrtps_cpp__visibility_control.h
[0.286s] -- Up-to-date: /home/ethan/COMP0250/cw2_team_14/install/cw2_team_14/include/cw2_team_14/cw2_team_14/srv
[0.286s] -- Up-to-date: /home/ethan/COMP0250/cw2_team_14/install/cw2_team_14/include/cw2_team_14/cw2_team_14/srv/detail
[0.287s] -- Up-to-date: /home/ethan/COMP0250/cw2_team_14/install/cw2_team_14/include/cw2_team_14/cw2_team_14/srv/detail/example__rosidl_typesupport_fastrtps_cpp.hpp
[0.287s] -- Up-to-date: /home/ethan/COMP0250/cw2_team_14/install/cw2_team_14/include/cw2_team_14/cw2_team_14/srv/detail/dds_fastrtps
[0.287s] -- Up-to-date: /home/ethan/COMP0250/cw2_team_14/install/cw2_team_14/lib/libcw2_team_14__rosidl_typesupport_fastrtps_cpp.so
[0.287s] -- Up-to-date: /home/ethan/COMP0250/cw2_team_14/install/cw2_team_14/include/cw2_team_14/cw2_team_14
[0.287s] -- Up-to-date: /home/ethan/COMP0250/cw2_team_14/install/cw2_team_14/include/cw2_team_14/cw2_team_14/srv
[0.287s] -- Up-to-date: /home/ethan/COMP0250/cw2_team_14/install/cw2_team_14/include/cw2_team_14/cw2_team_14/srv/detail
[0.287s] -- Up-to-date: /home/ethan/COMP0250/cw2_team_14/install/cw2_team_14/include/cw2_team_14/cw2_team_14/srv/detail/example__type_support.cpp
[0.287s] -- Up-to-date: /home/ethan/COMP0250/cw2_team_14/install/cw2_team_14/include/cw2_team_14/cw2_team_14/srv/detail/example__rosidl_typesupport_introspection_cpp.hpp
[0.287s] -- Up-to-date: /home/ethan/COMP0250/cw2_team_14/install/cw2_team_14/lib/libcw2_team_14__rosidl_typesupport_introspection_cpp.so
[0.287s] -- Up-to-date: /home/ethan/COMP0250/cw2_team_14/install/cw2_team_14/lib/libcw2_team_14__rosidl_typesupport_cpp.so
[0.287s] -- Up-to-date: /home/ethan/COMP0250/cw2_team_14/install/cw2_team_14/share/cw2_team_14/environment/pythonpath.sh
[0.287s] -- Up-to-date: /home/ethan/COMP0250/cw2_team_14/install/cw2_team_14/share/cw2_team_14/environment/pythonpath.dsv
[0.287s] -- Up-to-date: /home/ethan/COMP0250/cw2_team_14/install/cw2_team_14/local/lib/python3.10/dist-packages/cw2_team_14-0.1.0-py3.10.egg-info
[0.287s] -- Installing: /home/ethan/COMP0250/cw2_team_14/install/cw2_team_14/local/lib/python3.10/dist-packages/cw2_team_14-0.1.0-py3.10.egg-info/PKG-INFO
[0.287s] -- Installing: /home/ethan/COMP0250/cw2_team_14/install/cw2_team_14/local/lib/python3.10/dist-packages/cw2_team_14-0.1.0-py3.10.egg-info/dependency_links.txt
[0.288s] -- Installing: /home/ethan/COMP0250/cw2_team_14/install/cw2_team_14/local/lib/python3.10/dist-packages/cw2_team_14-0.1.0-py3.10.egg-info/top_level.txt
[0.288s] -- Installing: /home/ethan/COMP0250/cw2_team_14/install/cw2_team_14/local/lib/python3.10/dist-packages/cw2_team_14-0.1.0-py3.10.egg-info/SOURCES.txt
[0.288s] -- Up-to-date: /home/ethan/COMP0250/cw2_team_14/install/cw2_team_14/local/lib/python3.10/dist-packages/cw2_team_14
[0.288s] -- Up-to-date: /home/ethan/COMP0250/cw2_team_14/install/cw2_team_14/local/lib/python3.10/dist-packages/cw2_team_14/_cw2_team_14_s.ep.rosidl_typesupport_c.c
[0.288s] -- Up-to-date: /home/ethan/COMP0250/cw2_team_14/install/cw2_team_14/local/lib/python3.10/dist-packages/cw2_team_14/__init__.py
[0.288s] -- Up-to-date: /home/ethan/COMP0250/cw2_team_14/install/cw2_team_14/local/lib/python3.10/dist-packages/cw2_team_14/cw2_team_14_s__rosidl_typesupport_introspection_c.cpython-310-x86_64-linux-gnu.so
[0.288s] -- Up-to-date: /home/ethan/COMP0250/cw2_team_14/install/cw2_team_14/local/lib/python3.10/dist-packages/cw2_team_14/libcw2_team_14__rosidl_generator_py.so
[0.288s] -- Up-to-date: /home/ethan/COMP0250/cw2_team_14/install/cw2_team_14/local/lib/python3.10/dist-packages/cw2_team_14/cw2_team_14_s__rosidl_typesupport_fastrtps_c.cpython-310-x86_64-linux-gnu.so
[0.288s] -- Up-to-date: /home/ethan/COMP0250/cw2_team_14/install/cw2_team_14/local/lib/python3.10/dist-packages/cw2_team_14/srv
[0.288s] -- Up-to-date: /home/ethan/COMP0250/cw2_team_14/install/cw2_team_14/local/lib/python3.10/dist-packages/cw2_team_14/srv/__init__.py
[0.288s] -- Up-to-date: /home/ethan/COMP0250/cw2_team_14/install/cw2_team_14/local/lib/python3.10/dist-packages/cw2_team_14/srv/_example_s.c
[0.288s] -- Up-to-date: /home/ethan/COMP0250/cw2_team_14/install/cw2_team_14/local/lib/python3.10/dist-packages/cw2_team_14/srv/_example.py
[0.288s] -- Up-to-date: /home/ethan/COMP0250/cw2_team_14/install/cw2_team_14/local/lib/python3.10/dist-packages/cw2_team_14/cw2_team_14_s__rosidl_typesupport_c.cpython-310-x86_64-linux-gnu.so
[0.288s] -- Up-to-date: /home/ethan/COMP0250/cw2_team_14/install/cw2_team_14/local/lib/python3.10/dist-packages/cw2_team_14/_cw2_team_14_s.ep.rosidl_typesupport_introspection_c.c
[0.288s] -- Up-to-date: /home/ethan/COMP0250/cw2_team_14/install/cw2_team_14/local/lib/python3.10/dist-packages/cw2_team_14/_cw2_team_14_s.ep.rosidl_typesupport_fastrtps_c.c
[0.312s] Listing '/home/ethan/COMP0250/cw2_team_14/install/cw2_team_14/local/lib/python3.10/dist-packages/cw2_team_14'...
[0.312s] Listing '/home/ethan/COMP0250/cw2_team_14/install/cw2_team_14/local/lib/python3.10/dist-packages/cw2_team_14/srv'...
[0.315s] -- Up-to-date: /home/ethan/COMP0250/cw2_team_14/install/cw2_team_14/local/lib/python3.10/dist-packages/cw2_team_14/cw2_team_14_s__rosidl_typesupport_fastrtps_c.cpython-310-x86_64-linux-gnu.so
[0.315s] -- Up-to-date: /home/ethan/COMP0250/cw2_team_14/install/cw2_team_14/local/lib/python3.10/dist-packages/cw2_team_14/cw2_team_14_s__rosidl_typesupport_introspection_c.cpython-310-x86_64-linux-gnu.so
[0.315s] -- Up-to-date: /home/ethan/COMP0250/cw2_team_14/install/cw2_team_14/local/lib/python3.10/dist-packages/cw2_team_14/cw2_team_14_s__rosidl_typesupport_c.cpython-310-x86_64-linux-gnu.so
[0.315s] -- Up-to-date: /home/ethan/COMP0250/cw2_team_14/install/cw2_team_14/lib/libcw2_team_14__rosidl_generator_py.so
[0.316s] -- Up-to-date: /home/ethan/COMP0250/cw2_team_14/install/cw2_team_14/share/ament_index/resource_index/rust_packages/cw2_team_14
[0.316s] -- Up-to-date: /home/ethan/COMP0250/cw2_team_14/install/cw2_team_14/share/cw2_team_14/rust
[0.316s] -- Up-to-date: /home/ethan/COMP0250/cw2_team_14/install/cw2_team_14/share/cw2_team_14/rust/Cargo.toml
[0.316s] -- Up-to-date: /home/ethan/COMP0250/cw2_team_14/install/cw2_team_14/share/cw2_team_14/rust/src
[0.316s] -- Up-to-date: /home/ethan/COMP0250/cw2_team_14/install/cw2_team_14/share/cw2_team_14/rust/src/srv.rs
[0.316s] -- Up-to-date: /home/ethan/COMP0250/cw2_team_14/install/cw2_team_14/share/cw2_team_14/rust/src/lib.rs
[0.316s] -- Up-to-date: /home/ethan/COMP0250/cw2_team_14/install/cw2_team_14/share/cw2_team_14/rust/src/srv
[0.316s] -- Up-to-date: /home/ethan/COMP0250/cw2_team_14/install/cw2_team_14/share/cw2_team_14/rust/src/srv/rmw.rs
[0.316s] -- Up-to-date: /home/ethan/COMP0250/cw2_team_14/install/cw2_team_14/share/cw2_team_14/rust/build.rs
[0.316s] -- Up-to-date: /home/ethan/COMP0250/cw2_team_14/install/cw2_team_14/share/cw2_team_14/srv/Example.idl
[0.316s] -- Up-to-date: /home/ethan/COMP0250/cw2_team_14/install/cw2_team_14/share/cw2_team_14/srv/Example.srv
[0.316s] -- Up-to-date: /home/ethan/COMP0250/cw2_team_14/install/cw2_team_14/share/cw2_team_14/srv/Example_Request.msg
[0.316s] -- Up-to-date: /home/ethan/COMP0250/cw2_team_14/install/cw2_team_14/share/cw2_team_14/srv/Example_Response.msg
[0.316s] -- Up-to-date: /home/ethan/COMP0250/cw2_team_14/install/cw2_team_14/lib/libcw2_team_14_cw2_class_lib.so
[0.316s] -- Up-to-date: /home/ethan/COMP0250/cw2_team_14/install/cw2_team_14/lib/cw2_team_14/cw2_solution_node
[0.317s] -- Up-to-date: /home/ethan/COMP0250/cw2_team_14/install/cw2_team_14/share/cw2_team_14/launch
[0.317s] -- Up-to-date: /home/ethan/COMP0250/cw2_team_14/install/cw2_team_14/share/cw2_team_14/launch/run_solution.launch.py
[0.317s] -- Up-to-date: /home/ethan/COMP0250/cw2_team_14/install/cw2_team_14/share/ament_index/resource_index/package_run_dependencies/cw2_team_14
[0.317s] -- Up-to-date: /home/ethan/COMP0250/cw2_team_14/install/cw2_team_14/share/ament_index/resource_index/parent_prefix_path/cw2_team_14
[0.317s] -- Up-to-date: /home/ethan/COMP0250/cw2_team_14/install/cw2_team_14/share/cw2_team_14/environment/ament_prefix_path.sh
[0.317s] -- Up-to-date: /home/ethan/COMP0250/cw2_team_14/install/cw2_team_14/share/cw2_team_14/environment/ament_prefix_path.dsv
[0.317s] -- Up-to-date: /home/ethan/COMP0250/cw2_team_14/install/cw2_team_14/share/cw2_team_14/environment/path.sh
[0.317s] -- Up-to-date: /home/ethan/COMP0250/cw2_team_14/install/cw2_team_14/share/cw2_team_14/environment/path.dsv
[0.317s] -- Up-to-date: /home/ethan/COMP0250/cw2_team_14/install/cw2_team_14/share/cw2_team_14/local_setup.bash
[0.317s] -- Up-to-date: /home/ethan/COMP0250/cw2_team_14/install/cw2_team_14/share/cw2_team_14/local_setup.sh
[0.317s] -- Up-to-date: /home/ethan/COMP0250/cw2_team_14/install/cw2_team_14/share/cw2_team_14/local_setup.zsh
[0.317s] -- Up-to-date: /home/ethan/COMP0250/cw2_team_14/install/cw2_team_14/share/cw2_team_14/local_setup.dsv
[0.317s] -- Installing: /home/ethan/COMP0250/cw2_team_14/install/cw2_team_14/share/cw2_team_14/package.dsv
[0.317s] -- Up-to-date: /home/ethan/COMP0250/cw2_team_14/install/cw2_team_14/share/ament_index/resource_index/packages/cw2_team_14
[0.317s] -- Up-to-date: /home/ethan/COMP0250/cw2_team_14/install/cw2_team_14/share/cw2_team_14/cmake/export_cw2_team_14__rosidl_generator_cExport.cmake
[0.317s] -- Up-to-date: /home/ethan/COMP0250/cw2_team_14/install/cw2_team_14/share/cw2_team_14/cmake/export_cw2_team_14__rosidl_generator_cExport-noconfig.cmake
[0.317s] -- Up-to-date: /home/ethan/COMP0250/cw2_team_14/install/cw2_team_14/share/cw2_team_14/cmake/export_cw2_team_14__rosidl_typesupport_fastrtps_cExport.cmake
[0.318s] -- Up-to-date: /home/ethan/COMP0250/cw2_team_14/install/cw2_team_14/share/cw2_team_14/cmake/export_cw2_team_14__rosidl_typesupport_fastrtps_cExport-noconfig.cmake
[0.318s] -- Up-to-date: /home/ethan/COMP0250/cw2_team_14/install/cw2_team_14/share/cw2_team_14/cmake/cw2_team_14__rosidl_typesupport_introspection_cExport.cmake
[0.318s] -- Up-to-date: /home/ethan/COMP0250/cw2_team_14/install/cw2_team_14/share/cw2_team_14/cmake/cw2_team_14__rosidl_typesupport_introspection_cExport-noconfig.cmake
[0.318s] -- Up-to-date: /home/ethan/COMP0250/cw2_team_14/install/cw2_team_14/share/cw2_team_14/cmake/cw2_team_14__rosidl_typesupport_cExport.cmake
[0.318s] -- Up-to-date: /home/ethan/COMP0250/cw2_team_14/install/cw2_team_14/share/cw2_team_14/cmake/cw2_team_14__rosidl_typesupport_cExport-noconfig.cmake
[0.318s] -- Up-to-date: /home/ethan/COMP0250/cw2_team_14/install/cw2_team_14/share/cw2_team_14/cmake/export_cw2_team_14__rosidl_generator_cppExport.cmake
[0.318s] -- Up-to-date: /home/ethan/COMP0250/cw2_team_14/install/cw2_team_14/share/cw2_team_14/cmake/export_cw2_team_14__rosidl_typesupport_fastrtps_cppExport.cmake
[0.318s] -- Up-to-date: /home/ethan/COMP0250/cw2_team_14/install/cw2_team_14/share/cw2_team_14/cmake/export_cw2_team_14__rosidl_typesupport_fastrtps_cppExport-noconfig.cmake
[0.318s] -- Up-to-date: /home/ethan/COMP0250/cw2_team_14/install/cw2_team_14/share/cw2_team_14/cmake/cw2_team_14__rosidl_typesupport_introspection_cppExport.cmake
[0.318s] -- Up-to-date: /home/ethan/COMP0250/cw2_team_14/install/cw2_team_14/share/cw2_team_14/cmake/cw2_team_14__rosidl_typesupport_introspection_cppExport-noconfig.cmake
[0.318s] -- Up-to-date: /home/ethan/COMP0250/cw2_team_14/install/cw2_team_14/share/cw2_team_14/cmake/cw2_team_14__rosidl_typesupport_cppExport.cmake
[0.318s] -- Up-to-date: /home/ethan/COMP0250/cw2_team_14/install/cw2_team_14/share/cw2_team_14/cmake/cw2_team_14__rosidl_typesupport_cppExport-noconfig.cmake
[0.318s] -- Up-to-date: /home/ethan/COMP0250/cw2_team_14/install/cw2_team_14/share/cw2_team_14/cmake/export_cw2_team_14__rosidl_generator_pyExport.cmake
[0.318s] -- Up-to-date: /home/ethan/COMP0250/cw2_team_14/install/cw2_team_14/share/cw2_team_14/cmake/export_cw2_team_14__rosidl_generator_pyExport-noconfig.cmake
[0.318s] -- Up-to-date: /home/ethan/COMP0250/cw2_team_14/install/cw2_team_14/share/cw2_team_14/cmake/rosidl_cmake-extras.cmake
[0.318s] -- Up-to-date: /home/ethan/COMP0250/cw2_team_14/install/cw2_team_14/share/cw2_team_14/cmake/ament_cmake_export_dependencies-extras.cmake
[0.319s] -- Up-to-date: /home/ethan/COMP0250/cw2_team_14/install/cw2_team_14/share/cw2_team_14/cmake/ament_cmake_export_include_directories-extras.cmake
[0.319s] -- Up-to-date: /home/ethan/COMP0250/cw2_team_14/install/cw2_team_14/share/cw2_team_14/cmake/ament_cmake_export_libraries-extras.cmake
[0.319s] -- Up-to-date: /home/ethan/COMP0250/cw2_team_14/install/cw2_team_14/share/cw2_team_14/cmake/ament_cmake_export_targets-extras.cmake
[0.319s] -- Up-to-date: /home/ethan/COMP0250/cw2_team_14/install/cw2_team_14/share/cw2_team_14/cmake/rosidl_cmake_export_typesupport_targets-extras.cmake
[0.319s] -- Up-to-date: /home/ethan/COMP0250/cw2_team_14/install/cw2_team_14/share/cw2_team_14/cmake/rosidl_cmake_export_typesupport_libraries-extras.cmake
[0.319s] -- Up-to-date: /home/ethan/COMP0250/cw2_team_14/install/cw2_team_14/share/cw2_team_14/cmake/cw2_team_14Config.cmake
[0.319s] -- Up-to-date: /home/ethan/COMP0250/cw2_team_14/install/cw2_team_14/share/cw2_team_14/cmake/cw2_team_14Config-version.cmake
[0.319s] -- Up-to-date: /home/ethan/COMP0250/cw2_team_14/install/cw2_team_14/share/cw2_team_14/package.xml
[0.321s] Invoked command in '/home/ethan/COMP0250/cw2_team_14/build/cw2_team_14' returned '0': CMAKE_PREFIX_PATH=/home/ethan/COMP0250/cw2_team_14/install/cw2_world_spawner:/home/ethan/COMP0250/cw2_team_14/install/rpl_panda_with_rs:/home/ethan/COMP0250/cw2_team_14/install/realsense_gazebo_plugin:/home/ethan/COMP0250/cw2_team_14/install/panda_moveit_config:/home/ethan/COMP0250/cw2_team_14/install/panda_description:/home/ethan/COMP0250/cw2_team_14/install/cw2_team_14:/opt/ros/humble LD_LIBRARY_PATH=/home/ethan/COMP0250/cw2_team_14/install/cw2_world_spawner/lib:/home/ethan/COMP0250/cw2_team_14/install/realsense_gazebo_plugin/lib:/home/ethan/COMP0250/cw2_team_14/install/cw2_team_14/lib:/home/ethan/camera/XIMEA_Linux_SP/package/CamTool.64:/home/ethan/camera/XIMEA_Linux_SP/package/libs:/home/ethan/camera/XIMEA_Linux_SP/package/CamTool.64:/home/ethan/camera/XIMEA_Linux_SP/package/libs:/usr/lib/x86_64-linux-gnu/gazebo-11/plugins:/opt/ros/humble/opt/rviz_ogre_vendor/lib:/opt/ros/humble/lib/x86_64-linux-gnu:/opt/ros/humble/lib /usr/bin/cmake --install /home/ethan/COMP0250/cw2_team_14/build/cw2_team_14
