[0.033s] Invoking command in '/home/czg22/comp0250_s26_labs/build/realsense_gazebo_plugin': CMAKE_PREFIX_PATH=${CMAKE_PREFIX_PATH}:/home/czg22/ws_moveit2/install/moveit_configs_utils:/home/czg22/ws_moveit2/install/launch_param_builder:/opt/ros/humble /usr/bin/cmake /home/czg22/comp0250_s26_labs/src/courseworks/realsense_gazebo_plugin -DCMAKE_INSTALL_PREFIX=/home/czg22/comp0250_s26_labs/install/realsense_gazebo_plugin
[0.173s] -- The C compiler identification is GNU 11.4.0
[0.383s] -- The CXX compiler identification is GNU 11.4.0
[0.492s] -- Detecting C compiler ABI info
[0.616s] -- Detecting C compiler ABI info - done
[0.620s] -- Check for working C compiler: /usr/bin/cc - skipped
[0.621s] -- Detecting C compile features
[0.622s] -- Detecting C compile features - done
[0.625s] -- Detecting CXX compiler ABI info
[0.751s] -- Detecting CXX compiler ABI info - done
[0.757s] -- Check for working CXX compiler: /usr/bin/c++ - skipped
[0.757s] -- Detecting CXX compile features
[0.757s] -- Detecting CXX compile features - done
[0.780s] -- Found ament_cmake: 1.3.13 (/opt/ros/humble/share/ament_cmake/cmake)
[0.929s] -- Found Python3: /usr/bin/python3 (found version "3.10.12") found components: Interpreter 
[1.116s] -- Found rclcpp: 16.0.18 (/opt/ros/humble/share/rclcpp/cmake)
[1.306s] -- Found rosidl_generator_c: 3.1.8 (/opt/ros/humble/share/rosidl_generator_c/cmake)
[1.321s] -- Found rosidl_adapter: 3.1.8 (/opt/ros/humble/share/rosidl_adapter/cmake)
[1.342s] -- Found rosidl_generator_cpp: 3.1.8 (/opt/ros/humble/share/rosidl_generator_cpp/cmake)
[1.374s] -- Using all available rosidl_typesupport_c: rosidl_typesupport_fastrtps_c;rosidl_typesupport_introspection_c
[1.404s] -- Using all available rosidl_typesupport_cpp: rosidl_typesupport_fastrtps_cpp;rosidl_typesupport_introspection_cpp
[1.518s] -- Found rmw_implementation_cmake: 6.1.2 (/opt/ros/humble/share/rmw_implementation_cmake/cmake)
[1.530s] -- Found rmw_fastrtps_cpp: 6.2.10 (/opt/ros/humble/share/rmw_fastrtps_cpp/cmake)
[2.271s] -- Found OpenSSL: /usr/lib/x86_64-linux-gnu/libcrypto.so (found version "3.0.2")  
[2.879s] -- Found FastRTPS: /opt/ros/humble/include  
[4.190s] -- Using RMW implementation 'rmw_fastrtps_cpp' as default
[4.222s] -- Looking for pthread.h
[4.356s] -- Looking for pthread.h - found
[4.357s] -- Performing Test CMAKE_HAVE_LIBC_PTHREAD
[4.490s] -- Performing Test CMAKE_HAVE_LIBC_PTHREAD - Success
[4.491s] -- Found Threads: TRUE  
[4.584s] -- Found gazebo_ros: 3.9.0 (/opt/ros/humble/share/gazebo_ros/cmake)
[4.614s] -- Found PkgConfig: /usr/bin/pkg-config (found version "0.29.2") 
[4.614s] -- Checking for module 'bullet>=2.82'
[4.641s] --   Found bullet, version 3.05
[4.872s] -- Found fcl: /usr/include (found suitable version "0.7.0", minimum required is "0.5.0") 
[4.963s] -- Found assimp: /usr/include (found version "5.2.0") 
[5.020s] -- Found DART: /usr/include (Required is at least version "6.6") found components: dart 
[5.088s] -- Found Boost: /usr/lib/x86_64-linux-gnu/cmake/Boost-1.74.0/BoostConfig.cmake (found suitable version "1.74.0", minimum required is "1.40.0") found components: thread system filesystem program_options regex iostreams date_time 
[5.268s] -- Found Protobuf: /usr/lib/x86_64-linux-gnu/libprotobuf.so (found version "3.12.4") 
[5.288s] -- Looking for ignition-math6 -- found version 6.15.1
[5.306s] -- Searching for dependencies of ignition-math6
[5.308s] -- Looking for OGRE...
[5.309s] -- OGRE_PREFIX_WATCH changed.
[5.315s] -- Checking for module 'OGRE'
[5.338s] --   Found OGRE, version 1.9.0
[5.399s] -- Found Ogre Ghadamon (1.9.0)
[5.573s] -- Found OGRE: optimized;/usr/lib/x86_64-linux-gnu/libOgreMain.so;debug;/usr/lib/x86_64-linux-gnu/libOgreMain.so
[5.580s] -- Looking for OGRE_Paging...
[5.718s] -- Found OGRE_Paging: optimized;/usr/lib/x86_64-linux-gnu/libOgrePaging.so;debug;/usr/lib/x86_64-linux-gnu/libOgrePaging.so
[5.719s] -- Looking for OGRE_Terrain...
[5.861s] -- Found OGRE_Terrain: optimized;/usr/lib/x86_64-linux-gnu/libOgreTerrain.so;debug;/usr/lib/x86_64-linux-gnu/libOgreTerrain.so
[5.861s] -- Looking for OGRE_Property...
[6.011s] -- Found OGRE_Property: optimized;/usr/lib/x86_64-linux-gnu/libOgreProperty.so;debug;/usr/lib/x86_64-linux-gnu/libOgreProperty.so
[6.011s] -- Looking for OGRE_RTShaderSystem...
[6.166s] -- Found OGRE_RTShaderSystem: optimized;/usr/lib/x86_64-linux-gnu/libOgreRTShaderSystem.so;debug;/usr/lib/x86_64-linux-gnu/libOgreRTShaderSystem.so
[6.166s] -- Looking for OGRE_Volume...
[6.319s] -- Found OGRE_Volume: optimized;/usr/lib/x86_64-linux-gnu/libOgreVolume.so;debug;/usr/lib/x86_64-linux-gnu/libOgreVolume.so
[6.319s] -- Looking for OGRE_Overlay...
[6.483s] -- Found OGRE_Overlay: optimized;/usr/lib/x86_64-linux-gnu/libOgreOverlay.so;debug;/usr/lib/x86_64-linux-gnu/libOgreOverlay.so
[14.007s] -- Looking for ignition-math6 -- found version 6.15.1
[14.017s] -- Looking for ignition-transport8 -- found version 8.2.1
[14.017s] -- Searching for dependencies of ignition-transport8
[14.621s] -- Found Protobuf: /usr/lib/x86_64-linux-gnu/libprotobuf.so (found suitable version "3.12.4", minimum required is "3") 
[15.180s] -- Config-file not installed for ZeroMQ -- checking for pkg-config
[15.187s] -- Checking for module 'libzmq >= 4'
[15.216s] --   Found libzmq , version 4.3.4
[15.281s] -- Found ZeroMQ: TRUE (Required is at least version "4") 
[15.306s] -- Checking for module 'uuid'
[15.331s] --   Found uuid, version 2.37.2
[15.392s] -- Found UUID: TRUE  
[15.402s] -- Looking for ignition-msgs5 -- found version 5.8.1
[15.403s] -- Searching for dependencies of ignition-msgs5
[15.997s] -- Looking for ignition-math6 -- found version 6.15.1
[16.006s] -- Checking for module 'tinyxml2'
[16.032s] --   Found tinyxml2, version 9.0.0
[16.098s] -- Looking for ignition-msgs5 -- found version 5.8.1
[16.109s] -- Looking for ignition-common3 -- found version 3.14.0
[16.110s] -- Searching for dependencies of ignition-common3
[16.126s] -- Looking for dlfcn.h - found
[16.144s] -- Looking for libdl - found
[16.145s] -- Found DL: TRUE  
[16.197s] -- Found tinyobjloader: /usr/lib/x86_64-linux-gnu/cmake/tinyobjloader/tinyobjloader-config.cmake (found version "2.0.0") 
[16.198s] -- Searching for <ignition-common3> component [graphics]
[16.208s] -- Looking for ignition-common3-graphics -- found version 3.14.0
[16.208s] -- Searching for dependencies of ignition-common3-graphics
[16.209s] -- Looking for ignition-math6 -- found version 6.15.1
[16.221s] -- Looking for ignition-fuel_tools4 -- found version 4.4.0
[16.222s] -- Searching for dependencies of ignition-fuel_tools4
[16.944s] -- Found CURL: /usr/lib/x86_64-linux-gnu/libcurl.so (found version "7.81.0")  
[16.962s] -- Checking for module 'jsoncpp'
[16.988s] --   Found jsoncpp, version 1.9.5
[17.048s] -- Found JSONCPP: TRUE  
[17.055s] -- Checking for module 'libzip'
[17.080s] --   Found libzip, version 1.7.3
[17.144s] -- Found ZIP: TRUE  
[17.144s] -- Looking for ignition-common3 -- found version 3.14.0
[17.145s] -- Looking for ignition-math6 -- found version 6.15.1
[17.145s] -- Looking for ignition-msgs5 -- found version 5.8.1
[17.156s] -- Gazebo version: 11.10
[17.156s] -- Checking for module 'tbb'
[17.182s] --   Found tbb, version 2021.5.0
[17.255s] -- Found image_transport: 3.1.12 (/opt/ros/humble/share/image_transport/cmake)
[17.921s] -- Found point_cloud_transport: 1.0.21 (/opt/ros/humble/share/point_cloud_transport/cmake)
[17.935s] -- Found camera_info_manager: 3.1.12 (/opt/ros/humble/share/camera_info_manager/cmake)
[18.000s] -- Found ament_lint_auto: 0.12.15 (/opt/ros/humble/share/ament_lint_auto/cmake)
[18.056s] -- Configuring done
[18.124s] -- Generating done
[18.130s] -- Build files have been written to: /home/czg22/comp0250_s26_labs/build/realsense_gazebo_plugin
[18.144s] Invoked command in '/home/czg22/comp0250_s26_labs/build/realsense_gazebo_plugin' returned '0': CMAKE_PREFIX_PATH=${CMAKE_PREFIX_PATH}:/home/czg22/ws_moveit2/install/moveit_configs_utils:/home/czg22/ws_moveit2/install/launch_param_builder:/opt/ros/humble /usr/bin/cmake /home/czg22/comp0250_s26_labs/src/courseworks/realsense_gazebo_plugin -DCMAKE_INSTALL_PREFIX=/home/czg22/comp0250_s26_labs/install/realsense_gazebo_plugin
[18.146s] Invoking command in '/home/czg22/comp0250_s26_labs/build/realsense_gazebo_plugin': CMAKE_PREFIX_PATH=${CMAKE_PREFIX_PATH}:/home/czg22/ws_moveit2/install/moveit_configs_utils:/home/czg22/ws_moveit2/install/launch_param_builder:/opt/ros/humble /usr/bin/cmake --build /home/czg22/comp0250_s26_labs/build/realsense_gazebo_plugin -- -j32 -l32
[18.238s] [ 33%] [32mBuilding CXX object CMakeFiles/realsense_gazebo_plugin.dir/src/gazebo_ros_realsense.cpp.o[0m
[18.238s] [ 66%] [32mBuilding CXX object CMakeFiles/realsense_gazebo_plugin.dir/src/RealSensePlugin.cpp.o[0m
[34.999s] [100%] [32m[1mLinking CXX shared library librealsense_gazebo_plugin.so[0m
[35.588s] [100%] Built target realsense_gazebo_plugin
[35.603s] Invoked command in '/home/czg22/comp0250_s26_labs/build/realsense_gazebo_plugin' returned '0': CMAKE_PREFIX_PATH=${CMAKE_PREFIX_PATH}:/home/czg22/ws_moveit2/install/moveit_configs_utils:/home/czg22/ws_moveit2/install/launch_param_builder:/opt/ros/humble /usr/bin/cmake --build /home/czg22/comp0250_s26_labs/build/realsense_gazebo_plugin -- -j32 -l32
[35.606s] Invoking command in '/home/czg22/comp0250_s26_labs/build/realsense_gazebo_plugin': CMAKE_PREFIX_PATH=${CMAKE_PREFIX_PATH}:/home/czg22/ws_moveit2/install/moveit_configs_utils:/home/czg22/ws_moveit2/install/launch_param_builder:/opt/ros/humble /usr/bin/cmake --install /home/czg22/comp0250_s26_labs/build/realsense_gazebo_plugin
[35.617s] -- Install configuration: ""
[35.618s] -- Installing: /home/czg22/comp0250_s26_labs/install/realsense_gazebo_plugin/lib/librealsense_gazebo_plugin.so
[35.622s] -- Set runtime path of "/home/czg22/comp0250_s26_labs/install/realsense_gazebo_plugin/lib/librealsense_gazebo_plugin.so" to ""
[35.623s] -- Installing: /home/czg22/comp0250_s26_labs/install/realsense_gazebo_plugin/include/
[35.623s] -- Installing: /home/czg22/comp0250_s26_labs/install/realsense_gazebo_plugin/include//realsense_gazebo_plugin
[35.623s] -- Installing: /home/czg22/comp0250_s26_labs/install/realsense_gazebo_plugin/include//realsense_gazebo_plugin/RealSensePlugin.hpp
[35.623s] -- Installing: /home/czg22/comp0250_s26_labs/install/realsense_gazebo_plugin/include//realsense_gazebo_plugin/gazebo_ros_realsense.hpp
[35.624s] -- Installing: /home/czg22/comp0250_s26_labs/install/realsense_gazebo_plugin/share/realsense_gazebo_plugin/models
[35.625s] -- Installing: /home/czg22/comp0250_s26_labs/install/realsense_gazebo_plugin/share/realsense_gazebo_plugin/models/realsense_camera
[35.625s] -- Installing: /home/czg22/comp0250_s26_labs/install/realsense_gazebo_plugin/share/realsense_gazebo_plugin/models/realsense_camera/model.sdf
[35.625s] -- Installing: /home/czg22/comp0250_s26_labs/install/realsense_gazebo_plugin/share/realsense_gazebo_plugin/models/realsense_camera/materials
[35.626s] -- Installing: /home/czg22/comp0250_s26_labs/install/realsense_gazebo_plugin/share/realsense_gazebo_plugin/models/realsense_camera/materials/textures
[35.626s] -- Installing: /home/czg22/comp0250_s26_labs/install/realsense_gazebo_plugin/share/realsense_gazebo_plugin/models/realsense_camera/materials/textures/realsense_diffuse.png
[35.626s] -- Installing: /home/czg22/comp0250_s26_labs/install/realsense_gazebo_plugin/share/realsense_gazebo_plugin/models/realsense_camera/meshes
[35.627s] -- Installing: /home/czg22/comp0250_s26_labs/install/realsense_gazebo_plugin/share/realsense_gazebo_plugin/models/realsense_camera/meshes/realsense.dae
[35.628s] -- Installing: /home/czg22/comp0250_s26_labs/install/realsense_gazebo_plugin/share/realsense_gazebo_plugin/models/realsense_camera/model.config
[35.628s] -- Installing: /home/czg22/comp0250_s26_labs/install/realsense_gazebo_plugin/share/realsense_gazebo_plugin/urdf
[35.629s] -- Installing: /home/czg22/comp0250_s26_labs/install/realsense_gazebo_plugin/share/realsense_gazebo_plugin/urdf/realsense-D435.macro.xacro
[35.629s] -- Installing: /home/czg22/comp0250_s26_labs/install/realsense_gazebo_plugin/share/realsense_gazebo_plugin/urdf/multi_d435_simulation.xacro
[35.630s] -- Installing: /home/czg22/comp0250_s26_labs/install/realsense_gazebo_plugin/share/realsense_gazebo_plugin/urdf/d435_simulation.xacro
[35.630s] -- Installing: /home/czg22/comp0250_s26_labs/install/realsense_gazebo_plugin/share/realsense_gazebo_plugin/worlds
[35.630s] -- Installing: /home/czg22/comp0250_s26_labs/install/realsense_gazebo_plugin/share/realsense_gazebo_plugin/worlds/realsense.world
[35.631s] -- Installing: /home/czg22/comp0250_s26_labs/install/realsense_gazebo_plugin/share/realsense_gazebo_plugin/environment/library_path.sh
[35.632s] -- Installing: /home/czg22/comp0250_s26_labs/install/realsense_gazebo_plugin/share/realsense_gazebo_plugin/environment/library_path.dsv
[35.633s] -- Installing: /home/czg22/comp0250_s26_labs/install/realsense_gazebo_plugin/share/ament_index/resource_index/package_run_dependencies/realsense_gazebo_plugin
[35.633s] -- Installing: /home/czg22/comp0250_s26_labs/install/realsense_gazebo_plugin/share/ament_index/resource_index/parent_prefix_path/realsense_gazebo_plugin
[35.633s] -- Installing: /home/czg22/comp0250_s26_labs/install/realsense_gazebo_plugin/share/realsense_gazebo_plugin/environment/ament_prefix_path.sh
[35.633s] -- Installing: /home/czg22/comp0250_s26_labs/install/realsense_gazebo_plugin/share/realsense_gazebo_plugin/environment/ament_prefix_path.dsv
[35.634s] -- Installing: /home/czg22/comp0250_s26_labs/install/realsense_gazebo_plugin/share/realsense_gazebo_plugin/environment/path.sh
[35.634s] -- Installing: /home/czg22/comp0250_s26_labs/install/realsense_gazebo_plugin/share/realsense_gazebo_plugin/environment/path.dsv
[35.634s] -- Installing: /home/czg22/comp0250_s26_labs/install/realsense_gazebo_plugin/share/realsense_gazebo_plugin/local_setup.bash
[35.634s] -- Installing: /home/czg22/comp0250_s26_labs/install/realsense_gazebo_plugin/share/realsense_gazebo_plugin/local_setup.sh
[35.635s] -- Installing: /home/czg22/comp0250_s26_labs/install/realsense_gazebo_plugin/share/realsense_gazebo_plugin/local_setup.zsh
[35.635s] -- Installing: /home/czg22/comp0250_s26_labs/install/realsense_gazebo_plugin/share/realsense_gazebo_plugin/local_setup.dsv
[35.635s] -- Installing: /home/czg22/comp0250_s26_labs/install/realsense_gazebo_plugin/share/realsense_gazebo_plugin/package.dsv
[35.635s] -- Installing: /home/czg22/comp0250_s26_labs/install/realsense_gazebo_plugin/share/ament_index/resource_index/packages/realsense_gazebo_plugin
[35.636s] -- Installing: /home/czg22/comp0250_s26_labs/install/realsense_gazebo_plugin/share/realsense_gazebo_plugin/cmake/ament_cmake_export_include_directories-extras.cmake
[35.636s] -- Installing: /home/czg22/comp0250_s26_labs/install/realsense_gazebo_plugin/share/realsense_gazebo_plugin/cmake/ament_cmake_export_libraries-extras.cmake
[35.636s] -- Installing: /home/czg22/comp0250_s26_labs/install/realsense_gazebo_plugin/share/realsense_gazebo_plugin/cmake/realsense_gazebo_pluginConfig.cmake
[35.636s] -- Installing: /home/czg22/comp0250_s26_labs/install/realsense_gazebo_plugin/share/realsense_gazebo_plugin/cmake/realsense_gazebo_pluginConfig-version.cmake
[35.636s] -- Installing: /home/czg22/comp0250_s26_labs/install/realsense_gazebo_plugin/share/realsense_gazebo_plugin/package.xml
[35.639s] Invoked command in '/home/czg22/comp0250_s26_labs/build/realsense_gazebo_plugin' returned '0': CMAKE_PREFIX_PATH=${CMAKE_PREFIX_PATH}:/home/czg22/ws_moveit2/install/moveit_configs_utils:/home/czg22/ws_moveit2/install/launch_param_builder:/opt/ros/humble /usr/bin/cmake --install /home/czg22/comp0250_s26_labs/build/realsense_gazebo_plugin
