[0.152s] DEBUG:colcon:Command line arguments: ['/usr/bin/colcon', 'build']
[0.152s] DEBUG:colcon:Parsed command line arguments: Namespace(log_base=None, log_level=None, verb_name='build', build_base='build', install_base='install', merge_install=False, symlink_install=False, test_result_base=None, continue_on_error=False, executor='parallel', parallel_workers=2, event_handlers=None, ignore_user_meta=False, metas=['./colcon.meta'], base_paths=['.'], packages_ignore=None, packages_ignore_regex=None, paths=None, packages_up_to=None, packages_up_to_regex=None, packages_above=None, packages_above_and_dependencies=None, packages_above_depth=None, packages_select_by_dep=None, packages_skip_by_dep=None, packages_skip_up_to=None, packages_select_build_failed=False, packages_skip_build_finished=False, packages_select_test_failures=False, packages_skip_test_passed=False, packages_select=None, packages_skip=None, packages_select_regex=None, packages_skip_regex=None, packages_start=None, packages_end=None, allow_overriding=[], cmake_args=None, cmake_target=None, cmake_target_skip_unavailable=False, cmake_clean_cache=False, cmake_clean_first=False, cmake_force_configure=False, ament_cmake_args=None, catkin_cmake_args=None, catkin_skip_building_tests=False, mixin_files=None, mixin=None, verb_parser=<colcon_mixin.mixin.mixin_argument.MixinArgumentDecorator object at 0x774ee4e2e590>, verb_extension=<colcon_core.verb.build.BuildVerb object at 0x774ee4e2e0b0>, main=<bound method BuildVerb.main of <colcon_core.verb.build.BuildVerb object at 0x774ee4e2e0b0>>, mixin_verb=('build',))
[0.389s] Level 1:colcon.colcon_core.package_discovery:discover_packages(colcon_meta) check parameters
[0.389s] Level 1:colcon.colcon_core.package_discovery:discover_packages(recursive) check parameters
[0.389s] Level 1:colcon.colcon_core.package_discovery:discover_packages(ignore) check parameters
[0.389s] Level 1:colcon.colcon_core.package_discovery:discover_packages(path) check parameters
[0.389s] Level 1:colcon.colcon_core.package_discovery:discover_packages(colcon_meta) discover
[0.389s] Level 1:colcon.colcon_core.package_discovery:discover_packages(recursive) discover
[0.389s] INFO:colcon.colcon_core.package_discovery:Crawling recursively for packages in '/home/bizare/Desktop/cw2_team_14'
[0.390s] Level 1:colcon.colcon_core.package_identification:_identify(.) by extensions ['ignore', 'ignore_ament_install']
[0.390s] Level 1:colcon.colcon_core.package_identification:_identify(.) by extension 'ignore'
[0.390s] Level 1:colcon.colcon_core.package_identification:_identify(.) by extension 'ignore_ament_install'
[0.390s] Level 1:colcon.colcon_core.package_identification:_identify(.) by extensions ['colcon_pkg']
[0.390s] Level 1:colcon.colcon_core.package_identification:_identify(.) by extension 'colcon_pkg'
[0.390s] Level 1:colcon.colcon_core.package_identification:_identify(.) by extensions ['colcon_meta']
[0.390s] Level 1:colcon.colcon_core.package_identification:_identify(.) by extension 'colcon_meta'
[0.390s] Level 1:colcon.colcon_core.package_identification:_identify(.) by extensions ['ros']
[0.390s] Level 1:colcon.colcon_core.package_identification:_identify(.) by extension 'ros'
[0.450s] Level 1:colcon.colcon_core.package_identification:_identify(.) by extensions ['cmake', 'python']
[0.450s] Level 1:colcon.colcon_core.package_identification:_identify(.) by extension 'cmake'
[0.450s] Level 1:colcon.colcon_core.package_identification:_identify(.) by extension 'python'
[0.450s] Level 1:colcon.colcon_core.package_identification:_identify(.) by extensions ['python_setup_py']
[0.450s] Level 1:colcon.colcon_core.package_identification:_identify(.) by extension 'python_setup_py'
[0.450s] Level 1:colcon.colcon_core.package_identification:_identify(build) by extensions ['ignore', 'ignore_ament_install']
[0.450s] Level 1:colcon.colcon_core.package_identification:_identify(build) by extension 'ignore'
[0.450s] Level 1:colcon.colcon_core.package_identification:_identify(build) ignored
[0.451s] Level 1:colcon.colcon_core.package_identification:_identify(install) by extensions ['ignore', 'ignore_ament_install']
[0.451s] Level 1:colcon.colcon_core.package_identification:_identify(install) by extension 'ignore'
[0.451s] Level 1:colcon.colcon_core.package_identification:_identify(install) ignored
[0.451s] Level 1:colcon.colcon_core.package_identification:_identify(log) by extensions ['ignore', 'ignore_ament_install']
[0.451s] Level 1:colcon.colcon_core.package_identification:_identify(log) by extension 'ignore'
[0.451s] Level 1:colcon.colcon_core.package_identification:_identify(log) ignored
[0.451s] Level 1:colcon.colcon_core.package_identification:_identify(scripts) by extensions ['ignore', 'ignore_ament_install']
[0.451s] Level 1:colcon.colcon_core.package_identification:_identify(scripts) by extension 'ignore'
[0.451s] Level 1:colcon.colcon_core.package_identification:_identify(scripts) by extension 'ignore_ament_install'
[0.451s] Level 1:colcon.colcon_core.package_identification:_identify(scripts) by extensions ['colcon_pkg']
[0.451s] Level 1:colcon.colcon_core.package_identification:_identify(scripts) by extension 'colcon_pkg'
[0.451s] Level 1:colcon.colcon_core.package_identification:_identify(scripts) by extensions ['colcon_meta']
[0.451s] Level 1:colcon.colcon_core.package_identification:_identify(scripts) by extension 'colcon_meta'
[0.451s] Level 1:colcon.colcon_core.package_identification:_identify(scripts) by extensions ['ros']
[0.451s] Level 1:colcon.colcon_core.package_identification:_identify(scripts) by extension 'ros'
[0.451s] Level 1:colcon.colcon_core.package_identification:_identify(scripts) by extensions ['cmake', 'python']
[0.451s] Level 1:colcon.colcon_core.package_identification:_identify(scripts) by extension 'cmake'
[0.451s] Level 1:colcon.colcon_core.package_identification:_identify(scripts) by extension 'python'
[0.451s] Level 1:colcon.colcon_core.package_identification:_identify(scripts) by extensions ['python_setup_py']
[0.451s] Level 1:colcon.colcon_core.package_identification:_identify(scripts) by extension 'python_setup_py'
[0.452s] Level 1:colcon.colcon_core.package_identification:_identify(src) by extensions ['ignore', 'ignore_ament_install']
[0.452s] Level 1:colcon.colcon_core.package_identification:_identify(src) by extension 'ignore'
[0.452s] Level 1:colcon.colcon_core.package_identification:_identify(src) by extension 'ignore_ament_install'
[0.452s] Level 1:colcon.colcon_core.package_identification:_identify(src) by extensions ['colcon_pkg']
[0.452s] Level 1:colcon.colcon_core.package_identification:_identify(src) by extension 'colcon_pkg'
[0.453s] Level 1:colcon.colcon_core.package_identification:_identify(src) by extensions ['colcon_meta']
[0.453s] Level 1:colcon.colcon_core.package_identification:_identify(src) by extension 'colcon_meta'
[0.453s] Level 1:colcon.colcon_core.package_identification:_identify(src) by extensions ['ros']
[0.453s] Level 1:colcon.colcon_core.package_identification:_identify(src) by extension 'ros'
[0.453s] Level 1:colcon.colcon_core.package_identification:_identify(src) by extensions ['cmake', 'python']
[0.453s] Level 1:colcon.colcon_core.package_identification:_identify(src) by extension 'cmake'
[0.453s] Level 1:colcon.colcon_core.package_identification:_identify(src) by extension 'python'
[0.453s] Level 1:colcon.colcon_core.package_identification:_identify(src) by extensions ['python_setup_py']
[0.453s] Level 1:colcon.colcon_core.package_identification:_identify(src) by extension 'python_setup_py'
[0.453s] Level 1:colcon.colcon_core.package_identification:_identify(src/courseworks) by extensions ['ignore', 'ignore_ament_install']
[0.453s] Level 1:colcon.colcon_core.package_identification:_identify(src/courseworks) by extension 'ignore'
[0.453s] Level 1:colcon.colcon_core.package_identification:_identify(src/courseworks) by extension 'ignore_ament_install'
[0.453s] Level 1:colcon.colcon_core.package_identification:_identify(src/courseworks) by extensions ['colcon_pkg']
[0.453s] Level 1:colcon.colcon_core.package_identification:_identify(src/courseworks) by extension 'colcon_pkg'
[0.453s] Level 1:colcon.colcon_core.package_identification:_identify(src/courseworks) by extensions ['colcon_meta']
[0.453s] Level 1:colcon.colcon_core.package_identification:_identify(src/courseworks) by extension 'colcon_meta'
[0.454s] Level 1:colcon.colcon_core.package_identification:_identify(src/courseworks) by extensions ['ros']
[0.454s] Level 1:colcon.colcon_core.package_identification:_identify(src/courseworks) by extension 'ros'
[0.454s] Level 1:colcon.colcon_core.package_identification:_identify(src/courseworks) by extensions ['cmake', 'python']
[0.454s] Level 1:colcon.colcon_core.package_identification:_identify(src/courseworks) by extension 'cmake'
[0.454s] Level 1:colcon.colcon_core.package_identification:_identify(src/courseworks) by extension 'python'
[0.454s] Level 1:colcon.colcon_core.package_identification:_identify(src/courseworks) by extensions ['python_setup_py']
[0.454s] Level 1:colcon.colcon_core.package_identification:_identify(src/courseworks) by extension 'python_setup_py'
[0.455s] Level 1:colcon.colcon_core.package_identification:_identify(src/courseworks/cw1_world_spawner) by extensions ['ignore', 'ignore_ament_install']
[0.455s] Level 1:colcon.colcon_core.package_identification:_identify(src/courseworks/cw1_world_spawner) by extension 'ignore'
[0.455s] Level 1:colcon.colcon_core.package_identification:_identify(src/courseworks/cw1_world_spawner) by extension 'ignore_ament_install'
[0.455s] Level 1:colcon.colcon_core.package_identification:_identify(src/courseworks/cw1_world_spawner) by extensions ['colcon_pkg']
[0.455s] Level 1:colcon.colcon_core.package_identification:_identify(src/courseworks/cw1_world_spawner) by extension 'colcon_pkg'
[0.455s] Level 1:colcon.colcon_core.package_identification:_identify(src/courseworks/cw1_world_spawner) by extensions ['colcon_meta']
[0.455s] Level 1:colcon.colcon_core.package_identification:_identify(src/courseworks/cw1_world_spawner) by extension 'colcon_meta'
[0.455s] Level 1:colcon.colcon_core.package_identification:_identify(src/courseworks/cw1_world_spawner) by extensions ['ros']
[0.455s] Level 1:colcon.colcon_core.package_identification:_identify(src/courseworks/cw1_world_spawner) by extension 'ros'
[0.460s] DEBUG:colcon.colcon_core.package_identification:Package 'src/courseworks/cw1_world_spawner' with type 'ros.ament_cmake' and name 'cw1_world_spawner'
[0.460s] Level 1:colcon.colcon_core.package_identification:_identify(src/courseworks/cw2_team_14) by extensions ['ignore', 'ignore_ament_install']
[0.460s] Level 1:colcon.colcon_core.package_identification:_identify(src/courseworks/cw2_team_14) by extension 'ignore'
[0.460s] Level 1:colcon.colcon_core.package_identification:_identify(src/courseworks/cw2_team_14) by extension 'ignore_ament_install'
[0.460s] Level 1:colcon.colcon_core.package_identification:_identify(src/courseworks/cw2_team_14) by extensions ['colcon_pkg']
[0.460s] Level 1:colcon.colcon_core.package_identification:_identify(src/courseworks/cw2_team_14) by extension 'colcon_pkg'
[0.460s] Level 1:colcon.colcon_core.package_identification:_identify(src/courseworks/cw2_team_14) by extensions ['colcon_meta']
[0.460s] Level 1:colcon.colcon_core.package_identification:_identify(src/courseworks/cw2_team_14) by extension 'colcon_meta'
[0.461s] Level 1:colcon.colcon_core.package_identification:_identify(src/courseworks/cw2_team_14) by extensions ['ros']
[0.461s] Level 1:colcon.colcon_core.package_identification:_identify(src/courseworks/cw2_team_14) by extension 'ros'
[0.465s] DEBUG:colcon.colcon_core.package_identification:Package 'src/courseworks/cw2_team_14' with type 'ros.ament_cmake' and name 'cw2_team_14'
[0.467s] Level 1:colcon.colcon_core.package_identification:_identify(src/courseworks/cw2_world_spawner) by extensions ['ignore', 'ignore_ament_install']
[0.467s] Level 1:colcon.colcon_core.package_identification:_identify(src/courseworks/cw2_world_spawner) by extension 'ignore'
[0.467s] Level 1:colcon.colcon_core.package_identification:_identify(src/courseworks/cw2_world_spawner) by extension 'ignore_ament_install'
[0.467s] Level 1:colcon.colcon_core.package_identification:_identify(src/courseworks/cw2_world_spawner) by extensions ['colcon_pkg']
[0.467s] Level 1:colcon.colcon_core.package_identification:_identify(src/courseworks/cw2_world_spawner) by extension 'colcon_pkg'
[0.467s] Level 1:colcon.colcon_core.package_identification:_identify(src/courseworks/cw2_world_spawner) by extensions ['colcon_meta']
[0.467s] Level 1:colcon.colcon_core.package_identification:_identify(src/courseworks/cw2_world_spawner) by extension 'colcon_meta'
[0.467s] Level 1:colcon.colcon_core.package_identification:_identify(src/courseworks/cw2_world_spawner) by extensions ['ros']
[0.467s] Level 1:colcon.colcon_core.package_identification:_identify(src/courseworks/cw2_world_spawner) by extension 'ros'
[0.468s] DEBUG:colcon.colcon_core.package_identification:Package 'src/courseworks/cw2_world_spawner' with type 'ros.ament_cmake' and name 'cw2_world_spawner'
[0.468s] Level 1:colcon.colcon_core.package_identification:_identify(src/courseworks/panda_description) by extensions ['ignore', 'ignore_ament_install']
[0.468s] Level 1:colcon.colcon_core.package_identification:_identify(src/courseworks/panda_description) by extension 'ignore'
[0.468s] Level 1:colcon.colcon_core.package_identification:_identify(src/courseworks/panda_description) by extension 'ignore_ament_install'
[0.468s] Level 1:colcon.colcon_core.package_identification:_identify(src/courseworks/panda_description) by extensions ['colcon_pkg']
[0.468s] Level 1:colcon.colcon_core.package_identification:_identify(src/courseworks/panda_description) by extension 'colcon_pkg'
[0.468s] Level 1:colcon.colcon_core.package_identification:_identify(src/courseworks/panda_description) by extensions ['colcon_meta']
[0.468s] Level 1:colcon.colcon_core.package_identification:_identify(src/courseworks/panda_description) by extension 'colcon_meta'
[0.468s] Level 1:colcon.colcon_core.package_identification:_identify(src/courseworks/panda_description) by extensions ['ros']
[0.468s] Level 1:colcon.colcon_core.package_identification:_identify(src/courseworks/panda_description) by extension 'ros'
[0.469s] DEBUG:colcon.colcon_core.package_identification:Package 'src/courseworks/panda_description' with type 'ros.ament_cmake' and name 'panda_description'
[0.469s] Level 1:colcon.colcon_core.package_identification:_identify(src/courseworks/panda_moveit_config) by extensions ['ignore', 'ignore_ament_install']
[0.469s] Level 1:colcon.colcon_core.package_identification:_identify(src/courseworks/panda_moveit_config) by extension 'ignore'
[0.469s] Level 1:colcon.colcon_core.package_identification:_identify(src/courseworks/panda_moveit_config) by extension 'ignore_ament_install'
[0.469s] Level 1:colcon.colcon_core.package_identification:_identify(src/courseworks/panda_moveit_config) by extensions ['colcon_pkg']
[0.469s] Level 1:colcon.colcon_core.package_identification:_identify(src/courseworks/panda_moveit_config) by extension 'colcon_pkg'
[0.469s] Level 1:colcon.colcon_core.package_identification:_identify(src/courseworks/panda_moveit_config) by extensions ['colcon_meta']
[0.469s] Level 1:colcon.colcon_core.package_identification:_identify(src/courseworks/panda_moveit_config) by extension 'colcon_meta'
[0.469s] Level 1:colcon.colcon_core.package_identification:_identify(src/courseworks/panda_moveit_config) by extensions ['ros']
[0.469s] Level 1:colcon.colcon_core.package_identification:_identify(src/courseworks/panda_moveit_config) by extension 'ros'
[0.470s] DEBUG:colcon.colcon_core.package_identification:Package 'src/courseworks/panda_moveit_config' with type 'ros.ament_cmake' and name 'panda_moveit_config'
[0.470s] Level 1:colcon.colcon_core.package_identification:_identify(src/courseworks/realsense_gazebo_plugin) by extensions ['ignore', 'ignore_ament_install']
[0.470s] Level 1:colcon.colcon_core.package_identification:_identify(src/courseworks/realsense_gazebo_plugin) by extension 'ignore'
[0.470s] Level 1:colcon.colcon_core.package_identification:_identify(src/courseworks/realsense_gazebo_plugin) by extension 'ignore_ament_install'
[0.470s] Level 1:colcon.colcon_core.package_identification:_identify(src/courseworks/realsense_gazebo_plugin) by extensions ['colcon_pkg']
[0.470s] Level 1:colcon.colcon_core.package_identification:_identify(src/courseworks/realsense_gazebo_plugin) by extension 'colcon_pkg'
[0.470s] Level 1:colcon.colcon_core.package_identification:_identify(src/courseworks/realsense_gazebo_plugin) by extensions ['colcon_meta']
[0.470s] Level 1:colcon.colcon_core.package_identification:_identify(src/courseworks/realsense_gazebo_plugin) by extension 'colcon_meta'
[0.471s] Level 1:colcon.colcon_core.package_identification:_identify(src/courseworks/realsense_gazebo_plugin) by extensions ['ros']
[0.471s] Level 1:colcon.colcon_core.package_identification:_identify(src/courseworks/realsense_gazebo_plugin) by extension 'ros'
[0.472s] DEBUG:colcon.colcon_core.package_identification:Package 'src/courseworks/realsense_gazebo_plugin' with type 'ros.ament_cmake' and name 'realsense_gazebo_plugin'
[0.474s] Level 1:colcon.colcon_core.package_identification:_identify(src/courseworks/rpl_panda_with_rs) by extensions ['ignore', 'ignore_ament_install']
[0.474s] Level 1:colcon.colcon_core.package_identification:_identify(src/courseworks/rpl_panda_with_rs) by extension 'ignore'
[0.474s] Level 1:colcon.colcon_core.package_identification:_identify(src/courseworks/rpl_panda_with_rs) by extension 'ignore_ament_install'
[0.474s] Level 1:colcon.colcon_core.package_identification:_identify(src/courseworks/rpl_panda_with_rs) by extensions ['colcon_pkg']
[0.474s] Level 1:colcon.colcon_core.package_identification:_identify(src/courseworks/rpl_panda_with_rs) by extension 'colcon_pkg'
[0.474s] Level 1:colcon.colcon_core.package_identification:_identify(src/courseworks/rpl_panda_with_rs) by extensions ['colcon_meta']
[0.474s] Level 1:colcon.colcon_core.package_identification:_identify(src/courseworks/rpl_panda_with_rs) by extension 'colcon_meta'
[0.474s] Level 1:colcon.colcon_core.package_identification:_identify(src/courseworks/rpl_panda_with_rs) by extensions ['ros']
[0.474s] Level 1:colcon.colcon_core.package_identification:_identify(src/courseworks/rpl_panda_with_rs) by extension 'ros'
[0.475s] DEBUG:colcon.colcon_core.package_identification:Package 'src/courseworks/rpl_panda_with_rs' with type 'ros.ament_cmake' and name 'rpl_panda_with_rs'
[0.476s] Level 1:colcon.colcon_core.package_discovery:discover_packages(recursive) using defaults
[0.476s] Level 1:colcon.colcon_core.package_discovery:discover_packages(ignore) discover
[0.476s] Level 1:colcon.colcon_core.package_discovery:discover_packages(ignore) using defaults
[0.476s] Level 1:colcon.colcon_core.package_discovery:discover_packages(path) discover
[0.476s] Level 1:colcon.colcon_core.package_discovery:discover_packages(path) using defaults
[0.511s] Level 1:colcon.colcon_core.package_discovery:discover_packages(prefix_path) check parameters
[0.511s] Level 1:colcon.colcon_core.package_discovery:discover_packages(prefix_path) discover
[0.515s] DEBUG:colcon.colcon_installed_package_information.package_discovery:Found 7 installed packages in /home/bizare/Desktop/cw2_team_14/install
[0.516s] DEBUG:colcon.colcon_installed_package_information.package_discovery:Found 375 installed packages in /opt/ros/humble
[0.518s] Level 1:colcon.colcon_core.package_discovery:discover_packages(prefix_path) using defaults
[0.562s] Level 5:colcon.colcon_core.verb:set package 'cw1_world_spawner' build argument 'cmake_args' from command line to 'None'
[0.562s] Level 5:colcon.colcon_core.verb:set package 'cw1_world_spawner' build argument 'cmake_target' from command line to 'None'
[0.562s] Level 5:colcon.colcon_core.verb:set package 'cw1_world_spawner' build argument 'cmake_target_skip_unavailable' from command line to 'False'
[0.562s] Level 5:colcon.colcon_core.verb:set package 'cw1_world_spawner' build argument 'cmake_clean_cache' from command line to 'False'
[0.562s] Level 5:colcon.colcon_core.verb:set package 'cw1_world_spawner' build argument 'cmake_clean_first' from command line to 'False'
[0.562s] Level 5:colcon.colcon_core.verb:set package 'cw1_world_spawner' build argument 'cmake_force_configure' from command line to 'False'
[0.562s] Level 5:colcon.colcon_core.verb:set package 'cw1_world_spawner' build argument 'ament_cmake_args' from command line to 'None'
[0.562s] Level 5:colcon.colcon_core.verb:set package 'cw1_world_spawner' build argument 'catkin_cmake_args' from command line to 'None'
[0.562s] Level 5:colcon.colcon_core.verb:set package 'cw1_world_spawner' build argument 'catkin_skip_building_tests' from command line to 'False'
[0.562s] DEBUG:colcon.colcon_core.verb:Building package 'cw1_world_spawner' with the following arguments: {'ament_cmake_args': None, 'build_base': '/home/bizare/Desktop/cw2_team_14/build/cw1_world_spawner', 'catkin_cmake_args': None, 'catkin_skip_building_tests': False, 'cmake_args': None, 'cmake_clean_cache': False, 'cmake_clean_first': False, 'cmake_force_configure': False, 'cmake_target': None, 'cmake_target_skip_unavailable': False, 'install_base': '/home/bizare/Desktop/cw2_team_14/install/cw1_world_spawner', 'merge_install': False, 'path': '/home/bizare/Desktop/cw2_team_14/src/courseworks/cw1_world_spawner', 'symlink_install': False, 'test_result_base': None}
[0.562s] Level 5:colcon.colcon_core.verb:set package 'cw2_world_spawner' build argument 'cmake_args' from command line to 'None'
[0.562s] Level 5:colcon.colcon_core.verb:set package 'cw2_world_spawner' build argument 'cmake_target' from command line to 'None'
[0.563s] Level 5:colcon.colcon_core.verb:set package 'cw2_world_spawner' build argument 'cmake_target_skip_unavailable' from command line to 'False'
[0.563s] Level 5:colcon.colcon_core.verb:set package 'cw2_world_spawner' build argument 'cmake_clean_cache' from command line to 'False'
[0.563s] Level 5:colcon.colcon_core.verb:set package 'cw2_world_spawner' build argument 'cmake_clean_first' from command line to 'False'
[0.563s] Level 5:colcon.colcon_core.verb:set package 'cw2_world_spawner' build argument 'cmake_force_configure' from command line to 'False'
[0.563s] Level 5:colcon.colcon_core.verb:set package 'cw2_world_spawner' build argument 'ament_cmake_args' from command line to 'None'
[0.563s] Level 5:colcon.colcon_core.verb:set package 'cw2_world_spawner' build argument 'catkin_cmake_args' from command line to 'None'
[0.563s] Level 5:colcon.colcon_core.verb:set package 'cw2_world_spawner' build argument 'catkin_skip_building_tests' from command line to 'False'
[0.563s] DEBUG:colcon.colcon_core.verb:Building package 'cw2_world_spawner' with the following arguments: {'ament_cmake_args': None, 'build_base': '/home/bizare/Desktop/cw2_team_14/build/cw2_world_spawner', 'catkin_cmake_args': None, 'catkin_skip_building_tests': False, 'cmake_args': None, 'cmake_clean_cache': False, 'cmake_clean_first': False, 'cmake_force_configure': False, 'cmake_target': None, 'cmake_target_skip_unavailable': False, 'install_base': '/home/bizare/Desktop/cw2_team_14/install/cw2_world_spawner', 'merge_install': False, 'path': '/home/bizare/Desktop/cw2_team_14/src/courseworks/cw2_world_spawner', 'symlink_install': False, 'test_result_base': None}
[0.563s] Level 5:colcon.colcon_core.verb:set package 'panda_description' build argument 'cmake_args' from command line to 'None'
[0.563s] Level 5:colcon.colcon_core.verb:set package 'panda_description' build argument 'cmake_target' from command line to 'None'
[0.563s] Level 5:colcon.colcon_core.verb:set package 'panda_description' build argument 'cmake_target_skip_unavailable' from command line to 'False'
[0.563s] Level 5:colcon.colcon_core.verb:set package 'panda_description' build argument 'cmake_clean_cache' from command line to 'False'
[0.563s] Level 5:colcon.colcon_core.verb:set package 'panda_description' build argument 'cmake_clean_first' from command line to 'False'
[0.563s] Level 5:colcon.colcon_core.verb:set package 'panda_description' build argument 'cmake_force_configure' from command line to 'False'
[0.563s] Level 5:colcon.colcon_core.verb:set package 'panda_description' build argument 'ament_cmake_args' from command line to 'None'
[0.563s] Level 5:colcon.colcon_core.verb:set package 'panda_description' build argument 'catkin_cmake_args' from command line to 'None'
[0.563s] Level 5:colcon.colcon_core.verb:set package 'panda_description' build argument 'catkin_skip_building_tests' from command line to 'False'
[0.563s] DEBUG:colcon.colcon_core.verb:Building package 'panda_description' with the following arguments: {'ament_cmake_args': None, 'build_base': '/home/bizare/Desktop/cw2_team_14/build/panda_description', 'catkin_cmake_args': None, 'catkin_skip_building_tests': False, 'cmake_args': None, 'cmake_clean_cache': False, 'cmake_clean_first': False, 'cmake_force_configure': False, 'cmake_target': None, 'cmake_target_skip_unavailable': False, 'install_base': '/home/bizare/Desktop/cw2_team_14/install/panda_description', 'merge_install': False, 'path': '/home/bizare/Desktop/cw2_team_14/src/courseworks/panda_description', 'symlink_install': False, 'test_result_base': None}
[0.564s] Level 5:colcon.colcon_core.verb:set package 'panda_moveit_config' build argument 'cmake_args' from command line to 'None'
[0.564s] Level 5:colcon.colcon_core.verb:set package 'panda_moveit_config' build argument 'cmake_target' from command line to 'None'
[0.564s] Level 5:colcon.colcon_core.verb:set package 'panda_moveit_config' build argument 'cmake_target_skip_unavailable' from command line to 'False'
[0.564s] Level 5:colcon.colcon_core.verb:set package 'panda_moveit_config' build argument 'cmake_clean_cache' from command line to 'False'
[0.564s] Level 5:colcon.colcon_core.verb:set package 'panda_moveit_config' build argument 'cmake_clean_first' from command line to 'False'
[0.564s] Level 5:colcon.colcon_core.verb:set package 'panda_moveit_config' build argument 'cmake_force_configure' from command line to 'False'
[0.564s] Level 5:colcon.colcon_core.verb:set package 'panda_moveit_config' build argument 'ament_cmake_args' from command line to 'None'
[0.564s] Level 5:colcon.colcon_core.verb:set package 'panda_moveit_config' build argument 'catkin_cmake_args' from command line to 'None'
[0.564s] Level 5:colcon.colcon_core.verb:set package 'panda_moveit_config' build argument 'catkin_skip_building_tests' from command line to 'False'
[0.564s] DEBUG:colcon.colcon_core.verb:Building package 'panda_moveit_config' with the following arguments: {'ament_cmake_args': None, 'build_base': '/home/bizare/Desktop/cw2_team_14/build/panda_moveit_config', 'catkin_cmake_args': None, 'catkin_skip_building_tests': False, 'cmake_args': None, 'cmake_clean_cache': False, 'cmake_clean_first': False, 'cmake_force_configure': False, 'cmake_target': None, 'cmake_target_skip_unavailable': False, 'install_base': '/home/bizare/Desktop/cw2_team_14/install/panda_moveit_config', 'merge_install': False, 'path': '/home/bizare/Desktop/cw2_team_14/src/courseworks/panda_moveit_config', 'symlink_install': False, 'test_result_base': None}
[0.564s] Level 5:colcon.colcon_core.verb:set package 'realsense_gazebo_plugin' build argument 'cmake_args' from command line to 'None'
[0.564s] Level 5:colcon.colcon_core.verb:set package 'realsense_gazebo_plugin' build argument 'cmake_target' from command line to 'None'
[0.564s] Level 5:colcon.colcon_core.verb:set package 'realsense_gazebo_plugin' build argument 'cmake_target_skip_unavailable' from command line to 'False'
[0.564s] Level 5:colcon.colcon_core.verb:set package 'realsense_gazebo_plugin' build argument 'cmake_clean_cache' from command line to 'False'
[0.564s] Level 5:colcon.colcon_core.verb:set package 'realsense_gazebo_plugin' build argument 'cmake_clean_first' from command line to 'False'
[0.564s] Level 5:colcon.colcon_core.verb:set package 'realsense_gazebo_plugin' build argument 'cmake_force_configure' from command line to 'False'
[0.564s] Level 5:colcon.colcon_core.verb:set package 'realsense_gazebo_plugin' build argument 'ament_cmake_args' from command line to 'None'
[0.564s] Level 5:colcon.colcon_core.verb:set package 'realsense_gazebo_plugin' build argument 'catkin_cmake_args' from command line to 'None'
[0.564s] Level 5:colcon.colcon_core.verb:set package 'realsense_gazebo_plugin' build argument 'catkin_skip_building_tests' from command line to 'False'
[0.564s] DEBUG:colcon.colcon_core.verb:Building package 'realsense_gazebo_plugin' with the following arguments: {'ament_cmake_args': None, 'build_base': '/home/bizare/Desktop/cw2_team_14/build/realsense_gazebo_plugin', 'catkin_cmake_args': None, 'catkin_skip_building_tests': False, 'cmake_args': None, 'cmake_clean_cache': False, 'cmake_clean_first': False, 'cmake_force_configure': False, 'cmake_target': None, 'cmake_target_skip_unavailable': False, 'install_base': '/home/bizare/Desktop/cw2_team_14/install/realsense_gazebo_plugin', 'merge_install': False, 'path': '/home/bizare/Desktop/cw2_team_14/src/courseworks/realsense_gazebo_plugin', 'symlink_install': False, 'test_result_base': None}
[0.565s] Level 5:colcon.colcon_core.verb:set package 'cw2_team_14' build argument 'cmake_args' from command line to 'None'
[0.565s] Level 5:colcon.colcon_core.verb:set package 'cw2_team_14' build argument 'cmake_target' from command line to 'None'
[0.565s] Level 5:colcon.colcon_core.verb:set package 'cw2_team_14' build argument 'cmake_target_skip_unavailable' from command line to 'False'
[0.565s] Level 5:colcon.colcon_core.verb:set package 'cw2_team_14' build argument 'cmake_clean_cache' from command line to 'False'
[0.565s] Level 5:colcon.colcon_core.verb:set package 'cw2_team_14' build argument 'cmake_clean_first' from command line to 'False'
[0.565s] Level 5:colcon.colcon_core.verb:set package 'cw2_team_14' build argument 'cmake_force_configure' from command line to 'False'
[0.565s] Level 5:colcon.colcon_core.verb:set package 'cw2_team_14' build argument 'ament_cmake_args' from command line to 'None'
[0.565s] Level 5:colcon.colcon_core.verb:set package 'cw2_team_14' build argument 'catkin_cmake_args' from command line to 'None'
[0.565s] Level 5:colcon.colcon_core.verb:set package 'cw2_team_14' build argument 'catkin_skip_building_tests' from command line to 'False'
[0.565s] DEBUG:colcon.colcon_core.verb:Building package 'cw2_team_14' with the following arguments: {'ament_cmake_args': None, 'build_base': '/home/bizare/Desktop/cw2_team_14/build/cw2_team_14', 'catkin_cmake_args': None, 'catkin_skip_building_tests': False, 'cmake_args': None, 'cmake_clean_cache': False, 'cmake_clean_first': False, 'cmake_force_configure': False, 'cmake_target': None, 'cmake_target_skip_unavailable': False, 'install_base': '/home/bizare/Desktop/cw2_team_14/install/cw2_team_14', 'merge_install': False, 'path': '/home/bizare/Desktop/cw2_team_14/src/courseworks/cw2_team_14', 'symlink_install': False, 'test_result_base': None}
[0.566s] Level 5:colcon.colcon_core.verb:set package 'rpl_panda_with_rs' build argument 'cmake_args' from command line to 'None'
[0.566s] Level 5:colcon.colcon_core.verb:set package 'rpl_panda_with_rs' build argument 'cmake_target' from command line to 'None'
[0.566s] Level 5:colcon.colcon_core.verb:set package 'rpl_panda_with_rs' build argument 'cmake_target_skip_unavailable' from command line to 'False'
[0.566s] Level 5:colcon.colcon_core.verb:set package 'rpl_panda_with_rs' build argument 'cmake_clean_cache' from command line to 'False'
[0.566s] Level 5:colcon.colcon_core.verb:set package 'rpl_panda_with_rs' build argument 'cmake_clean_first' from command line to 'False'
[0.566s] Level 5:colcon.colcon_core.verb:set package 'rpl_panda_with_rs' build argument 'cmake_force_configure' from command line to 'False'
[0.566s] Level 5:colcon.colcon_core.verb:set package 'rpl_panda_with_rs' build argument 'ament_cmake_args' from command line to 'None'
[0.566s] Level 5:colcon.colcon_core.verb:set package 'rpl_panda_with_rs' build argument 'catkin_cmake_args' from command line to 'None'
[0.566s] Level 5:colcon.colcon_core.verb:set package 'rpl_panda_with_rs' build argument 'catkin_skip_building_tests' from command line to 'False'
[0.566s] DEBUG:colcon.colcon_core.verb:Building package 'rpl_panda_with_rs' with the following arguments: {'ament_cmake_args': None, 'build_base': '/home/bizare/Desktop/cw2_team_14/build/rpl_panda_with_rs', 'catkin_cmake_args': None, 'catkin_skip_building_tests': False, 'cmake_args': None, 'cmake_clean_cache': False, 'cmake_clean_first': False, 'cmake_force_configure': False, 'cmake_target': None, 'cmake_target_skip_unavailable': False, 'install_base': '/home/bizare/Desktop/cw2_team_14/install/rpl_panda_with_rs', 'merge_install': False, 'path': '/home/bizare/Desktop/cw2_team_14/src/courseworks/rpl_panda_with_rs', 'symlink_install': False, 'test_result_base': None}
[0.566s] INFO:colcon.colcon_core.executor:Executing jobs using 'parallel' executor
[0.569s] DEBUG:colcon.colcon_parallel_executor.executor.parallel:run_until_complete
[0.570s] INFO:colcon.colcon_ros.task.ament_cmake.build:Building ROS package in '/home/bizare/Desktop/cw2_team_14/src/courseworks/cw2_world_spawner' with build type 'ament_cmake'
[0.570s] INFO:colcon.colcon_cmake.task.cmake.build:Building CMake package in '/home/bizare/Desktop/cw2_team_14/src/courseworks/cw2_world_spawner'
[0.575s] INFO:colcon.colcon_core.plugin_system:Skipping extension 'colcon_core.shell.bat': Not used on non-Windows systems
[0.575s] INFO:colcon.colcon_core.shell:Skip shell extension 'powershell' for command environment: Not usable outside of PowerShell
[0.575s] DEBUG:colcon.colcon_core.shell:Skip shell extension 'dsv' for command environment
[0.582s] INFO:colcon.colcon_ros.task.ament_cmake.build:Building ROS package in '/home/bizare/Desktop/cw2_team_14/src/courseworks/panda_moveit_config' with build type 'ament_cmake'
[0.582s] INFO:colcon.colcon_cmake.task.cmake.build:Building CMake package in '/home/bizare/Desktop/cw2_team_14/src/courseworks/panda_moveit_config'
[0.582s] INFO:colcon.colcon_core.shell:Skip shell extension 'powershell' for command environment: Not usable outside of PowerShell
[0.582s] DEBUG:colcon.colcon_core.shell:Skip shell extension 'dsv' for command environment
[0.592s] DEBUG:colcon.colcon_core.event_handler.log_command:Invoking command in '/home/bizare/Desktop/cw2_team_14/build/cw2_world_spawner': CMAKE_PREFIX_PATH=${CMAKE_PREFIX_PATH}:/opt/ros/humble /usr/bin/cmake --build /home/bizare/Desktop/cw2_team_14/build/cw2_world_spawner -- -j2 -l2
[0.606s] DEBUG:colcon.colcon_core.event_handler.log_command:Invoking command in '/home/bizare/Desktop/cw2_team_14/build/panda_moveit_config': CMAKE_PREFIX_PATH=${CMAKE_PREFIX_PATH}:/opt/ros/humble /usr/bin/cmake --build /home/bizare/Desktop/cw2_team_14/build/panda_moveit_config -- -j2 -l2
[0.696s] DEBUG:colcon.colcon_core.event_handler.log_command:Invoked command in '/home/bizare/Desktop/cw2_team_14/build/panda_moveit_config' returned '0': CMAKE_PREFIX_PATH=${CMAKE_PREFIX_PATH}:/opt/ros/humble /usr/bin/cmake --build /home/bizare/Desktop/cw2_team_14/build/panda_moveit_config -- -j2 -l2
[0.715s] DEBUG:colcon.colcon_core.event_handler.log_command:Invoking command in '/home/bizare/Desktop/cw2_team_14/build/panda_moveit_config': CMAKE_PREFIX_PATH=${CMAKE_PREFIX_PATH}:/opt/ros/humble /usr/bin/cmake --install /home/bizare/Desktop/cw2_team_14/build/panda_moveit_config
[0.743s] Level 1:colcon.colcon_core.environment:create_environment_scripts_only(panda_moveit_config)
[0.743s] DEBUG:colcon.colcon_core.event_handler.log_command:Invoked command in '/home/bizare/Desktop/cw2_team_14/build/panda_moveit_config' returned '0': CMAKE_PREFIX_PATH=${CMAKE_PREFIX_PATH}:/opt/ros/humble /usr/bin/cmake --install /home/bizare/Desktop/cw2_team_14/build/panda_moveit_config
[0.764s] Level 1:colcon.colcon_core.environment:checking '/home/bizare/Desktop/cw2_team_14/install/panda_moveit_config' for CMake module files
[0.764s] Level 1:colcon.colcon_core.environment:checking '/home/bizare/Desktop/cw2_team_14/install/panda_moveit_config' for CMake config files
[0.764s] Level 1:colcon.colcon_core.shell:create_environment_hook('panda_moveit_config', 'cmake_prefix_path')
[0.764s] INFO:colcon.colcon_core.shell:Creating environment hook '/home/bizare/Desktop/cw2_team_14/install/panda_moveit_config/share/panda_moveit_config/hook/cmake_prefix_path.ps1'
[0.773s] INFO:colcon.colcon_core.shell:Creating environment descriptor '/home/bizare/Desktop/cw2_team_14/install/panda_moveit_config/share/panda_moveit_config/hook/cmake_prefix_path.dsv'
[0.778s] INFO:colcon.colcon_core.shell:Creating environment hook '/home/bizare/Desktop/cw2_team_14/install/panda_moveit_config/share/panda_moveit_config/hook/cmake_prefix_path.sh'
[0.784s] Level 1:colcon.colcon_core.environment:checking '/home/bizare/Desktop/cw2_team_14/install/panda_moveit_config/bin'
[0.784s] Level 1:colcon.colcon_core.environment:checking '/home/bizare/Desktop/cw2_team_14/install/panda_moveit_config/lib/pkgconfig/panda_moveit_config.pc'
[0.784s] Level 1:colcon.colcon_core.environment:checking '/home/bizare/Desktop/cw2_team_14/install/panda_moveit_config/lib/python3.10/site-packages'
[0.784s] Level 1:colcon.colcon_core.environment:checking '/home/bizare/Desktop/cw2_team_14/install/panda_moveit_config/bin'
[0.788s] INFO:colcon.colcon_core.shell:Creating package script '/home/bizare/Desktop/cw2_team_14/install/panda_moveit_config/share/panda_moveit_config/package.ps1'
[0.790s] INFO:colcon.colcon_core.shell:Creating package descriptor '/home/bizare/Desktop/cw2_team_14/install/panda_moveit_config/share/panda_moveit_config/package.dsv'
[0.792s] INFO:colcon.colcon_core.shell:Creating package script '/home/bizare/Desktop/cw2_team_14/install/panda_moveit_config/share/panda_moveit_config/package.sh'
[0.797s] INFO:colcon.colcon_core.shell:Creating package script '/home/bizare/Desktop/cw2_team_14/install/panda_moveit_config/share/panda_moveit_config/package.bash'
[0.803s] INFO:colcon.colcon_core.shell:Creating package script '/home/bizare/Desktop/cw2_team_14/install/panda_moveit_config/share/panda_moveit_config/package.zsh'
[0.807s] Level 1:colcon.colcon_core.environment:create_file_with_runtime_dependencies(/home/bizare/Desktop/cw2_team_14/install/panda_moveit_config/share/colcon-core/packages/panda_moveit_config)
[0.810s] Level 1:colcon.colcon_core.environment:create_environment_scripts_only(panda_moveit_config)
[0.811s] Level 1:colcon.colcon_core.environment:checking '/home/bizare/Desktop/cw2_team_14/install/panda_moveit_config' for CMake module files
[0.814s] Level 1:colcon.colcon_core.environment:checking '/home/bizare/Desktop/cw2_team_14/install/panda_moveit_config' for CMake config files
[0.815s] Level 1:colcon.colcon_core.shell:create_environment_hook('panda_moveit_config', 'cmake_prefix_path')
[0.815s] INFO:colcon.colcon_core.shell:Creating environment hook '/home/bizare/Desktop/cw2_team_14/install/panda_moveit_config/share/panda_moveit_config/hook/cmake_prefix_path.ps1'
[0.816s] INFO:colcon.colcon_core.shell:Creating environment descriptor '/home/bizare/Desktop/cw2_team_14/install/panda_moveit_config/share/panda_moveit_config/hook/cmake_prefix_path.dsv'
[0.821s] INFO:colcon.colcon_core.shell:Creating environment hook '/home/bizare/Desktop/cw2_team_14/install/panda_moveit_config/share/panda_moveit_config/hook/cmake_prefix_path.sh'
[0.823s] Level 1:colcon.colcon_core.environment:checking '/home/bizare/Desktop/cw2_team_14/install/panda_moveit_config/bin'
[0.826s] Level 1:colcon.colcon_core.environment:checking '/home/bizare/Desktop/cw2_team_14/install/panda_moveit_config/lib/pkgconfig/panda_moveit_config.pc'
[0.826s] Level 1:colcon.colcon_core.environment:checking '/home/bizare/Desktop/cw2_team_14/install/panda_moveit_config/lib/python3.10/site-packages'
[0.826s] Level 1:colcon.colcon_core.environment:checking '/home/bizare/Desktop/cw2_team_14/install/panda_moveit_config/bin'
[0.830s] INFO:colcon.colcon_core.shell:Creating package script '/home/bizare/Desktop/cw2_team_14/install/panda_moveit_config/share/panda_moveit_config/package.ps1'
[0.830s] INFO:colcon.colcon_core.shell:Creating package descriptor '/home/bizare/Desktop/cw2_team_14/install/panda_moveit_config/share/panda_moveit_config/package.dsv'
[0.831s] INFO:colcon.colcon_core.shell:Creating package script '/home/bizare/Desktop/cw2_team_14/install/panda_moveit_config/share/panda_moveit_config/package.sh'
[0.831s] INFO:colcon.colcon_core.shell:Creating package script '/home/bizare/Desktop/cw2_team_14/install/panda_moveit_config/share/panda_moveit_config/package.bash'
[0.831s] INFO:colcon.colcon_core.shell:Creating package script '/home/bizare/Desktop/cw2_team_14/install/panda_moveit_config/share/panda_moveit_config/package.zsh'
[0.842s] Level 1:colcon.colcon_core.environment:create_file_with_runtime_dependencies(/home/bizare/Desktop/cw2_team_14/install/panda_moveit_config/share/colcon-core/packages/panda_moveit_config)
[0.845s] INFO:colcon.colcon_ros.task.ament_cmake.build:Building ROS package in '/home/bizare/Desktop/cw2_team_14/src/courseworks/realsense_gazebo_plugin' with build type 'ament_cmake'
[0.845s] INFO:colcon.colcon_cmake.task.cmake.build:Building CMake package in '/home/bizare/Desktop/cw2_team_14/src/courseworks/realsense_gazebo_plugin'
[0.845s] INFO:colcon.colcon_core.shell:Skip shell extension 'powershell' for command environment: Not usable outside of PowerShell
[0.845s] DEBUG:colcon.colcon_core.shell:Skip shell extension 'dsv' for command environment
[0.864s] DEBUG:colcon.colcon_core.event_handler.log_command:Invoking command in '/home/bizare/Desktop/cw2_team_14/build/realsense_gazebo_plugin': CMAKE_PREFIX_PATH=${CMAKE_PREFIX_PATH}:/opt/ros/humble /usr/bin/cmake --build /home/bizare/Desktop/cw2_team_14/build/realsense_gazebo_plugin -- -j2 -l2
[1.158s] DEBUG:colcon.colcon_core.event_handler.log_command:Invoked command in '/home/bizare/Desktop/cw2_team_14/build/realsense_gazebo_plugin' returned '0': CMAKE_PREFIX_PATH=${CMAKE_PREFIX_PATH}:/opt/ros/humble /usr/bin/cmake --build /home/bizare/Desktop/cw2_team_14/build/realsense_gazebo_plugin -- -j2 -l2
[1.164s] DEBUG:colcon.colcon_core.event_handler.log_command:Invoking command in '/home/bizare/Desktop/cw2_team_14/build/realsense_gazebo_plugin': CMAKE_PREFIX_PATH=${CMAKE_PREFIX_PATH}:/opt/ros/humble /usr/bin/cmake --install /home/bizare/Desktop/cw2_team_14/build/realsense_gazebo_plugin
[1.199s] Level 1:colcon.colcon_core.environment:create_environment_scripts_only(realsense_gazebo_plugin)
[1.199s] Level 1:colcon.colcon_core.environment:checking '/home/bizare/Desktop/cw2_team_14/install/realsense_gazebo_plugin' for CMake module files
[1.200s] Level 1:colcon.colcon_core.environment:checking '/home/bizare/Desktop/cw2_team_14/install/realsense_gazebo_plugin' for CMake config files
[1.200s] Level 1:colcon.colcon_core.shell:create_environment_hook('realsense_gazebo_plugin', 'cmake_prefix_path')
[1.200s] INFO:colcon.colcon_core.shell:Creating environment hook '/home/bizare/Desktop/cw2_team_14/install/realsense_gazebo_plugin/share/realsense_gazebo_plugin/hook/cmake_prefix_path.ps1'
[1.200s] INFO:colcon.colcon_core.shell:Creating environment descriptor '/home/bizare/Desktop/cw2_team_14/install/realsense_gazebo_plugin/share/realsense_gazebo_plugin/hook/cmake_prefix_path.dsv'
[1.202s] DEBUG:colcon.colcon_core.event_handler.log_command:Invoked command in '/home/bizare/Desktop/cw2_team_14/build/realsense_gazebo_plugin' returned '0': CMAKE_PREFIX_PATH=${CMAKE_PREFIX_PATH}:/opt/ros/humble /usr/bin/cmake --install /home/bizare/Desktop/cw2_team_14/build/realsense_gazebo_plugin
[1.207s] INFO:colcon.colcon_core.shell:Creating environment hook '/home/bizare/Desktop/cw2_team_14/install/realsense_gazebo_plugin/share/realsense_gazebo_plugin/hook/cmake_prefix_path.sh'
[1.208s] Level 1:colcon.colcon_core.environment:checking '/home/bizare/Desktop/cw2_team_14/install/realsense_gazebo_plugin/lib'
[1.208s] Level 1:colcon.colcon_core.shell:create_environment_hook('realsense_gazebo_plugin', 'ld_library_path_lib')
[1.208s] INFO:colcon.colcon_core.shell:Creating environment hook '/home/bizare/Desktop/cw2_team_14/install/realsense_gazebo_plugin/share/realsense_gazebo_plugin/hook/ld_library_path_lib.ps1'
[1.208s] INFO:colcon.colcon_core.shell:Creating environment descriptor '/home/bizare/Desktop/cw2_team_14/install/realsense_gazebo_plugin/share/realsense_gazebo_plugin/hook/ld_library_path_lib.dsv'
[1.212s] INFO:colcon.colcon_core.shell:Creating environment hook '/home/bizare/Desktop/cw2_team_14/install/realsense_gazebo_plugin/share/realsense_gazebo_plugin/hook/ld_library_path_lib.sh'
[1.212s] Level 1:colcon.colcon_core.environment:checking '/home/bizare/Desktop/cw2_team_14/install/realsense_gazebo_plugin/bin'
[1.212s] Level 1:colcon.colcon_core.environment:checking '/home/bizare/Desktop/cw2_team_14/install/realsense_gazebo_plugin/lib/pkgconfig/realsense_gazebo_plugin.pc'
[1.216s] Level 1:colcon.colcon_core.environment:checking '/home/bizare/Desktop/cw2_team_14/install/realsense_gazebo_plugin/lib/python3.10/site-packages'
[1.216s] Level 1:colcon.colcon_core.environment:checking '/home/bizare/Desktop/cw2_team_14/install/realsense_gazebo_plugin/bin'
[1.216s] INFO:colcon.colcon_core.shell:Creating package script '/home/bizare/Desktop/cw2_team_14/install/realsense_gazebo_plugin/share/realsense_gazebo_plugin/package.ps1'
[1.218s] INFO:colcon.colcon_core.shell:Creating package descriptor '/home/bizare/Desktop/cw2_team_14/install/realsense_gazebo_plugin/share/realsense_gazebo_plugin/package.dsv'
[1.222s] INFO:colcon.colcon_core.shell:Creating package script '/home/bizare/Desktop/cw2_team_14/install/realsense_gazebo_plugin/share/realsense_gazebo_plugin/package.sh'
[1.223s] INFO:colcon.colcon_core.shell:Creating package script '/home/bizare/Desktop/cw2_team_14/install/realsense_gazebo_plugin/share/realsense_gazebo_plugin/package.bash'
[1.223s] INFO:colcon.colcon_core.shell:Creating package script '/home/bizare/Desktop/cw2_team_14/install/realsense_gazebo_plugin/share/realsense_gazebo_plugin/package.zsh'
[1.223s] Level 1:colcon.colcon_core.environment:create_file_with_runtime_dependencies(/home/bizare/Desktop/cw2_team_14/install/realsense_gazebo_plugin/share/colcon-core/packages/realsense_gazebo_plugin)
[1.224s] Level 1:colcon.colcon_core.environment:create_environment_scripts_only(realsense_gazebo_plugin)
[1.230s] Level 1:colcon.colcon_core.environment:checking '/home/bizare/Desktop/cw2_team_14/install/realsense_gazebo_plugin' for CMake module files
[1.231s] Level 1:colcon.colcon_core.environment:checking '/home/bizare/Desktop/cw2_team_14/install/realsense_gazebo_plugin' for CMake config files
[1.231s] Level 1:colcon.colcon_core.shell:create_environment_hook('realsense_gazebo_plugin', 'cmake_prefix_path')
[1.231s] INFO:colcon.colcon_core.shell:Creating environment hook '/home/bizare/Desktop/cw2_team_14/install/realsense_gazebo_plugin/share/realsense_gazebo_plugin/hook/cmake_prefix_path.ps1'
[1.231s] INFO:colcon.colcon_core.shell:Creating environment descriptor '/home/bizare/Desktop/cw2_team_14/install/realsense_gazebo_plugin/share/realsense_gazebo_plugin/hook/cmake_prefix_path.dsv'
[1.236s] INFO:colcon.colcon_core.shell:Creating environment hook '/home/bizare/Desktop/cw2_team_14/install/realsense_gazebo_plugin/share/realsense_gazebo_plugin/hook/cmake_prefix_path.sh'
[1.237s] Level 1:colcon.colcon_core.environment:checking '/home/bizare/Desktop/cw2_team_14/install/realsense_gazebo_plugin/lib'
[1.237s] Level 1:colcon.colcon_core.shell:create_environment_hook('realsense_gazebo_plugin', 'ld_library_path_lib')
[1.237s] INFO:colcon.colcon_core.shell:Creating environment hook '/home/bizare/Desktop/cw2_team_14/install/realsense_gazebo_plugin/share/realsense_gazebo_plugin/hook/ld_library_path_lib.ps1'
[1.239s] INFO:colcon.colcon_core.shell:Creating environment descriptor '/home/bizare/Desktop/cw2_team_14/install/realsense_gazebo_plugin/share/realsense_gazebo_plugin/hook/ld_library_path_lib.dsv'
[1.240s] INFO:colcon.colcon_core.shell:Creating environment hook '/home/bizare/Desktop/cw2_team_14/install/realsense_gazebo_plugin/share/realsense_gazebo_plugin/hook/ld_library_path_lib.sh'
[1.240s] Level 1:colcon.colcon_core.environment:checking '/home/bizare/Desktop/cw2_team_14/install/realsense_gazebo_plugin/bin'
[1.240s] Level 1:colcon.colcon_core.environment:checking '/home/bizare/Desktop/cw2_team_14/install/realsense_gazebo_plugin/lib/pkgconfig/realsense_gazebo_plugin.pc'
[1.240s] Level 1:colcon.colcon_core.environment:checking '/home/bizare/Desktop/cw2_team_14/install/realsense_gazebo_plugin/lib/python3.10/site-packages'
[1.241s] Level 1:colcon.colcon_core.environment:checking '/home/bizare/Desktop/cw2_team_14/install/realsense_gazebo_plugin/bin'
[1.241s] INFO:colcon.colcon_core.shell:Creating package script '/home/bizare/Desktop/cw2_team_14/install/realsense_gazebo_plugin/share/realsense_gazebo_plugin/package.ps1'
[1.241s] INFO:colcon.colcon_core.shell:Creating package descriptor '/home/bizare/Desktop/cw2_team_14/install/realsense_gazebo_plugin/share/realsense_gazebo_plugin/package.dsv'
[1.248s] INFO:colcon.colcon_core.shell:Creating package script '/home/bizare/Desktop/cw2_team_14/install/realsense_gazebo_plugin/share/realsense_gazebo_plugin/package.sh'
[1.248s] INFO:colcon.colcon_core.shell:Creating package script '/home/bizare/Desktop/cw2_team_14/install/realsense_gazebo_plugin/share/realsense_gazebo_plugin/package.bash'
[1.249s] INFO:colcon.colcon_core.shell:Creating package script '/home/bizare/Desktop/cw2_team_14/install/realsense_gazebo_plugin/share/realsense_gazebo_plugin/package.zsh'
[1.249s] Level 1:colcon.colcon_core.environment:create_file_with_runtime_dependencies(/home/bizare/Desktop/cw2_team_14/install/realsense_gazebo_plugin/share/colcon-core/packages/realsense_gazebo_plugin)
[1.254s] INFO:colcon.colcon_ros.task.ament_cmake.build:Building ROS package in '/home/bizare/Desktop/cw2_team_14/src/courseworks/cw1_world_spawner' with build type 'ament_cmake'
[1.254s] INFO:colcon.colcon_cmake.task.cmake.build:Building CMake package in '/home/bizare/Desktop/cw2_team_14/src/courseworks/cw1_world_spawner'
[1.254s] INFO:colcon.colcon_core.shell:Skip shell extension 'powershell' for command environment: Not usable outside of PowerShell
[1.254s] DEBUG:colcon.colcon_core.shell:Skip shell extension 'dsv' for command environment
[1.284s] DEBUG:colcon.colcon_core.event_handler.log_command:Invoking command in '/home/bizare/Desktop/cw2_team_14/build/cw1_world_spawner': CMAKE_PREFIX_PATH=${CMAKE_PREFIX_PATH}:/opt/ros/humble /usr/bin/cmake --build /home/bizare/Desktop/cw2_team_14/build/cw1_world_spawner -- -j2 -l2
[1.662s] DEBUG:colcon.colcon_core.event_handler.log_command:Invoked command in '/home/bizare/Desktop/cw2_team_14/build/cw2_world_spawner' returned '0': CMAKE_PREFIX_PATH=${CMAKE_PREFIX_PATH}:/opt/ros/humble /usr/bin/cmake --build /home/bizare/Desktop/cw2_team_14/build/cw2_world_spawner -- -j2 -l2
[1.664s] DEBUG:colcon.colcon_core.event_handler.log_command:Invoking command in '/home/bizare/Desktop/cw2_team_14/build/cw2_world_spawner': CMAKE_PREFIX_PATH=${CMAKE_PREFIX_PATH}:/opt/ros/humble /usr/bin/cmake --install /home/bizare/Desktop/cw2_team_14/build/cw2_world_spawner
[1.856s] Level 1:colcon.colcon_core.environment:create_environment_scripts_only(cw2_world_spawner)
[1.856s] Level 1:colcon.colcon_core.environment:checking '/home/bizare/Desktop/cw2_team_14/install/cw2_world_spawner' for CMake module files
[1.857s] DEBUG:colcon.colcon_core.event_handler.log_command:Invoked command in '/home/bizare/Desktop/cw2_team_14/build/cw2_world_spawner' returned '0': CMAKE_PREFIX_PATH=${CMAKE_PREFIX_PATH}:/opt/ros/humble /usr/bin/cmake --install /home/bizare/Desktop/cw2_team_14/build/cw2_world_spawner
[1.858s] Level 1:colcon.colcon_core.environment:checking '/home/bizare/Desktop/cw2_team_14/install/cw2_world_spawner' for CMake config files
[1.858s] Level 1:colcon.colcon_core.shell:create_environment_hook('cw2_world_spawner', 'cmake_prefix_path')
[1.859s] INFO:colcon.colcon_core.shell:Creating environment hook '/home/bizare/Desktop/cw2_team_14/install/cw2_world_spawner/share/cw2_world_spawner/hook/cmake_prefix_path.ps1'
[1.861s] INFO:colcon.colcon_core.shell:Creating environment descriptor '/home/bizare/Desktop/cw2_team_14/install/cw2_world_spawner/share/cw2_world_spawner/hook/cmake_prefix_path.dsv'
[1.862s] INFO:colcon.colcon_core.shell:Creating environment hook '/home/bizare/Desktop/cw2_team_14/install/cw2_world_spawner/share/cw2_world_spawner/hook/cmake_prefix_path.sh'
[1.864s] Level 1:colcon.colcon_core.environment:checking '/home/bizare/Desktop/cw2_team_14/install/cw2_world_spawner/lib'
[1.864s] Level 1:colcon.colcon_core.shell:create_environment_hook('cw2_world_spawner', 'ld_library_path_lib')
[1.864s] INFO:colcon.colcon_core.shell:Creating environment hook '/home/bizare/Desktop/cw2_team_14/install/cw2_world_spawner/share/cw2_world_spawner/hook/ld_library_path_lib.ps1'
[1.866s] INFO:colcon.colcon_core.shell:Creating environment descriptor '/home/bizare/Desktop/cw2_team_14/install/cw2_world_spawner/share/cw2_world_spawner/hook/ld_library_path_lib.dsv'
[1.867s] INFO:colcon.colcon_core.shell:Creating environment hook '/home/bizare/Desktop/cw2_team_14/install/cw2_world_spawner/share/cw2_world_spawner/hook/ld_library_path_lib.sh'
[1.869s] Level 1:colcon.colcon_core.environment:checking '/home/bizare/Desktop/cw2_team_14/install/cw2_world_spawner/bin'
[1.869s] Level 1:colcon.colcon_core.environment:checking '/home/bizare/Desktop/cw2_team_14/install/cw2_world_spawner/lib/pkgconfig/cw2_world_spawner.pc'
[1.869s] Level 1:colcon.colcon_core.environment:checking '/home/bizare/Desktop/cw2_team_14/install/cw2_world_spawner/lib/python3.10/site-packages'
[1.870s] Level 1:colcon.colcon_core.environment:checking '/home/bizare/Desktop/cw2_team_14/install/cw2_world_spawner/bin'
[1.870s] INFO:colcon.colcon_core.shell:Creating package script '/home/bizare/Desktop/cw2_team_14/install/cw2_world_spawner/share/cw2_world_spawner/package.ps1'
[1.872s] INFO:colcon.colcon_core.shell:Creating package descriptor '/home/bizare/Desktop/cw2_team_14/install/cw2_world_spawner/share/cw2_world_spawner/package.dsv'
[1.873s] INFO:colcon.colcon_core.shell:Creating package script '/home/bizare/Desktop/cw2_team_14/install/cw2_world_spawner/share/cw2_world_spawner/package.sh'
[1.873s] INFO:colcon.colcon_core.shell:Creating package script '/home/bizare/Desktop/cw2_team_14/install/cw2_world_spawner/share/cw2_world_spawner/package.bash'
[1.874s] INFO:colcon.colcon_core.shell:Creating package script '/home/bizare/Desktop/cw2_team_14/install/cw2_world_spawner/share/cw2_world_spawner/package.zsh'
[1.876s] Level 1:colcon.colcon_core.environment:create_file_with_runtime_dependencies(/home/bizare/Desktop/cw2_team_14/install/cw2_world_spawner/share/colcon-core/packages/cw2_world_spawner)
[1.877s] Level 1:colcon.colcon_core.environment:create_environment_scripts_only(cw2_world_spawner)
[1.877s] Level 1:colcon.colcon_core.environment:checking '/home/bizare/Desktop/cw2_team_14/install/cw2_world_spawner' for CMake module files
[1.878s] Level 1:colcon.colcon_core.environment:checking '/home/bizare/Desktop/cw2_team_14/install/cw2_world_spawner' for CMake config files
[1.881s] Level 1:colcon.colcon_core.shell:create_environment_hook('cw2_world_spawner', 'cmake_prefix_path')
[1.883s] INFO:colcon.colcon_core.shell:Creating environment hook '/home/bizare/Desktop/cw2_team_14/install/cw2_world_spawner/share/cw2_world_spawner/hook/cmake_prefix_path.ps1'
[1.883s] INFO:colcon.colcon_core.shell:Creating environment descriptor '/home/bizare/Desktop/cw2_team_14/install/cw2_world_spawner/share/cw2_world_spawner/hook/cmake_prefix_path.dsv'
[1.884s] INFO:colcon.colcon_core.shell:Creating environment hook '/home/bizare/Desktop/cw2_team_14/install/cw2_world_spawner/share/cw2_world_spawner/hook/cmake_prefix_path.sh'
[1.888s] Level 1:colcon.colcon_core.environment:checking '/home/bizare/Desktop/cw2_team_14/install/cw2_world_spawner/lib'
[1.888s] Level 1:colcon.colcon_core.shell:create_environment_hook('cw2_world_spawner', 'ld_library_path_lib')
[1.889s] INFO:colcon.colcon_core.shell:Creating environment hook '/home/bizare/Desktop/cw2_team_14/install/cw2_world_spawner/share/cw2_world_spawner/hook/ld_library_path_lib.ps1'
[1.889s] INFO:colcon.colcon_core.shell:Creating environment descriptor '/home/bizare/Desktop/cw2_team_14/install/cw2_world_spawner/share/cw2_world_spawner/hook/ld_library_path_lib.dsv'
[1.891s] INFO:colcon.colcon_core.shell:Creating environment hook '/home/bizare/Desktop/cw2_team_14/install/cw2_world_spawner/share/cw2_world_spawner/hook/ld_library_path_lib.sh'
[1.892s] Level 1:colcon.colcon_core.environment:checking '/home/bizare/Desktop/cw2_team_14/install/cw2_world_spawner/bin'
[1.892s] Level 1:colcon.colcon_core.environment:checking '/home/bizare/Desktop/cw2_team_14/install/cw2_world_spawner/lib/pkgconfig/cw2_world_spawner.pc'
[1.892s] Level 1:colcon.colcon_core.environment:checking '/home/bizare/Desktop/cw2_team_14/install/cw2_world_spawner/lib/python3.10/site-packages'
[1.892s] Level 1:colcon.colcon_core.environment:checking '/home/bizare/Desktop/cw2_team_14/install/cw2_world_spawner/bin'
[1.892s] INFO:colcon.colcon_core.shell:Creating package script '/home/bizare/Desktop/cw2_team_14/install/cw2_world_spawner/share/cw2_world_spawner/package.ps1'
[1.893s] INFO:colcon.colcon_core.shell:Creating package descriptor '/home/bizare/Desktop/cw2_team_14/install/cw2_world_spawner/share/cw2_world_spawner/package.dsv'
[1.897s] INFO:colcon.colcon_core.shell:Creating package script '/home/bizare/Desktop/cw2_team_14/install/cw2_world_spawner/share/cw2_world_spawner/package.sh'
[1.898s] INFO:colcon.colcon_core.shell:Creating package script '/home/bizare/Desktop/cw2_team_14/install/cw2_world_spawner/share/cw2_world_spawner/package.bash'
[1.900s] INFO:colcon.colcon_core.shell:Creating package script '/home/bizare/Desktop/cw2_team_14/install/cw2_world_spawner/share/cw2_world_spawner/package.zsh'
[1.901s] Level 1:colcon.colcon_core.environment:create_file_with_runtime_dependencies(/home/bizare/Desktop/cw2_team_14/install/cw2_world_spawner/share/colcon-core/packages/cw2_world_spawner)
[1.902s] INFO:colcon.colcon_ros.task.ament_cmake.build:Building ROS package in '/home/bizare/Desktop/cw2_team_14/src/courseworks/panda_description' with build type 'ament_cmake'
[1.903s] INFO:colcon.colcon_cmake.task.cmake.build:Building CMake package in '/home/bizare/Desktop/cw2_team_14/src/courseworks/panda_description'
[1.903s] INFO:colcon.colcon_core.shell:Skip shell extension 'powershell' for command environment: Not usable outside of PowerShell
[1.903s] DEBUG:colcon.colcon_core.shell:Skip shell extension 'dsv' for command environment
[1.913s] DEBUG:colcon.colcon_core.event_handler.log_command:Invoking command in '/home/bizare/Desktop/cw2_team_14/build/panda_description': CMAKE_PREFIX_PATH=${CMAKE_PREFIX_PATH}:/opt/ros/humble /usr/bin/cmake --build /home/bizare/Desktop/cw2_team_14/build/panda_description -- -j2 -l2
[1.955s] DEBUG:colcon.colcon_core.event_handler.log_command:Invoked command in '/home/bizare/Desktop/cw2_team_14/build/panda_description' returned '0': CMAKE_PREFIX_PATH=${CMAKE_PREFIX_PATH}:/opt/ros/humble /usr/bin/cmake --build /home/bizare/Desktop/cw2_team_14/build/panda_description -- -j2 -l2
[1.956s] DEBUG:colcon.colcon_core.event_handler.log_command:Invoking command in '/home/bizare/Desktop/cw2_team_14/build/panda_description': CMAKE_PREFIX_PATH=${CMAKE_PREFIX_PATH}:/opt/ros/humble /usr/bin/cmake --install /home/bizare/Desktop/cw2_team_14/build/panda_description
[1.981s] Level 1:colcon.colcon_core.environment:create_environment_scripts_only(panda_description)
[1.981s] Level 1:colcon.colcon_core.environment:checking '/home/bizare/Desktop/cw2_team_14/install/panda_description' for CMake module files
[1.981s] Level 1:colcon.colcon_core.environment:checking '/home/bizare/Desktop/cw2_team_14/install/panda_description' for CMake config files
[1.982s] Level 1:colcon.colcon_core.shell:create_environment_hook('panda_description', 'cmake_prefix_path')
[1.983s] INFO:colcon.colcon_core.shell:Creating environment hook '/home/bizare/Desktop/cw2_team_14/install/panda_description/share/panda_description/hook/cmake_prefix_path.ps1'
[1.984s] DEBUG:colcon.colcon_core.event_handler.log_command:Invoked command in '/home/bizare/Desktop/cw2_team_14/build/panda_description' returned '0': CMAKE_PREFIX_PATH=${CMAKE_PREFIX_PATH}:/opt/ros/humble /usr/bin/cmake --install /home/bizare/Desktop/cw2_team_14/build/panda_description
[1.984s] INFO:colcon.colcon_core.shell:Creating environment descriptor '/home/bizare/Desktop/cw2_team_14/install/panda_description/share/panda_description/hook/cmake_prefix_path.dsv'
[1.985s] INFO:colcon.colcon_core.shell:Creating environment hook '/home/bizare/Desktop/cw2_team_14/install/panda_description/share/panda_description/hook/cmake_prefix_path.sh'
[1.988s] Level 1:colcon.colcon_core.environment:checking '/home/bizare/Desktop/cw2_team_14/install/panda_description/bin'
[1.988s] Level 1:colcon.colcon_core.environment:checking '/home/bizare/Desktop/cw2_team_14/install/panda_description/lib/pkgconfig/panda_description.pc'
[1.988s] Level 1:colcon.colcon_core.environment:checking '/home/bizare/Desktop/cw2_team_14/install/panda_description/lib/python3.10/site-packages'
[1.989s] Level 1:colcon.colcon_core.environment:checking '/home/bizare/Desktop/cw2_team_14/install/panda_description/bin'
[1.989s] INFO:colcon.colcon_core.shell:Creating package script '/home/bizare/Desktop/cw2_team_14/install/panda_description/share/panda_description/package.ps1'
[1.989s] INFO:colcon.colcon_core.shell:Creating package descriptor '/home/bizare/Desktop/cw2_team_14/install/panda_description/share/panda_description/package.dsv'
[1.991s] INFO:colcon.colcon_core.shell:Creating package script '/home/bizare/Desktop/cw2_team_14/install/panda_description/share/panda_description/package.sh'
[1.992s] INFO:colcon.colcon_core.shell:Creating package script '/home/bizare/Desktop/cw2_team_14/install/panda_description/share/panda_description/package.bash'
[1.992s] INFO:colcon.colcon_core.shell:Creating package script '/home/bizare/Desktop/cw2_team_14/install/panda_description/share/panda_description/package.zsh'
[1.993s] Level 1:colcon.colcon_core.environment:create_file_with_runtime_dependencies(/home/bizare/Desktop/cw2_team_14/install/panda_description/share/colcon-core/packages/panda_description)
[1.995s] Level 1:colcon.colcon_core.environment:create_environment_scripts_only(panda_description)
[1.995s] Level 1:colcon.colcon_core.environment:checking '/home/bizare/Desktop/cw2_team_14/install/panda_description' for CMake module files
[1.995s] Level 1:colcon.colcon_core.environment:checking '/home/bizare/Desktop/cw2_team_14/install/panda_description' for CMake config files
[1.995s] Level 1:colcon.colcon_core.shell:create_environment_hook('panda_description', 'cmake_prefix_path')
[1.996s] INFO:colcon.colcon_core.shell:Creating environment hook '/home/bizare/Desktop/cw2_team_14/install/panda_description/share/panda_description/hook/cmake_prefix_path.ps1'
[1.998s] INFO:colcon.colcon_core.shell:Creating environment descriptor '/home/bizare/Desktop/cw2_team_14/install/panda_description/share/panda_description/hook/cmake_prefix_path.dsv'
[1.999s] INFO:colcon.colcon_core.shell:Creating environment hook '/home/bizare/Desktop/cw2_team_14/install/panda_description/share/panda_description/hook/cmake_prefix_path.sh'
[2.000s] Level 1:colcon.colcon_core.environment:checking '/home/bizare/Desktop/cw2_team_14/install/panda_description/bin'
[2.000s] Level 1:colcon.colcon_core.environment:checking '/home/bizare/Desktop/cw2_team_14/install/panda_description/lib/pkgconfig/panda_description.pc'
[2.001s] Level 1:colcon.colcon_core.environment:checking '/home/bizare/Desktop/cw2_team_14/install/panda_description/lib/python3.10/site-packages'
[2.001s] Level 1:colcon.colcon_core.environment:checking '/home/bizare/Desktop/cw2_team_14/install/panda_description/bin'
[2.001s] INFO:colcon.colcon_core.shell:Creating package script '/home/bizare/Desktop/cw2_team_14/install/panda_description/share/panda_description/package.ps1'
[2.002s] INFO:colcon.colcon_core.shell:Creating package descriptor '/home/bizare/Desktop/cw2_team_14/install/panda_description/share/panda_description/package.dsv'
[2.003s] INFO:colcon.colcon_core.shell:Creating package script '/home/bizare/Desktop/cw2_team_14/install/panda_description/share/panda_description/package.sh'
[2.003s] INFO:colcon.colcon_core.shell:Creating package script '/home/bizare/Desktop/cw2_team_14/install/panda_description/share/panda_description/package.bash'
[2.004s] INFO:colcon.colcon_core.shell:Creating package script '/home/bizare/Desktop/cw2_team_14/install/panda_description/share/panda_description/package.zsh'
[2.005s] Level 1:colcon.colcon_core.environment:create_file_with_runtime_dependencies(/home/bizare/Desktop/cw2_team_14/install/panda_description/share/colcon-core/packages/panda_description)
[2.006s] INFO:colcon.colcon_ros.task.ament_cmake.build:Building ROS package in '/home/bizare/Desktop/cw2_team_14/src/courseworks/cw2_team_14' with build type 'ament_cmake'
[2.006s] INFO:colcon.colcon_cmake.task.cmake.build:Building CMake package in '/home/bizare/Desktop/cw2_team_14/src/courseworks/cw2_team_14'
[2.007s] INFO:colcon.colcon_core.shell:Skip shell extension 'powershell' for command environment: Not usable outside of PowerShell
[2.007s] DEBUG:colcon.colcon_core.shell:Skip shell extension 'dsv' for command environment
[2.027s] DEBUG:colcon.colcon_core.event_handler.log_command:Invoking command in '/home/bizare/Desktop/cw2_team_14/build/cw2_team_14': CMAKE_PREFIX_PATH=/home/bizare/Desktop/cw2_team_14/install/cw2_world_spawner:/home/bizare/Desktop/cw2_team_14/install/rpl_panda_with_rs:/home/bizare/Desktop/cw2_team_14/install/realsense_gazebo_plugin:/home/bizare/Desktop/cw2_team_14/install/panda_moveit_config:/home/bizare/Desktop/cw2_team_14/install/panda_description:/home/bizare/Desktop/cw2_team_14/install/cw2_team_14:/home/bizare/Desktop/cw2_team_14/install/cw1_world_spawner:/opt/ros/humble LD_LIBRARY_PATH=/home/bizare/Desktop/cw2_team_14/install/cw2_world_spawner/lib:/home/bizare/Desktop/cw2_team_14/install/realsense_gazebo_plugin/lib:/home/bizare/Desktop/cw2_team_14/install/cw2_team_14/lib:/home/bizare/Desktop/cw2_team_14/install/cw1_world_spawner/lib:/usr/lib/x86_64-linux-gnu/gazebo-11/plugins:/opt/ros/humble/opt/rviz_ogre_vendor/lib:/opt/ros/humble/lib/x86_64-linux-gnu:/opt/ros/humble/lib /usr/bin/cmake --build /home/bizare/Desktop/cw2_team_14/build/cw2_team_14 -- -j2 -l2
[4.465s] DEBUG:colcon.colcon_core.event_handler.log_command:Invoked command in '/home/bizare/Desktop/cw2_team_14/build/cw1_world_spawner' returned '0': CMAKE_PREFIX_PATH=${CMAKE_PREFIX_PATH}:/opt/ros/humble /usr/bin/cmake --build /home/bizare/Desktop/cw2_team_14/build/cw1_world_spawner -- -j2 -l2
[4.468s] DEBUG:colcon.colcon_core.event_handler.log_command:Invoking command in '/home/bizare/Desktop/cw2_team_14/build/cw1_world_spawner': CMAKE_PREFIX_PATH=${CMAKE_PREFIX_PATH}:/opt/ros/humble /usr/bin/cmake --install /home/bizare/Desktop/cw2_team_14/build/cw1_world_spawner
[4.633s] Level 1:colcon.colcon_core.environment:create_environment_scripts_only(cw1_world_spawner)
[4.633s] Level 1:colcon.colcon_core.environment:checking '/home/bizare/Desktop/cw2_team_14/install/cw1_world_spawner' for CMake module files
[4.634s] Level 1:colcon.colcon_core.environment:checking '/home/bizare/Desktop/cw2_team_14/install/cw1_world_spawner' for CMake config files
[4.634s] Level 1:colcon.colcon_core.shell:create_environment_hook('cw1_world_spawner', 'cmake_prefix_path')
[4.634s] INFO:colcon.colcon_core.shell:Creating environment hook '/home/bizare/Desktop/cw2_team_14/install/cw1_world_spawner/share/cw1_world_spawner/hook/cmake_prefix_path.ps1'
[4.635s] DEBUG:colcon.colcon_core.event_handler.log_command:Invoked command in '/home/bizare/Desktop/cw2_team_14/build/cw1_world_spawner' returned '0': CMAKE_PREFIX_PATH=${CMAKE_PREFIX_PATH}:/opt/ros/humble /usr/bin/cmake --install /home/bizare/Desktop/cw2_team_14/build/cw1_world_spawner
[4.637s] INFO:colcon.colcon_core.shell:Creating environment descriptor '/home/bizare/Desktop/cw2_team_14/install/cw1_world_spawner/share/cw1_world_spawner/hook/cmake_prefix_path.dsv'
[4.637s] INFO:colcon.colcon_core.shell:Creating environment hook '/home/bizare/Desktop/cw2_team_14/install/cw1_world_spawner/share/cw1_world_spawner/hook/cmake_prefix_path.sh'
[4.640s] Level 1:colcon.colcon_core.environment:checking '/home/bizare/Desktop/cw2_team_14/install/cw1_world_spawner/lib'
[4.640s] Level 1:colcon.colcon_core.shell:create_environment_hook('cw1_world_spawner', 'ld_library_path_lib')
[4.640s] INFO:colcon.colcon_core.shell:Creating environment hook '/home/bizare/Desktop/cw2_team_14/install/cw1_world_spawner/share/cw1_world_spawner/hook/ld_library_path_lib.ps1'
[4.641s] INFO:colcon.colcon_core.shell:Creating environment descriptor '/home/bizare/Desktop/cw2_team_14/install/cw1_world_spawner/share/cw1_world_spawner/hook/ld_library_path_lib.dsv'
[4.641s] INFO:colcon.colcon_core.shell:Creating environment hook '/home/bizare/Desktop/cw2_team_14/install/cw1_world_spawner/share/cw1_world_spawner/hook/ld_library_path_lib.sh'
[4.641s] Level 1:colcon.colcon_core.environment:checking '/home/bizare/Desktop/cw2_team_14/install/cw1_world_spawner/bin'
[4.642s] Level 1:colcon.colcon_core.environment:checking '/home/bizare/Desktop/cw2_team_14/install/cw1_world_spawner/lib/pkgconfig/cw1_world_spawner.pc'
[4.642s] Level 1:colcon.colcon_core.environment:checking '/home/bizare/Desktop/cw2_team_14/install/cw1_world_spawner/lib/python3.10/site-packages'
[4.642s] Level 1:colcon.colcon_core.environment:checking '/home/bizare/Desktop/cw2_team_14/install/cw1_world_spawner/bin'
[4.642s] INFO:colcon.colcon_core.shell:Creating package script '/home/bizare/Desktop/cw2_team_14/install/cw1_world_spawner/share/cw1_world_spawner/package.ps1'
[4.644s] INFO:colcon.colcon_core.shell:Creating package descriptor '/home/bizare/Desktop/cw2_team_14/install/cw1_world_spawner/share/cw1_world_spawner/package.dsv'
[4.644s] INFO:colcon.colcon_core.shell:Creating package script '/home/bizare/Desktop/cw2_team_14/install/cw1_world_spawner/share/cw1_world_spawner/package.sh'
[4.645s] INFO:colcon.colcon_core.shell:Creating package script '/home/bizare/Desktop/cw2_team_14/install/cw1_world_spawner/share/cw1_world_spawner/package.bash'
[4.645s] INFO:colcon.colcon_core.shell:Creating package script '/home/bizare/Desktop/cw2_team_14/install/cw1_world_spawner/share/cw1_world_spawner/package.zsh'
[4.645s] Level 1:colcon.colcon_core.environment:create_file_with_runtime_dependencies(/home/bizare/Desktop/cw2_team_14/install/cw1_world_spawner/share/colcon-core/packages/cw1_world_spawner)
[4.647s] Level 1:colcon.colcon_core.environment:create_environment_scripts_only(cw1_world_spawner)
[4.647s] Level 1:colcon.colcon_core.environment:checking '/home/bizare/Desktop/cw2_team_14/install/cw1_world_spawner' for CMake module files
[4.648s] Level 1:colcon.colcon_core.environment:checking '/home/bizare/Desktop/cw2_team_14/install/cw1_world_spawner' for CMake config files
[4.648s] Level 1:colcon.colcon_core.shell:create_environment_hook('cw1_world_spawner', 'cmake_prefix_path')
[4.649s] INFO:colcon.colcon_core.shell:Creating environment hook '/home/bizare/Desktop/cw2_team_14/install/cw1_world_spawner/share/cw1_world_spawner/hook/cmake_prefix_path.ps1'
[4.649s] INFO:colcon.colcon_core.shell:Creating environment descriptor '/home/bizare/Desktop/cw2_team_14/install/cw1_world_spawner/share/cw1_world_spawner/hook/cmake_prefix_path.dsv'
[4.649s] INFO:colcon.colcon_core.shell:Creating environment hook '/home/bizare/Desktop/cw2_team_14/install/cw1_world_spawner/share/cw1_world_spawner/hook/cmake_prefix_path.sh'
[4.650s] Level 1:colcon.colcon_core.environment:checking '/home/bizare/Desktop/cw2_team_14/install/cw1_world_spawner/lib'
[4.650s] Level 1:colcon.colcon_core.shell:create_environment_hook('cw1_world_spawner', 'ld_library_path_lib')
[4.650s] INFO:colcon.colcon_core.shell:Creating environment hook '/home/bizare/Desktop/cw2_team_14/install/cw1_world_spawner/share/cw1_world_spawner/hook/ld_library_path_lib.ps1'
[4.651s] INFO:colcon.colcon_core.shell:Creating environment descriptor '/home/bizare/Desktop/cw2_team_14/install/cw1_world_spawner/share/cw1_world_spawner/hook/ld_library_path_lib.dsv'
[4.651s] INFO:colcon.colcon_core.shell:Creating environment hook '/home/bizare/Desktop/cw2_team_14/install/cw1_world_spawner/share/cw1_world_spawner/hook/ld_library_path_lib.sh'
[4.652s] Level 1:colcon.colcon_core.environment:checking '/home/bizare/Desktop/cw2_team_14/install/cw1_world_spawner/bin'
[4.652s] Level 1:colcon.colcon_core.environment:checking '/home/bizare/Desktop/cw2_team_14/install/cw1_world_spawner/lib/pkgconfig/cw1_world_spawner.pc'
[4.652s] Level 1:colcon.colcon_core.environment:checking '/home/bizare/Desktop/cw2_team_14/install/cw1_world_spawner/lib/python3.10/site-packages'
[4.652s] Level 1:colcon.colcon_core.environment:checking '/home/bizare/Desktop/cw2_team_14/install/cw1_world_spawner/bin'
[4.653s] INFO:colcon.colcon_core.shell:Creating package script '/home/bizare/Desktop/cw2_team_14/install/cw1_world_spawner/share/cw1_world_spawner/package.ps1'
[4.653s] INFO:colcon.colcon_core.shell:Creating package descriptor '/home/bizare/Desktop/cw2_team_14/install/cw1_world_spawner/share/cw1_world_spawner/package.dsv'
[4.654s] INFO:colcon.colcon_core.shell:Creating package script '/home/bizare/Desktop/cw2_team_14/install/cw1_world_spawner/share/cw1_world_spawner/package.sh'
[4.654s] INFO:colcon.colcon_core.shell:Creating package script '/home/bizare/Desktop/cw2_team_14/install/cw1_world_spawner/share/cw1_world_spawner/package.bash'
[4.655s] INFO:colcon.colcon_core.shell:Creating package script '/home/bizare/Desktop/cw2_team_14/install/cw1_world_spawner/share/cw1_world_spawner/package.zsh'
[4.655s] Level 1:colcon.colcon_core.environment:create_file_with_runtime_dependencies(/home/bizare/Desktop/cw2_team_14/install/cw1_world_spawner/share/colcon-core/packages/cw1_world_spawner)
[4.656s] INFO:colcon.colcon_ros.task.ament_cmake.build:Building ROS package in '/home/bizare/Desktop/cw2_team_14/src/courseworks/rpl_panda_with_rs' with build type 'ament_cmake'
[4.657s] INFO:colcon.colcon_cmake.task.cmake.build:Building CMake package in '/home/bizare/Desktop/cw2_team_14/src/courseworks/rpl_panda_with_rs'
[4.657s] INFO:colcon.colcon_core.shell:Skip shell extension 'powershell' for command environment: Not usable outside of PowerShell
[4.657s] DEBUG:colcon.colcon_core.shell:Skip shell extension 'dsv' for command environment
[4.680s] DEBUG:colcon.colcon_core.event_handler.log_command:Invoking command in '/home/bizare/Desktop/cw2_team_14/build/rpl_panda_with_rs': CMAKE_PREFIX_PATH=/home/bizare/Desktop/cw2_team_14/install/realsense_gazebo_plugin:/home/bizare/Desktop/cw2_team_14/install/panda_moveit_config:/home/bizare/Desktop/cw2_team_14/install/rpl_panda_with_rs:/home/bizare/Desktop/cw2_team_14/install/panda_description:/home/bizare/Desktop/cw2_team_14/install/cw2_team_14:/home/bizare/Desktop/cw2_team_14/install/cw2_world_spawner:/home/bizare/Desktop/cw2_team_14/install/cw1_world_spawner:/opt/ros/humble /usr/bin/cmake --build /home/bizare/Desktop/cw2_team_14/build/rpl_panda_with_rs -- -j2 -l2
[4.718s] DEBUG:colcon.colcon_core.event_handler.log_command:Invoked command in '/home/bizare/Desktop/cw2_team_14/build/rpl_panda_with_rs' returned '0': CMAKE_PREFIX_PATH=/home/bizare/Desktop/cw2_team_14/install/realsense_gazebo_plugin:/home/bizare/Desktop/cw2_team_14/install/panda_moveit_config:/home/bizare/Desktop/cw2_team_14/install/rpl_panda_with_rs:/home/bizare/Desktop/cw2_team_14/install/panda_description:/home/bizare/Desktop/cw2_team_14/install/cw2_team_14:/home/bizare/Desktop/cw2_team_14/install/cw2_world_spawner:/home/bizare/Desktop/cw2_team_14/install/cw1_world_spawner:/opt/ros/humble /usr/bin/cmake --build /home/bizare/Desktop/cw2_team_14/build/rpl_panda_with_rs -- -j2 -l2
[4.721s] DEBUG:colcon.colcon_core.event_handler.log_command:Invoking command in '/home/bizare/Desktop/cw2_team_14/build/rpl_panda_with_rs': CMAKE_PREFIX_PATH=/home/bizare/Desktop/cw2_team_14/install/realsense_gazebo_plugin:/home/bizare/Desktop/cw2_team_14/install/panda_moveit_config:/home/bizare/Desktop/cw2_team_14/install/rpl_panda_with_rs:/home/bizare/Desktop/cw2_team_14/install/panda_description:/home/bizare/Desktop/cw2_team_14/install/cw2_team_14:/home/bizare/Desktop/cw2_team_14/install/cw2_world_spawner:/home/bizare/Desktop/cw2_team_14/install/cw1_world_spawner:/opt/ros/humble /usr/bin/cmake --install /home/bizare/Desktop/cw2_team_14/build/rpl_panda_with_rs
[4.739s] Level 1:colcon.colcon_core.environment:create_environment_scripts_only(rpl_panda_with_rs)
[4.739s] DEBUG:colcon.colcon_core.event_handler.log_command:Invoked command in '/home/bizare/Desktop/cw2_team_14/build/rpl_panda_with_rs' returned '0': CMAKE_PREFIX_PATH=/home/bizare/Desktop/cw2_team_14/install/realsense_gazebo_plugin:/home/bizare/Desktop/cw2_team_14/install/panda_moveit_config:/home/bizare/Desktop/cw2_team_14/install/rpl_panda_with_rs:/home/bizare/Desktop/cw2_team_14/install/panda_description:/home/bizare/Desktop/cw2_team_14/install/cw2_team_14:/home/bizare/Desktop/cw2_team_14/install/cw2_world_spawner:/home/bizare/Desktop/cw2_team_14/install/cw1_world_spawner:/opt/ros/humble /usr/bin/cmake --install /home/bizare/Desktop/cw2_team_14/build/rpl_panda_with_rs
[4.741s] Level 1:colcon.colcon_core.environment:checking '/home/bizare/Desktop/cw2_team_14/install/rpl_panda_with_rs' for CMake module files
[4.742s] Level 1:colcon.colcon_core.environment:checking '/home/bizare/Desktop/cw2_team_14/install/rpl_panda_with_rs' for CMake config files
[4.742s] Level 1:colcon.colcon_core.shell:create_environment_hook('rpl_panda_with_rs', 'cmake_prefix_path')
[4.742s] INFO:colcon.colcon_core.shell:Creating environment hook '/home/bizare/Desktop/cw2_team_14/install/rpl_panda_with_rs/share/rpl_panda_with_rs/hook/cmake_prefix_path.ps1'
[4.742s] INFO:colcon.colcon_core.shell:Creating environment descriptor '/home/bizare/Desktop/cw2_team_14/install/rpl_panda_with_rs/share/rpl_panda_with_rs/hook/cmake_prefix_path.dsv'
[4.746s] INFO:colcon.colcon_core.shell:Creating environment hook '/home/bizare/Desktop/cw2_team_14/install/rpl_panda_with_rs/share/rpl_panda_with_rs/hook/cmake_prefix_path.sh'
[4.747s] Level 1:colcon.colcon_core.environment:checking '/home/bizare/Desktop/cw2_team_14/install/rpl_panda_with_rs/lib'
[4.747s] Level 1:colcon.colcon_core.environment:checking '/home/bizare/Desktop/cw2_team_14/install/rpl_panda_with_rs/bin'
[4.747s] Level 1:colcon.colcon_core.environment:checking '/home/bizare/Desktop/cw2_team_14/install/rpl_panda_with_rs/lib/pkgconfig/rpl_panda_with_rs.pc'
[4.747s] Level 1:colcon.colcon_core.environment:checking '/home/bizare/Desktop/cw2_team_14/install/rpl_panda_with_rs/lib/python3.10/site-packages'
[4.747s] Level 1:colcon.colcon_core.environment:checking '/home/bizare/Desktop/cw2_team_14/install/rpl_panda_with_rs/bin'
[4.747s] INFO:colcon.colcon_core.shell:Creating package script '/home/bizare/Desktop/cw2_team_14/install/rpl_panda_with_rs/share/rpl_panda_with_rs/package.ps1'
[4.753s] INFO:colcon.colcon_core.shell:Creating package descriptor '/home/bizare/Desktop/cw2_team_14/install/rpl_panda_with_rs/share/rpl_panda_with_rs/package.dsv'
[4.756s] INFO:colcon.colcon_core.shell:Creating package script '/home/bizare/Desktop/cw2_team_14/install/rpl_panda_with_rs/share/rpl_panda_with_rs/package.sh'
[4.760s] INFO:colcon.colcon_core.shell:Creating package script '/home/bizare/Desktop/cw2_team_14/install/rpl_panda_with_rs/share/rpl_panda_with_rs/package.bash'
[4.760s] INFO:colcon.colcon_core.shell:Creating package script '/home/bizare/Desktop/cw2_team_14/install/rpl_panda_with_rs/share/rpl_panda_with_rs/package.zsh'
[4.761s] Level 1:colcon.colcon_core.environment:create_file_with_runtime_dependencies(/home/bizare/Desktop/cw2_team_14/install/rpl_panda_with_rs/share/colcon-core/packages/rpl_panda_with_rs)
[4.761s] Level 1:colcon.colcon_core.environment:create_environment_scripts_only(rpl_panda_with_rs)
[4.761s] Level 1:colcon.colcon_core.environment:checking '/home/bizare/Desktop/cw2_team_14/install/rpl_panda_with_rs' for CMake module files
[4.765s] Level 1:colcon.colcon_core.environment:checking '/home/bizare/Desktop/cw2_team_14/install/rpl_panda_with_rs' for CMake config files
[4.766s] Level 1:colcon.colcon_core.shell:create_environment_hook('rpl_panda_with_rs', 'cmake_prefix_path')
[4.766s] INFO:colcon.colcon_core.shell:Creating environment hook '/home/bizare/Desktop/cw2_team_14/install/rpl_panda_with_rs/share/rpl_panda_with_rs/hook/cmake_prefix_path.ps1'
[4.767s] INFO:colcon.colcon_core.shell:Creating environment descriptor '/home/bizare/Desktop/cw2_team_14/install/rpl_panda_with_rs/share/rpl_panda_with_rs/hook/cmake_prefix_path.dsv'
[4.770s] INFO:colcon.colcon_core.shell:Creating environment hook '/home/bizare/Desktop/cw2_team_14/install/rpl_panda_with_rs/share/rpl_panda_with_rs/hook/cmake_prefix_path.sh'
[4.771s] Level 1:colcon.colcon_core.environment:checking '/home/bizare/Desktop/cw2_team_14/install/rpl_panda_with_rs/lib'
[4.771s] Level 1:colcon.colcon_core.environment:checking '/home/bizare/Desktop/cw2_team_14/install/rpl_panda_with_rs/bin'
[4.771s] Level 1:colcon.colcon_core.environment:checking '/home/bizare/Desktop/cw2_team_14/install/rpl_panda_with_rs/lib/pkgconfig/rpl_panda_with_rs.pc'
[4.771s] Level 1:colcon.colcon_core.environment:checking '/home/bizare/Desktop/cw2_team_14/install/rpl_panda_with_rs/lib/python3.10/site-packages'
[4.772s] Level 1:colcon.colcon_core.environment:checking '/home/bizare/Desktop/cw2_team_14/install/rpl_panda_with_rs/bin'
[4.772s] INFO:colcon.colcon_core.shell:Creating package script '/home/bizare/Desktop/cw2_team_14/install/rpl_panda_with_rs/share/rpl_panda_with_rs/package.ps1'
[4.773s] INFO:colcon.colcon_core.shell:Creating package descriptor '/home/bizare/Desktop/cw2_team_14/install/rpl_panda_with_rs/share/rpl_panda_with_rs/package.dsv'
[4.773s] INFO:colcon.colcon_core.shell:Creating package script '/home/bizare/Desktop/cw2_team_14/install/rpl_panda_with_rs/share/rpl_panda_with_rs/package.sh'
[4.774s] INFO:colcon.colcon_core.shell:Creating package script '/home/bizare/Desktop/cw2_team_14/install/rpl_panda_with_rs/share/rpl_panda_with_rs/package.bash'
[4.774s] INFO:colcon.colcon_core.shell:Creating package script '/home/bizare/Desktop/cw2_team_14/install/rpl_panda_with_rs/share/rpl_panda_with_rs/package.zsh'
[4.775s] Level 1:colcon.colcon_core.environment:create_file_with_runtime_dependencies(/home/bizare/Desktop/cw2_team_14/install/rpl_panda_with_rs/share/colcon-core/packages/rpl_panda_with_rs)
[14.530s] DEBUG:colcon.colcon_core.event_handler.log_command:Invoked command in '/home/bizare/Desktop/cw2_team_14/build/cw2_team_14' returned '2': CMAKE_PREFIX_PATH=/home/bizare/Desktop/cw2_team_14/install/cw2_world_spawner:/home/bizare/Desktop/cw2_team_14/install/rpl_panda_with_rs:/home/bizare/Desktop/cw2_team_14/install/realsense_gazebo_plugin:/home/bizare/Desktop/cw2_team_14/install/panda_moveit_config:/home/bizare/Desktop/cw2_team_14/install/panda_description:/home/bizare/Desktop/cw2_team_14/install/cw2_team_14:/home/bizare/Desktop/cw2_team_14/install/cw1_world_spawner:/opt/ros/humble LD_LIBRARY_PATH=/home/bizare/Desktop/cw2_team_14/install/cw2_world_spawner/lib:/home/bizare/Desktop/cw2_team_14/install/realsense_gazebo_plugin/lib:/home/bizare/Desktop/cw2_team_14/install/cw2_team_14/lib:/home/bizare/Desktop/cw2_team_14/install/cw1_world_spawner/lib:/usr/lib/x86_64-linux-gnu/gazebo-11/plugins:/opt/ros/humble/opt/rviz_ogre_vendor/lib:/opt/ros/humble/lib/x86_64-linux-gnu:/opt/ros/humble/lib /usr/bin/cmake --build /home/bizare/Desktop/cw2_team_14/build/cw2_team_14 -- -j2 -l2
[14.531s] Level 1:colcon.colcon_core.environment:create_environment_scripts_only(cw2_team_14)
[14.531s] Level 1:colcon.colcon_core.environment:checking '/home/bizare/Desktop/cw2_team_14/install/cw2_team_14' for CMake module files
[14.532s] Level 1:colcon.colcon_core.environment:checking '/home/bizare/Desktop/cw2_team_14/install/cw2_team_14' for CMake config files
[14.533s] Level 1:colcon.colcon_core.shell:create_environment_hook('cw2_team_14', 'cmake_prefix_path')
[14.533s] INFO:colcon.colcon_core.shell:Creating environment hook '/home/bizare/Desktop/cw2_team_14/install/cw2_team_14/share/cw2_team_14/hook/cmake_prefix_path.ps1'
[14.535s] INFO:colcon.colcon_core.shell:Creating environment descriptor '/home/bizare/Desktop/cw2_team_14/install/cw2_team_14/share/cw2_team_14/hook/cmake_prefix_path.dsv'
[14.536s] INFO:colcon.colcon_core.shell:Creating environment hook '/home/bizare/Desktop/cw2_team_14/install/cw2_team_14/share/cw2_team_14/hook/cmake_prefix_path.sh'
[14.537s] Level 1:colcon.colcon_core.environment:checking '/home/bizare/Desktop/cw2_team_14/install/cw2_team_14/lib'
[14.537s] Level 1:colcon.colcon_core.shell:create_environment_hook('cw2_team_14', 'ld_library_path_lib')
[14.537s] INFO:colcon.colcon_core.shell:Creating environment hook '/home/bizare/Desktop/cw2_team_14/install/cw2_team_14/share/cw2_team_14/hook/ld_library_path_lib.ps1'
[14.537s] INFO:colcon.colcon_core.shell:Creating environment descriptor '/home/bizare/Desktop/cw2_team_14/install/cw2_team_14/share/cw2_team_14/hook/ld_library_path_lib.dsv'
[14.538s] INFO:colcon.colcon_core.shell:Creating environment hook '/home/bizare/Desktop/cw2_team_14/install/cw2_team_14/share/cw2_team_14/hook/ld_library_path_lib.sh'
[14.538s] Level 1:colcon.colcon_core.environment:checking '/home/bizare/Desktop/cw2_team_14/install/cw2_team_14/bin'
[14.538s] Level 1:colcon.colcon_core.environment:checking '/home/bizare/Desktop/cw2_team_14/install/cw2_team_14/lib/pkgconfig/cw2_team_14.pc'
[14.538s] Level 1:colcon.colcon_core.environment:checking '/home/bizare/Desktop/cw2_team_14/install/cw2_team_14/lib/python3.10/site-packages'
[14.539s] Level 1:colcon.colcon_core.environment:checking '/home/bizare/Desktop/cw2_team_14/install/cw2_team_14/bin'
[14.539s] INFO:colcon.colcon_core.shell:Creating package script '/home/bizare/Desktop/cw2_team_14/install/cw2_team_14/share/cw2_team_14/package.ps1'
[14.540s] INFO:colcon.colcon_core.shell:Creating package descriptor '/home/bizare/Desktop/cw2_team_14/install/cw2_team_14/share/cw2_team_14/package.dsv'
[14.540s] INFO:colcon.colcon_core.shell:Creating package script '/home/bizare/Desktop/cw2_team_14/install/cw2_team_14/share/cw2_team_14/package.sh'
[14.541s] INFO:colcon.colcon_core.shell:Creating package script '/home/bizare/Desktop/cw2_team_14/install/cw2_team_14/share/cw2_team_14/package.bash'
[14.542s] INFO:colcon.colcon_core.shell:Creating package script '/home/bizare/Desktop/cw2_team_14/install/cw2_team_14/share/cw2_team_14/package.zsh'
[14.543s] Level 1:colcon.colcon_core.environment:create_file_with_runtime_dependencies(/home/bizare/Desktop/cw2_team_14/install/cw2_team_14/share/colcon-core/packages/cw2_team_14)
[14.554s] DEBUG:colcon.colcon_parallel_executor.executor.parallel:closing loop
[14.554s] DEBUG:colcon.colcon_parallel_executor.executor.parallel:loop closed
[14.554s] DEBUG:colcon.colcon_parallel_executor.executor.parallel:run_until_complete finished with '2'
[14.554s] DEBUG:colcon.colcon_core.event_reactor:joining thread
[14.571s] INFO:colcon.colcon_core.plugin_system:Skipping extension 'colcon_notification.desktop_notification.terminal_notifier': Not used on non-Darwin systems
[14.571s] INFO:colcon.colcon_core.plugin_system:Skipping extension 'colcon_notification.desktop_notification.win32': Not used on non-Windows systems
[14.571s] INFO:colcon.colcon_notification.desktop_notification:Sending desktop notification using 'notify2'
[14.634s] DEBUG:colcon.colcon_core.event_reactor:joined thread
[14.635s] INFO:colcon.colcon_core.shell:Creating prefix script '/home/bizare/Desktop/cw2_team_14/install/local_setup.ps1'
[14.636s] INFO:colcon.colcon_core.shell:Creating prefix util module '/home/bizare/Desktop/cw2_team_14/install/_local_setup_util_ps1.py'
[14.637s] INFO:colcon.colcon_core.shell:Creating prefix chain script '/home/bizare/Desktop/cw2_team_14/install/setup.ps1'
[14.639s] INFO:colcon.colcon_core.shell:Creating prefix script '/home/bizare/Desktop/cw2_team_14/install/local_setup.sh'
[14.639s] INFO:colcon.colcon_core.shell:Creating prefix util module '/home/bizare/Desktop/cw2_team_14/install/_local_setup_util_sh.py'
[14.640s] INFO:colcon.colcon_core.shell:Creating prefix chain script '/home/bizare/Desktop/cw2_team_14/install/setup.sh'
[14.641s] INFO:colcon.colcon_core.shell:Creating prefix script '/home/bizare/Desktop/cw2_team_14/install/local_setup.bash'
[14.642s] INFO:colcon.colcon_core.shell:Creating prefix chain script '/home/bizare/Desktop/cw2_team_14/install/setup.bash'
[14.643s] INFO:colcon.colcon_core.shell:Creating prefix script '/home/bizare/Desktop/cw2_team_14/install/local_setup.zsh'
[14.644s] INFO:colcon.colcon_core.shell:Creating prefix chain script '/home/bizare/Desktop/cw2_team_14/install/setup.zsh'
