[  2%] Built target cw2_team_14__cpp
[ 11%] Built target cw2_team_14__rosidl_generator_c
[ 20%] Built target cw2_team_14__rosidl_typesupport_cpp
[ 20%] Built target ament_cmake_python_copy_cw2_team_14
[ 28%] Built target cw2_team_14__rosidl_typesupport_fastrtps_c
[ 37%] Built target cw2_team_14__rosidl_typesupport_introspection_c
[ 45%] Built target cw2_team_14__rosidl_typesupport_c
[ 54%] Built target cw2_team_14__rosidl_typesupport_fastrtps_cpp
[ 62%] Built target cw2_team_14__rosidl_typesupport_introspection_cpp
[ 65%] [32mBuilding CXX object CMakeFiles/cw2_team_14_cw2_class_lib.dir/src/cw2_class.cpp.o[0m
running egg_info
writing cw2_team_14.egg-info/PKG-INFO
writing dependency_links to cw2_team_14.egg-info/dependency_links.txt
writing top-level names to cw2_team_14.egg-info/top_level.txt
reading manifest file 'cw2_team_14.egg-info/SOURCES.txt'
writing manifest file 'cw2_team_14.egg-info/SOURCES.txt'
[ 65%] Built target ament_cmake_python_build_cw2_team_14_egg
[ 65%] Built target cw2_team_14
[ 68%] Built target cw2_team_14__py
[ 74%] Built target cw2_team_14__rosidl_generator_py
[ 80%] Built target cw2_team_14__rosidl_typesupport_fastrtps_c__pyext
[ 85%] Built target cw2_team_14__rosidl_typesupport_introspection_c__pyext
[ 91%] Built target cw2_team_14__rosidl_typesupport_c__pyext
[01m[K/home/bizare/Desktop/cw2_team_14/src/courseworks/cw2_team_14/src/cw2_class.cpp:267:6:[m[K [01;31m[Kerror: [m[Kno declaration matches ‘[01m[Kbool cw2::rescan_task1_object_point(geometry_msgs::msg::Point&, const string&)[m[K’
  267 | bool [01;31m[Kcw2[m[K::rescan_task1_object_point(
      |      [01;31m[K^~~[m[K
[01m[K/home/bizare/Desktop/cw2_team_14/src/courseworks/cw2_team_14/src/cw2_class.cpp:267:6:[m[K [01;36m[Knote: [m[Kno functions named ‘[01m[Kbool cw2::rescan_task1_object_point(geometry_msgs::msg::Point&, const string&)[m[K’
In file included from [01m[K/home/bizare/Desktop/cw2_team_14/src/courseworks/cw2_team_14/src/cw2_class.cpp:6[m[K:
[01m[K/home/bizare/Desktop/cw2_team_14/src/courseworks/cw2_team_14/include/cw2_class.h:35:7:[m[K [01;36m[Knote: [m[K‘[01m[Kclass cw2[m[K’ defined here
   35 | class [01;36m[Kcw2[m[K
      |       [01;36m[K^~~[m[K
[01m[K/home/bizare/Desktop/cw2_team_14/src/courseworks/cw2_team_14/src/cw2_class.cpp:[m[K In member function ‘[01m[Kvoid cw2::t1_callback(std::shared_ptr<cw2_world_spawner::srv::Task1Service_Request_<std::allocator<void> > >, std::shared_ptr<cw2_world_spawner::srv::Task1Service_Response_<std::allocator<void> > >)[m[K’:
[01m[K/home/bizare/Desktop/cw2_team_14/src/courseworks/cw2_team_14/src/cw2_class.cpp:543:12:[m[K [01;31m[Kerror: [m[K‘[01m[Krescan_task1_object_point[m[K’ was not declared in this scope
  543 |       if (![01;31m[Krescan_task1_object_point[m[K(current_object_point, object_frame)) {
      |            [01;31m[K^~~~~~~~~~~~~~~~~~~~~~~~~[m[K
gmake[2]: *** [CMakeFiles/cw2_team_14_cw2_class_lib.dir/build.make:76: CMakeFiles/cw2_team_14_cw2_class_lib.dir/src/cw2_class.cpp.o] Error 1
gmake[1]: *** [CMakeFiles/Makefile2:595: CMakeFiles/cw2_team_14_cw2_class_lib.dir/all] Error 2
gmake: *** [Makefile:146: all] Error 2
