[0.021s] Invoking command in '/home/bizare/Desktop/cw2_team_14/build/cw2_team_14': CMAKE_PREFIX_PATH=/home/bizare/Desktop/cw2_team_14/install/cw2_world_spawner:/home/bizare/Desktop/cw2_team_14/install/rpl_panda_with_rs:/home/bizare/Desktop/cw2_team_14/install/realsense_gazebo_plugin:/home/bizare/Desktop/cw2_team_14/install/panda_moveit_config:/home/bizare/Desktop/cw2_team_14/install/panda_description:/home/bizare/Desktop/cw2_team_14/install/cw2_team_14:/home/bizare/Desktop/cw2_team_14/install/cw1_world_spawner:/opt/ros/humble LD_LIBRARY_PATH=/home/bizare/Desktop/cw2_team_14/install/cw2_world_spawner/lib:/home/bizare/Desktop/cw2_team_14/install/realsense_gazebo_plugin/lib:/home/bizare/Desktop/cw2_team_14/install/cw2_team_14/lib:/home/bizare/Desktop/cw2_team_14/install/cw1_world_spawner/lib:/usr/lib/x86_64-linux-gnu/gazebo-11/plugins:/opt/ros/humble/opt/rviz_ogre_vendor/lib:/opt/ros/humble/lib/x86_64-linux-gnu:/opt/ros/humble/lib /usr/bin/cmake --build /home/bizare/Desktop/cw2_team_14/build/cw2_team_14 -- -j2 -l2
[0.108s] [  2%] Built target cw2_team_14__cpp
[0.113s] [ 11%] Built target cw2_team_14__rosidl_generator_c
[0.144s] [ 20%] Built target cw2_team_14__rosidl_typesupport_cpp
[0.150s] [ 20%] Built target ament_cmake_python_copy_cw2_team_14
[0.169s] [ 28%] Built target cw2_team_14__rosidl_typesupport_fastrtps_c
[0.174s] [ 37%] Built target cw2_team_14__rosidl_typesupport_introspection_c
[0.202s] [ 45%] Built target cw2_team_14__rosidl_typesupport_c
[0.208s] [ 54%] Built target cw2_team_14__rosidl_typesupport_fastrtps_cpp
[0.241s] [ 62%] Built target cw2_team_14__rosidl_typesupport_introspection_cpp
[0.307s] [ 65%] [32mBuilding CXX object CMakeFiles/cw2_team_14_cw2_class_lib.dir/src/cw2_class.cpp.o[0m
[0.506s] running egg_info
[0.507s] writing cw2_team_14.egg-info/PKG-INFO
[0.507s] writing dependency_links to cw2_team_14.egg-info/dependency_links.txt
[0.509s] writing top-level names to cw2_team_14.egg-info/top_level.txt
[0.515s] reading manifest file 'cw2_team_14.egg-info/SOURCES.txt'
[0.516s] writing manifest file 'cw2_team_14.egg-info/SOURCES.txt'
[0.577s] [ 65%] Built target ament_cmake_python_build_cw2_team_14_egg
[0.611s] [ 65%] Built target cw2_team_14
[0.648s] [ 68%] Built target cw2_team_14__py
[0.710s] [ 74%] Built target cw2_team_14__rosidl_generator_py
[0.751s] [ 80%] Built target cw2_team_14__rosidl_typesupport_fastrtps_c__pyext
[0.786s] [ 85%] Built target cw2_team_14__rosidl_typesupport_introspection_c__pyext
[0.839s] [ 91%] Built target cw2_team_14__rosidl_typesupport_c__pyext
[6.903s] [01m[K/home/bizare/Desktop/cw2_team_14/src/courseworks/cw2_team_14/src/cw2_class.cpp:267:6:[m[K [01;31m[Kerror: [m[Kno declaration matches ‘[01m[Kbool cw2::rescan_task1_object_point(geometry_msgs::msg::Point&, const string&)[m[K’
[6.904s]   267 | bool [01;31m[Kcw2[m[K::rescan_task1_object_point(
[6.904s]       |      [01;31m[K^~~[m[K
[6.904s] [01m[K/home/bizare/Desktop/cw2_team_14/src/courseworks/cw2_team_14/src/cw2_class.cpp:267:6:[m[K [01;36m[Knote: [m[Kno functions named ‘[01m[Kbool cw2::rescan_task1_object_point(geometry_msgs::msg::Point&, const string&)[m[K’
[6.904s] In file included from [01m[K/home/bizare/Desktop/cw2_team_14/src/courseworks/cw2_team_14/src/cw2_class.cpp:6[m[K:
[6.904s] [01m[K/home/bizare/Desktop/cw2_team_14/src/courseworks/cw2_team_14/include/cw2_class.h:35:7:[m[K [01;36m[Knote: [m[K‘[01m[Kclass cw2[m[K’ defined here
[6.904s]    35 | class [01;36m[Kcw2[m[K
[6.904s]       |       [01;36m[K^~~[m[K
[6.955s] [01m[K/home/bizare/Desktop/cw2_team_14/src/courseworks/cw2_team_14/src/cw2_class.cpp:[m[K In member function ‘[01m[Kvoid cw2::t1_callback(std::shared_ptr<cw2_world_spawner::srv::Task1Service_Request_<std::allocator<void> > >, std::shared_ptr<cw2_world_spawner::srv::Task1Service_Response_<std::allocator<void> > >)[m[K’:
[6.955s] [01m[K/home/bizare/Desktop/cw2_team_14/src/courseworks/cw2_team_14/src/cw2_class.cpp:543:12:[m[K [01;31m[Kerror: [m[K‘[01m[Krescan_task1_object_point[m[K’ was not declared in this scope
[6.955s]   543 |       if (![01;31m[Krescan_task1_object_point[m[K(current_object_point, object_frame)) {
[6.955s]       |            [01;31m[K^~~~~~~~~~~~~~~~~~~~~~~~~[m[K
[11.900s] gmake[2]: *** [CMakeFiles/cw2_team_14_cw2_class_lib.dir/build.make:76: CMakeFiles/cw2_team_14_cw2_class_lib.dir/src/cw2_class.cpp.o] Error 1
[11.901s] gmake[1]: *** [CMakeFiles/Makefile2:595: CMakeFiles/cw2_team_14_cw2_class_lib.dir/all] Error 2
[11.901s] gmake: *** [Makefile:146: all] Error 2
[11.961s] Invoked command in '/home/bizare/Desktop/cw2_team_14/build/cw2_team_14' returned '2': CMAKE_PREFIX_PATH=/home/bizare/Desktop/cw2_team_14/install/cw2_world_spawner:/home/bizare/Desktop/cw2_team_14/install/rpl_panda_with_rs:/home/bizare/Desktop/cw2_team_14/install/realsense_gazebo_plugin:/home/bizare/Desktop/cw2_team_14/install/panda_moveit_config:/home/bizare/Desktop/cw2_team_14/install/panda_description:/home/bizare/Desktop/cw2_team_14/install/cw2_team_14:/home/bizare/Desktop/cw2_team_14/install/cw1_world_spawner:/opt/ros/humble LD_LIBRARY_PATH=/home/bizare/Desktop/cw2_team_14/install/cw2_world_spawner/lib:/home/bizare/Desktop/cw2_team_14/install/realsense_gazebo_plugin/lib:/home/bizare/Desktop/cw2_team_14/install/cw2_team_14/lib:/home/bizare/Desktop/cw2_team_14/install/cw1_world_spawner/lib:/usr/lib/x86_64-linux-gnu/gazebo-11/plugins:/opt/ros/humble/opt/rviz_ogre_vendor/lib:/opt/ros/humble/lib/x86_64-linux-gnu:/opt/ros/humble/lib /usr/bin/cmake --build /home/bizare/Desktop/cw2_team_14/build/cw2_team_14 -- -j2 -l2
