[0.008s] Invoking command in '/home/bizare/Desktop/cw2_team_14/build/cw2_team_14': CMAKE_PREFIX_PATH=/home/bizare/Desktop/cw2_team_14/install/cw2_world_spawner:/home/bizare/Desktop/cw2_team_14/install/rpl_panda_with_rs:/home/bizare/Desktop/cw2_team_14/install/realsense_gazebo_plugin:/home/bizare/Desktop/cw2_team_14/install/panda_moveit_config:/home/bizare/Desktop/cw2_team_14/install/panda_description:/home/bizare/Desktop/cw2_team_14/install/cw2_team_14:/home/bizare/Desktop/cw2_team_14/install/cw1_world_spawner:/opt/ros/humble LD_LIBRARY_PATH=/home/bizare/Desktop/cw2_team_14/install/cw2_world_spawner/lib:/home/bizare/Desktop/cw2_team_14/install/realsense_gazebo_plugin/lib:/home/bizare/Desktop/cw2_team_14/install/cw2_team_14/lib:/home/bizare/Desktop/cw2_team_14/install/cw1_world_spawner/lib:/usr/lib/x86_64-linux-gnu/gazebo-11/plugins:/opt/ros/humble/opt/rviz_ogre_vendor/lib:/opt/ros/humble/lib/x86_64-linux-gnu:/opt/ros/humble/lib /usr/bin/cmake --build /home/bizare/Desktop/cw2_team_14/build/cw2_team_14 -- -j2 -l2
[0.088s] [  2%] Built target cw2_team_14__cpp
[0.090s] [ 11%] Built target cw2_team_14__rosidl_generator_c
[0.117s] [ 20%] Built target cw2_team_14__rosidl_typesupport_cpp
[0.130s] [ 20%] Built target ament_cmake_python_copy_cw2_team_14
[0.138s] [ 28%] Built target cw2_team_14__rosidl_typesupport_fastrtps_c
[0.148s] [ 37%] Built target cw2_team_14__rosidl_typesupport_introspection_c
[0.157s] [ 45%] Built target cw2_team_14__rosidl_typesupport_c
[0.170s] [ 54%] Built target cw2_team_14__rosidl_typesupport_fastrtps_cpp
[0.181s] [ 62%] Built target cw2_team_14__rosidl_typesupport_introspection_cpp
[0.198s] [35m[1mConsolidate compiler generated dependencies of target cw2_team_14_cw2_class_lib[0m
[0.226s] [ 65%] [32mBuilding CXX object CMakeFiles/cw2_team_14_cw2_class_lib.dir/src/cw2_class.cpp.o[0m
[0.471s] running egg_info
[0.472s] writing cw2_team_14.egg-info/PKG-INFO
[0.472s] writing dependency_links to cw2_team_14.egg-info/dependency_links.txt
[0.472s] writing top-level names to cw2_team_14.egg-info/top_level.txt
[0.475s] reading manifest file 'cw2_team_14.egg-info/SOURCES.txt'
[0.477s] writing manifest file 'cw2_team_14.egg-info/SOURCES.txt'
[0.503s] [ 65%] Built target ament_cmake_python_build_cw2_team_14_egg
[0.520s] [ 65%] Built target cw2_team_14
[0.541s] [ 68%] Built target cw2_team_14__py
[0.589s] [ 74%] Built target cw2_team_14__rosidl_generator_py
[0.615s] [ 80%] Built target cw2_team_14__rosidl_typesupport_fastrtps_c__pyext
[0.638s] [ 85%] Built target cw2_team_14__rosidl_typesupport_introspection_c__pyext
[0.660s] [ 91%] Built target cw2_team_14__rosidl_typesupport_c__pyext
[6.107s] [01m[K/home/bizare/Desktop/cw2_team_14/src/courseworks/cw2_team_14/src/cw2_class.cpp:[m[K In member function ‘[01m[Kvoid cw2::t1_callback(std::shared_ptr<cw2_world_spawner::srv::Task1Service_Request_<std::allocator<void> > >, std::shared_ptr<cw2_world_spawner::srv::Task1Service_Response_<std::allocator<void> > >)[m[K’:
[6.107s] [01m[K/home/bizare/Desktop/cw2_team_14/src/courseworks/cw2_team_14/src/cw2_class.cpp:457:9:[m[K [01;31m[Kerror: [m[Ktoo few arguments to function ‘[01m[Kvoid exit(int)[m[K’
[6.107s]   457 |     [01;31m[Kexit()[m[K
[6.107s]       |     [01;31m[K~~~~^~[m[K
[6.108s] In file included from [01m[K/usr/include/c++/11/cstdlib:75[m[K,
[6.108s]                  from [01m[K/usr/include/c++/11/ext/string_conversions.h:41[m[K,
[6.109s]                  from [01m[K/usr/include/c++/11/bits/basic_string.h:6608[m[K,
[6.109s]                  from [01m[K/usr/include/c++/11/string:55[m[K,
[6.109s]                  from [01m[K/usr/include/c++/11/stdexcept:39[m[K,
[6.109s]                  from [01m[K/usr/include/c++/11/system_error:41[m[K,
[6.110s]                  from [01m[K/usr/include/c++/11/mutex:42[m[K,
[6.110s]                  from [01m[K/home/bizare/Desktop/cw2_team_14/src/courseworks/cw2_team_14/include/cw2_class.h:11[m[K,
[6.110s]                  from [01m[K/home/bizare/Desktop/cw2_team_14/src/courseworks/cw2_team_14/src/cw2_class.cpp:6[m[K:
[6.110s] [01m[K/usr/include/stdlib.h:624:13:[m[K [01;36m[Knote: [m[Kdeclared here
[6.110s]   624 | extern void [01;36m[Kexit[m[K (int __status) __THROW __attribute__ ((__noreturn__));
[6.110s]       |             [01;36m[K^~~~[m[K
[6.122s] [01m[K/home/bizare/Desktop/cw2_team_14/src/courseworks/cw2_team_14/src/cw2_class.cpp:469:26:[m[K [01;31m[Kerror: [m[K‘[01m[Kplace_hover_pose[m[K’ was not declared in this scope
[6.122s]   469 |           {transit_pose, [01;31m[Kplace_hover_pose[m[K},
[6.122s]       |                          [01;31m[K^~~~~~~~~~~~~~~~[m[K
[6.123s] [01m[K/home/bizare/Desktop/cw2_team_14/src/courseworks/cw2_team_14/src/cw2_class.cpp:468:32:[m[K [01;31m[Kerror: [m[Kcannot convert ‘[01m[K<brace-enclosed initializer list>[m[K’ to ‘[01m[Kconst std::vector<geometry_msgs::msg::Pose_<std::allocator<void> > >&[m[K’
[6.123s]   468 |     if (![01;31m[Kexecute_cartesian_path([m[K
[6.123s]       |          [01;31m[K~~~~~~~~~~~~~~~~~~~~~~^[m[K
[6.123s]   469 | [01;31m[K          {transit_pose, place_hover_pose},[m[K
[6.123s]       |           [01;31m[K~~~~~~~~~~~~~~~~~~~~~~~~~~~~~~~~~[m[K
[6.123s]   470 | [01;31m[K          goal_frame,[m[K
[6.123s]       |           [01;31m[K~~~~~~~~~~~[m[K           
[6.123s]   471 | [01;31m[K          kCartesianEefStep,[m[K
[6.123s]       |           [01;31m[K~~~~~~~~~~~~~~~~~~[m[K    
[6.123s]   472 | [01;31m[K          kCartesianMinFraction)[m[K) {
[6.123s]       |           [01;31m[K~~~~~~~~~~~~~~~~~~~~~~[m[K
[6.123s] [01m[K/home/bizare/Desktop/cw2_team_14/src/courseworks/cw2_team_14/src/cw2_class.cpp:202:48:[m[K [01;36m[Knote: [m[K  initializing argument 1 of ‘[01m[Kbool cw2::execute_cartesian_path(const std::vector<geometry_msgs::msg::Pose_<std::allocator<void> > >&, const string&, double, double)[m[K’
[6.123s]   202 |   [01;36m[Kconst std::vector<geometry_msgs::msg::Pose> &waypoints[m[K,
[6.123s]       |   [01;36m[K~~~~~~~~~~~~~~~~~~~~~~~~~~~~~~~~~~~~~~~~~~~~~^~~~~~~~~[m[K
[6.135s] [01m[K/home/bizare/Desktop/cw2_team_14/src/courseworks/cw2_team_14/src/cw2_class.cpp:479:51:[m[K [01;31m[Kerror: [m[K‘[01m[Kplace_hover_pose[m[K’ was not declared in this scope; did you mean ‘[01m[Kplace_release_pose[m[K’?
[6.135s]   479 |     geometry_msgs::msg::Pose place_release_pose = [01;31m[Kplace_hover_pose[m[K;
[6.135s]       |                                                   [01;31m[K^~~~~~~~~~~~~~~~[m[K
[6.135s]       |                                                   [32m[Kplace_release_pose[m[K
[6.136s] [01m[K/home/bizare/Desktop/cw2_team_14/src/courseworks/cw2_team_14/src/cw2_class.cpp:481:32:[m[K [01;31m[Kerror: [m[Kcannot convert ‘[01m[K<brace-enclosed initializer list>[m[K’ to ‘[01m[Kconst std::vector<geometry_msgs::msg::Pose_<std::allocator<void> > >&[m[K’
[6.137s]   481 |     if (![01;31m[Kexecute_cartesian_path([m[K
[6.137s]       |          [01;31m[K~~~~~~~~~~~~~~~~~~~~~~^[m[K
[6.137s]   482 | [01;31m[K          {place_hover_pose, place_release_pose},[m[K
[6.137s]       |           [01;31m[K~~~~~~~~~~~~~~~~~~~~~~~~~~~~~~~~~~~~~~~[m[K
[6.137s]   483 | [01;31m[K          goal_frame,[m[K
[6.137s]       |           [01;31m[K~~~~~~~~~~~[m[K           
[6.137s]   484 | [01;31m[K          kCartesianEefStep,[m[K
[6.137s]       |           [01;31m[K~~~~~~~~~~~~~~~~~~[m[K    
[6.137s]   485 | [01;31m[K          0.8)[m[K) {
[6.137s]       |           [01;31m[K~~~~[m[K                  
[6.137s] [01m[K/home/bizare/Desktop/cw2_team_14/src/courseworks/cw2_team_14/src/cw2_class.cpp:202:48:[m[K [01;36m[Knote: [m[K  initializing argument 1 of ‘[01m[Kbool cw2::execute_cartesian_path(const std::vector<geometry_msgs::msg::Pose_<std::allocator<void> > >&, const string&, double, double)[m[K’
[6.137s]   202 |   [01;36m[Kconst std::vector<geometry_msgs::msg::Pose> &waypoints[m[K,
[6.137s]       |   [01;36m[K~~~~~~~~~~~~~~~~~~~~~~~~~~~~~~~~~~~~~~~~~~~~~^~~~~~~~~[m[K
[6.137s] [01m[K/home/bizare/Desktop/cw2_team_14/src/courseworks/cw2_team_14/src/cw2_class.cpp:443:16:[m[K [01;35m[Kwarning: [m[Kunused variable ‘[01m[Klifted[m[K’ [[01;35m[K]8;;https://gcc.gnu.org/onlinedocs/gcc/Warning-Options.html#index-Wunused-variable-Wunused-variable]8;;[m[K]
[6.137s]   443 |     const bool [01;35m[Klifted[m[K = execute_cartesian_path(
[6.137s]       |                [01;35m[K^~~~~~[m[K
[10.845s] gmake[2]: *** [CMakeFiles/cw2_team_14_cw2_class_lib.dir/build.make:76: CMakeFiles/cw2_team_14_cw2_class_lib.dir/src/cw2_class.cpp.o] Error 1
[10.845s] gmake[1]: *** [CMakeFiles/Makefile2:595: CMakeFiles/cw2_team_14_cw2_class_lib.dir/all] Error 2
[10.846s] gmake: *** [Makefile:146: all] Error 2
[10.847s] Invoked command in '/home/bizare/Desktop/cw2_team_14/build/cw2_team_14' returned '2': CMAKE_PREFIX_PATH=/home/bizare/Desktop/cw2_team_14/install/cw2_world_spawner:/home/bizare/Desktop/cw2_team_14/install/rpl_panda_with_rs:/home/bizare/Desktop/cw2_team_14/install/realsense_gazebo_plugin:/home/bizare/Desktop/cw2_team_14/install/panda_moveit_config:/home/bizare/Desktop/cw2_team_14/install/panda_description:/home/bizare/Desktop/cw2_team_14/install/cw2_team_14:/home/bizare/Desktop/cw2_team_14/install/cw1_world_spawner:/opt/ros/humble LD_LIBRARY_PATH=/home/bizare/Desktop/cw2_team_14/install/cw2_world_spawner/lib:/home/bizare/Desktop/cw2_team_14/install/realsense_gazebo_plugin/lib:/home/bizare/Desktop/cw2_team_14/install/cw2_team_14/lib:/home/bizare/Desktop/cw2_team_14/install/cw1_world_spawner/lib:/usr/lib/x86_64-linux-gnu/gazebo-11/plugins:/opt/ros/humble/opt/rviz_ogre_vendor/lib:/opt/ros/humble/lib/x86_64-linux-gnu:/opt/ros/humble/lib /usr/bin/cmake --build /home/bizare/Desktop/cw2_team_14/build/cw2_team_14 -- -j2 -l2
