[0.019s] Invoking command in '/home/bizare/Desktop/cw2_team_14/build/cw2_world_spawner': CMAKE_PREFIX_PATH=${CMAKE_PREFIX_PATH}:/opt/ros/humble /usr/bin/cmake --build /home/bizare/Desktop/cw2_team_14/build/cw2_world_spawner -- -j2 -l2
[0.125s] [  1%] Built target cw2_world_spawner__cpp
[0.144s] [ 12%] Built target cw2_world_spawner__rosidl_generator_c
[0.194s] [ 12%] Built target ament_cmake_python_copy_cw2_world_spawner
[0.214s] [ 12%] Built target ament_cmake_python_copy_cw2_world_spawner_lib
[0.271s] [ 23%] Built target cw2_world_spawner__rosidl_typesupport_cpp
[0.295s] [ 34%] Built target cw2_world_spawner__rosidl_typesupport_fastrtps_c
[0.334s] [ 45%] Built target cw2_world_spawner__rosidl_typesupport_c
[0.340s] [ 56%] Built target cw2_world_spawner__rosidl_typesupport_introspection_c
[0.377s] [ 67%] Built target cw2_world_spawner__rosidl_typesupport_fastrtps_cpp
[0.383s] [ 78%] Built target cw2_world_spawner__rosidl_typesupport_introspection_cpp
[0.768s] running egg_info
[0.771s] writing cw2_world_spawner_lib.egg-info/PKG-INFO
[0.772s] writing dependency_links to cw2_world_spawner_lib.egg-info/dependency_links.txt
[0.773s] writing top-level names to cw2_world_spawner_lib.egg-info/top_level.txt
[0.774s] reading manifest file 'cw2_world_spawner_lib.egg-info/SOURCES.txt'
[0.775s] writing manifest file 'cw2_world_spawner_lib.egg-info/SOURCES.txt'
[0.815s] [ 78%] Built target ament_cmake_python_build_cw2_world_spawner_lib_egg
[0.821s] running egg_info
[0.821s] writing cw2_world_spawner.egg-info/PKG-INFO
[0.821s] writing dependency_links to cw2_world_spawner.egg-info/dependency_links.txt
[0.825s] writing top-level names to cw2_world_spawner.egg-info/top_level.txt
[0.846s] reading manifest file 'cw2_world_spawner.egg-info/SOURCES.txt'
[0.848s] writing manifest file 'cw2_world_spawner.egg-info/SOURCES.txt'
[0.848s] [ 78%] Built target cw2_world_spawner
[0.873s] [ 80%] Built target cw2_world_spawner__py
[0.906s] [ 89%] Built target cw2_world_spawner__rosidl_generator_py
[0.906s] [ 89%] Built target ament_cmake_python_build_cw2_world_spawner_egg
[0.954s] [ 92%] Built target cw2_world_spawner__rosidl_typesupport_introspection_c__pyext
[0.957s] [ 96%] Built target cw2_world_spawner__rosidl_typesupport_fastrtps_c__pyext
[0.981s] [100%] Built target cw2_world_spawner__rosidl_typesupport_c__pyext
[0.994s] Invoked command in '/home/bizare/Desktop/cw2_team_14/build/cw2_world_spawner' returned '0': CMAKE_PREFIX_PATH=${CMAKE_PREFIX_PATH}:/opt/ros/humble /usr/bin/cmake --build /home/bizare/Desktop/cw2_team_14/build/cw2_world_spawner -- -j2 -l2
[0.995s] Invoking command in '/home/bizare/Desktop/cw2_team_14/build/cw2_world_spawner': CMAKE_PREFIX_PATH=${CMAKE_PREFIX_PATH}:/opt/ros/humble /usr/bin/cmake --install /home/bizare/Desktop/cw2_team_14/build/cw2_world_spawner
[1.005s] -- Install configuration: ""
[1.005s] -- Up-to-date: /home/bizare/Desktop/cw2_team_14/install/cw2_world_spawner/share/ament_index/resource_index/rosidl_interfaces/cw2_world_spawner
[1.006s] -- Up-to-date: /home/bizare/Desktop/cw2_team_14/install/cw2_world_spawner/include/cw2_world_spawner/cw2_world_spawner
[1.006s] -- Up-to-date: /home/bizare/Desktop/cw2_team_14/install/cw2_world_spawner/include/cw2_world_spawner/cw2_world_spawner/msg
[1.006s] -- Up-to-date: /home/bizare/Desktop/cw2_team_14/install/cw2_world_spawner/include/cw2_world_spawner/cw2_world_spawner/msg/rosidl_generator_c__visibility_control.h
[1.006s] -- Up-to-date: /home/bizare/Desktop/cw2_team_14/install/cw2_world_spawner/include/cw2_world_spawner/cw2_world_spawner/srv
[1.006s] -- Up-to-date: /home/bizare/Desktop/cw2_team_14/install/cw2_world_spawner/include/cw2_world_spawner/cw2_world_spawner/srv/task3_service.h
[1.006s] -- Up-to-date: /home/bizare/Desktop/cw2_team_14/install/cw2_world_spawner/include/cw2_world_spawner/cw2_world_spawner/srv/detail
[1.006s] -- Up-to-date: /home/bizare/Desktop/cw2_team_14/install/cw2_world_spawner/include/cw2_world_spawner/cw2_world_spawner/srv/detail/task1_service__struct.h
[1.006s] -- Up-to-date: /home/bizare/Desktop/cw2_team_14/install/cw2_world_spawner/include/cw2_world_spawner/cw2_world_spawner/srv/detail/task1_service__functions.c
[1.006s] -- Up-to-date: /home/bizare/Desktop/cw2_team_14/install/cw2_world_spawner/include/cw2_world_spawner/cw2_world_spawner/srv/detail/task_setup__functions.c
[1.006s] -- Up-to-date: /home/bizare/Desktop/cw2_team_14/install/cw2_world_spawner/include/cw2_world_spawner/cw2_world_spawner/srv/detail/task3_service__type_support.h
[1.006s] -- Up-to-date: /home/bizare/Desktop/cw2_team_14/install/cw2_world_spawner/include/cw2_world_spawner/cw2_world_spawner/srv/detail/task3_service__functions.h
[1.007s] -- Up-to-date: /home/bizare/Desktop/cw2_team_14/install/cw2_world_spawner/include/cw2_world_spawner/cw2_world_spawner/srv/detail/task1_service__type_support.h
[1.007s] -- Up-to-date: /home/bizare/Desktop/cw2_team_14/install/cw2_world_spawner/include/cw2_world_spawner/cw2_world_spawner/srv/detail/task2_service__type_support.h
[1.007s] -- Up-to-date: /home/bizare/Desktop/cw2_team_14/install/cw2_world_spawner/include/cw2_world_spawner/cw2_world_spawner/srv/detail/task1_service__functions.h
[1.007s] -- Up-to-date: /home/bizare/Desktop/cw2_team_14/install/cw2_world_spawner/include/cw2_world_spawner/cw2_world_spawner/srv/detail/task2_service__functions.c
[1.007s] -- Up-to-date: /home/bizare/Desktop/cw2_team_14/install/cw2_world_spawner/include/cw2_world_spawner/cw2_world_spawner/srv/detail/task2_service__functions.h
[1.007s] -- Up-to-date: /home/bizare/Desktop/cw2_team_14/install/cw2_world_spawner/include/cw2_world_spawner/cw2_world_spawner/srv/detail/task3_service__struct.h
[1.007s] -- Up-to-date: /home/bizare/Desktop/cw2_team_14/install/cw2_world_spawner/include/cw2_world_spawner/cw2_world_spawner/srv/detail/task3_service__functions.c
[1.007s] -- Up-to-date: /home/bizare/Desktop/cw2_team_14/install/cw2_world_spawner/include/cw2_world_spawner/cw2_world_spawner/srv/detail/task_setup__struct.h
[1.007s] -- Up-to-date: /home/bizare/Desktop/cw2_team_14/install/cw2_world_spawner/include/cw2_world_spawner/cw2_world_spawner/srv/detail/task_setup__type_support.h
[1.007s] -- Up-to-date: /home/bizare/Desktop/cw2_team_14/install/cw2_world_spawner/include/cw2_world_spawner/cw2_world_spawner/srv/detail/task2_service__struct.h
[1.007s] -- Up-to-date: /home/bizare/Desktop/cw2_team_14/install/cw2_world_spawner/include/cw2_world_spawner/cw2_world_spawner/srv/detail/task_setup__functions.h
[1.007s] -- Up-to-date: /home/bizare/Desktop/cw2_team_14/install/cw2_world_spawner/include/cw2_world_spawner/cw2_world_spawner/srv/task2_service.h
[1.008s] -- Up-to-date: /home/bizare/Desktop/cw2_team_14/install/cw2_world_spawner/include/cw2_world_spawner/cw2_world_spawner/srv/task1_service.h
[1.008s] -- Up-to-date: /home/bizare/Desktop/cw2_team_14/install/cw2_world_spawner/include/cw2_world_spawner/cw2_world_spawner/srv/task_setup.h
[1.008s] -- Up-to-date: /home/bizare/Desktop/cw2_team_14/install/cw2_world_spawner/share/cw2_world_spawner/environment/library_path.sh
[1.008s] -- Up-to-date: /home/bizare/Desktop/cw2_team_14/install/cw2_world_spawner/share/cw2_world_spawner/environment/library_path.dsv
[1.008s] -- Up-to-date: /home/bizare/Desktop/cw2_team_14/install/cw2_world_spawner/lib/libcw2_world_spawner__rosidl_generator_c.so
[1.009s] -- Up-to-date: /home/bizare/Desktop/cw2_team_14/install/cw2_world_spawner/include/cw2_world_spawner/cw2_world_spawner
[1.010s] -- Up-to-date: /home/bizare/Desktop/cw2_team_14/install/cw2_world_spawner/include/cw2_world_spawner/cw2_world_spawner/msg
[1.010s] -- Up-to-date: /home/bizare/Desktop/cw2_team_14/install/cw2_world_spawner/include/cw2_world_spawner/cw2_world_spawner/msg/rosidl_typesupport_fastrtps_c__visibility_control.h
[1.010s] -- Up-to-date: /home/bizare/Desktop/cw2_team_14/install/cw2_world_spawner/include/cw2_world_spawner/cw2_world_spawner/srv
[1.010s] -- Up-to-date: /home/bizare/Desktop/cw2_team_14/install/cw2_world_spawner/include/cw2_world_spawner/cw2_world_spawner/srv/detail
[1.011s] -- Up-to-date: /home/bizare/Desktop/cw2_team_14/install/cw2_world_spawner/include/cw2_world_spawner/cw2_world_spawner/srv/detail/task2_service__rosidl_typesupport_fastrtps_c.h
[1.011s] -- Up-to-date: /home/bizare/Desktop/cw2_team_14/install/cw2_world_spawner/include/cw2_world_spawner/cw2_world_spawner/srv/detail/task_setup__rosidl_typesupport_fastrtps_c.h
[1.011s] -- Up-to-date: /home/bizare/Desktop/cw2_team_14/install/cw2_world_spawner/include/cw2_world_spawner/cw2_world_spawner/srv/detail/task3_service__rosidl_typesupport_fastrtps_c.h
[1.011s] -- Up-to-date: /home/bizare/Desktop/cw2_team_14/install/cw2_world_spawner/include/cw2_world_spawner/cw2_world_spawner/srv/detail/task1_service__rosidl_typesupport_fastrtps_c.h
[1.011s] -- Up-to-date: /home/bizare/Desktop/cw2_team_14/install/cw2_world_spawner/lib/libcw2_world_spawner__rosidl_typesupport_fastrtps_c.so
[1.011s] -- Up-to-date: /home/bizare/Desktop/cw2_team_14/install/cw2_world_spawner/include/cw2_world_spawner/cw2_world_spawner
[1.011s] -- Up-to-date: /home/bizare/Desktop/cw2_team_14/install/cw2_world_spawner/include/cw2_world_spawner/cw2_world_spawner/msg
[1.011s] -- Up-to-date: /home/bizare/Desktop/cw2_team_14/install/cw2_world_spawner/include/cw2_world_spawner/cw2_world_spawner/msg/rosidl_typesupport_introspection_c__visibility_control.h
[1.011s] -- Up-to-date: /home/bizare/Desktop/cw2_team_14/install/cw2_world_spawner/include/cw2_world_spawner/cw2_world_spawner/srv
[1.011s] -- Up-to-date: /home/bizare/Desktop/cw2_team_14/install/cw2_world_spawner/include/cw2_world_spawner/cw2_world_spawner/srv/detail
[1.011s] -- Up-to-date: /home/bizare/Desktop/cw2_team_14/install/cw2_world_spawner/include/cw2_world_spawner/cw2_world_spawner/srv/detail/task2_service__rosidl_typesupport_introspection_c.h
[1.011s] -- Up-to-date: /home/bizare/Desktop/cw2_team_14/install/cw2_world_spawner/include/cw2_world_spawner/cw2_world_spawner/srv/detail/task_setup__rosidl_typesupport_introspection_c.h
[1.011s] -- Up-to-date: /home/bizare/Desktop/cw2_team_14/install/cw2_world_spawner/include/cw2_world_spawner/cw2_world_spawner/srv/detail/task3_service__type_support.c
[1.011s] -- Up-to-date: /home/bizare/Desktop/cw2_team_14/install/cw2_world_spawner/include/cw2_world_spawner/cw2_world_spawner/srv/detail/task2_service__type_support.c
[1.011s] -- Up-to-date: /home/bizare/Desktop/cw2_team_14/install/cw2_world_spawner/include/cw2_world_spawner/cw2_world_spawner/srv/detail/task1_service__rosidl_typesupport_introspection_c.h
[1.011s] -- Up-to-date: /home/bizare/Desktop/cw2_team_14/install/cw2_world_spawner/include/cw2_world_spawner/cw2_world_spawner/srv/detail/task3_service__rosidl_typesupport_introspection_c.h
[1.011s] -- Up-to-date: /home/bizare/Desktop/cw2_team_14/install/cw2_world_spawner/include/cw2_world_spawner/cw2_world_spawner/srv/detail/task_setup__type_support.c
[1.011s] -- Up-to-date: /home/bizare/Desktop/cw2_team_14/install/cw2_world_spawner/include/cw2_world_spawner/cw2_world_spawner/srv/detail/task1_service__type_support.c
[1.014s] -- Up-to-date: /home/bizare/Desktop/cw2_team_14/install/cw2_world_spawner/lib/libcw2_world_spawner__rosidl_typesupport_introspection_c.so
[1.014s] -- Up-to-date: /home/bizare/Desktop/cw2_team_14/install/cw2_world_spawner/lib/libcw2_world_spawner__rosidl_typesupport_c.so
[1.014s] -- Up-to-date: /home/bizare/Desktop/cw2_team_14/install/cw2_world_spawner/include/cw2_world_spawner/cw2_world_spawner
[1.014s] -- Up-to-date: /home/bizare/Desktop/cw2_team_14/install/cw2_world_spawner/include/cw2_world_spawner/cw2_world_spawner/msg
[1.014s] -- Up-to-date: /home/bizare/Desktop/cw2_team_14/install/cw2_world_spawner/include/cw2_world_spawner/cw2_world_spawner/msg/rosidl_generator_cpp__visibility_control.hpp
[1.014s] -- Up-to-date: /home/bizare/Desktop/cw2_team_14/install/cw2_world_spawner/include/cw2_world_spawner/cw2_world_spawner/srv
[1.014s] -- Up-to-date: /home/bizare/Desktop/cw2_team_14/install/cw2_world_spawner/include/cw2_world_spawner/cw2_world_spawner/srv/task3_service.hpp
[1.014s] -- Up-to-date: /home/bizare/Desktop/cw2_team_14/install/cw2_world_spawner/include/cw2_world_spawner/cw2_world_spawner/srv/task1_service.hpp
[1.014s] -- Up-to-date: /home/bizare/Desktop/cw2_team_14/install/cw2_world_spawner/include/cw2_world_spawner/cw2_world_spawner/srv/task_setup.hpp
[1.014s] -- Up-to-date: /home/bizare/Desktop/cw2_team_14/install/cw2_world_spawner/include/cw2_world_spawner/cw2_world_spawner/srv/detail
[1.015s] -- Up-to-date: /home/bizare/Desktop/cw2_team_14/install/cw2_world_spawner/include/cw2_world_spawner/cw2_world_spawner/srv/detail/task_setup__struct.hpp
[1.015s] -- Up-to-date: /home/bizare/Desktop/cw2_team_14/install/cw2_world_spawner/include/cw2_world_spawner/cw2_world_spawner/srv/detail/task2_service__type_support.hpp
[1.015s] -- Up-to-date: /home/bizare/Desktop/cw2_team_14/install/cw2_world_spawner/include/cw2_world_spawner/cw2_world_spawner/srv/detail/task_setup__type_support.hpp
[1.015s] -- Up-to-date: /home/bizare/Desktop/cw2_team_14/install/cw2_world_spawner/include/cw2_world_spawner/cw2_world_spawner/srv/detail/task3_service__builder.hpp
[1.015s] -- Up-to-date: /home/bizare/Desktop/cw2_team_14/install/cw2_world_spawner/include/cw2_world_spawner/cw2_world_spawner/srv/detail/task1_service__struct.hpp
[1.015s] -- Up-to-date: /home/bizare/Desktop/cw2_team_14/install/cw2_world_spawner/include/cw2_world_spawner/cw2_world_spawner/srv/detail/task2_service__builder.hpp
[1.015s] -- Up-to-date: /home/bizare/Desktop/cw2_team_14/install/cw2_world_spawner/include/cw2_world_spawner/cw2_world_spawner/srv/detail/task1_service__type_support.hpp
[1.015s] -- Up-to-date: /home/bizare/Desktop/cw2_team_14/install/cw2_world_spawner/include/cw2_world_spawner/cw2_world_spawner/srv/detail/task2_service__traits.hpp
[1.015s] -- Up-to-date: /home/bizare/Desktop/cw2_team_14/install/cw2_world_spawner/include/cw2_world_spawner/cw2_world_spawner/srv/detail/task3_service__struct.hpp
[1.015s] -- Up-to-date: /home/bizare/Desktop/cw2_team_14/install/cw2_world_spawner/include/cw2_world_spawner/cw2_world_spawner/srv/detail/task_setup__builder.hpp
[1.015s] -- Up-to-date: /home/bizare/Desktop/cw2_team_14/install/cw2_world_spawner/include/cw2_world_spawner/cw2_world_spawner/srv/detail/task_setup__traits.hpp
[1.015s] -- Up-to-date: /home/bizare/Desktop/cw2_team_14/install/cw2_world_spawner/include/cw2_world_spawner/cw2_world_spawner/srv/detail/task2_service__struct.hpp
[1.015s] -- Up-to-date: /home/bizare/Desktop/cw2_team_14/install/cw2_world_spawner/include/cw2_world_spawner/cw2_world_spawner/srv/detail/task1_service__builder.hpp
[1.015s] -- Up-to-date: /home/bizare/Desktop/cw2_team_14/install/cw2_world_spawner/include/cw2_world_spawner/cw2_world_spawner/srv/detail/task3_service__traits.hpp
[1.016s] -- Up-to-date: /home/bizare/Desktop/cw2_team_14/install/cw2_world_spawner/include/cw2_world_spawner/cw2_world_spawner/srv/detail/task3_service__type_support.hpp
[1.016s] -- Up-to-date: /home/bizare/Desktop/cw2_team_14/install/cw2_world_spawner/include/cw2_world_spawner/cw2_world_spawner/srv/detail/task1_service__traits.hpp
[1.016s] -- Up-to-date: /home/bizare/Desktop/cw2_team_14/install/cw2_world_spawner/include/cw2_world_spawner/cw2_world_spawner/srv/task2_service.hpp
[1.016s] -- Up-to-date: /home/bizare/Desktop/cw2_team_14/install/cw2_world_spawner/include/cw2_world_spawner/cw2_world_spawner
[1.016s] -- Up-to-date: /home/bizare/Desktop/cw2_team_14/install/cw2_world_spawner/include/cw2_world_spawner/cw2_world_spawner/msg
[1.016s] -- Up-to-date: /home/bizare/Desktop/cw2_team_14/install/cw2_world_spawner/include/cw2_world_spawner/cw2_world_spawner/msg/rosidl_typesupport_fastrtps_cpp__visibility_control.h
[1.016s] -- Up-to-date: /home/bizare/Desktop/cw2_team_14/install/cw2_world_spawner/include/cw2_world_spawner/cw2_world_spawner/srv
[1.016s] -- Up-to-date: /home/bizare/Desktop/cw2_team_14/install/cw2_world_spawner/include/cw2_world_spawner/cw2_world_spawner/srv/detail
[1.016s] -- Up-to-date: /home/bizare/Desktop/cw2_team_14/install/cw2_world_spawner/include/cw2_world_spawner/cw2_world_spawner/srv/detail/dds_fastrtps
[1.016s] -- Up-to-date: /home/bizare/Desktop/cw2_team_14/install/cw2_world_spawner/include/cw2_world_spawner/cw2_world_spawner/srv/detail/task_setup__rosidl_typesupport_fastrtps_cpp.hpp
[1.016s] -- Up-to-date: /home/bizare/Desktop/cw2_team_14/install/cw2_world_spawner/include/cw2_world_spawner/cw2_world_spawner/srv/detail/task1_service__rosidl_typesupport_fastrtps_cpp.hpp
[1.016s] -- Up-to-date: /home/bizare/Desktop/cw2_team_14/install/cw2_world_spawner/include/cw2_world_spawner/cw2_world_spawner/srv/detail/task2_service__rosidl_typesupport_fastrtps_cpp.hpp
[1.016s] -- Up-to-date: /home/bizare/Desktop/cw2_team_14/install/cw2_world_spawner/include/cw2_world_spawner/cw2_world_spawner/srv/detail/task3_service__rosidl_typesupport_fastrtps_cpp.hpp
[1.016s] -- Up-to-date: /home/bizare/Desktop/cw2_team_14/install/cw2_world_spawner/lib/libcw2_world_spawner__rosidl_typesupport_fastrtps_cpp.so
[1.016s] -- Up-to-date: /home/bizare/Desktop/cw2_team_14/install/cw2_world_spawner/include/cw2_world_spawner/cw2_world_spawner
[1.016s] -- Up-to-date: /home/bizare/Desktop/cw2_team_14/install/cw2_world_spawner/include/cw2_world_spawner/cw2_world_spawner/srv
[1.016s] -- Up-to-date: /home/bizare/Desktop/cw2_team_14/install/cw2_world_spawner/include/cw2_world_spawner/cw2_world_spawner/srv/detail
[1.016s] -- Up-to-date: /home/bizare/Desktop/cw2_team_14/install/cw2_world_spawner/include/cw2_world_spawner/cw2_world_spawner/srv/detail/task3_service__rosidl_typesupport_introspection_cpp.hpp
[1.016s] -- Up-to-date: /home/bizare/Desktop/cw2_team_14/install/cw2_world_spawner/include/cw2_world_spawner/cw2_world_spawner/srv/detail/task3_service__type_support.cpp
[1.016s] -- Up-to-date: /home/bizare/Desktop/cw2_team_14/install/cw2_world_spawner/include/cw2_world_spawner/cw2_world_spawner/srv/detail/task2_service__type_support.cpp
[1.017s] -- Up-to-date: /home/bizare/Desktop/cw2_team_14/install/cw2_world_spawner/include/cw2_world_spawner/cw2_world_spawner/srv/detail/task2_service__rosidl_typesupport_introspection_cpp.hpp
[1.017s] -- Up-to-date: /home/bizare/Desktop/cw2_team_14/install/cw2_world_spawner/include/cw2_world_spawner/cw2_world_spawner/srv/detail/task1_service__rosidl_typesupport_introspection_cpp.hpp
[1.017s] -- Up-to-date: /home/bizare/Desktop/cw2_team_14/install/cw2_world_spawner/include/cw2_world_spawner/cw2_world_spawner/srv/detail/task_setup__type_support.cpp
[1.017s] -- Up-to-date: /home/bizare/Desktop/cw2_team_14/install/cw2_world_spawner/include/cw2_world_spawner/cw2_world_spawner/srv/detail/task_setup__rosidl_typesupport_introspection_cpp.hpp
[1.017s] -- Up-to-date: /home/bizare/Desktop/cw2_team_14/install/cw2_world_spawner/include/cw2_world_spawner/cw2_world_spawner/srv/detail/task1_service__type_support.cpp
[1.017s] -- Up-to-date: /home/bizare/Desktop/cw2_team_14/install/cw2_world_spawner/lib/libcw2_world_spawner__rosidl_typesupport_introspection_cpp.so
[1.017s] -- Up-to-date: /home/bizare/Desktop/cw2_team_14/install/cw2_world_spawner/lib/libcw2_world_spawner__rosidl_typesupport_cpp.so
[1.017s] -- Up-to-date: /home/bizare/Desktop/cw2_team_14/install/cw2_world_spawner/share/cw2_world_spawner/environment/pythonpath.sh
[1.017s] -- Up-to-date: /home/bizare/Desktop/cw2_team_14/install/cw2_world_spawner/share/cw2_world_spawner/environment/pythonpath.dsv
[1.017s] -- Up-to-date: /home/bizare/Desktop/cw2_team_14/install/cw2_world_spawner/local/lib/python3.10/dist-packages/cw2_world_spawner-0.1.0-py3.10.egg-info
[1.017s] -- Installing: /home/bizare/Desktop/cw2_team_14/install/cw2_world_spawner/local/lib/python3.10/dist-packages/cw2_world_spawner-0.1.0-py3.10.egg-info/SOURCES.txt
[1.018s] -- Installing: /home/bizare/Desktop/cw2_team_14/install/cw2_world_spawner/local/lib/python3.10/dist-packages/cw2_world_spawner-0.1.0-py3.10.egg-info/dependency_links.txt
[1.018s] -- Installing: /home/bizare/Desktop/cw2_team_14/install/cw2_world_spawner/local/lib/python3.10/dist-packages/cw2_world_spawner-0.1.0-py3.10.egg-info/PKG-INFO
[1.018s] -- Installing: /home/bizare/Desktop/cw2_team_14/install/cw2_world_spawner/local/lib/python3.10/dist-packages/cw2_world_spawner-0.1.0-py3.10.egg-info/top_level.txt
[1.018s] -- Up-to-date: /home/bizare/Desktop/cw2_team_14/install/cw2_world_spawner/local/lib/python3.10/dist-packages/cw2_world_spawner
[1.018s] -- Up-to-date: /home/bizare/Desktop/cw2_team_14/install/cw2_world_spawner/local/lib/python3.10/dist-packages/cw2_world_spawner/_cw2_world_spawner_s.ep.rosidl_typesupport_fastrtps_c.c
[1.018s] -- Up-to-date: /home/bizare/Desktop/cw2_team_14/install/cw2_world_spawner/local/lib/python3.10/dist-packages/cw2_world_spawner/_cw2_world_spawner_s.ep.rosidl_typesupport_introspection_c.c
[1.019s] -- Up-to-date: /home/bizare/Desktop/cw2_team_14/install/cw2_world_spawner/local/lib/python3.10/dist-packages/cw2_world_spawner/cw2_world_spawner_s__rosidl_typesupport_fastrtps_c.cpython-310-x86_64-linux-gnu.so
[1.019s] -- Up-to-date: /home/bizare/Desktop/cw2_team_14/install/cw2_world_spawner/local/lib/python3.10/dist-packages/cw2_world_spawner/__init__.py
[1.022s] -- Up-to-date: /home/bizare/Desktop/cw2_team_14/install/cw2_world_spawner/local/lib/python3.10/dist-packages/cw2_world_spawner/_cw2_world_spawner_s.ep.rosidl_typesupport_c.c
[1.022s] -- Up-to-date: /home/bizare/Desktop/cw2_team_14/install/cw2_world_spawner/local/lib/python3.10/dist-packages/cw2_world_spawner/cw2_world_spawner_s__rosidl_typesupport_introspection_c.cpython-310-x86_64-linux-gnu.so
[1.022s] -- Up-to-date: /home/bizare/Desktop/cw2_team_14/install/cw2_world_spawner/local/lib/python3.10/dist-packages/cw2_world_spawner/libcw2_world_spawner__rosidl_generator_py.so
[1.022s] -- Up-to-date: /home/bizare/Desktop/cw2_team_14/install/cw2_world_spawner/local/lib/python3.10/dist-packages/cw2_world_spawner/cw2_world_spawner_s__rosidl_typesupport_c.cpython-310-x86_64-linux-gnu.so
[1.022s] -- Up-to-date: /home/bizare/Desktop/cw2_team_14/install/cw2_world_spawner/local/lib/python3.10/dist-packages/cw2_world_spawner/srv
[1.022s] -- Up-to-date: /home/bizare/Desktop/cw2_team_14/install/cw2_world_spawner/local/lib/python3.10/dist-packages/cw2_world_spawner/srv/_task3_service_s.c
[1.022s] -- Up-to-date: /home/bizare/Desktop/cw2_team_14/install/cw2_world_spawner/local/lib/python3.10/dist-packages/cw2_world_spawner/srv/_task1_service_s.c
[1.022s] -- Up-to-date: /home/bizare/Desktop/cw2_team_14/install/cw2_world_spawner/local/lib/python3.10/dist-packages/cw2_world_spawner/srv/__init__.py
[1.022s] -- Up-to-date: /home/bizare/Desktop/cw2_team_14/install/cw2_world_spawner/local/lib/python3.10/dist-packages/cw2_world_spawner/srv/_task_setup_s.c
[1.023s] -- Up-to-date: /home/bizare/Desktop/cw2_team_14/install/cw2_world_spawner/local/lib/python3.10/dist-packages/cw2_world_spawner/srv/_task2_service_s.c
[1.023s] -- Up-to-date: /home/bizare/Desktop/cw2_team_14/install/cw2_world_spawner/local/lib/python3.10/dist-packages/cw2_world_spawner/srv/_task_setup.py
[1.023s] -- Up-to-date: /home/bizare/Desktop/cw2_team_14/install/cw2_world_spawner/local/lib/python3.10/dist-packages/cw2_world_spawner/srv/_task2_service.py
[1.023s] -- Up-to-date: /home/bizare/Desktop/cw2_team_14/install/cw2_world_spawner/local/lib/python3.10/dist-packages/cw2_world_spawner/srv/_task1_service.py
[1.023s] -- Up-to-date: /home/bizare/Desktop/cw2_team_14/install/cw2_world_spawner/local/lib/python3.10/dist-packages/cw2_world_spawner/srv/_task3_service.py
[1.051s] Listing '/home/bizare/Desktop/cw2_team_14/install/cw2_world_spawner/local/lib/python3.10/dist-packages/cw2_world_spawner'...
[1.051s] Listing '/home/bizare/Desktop/cw2_team_14/install/cw2_world_spawner/local/lib/python3.10/dist-packages/cw2_world_spawner/srv'...
[1.055s] -- Up-to-date: /home/bizare/Desktop/cw2_team_14/install/cw2_world_spawner/local/lib/python3.10/dist-packages/cw2_world_spawner/cw2_world_spawner_s__rosidl_typesupport_fastrtps_c.cpython-310-x86_64-linux-gnu.so
[1.056s] -- Up-to-date: /home/bizare/Desktop/cw2_team_14/install/cw2_world_spawner/local/lib/python3.10/dist-packages/cw2_world_spawner/cw2_world_spawner_s__rosidl_typesupport_introspection_c.cpython-310-x86_64-linux-gnu.so
[1.056s] -- Up-to-date: /home/bizare/Desktop/cw2_team_14/install/cw2_world_spawner/local/lib/python3.10/dist-packages/cw2_world_spawner/cw2_world_spawner_s__rosidl_typesupport_c.cpython-310-x86_64-linux-gnu.so
[1.056s] -- Up-to-date: /home/bizare/Desktop/cw2_team_14/install/cw2_world_spawner/lib/libcw2_world_spawner__rosidl_generator_py.so
[1.056s] -- Up-to-date: /home/bizare/Desktop/cw2_team_14/install/cw2_world_spawner/share/cw2_world_spawner/srv/TaskSetup.idl
[1.057s] -- Up-to-date: /home/bizare/Desktop/cw2_team_14/install/cw2_world_spawner/share/cw2_world_spawner/srv/Task1Service.idl
[1.057s] -- Up-to-date: /home/bizare/Desktop/cw2_team_14/install/cw2_world_spawner/share/cw2_world_spawner/srv/Task2Service.idl
[1.057s] -- Up-to-date: /home/bizare/Desktop/cw2_team_14/install/cw2_world_spawner/share/cw2_world_spawner/srv/Task3Service.idl
[1.057s] -- Up-to-date: /home/bizare/Desktop/cw2_team_14/install/cw2_world_spawner/share/cw2_world_spawner/srv/TaskSetup.srv
[1.057s] -- Up-to-date: /home/bizare/Desktop/cw2_team_14/install/cw2_world_spawner/share/cw2_world_spawner/srv/TaskSetup_Request.msg
[1.057s] -- Up-to-date: /home/bizare/Desktop/cw2_team_14/install/cw2_world_spawner/share/cw2_world_spawner/srv/TaskSetup_Response.msg
[1.058s] -- Up-to-date: /home/bizare/Desktop/cw2_team_14/install/cw2_world_spawner/share/cw2_world_spawner/srv/Task1Service.srv
[1.058s] -- Up-to-date: /home/bizare/Desktop/cw2_team_14/install/cw2_world_spawner/share/cw2_world_spawner/srv/Task1Service_Request.msg
[1.058s] -- Up-to-date: /home/bizare/Desktop/cw2_team_14/install/cw2_world_spawner/share/cw2_world_spawner/srv/Task1Service_Response.msg
[1.058s] -- Up-to-date: /home/bizare/Desktop/cw2_team_14/install/cw2_world_spawner/share/cw2_world_spawner/srv/Task2Service.srv
[1.058s] -- Up-to-date: /home/bizare/Desktop/cw2_team_14/install/cw2_world_spawner/share/cw2_world_spawner/srv/Task2Service_Request.msg
[1.058s] -- Up-to-date: /home/bizare/Desktop/cw2_team_14/install/cw2_world_spawner/share/cw2_world_spawner/srv/Task2Service_Response.msg
[1.058s] -- Up-to-date: /home/bizare/Desktop/cw2_team_14/install/cw2_world_spawner/share/cw2_world_spawner/srv/Task3Service.srv
[1.058s] -- Up-to-date: /home/bizare/Desktop/cw2_team_14/install/cw2_world_spawner/share/cw2_world_spawner/srv/Task3Service_Request.msg
[1.058s] -- Up-to-date: /home/bizare/Desktop/cw2_team_14/install/cw2_world_spawner/share/cw2_world_spawner/srv/Task3Service_Response.msg
[1.058s] -- Up-to-date: /home/bizare/Desktop/cw2_team_14/install/cw2_world_spawner/local/lib/python3.10/dist-packages/cw2_world_spawner_lib-0.1.0-py3.10.egg-info
[1.058s] -- Installing: /home/bizare/Desktop/cw2_team_14/install/cw2_world_spawner/local/lib/python3.10/dist-packages/cw2_world_spawner_lib-0.1.0-py3.10.egg-info/SOURCES.txt
[1.058s] -- Installing: /home/bizare/Desktop/cw2_team_14/install/cw2_world_spawner/local/lib/python3.10/dist-packages/cw2_world_spawner_lib-0.1.0-py3.10.egg-info/dependency_links.txt
[1.058s] -- Installing: /home/bizare/Desktop/cw2_team_14/install/cw2_world_spawner/local/lib/python3.10/dist-packages/cw2_world_spawner_lib-0.1.0-py3.10.egg-info/PKG-INFO
[1.058s] -- Installing: /home/bizare/Desktop/cw2_team_14/install/cw2_world_spawner/local/lib/python3.10/dist-packages/cw2_world_spawner_lib-0.1.0-py3.10.egg-info/top_level.txt
[1.058s] -- Up-to-date: /home/bizare/Desktop/cw2_team_14/install/cw2_world_spawner/local/lib/python3.10/dist-packages/cw2_world_spawner_lib
[1.062s] -- Up-to-date: /home/bizare/Desktop/cw2_team_14/install/cw2_world_spawner/local/lib/python3.10/dist-packages/cw2_world_spawner_lib/__init__.py
[1.062s] -- Up-to-date: /home/bizare/Desktop/cw2_team_14/install/cw2_world_spawner/local/lib/python3.10/dist-packages/cw2_world_spawner_lib/coursework_world_spawner.py
[1.087s] Listing '/home/bizare/Desktop/cw2_team_14/install/cw2_world_spawner/local/lib/python3.10/dist-packages/cw2_world_spawner_lib'...
[1.093s] -- Up-to-date: /home/bizare/Desktop/cw2_team_14/install/cw2_world_spawner/lib/cw2_world_spawner/world_spawner.py
[1.093s] -- Up-to-date: /home/bizare/Desktop/cw2_team_14/install/cw2_world_spawner/share/cw2_world_spawner/models
[1.093s] -- Up-to-date: /home/bizare/Desktop/cw2_team_14/install/cw2_world_spawner/share/cw2_world_spawner/models/cross_red_20mm
[1.093s] -- Up-to-date: /home/bizare/Desktop/cw2_team_14/install/cw2_world_spawner/share/cw2_world_spawner/models/cross_red_20mm/cross_20mm_40H.STL
[1.093s] -- Up-to-date: /home/bizare/Desktop/cw2_team_14/install/cw2_world_spawner/share/cw2_world_spawner/models/cross_red_20mm/model.config
[1.093s] -- Up-to-date: /home/bizare/Desktop/cw2_team_14/install/cw2_world_spawner/share/cw2_world_spawner/models/cross_red_20mm/model.sdf
[1.093s] -- Up-to-date: /home/bizare/Desktop/cw2_team_14/install/cw2_world_spawner/share/cw2_world_spawner/models/cross_red_20mm/cross_40mm.STL
[1.093s] -- Up-to-date: /home/bizare/Desktop/cw2_team_14/install/cw2_world_spawner/share/cw2_world_spawner/models/nought_purple_20mm
[1.093s] -- Up-to-date: /home/bizare/Desktop/cw2_team_14/install/cw2_world_spawner/share/cw2_world_spawner/models/nought_purple_20mm/model.config
[1.093s] -- Up-to-date: /home/bizare/Desktop/cw2_team_14/install/cw2_world_spawner/share/cw2_world_spawner/models/nought_purple_20mm/nought_20mm_40H.STL
[1.093s] -- Up-to-date: /home/bizare/Desktop/cw2_team_14/install/cw2_world_spawner/share/cw2_world_spawner/models/nought_purple_20mm/model.sdf
[1.093s] -- Up-to-date: /home/bizare/Desktop/cw2_team_14/install/cw2_world_spawner/share/cw2_world_spawner/models/cross_blue_40mm
[1.094s] -- Up-to-date: /home/bizare/Desktop/cw2_team_14/install/cw2_world_spawner/share/cw2_world_spawner/models/cross_blue_40mm/model.config
[1.094s] -- Up-to-date: /home/bizare/Desktop/cw2_team_14/install/cw2_world_spawner/share/cw2_world_spawner/models/cross_blue_40mm/model.sdf
[1.094s] -- Up-to-date: /home/bizare/Desktop/cw2_team_14/install/cw2_world_spawner/share/cw2_world_spawner/models/cross_blue_40mm/cross_40mm.STL
[1.094s] -- Up-to-date: /home/bizare/Desktop/cw2_team_14/install/cw2_world_spawner/share/cw2_world_spawner/models/all_tiles
[1.094s] -- Up-to-date: /home/bizare/Desktop/cw2_team_14/install/cw2_world_spawner/share/cw2_world_spawner/models/all_tiles/model.config
[1.094s] -- Up-to-date: /home/bizare/Desktop/cw2_team_14/install/cw2_world_spawner/share/cw2_world_spawner/models/all_tiles/model.sdf.xmacro
[1.094s] -- Up-to-date: /home/bizare/Desktop/cw2_team_14/install/cw2_world_spawner/share/cw2_world_spawner/models/all_tiles/model.sdf
[1.094s] -- Up-to-date: /home/bizare/Desktop/cw2_team_14/install/cw2_world_spawner/share/cw2_world_spawner/models/nought_purple_40mm
[1.094s] -- Up-to-date: /home/bizare/Desktop/cw2_team_14/install/cw2_world_spawner/share/cw2_world_spawner/models/nought_purple_40mm/nought_40mm.STL
[1.094s] -- Up-to-date: /home/bizare/Desktop/cw2_team_14/install/cw2_world_spawner/share/cw2_world_spawner/models/nought_purple_40mm/model.config
[1.094s] -- Up-to-date: /home/bizare/Desktop/cw2_team_14/install/cw2_world_spawner/share/cw2_world_spawner/models/nought_purple_40mm/model.sdf
[1.094s] -- Up-to-date: /home/bizare/Desktop/cw2_team_14/install/cw2_world_spawner/share/cw2_world_spawner/models/nought_blue_30mm
[1.094s] -- Up-to-date: /home/bizare/Desktop/cw2_team_14/install/cw2_world_spawner/share/cw2_world_spawner/models/nought_blue_30mm/model.config
[1.094s] -- Up-to-date: /home/bizare/Desktop/cw2_team_14/install/cw2_world_spawner/share/cw2_world_spawner/models/nought_blue_30mm/nought_30mm_40H.STL
[1.094s] -- Up-to-date: /home/bizare/Desktop/cw2_team_14/install/cw2_world_spawner/share/cw2_world_spawner/models/nought_blue_30mm/model.sdf
[1.094s] -- Up-to-date: /home/bizare/Desktop/cw2_team_14/install/cw2_world_spawner/share/cw2_world_spawner/models/obstacle_4
[1.095s] -- Up-to-date: /home/bizare/Desktop/cw2_team_14/install/cw2_world_spawner/share/cw2_world_spawner/models/obstacle_4/model.config
[1.095s] -- Up-to-date: /home/bizare/Desktop/cw2_team_14/install/cw2_world_spawner/share/cw2_world_spawner/models/obstacle_4/model.sdf
[1.096s] -- Up-to-date: /home/bizare/Desktop/cw2_team_14/install/cw2_world_spawner/share/cw2_world_spawner/models/basket
[1.096s] -- Up-to-date: /home/bizare/Desktop/cw2_team_14/install/cw2_world_spawner/share/cw2_world_spawner/models/basket/model.config
[1.096s] -- Up-to-date: /home/bizare/Desktop/cw2_team_14/install/cw2_world_spawner/share/cw2_world_spawner/models/basket/model.sdf.xmacro
[1.096s] -- Up-to-date: /home/bizare/Desktop/cw2_team_14/install/cw2_world_spawner/share/cw2_world_spawner/models/basket/model.sdf
[1.096s] -- Up-to-date: /home/bizare/Desktop/cw2_team_14/install/cw2_world_spawner/share/cw2_world_spawner/models/obstacle_3
[1.096s] -- Up-to-date: /home/bizare/Desktop/cw2_team_14/install/cw2_world_spawner/share/cw2_world_spawner/models/obstacle_3/model.config
[1.097s] -- Up-to-date: /home/bizare/Desktop/cw2_team_14/install/cw2_world_spawner/share/cw2_world_spawner/models/obstacle_3/model.sdf
[1.097s] -- Up-to-date: /home/bizare/Desktop/cw2_team_14/install/cw2_world_spawner/share/cw2_world_spawner/models/nought_blue_20mm
[1.097s] -- Up-to-date: /home/bizare/Desktop/cw2_team_14/install/cw2_world_spawner/share/cw2_world_spawner/models/nought_blue_20mm/model.config
[1.097s] -- Up-to-date: /home/bizare/Desktop/cw2_team_14/install/cw2_world_spawner/share/cw2_world_spawner/models/nought_blue_20mm/nought_20mm_40H.STL
[1.097s] -- Up-to-date: /home/bizare/Desktop/cw2_team_14/install/cw2_world_spawner/share/cw2_world_spawner/models/nought_blue_20mm/model.sdf
[1.097s] -- Up-to-date: /home/bizare/Desktop/cw2_team_14/install/cw2_world_spawner/share/cw2_world_spawner/models/nought_blue_40mm
[1.097s] -- Up-to-date: /home/bizare/Desktop/cw2_team_14/install/cw2_world_spawner/share/cw2_world_spawner/models/nought_blue_40mm/nought_40mm.STL
[1.097s] -- Up-to-date: /home/bizare/Desktop/cw2_team_14/install/cw2_world_spawner/share/cw2_world_spawner/models/nought_blue_40mm/model.config
[1.097s] -- Up-to-date: /home/bizare/Desktop/cw2_team_14/install/cw2_world_spawner/share/cw2_world_spawner/models/nought_blue_40mm/model.sdf
[1.097s] -- Up-to-date: /home/bizare/Desktop/cw2_team_14/install/cw2_world_spawner/share/cw2_world_spawner/models/cross_red_40mm
[1.097s] -- Up-to-date: /home/bizare/Desktop/cw2_team_14/install/cw2_world_spawner/share/cw2_world_spawner/models/cross_red_40mm/model.config
[1.097s] -- Up-to-date: /home/bizare/Desktop/cw2_team_14/install/cw2_world_spawner/share/cw2_world_spawner/models/cross_red_40mm/model.sdf
[1.097s] -- Up-to-date: /home/bizare/Desktop/cw2_team_14/install/cw2_world_spawner/share/cw2_world_spawner/models/cross_red_40mm/cross_40mm.STL
[1.097s] -- Up-to-date: /home/bizare/Desktop/cw2_team_14/install/cw2_world_spawner/share/cw2_world_spawner/models/cross_purple_30mm
[1.101s] -- Up-to-date: /home/bizare/Desktop/cw2_team_14/install/cw2_world_spawner/share/cw2_world_spawner/models/cross_purple_30mm/model.config
[1.101s] -- Up-to-date: /home/bizare/Desktop/cw2_team_14/install/cw2_world_spawner/share/cw2_world_spawner/models/cross_purple_30mm/cross_30mm_40H.STL
[1.101s] -- Up-to-date: /home/bizare/Desktop/cw2_team_14/install/cw2_world_spawner/share/cw2_world_spawner/models/cross_purple_30mm/model.sdf
[1.101s] -- Up-to-date: /home/bizare/Desktop/cw2_team_14/install/cw2_world_spawner/share/cw2_world_spawner/models/cross_red_30mm
[1.101s] -- Up-to-date: /home/bizare/Desktop/cw2_team_14/install/cw2_world_spawner/share/cw2_world_spawner/models/cross_red_30mm/model.config
[1.101s] -- Up-to-date: /home/bizare/Desktop/cw2_team_14/install/cw2_world_spawner/share/cw2_world_spawner/models/cross_red_30mm/cross_30mm_40H.STL
[1.101s] -- Up-to-date: /home/bizare/Desktop/cw2_team_14/install/cw2_world_spawner/share/cw2_world_spawner/models/cross_red_30mm/model.sdf
[1.101s] -- Up-to-date: /home/bizare/Desktop/cw2_team_14/install/cw2_world_spawner/share/cw2_world_spawner/models/nought_red_30mm
[1.101s] -- Up-to-date: /home/bizare/Desktop/cw2_team_14/install/cw2_world_spawner/share/cw2_world_spawner/models/nought_red_30mm/model.config
[1.101s] -- Up-to-date: /home/bizare/Desktop/cw2_team_14/install/cw2_world_spawner/share/cw2_world_spawner/models/nought_red_30mm/nought_30mm_40H.STL
[1.101s] -- Up-to-date: /home/bizare/Desktop/cw2_team_14/install/cw2_world_spawner/share/cw2_world_spawner/models/nought_red_30mm/model.sdf
[1.101s] -- Up-to-date: /home/bizare/Desktop/cw2_team_14/install/cw2_world_spawner/share/cw2_world_spawner/models/nought_purple_30mm
[1.101s] -- Up-to-date: /home/bizare/Desktop/cw2_team_14/install/cw2_world_spawner/share/cw2_world_spawner/models/nought_purple_30mm/model.config
[1.101s] -- Up-to-date: /home/bizare/Desktop/cw2_team_14/install/cw2_world_spawner/share/cw2_world_spawner/models/nought_purple_30mm/nought_30mm_40H.STL
[1.101s] -- Up-to-date: /home/bizare/Desktop/cw2_team_14/install/cw2_world_spawner/share/cw2_world_spawner/models/nought_purple_30mm/model.sdf
[1.101s] -- Up-to-date: /home/bizare/Desktop/cw2_team_14/install/cw2_world_spawner/share/cw2_world_spawner/models/cross_blue_20mm
[1.101s] -- Up-to-date: /home/bizare/Desktop/cw2_team_14/install/cw2_world_spawner/share/cw2_world_spawner/models/cross_blue_20mm/cross_20mm_40H.STL
[1.101s] -- Up-to-date: /home/bizare/Desktop/cw2_team_14/install/cw2_world_spawner/share/cw2_world_spawner/models/cross_blue_20mm/model.config
[1.102s] -- Up-to-date: /home/bizare/Desktop/cw2_team_14/install/cw2_world_spawner/share/cw2_world_spawner/models/cross_blue_20mm/model.sdf
[1.102s] -- Up-to-date: /home/bizare/Desktop/cw2_team_14/install/cw2_world_spawner/share/cw2_world_spawner/models/cross_blue_20mm/cross_40mm.STL
[1.102s] -- Up-to-date: /home/bizare/Desktop/cw2_team_14/install/cw2_world_spawner/share/cw2_world_spawner/models/obstacle_1
[1.102s] -- Up-to-date: /home/bizare/Desktop/cw2_team_14/install/cw2_world_spawner/share/cw2_world_spawner/models/obstacle_1/model.config
[1.102s] -- Up-to-date: /home/bizare/Desktop/cw2_team_14/install/cw2_world_spawner/share/cw2_world_spawner/models/obstacle_1/model.sdf
[1.102s] -- Up-to-date: /home/bizare/Desktop/cw2_team_14/install/cw2_world_spawner/share/cw2_world_spawner/models/obstacle_2
[1.102s] -- Up-to-date: /home/bizare/Desktop/cw2_team_14/install/cw2_world_spawner/share/cw2_world_spawner/models/obstacle_2/model.config
[1.102s] -- Up-to-date: /home/bizare/Desktop/cw2_team_14/install/cw2_world_spawner/share/cw2_world_spawner/models/obstacle_2/model.sdf
[1.102s] -- Up-to-date: /home/bizare/Desktop/cw2_team_14/install/cw2_world_spawner/share/cw2_world_spawner/models/nought_red_20mm
[1.102s] -- Up-to-date: /home/bizare/Desktop/cw2_team_14/install/cw2_world_spawner/share/cw2_world_spawner/models/nought_red_20mm/model.config
[1.102s] -- Up-to-date: /home/bizare/Desktop/cw2_team_14/install/cw2_world_spawner/share/cw2_world_spawner/models/nought_red_20mm/nought_20mm_40H.STL
[1.102s] -- Up-to-date: /home/bizare/Desktop/cw2_team_14/install/cw2_world_spawner/share/cw2_world_spawner/models/nought_red_20mm/model.sdf
[1.102s] -- Up-to-date: /home/bizare/Desktop/cw2_team_14/install/cw2_world_spawner/share/cw2_world_spawner/models/cross_blue_30mm
[1.102s] -- Up-to-date: /home/bizare/Desktop/cw2_team_14/install/cw2_world_spawner/share/cw2_world_spawner/models/cross_blue_30mm/model.config
[1.102s] -- Up-to-date: /home/bizare/Desktop/cw2_team_14/install/cw2_world_spawner/share/cw2_world_spawner/models/cross_blue_30mm/cross_30mm_40H.STL
[1.102s] -- Up-to-date: /home/bizare/Desktop/cw2_team_14/install/cw2_world_spawner/share/cw2_world_spawner/models/cross_blue_30mm/model.sdf
[1.102s] -- Up-to-date: /home/bizare/Desktop/cw2_team_14/install/cw2_world_spawner/share/cw2_world_spawner/models/cross_purple_20mm
[1.102s] -- Up-to-date: /home/bizare/Desktop/cw2_team_14/install/cw2_world_spawner/share/cw2_world_spawner/models/cross_purple_20mm/cross_20mm_40H.STL
[1.102s] -- Up-to-date: /home/bizare/Desktop/cw2_team_14/install/cw2_world_spawner/share/cw2_world_spawner/models/cross_purple_20mm/model.config
[1.102s] -- Up-to-date: /home/bizare/Desktop/cw2_team_14/install/cw2_world_spawner/share/cw2_world_spawner/models/cross_purple_20mm/model.sdf
[1.102s] -- Up-to-date: /home/bizare/Desktop/cw2_team_14/install/cw2_world_spawner/share/cw2_world_spawner/models/cross_purple_20mm/cross_40mm.STL
[1.103s] -- Up-to-date: /home/bizare/Desktop/cw2_team_14/install/cw2_world_spawner/share/cw2_world_spawner/models/cross_purple_40mm
[1.103s] -- Up-to-date: /home/bizare/Desktop/cw2_team_14/install/cw2_world_spawner/share/cw2_world_spawner/models/cross_purple_40mm/model.config
[1.104s] -- Up-to-date: /home/bizare/Desktop/cw2_team_14/install/cw2_world_spawner/share/cw2_world_spawner/models/cross_purple_40mm/model.sdf
[1.104s] -- Up-to-date: /home/bizare/Desktop/cw2_team_14/install/cw2_world_spawner/share/cw2_world_spawner/models/cross_purple_40mm/cross_40mm.STL
[1.104s] -- Up-to-date: /home/bizare/Desktop/cw2_team_14/install/cw2_world_spawner/share/cw2_world_spawner/models/nought_red_40mm
[1.104s] -- Up-to-date: /home/bizare/Desktop/cw2_team_14/install/cw2_world_spawner/share/cw2_world_spawner/models/nought_red_40mm/nought_40mm.STL
[1.104s] -- Up-to-date: /home/bizare/Desktop/cw2_team_14/install/cw2_world_spawner/share/cw2_world_spawner/models/nought_red_40mm/model.config
[1.104s] -- Up-to-date: /home/bizare/Desktop/cw2_team_14/install/cw2_world_spawner/share/cw2_world_spawner/models/nought_red_40mm/model.sdf
[1.106s] -- Up-to-date: /home/bizare/Desktop/cw2_team_14/install/cw2_world_spawner/share/cw2_world_spawner/launch
[1.106s] -- Up-to-date: /home/bizare/Desktop/cw2_team_14/install/cw2_world_spawner/share/cw2_world_spawner/launch/world_spawner.launch.py
[1.106s] -- Up-to-date: /home/bizare/Desktop/cw2_team_14/install/cw2_world_spawner/share/ament_index/resource_index/package_run_dependencies/cw2_world_spawner
[1.106s] -- Up-to-date: /home/bizare/Desktop/cw2_team_14/install/cw2_world_spawner/share/ament_index/resource_index/parent_prefix_path/cw2_world_spawner
[1.106s] -- Up-to-date: /home/bizare/Desktop/cw2_team_14/install/cw2_world_spawner/share/cw2_world_spawner/environment/ament_prefix_path.sh
[1.106s] -- Up-to-date: /home/bizare/Desktop/cw2_team_14/install/cw2_world_spawner/share/cw2_world_spawner/environment/ament_prefix_path.dsv
[1.106s] -- Up-to-date: /home/bizare/Desktop/cw2_team_14/install/cw2_world_spawner/share/cw2_world_spawner/environment/path.sh
[1.106s] -- Up-to-date: /home/bizare/Desktop/cw2_team_14/install/cw2_world_spawner/share/cw2_world_spawner/environment/path.dsv
[1.106s] -- Up-to-date: /home/bizare/Desktop/cw2_team_14/install/cw2_world_spawner/share/cw2_world_spawner/local_setup.bash
[1.106s] -- Up-to-date: /home/bizare/Desktop/cw2_team_14/install/cw2_world_spawner/share/cw2_world_spawner/local_setup.sh
[1.106s] -- Up-to-date: /home/bizare/Desktop/cw2_team_14/install/cw2_world_spawner/share/cw2_world_spawner/local_setup.zsh
[1.106s] -- Up-to-date: /home/bizare/Desktop/cw2_team_14/install/cw2_world_spawner/share/cw2_world_spawner/local_setup.dsv
[1.106s] -- Installing: /home/bizare/Desktop/cw2_team_14/install/cw2_world_spawner/share/cw2_world_spawner/package.dsv
[1.106s] -- Up-to-date: /home/bizare/Desktop/cw2_team_14/install/cw2_world_spawner/share/ament_index/resource_index/packages/cw2_world_spawner
[1.107s] -- Up-to-date: /home/bizare/Desktop/cw2_team_14/install/cw2_world_spawner/share/cw2_world_spawner/cmake/export_cw2_world_spawner__rosidl_generator_cExport.cmake
[1.107s] -- Up-to-date: /home/bizare/Desktop/cw2_team_14/install/cw2_world_spawner/share/cw2_world_spawner/cmake/export_cw2_world_spawner__rosidl_generator_cExport-noconfig.cmake
[1.107s] -- Up-to-date: /home/bizare/Desktop/cw2_team_14/install/cw2_world_spawner/share/cw2_world_spawner/cmake/export_cw2_world_spawner__rosidl_typesupport_fastrtps_cExport.cmake
[1.107s] -- Up-to-date: /home/bizare/Desktop/cw2_team_14/install/cw2_world_spawner/share/cw2_world_spawner/cmake/export_cw2_world_spawner__rosidl_typesupport_fastrtps_cExport-noconfig.cmake
[1.107s] -- Up-to-date: /home/bizare/Desktop/cw2_team_14/install/cw2_world_spawner/share/cw2_world_spawner/cmake/cw2_world_spawner__rosidl_typesupport_introspection_cExport.cmake
[1.107s] -- Up-to-date: /home/bizare/Desktop/cw2_team_14/install/cw2_world_spawner/share/cw2_world_spawner/cmake/cw2_world_spawner__rosidl_typesupport_introspection_cExport-noconfig.cmake
[1.107s] -- Up-to-date: /home/bizare/Desktop/cw2_team_14/install/cw2_world_spawner/share/cw2_world_spawner/cmake/cw2_world_spawner__rosidl_typesupport_cExport.cmake
[1.107s] -- Up-to-date: /home/bizare/Desktop/cw2_team_14/install/cw2_world_spawner/share/cw2_world_spawner/cmake/cw2_world_spawner__rosidl_typesupport_cExport-noconfig.cmake
[1.107s] -- Up-to-date: /home/bizare/Desktop/cw2_team_14/install/cw2_world_spawner/share/cw2_world_spawner/cmake/export_cw2_world_spawner__rosidl_generator_cppExport.cmake
[1.107s] -- Up-to-date: /home/bizare/Desktop/cw2_team_14/install/cw2_world_spawner/share/cw2_world_spawner/cmake/export_cw2_world_spawner__rosidl_typesupport_fastrtps_cppExport.cmake
[1.107s] -- Up-to-date: /home/bizare/Desktop/cw2_team_14/install/cw2_world_spawner/share/cw2_world_spawner/cmake/export_cw2_world_spawner__rosidl_typesupport_fastrtps_cppExport-noconfig.cmake
[1.107s] -- Up-to-date: /home/bizare/Desktop/cw2_team_14/install/cw2_world_spawner/share/cw2_world_spawner/cmake/cw2_world_spawner__rosidl_typesupport_introspection_cppExport.cmake
[1.107s] -- Up-to-date: /home/bizare/Desktop/cw2_team_14/install/cw2_world_spawner/share/cw2_world_spawner/cmake/cw2_world_spawner__rosidl_typesupport_introspection_cppExport-noconfig.cmake
[1.107s] -- Up-to-date: /home/bizare/Desktop/cw2_team_14/install/cw2_world_spawner/share/cw2_world_spawner/cmake/cw2_world_spawner__rosidl_typesupport_cppExport.cmake
[1.107s] -- Up-to-date: /home/bizare/Desktop/cw2_team_14/install/cw2_world_spawner/share/cw2_world_spawner/cmake/cw2_world_spawner__rosidl_typesupport_cppExport-noconfig.cmake
[1.107s] -- Up-to-date: /home/bizare/Desktop/cw2_team_14/install/cw2_world_spawner/share/cw2_world_spawner/cmake/export_cw2_world_spawner__rosidl_generator_pyExport.cmake
[1.107s] -- Up-to-date: /home/bizare/Desktop/cw2_team_14/install/cw2_world_spawner/share/cw2_world_spawner/cmake/export_cw2_world_spawner__rosidl_generator_pyExport-noconfig.cmake
[1.107s] -- Up-to-date: /home/bizare/Desktop/cw2_team_14/install/cw2_world_spawner/share/cw2_world_spawner/cmake/rosidl_cmake-extras.cmake
[1.107s] -- Up-to-date: /home/bizare/Desktop/cw2_team_14/install/cw2_world_spawner/share/cw2_world_spawner/cmake/ament_cmake_export_dependencies-extras.cmake
[1.107s] -- Up-to-date: /home/bizare/Desktop/cw2_team_14/install/cw2_world_spawner/share/cw2_world_spawner/cmake/ament_cmake_export_include_directories-extras.cmake
[1.108s] -- Up-to-date: /home/bizare/Desktop/cw2_team_14/install/cw2_world_spawner/share/cw2_world_spawner/cmake/ament_cmake_export_libraries-extras.cmake
[1.108s] -- Up-to-date: /home/bizare/Desktop/cw2_team_14/install/cw2_world_spawner/share/cw2_world_spawner/cmake/ament_cmake_export_targets-extras.cmake
[1.108s] -- Up-to-date: /home/bizare/Desktop/cw2_team_14/install/cw2_world_spawner/share/cw2_world_spawner/cmake/rosidl_cmake_export_typesupport_targets-extras.cmake
[1.108s] -- Up-to-date: /home/bizare/Desktop/cw2_team_14/install/cw2_world_spawner/share/cw2_world_spawner/cmake/rosidl_cmake_export_typesupport_libraries-extras.cmake
[1.108s] -- Up-to-date: /home/bizare/Desktop/cw2_team_14/install/cw2_world_spawner/share/cw2_world_spawner/cmake/cw2_world_spawnerConfig.cmake
[1.108s] -- Up-to-date: /home/bizare/Desktop/cw2_team_14/install/cw2_world_spawner/share/cw2_world_spawner/cmake/cw2_world_spawnerConfig-version.cmake
[1.108s] -- Up-to-date: /home/bizare/Desktop/cw2_team_14/install/cw2_world_spawner/share/cw2_world_spawner/package.xml
[1.109s] Invoked command in '/home/bizare/Desktop/cw2_team_14/build/cw2_world_spawner' returned '0': CMAKE_PREFIX_PATH=${CMAKE_PREFIX_PATH}:/opt/ros/humble /usr/bin/cmake --install /home/bizare/Desktop/cw2_team_14/build/cw2_world_spawner
