[0.011s] Invoking command in '/home/bizare/Desktop/cw2_team_14/build/cw2_team_14': CMAKE_PREFIX_PATH=/home/bizare/Desktop/cw2_team_14/install/cw2_world_spawner:/home/bizare/Desktop/cw2_team_14/install/rpl_panda_with_rs:/home/bizare/Desktop/cw2_team_14/install/realsense_gazebo_plugin:/home/bizare/Desktop/cw2_team_14/install/panda_moveit_config:/home/bizare/Desktop/cw2_team_14/install/panda_description:/home/bizare/Desktop/cw2_team_14/install/cw2_team_14:/home/bizare/Desktop/cw2_team_14/install/cw1_world_spawner:/opt/ros/humble LD_LIBRARY_PATH=/home/bizare/Desktop/cw2_team_14/install/cw2_world_spawner/lib:/home/bizare/Desktop/cw2_team_14/install/realsense_gazebo_plugin/lib:/home/bizare/Desktop/cw2_team_14/install/cw2_team_14/lib:/home/bizare/Desktop/cw2_team_14/install/cw1_world_spawner/lib:/usr/lib/x86_64-linux-gnu/gazebo-11/plugins:/opt/ros/humble/opt/rviz_ogre_vendor/lib:/opt/ros/humble/lib/x86_64-linux-gnu:/opt/ros/humble/lib /usr/bin/cmake --build /home/bizare/Desktop/cw2_team_14/build/cw2_team_14 -- -j2 -l2
[0.078s] [  2%] Built target cw2_team_14__cpp
[0.097s] [ 11%] Built target cw2_team_14__rosidl_generator_c
[0.127s] [ 11%] Built target ament_cmake_python_copy_cw2_team_14
[0.147s] [ 20%] Built target cw2_team_14__rosidl_typesupport_cpp
[0.168s] [ 28%] Built target cw2_team_14__rosidl_typesupport_fastrtps_c
[0.186s] [ 37%] Built target cw2_team_14__rosidl_typesupport_introspection_c
[0.207s] [ 45%] Built target cw2_team_14__rosidl_typesupport_c
[0.230s] [ 54%] Built target cw2_team_14__rosidl_typesupport_fastrtps_cpp
[0.250s] [ 62%] Built target cw2_team_14__rosidl_typesupport_introspection_cpp
[0.482s] running egg_info
[0.482s] writing cw2_team_14.egg-info/PKG-INFO
[0.483s] writing dependency_links to cw2_team_14.egg-info/dependency_links.txt
[0.483s] writing top-level names to cw2_team_14.egg-info/top_level.txt
[0.486s] reading manifest file 'cw2_team_14.egg-info/SOURCES.txt'
[0.487s] writing manifest file 'cw2_team_14.egg-info/SOURCES.txt'
[0.510s] [ 62%] Built target ament_cmake_python_build_cw2_team_14_egg
[0.529s] [35m[1mConsolidate compiler generated dependencies of target cw2_team_14_cw2_class_lib[0m
[0.571s] [ 65%] [32mBuilding CXX object CMakeFiles/cw2_team_14_cw2_class_lib.dir/src/cw2_class.cpp.o[0m
[6.705s] [01m[K/home/bizare/Desktop/cw2_team_14/src/courseworks/cw2_team_14/src/cw2_class.cpp:[m[K In member function ‘[01m[Kvoid cw2::t1_callback(std::shared_ptr<cw2_world_spawner::srv::Task1Service_Request_<std::allocator<void> > >, std::shared_ptr<cw2_world_spawner::srv::Task1Service_Response_<std::allocator<void> > >)[m[K’:
[6.705s] [01m[K/home/bizare/Desktop/cw2_team_14/src/courseworks/cw2_team_14/src/cw2_class.cpp:477:18:[m[K [01;31m[Kerror: [m[Kredeclaration of ‘[01m[Kconst double transit_z[m[K’
[6.705s]   477 |     const double [01;31m[Ktransit_z[m[K = std::max(
[6.705s]       |                  [01;31m[K^~~~~~~~~[m[K
[6.705s] [01m[K/home/bizare/Desktop/cw2_team_14/src/courseworks/cw2_team_14/src/cw2_class.cpp:447:18:[m[K [01;36m[Knote: [m[K‘[01m[Kconst double transit_z[m[K’ previously declared here
[6.705s]   447 |     const double [01;36m[Ktransit_z[m[K = std::max(
[6.705s]       |                  [01;36m[K^~~~~~~~~[m[K
[6.705s] [01m[K/home/bizare/Desktop/cw2_team_14/src/courseworks/cw2_team_14/src/cw2_class.cpp:481:36:[m[K [01;31m[Kerror: [m[Kredeclaration of ‘[01m[Kconst Pose transit_pose[m[K’
[6.705s]   481 |     const geometry_msgs::msg::Pose [01;31m[Ktransit_pose[m[K = make_top_down_pose(
[6.705s]       |                                    [01;31m[K^~~~~~~~~~~~[m[K
[6.705s] [01m[K/home/bizare/Desktop/cw2_team_14/src/courseworks/cw2_team_14/src/cw2_class.cpp:451:36:[m[K [01;36m[Knote: [m[K‘[01m[Kconst Pose transit_pose[m[K’ previously declared here
[6.706s]   451 |     const geometry_msgs::msg::Pose [01;36m[Ktransit_pose[m[K = make_top_down_pose(
[6.706s]       |                                    [01;36m[K^~~~~~~~~~~~[m[K
[11.590s] gmake[2]: *** [CMakeFiles/cw2_team_14_cw2_class_lib.dir/build.make:76: CMakeFiles/cw2_team_14_cw2_class_lib.dir/src/cw2_class.cpp.o] Error 1
[11.590s] gmake[1]: *** [CMakeFiles/Makefile2:595: CMakeFiles/cw2_team_14_cw2_class_lib.dir/all] Error 2
[11.591s] gmake: *** [Makefile:146: all] Error 2
[11.592s] Invoked command in '/home/bizare/Desktop/cw2_team_14/build/cw2_team_14' returned '2': CMAKE_PREFIX_PATH=/home/bizare/Desktop/cw2_team_14/install/cw2_world_spawner:/home/bizare/Desktop/cw2_team_14/install/rpl_panda_with_rs:/home/bizare/Desktop/cw2_team_14/install/realsense_gazebo_plugin:/home/bizare/Desktop/cw2_team_14/install/panda_moveit_config:/home/bizare/Desktop/cw2_team_14/install/panda_description:/home/bizare/Desktop/cw2_team_14/install/cw2_team_14:/home/bizare/Desktop/cw2_team_14/install/cw1_world_spawner:/opt/ros/humble LD_LIBRARY_PATH=/home/bizare/Desktop/cw2_team_14/install/cw2_world_spawner/lib:/home/bizare/Desktop/cw2_team_14/install/realsense_gazebo_plugin/lib:/home/bizare/Desktop/cw2_team_14/install/cw2_team_14/lib:/home/bizare/Desktop/cw2_team_14/install/cw1_world_spawner/lib:/usr/lib/x86_64-linux-gnu/gazebo-11/plugins:/opt/ros/humble/opt/rviz_ogre_vendor/lib:/opt/ros/humble/lib/x86_64-linux-gnu:/opt/ros/humble/lib /usr/bin/cmake --build /home/bizare/Desktop/cw2_team_14/build/cw2_team_14 -- -j2 -l2
