[0.045s] Invoking command in '/home/czg22/comp0250_s26_labs/build/pcl_tutorial': CMAKE_PREFIX_PATH=${CMAKE_PREFIX_PATH}:/home/czg22/ws_moveit2/install/moveit_configs_utils:/home/czg22/ws_moveit2/install/launch_param_builder:/opt/ros/humble /usr/bin/cmake /home/czg22/comp0250_s26_labs/src/labs/pcl_tutorial -DCMAKE_INSTALL_PREFIX=/home/czg22/comp0250_s26_labs/install/pcl_tutorial
[0.131s] -- The C compiler identification is GNU 11.4.0
[0.310s] -- The CXX compiler identification is GNU 11.4.0
[0.408s] -- Detecting C compiler ABI info
[0.521s] -- Detecting C compiler ABI info - done
[0.526s] -- Check for working C compiler: /usr/bin/cc - skipped
[0.526s] -- Detecting C compile features
[0.527s] -- Detecting C compile features - done
[0.528s] -- Detecting CXX compiler ABI info
[0.648s] -- Detecting CXX compiler ABI info - done
[0.653s] -- Check for working CXX compiler: /usr/bin/c++ - skipped
[0.653s] -- Detecting CXX compile features
[0.653s] -- Detecting CXX compile features - done
[0.662s] -- Found ament_cmake: 1.3.13 (/opt/ros/humble/share/ament_cmake/cmake)
[0.807s] -- Found Python3: /usr/bin/python3 (found version "3.10.12") found components: Interpreter 
[0.962s] -- Found rclcpp: 16.0.18 (/opt/ros/humble/share/rclcpp/cmake)
[1.116s] -- Found rosidl_generator_c: 3.1.8 (/opt/ros/humble/share/rosidl_generator_c/cmake)
[1.123s] -- Found rosidl_adapter: 3.1.8 (/opt/ros/humble/share/rosidl_adapter/cmake)
[1.141s] -- Found rosidl_generator_cpp: 3.1.8 (/opt/ros/humble/share/rosidl_generator_cpp/cmake)
[1.162s] -- Using all available rosidl_typesupport_c: rosidl_typesupport_fastrtps_c;rosidl_typesupport_introspection_c
[1.192s] -- Using all available rosidl_typesupport_cpp: rosidl_typesupport_fastrtps_cpp;rosidl_typesupport_introspection_cpp
[1.281s] -- Found rmw_implementation_cmake: 6.1.2 (/opt/ros/humble/share/rmw_implementation_cmake/cmake)
[1.290s] -- Found rmw_fastrtps_cpp: 6.2.10 (/opt/ros/humble/share/rmw_fastrtps_cpp/cmake)
[1.703s] -- Found OpenSSL: /usr/lib/x86_64-linux-gnu/libcrypto.so (found version "3.0.2")  
[2.040s] -- Found FastRTPS: /opt/ros/humble/include  
[3.652s] -- Using RMW implementation 'rmw_fastrtps_cpp' as default
[3.694s] -- Looking for pthread.h
[3.844s] -- Looking for pthread.h - found
[3.845s] -- Performing Test CMAKE_HAVE_LIBC_PTHREAD
[3.983s] -- Performing Test CMAKE_HAVE_LIBC_PTHREAD - Success
[3.984s] -- Found Threads: TRUE  
[4.049s] -- Found sensor_msgs: 4.9.1 (/opt/ros/humble/share/sensor_msgs/cmake)
[4.081s] -- Found pcl_conversions: 2.4.5 (/opt/ros/humble/share/pcl_conversions/cmake)
[4.131s] -- Checking for module 'eigen3'
[4.153s] --   Found eigen3, version 3.4.0
[4.212s] -- Found Eigen: /usr/include/eigen3 (Required is at least version "3.1") 
[4.212s] -- Eigen found (include: /usr/include/eigen3, version: 3.4.0)
[4.809s] -- Checking for module 'flann'
[4.832s] --   Found flann, version 1.9.1
[5.023s] -- Found FLANN: /usr/lib/x86_64-linux-gnu/libflann_cpp.so  
[5.023s] -- FLANN found (include: /usr/include, lib: /usr/lib/x86_64-linux-gnu/libflann_cpp.so)
[7.608s] -- Checking for module 'libusb-1.0'
[7.635s] --   Found libusb-1.0, version 1.0.25
[7.712s] -- Found libusb: /usr/lib/x86_64-linux-gnu/libusb-1.0.so  
[7.712s] -- OpenNI found (version: 1.5.4.0, include: /usr/include/ni, lib: /usr/lib/libOpenNI.so;libusb::libusb)
[7.854s] -- OpenNI2 found (version: 2.2.0.33, include: /usr/include/openni2, lib: /usr/lib/x86_64-linux-gnu/libOpenNI2.so;libusb::libusb)
[8.597s] -- Eigen found (include: /usr/include/eigen3, version: 3.4.0)
[8.603s] -- OpenNI found (version: 1.5.4.0, include: /usr/include/ni, lib: /usr/lib/libOpenNI.so;libusb::libusb)
[8.611s] -- OpenNI2 found (version: 2.2.0.33, include: /usr/include/openni2, lib: /usr/lib/x86_64-linux-gnu/libOpenNI2.so;libusb::libusb)
[9.351s] -- Found Qhull version 8.0.2
[10.042s] -- OpenNI found (version: 1.5.4.0, include: /usr/include/ni, lib: /usr/lib/libOpenNI.so;libusb::libusb)
[10.780s] -- Found PCL_COMMON: /usr/lib/x86_64-linux-gnu/libpcl_common.so  
[10.780s] -- Found PCL_KDTREE: /usr/lib/x86_64-linux-gnu/libpcl_kdtree.so  
[10.781s] -- Found PCL_OCTREE: /usr/lib/x86_64-linux-gnu/libpcl_octree.so  
[10.781s] -- Found PCL_SEARCH: /usr/lib/x86_64-linux-gnu/libpcl_search.so  
[10.782s] -- Found PCL_SAMPLE_CONSENSUS: /usr/lib/x86_64-linux-gnu/libpcl_sample_consensus.so  
[10.782s] -- Found PCL_FILTERS: /usr/lib/x86_64-linux-gnu/libpcl_filters.so  
[10.782s] -- Found PCL_2D: /usr/include/pcl-1.12  
[10.783s] -- Found PCL_GEOMETRY: /usr/include/pcl-1.12  
[10.783s] -- Found PCL_IO: /usr/lib/x86_64-linux-gnu/libpcl_io.so  
[10.784s] -- Found PCL_FEATURES: /usr/lib/x86_64-linux-gnu/libpcl_features.so  
[10.784s] -- Found PCL_ML: /usr/lib/x86_64-linux-gnu/libpcl_ml.so  
[10.785s] -- Found PCL_SEGMENTATION: /usr/lib/x86_64-linux-gnu/libpcl_segmentation.so  
[10.786s] -- Found PCL_VISUALIZATION: /usr/lib/x86_64-linux-gnu/libpcl_visualization.so  
[10.786s] -- Found PCL_SURFACE: /usr/lib/x86_64-linux-gnu/libpcl_surface.so  
[10.787s] -- Found PCL_REGISTRATION: /usr/lib/x86_64-linux-gnu/libpcl_registration.so  
[10.787s] -- Found PCL_KEYPOINTS: /usr/lib/x86_64-linux-gnu/libpcl_keypoints.so  
[10.788s] -- Found PCL_TRACKING: /usr/lib/x86_64-linux-gnu/libpcl_tracking.so  
[10.789s] -- Found PCL_RECOGNITION: /usr/lib/x86_64-linux-gnu/libpcl_recognition.so  
[10.789s] -- Found PCL_STEREO: /usr/lib/x86_64-linux-gnu/libpcl_stereo.so  
[10.790s] -- Found PCL_APPS: /usr/lib/x86_64-linux-gnu/libpcl_apps.so  
[10.790s] -- Found PCL_IN_HAND_SCANNER: /usr/include/pcl-1.12  
[10.790s] -- Found PCL_MODELER: /usr/include/pcl-1.12  
[10.791s] -- Found PCL_POINT_CLOUD_EDITOR: /usr/include/pcl-1.12  
[10.791s] -- Found PCL_OUTOFCORE: /usr/lib/x86_64-linux-gnu/libpcl_outofcore.so  
[10.792s] -- Found PCL_PEOPLE: /usr/lib/x86_64-linux-gnu/libpcl_people.so  
[10.800s] -- Found tf2: 0.25.19 (/opt/ros/humble/share/tf2/cmake)
[10.820s] -- Found tf2_ros: 0.25.19 (/opt/ros/humble/share/tf2_ros/cmake)
[10.939s] -- Found tf2_geometry_msgs: 0.25.19 (/opt/ros/humble/share/tf2_geometry_msgs/cmake)
[10.985s] -- Found eigen3_cmake_module: 0.1.1 (/opt/ros/humble/share/eigen3_cmake_module/cmake)
[10.986s] -- Found Eigen3: TRUE (found version "3.4.0") 
[10.986s] -- Ensuring Eigen3 include directory is part of orocos-kdl CMake target
[11.022s] -- Found ament_lint_auto: 0.12.15 (/opt/ros/humble/share/ament_lint_auto/cmake)
[11.125s] -- Added test 'cppcheck' to perform static code analysis on C / C++ code
[11.125s] -- Configured cppcheck include dirs: /home/czg22/comp0250_s26_labs/src/labs/pcl_tutorial/include
[11.125s] -- Configured cppcheck exclude dirs and/or files: 
[11.127s] -- Added test 'flake8' to check Python code syntax and style conventions
[11.128s] -- Added test 'lint_cmake' to check CMake code style
[11.130s] -- Added test 'pep257' to check Python code against some of the docstring style conventions in PEP 257
[11.132s] -- Added test 'uncrustify' to check C / C++ code style
[11.132s] -- Configured uncrustify additional arguments: 
[11.134s] -- Added test 'xmllint' to check XML markup files
[11.137s] -- Configuring done
[11.171s] -- Generating done
[11.180s] -- Build files have been written to: /home/czg22/comp0250_s26_labs/build/pcl_tutorial
[11.198s] Invoked command in '/home/czg22/comp0250_s26_labs/build/pcl_tutorial' returned '0': CMAKE_PREFIX_PATH=${CMAKE_PREFIX_PATH}:/home/czg22/ws_moveit2/install/moveit_configs_utils:/home/czg22/ws_moveit2/install/launch_param_builder:/opt/ros/humble /usr/bin/cmake /home/czg22/comp0250_s26_labs/src/labs/pcl_tutorial -DCMAKE_INSTALL_PREFIX=/home/czg22/comp0250_s26_labs/install/pcl_tutorial
[11.201s] Invoking command in '/home/czg22/comp0250_s26_labs/build/pcl_tutorial': CMAKE_PREFIX_PATH=${CMAKE_PREFIX_PATH}:/home/czg22/ws_moveit2/install/moveit_configs_utils:/home/czg22/ws_moveit2/install/launch_param_builder:/opt/ros/humble /usr/bin/cmake --build /home/czg22/comp0250_s26_labs/build/pcl_tutorial -- -j32 -l32
[11.284s] [ 50%] [32mBuilding CXX object CMakeFiles/pcl_tutorial_node.dir/src/pcl_tutorial_node.cpp.o[0m
[24.493s] [100%] [32m[1mLinking CXX executable pcl_tutorial_node[0m
[26.807s] [100%] Built target pcl_tutorial_node
[26.824s] Invoked command in '/home/czg22/comp0250_s26_labs/build/pcl_tutorial' returned '0': CMAKE_PREFIX_PATH=${CMAKE_PREFIX_PATH}:/home/czg22/ws_moveit2/install/moveit_configs_utils:/home/czg22/ws_moveit2/install/launch_param_builder:/opt/ros/humble /usr/bin/cmake --build /home/czg22/comp0250_s26_labs/build/pcl_tutorial -- -j32 -l32
[26.827s] Invoking command in '/home/czg22/comp0250_s26_labs/build/pcl_tutorial': CMAKE_PREFIX_PATH=${CMAKE_PREFIX_PATH}:/home/czg22/ws_moveit2/install/moveit_configs_utils:/home/czg22/ws_moveit2/install/launch_param_builder:/opt/ros/humble /usr/bin/cmake --install /home/czg22/comp0250_s26_labs/build/pcl_tutorial
[26.838s] -- Install configuration: ""
[26.839s] -- Installing: /home/czg22/comp0250_s26_labs/install/pcl_tutorial/lib/pcl_tutorial/pcl_tutorial_node
[26.845s] -- Set runtime path of "/home/czg22/comp0250_s26_labs/install/pcl_tutorial/lib/pcl_tutorial/pcl_tutorial_node" to ""
[26.845s] -- Installing: /home/czg22/comp0250_s26_labs/install/pcl_tutorial/share/pcl_tutorial/launch
[26.846s] -- Installing: /home/czg22/comp0250_s26_labs/install/pcl_tutorial/share/pcl_tutorial/launch/pcl_tutorial.launch.yaml
[26.846s] -- Installing: /home/czg22/comp0250_s26_labs/install/pcl_tutorial/share/pcl_tutorial/launch/pcl_tutorial.launch.xml
[26.846s] -- Installing: /home/czg22/comp0250_s26_labs/install/pcl_tutorial/share/pcl_tutorial/launch/pcl_tutorial.launch.py
[26.847s] -- Installing: /home/czg22/comp0250_s26_labs/install/pcl_tutorial/share/pcl_tutorial/config
[26.847s] -- Installing: /home/czg22/comp0250_s26_labs/install/pcl_tutorial/share/pcl_tutorial/config/pcl_tutorial.yaml
[26.847s] -- Installing: /home/czg22/comp0250_s26_labs/install/pcl_tutorial/share/pcl_tutorial/rviz
[26.847s] -- Installing: /home/czg22/comp0250_s26_labs/install/pcl_tutorial/share/pcl_tutorial/rviz/pcl_tutorial.rviz
[26.849s] -- Installing: /home/czg22/comp0250_s26_labs/install/pcl_tutorial/share/ament_index/resource_index/package_run_dependencies/pcl_tutorial
[26.849s] -- Installing: /home/czg22/comp0250_s26_labs/install/pcl_tutorial/share/ament_index/resource_index/parent_prefix_path/pcl_tutorial
[26.849s] -- Installing: /home/czg22/comp0250_s26_labs/install/pcl_tutorial/share/pcl_tutorial/environment/ament_prefix_path.sh
[26.850s] -- Installing: /home/czg22/comp0250_s26_labs/install/pcl_tutorial/share/pcl_tutorial/environment/ament_prefix_path.dsv
[26.850s] -- Installing: /home/czg22/comp0250_s26_labs/install/pcl_tutorial/share/pcl_tutorial/environment/path.sh
[26.850s] -- Installing: /home/czg22/comp0250_s26_labs/install/pcl_tutorial/share/pcl_tutorial/environment/path.dsv
[26.850s] -- Installing: /home/czg22/comp0250_s26_labs/install/pcl_tutorial/share/pcl_tutorial/local_setup.bash
[26.850s] -- Installing: /home/czg22/comp0250_s26_labs/install/pcl_tutorial/share/pcl_tutorial/local_setup.sh
[26.851s] -- Installing: /home/czg22/comp0250_s26_labs/install/pcl_tutorial/share/pcl_tutorial/local_setup.zsh
[26.851s] -- Installing: /home/czg22/comp0250_s26_labs/install/pcl_tutorial/share/pcl_tutorial/local_setup.dsv
[26.851s] -- Installing: /home/czg22/comp0250_s26_labs/install/pcl_tutorial/share/pcl_tutorial/package.dsv
[26.851s] -- Installing: /home/czg22/comp0250_s26_labs/install/pcl_tutorial/share/ament_index/resource_index/packages/pcl_tutorial
[26.852s] -- Installing: /home/czg22/comp0250_s26_labs/install/pcl_tutorial/share/pcl_tutorial/cmake/pcl_tutorialConfig.cmake
[26.852s] -- Installing: /home/czg22/comp0250_s26_labs/install/pcl_tutorial/share/pcl_tutorial/cmake/pcl_tutorialConfig-version.cmake
[26.852s] -- Installing: /home/czg22/comp0250_s26_labs/install/pcl_tutorial/share/pcl_tutorial/package.xml
[26.855s] Invoked command in '/home/czg22/comp0250_s26_labs/build/pcl_tutorial' returned '0': CMAKE_PREFIX_PATH=${CMAKE_PREFIX_PATH}:/home/czg22/ws_moveit2/install/moveit_configs_utils:/home/czg22/ws_moveit2/install/launch_param_builder:/opt/ros/humble /usr/bin/cmake --install /home/czg22/comp0250_s26_labs/build/pcl_tutorial
