[0.055s] Invoking command in '/home/czg22/comp0250_s26_labs/build/cw1_world_spawner': CMAKE_PREFIX_PATH=${CMAKE_PREFIX_PATH}:/home/czg22/ws_moveit2/install/moveit_configs_utils:/home/czg22/ws_moveit2/install/launch_param_builder:/opt/ros/humble /usr/bin/cmake /home/czg22/comp0250_s26_labs/src/courseworks/cw1_world_spawner -DCMAKE_INSTALL_PREFIX=/home/czg22/comp0250_s26_labs/install/cw1_world_spawner
[0.147s] -- The C compiler identification is GNU 11.4.0
[0.311s] -- The CXX compiler identification is GNU 11.4.0
[0.407s] -- Detecting C compiler ABI info
[0.522s] -- Detecting C compiler ABI info - done
[0.526s] -- Check for working C compiler: /usr/bin/cc - skipped
[0.526s] -- Detecting C compile features
[0.527s] -- Detecting C compile features - done
[0.529s] -- Detecting CXX compiler ABI info
[0.654s] -- Detecting CXX compiler ABI info - done
[0.659s] -- Check for working CXX compiler: /usr/bin/c++ - skipped
[0.659s] -- Detecting CXX compile features
[0.659s] -- Detecting CXX compile features - done
[0.667s] -- Found ament_cmake: 1.3.13 (/opt/ros/humble/share/ament_cmake/cmake)
[0.812s] -- Found Python3: /usr/bin/python3 (found version "3.10.12") found components: Interpreter 
[0.972s] -- Found rosidl_default_generators: 1.2.0 (/opt/ros/humble/share/rosidl_default_generators/cmake)
[0.985s] -- Using all available rosidl_typesupport_c: rosidl_typesupport_fastrtps_c;rosidl_typesupport_introspection_c
[1.007s] -- Found rosidl_adapter: 3.1.8 (/opt/ros/humble/share/rosidl_adapter/cmake)
[1.149s] -- Using all available rosidl_typesupport_cpp: rosidl_typesupport_fastrtps_cpp;rosidl_typesupport_introspection_cpp
[1.207s] -- Found geometry_msgs: 4.9.1 (/opt/ros/humble/share/geometry_msgs/cmake)
[1.492s] -- Found ament_cmake_ros: 0.10.0 (/opt/ros/humble/share/ament_cmake_ros/cmake)
[1.700s] -- Using all available rosidl_typesupport_c: rosidl_typesupport_fastrtps_c;rosidl_typesupport_introspection_c
[1.953s] -- Using all available rosidl_typesupport_cpp: rosidl_typesupport_fastrtps_cpp;rosidl_typesupport_introspection_cpp
[2.009s] -- Found PythonInterp: /usr/bin/python3 (found suitable version "3.10.12", minimum required is "3.6") 
[2.016s] -- Found python_cmake_module: 0.10.0 (/opt/ros/humble/share/python_cmake_module/cmake)
[2.132s] -- Found PythonLibs: /usr/lib/x86_64-linux-gnu/libpython3.10.so (found suitable version "3.10.12", minimum required is "3.5") 
[2.132s] -- Using PYTHON_EXECUTABLE: /usr/bin/python3
[2.132s] -- Using PYTHON_INCLUDE_DIRS: /usr/include/python3.10
[2.132s] -- Using PYTHON_LIBRARIES: /usr/lib/x86_64-linux-gnu/libpython3.10.so
[2.149s] -- Found PythonExtra: .so  
[2.235s] -- Found ament_lint_auto: 0.12.15 (/opt/ros/humble/share/ament_lint_auto/cmake)
[2.292s] -- Added test 'flake8' to check Python code syntax and style conventions
[2.294s] -- Added test 'lint_cmake' to check CMake code style
[2.295s] -- Added test 'pep257' to check Python code against some of the docstring style conventions in PEP 257
[2.300s] -- Added test 'xmllint' to check XML markup files
[2.304s] -- Configuring done
[2.356s] -- Generating done
[2.366s] -- Build files have been written to: /home/czg22/comp0250_s26_labs/build/cw1_world_spawner
[2.375s] Invoked command in '/home/czg22/comp0250_s26_labs/build/cw1_world_spawner' returned '0': CMAKE_PREFIX_PATH=${CMAKE_PREFIX_PATH}:/home/czg22/ws_moveit2/install/moveit_configs_utils:/home/czg22/ws_moveit2/install/launch_param_builder:/opt/ros/humble /usr/bin/cmake /home/czg22/comp0250_s26_labs/src/courseworks/cw1_world_spawner -DCMAKE_INSTALL_PREFIX=/home/czg22/comp0250_s26_labs/install/cw1_world_spawner
[2.377s] Invoking command in '/home/czg22/comp0250_s26_labs/build/cw1_world_spawner': CMAKE_PREFIX_PATH=${CMAKE_PREFIX_PATH}:/home/czg22/ws_moveit2/install/moveit_configs_utils:/home/czg22/ws_moveit2/install/launch_param_builder:/opt/ros/humble /usr/bin/cmake --build /home/czg22/comp0250_s26_labs/build/cw1_world_spawner -- -j32 -l32
[2.440s] [  1%] [34m[1mGenerating C code for ROS interfaces[0m
[2.457s] [  3%] [34m[1mGenerating C++ code for ROS interfaces[0m
[2.471s] [  3%] Built target ament_cmake_python_copy_cw1_world_spawner
[2.471s] [  3%] Built target ament_cmake_python_copy_coursework_world_spawner_lib
[2.671s] running egg_info
[2.672s] creating coursework_world_spawner_lib.egg-info
[2.673s] writing coursework_world_spawner_lib.egg-info/PKG-INFO
[2.673s] writing dependency_links to coursework_world_spawner_lib.egg-info/dependency_links.txt
[2.673s] writing top-level names to coursework_world_spawner_lib.egg-info/top_level.txt
[2.673s] writing manifest file 'coursework_world_spawner_lib.egg-info/SOURCES.txt'
[2.676s] reading manifest file 'coursework_world_spawner_lib.egg-info/SOURCES.txt'
[2.676s] writing manifest file 'coursework_world_spawner_lib.egg-info/SOURCES.txt'
[2.688s] running egg_info
[2.689s] creating cw1_world_spawner.egg-info
[2.689s] writing cw1_world_spawner.egg-info/PKG-INFO
[2.690s] writing dependency_links to cw1_world_spawner.egg-info/dependency_links.txt
[2.690s] writing top-level names to cw1_world_spawner.egg-info/top_level.txt
[2.690s] writing manifest file 'cw1_world_spawner.egg-info/SOURCES.txt'
[2.691s] reading manifest file 'cw1_world_spawner.egg-info/SOURCES.txt'
[2.692s] writing manifest file 'cw1_world_spawner.egg-info/SOURCES.txt'
[2.712s] [  3%] Built target ament_cmake_python_build_coursework_world_spawner_lib_egg
[2.726s] [  3%] Built target ament_cmake_python_build_cw1_world_spawner_egg
[2.812s] [  5%] [32mBuilding C object CMakeFiles/cw1_world_spawner__rosidl_generator_c.dir/rosidl_generator_c/cw1_world_spawner/srv/detail/task2_service__functions.c.o[0m
[2.812s] [  7%] [32mBuilding C object CMakeFiles/cw1_world_spawner__rosidl_generator_c.dir/rosidl_generator_c/cw1_world_spawner/srv/detail/task_setup__functions.c.o[0m
[2.813s] [  9%] [32mBuilding C object CMakeFiles/cw1_world_spawner__rosidl_generator_c.dir/rosidl_generator_c/cw1_world_spawner/srv/detail/task1_service__functions.c.o[0m
[2.815s] [ 10%] [32mBuilding C object CMakeFiles/cw1_world_spawner__rosidl_generator_c.dir/rosidl_generator_c/cw1_world_spawner/srv/detail/task3_service__functions.c.o[0m
[2.819s] [ 10%] Built target cw1_world_spawner__cpp
[2.845s] [ 12%] [34m[1mGenerating C++ type support for eProsima Fast-RTPS[0m
[2.846s] [ 14%] [34m[1mGenerating C++ type support dispatch for ROS interfaces[0m
[2.846s] [ 16%] [34m[1mGenerating C++ introspection for ROS interfaces[0m
[2.904s] [ 18%] [32m[1mLinking C shared library libcw1_world_spawner__rosidl_generator_c.so[0m
[2.988s] [ 18%] Built target cw1_world_spawner__rosidl_generator_c
[3.010s] [ 20%] [34m[1mGenerating C type support dispatch for ROS interfaces[0m
[3.011s] [ 21%] [34m[1mGenerating C type support for eProsima Fast-RTPS[0m
[3.014s] [ 23%] [34m[1mGenerating C introspection for ROS interfaces[0m
[3.153s] [ 25%] [32mBuilding CXX object CMakeFiles/cw1_world_spawner__rosidl_typesupport_cpp.dir/rosidl_typesupport_cpp/cw1_world_spawner/srv/task1_service__type_support.cpp.o[0m
[3.153s] [ 27%] [32mBuilding CXX object CMakeFiles/cw1_world_spawner__rosidl_typesupport_cpp.dir/rosidl_typesupport_cpp/cw1_world_spawner/srv/task2_service__type_support.cpp.o[0m
[3.154s] [ 29%] [32mBuilding CXX object CMakeFiles/cw1_world_spawner__rosidl_typesupport_cpp.dir/rosidl_typesupport_cpp/cw1_world_spawner/srv/task_setup__type_support.cpp.o[0m
[3.155s] [ 30%] [32mBuilding CXX object CMakeFiles/cw1_world_spawner__rosidl_typesupport_cpp.dir/rosidl_typesupport_cpp/cw1_world_spawner/srv/task3_service__type_support.cpp.o[0m
[3.190s] [ 32%] [32mBuilding CXX object CMakeFiles/cw1_world_spawner__rosidl_typesupport_introspection_cpp.dir/rosidl_typesupport_introspection_cpp/cw1_world_spawner/srv/detail/task_setup__type_support.cpp.o[0m
[3.191s] [ 34%] [32mBuilding CXX object CMakeFiles/cw1_world_spawner__rosidl_typesupport_introspection_cpp.dir/rosidl_typesupport_introspection_cpp/cw1_world_spawner/srv/detail/task2_service__type_support.cpp.o[0m
[3.195s] [ 36%] [32mBuilding CXX object CMakeFiles/cw1_world_spawner__rosidl_typesupport_introspection_cpp.dir/rosidl_typesupport_introspection_cpp/cw1_world_spawner/srv/detail/task3_service__type_support.cpp.o[0m
[3.198s] [ 38%] [32mBuilding CXX object CMakeFiles/cw1_world_spawner__rosidl_typesupport_introspection_cpp.dir/rosidl_typesupport_introspection_cpp/cw1_world_spawner/srv/detail/task1_service__type_support.cpp.o[0m
[3.254s] [ 40%] [32mBuilding CXX object CMakeFiles/cw1_world_spawner__rosidl_typesupport_fastrtps_cpp.dir/rosidl_typesupport_fastrtps_cpp/cw1_world_spawner/srv/detail/dds_fastrtps/task1_service__type_support.cpp.o[0m
[3.255s] [ 41%] [32mBuilding CXX object CMakeFiles/cw1_world_spawner__rosidl_typesupport_fastrtps_cpp.dir/rosidl_typesupport_fastrtps_cpp/cw1_world_spawner/srv/detail/dds_fastrtps/task2_service__type_support.cpp.o[0m
[3.255s] [ 43%] [32mBuilding CXX object CMakeFiles/cw1_world_spawner__rosidl_typesupport_fastrtps_cpp.dir/rosidl_typesupport_fastrtps_cpp/cw1_world_spawner/srv/detail/dds_fastrtps/task_setup__type_support.cpp.o[0m
[3.255s] [ 45%] [32mBuilding CXX object CMakeFiles/cw1_world_spawner__rosidl_typesupport_fastrtps_cpp.dir/rosidl_typesupport_fastrtps_cpp/cw1_world_spawner/srv/detail/dds_fastrtps/task3_service__type_support.cpp.o[0m
[3.365s] [ 47%] [32mBuilding CXX object CMakeFiles/cw1_world_spawner__rosidl_typesupport_c.dir/rosidl_typesupport_c/cw1_world_spawner/srv/task_setup__type_support.cpp.o[0m
[3.366s] [ 49%] [32mBuilding CXX object CMakeFiles/cw1_world_spawner__rosidl_typesupport_c.dir/rosidl_typesupport_c/cw1_world_spawner/srv/task1_service__type_support.cpp.o[0m
[3.384s] [ 50%] [32mBuilding CXX object CMakeFiles/cw1_world_spawner__rosidl_typesupport_c.dir/rosidl_typesupport_c/cw1_world_spawner/srv/task3_service__type_support.cpp.o[0m
[3.384s] [ 52%] [32mBuilding CXX object CMakeFiles/cw1_world_spawner__rosidl_typesupport_c.dir/rosidl_typesupport_c/cw1_world_spawner/srv/task2_service__type_support.cpp.o[0m
[3.519s] [ 54%] [32m[1mLinking CXX shared library libcw1_world_spawner__rosidl_typesupport_c.so[0m
[3.559s] [ 56%] [32mBuilding CXX object CMakeFiles/cw1_world_spawner__rosidl_typesupport_fastrtps_c.dir/rosidl_typesupport_fastrtps_c/cw1_world_spawner/srv/detail/task_setup__type_support_c.cpp.o[0m
[3.560s] [ 58%] [32mBuilding CXX object CMakeFiles/cw1_world_spawner__rosidl_typesupport_fastrtps_c.dir/rosidl_typesupport_fastrtps_c/cw1_world_spawner/srv/detail/task2_service__type_support_c.cpp.o[0m
[3.562s] [ 60%] [32mBuilding C object CMakeFiles/cw1_world_spawner__rosidl_typesupport_introspection_c.dir/rosidl_typesupport_introspection_c/cw1_world_spawner/srv/detail/task_setup__type_support.c.o[0m
[3.572s] [ 61%] [32mBuilding CXX object CMakeFiles/cw1_world_spawner__rosidl_typesupport_fastrtps_c.dir/rosidl_typesupport_fastrtps_c/cw1_world_spawner/srv/detail/task3_service__type_support_c.cpp.o[0m
[3.573s] [ 63%] [32mBuilding C object CMakeFiles/cw1_world_spawner__rosidl_typesupport_introspection_c.dir/rosidl_typesupport_introspection_c/cw1_world_spawner/srv/detail/task1_service__type_support.c.o[0m
[3.575s] [ 65%] [32mBuilding CXX object CMakeFiles/cw1_world_spawner__rosidl_typesupport_fastrtps_c.dir/rosidl_typesupport_fastrtps_c/cw1_world_spawner/srv/detail/task1_service__type_support_c.cpp.o[0m
[3.587s] [ 67%] [32mBuilding C object CMakeFiles/cw1_world_spawner__rosidl_typesupport_introspection_c.dir/rosidl_typesupport_introspection_c/cw1_world_spawner/srv/detail/task2_service__type_support.c.o[0m
[3.589s] [ 69%] [32mBuilding C object CMakeFiles/cw1_world_spawner__rosidl_typesupport_introspection_c.dir/rosidl_typesupport_introspection_c/cw1_world_spawner/srv/detail/task3_service__type_support.c.o[0m
[3.658s] [ 70%] [32m[1mLinking CXX shared library libcw1_world_spawner__rosidl_typesupport_cpp.so[0m
[3.698s] [ 72%] [32m[1mLinking C shared library libcw1_world_spawner__rosidl_typesupport_introspection_c.so[0m
[3.733s] [ 72%] Built target cw1_world_spawner__rosidl_typesupport_c
[3.781s] [ 72%] Built target cw1_world_spawner__rosidl_typesupport_cpp
[3.804s] [ 74%] [32m[1mLinking CXX shared library libcw1_world_spawner__rosidl_typesupport_introspection_cpp.so[0m
[3.812s] [ 74%] Built target cw1_world_spawner__rosidl_typesupport_introspection_c
[3.901s] [ 76%] [32m[1mLinking CXX shared library libcw1_world_spawner__rosidl_typesupport_fastrtps_cpp.so[0m
[3.940s] [ 76%] Built target cw1_world_spawner__rosidl_typesupport_introspection_cpp
[3.984s] [ 78%] [32m[1mLinking CXX shared library libcw1_world_spawner__rosidl_typesupport_fastrtps_c.so[0m
[4.023s] [ 78%] Built target cw1_world_spawner__rosidl_typesupport_fastrtps_cpp
[4.089s] [ 78%] Built target cw1_world_spawner__rosidl_typesupport_fastrtps_c
[4.123s] [ 78%] Built target cw1_world_spawner
[4.157s] [ 80%] [34m[1mGenerating Python code for ROS interfaces[0m
[4.630s] [ 80%] Built target cw1_world_spawner__py
[4.665s] [ 83%] [32mBuilding C object CMakeFiles/cw1_world_spawner__rosidl_generator_py.dir/rosidl_generator_py/cw1_world_spawner/srv/_task2_service_s.c.o[0m
[4.666s] [ 83%] [32mBuilding C object CMakeFiles/cw1_world_spawner__rosidl_generator_py.dir/rosidl_generator_py/cw1_world_spawner/srv/_task1_service_s.c.o[0m
[4.666s] [ 85%] [32mBuilding C object CMakeFiles/cw1_world_spawner__rosidl_generator_py.dir/rosidl_generator_py/cw1_world_spawner/srv/_task3_service_s.c.o[0m
[4.666s] [ 87%] [32mBuilding C object CMakeFiles/cw1_world_spawner__rosidl_generator_py.dir/rosidl_generator_py/cw1_world_spawner/srv/_task_setup_s.c.o[0m
[4.801s] [ 89%] [32m[1mLinking C shared library rosidl_generator_py/cw1_world_spawner/libcw1_world_spawner__rosidl_generator_py.so[0m
[4.876s] [ 89%] Built target cw1_world_spawner__rosidl_generator_py
[4.911s] [ 90%] [32mBuilding C object CMakeFiles/cw1_world_spawner__rosidl_typesupport_introspection_c__pyext.dir/rosidl_generator_py/cw1_world_spawner/_cw1_world_spawner_s.ep.rosidl_typesupport_introspection_c.c.o[0m
[4.911s] [ 94%] [32mBuilding C object CMakeFiles/cw1_world_spawner__rosidl_typesupport_fastrtps_c__pyext.dir/rosidl_generator_py/cw1_world_spawner/_cw1_world_spawner_s.ep.rosidl_typesupport_fastrtps_c.c.o[0m
[4.911s] [ 94%] [32mBuilding C object CMakeFiles/cw1_world_spawner__rosidl_typesupport_c__pyext.dir/rosidl_generator_py/cw1_world_spawner/_cw1_world_spawner_s.ep.rosidl_typesupport_c.c.o[0m
[5.020s] [ 96%] [32m[1mLinking C shared library rosidl_generator_py/cw1_world_spawner/cw1_world_spawner_s__rosidl_typesupport_introspection_c.cpython-310-x86_64-linux-gnu.so[0m
[5.020s] [ 98%] [32m[1mLinking C shared library rosidl_generator_py/cw1_world_spawner/cw1_world_spawner_s__rosidl_typesupport_c.cpython-310-x86_64-linux-gnu.so[0m
[5.025s] [100%] [32m[1mLinking C shared library rosidl_generator_py/cw1_world_spawner/cw1_world_spawner_s__rosidl_typesupport_fastrtps_c.cpython-310-x86_64-linux-gnu.so[0m
[5.095s] [100%] Built target cw1_world_spawner__rosidl_typesupport_c__pyext
[5.095s] [100%] Built target cw1_world_spawner__rosidl_typesupport_introspection_c__pyext
[5.099s] [100%] Built target cw1_world_spawner__rosidl_typesupport_fastrtps_c__pyext
[5.117s] Invoked command in '/home/czg22/comp0250_s26_labs/build/cw1_world_spawner' returned '0': CMAKE_PREFIX_PATH=${CMAKE_PREFIX_PATH}:/home/czg22/ws_moveit2/install/moveit_configs_utils:/home/czg22/ws_moveit2/install/launch_param_builder:/opt/ros/humble /usr/bin/cmake --build /home/czg22/comp0250_s26_labs/build/cw1_world_spawner -- -j32 -l32
[5.119s] Invoking command in '/home/czg22/comp0250_s26_labs/build/cw1_world_spawner': CMAKE_PREFIX_PATH=${CMAKE_PREFIX_PATH}:/home/czg22/ws_moveit2/install/moveit_configs_utils:/home/czg22/ws_moveit2/install/launch_param_builder:/opt/ros/humble /usr/bin/cmake --install /home/czg22/comp0250_s26_labs/build/cw1_world_spawner
[5.130s] -- Install configuration: ""
[5.132s] -- Installing: /home/czg22/comp0250_s26_labs/install/cw1_world_spawner/share/ament_index/resource_index/rosidl_interfaces/cw1_world_spawner
[5.132s] -- Installing: /home/czg22/comp0250_s26_labs/install/cw1_world_spawner/include/cw1_world_spawner/cw1_world_spawner
[5.133s] -- Installing: /home/czg22/comp0250_s26_labs/install/cw1_world_spawner/include/cw1_world_spawner/cw1_world_spawner/srv
[5.133s] -- Installing: /home/czg22/comp0250_s26_labs/install/cw1_world_spawner/include/cw1_world_spawner/cw1_world_spawner/srv/task2_service.h
[5.134s] -- Installing: /home/czg22/comp0250_s26_labs/install/cw1_world_spawner/include/cw1_world_spawner/cw1_world_spawner/srv/task3_service.h
[5.134s] -- Installing: /home/czg22/comp0250_s26_labs/install/cw1_world_spawner/include/cw1_world_spawner/cw1_world_spawner/srv/task_setup.h
[5.134s] -- Installing: /home/czg22/comp0250_s26_labs/install/cw1_world_spawner/include/cw1_world_spawner/cw1_world_spawner/srv/task1_service.h
[5.135s] -- Installing: /home/czg22/comp0250_s26_labs/install/cw1_world_spawner/include/cw1_world_spawner/cw1_world_spawner/srv/detail
[5.135s] -- Installing: /home/czg22/comp0250_s26_labs/install/cw1_world_spawner/include/cw1_world_spawner/cw1_world_spawner/srv/detail/task1_service__functions.c
[5.135s] -- Installing: /home/czg22/comp0250_s26_labs/install/cw1_world_spawner/include/cw1_world_spawner/cw1_world_spawner/srv/detail/task2_service__functions.h
[5.135s] -- Installing: /home/czg22/comp0250_s26_labs/install/cw1_world_spawner/include/cw1_world_spawner/cw1_world_spawner/srv/detail/task1_service__struct.h
[5.135s] -- Installing: /home/czg22/comp0250_s26_labs/install/cw1_world_spawner/include/cw1_world_spawner/cw1_world_spawner/srv/detail/task3_service__functions.c
[5.136s] -- Installing: /home/czg22/comp0250_s26_labs/install/cw1_world_spawner/include/cw1_world_spawner/cw1_world_spawner/srv/detail/task_setup__type_support.h
[5.136s] -- Installing: /home/czg22/comp0250_s26_labs/install/cw1_world_spawner/include/cw1_world_spawner/cw1_world_spawner/srv/detail/task1_service__functions.h
[5.136s] -- Installing: /home/czg22/comp0250_s26_labs/install/cw1_world_spawner/include/cw1_world_spawner/cw1_world_spawner/srv/detail/task2_service__struct.h
[5.136s] -- Installing: /home/czg22/comp0250_s26_labs/install/cw1_world_spawner/include/cw1_world_spawner/cw1_world_spawner/srv/detail/task_setup__struct.h
[5.136s] -- Installing: /home/czg22/comp0250_s26_labs/install/cw1_world_spawner/include/cw1_world_spawner/cw1_world_spawner/srv/detail/task3_service__functions.h
[5.137s] -- Installing: /home/czg22/comp0250_s26_labs/install/cw1_world_spawner/include/cw1_world_spawner/cw1_world_spawner/srv/detail/task2_service__functions.c
[5.137s] -- Installing: /home/czg22/comp0250_s26_labs/install/cw1_world_spawner/include/cw1_world_spawner/cw1_world_spawner/srv/detail/task_setup__functions.h
[5.137s] -- Installing: /home/czg22/comp0250_s26_labs/install/cw1_world_spawner/include/cw1_world_spawner/cw1_world_spawner/srv/detail/task_setup__functions.c
[5.138s] -- Installing: /home/czg22/comp0250_s26_labs/install/cw1_world_spawner/include/cw1_world_spawner/cw1_world_spawner/srv/detail/task3_service__type_support.h
[5.138s] -- Installing: /home/czg22/comp0250_s26_labs/install/cw1_world_spawner/include/cw1_world_spawner/cw1_world_spawner/srv/detail/task3_service__struct.h
[5.138s] -- Installing: /home/czg22/comp0250_s26_labs/install/cw1_world_spawner/include/cw1_world_spawner/cw1_world_spawner/srv/detail/task1_service__type_support.h
[5.139s] -- Installing: /home/czg22/comp0250_s26_labs/install/cw1_world_spawner/include/cw1_world_spawner/cw1_world_spawner/srv/detail/task2_service__type_support.h
[5.139s] -- Installing: /home/czg22/comp0250_s26_labs/install/cw1_world_spawner/include/cw1_world_spawner/cw1_world_spawner/msg
[5.139s] -- Installing: /home/czg22/comp0250_s26_labs/install/cw1_world_spawner/include/cw1_world_spawner/cw1_world_spawner/msg/rosidl_generator_c__visibility_control.h
[5.140s] -- Installing: /home/czg22/comp0250_s26_labs/install/cw1_world_spawner/share/cw1_world_spawner/environment/library_path.sh
[5.141s] -- Installing: /home/czg22/comp0250_s26_labs/install/cw1_world_spawner/share/cw1_world_spawner/environment/library_path.dsv
[5.142s] -- Installing: /home/czg22/comp0250_s26_labs/install/cw1_world_spawner/lib/libcw1_world_spawner__rosidl_generator_c.so
[5.142s] -- Set runtime path of "/home/czg22/comp0250_s26_labs/install/cw1_world_spawner/lib/libcw1_world_spawner__rosidl_generator_c.so" to ""
[5.142s] -- Up-to-date: /home/czg22/comp0250_s26_labs/install/cw1_world_spawner/include/cw1_world_spawner/cw1_world_spawner
[5.142s] -- Up-to-date: /home/czg22/comp0250_s26_labs/install/cw1_world_spawner/include/cw1_world_spawner/cw1_world_spawner/srv
[5.142s] -- Up-to-date: /home/czg22/comp0250_s26_labs/install/cw1_world_spawner/include/cw1_world_spawner/cw1_world_spawner/srv/detail
[5.142s] -- Installing: /home/czg22/comp0250_s26_labs/install/cw1_world_spawner/include/cw1_world_spawner/cw1_world_spawner/srv/detail/task2_service__rosidl_typesupport_fastrtps_c.h
[5.142s] -- Installing: /home/czg22/comp0250_s26_labs/install/cw1_world_spawner/include/cw1_world_spawner/cw1_world_spawner/srv/detail/task1_service__rosidl_typesupport_fastrtps_c.h
[5.143s] -- Installing: /home/czg22/comp0250_s26_labs/install/cw1_world_spawner/include/cw1_world_spawner/cw1_world_spawner/srv/detail/task_setup__rosidl_typesupport_fastrtps_c.h
[5.143s] -- Installing: /home/czg22/comp0250_s26_labs/install/cw1_world_spawner/include/cw1_world_spawner/cw1_world_spawner/srv/detail/task3_service__rosidl_typesupport_fastrtps_c.h
[5.144s] -- Up-to-date: /home/czg22/comp0250_s26_labs/install/cw1_world_spawner/include/cw1_world_spawner/cw1_world_spawner/msg
[5.144s] -- Installing: /home/czg22/comp0250_s26_labs/install/cw1_world_spawner/include/cw1_world_spawner/cw1_world_spawner/msg/rosidl_typesupport_fastrtps_c__visibility_control.h
[5.144s] -- Installing: /home/czg22/comp0250_s26_labs/install/cw1_world_spawner/lib/libcw1_world_spawner__rosidl_typesupport_fastrtps_c.so
[5.144s] -- Set runtime path of "/home/czg22/comp0250_s26_labs/install/cw1_world_spawner/lib/libcw1_world_spawner__rosidl_typesupport_fastrtps_c.so" to ""
[5.145s] -- Up-to-date: /home/czg22/comp0250_s26_labs/install/cw1_world_spawner/include/cw1_world_spawner/cw1_world_spawner
[5.145s] -- Up-to-date: /home/czg22/comp0250_s26_labs/install/cw1_world_spawner/include/cw1_world_spawner/cw1_world_spawner/srv
[5.145s] -- Up-to-date: /home/czg22/comp0250_s26_labs/install/cw1_world_spawner/include/cw1_world_spawner/cw1_world_spawner/srv/detail
[5.145s] -- Installing: /home/czg22/comp0250_s26_labs/install/cw1_world_spawner/include/cw1_world_spawner/cw1_world_spawner/srv/detail/task3_service__type_support.c
[5.146s] -- Installing: /home/czg22/comp0250_s26_labs/install/cw1_world_spawner/include/cw1_world_spawner/cw1_world_spawner/srv/detail/task1_service__rosidl_typesupport_introspection_c.h
[5.146s] -- Installing: /home/czg22/comp0250_s26_labs/install/cw1_world_spawner/include/cw1_world_spawner/cw1_world_spawner/srv/detail/task2_service__type_support.c
[5.146s] -- Installing: /home/czg22/comp0250_s26_labs/install/cw1_world_spawner/include/cw1_world_spawner/cw1_world_spawner/srv/detail/task1_service__type_support.c
[5.146s] -- Installing: /home/czg22/comp0250_s26_labs/install/cw1_world_spawner/include/cw1_world_spawner/cw1_world_spawner/srv/detail/task3_service__rosidl_typesupport_introspection_c.h
[5.146s] -- Installing: /home/czg22/comp0250_s26_labs/install/cw1_world_spawner/include/cw1_world_spawner/cw1_world_spawner/srv/detail/task_setup__type_support.c
[5.147s] -- Installing: /home/czg22/comp0250_s26_labs/install/cw1_world_spawner/include/cw1_world_spawner/cw1_world_spawner/srv/detail/task_setup__rosidl_typesupport_introspection_c.h
[5.147s] -- Installing: /home/czg22/comp0250_s26_labs/install/cw1_world_spawner/include/cw1_world_spawner/cw1_world_spawner/srv/detail/task2_service__rosidl_typesupport_introspection_c.h
[5.147s] -- Up-to-date: /home/czg22/comp0250_s26_labs/install/cw1_world_spawner/include/cw1_world_spawner/cw1_world_spawner/msg
[5.148s] -- Installing: /home/czg22/comp0250_s26_labs/install/cw1_world_spawner/include/cw1_world_spawner/cw1_world_spawner/msg/rosidl_typesupport_introspection_c__visibility_control.h
[5.148s] -- Installing: /home/czg22/comp0250_s26_labs/install/cw1_world_spawner/lib/libcw1_world_spawner__rosidl_typesupport_introspection_c.so
[5.149s] -- Set runtime path of "/home/czg22/comp0250_s26_labs/install/cw1_world_spawner/lib/libcw1_world_spawner__rosidl_typesupport_introspection_c.so" to ""
[5.150s] -- Installing: /home/czg22/comp0250_s26_labs/install/cw1_world_spawner/lib/libcw1_world_spawner__rosidl_typesupport_c.so
[5.150s] -- Set runtime path of "/home/czg22/comp0250_s26_labs/install/cw1_world_spawner/lib/libcw1_world_spawner__rosidl_typesupport_c.so" to ""
[5.151s] -- Up-to-date: /home/czg22/comp0250_s26_labs/install/cw1_world_spawner/include/cw1_world_spawner/cw1_world_spawner
[5.151s] -- Up-to-date: /home/czg22/comp0250_s26_labs/install/cw1_world_spawner/include/cw1_world_spawner/cw1_world_spawner/srv
[5.153s] -- Installing: /home/czg22/comp0250_s26_labs/install/cw1_world_spawner/include/cw1_world_spawner/cw1_world_spawner/srv/task2_service.hpp
[5.153s] -- Installing: /home/czg22/comp0250_s26_labs/install/cw1_world_spawner/include/cw1_world_spawner/cw1_world_spawner/srv/task3_service.hpp
[5.153s] -- Installing: /home/czg22/comp0250_s26_labs/install/cw1_world_spawner/include/cw1_world_spawner/cw1_world_spawner/srv/task1_service.hpp
[5.153s] -- Installing: /home/czg22/comp0250_s26_labs/install/cw1_world_spawner/include/cw1_world_spawner/cw1_world_spawner/srv/task_setup.hpp
[5.154s] -- Up-to-date: /home/czg22/comp0250_s26_labs/install/cw1_world_spawner/include/cw1_world_spawner/cw1_world_spawner/srv/detail
[5.154s] -- Installing: /home/czg22/comp0250_s26_labs/install/cw1_world_spawner/include/cw1_world_spawner/cw1_world_spawner/srv/detail/task1_service__struct.hpp
[5.154s] -- Installing: /home/czg22/comp0250_s26_labs/install/cw1_world_spawner/include/cw1_world_spawner/cw1_world_spawner/srv/detail/task3_service__type_support.hpp
[5.154s] -- Installing: /home/czg22/comp0250_s26_labs/install/cw1_world_spawner/include/cw1_world_spawner/cw1_world_spawner/srv/detail/task_setup__struct.hpp
[5.154s] -- Installing: /home/czg22/comp0250_s26_labs/install/cw1_world_spawner/include/cw1_world_spawner/cw1_world_spawner/srv/detail/task2_service__traits.hpp
[5.155s] -- Installing: /home/czg22/comp0250_s26_labs/install/cw1_world_spawner/include/cw1_world_spawner/cw1_world_spawner/srv/detail/task1_service__builder.hpp
[5.156s] -- Installing: /home/czg22/comp0250_s26_labs/install/cw1_world_spawner/include/cw1_world_spawner/cw1_world_spawner/srv/detail/task_setup__type_support.hpp
[5.156s] -- Installing: /home/czg22/comp0250_s26_labs/install/cw1_world_spawner/include/cw1_world_spawner/cw1_world_spawner/srv/detail/task3_service__builder.hpp
[5.156s] -- Installing: /home/czg22/comp0250_s26_labs/install/cw1_world_spawner/include/cw1_world_spawner/cw1_world_spawner/srv/detail/task3_service__struct.hpp
[5.156s] -- Installing: /home/czg22/comp0250_s26_labs/install/cw1_world_spawner/include/cw1_world_spawner/cw1_world_spawner/srv/detail/task2_service__struct.hpp
[5.157s] -- Installing: /home/czg22/comp0250_s26_labs/install/cw1_world_spawner/include/cw1_world_spawner/cw1_world_spawner/srv/detail/task2_service__builder.hpp
[5.157s] -- Installing: /home/czg22/comp0250_s26_labs/install/cw1_world_spawner/include/cw1_world_spawner/cw1_world_spawner/srv/detail/task_setup__traits.hpp
[5.157s] -- Installing: /home/czg22/comp0250_s26_labs/install/cw1_world_spawner/include/cw1_world_spawner/cw1_world_spawner/srv/detail/task3_service__traits.hpp
[5.158s] -- Installing: /home/czg22/comp0250_s26_labs/install/cw1_world_spawner/include/cw1_world_spawner/cw1_world_spawner/srv/detail/task_setup__builder.hpp
[5.158s] -- Installing: /home/czg22/comp0250_s26_labs/install/cw1_world_spawner/include/cw1_world_spawner/cw1_world_spawner/srv/detail/task1_service__traits.hpp
[5.158s] -- Installing: /home/czg22/comp0250_s26_labs/install/cw1_world_spawner/include/cw1_world_spawner/cw1_world_spawner/srv/detail/task2_service__type_support.hpp
[5.159s] -- Installing: /home/czg22/comp0250_s26_labs/install/cw1_world_spawner/include/cw1_world_spawner/cw1_world_spawner/srv/detail/task1_service__type_support.hpp
[5.159s] -- Up-to-date: /home/czg22/comp0250_s26_labs/install/cw1_world_spawner/include/cw1_world_spawner/cw1_world_spawner/msg
[5.159s] -- Installing: /home/czg22/comp0250_s26_labs/install/cw1_world_spawner/include/cw1_world_spawner/cw1_world_spawner/msg/rosidl_generator_cpp__visibility_control.hpp
[5.160s] -- Up-to-date: /home/czg22/comp0250_s26_labs/install/cw1_world_spawner/include/cw1_world_spawner/cw1_world_spawner
[5.160s] -- Up-to-date: /home/czg22/comp0250_s26_labs/install/cw1_world_spawner/include/cw1_world_spawner/cw1_world_spawner/srv
[5.160s] -- Up-to-date: /home/czg22/comp0250_s26_labs/install/cw1_world_spawner/include/cw1_world_spawner/cw1_world_spawner/srv/detail
[5.160s] -- Installing: /home/czg22/comp0250_s26_labs/install/cw1_world_spawner/include/cw1_world_spawner/cw1_world_spawner/srv/detail/dds_fastrtps
[5.161s] -- Installing: /home/czg22/comp0250_s26_labs/install/cw1_world_spawner/include/cw1_world_spawner/cw1_world_spawner/srv/detail/task3_service__rosidl_typesupport_fastrtps_cpp.hpp
[5.161s] -- Installing: /home/czg22/comp0250_s26_labs/install/cw1_world_spawner/include/cw1_world_spawner/cw1_world_spawner/srv/detail/task2_service__rosidl_typesupport_fastrtps_cpp.hpp
[5.161s] -- Installing: /home/czg22/comp0250_s26_labs/install/cw1_world_spawner/include/cw1_world_spawner/cw1_world_spawner/srv/detail/task_setup__rosidl_typesupport_fastrtps_cpp.hpp
[5.161s] -- Installing: /home/czg22/comp0250_s26_labs/install/cw1_world_spawner/include/cw1_world_spawner/cw1_world_spawner/srv/detail/task1_service__rosidl_typesupport_fastrtps_cpp.hpp
[5.161s] -- Up-to-date: /home/czg22/comp0250_s26_labs/install/cw1_world_spawner/include/cw1_world_spawner/cw1_world_spawner/msg
[5.161s] -- Installing: /home/czg22/comp0250_s26_labs/install/cw1_world_spawner/include/cw1_world_spawner/cw1_world_spawner/msg/rosidl_typesupport_fastrtps_cpp__visibility_control.h
[5.161s] -- Installing: /home/czg22/comp0250_s26_labs/install/cw1_world_spawner/lib/libcw1_world_spawner__rosidl_typesupport_fastrtps_cpp.so
[5.162s] -- Set runtime path of "/home/czg22/comp0250_s26_labs/install/cw1_world_spawner/lib/libcw1_world_spawner__rosidl_typesupport_fastrtps_cpp.so" to ""
[5.162s] -- Up-to-date: /home/czg22/comp0250_s26_labs/install/cw1_world_spawner/include/cw1_world_spawner/cw1_world_spawner
[5.162s] -- Up-to-date: /home/czg22/comp0250_s26_labs/install/cw1_world_spawner/include/cw1_world_spawner/cw1_world_spawner/srv
[5.162s] -- Up-to-date: /home/czg22/comp0250_s26_labs/install/cw1_world_spawner/include/cw1_world_spawner/cw1_world_spawner/srv/detail
[5.162s] -- Installing: /home/czg22/comp0250_s26_labs/install/cw1_world_spawner/include/cw1_world_spawner/cw1_world_spawner/srv/detail/task3_service__rosidl_typesupport_introspection_cpp.hpp
[5.162s] -- Installing: /home/czg22/comp0250_s26_labs/install/cw1_world_spawner/include/cw1_world_spawner/cw1_world_spawner/srv/detail/task_setup__rosidl_typesupport_introspection_cpp.hpp
[5.163s] -- Installing: /home/czg22/comp0250_s26_labs/install/cw1_world_spawner/include/cw1_world_spawner/cw1_world_spawner/srv/detail/task1_service__rosidl_typesupport_introspection_cpp.hpp
[5.163s] -- Installing: /home/czg22/comp0250_s26_labs/install/cw1_world_spawner/include/cw1_world_spawner/cw1_world_spawner/srv/detail/task3_service__type_support.cpp
[5.163s] -- Installing: /home/czg22/comp0250_s26_labs/install/cw1_world_spawner/include/cw1_world_spawner/cw1_world_spawner/srv/detail/task_setup__type_support.cpp
[5.163s] -- Installing: /home/czg22/comp0250_s26_labs/install/cw1_world_spawner/include/cw1_world_spawner/cw1_world_spawner/srv/detail/task2_service__rosidl_typesupport_introspection_cpp.hpp
[5.163s] -- Installing: /home/czg22/comp0250_s26_labs/install/cw1_world_spawner/include/cw1_world_spawner/cw1_world_spawner/srv/detail/task1_service__type_support.cpp
[5.164s] -- Installing: /home/czg22/comp0250_s26_labs/install/cw1_world_spawner/include/cw1_world_spawner/cw1_world_spawner/srv/detail/task2_service__type_support.cpp
[5.164s] -- Installing: /home/czg22/comp0250_s26_labs/install/cw1_world_spawner/lib/libcw1_world_spawner__rosidl_typesupport_introspection_cpp.so
[5.164s] -- Set runtime path of "/home/czg22/comp0250_s26_labs/install/cw1_world_spawner/lib/libcw1_world_spawner__rosidl_typesupport_introspection_cpp.so" to ""
[5.164s] -- Installing: /home/czg22/comp0250_s26_labs/install/cw1_world_spawner/lib/libcw1_world_spawner__rosidl_typesupport_cpp.so
[5.164s] -- Set runtime path of "/home/czg22/comp0250_s26_labs/install/cw1_world_spawner/lib/libcw1_world_spawner__rosidl_typesupport_cpp.so" to ""
[5.165s] -- Installing: /home/czg22/comp0250_s26_labs/install/cw1_world_spawner/share/cw1_world_spawner/environment/pythonpath.sh
[5.165s] -- Installing: /home/czg22/comp0250_s26_labs/install/cw1_world_spawner/share/cw1_world_spawner/environment/pythonpath.dsv
[5.165s] -- Installing: /home/czg22/comp0250_s26_labs/install/cw1_world_spawner/local/lib/python3.10/dist-packages/cw1_world_spawner-0.1.0-py3.10.egg-info
[5.165s] -- Installing: /home/czg22/comp0250_s26_labs/install/cw1_world_spawner/local/lib/python3.10/dist-packages/cw1_world_spawner-0.1.0-py3.10.egg-info/SOURCES.txt
[5.165s] -- Installing: /home/czg22/comp0250_s26_labs/install/cw1_world_spawner/local/lib/python3.10/dist-packages/cw1_world_spawner-0.1.0-py3.10.egg-info/top_level.txt
[5.165s] -- Installing: /home/czg22/comp0250_s26_labs/install/cw1_world_spawner/local/lib/python3.10/dist-packages/cw1_world_spawner-0.1.0-py3.10.egg-info/PKG-INFO
[5.165s] -- Installing: /home/czg22/comp0250_s26_labs/install/cw1_world_spawner/local/lib/python3.10/dist-packages/cw1_world_spawner-0.1.0-py3.10.egg-info/dependency_links.txt
[5.165s] -- Installing: /home/czg22/comp0250_s26_labs/install/cw1_world_spawner/local/lib/python3.10/dist-packages/cw1_world_spawner
[5.165s] -- Installing: /home/czg22/comp0250_s26_labs/install/cw1_world_spawner/local/lib/python3.10/dist-packages/cw1_world_spawner/libcw1_world_spawner__rosidl_generator_py.so
[5.165s] -- Installing: /home/czg22/comp0250_s26_labs/install/cw1_world_spawner/local/lib/python3.10/dist-packages/cw1_world_spawner/_cw1_world_spawner_s.ep.rosidl_typesupport_introspection_c.c
[5.166s] -- Installing: /home/czg22/comp0250_s26_labs/install/cw1_world_spawner/local/lib/python3.10/dist-packages/cw1_world_spawner/srv
[5.166s] -- Installing: /home/czg22/comp0250_s26_labs/install/cw1_world_spawner/local/lib/python3.10/dist-packages/cw1_world_spawner/srv/_task2_service.py
[5.166s] -- Installing: /home/czg22/comp0250_s26_labs/install/cw1_world_spawner/local/lib/python3.10/dist-packages/cw1_world_spawner/srv/_task3_service.py
[5.166s] -- Installing: /home/czg22/comp0250_s26_labs/install/cw1_world_spawner/local/lib/python3.10/dist-packages/cw1_world_spawner/srv/_task3_service_s.c
[5.166s] -- Installing: /home/czg22/comp0250_s26_labs/install/cw1_world_spawner/local/lib/python3.10/dist-packages/cw1_world_spawner/srv/__init__.py
[5.166s] -- Installing: /home/czg22/comp0250_s26_labs/install/cw1_world_spawner/local/lib/python3.10/dist-packages/cw1_world_spawner/srv/_task1_service_s.c
[5.166s] -- Installing: /home/czg22/comp0250_s26_labs/install/cw1_world_spawner/local/lib/python3.10/dist-packages/cw1_world_spawner/srv/_task2_service_s.c
[5.166s] -- Installing: /home/czg22/comp0250_s26_labs/install/cw1_world_spawner/local/lib/python3.10/dist-packages/cw1_world_spawner/srv/_task_setup_s.c
[5.166s] -- Installing: /home/czg22/comp0250_s26_labs/install/cw1_world_spawner/local/lib/python3.10/dist-packages/cw1_world_spawner/srv/_task1_service.py
[5.166s] -- Installing: /home/czg22/comp0250_s26_labs/install/cw1_world_spawner/local/lib/python3.10/dist-packages/cw1_world_spawner/srv/_task_setup.py
[5.166s] -- Installing: /home/czg22/comp0250_s26_labs/install/cw1_world_spawner/local/lib/python3.10/dist-packages/cw1_world_spawner/__init__.py
[5.166s] -- Installing: /home/czg22/comp0250_s26_labs/install/cw1_world_spawner/local/lib/python3.10/dist-packages/cw1_world_spawner/cw1_world_spawner_s__rosidl_typesupport_fastrtps_c.cpython-310-x86_64-linux-gnu.so
[5.166s] -- Installing: /home/czg22/comp0250_s26_labs/install/cw1_world_spawner/local/lib/python3.10/dist-packages/cw1_world_spawner/_cw1_world_spawner_s.ep.rosidl_typesupport_c.c
[5.166s] -- Installing: /home/czg22/comp0250_s26_labs/install/cw1_world_spawner/local/lib/python3.10/dist-packages/cw1_world_spawner/_cw1_world_spawner_s.ep.rosidl_typesupport_fastrtps_c.c
[5.166s] -- Installing: /home/czg22/comp0250_s26_labs/install/cw1_world_spawner/local/lib/python3.10/dist-packages/cw1_world_spawner/cw1_world_spawner_s__rosidl_typesupport_c.cpython-310-x86_64-linux-gnu.so
[5.166s] -- Installing: /home/czg22/comp0250_s26_labs/install/cw1_world_spawner/local/lib/python3.10/dist-packages/cw1_world_spawner/cw1_world_spawner_s__rosidl_typesupport_introspection_c.cpython-310-x86_64-linux-gnu.so
[5.192s] Listing '/home/czg22/comp0250_s26_labs/install/cw1_world_spawner/local/lib/python3.10/dist-packages/cw1_world_spawner'...
[5.192s] Compiling '/home/czg22/comp0250_s26_labs/install/cw1_world_spawner/local/lib/python3.10/dist-packages/cw1_world_spawner/__init__.py'...
[5.192s] Listing '/home/czg22/comp0250_s26_labs/install/cw1_world_spawner/local/lib/python3.10/dist-packages/cw1_world_spawner/srv'...
[5.192s] Compiling '/home/czg22/comp0250_s26_labs/install/cw1_world_spawner/local/lib/python3.10/dist-packages/cw1_world_spawner/srv/__init__.py'...
[5.192s] Compiling '/home/czg22/comp0250_s26_labs/install/cw1_world_spawner/local/lib/python3.10/dist-packages/cw1_world_spawner/srv/_task1_service.py'...
[5.192s] Compiling '/home/czg22/comp0250_s26_labs/install/cw1_world_spawner/local/lib/python3.10/dist-packages/cw1_world_spawner/srv/_task2_service.py'...
[5.192s] Compiling '/home/czg22/comp0250_s26_labs/install/cw1_world_spawner/local/lib/python3.10/dist-packages/cw1_world_spawner/srv/_task3_service.py'...
[5.192s] Compiling '/home/czg22/comp0250_s26_labs/install/cw1_world_spawner/local/lib/python3.10/dist-packages/cw1_world_spawner/srv/_task_setup.py'...
[5.197s] -- Installing: /home/czg22/comp0250_s26_labs/install/cw1_world_spawner/local/lib/python3.10/dist-packages/cw1_world_spawner/cw1_world_spawner_s__rosidl_typesupport_fastrtps_c.cpython-310-x86_64-linux-gnu.so
[5.197s] -- Set runtime path of "/home/czg22/comp0250_s26_labs/install/cw1_world_spawner/local/lib/python3.10/dist-packages/cw1_world_spawner/cw1_world_spawner_s__rosidl_typesupport_fastrtps_c.cpython-310-x86_64-linux-gnu.so" to ""
[5.197s] -- Installing: /home/czg22/comp0250_s26_labs/install/cw1_world_spawner/local/lib/python3.10/dist-packages/cw1_world_spawner/cw1_world_spawner_s__rosidl_typesupport_introspection_c.cpython-310-x86_64-linux-gnu.so
[5.197s] -- Set runtime path of "/home/czg22/comp0250_s26_labs/install/cw1_world_spawner/local/lib/python3.10/dist-packages/cw1_world_spawner/cw1_world_spawner_s__rosidl_typesupport_introspection_c.cpython-310-x86_64-linux-gnu.so" to ""
[5.197s] -- Installing: /home/czg22/comp0250_s26_labs/install/cw1_world_spawner/local/lib/python3.10/dist-packages/cw1_world_spawner/cw1_world_spawner_s__rosidl_typesupport_c.cpython-310-x86_64-linux-gnu.so
[5.198s] -- Set runtime path of "/home/czg22/comp0250_s26_labs/install/cw1_world_spawner/local/lib/python3.10/dist-packages/cw1_world_spawner/cw1_world_spawner_s__rosidl_typesupport_c.cpython-310-x86_64-linux-gnu.so" to ""
[5.198s] -- Installing: /home/czg22/comp0250_s26_labs/install/cw1_world_spawner/lib/libcw1_world_spawner__rosidl_generator_py.so
[5.198s] -- Set runtime path of "/home/czg22/comp0250_s26_labs/install/cw1_world_spawner/lib/libcw1_world_spawner__rosidl_generator_py.so" to ""
[5.199s] -- Installing: /home/czg22/comp0250_s26_labs/install/cw1_world_spawner/share/cw1_world_spawner/srv/TaskSetup.idl
[5.199s] -- Installing: /home/czg22/comp0250_s26_labs/install/cw1_world_spawner/share/cw1_world_spawner/srv/Task1Service.idl
[5.199s] -- Installing: /home/czg22/comp0250_s26_labs/install/cw1_world_spawner/share/cw1_world_spawner/srv/Task2Service.idl
[5.199s] -- Installing: /home/czg22/comp0250_s26_labs/install/cw1_world_spawner/share/cw1_world_spawner/srv/Task3Service.idl
[5.199s] -- Installing: /home/czg22/comp0250_s26_labs/install/cw1_world_spawner/share/cw1_world_spawner/srv/TaskSetup.srv
[5.200s] -- Installing: /home/czg22/comp0250_s26_labs/install/cw1_world_spawner/share/cw1_world_spawner/srv/TaskSetup_Request.msg
[5.200s] -- Installing: /home/czg22/comp0250_s26_labs/install/cw1_world_spawner/share/cw1_world_spawner/srv/TaskSetup_Response.msg
[5.200s] -- Installing: /home/czg22/comp0250_s26_labs/install/cw1_world_spawner/share/cw1_world_spawner/srv/Task1Service.srv
[5.200s] -- Installing: /home/czg22/comp0250_s26_labs/install/cw1_world_spawner/share/cw1_world_spawner/srv/Task1Service_Request.msg
[5.201s] -- Installing: /home/czg22/comp0250_s26_labs/install/cw1_world_spawner/share/cw1_world_spawner/srv/Task1Service_Response.msg
[5.201s] -- Installing: /home/czg22/comp0250_s26_labs/install/cw1_world_spawner/share/cw1_world_spawner/srv/Task2Service.srv
[5.201s] -- Installing: /home/czg22/comp0250_s26_labs/install/cw1_world_spawner/share/cw1_world_spawner/srv/Task2Service_Request.msg
[5.201s] -- Installing: /home/czg22/comp0250_s26_labs/install/cw1_world_spawner/share/cw1_world_spawner/srv/Task2Service_Response.msg
[5.201s] -- Installing: /home/czg22/comp0250_s26_labs/install/cw1_world_spawner/share/cw1_world_spawner/srv/Task3Service.srv
[5.202s] -- Installing: /home/czg22/comp0250_s26_labs/install/cw1_world_spawner/share/cw1_world_spawner/srv/Task3Service_Request.msg
[5.203s] -- Installing: /home/czg22/comp0250_s26_labs/install/cw1_world_spawner/share/cw1_world_spawner/srv/Task3Service_Response.msg
[5.203s] -- Installing: /home/czg22/comp0250_s26_labs/install/cw1_world_spawner/local/lib/python3.10/dist-packages/coursework_world_spawner_lib-0.1.0-py3.10.egg-info
[5.203s] -- Installing: /home/czg22/comp0250_s26_labs/install/cw1_world_spawner/local/lib/python3.10/dist-packages/coursework_world_spawner_lib-0.1.0-py3.10.egg-info/SOURCES.txt
[5.203s] -- Installing: /home/czg22/comp0250_s26_labs/install/cw1_world_spawner/local/lib/python3.10/dist-packages/coursework_world_spawner_lib-0.1.0-py3.10.egg-info/top_level.txt
[5.203s] -- Installing: /home/czg22/comp0250_s26_labs/install/cw1_world_spawner/local/lib/python3.10/dist-packages/coursework_world_spawner_lib-0.1.0-py3.10.egg-info/PKG-INFO
[5.203s] -- Installing: /home/czg22/comp0250_s26_labs/install/cw1_world_spawner/local/lib/python3.10/dist-packages/coursework_world_spawner_lib-0.1.0-py3.10.egg-info/dependency_links.txt
[5.204s] -- Installing: /home/czg22/comp0250_s26_labs/install/cw1_world_spawner/local/lib/python3.10/dist-packages/coursework_world_spawner_lib
[5.204s] -- Installing: /home/czg22/comp0250_s26_labs/install/cw1_world_spawner/local/lib/python3.10/dist-packages/coursework_world_spawner_lib/__init__.py
[5.204s] -- Installing: /home/czg22/comp0250_s26_labs/install/cw1_world_spawner/local/lib/python3.10/dist-packages/coursework_world_spawner_lib/coursework_world_spawner.py
[5.231s] Listing '/home/czg22/comp0250_s26_labs/install/cw1_world_spawner/local/lib/python3.10/dist-packages/coursework_world_spawner_lib'...
[5.231s] Compiling '/home/czg22/comp0250_s26_labs/install/cw1_world_spawner/local/lib/python3.10/dist-packages/coursework_world_spawner_lib/__init__.py'...
[5.231s] Compiling '/home/czg22/comp0250_s26_labs/install/cw1_world_spawner/local/lib/python3.10/dist-packages/coursework_world_spawner_lib/coursework_world_spawner.py'...
[5.235s] -- Installing: /home/czg22/comp0250_s26_labs/install/cw1_world_spawner/lib/cw1_world_spawner/world_spawner.py
[5.235s] -- Installing: /home/czg22/comp0250_s26_labs/install/cw1_world_spawner/lib/cw1_world_spawner/test_coursework.py
[5.235s] -- Installing: /home/czg22/comp0250_s26_labs/install/cw1_world_spawner/share/cw1_world_spawner/models
[5.235s] -- Installing: /home/czg22/comp0250_s26_labs/install/cw1_world_spawner/share/cw1_world_spawner/models/object-golf-tile
[5.236s] -- Installing: /home/czg22/comp0250_s26_labs/install/cw1_world_spawner/share/cw1_world_spawner/models/object-golf-tile/model.sdf
[5.236s] -- Installing: /home/czg22/comp0250_s26_labs/install/cw1_world_spawner/share/cw1_world_spawner/models/object-golf-tile/model.config
[5.236s] -- Installing: /home/czg22/comp0250_s26_labs/install/cw1_world_spawner/share/cw1_world_spawner/models/basket_blue
[5.236s] -- Installing: /home/czg22/comp0250_s26_labs/install/cw1_world_spawner/share/cw1_world_spawner/models/basket_blue/model.sdf
[5.236s] -- Installing: /home/czg22/comp0250_s26_labs/install/cw1_world_spawner/share/cw1_world_spawner/models/basket_blue/model.sdf.xmacro
[5.237s] -- Installing: /home/czg22/comp0250_s26_labs/install/cw1_world_spawner/share/cw1_world_spawner/models/basket_blue/model.config
[5.237s] -- Installing: /home/czg22/comp0250_s26_labs/install/cw1_world_spawner/share/cw1_world_spawner/models/basket_red
[5.237s] -- Installing: /home/czg22/comp0250_s26_labs/install/cw1_world_spawner/share/cw1_world_spawner/models/basket_red/model.sdf
[5.237s] -- Installing: /home/czg22/comp0250_s26_labs/install/cw1_world_spawner/share/cw1_world_spawner/models/basket_red/model.sdf.xmacro
[5.238s] -- Installing: /home/czg22/comp0250_s26_labs/install/cw1_world_spawner/share/cw1_world_spawner/models/basket_red/model.config
[5.238s] -- Installing: /home/czg22/comp0250_s26_labs/install/cw1_world_spawner/share/cw1_world_spawner/models/all_tiles
[5.238s] -- Installing: /home/czg22/comp0250_s26_labs/install/cw1_world_spawner/share/cw1_world_spawner/models/all_tiles/model.sdf
[5.238s] -- Installing: /home/czg22/comp0250_s26_labs/install/cw1_world_spawner/share/cw1_world_spawner/models/all_tiles/model.sdf.xmacro
[5.238s] -- Installing: /home/czg22/comp0250_s26_labs/install/cw1_world_spawner/share/cw1_world_spawner/models/all_tiles/model.config
[5.239s] -- Installing: /home/czg22/comp0250_s26_labs/install/cw1_world_spawner/share/cw1_world_spawner/models/box_purple
[5.239s] -- Installing: /home/czg22/comp0250_s26_labs/install/cw1_world_spawner/share/cw1_world_spawner/models/box_purple/model.sdf
[5.239s] -- Installing: /home/czg22/comp0250_s26_labs/install/cw1_world_spawner/share/cw1_world_spawner/models/box_purple/model.config
[5.239s] -- Installing: /home/czg22/comp0250_s26_labs/install/cw1_world_spawner/share/cw1_world_spawner/models/box_blue
[5.240s] -- Installing: /home/czg22/comp0250_s26_labs/install/cw1_world_spawner/share/cw1_world_spawner/models/box_blue/model.sdf
[5.240s] -- Installing: /home/czg22/comp0250_s26_labs/install/cw1_world_spawner/share/cw1_world_spawner/models/box_blue/model.config
[5.240s] -- Installing: /home/czg22/comp0250_s26_labs/install/cw1_world_spawner/share/cw1_world_spawner/models/box_red
[5.240s] -- Installing: /home/czg22/comp0250_s26_labs/install/cw1_world_spawner/share/cw1_world_spawner/models/box_red/model.sdf
[5.241s] -- Installing: /home/czg22/comp0250_s26_labs/install/cw1_world_spawner/share/cw1_world_spawner/models/box_red/model.config
[5.241s] -- Installing: /home/czg22/comp0250_s26_labs/install/cw1_world_spawner/share/cw1_world_spawner/models/basket_purple
[5.241s] -- Installing: /home/czg22/comp0250_s26_labs/install/cw1_world_spawner/share/cw1_world_spawner/models/basket_purple/model.sdf
[5.242s] -- Installing: /home/czg22/comp0250_s26_labs/install/cw1_world_spawner/share/cw1_world_spawner/models/basket_purple/model.sdf.xmacro
[5.242s] -- Installing: /home/czg22/comp0250_s26_labs/install/cw1_world_spawner/share/cw1_world_spawner/models/basket_purple/model.config
[5.242s] -- Installing: /home/czg22/comp0250_s26_labs/install/cw1_world_spawner/share/cw1_world_spawner/models/box
[5.243s] -- Installing: /home/czg22/comp0250_s26_labs/install/cw1_world_spawner/share/cw1_world_spawner/models/box/model.sdf
[5.243s] -- Installing: /home/czg22/comp0250_s26_labs/install/cw1_world_spawner/share/cw1_world_spawner/models/box/model.config
[5.243s] -- Installing: /home/czg22/comp0250_s26_labs/install/cw1_world_spawner/share/cw1_world_spawner/models/basket
[5.244s] -- Installing: /home/czg22/comp0250_s26_labs/install/cw1_world_spawner/share/cw1_world_spawner/models/basket/model.sdf
[5.244s] -- Installing: /home/czg22/comp0250_s26_labs/install/cw1_world_spawner/share/cw1_world_spawner/models/basket/model.sdf.xmacro
[5.244s] -- Installing: /home/czg22/comp0250_s26_labs/install/cw1_world_spawner/share/cw1_world_spawner/models/basket/model.config
[5.244s] -- Installing: /home/czg22/comp0250_s26_labs/install/cw1_world_spawner/share/cw1_world_spawner/launch
[5.245s] -- Installing: /home/czg22/comp0250_s26_labs/install/cw1_world_spawner/share/cw1_world_spawner/launch/world_spawner.launch.py
[5.246s] -- Installing: /home/czg22/comp0250_s26_labs/install/cw1_world_spawner/share/cw1_world_spawner/launch/test_coursework.launch.py
[5.246s] -- Installing: /home/czg22/comp0250_s26_labs/install/cw1_world_spawner/share/ament_index/resource_index/package_run_dependencies/cw1_world_spawner
[5.246s] -- Installing: /home/czg22/comp0250_s26_labs/install/cw1_world_spawner/share/ament_index/resource_index/parent_prefix_path/cw1_world_spawner
[5.246s] -- Installing: /home/czg22/comp0250_s26_labs/install/cw1_world_spawner/share/cw1_world_spawner/environment/ament_prefix_path.sh
[5.246s] -- Installing: /home/czg22/comp0250_s26_labs/install/cw1_world_spawner/share/cw1_world_spawner/environment/ament_prefix_path.dsv
[5.247s] -- Installing: /home/czg22/comp0250_s26_labs/install/cw1_world_spawner/share/cw1_world_spawner/environment/path.sh
[5.247s] -- Installing: /home/czg22/comp0250_s26_labs/install/cw1_world_spawner/share/cw1_world_spawner/environment/path.dsv
[5.247s] -- Installing: /home/czg22/comp0250_s26_labs/install/cw1_world_spawner/share/cw1_world_spawner/local_setup.bash
[5.247s] -- Installing: /home/czg22/comp0250_s26_labs/install/cw1_world_spawner/share/cw1_world_spawner/local_setup.sh
[5.248s] -- Installing: /home/czg22/comp0250_s26_labs/install/cw1_world_spawner/share/cw1_world_spawner/local_setup.zsh
[5.248s] -- Installing: /home/czg22/comp0250_s26_labs/install/cw1_world_spawner/share/cw1_world_spawner/local_setup.dsv
[5.249s] -- Installing: /home/czg22/comp0250_s26_labs/install/cw1_world_spawner/share/cw1_world_spawner/package.dsv
[5.249s] -- Installing: /home/czg22/comp0250_s26_labs/install/cw1_world_spawner/share/ament_index/resource_index/packages/cw1_world_spawner
[5.250s] -- Installing: /home/czg22/comp0250_s26_labs/install/cw1_world_spawner/share/cw1_world_spawner/cmake/export_cw1_world_spawner__rosidl_generator_cExport.cmake
[5.250s] -- Installing: /home/czg22/comp0250_s26_labs/install/cw1_world_spawner/share/cw1_world_spawner/cmake/export_cw1_world_spawner__rosidl_generator_cExport-noconfig.cmake
[5.251s] -- Installing: /home/czg22/comp0250_s26_labs/install/cw1_world_spawner/share/cw1_world_spawner/cmake/export_cw1_world_spawner__rosidl_typesupport_fastrtps_cExport.cmake
[5.251s] -- Installing: /home/czg22/comp0250_s26_labs/install/cw1_world_spawner/share/cw1_world_spawner/cmake/export_cw1_world_spawner__rosidl_typesupport_fastrtps_cExport-noconfig.cmake
[5.252s] -- Installing: /home/czg22/comp0250_s26_labs/install/cw1_world_spawner/share/cw1_world_spawner/cmake/cw1_world_spawner__rosidl_typesupport_introspection_cExport.cmake
[5.252s] -- Installing: /home/czg22/comp0250_s26_labs/install/cw1_world_spawner/share/cw1_world_spawner/cmake/cw1_world_spawner__rosidl_typesupport_introspection_cExport-noconfig.cmake
[5.252s] -- Installing: /home/czg22/comp0250_s26_labs/install/cw1_world_spawner/share/cw1_world_spawner/cmake/cw1_world_spawner__rosidl_typesupport_cExport.cmake
[5.253s] -- Installing: /home/czg22/comp0250_s26_labs/install/cw1_world_spawner/share/cw1_world_spawner/cmake/cw1_world_spawner__rosidl_typesupport_cExport-noconfig.cmake
[5.253s] -- Installing: /home/czg22/comp0250_s26_labs/install/cw1_world_spawner/share/cw1_world_spawner/cmake/export_cw1_world_spawner__rosidl_generator_cppExport.cmake
[5.253s] -- Installing: /home/czg22/comp0250_s26_labs/install/cw1_world_spawner/share/cw1_world_spawner/cmake/export_cw1_world_spawner__rosidl_typesupport_fastrtps_cppExport.cmake
[5.253s] -- Installing: /home/czg22/comp0250_s26_labs/install/cw1_world_spawner/share/cw1_world_spawner/cmake/export_cw1_world_spawner__rosidl_typesupport_fastrtps_cppExport-noconfig.cmake
[5.253s] -- Installing: /home/czg22/comp0250_s26_labs/install/cw1_world_spawner/share/cw1_world_spawner/cmake/cw1_world_spawner__rosidl_typesupport_introspection_cppExport.cmake
[5.253s] -- Installing: /home/czg22/comp0250_s26_labs/install/cw1_world_spawner/share/cw1_world_spawner/cmake/cw1_world_spawner__rosidl_typesupport_introspection_cppExport-noconfig.cmake
[5.253s] -- Installing: /home/czg22/comp0250_s26_labs/install/cw1_world_spawner/share/cw1_world_spawner/cmake/cw1_world_spawner__rosidl_typesupport_cppExport.cmake
[5.253s] -- Installing: /home/czg22/comp0250_s26_labs/install/cw1_world_spawner/share/cw1_world_spawner/cmake/cw1_world_spawner__rosidl_typesupport_cppExport-noconfig.cmake
[5.254s] -- Installing: /home/czg22/comp0250_s26_labs/install/cw1_world_spawner/share/cw1_world_spawner/cmake/export_cw1_world_spawner__rosidl_generator_pyExport.cmake
[5.254s] -- Installing: /home/czg22/comp0250_s26_labs/install/cw1_world_spawner/share/cw1_world_spawner/cmake/export_cw1_world_spawner__rosidl_generator_pyExport-noconfig.cmake
[5.255s] -- Installing: /home/czg22/comp0250_s26_labs/install/cw1_world_spawner/share/cw1_world_spawner/cmake/rosidl_cmake-extras.cmake
[5.255s] -- Installing: /home/czg22/comp0250_s26_labs/install/cw1_world_spawner/share/cw1_world_spawner/cmake/ament_cmake_export_dependencies-extras.cmake
[5.255s] -- Installing: /home/czg22/comp0250_s26_labs/install/cw1_world_spawner/share/cw1_world_spawner/cmake/ament_cmake_export_include_directories-extras.cmake
[5.259s] -- Installing: /home/czg22/comp0250_s26_labs/install/cw1_world_spawner/share/cw1_world_spawner/cmake/ament_cmake_export_libraries-extras.cmake
[5.259s] -- Installing: /home/czg22/comp0250_s26_labs/install/cw1_world_spawner/share/cw1_world_spawner/cmake/ament_cmake_export_targets-extras.cmake
[5.259s] -- Installing: /home/czg22/comp0250_s26_labs/install/cw1_world_spawner/share/cw1_world_spawner/cmake/rosidl_cmake_export_typesupport_targets-extras.cmake
[5.259s] -- Installing: /home/czg22/comp0250_s26_labs/install/cw1_world_spawner/share/cw1_world_spawner/cmake/rosidl_cmake_export_typesupport_libraries-extras.cmake
[5.259s] -- Installing: /home/czg22/comp0250_s26_labs/install/cw1_world_spawner/share/cw1_world_spawner/cmake/cw1_world_spawnerConfig.cmake
[5.259s] -- Installing: /home/czg22/comp0250_s26_labs/install/cw1_world_spawner/share/cw1_world_spawner/cmake/cw1_world_spawnerConfig-version.cmake
[5.260s] -- Installing: /home/czg22/comp0250_s26_labs/install/cw1_world_spawner/share/cw1_world_spawner/package.xml
[5.263s] Invoked command in '/home/czg22/comp0250_s26_labs/build/cw1_world_spawner' returned '0': CMAKE_PREFIX_PATH=${CMAKE_PREFIX_PATH}:/home/czg22/ws_moveit2/install/moveit_configs_utils:/home/czg22/ws_moveit2/install/launch_param_builder:/opt/ros/humble /usr/bin/cmake --install /home/czg22/comp0250_s26_labs/build/cw1_world_spawner
