[0.051s] Invoking command in '/home/czg22/comp0250_s26_labs/build/cw2_team_14': CMAKE_PREFIX_PATH=/home/czg22/comp0250_s26_labs/install/cw2_world_spawner:/home/czg22/comp0250_s26_labs/install/rpl_panda_with_rs:/home/czg22/comp0250_s26_labs/install/realsense_gazebo_plugin:/home/czg22/comp0250_s26_labs/install/perception_pipeline_humble_demo:/home/czg22/comp0250_s26_labs/install/pcl_tutorial:/home/czg22/comp0250_s26_labs/install/pcl_demo:/home/czg22/comp0250_s26_labs/install/panda_moveit_config:/home/czg22/comp0250_s26_labs/install/panda_description:/home/czg22/comp0250_s26_labs/install/cw2_team_14:/home/czg22/comp0250_s26_labs/install/cw1_team_x:/home/czg22/comp0250_s26_labs/install/cw1_team_14:/home/czg22/comp0250_s26_labs/install/cw1_world_spawner:/home/czg22/ws_moveit2/install/pilz_industrial_motion_planner_testutils:/home/czg22/ws_moveit2/install/moveit_runtime:/home/czg22/ws_moveit2/install/moveit2_tutorials:/home/czg22/ws_moveit2/install/moveit:/home/czg22/ws_moveit2/install/moveit_planners:/home/czg22/ws_moveit2/install/pilz_industrial_motion_planner:/home/czg22/ws_moveit2/install/mtc_tutorial:/home/czg22/ws_moveit2/install/moveit_visual_tools:/home/czg22/ws_moveit2/install/moveit_task_constructor_visualization:/home/czg22/ws_moveit2/install/moveit_task_constructor_demo:/home/czg22/ws_moveit2/install/moveit_task_constructor_capabilities:/home/czg22/ws_moveit2/install/moveit_task_constructor_core:/home/czg22/ws_moveit2/install/moveit_ros_control_interface:/home/czg22/ws_moveit2/install/moveit_plugins:/home/czg22/ws_moveit2/install/moveit_simple_controller_manager:/home/czg22/ws_moveit2/install/moveit_setup_assistant:/home/czg22/ws_moveit2/install/moveit_setup_srdf_plugins:/home/czg22/ws_moveit2/install/moveit_setup_core_plugins:/home/czg22/ws_moveit2/install/moveit_setup_controllers:/home/czg22/ws_moveit2/install/moveit_setup_app_plugins:/home/czg22/ws_moveit2/install/moveit_setup_framework:/home/czg22/ws_moveit2/install/moveit_servo:/home/czg22/ws_moveit2/install/moveit_ros:/home/czg22/ws_moveit2/install/moveit_ros_visualization:/home/czg22/ws_moveit2/install/moveit_py:/home/czg22/ws_moveit2/install/moveit_hybrid_planning:/home/czg22/ws_moveit2/install/moveit_ros_planning_interface:/home/czg22/ws_moveit2/install/moveit_ros_benchmarks:/home/czg22/ws_moveit2/install/moveit_ros_warehouse:/home/czg22/ws_moveit2/install/moveit_ros_robot_interaction:/home/czg22/ws_moveit2/install/moveit_ros_perception:/home/czg22/ws_moveit2/install/moveit_resources_prbt_pg70_support:/home/czg22/ws_moveit2/install/moveit_resources_prbt_moveit_config:/home/czg22/ws_moveit2/install/moveit_ros_move_group:/home/czg22/ws_moveit2/install/moveit_planners_ompl:/home/czg22/ws_moveit2/install/moveit_ros_planning:/home/czg22/ws_moveit2/install/moveit_ros_occupancy_map_monitor:/home/czg22/ws_moveit2/install/moveit_resources_prbt_ikfast_manipulator_plugin:/home/czg22/ws_moveit2/install/moveit_planners_chomp:/home/czg22/ws_moveit2/install/moveit_kinematics:/home/czg22/ws_moveit2/install/moveit_chomp_optimizer_adapter:/home/czg22/ws_moveit2/install/chomp_motion_planner:/home/czg22/ws_moveit2/install/moveit_core:/home/czg22/ws_moveit2/install/srdfdom:/home/czg22/ws_moveit2/install/rviz_marker_tools:/home/czg22/ws_moveit2/install/rosparam_shortcuts:/home/czg22/ws_moveit2/install/moveit_task_constructor_msgs:/home/czg22/ws_moveit2/install/moveit_resources_prbt_support:/home/czg22/ws_moveit2/install/moveit_resources:/home/czg22/ws_moveit2/install/moveit_resources_pr2_description:/home/czg22/ws_moveit2/install/moveit_resources_panda_moveit_config:/home/czg22/ws_moveit2/install/moveit_resources_panda_description:/home/czg22/ws_moveit2/install/moveit_resources_fanuc_moveit_config:/home/czg22/ws_moveit2/install/moveit_resources_fanuc_description:/home/czg22/ws_moveit2/install/moveit_common:/home/czg22/ws_moveit2/install/moveit_configs_utils:/home/czg22/ws_moveit2/install/launch_param_builder:/opt/ros/humble LD_LIBRARY_PATH=/home/czg22/comp0250_s26_labs/install/cw2_world_spawner/lib:/home/czg22/comp0250_s26_labs/install/realsense_gazebo_plugin/lib:/home/czg22/comp0250_s26_labs/install/cw2_team_14/lib:/home/czg22/comp0250_s26_labs/install/cw1_team_x/lib:/home/czg22/comp0250_s26_labs/install/cw1_team_14/lib:/home/czg22/comp0250_s26_labs/install/cw1_world_spawner/lib:/home/czg22/ws_moveit2/install/pilz_industrial_motion_planner_testutils/lib:/home/czg22/ws_moveit2/install/pilz_industrial_motion_planner/lib:/home/czg22/ws_moveit2/install/moveit_visual_tools/lib:/home/czg22/ws_moveit2/install/moveit_task_constructor_visualization/lib:/home/czg22/ws_moveit2/install/moveit_task_constructor_demo/lib:/home/czg22/ws_moveit2/install/moveit_task_constructor_capabilities/lib:/home/czg22/ws_moveit2/install/moveit_task_constructor_core/lib:/home/czg22/ws_moveit2/install/moveit_ros_control_interface/lib:/home/czg22/ws_moveit2/install/moveit_simple_controller_manager/lib:/home/czg22/ws_moveit2/install/moveit_setup_assistant/lib:/home/czg22/ws_moveit2/install/moveit_setup_srdf_plugins/lib:/home/czg22/ws_moveit2/install/moveit_setup_core_plugins/lib:/home/czg22/ws_moveit2/install/moveit_setup_controllers/lib:/home/czg22/ws_moveit2/install/moveit_setup_app_plugins/lib:/home/czg22/ws_moveit2/install/moveit_setup_framework/lib:/home/czg22/ws_moveit2/install/moveit_servo/lib:/home/czg22/ws_moveit2/install/moveit_ros_visualization/lib:/home/czg22/ws_moveit2/install/moveit_py/lib:/home/czg22/ws_moveit2/install/moveit_hybrid_planning/lib:/home/czg22/ws_moveit2/install/moveit_ros_planning_interface/lib:/home/czg22/ws_moveit2/install/moveit_ros_benchmarks/lib:/home/czg22/ws_moveit2/install/moveit_ros_warehouse/lib:/home/czg22/ws_moveit2/install/moveit_ros_robot_interaction/lib:/home/czg22/ws_moveit2/install/moveit_ros_perception/lib:/home/czg22/ws_moveit2/install/moveit_ros_move_group/lib:/home/czg22/ws_moveit2/install/moveit_planners_ompl/lib:/home/czg22/ws_moveit2/install/moveit_ros_planning/lib:/home/czg22/ws_moveit2/install/moveit_ros_occupancy_map_monitor/lib:/home/czg22/ws_moveit2/install/moveit_resources_prbt_ikfast_manipulator_plugin/lib:/home/czg22/ws_moveit2/install/moveit_planners_chomp/lib:/home/czg22/ws_moveit2/install/moveit_kinematics/lib:/home/czg22/ws_moveit2/install/moveit_chomp_optimizer_adapter/lib:/home/czg22/ws_moveit2/install/chomp_motion_planner/lib:/home/czg22/ws_moveit2/install/moveit_core/lib:/home/czg22/ws_moveit2/install/srdfdom/lib:/home/czg22/ws_moveit2/install/rviz_marker_tools/lib:/home/czg22/ws_moveit2/install/rosparam_shortcuts/lib:/home/czg22/ws_moveit2/install/moveit_task_constructor_msgs/lib:/usr/lib/x86_64-linux-gnu/gazebo-11/plugins:/opt/ros/humble/opt/rviz_ogre_vendor/lib:/opt/ros/humble/lib/x86_64-linux-gnu:/opt/ros/humble/lib /usr/bin/cmake --build /home/czg22/comp0250_s26_labs/build/cw2_team_14 -- -j32 -l32
[0.145s] [ 11%] Built target cw2_team_14__cpp
[0.145s] [ 11%] Built target cw2_team_14__rosidl_generator_c
[0.161s] [ 11%] Built target ament_cmake_python_copy_cw2_team_14
[0.186s] [ 45%] Built target cw2_team_14__rosidl_typesupport_cpp
[0.186s] [ 45%] Built target cw2_team_14__rosidl_typesupport_c
[0.187s] [ 45%] Built target cw2_team_14__rosidl_typesupport_fastrtps_c
[0.187s] [ 62%] Built target cw2_team_14__rosidl_typesupport_introspection_cpp
[0.187s] [ 62%] Built target cw2_team_14__rosidl_typesupport_fastrtps_cpp
[0.187s] [ 62%] Built target cw2_team_14__rosidl_typesupport_introspection_c
[0.228s] [ 62%] Built target cw2_team_14
[0.239s] [ 65%] [32mBuilding CXX object CMakeFiles/cw2_team_14_cw2_class_lib.dir/src/cw2_class.cpp.o[0m
[0.269s] [ 68%] Built target cw2_team_14__py
[0.310s] [ 74%] Built target cw2_team_14__rosidl_generator_py
[0.344s] running egg_info
[0.345s] writing cw2_team_14.egg-info/PKG-INFO
[0.345s] writing dependency_links to cw2_team_14.egg-info/dependency_links.txt
[0.345s] writing top-level names to cw2_team_14.egg-info/top_level.txt
[0.346s] reading manifest file 'cw2_team_14.egg-info/SOURCES.txt'
[0.346s] writing manifest file 'cw2_team_14.egg-info/SOURCES.txt'
[0.351s] [ 85%] Built target cw2_team_14__rosidl_typesupport_fastrtps_c__pyext
[0.351s] [ 85%] Built target cw2_team_14__rosidl_typesupport_introspection_c__pyext
[0.351s] [ 91%] Built target cw2_team_14__rosidl_typesupport_c__pyext
[0.381s] [ 91%] Built target ament_cmake_python_build_cw2_team_14_egg
[5.883s] [01m[K/home/czg22/comp0250_s26_labs/src/courseworks/cw2_team_14/src/cw2_class.cpp:[m[K In member function ‘[01m[Kvoid cw2::t1_callback(std::shared_ptr<cw2_world_spawner::srv::Task1Service_Request_<std::allocator<void> > >, std::shared_ptr<cw2_world_spawner::srv::Task1Service_Response_<std::allocator<void> > >)[m[K’:
[5.883s] [01m[K/home/czg22/comp0250_s26_labs/src/courseworks/cw2_team_14/src/cw2_class.cpp:112:39:[m[K [01;31m[Kerror: [m[Kno matching function for call to ‘[01m[KtoMsg(tf2::Quaternion&)[m[K’
[5.884s]   112 |   object_pose.orientation = [01;31m[Ktf2::toMsg(q)[m[K;
[5.884s]       |                             [01;31m[K~~~~~~~~~~^~~[m[K
[5.884s] In file included from [01m[K/opt/ros/humble/include/tf2_ros/tf2_ros/buffer_interface.hpp:45[m[K,
[5.884s]                  from [01m[K/opt/ros/humble/include/tf2_ros/tf2_ros/buffer.hpp:44[m[K,
[5.884s]                  from [01m[K/opt/ros/humble/include/tf2_ros/tf2_ros/buffer.h:35[m[K,
[5.884s]                  from [01m[K/opt/ros/humble/include/moveit/move_group_interface/move_group_interface.h:62[m[K,
[5.884s]                  from [01m[K/home/czg22/comp0250_s26_labs/src/courseworks/cw2_team_14/include/cw2_class.h:16[m[K,
[5.884s]                  from [01m[K/home/czg22/comp0250_s26_labs/src/courseworks/cw2_team_14/src/cw2_class.cpp:6[m[K:
[5.884s] [01m[K/opt/ros/humble/include/tf2/tf2/convert.hpp:131:3:[m[K [01;36m[Knote: [m[Kcandidate: ‘[01m[Ktemplate<class A, class B> B tf2::toMsg(const A&)[m[K’
[5.884s]   131 | B [01;36m[KtoMsg[m[K(const A & a);
[5.884s]       |   [01;36m[K^~~~~[m[K
[5.884s] [01m[K/opt/ros/humble/include/tf2/tf2/convert.hpp:131:3:[m[K [01;36m[Knote: [m[K  template argument deduction/substitution failed:
[5.884s] [01m[K/home/czg22/comp0250_s26_labs/src/courseworks/cw2_team_14/src/cw2_class.cpp:112:39:[m[K [01;36m[Knote: [m[K  couldn’t deduce template parameter ‘[01m[KB[m[K’
[5.884s]   112 |   object_pose.orientation = [01;36m[Ktf2::toMsg(q)[m[K;
[5.884s]       |                             [01;36m[K~~~~~~~~~~^~~[m[K
[5.884s] [01m[K/home/czg22/comp0250_s26_labs/src/courseworks/cw2_team_14/src/cw2_class.cpp:123:36:[m[K [01;31m[Kerror: [m[Kcall of overloaded ‘[01m[KsetJointValueTarget(<brace-enclosed initializer list>)[m[K’ is ambiguous
[5.884s]   123 |   [01;31m[Kgripper_group.setJointValueTarget({0.04, 0.04})[m[K;
[5.884s]       |   [01;31m[K~~~~~~~~~~~~~~~~~~~~~~~~~~~~~~~~~^~~~~~~~~~~~~~[m[K
[5.885s] In file included from [01m[K/home/czg22/comp0250_s26_labs/src/courseworks/cw2_team_14/include/cw2_class.h:16[m[K,
[5.885s]                  from [01m[K/home/czg22/comp0250_s26_labs/src/courseworks/cw2_team_14/src/cw2_class.cpp:6[m[K:
[5.885s] [01m[K/opt/ros/humble/include/moveit/move_group_interface/move_group_interface.h:334:8:[m[K [01;36m[Knote: [m[Kcandidate: ‘[01m[Kbool moveit::planning_interface::MoveGroupInterface::setJointValueTarget(const std::vector<double>&)[m[K’
[5.885s]   334 |   bool [01;36m[KsetJointValueTarget[m[K(const std::vector<double>& group_variable_values);
[5.885s]       |        [01;36m[K^~~~~~~~~~~~~~~~~~~[m[K
[5.885s] [01m[K/opt/ros/humble/include/moveit/move_group_interface/move_group_interface.h:351:8:[m[K [01;36m[Knote: [m[Kcandidate: ‘[01m[Kbool moveit::planning_interface::MoveGroupInterface::setJointValueTarget(const std::map<std::__cxx11::basic_string<char>, double>&)[m[K’
[5.885s]   351 |   bool [01;36m[KsetJointValueTarget[m[K(const std::map<std::string, double>& variable_values);
[5.885s]       |        [01;36m[K^~~~~~~~~~~~~~~~~~~[m[K
[5.885s] [01m[K/home/czg22/comp0250_s26_labs/src/courseworks/cw2_team_14/src/cw2_class.cpp:144:36:[m[K [01;31m[Kerror: [m[Kcall of overloaded ‘[01m[KsetJointValueTarget(<brace-enclosed initializer list>)[m[K’ is ambiguous
[5.885s]   144 |   [01;31m[Kgripper_group.setJointValueTarget({0.01, 0.01})[m[K;
[5.885s]       |   [01;31m[K~~~~~~~~~~~~~~~~~~~~~~~~~~~~~~~~~^~~~~~~~~~~~~~[m[K
[5.885s] In file included from [01m[K/home/czg22/comp0250_s26_labs/src/courseworks/cw2_team_14/include/cw2_class.h:16[m[K,
[5.885s]                  from [01m[K/home/czg22/comp0250_s26_labs/src/courseworks/cw2_team_14/src/cw2_class.cpp:6[m[K:
[5.885s] [01m[K/opt/ros/humble/include/moveit/move_group_interface/move_group_interface.h:334:8:[m[K [01;36m[Knote: [m[Kcandidate: ‘[01m[Kbool moveit::planning_interface::MoveGroupInterface::setJointValueTarget(const std::vector<double>&)[m[K’
[5.885s]   334 |   bool [01;36m[KsetJointValueTarget[m[K(const std::vector<double>& group_variable_values);
[5.885s]       |        [01;36m[K^~~~~~~~~~~~~~~~~~~[m[K
[5.885s] [01m[K/opt/ros/humble/include/moveit/move_group_interface/move_group_interface.h:351:8:[m[K [01;36m[Knote: [m[Kcandidate: ‘[01m[Kbool moveit::planning_interface::MoveGroupInterface::setJointValueTarget(const std::map<std::__cxx11::basic_string<char>, double>&)[m[K’
[5.885s]   351 |   bool [01;36m[KsetJointValueTarget[m[K(const std::map<std::string, double>& variable_values);
[5.885s]       |        [01;36m[K^~~~~~~~~~~~~~~~~~~[m[K
[5.885s] [01m[K/home/czg22/comp0250_s26_labs/src/courseworks/cw2_team_14/src/cw2_class.cpp:160:38:[m[K [01;31m[Kerror: [m[Kno matching function for call to ‘[01m[KtoMsg(tf2::Quaternion&)[m[K’
[5.885s]   160 |   place_pose.orientation = [01;31m[Ktf2::toMsg(q2)[m[K;
[5.885s]       |                            [01;31m[K~~~~~~~~~~^~~~[m[K
[5.885s] In file included from [01m[K/opt/ros/humble/include/tf2_ros/tf2_ros/buffer_interface.hpp:45[m[K,
[5.885s]                  from [01m[K/opt/ros/humble/include/tf2_ros/tf2_ros/buffer.hpp:44[m[K,
[5.886s]                  from [01m[K/opt/ros/humble/include/tf2_ros/tf2_ros/buffer.h:35[m[K,
[5.886s]                  from [01m[K/opt/ros/humble/include/moveit/move_group_interface/move_group_interface.h:62[m[K,
[5.886s]                  from [01m[K/home/czg22/comp0250_s26_labs/src/courseworks/cw2_team_14/include/cw2_class.h:16[m[K,
[5.886s]                  from [01m[K/home/czg22/comp0250_s26_labs/src/courseworks/cw2_team_14/src/cw2_class.cpp:6[m[K:
[5.886s] [01m[K/opt/ros/humble/include/tf2/tf2/convert.hpp:131:3:[m[K [01;36m[Knote: [m[Kcandidate: ‘[01m[Ktemplate<class A, class B> B tf2::toMsg(const A&)[m[K’
[5.886s]   131 | B [01;36m[KtoMsg[m[K(const A & a);
[5.886s]       |   [01;36m[K^~~~~[m[K
[5.886s] [01m[K/opt/ros/humble/include/tf2/tf2/convert.hpp:131:3:[m[K [01;36m[Knote: [m[K  template argument deduction/substitution failed:
[5.886s] [01m[K/home/czg22/comp0250_s26_labs/src/courseworks/cw2_team_14/src/cw2_class.cpp:160:38:[m[K [01;36m[Knote: [m[K  couldn’t deduce template parameter ‘[01m[KB[m[K’
[5.886s]   160 |   place_pose.orientation = [01;36m[Ktf2::toMsg(q2)[m[K;
[5.886s]       |                            [01;36m[K~~~~~~~~~~^~~~[m[K
[5.886s] [01m[K/home/czg22/comp0250_s26_labs/src/courseworks/cw2_team_14/src/cw2_class.cpp:172:36:[m[K [01;31m[Kerror: [m[Kcall of overloaded ‘[01m[KsetJointValueTarget(<brace-enclosed initializer list>)[m[K’ is ambiguous
[5.886s]   172 |   [01;31m[Kgripper_group.setJointValueTarget({0.04, 0.04})[m[K;
[5.886s]       |   [01;31m[K~~~~~~~~~~~~~~~~~~~~~~~~~~~~~~~~~^~~~~~~~~~~~~~[m[K
[5.886s] In file included from [01m[K/home/czg22/comp0250_s26_labs/src/courseworks/cw2_team_14/include/cw2_class.h:16[m[K,
[5.886s]                  from [01m[K/home/czg22/comp0250_s26_labs/src/courseworks/cw2_team_14/src/cw2_class.cpp:6[m[K:
[5.886s] [01m[K/opt/ros/humble/include/moveit/move_group_interface/move_group_interface.h:334:8:[m[K [01;36m[Knote: [m[Kcandidate: ‘[01m[Kbool moveit::planning_interface::MoveGroupInterface::setJointValueTarget(const std::vector<double>&)[m[K’
[5.886s]   334 |   bool [01;36m[KsetJointValueTarget[m[K(const std::vector<double>& group_variable_values);
[5.886s]       |        [01;36m[K^~~~~~~~~~~~~~~~~~~[m[K
[5.886s] [01m[K/opt/ros/humble/include/moveit/move_group_interface/move_group_interface.h:351:8:[m[K [01;36m[Knote: [m[Kcandidate: ‘[01m[Kbool moveit::planning_interface::MoveGroupInterface::setJointValueTarget(const std::map<std::__cxx11::basic_string<char>, double>&)[m[K’
[5.886s]   351 |   bool [01;36m[KsetJointValueTarget[m[K(const std::map<std::string, double>& variable_values);
[5.886s]       |        [01;36m[K^~~~~~~~~~~~~~~~~~~[m[K
[9.400s] gmake[2]: *** [CMakeFiles/cw2_team_14_cw2_class_lib.dir/build.make:76: CMakeFiles/cw2_team_14_cw2_class_lib.dir/src/cw2_class.cpp.o] Error 1
[9.401s] gmake[1]: *** [CMakeFiles/Makefile2:595: CMakeFiles/cw2_team_14_cw2_class_lib.dir/all] Error 2
[9.401s] gmake: *** [Makefile:146: all] Error 2
[9.404s] Invoked command in '/home/czg22/comp0250_s26_labs/build/cw2_team_14' returned '2': CMAKE_PREFIX_PATH=/home/czg22/comp0250_s26_labs/install/cw2_world_spawner:/home/czg22/comp0250_s26_labs/install/rpl_panda_with_rs:/home/czg22/comp0250_s26_labs/install/realsense_gazebo_plugin:/home/czg22/comp0250_s26_labs/install/perception_pipeline_humble_demo:/home/czg22/comp0250_s26_labs/install/pcl_tutorial:/home/czg22/comp0250_s26_labs/install/pcl_demo:/home/czg22/comp0250_s26_labs/install/panda_moveit_config:/home/czg22/comp0250_s26_labs/install/panda_description:/home/czg22/comp0250_s26_labs/install/cw2_team_14:/home/czg22/comp0250_s26_labs/install/cw1_team_x:/home/czg22/comp0250_s26_labs/install/cw1_team_14:/home/czg22/comp0250_s26_labs/install/cw1_world_spawner:/home/czg22/ws_moveit2/install/pilz_industrial_motion_planner_testutils:/home/czg22/ws_moveit2/install/moveit_runtime:/home/czg22/ws_moveit2/install/moveit2_tutorials:/home/czg22/ws_moveit2/install/moveit:/home/czg22/ws_moveit2/install/moveit_planners:/home/czg22/ws_moveit2/install/pilz_industrial_motion_planner:/home/czg22/ws_moveit2/install/mtc_tutorial:/home/czg22/ws_moveit2/install/moveit_visual_tools:/home/czg22/ws_moveit2/install/moveit_task_constructor_visualization:/home/czg22/ws_moveit2/install/moveit_task_constructor_demo:/home/czg22/ws_moveit2/install/moveit_task_constructor_capabilities:/home/czg22/ws_moveit2/install/moveit_task_constructor_core:/home/czg22/ws_moveit2/install/moveit_ros_control_interface:/home/czg22/ws_moveit2/install/moveit_plugins:/home/czg22/ws_moveit2/install/moveit_simple_controller_manager:/home/czg22/ws_moveit2/install/moveit_setup_assistant:/home/czg22/ws_moveit2/install/moveit_setup_srdf_plugins:/home/czg22/ws_moveit2/install/moveit_setup_core_plugins:/home/czg22/ws_moveit2/install/moveit_setup_controllers:/home/czg22/ws_moveit2/install/moveit_setup_app_plugins:/home/czg22/ws_moveit2/install/moveit_setup_framework:/home/czg22/ws_moveit2/install/moveit_servo:/home/czg22/ws_moveit2/install/moveit_ros:/home/czg22/ws_moveit2/install/moveit_ros_visualization:/home/czg22/ws_moveit2/install/moveit_py:/home/czg22/ws_moveit2/install/moveit_hybrid_planning:/home/czg22/ws_moveit2/install/moveit_ros_planning_interface:/home/czg22/ws_moveit2/install/moveit_ros_benchmarks:/home/czg22/ws_moveit2/install/moveit_ros_warehouse:/home/czg22/ws_moveit2/install/moveit_ros_robot_interaction:/home/czg22/ws_moveit2/install/moveit_ros_perception:/home/czg22/ws_moveit2/install/moveit_resources_prbt_pg70_support:/home/czg22/ws_moveit2/install/moveit_resources_prbt_moveit_config:/home/czg22/ws_moveit2/install/moveit_ros_move_group:/home/czg22/ws_moveit2/install/moveit_planners_ompl:/home/czg22/ws_moveit2/install/moveit_ros_planning:/home/czg22/ws_moveit2/install/moveit_ros_occupancy_map_monitor:/home/czg22/ws_moveit2/install/moveit_resources_prbt_ikfast_manipulator_plugin:/home/czg22/ws_moveit2/install/moveit_planners_chomp:/home/czg22/ws_moveit2/install/moveit_kinematics:/home/czg22/ws_moveit2/install/moveit_chomp_optimizer_adapter:/home/czg22/ws_moveit2/install/chomp_motion_planner:/home/czg22/ws_moveit2/install/moveit_core:/home/czg22/ws_moveit2/install/srdfdom:/home/czg22/ws_moveit2/install/rviz_marker_tools:/home/czg22/ws_moveit2/install/rosparam_shortcuts:/home/czg22/ws_moveit2/install/moveit_task_constructor_msgs:/home/czg22/ws_moveit2/install/moveit_resources_prbt_support:/home/czg22/ws_moveit2/install/moveit_resources:/home/czg22/ws_moveit2/install/moveit_resources_pr2_description:/home/czg22/ws_moveit2/install/moveit_resources_panda_moveit_config:/home/czg22/ws_moveit2/install/moveit_resources_panda_description:/home/czg22/ws_moveit2/install/moveit_resources_fanuc_moveit_config:/home/czg22/ws_moveit2/install/moveit_resources_fanuc_description:/home/czg22/ws_moveit2/install/moveit_common:/home/czg22/ws_moveit2/install/moveit_configs_utils:/home/czg22/ws_moveit2/install/launch_param_builder:/opt/ros/humble LD_LIBRARY_PATH=/home/czg22/comp0250_s26_labs/install/cw2_world_spawner/lib:/home/czg22/comp0250_s26_labs/install/realsense_gazebo_plugin/lib:/home/czg22/comp0250_s26_labs/install/cw2_team_14/lib:/home/czg22/comp0250_s26_labs/install/cw1_team_x/lib:/home/czg22/comp0250_s26_labs/install/cw1_team_14/lib:/home/czg22/comp0250_s26_labs/install/cw1_world_spawner/lib:/home/czg22/ws_moveit2/install/pilz_industrial_motion_planner_testutils/lib:/home/czg22/ws_moveit2/install/pilz_industrial_motion_planner/lib:/home/czg22/ws_moveit2/install/moveit_visual_tools/lib:/home/czg22/ws_moveit2/install/moveit_task_constructor_visualization/lib:/home/czg22/ws_moveit2/install/moveit_task_constructor_demo/lib:/home/czg22/ws_moveit2/install/moveit_task_constructor_capabilities/lib:/home/czg22/ws_moveit2/install/moveit_task_constructor_core/lib:/home/czg22/ws_moveit2/install/moveit_ros_control_interface/lib:/home/czg22/ws_moveit2/install/moveit_simple_controller_manager/lib:/home/czg22/ws_moveit2/install/moveit_setup_assistant/lib:/home/czg22/ws_moveit2/install/moveit_setup_srdf_plugins/lib:/home/czg22/ws_moveit2/install/moveit_setup_core_plugins/lib:/home/czg22/ws_moveit2/install/moveit_setup_controllers/lib:/home/czg22/ws_moveit2/install/moveit_setup_app_plugins/lib:/home/czg22/ws_moveit2/install/moveit_setup_framework/lib:/home/czg22/ws_moveit2/install/moveit_servo/lib:/home/czg22/ws_moveit2/install/moveit_ros_visualization/lib:/home/czg22/ws_moveit2/install/moveit_py/lib:/home/czg22/ws_moveit2/install/moveit_hybrid_planning/lib:/home/czg22/ws_moveit2/install/moveit_ros_planning_interface/lib:/home/czg22/ws_moveit2/install/moveit_ros_benchmarks/lib:/home/czg22/ws_moveit2/install/moveit_ros_warehouse/lib:/home/czg22/ws_moveit2/install/moveit_ros_robot_interaction/lib:/home/czg22/ws_moveit2/install/moveit_ros_perception/lib:/home/czg22/ws_moveit2/install/moveit_ros_move_group/lib:/home/czg22/ws_moveit2/install/moveit_planners_ompl/lib:/home/czg22/ws_moveit2/install/moveit_ros_planning/lib:/home/czg22/ws_moveit2/install/moveit_ros_occupancy_map_monitor/lib:/home/czg22/ws_moveit2/install/moveit_resources_prbt_ikfast_manipulator_plugin/lib:/home/czg22/ws_moveit2/install/moveit_planners_chomp/lib:/home/czg22/ws_moveit2/install/moveit_kinematics/lib:/home/czg22/ws_moveit2/install/moveit_chomp_optimizer_adapter/lib:/home/czg22/ws_moveit2/install/chomp_motion_planner/lib:/home/czg22/ws_moveit2/install/moveit_core/lib:/home/czg22/ws_moveit2/install/srdfdom/lib:/home/czg22/ws_moveit2/install/rviz_marker_tools/lib:/home/czg22/ws_moveit2/install/rosparam_shortcuts/lib:/home/czg22/ws_moveit2/install/moveit_task_constructor_msgs/lib:/usr/lib/x86_64-linux-gnu/gazebo-11/plugins:/opt/ros/humble/opt/rviz_ogre_vendor/lib:/opt/ros/humble/lib/x86_64-linux-gnu:/opt/ros/humble/lib /usr/bin/cmake --build /home/czg22/comp0250_s26_labs/build/cw2_team_14 -- -j32 -l32
