[0.132s] DEBUG:colcon:Command line arguments: ['/usr/bin/colcon', 'build']
[0.132s] DEBUG:colcon:Parsed command line arguments: Namespace(log_base=None, log_level=None, verb_name='build', build_base='build', install_base='install', merge_install=False, symlink_install=False, test_result_base=None, continue_on_error=False, executor='parallel', parallel_workers=2, event_handlers=None, ignore_user_meta=False, metas=['./colcon.meta'], base_paths=['.'], packages_ignore=None, packages_ignore_regex=None, paths=None, packages_up_to=None, packages_up_to_regex=None, packages_above=None, packages_above_and_dependencies=None, packages_above_depth=None, packages_select_by_dep=None, packages_skip_by_dep=None, packages_skip_up_to=None, packages_select_build_failed=False, packages_skip_build_finished=False, packages_select_test_failures=False, packages_skip_test_passed=False, packages_select=None, packages_skip=None, packages_select_regex=None, packages_skip_regex=None, packages_start=None, packages_end=None, allow_overriding=[], cmake_args=None, cmake_target=None, cmake_target_skip_unavailable=False, cmake_clean_cache=False, cmake_clean_first=False, cmake_force_configure=False, ament_cmake_args=None, catkin_cmake_args=None, catkin_skip_building_tests=False, mixin_files=None, mixin=None, verb_parser=<colcon_mixin.mixin.mixin_argument.MixinArgumentDecorator object at 0x7a393c3698a0>, verb_extension=<colcon_core.verb.build.BuildVerb object at 0x7a393c3693f0>, main=<bound method BuildVerb.main of <colcon_core.verb.build.BuildVerb object at 0x7a393c3693f0>>, mixin_verb=('build',))
[0.334s] Level 1:colcon.colcon_core.package_discovery:discover_packages(colcon_meta) check parameters
[0.335s] Level 1:colcon.colcon_core.package_discovery:discover_packages(recursive) check parameters
[0.335s] Level 1:colcon.colcon_core.package_discovery:discover_packages(ignore) check parameters
[0.335s] Level 1:colcon.colcon_core.package_discovery:discover_packages(path) check parameters
[0.335s] Level 1:colcon.colcon_core.package_discovery:discover_packages(colcon_meta) discover
[0.335s] Level 1:colcon.colcon_core.package_discovery:discover_packages(recursive) discover
[0.335s] INFO:colcon.colcon_core.package_discovery:Crawling recursively for packages in '/home/bizare/Desktop/cw2_team_14'
[0.335s] Level 1:colcon.colcon_core.package_identification:_identify(.) by extensions ['ignore', 'ignore_ament_install']
[0.335s] Level 1:colcon.colcon_core.package_identification:_identify(.) by extension 'ignore'
[0.335s] Level 1:colcon.colcon_core.package_identification:_identify(.) by extension 'ignore_ament_install'
[0.335s] Level 1:colcon.colcon_core.package_identification:_identify(.) by extensions ['colcon_pkg']
[0.335s] Level 1:colcon.colcon_core.package_identification:_identify(.) by extension 'colcon_pkg'
[0.335s] Level 1:colcon.colcon_core.package_identification:_identify(.) by extensions ['colcon_meta']
[0.335s] Level 1:colcon.colcon_core.package_identification:_identify(.) by extension 'colcon_meta'
[0.335s] Level 1:colcon.colcon_core.package_identification:_identify(.) by extensions ['ros']
[0.335s] Level 1:colcon.colcon_core.package_identification:_identify(.) by extension 'ros'
[0.371s] Level 1:colcon.colcon_core.package_identification:_identify(.) by extensions ['cmake', 'python']
[0.371s] Level 1:colcon.colcon_core.package_identification:_identify(.) by extension 'cmake'
[0.372s] Level 1:colcon.colcon_core.package_identification:_identify(.) by extension 'python'
[0.372s] Level 1:colcon.colcon_core.package_identification:_identify(.) by extensions ['python_setup_py']
[0.372s] Level 1:colcon.colcon_core.package_identification:_identify(.) by extension 'python_setup_py'
[0.372s] Level 1:colcon.colcon_core.package_identification:_identify(build) by extensions ['ignore', 'ignore_ament_install']
[0.372s] Level 1:colcon.colcon_core.package_identification:_identify(build) by extension 'ignore'
[0.372s] Level 1:colcon.colcon_core.package_identification:_identify(build) ignored
[0.372s] Level 1:colcon.colcon_core.package_identification:_identify(install) by extensions ['ignore', 'ignore_ament_install']
[0.372s] Level 1:colcon.colcon_core.package_identification:_identify(install) by extension 'ignore'
[0.372s] Level 1:colcon.colcon_core.package_identification:_identify(install) ignored
[0.372s] Level 1:colcon.colcon_core.package_identification:_identify(log) by extensions ['ignore', 'ignore_ament_install']
[0.372s] Level 1:colcon.colcon_core.package_identification:_identify(log) by extension 'ignore'
[0.372s] Level 1:colcon.colcon_core.package_identification:_identify(log) ignored
[0.373s] Level 1:colcon.colcon_core.package_identification:_identify(scripts) by extensions ['ignore', 'ignore_ament_install']
[0.373s] Level 1:colcon.colcon_core.package_identification:_identify(scripts) by extension 'ignore'
[0.373s] Level 1:colcon.colcon_core.package_identification:_identify(scripts) by extension 'ignore_ament_install'
[0.373s] Level 1:colcon.colcon_core.package_identification:_identify(scripts) by extensions ['colcon_pkg']
[0.373s] Level 1:colcon.colcon_core.package_identification:_identify(scripts) by extension 'colcon_pkg'
[0.373s] Level 1:colcon.colcon_core.package_identification:_identify(scripts) by extensions ['colcon_meta']
[0.373s] Level 1:colcon.colcon_core.package_identification:_identify(scripts) by extension 'colcon_meta'
[0.373s] Level 1:colcon.colcon_core.package_identification:_identify(scripts) by extensions ['ros']
[0.374s] Level 1:colcon.colcon_core.package_identification:_identify(scripts) by extension 'ros'
[0.374s] Level 1:colcon.colcon_core.package_identification:_identify(scripts) by extensions ['cmake', 'python']
[0.374s] Level 1:colcon.colcon_core.package_identification:_identify(scripts) by extension 'cmake'
[0.374s] Level 1:colcon.colcon_core.package_identification:_identify(scripts) by extension 'python'
[0.374s] Level 1:colcon.colcon_core.package_identification:_identify(scripts) by extensions ['python_setup_py']
[0.374s] Level 1:colcon.colcon_core.package_identification:_identify(scripts) by extension 'python_setup_py'
[0.374s] Level 1:colcon.colcon_core.package_identification:_identify(src) by extensions ['ignore', 'ignore_ament_install']
[0.374s] Level 1:colcon.colcon_core.package_identification:_identify(src) by extension 'ignore'
[0.374s] Level 1:colcon.colcon_core.package_identification:_identify(src) by extension 'ignore_ament_install'
[0.375s] Level 1:colcon.colcon_core.package_identification:_identify(src) by extensions ['colcon_pkg']
[0.375s] Level 1:colcon.colcon_core.package_identification:_identify(src) by extension 'colcon_pkg'
[0.375s] Level 1:colcon.colcon_core.package_identification:_identify(src) by extensions ['colcon_meta']
[0.375s] Level 1:colcon.colcon_core.package_identification:_identify(src) by extension 'colcon_meta'
[0.375s] Level 1:colcon.colcon_core.package_identification:_identify(src) by extensions ['ros']
[0.375s] Level 1:colcon.colcon_core.package_identification:_identify(src) by extension 'ros'
[0.375s] Level 1:colcon.colcon_core.package_identification:_identify(src) by extensions ['cmake', 'python']
[0.375s] Level 1:colcon.colcon_core.package_identification:_identify(src) by extension 'cmake'
[0.375s] Level 1:colcon.colcon_core.package_identification:_identify(src) by extension 'python'
[0.375s] Level 1:colcon.colcon_core.package_identification:_identify(src) by extensions ['python_setup_py']
[0.375s] Level 1:colcon.colcon_core.package_identification:_identify(src) by extension 'python_setup_py'
[0.375s] Level 1:colcon.colcon_core.package_identification:_identify(src/courseworks) by extensions ['ignore', 'ignore_ament_install']
[0.375s] Level 1:colcon.colcon_core.package_identification:_identify(src/courseworks) by extension 'ignore'
[0.376s] Level 1:colcon.colcon_core.package_identification:_identify(src/courseworks) by extension 'ignore_ament_install'
[0.376s] Level 1:colcon.colcon_core.package_identification:_identify(src/courseworks) by extensions ['colcon_pkg']
[0.376s] Level 1:colcon.colcon_core.package_identification:_identify(src/courseworks) by extension 'colcon_pkg'
[0.376s] Level 1:colcon.colcon_core.package_identification:_identify(src/courseworks) by extensions ['colcon_meta']
[0.376s] Level 1:colcon.colcon_core.package_identification:_identify(src/courseworks) by extension 'colcon_meta'
[0.376s] Level 1:colcon.colcon_core.package_identification:_identify(src/courseworks) by extensions ['ros']
[0.376s] Level 1:colcon.colcon_core.package_identification:_identify(src/courseworks) by extension 'ros'
[0.376s] Level 1:colcon.colcon_core.package_identification:_identify(src/courseworks) by extensions ['cmake', 'python']
[0.376s] Level 1:colcon.colcon_core.package_identification:_identify(src/courseworks) by extension 'cmake'
[0.376s] Level 1:colcon.colcon_core.package_identification:_identify(src/courseworks) by extension 'python'
[0.376s] Level 1:colcon.colcon_core.package_identification:_identify(src/courseworks) by extensions ['python_setup_py']
[0.376s] Level 1:colcon.colcon_core.package_identification:_identify(src/courseworks) by extension 'python_setup_py'
[0.376s] Level 1:colcon.colcon_core.package_identification:_identify(src/courseworks/cw2_team_14) by extensions ['ignore', 'ignore_ament_install']
[0.377s] Level 1:colcon.colcon_core.package_identification:_identify(src/courseworks/cw2_team_14) by extension 'ignore'
[0.377s] Level 1:colcon.colcon_core.package_identification:_identify(src/courseworks/cw2_team_14) by extension 'ignore_ament_install'
[0.377s] Level 1:colcon.colcon_core.package_identification:_identify(src/courseworks/cw2_team_14) by extensions ['colcon_pkg']
[0.377s] Level 1:colcon.colcon_core.package_identification:_identify(src/courseworks/cw2_team_14) by extension 'colcon_pkg'
[0.377s] Level 1:colcon.colcon_core.package_identification:_identify(src/courseworks/cw2_team_14) by extensions ['colcon_meta']
[0.377s] Level 1:colcon.colcon_core.package_identification:_identify(src/courseworks/cw2_team_14) by extension 'colcon_meta'
[0.377s] Level 1:colcon.colcon_core.package_identification:_identify(src/courseworks/cw2_team_14) by extensions ['ros']
[0.377s] Level 1:colcon.colcon_core.package_identification:_identify(src/courseworks/cw2_team_14) by extension 'ros'
[0.381s] DEBUG:colcon.colcon_core.package_identification:Package 'src/courseworks/cw2_team_14' with type 'ros.ament_cmake' and name 'cw2_team_14'
[0.381s] Level 1:colcon.colcon_core.package_identification:_identify(src/courseworks/cw2_world_spawner) by extensions ['ignore', 'ignore_ament_install']
[0.381s] Level 1:colcon.colcon_core.package_identification:_identify(src/courseworks/cw2_world_spawner) by extension 'ignore'
[0.381s] Level 1:colcon.colcon_core.package_identification:_identify(src/courseworks/cw2_world_spawner) by extension 'ignore_ament_install'
[0.381s] Level 1:colcon.colcon_core.package_identification:_identify(src/courseworks/cw2_world_spawner) by extensions ['colcon_pkg']
[0.381s] Level 1:colcon.colcon_core.package_identification:_identify(src/courseworks/cw2_world_spawner) by extension 'colcon_pkg'
[0.381s] Level 1:colcon.colcon_core.package_identification:_identify(src/courseworks/cw2_world_spawner) by extensions ['colcon_meta']
[0.381s] Level 1:colcon.colcon_core.package_identification:_identify(src/courseworks/cw2_world_spawner) by extension 'colcon_meta'
[0.382s] Level 1:colcon.colcon_core.package_identification:_identify(src/courseworks/cw2_world_spawner) by extensions ['ros']
[0.382s] Level 1:colcon.colcon_core.package_identification:_identify(src/courseworks/cw2_world_spawner) by extension 'ros'
[0.382s] DEBUG:colcon.colcon_core.package_identification:Package 'src/courseworks/cw2_world_spawner' with type 'ros.ament_cmake' and name 'cw2_world_spawner'
[0.383s] Level 1:colcon.colcon_core.package_identification:_identify(src/courseworks/panda_description) by extensions ['ignore', 'ignore_ament_install']
[0.383s] Level 1:colcon.colcon_core.package_identification:_identify(src/courseworks/panda_description) by extension 'ignore'
[0.383s] Level 1:colcon.colcon_core.package_identification:_identify(src/courseworks/panda_description) by extension 'ignore_ament_install'
[0.383s] Level 1:colcon.colcon_core.package_identification:_identify(src/courseworks/panda_description) by extensions ['colcon_pkg']
[0.383s] Level 1:colcon.colcon_core.package_identification:_identify(src/courseworks/panda_description) by extension 'colcon_pkg'
[0.383s] Level 1:colcon.colcon_core.package_identification:_identify(src/courseworks/panda_description) by extensions ['colcon_meta']
[0.383s] Level 1:colcon.colcon_core.package_identification:_identify(src/courseworks/panda_description) by extension 'colcon_meta'
[0.383s] Level 1:colcon.colcon_core.package_identification:_identify(src/courseworks/panda_description) by extensions ['ros']
[0.383s] Level 1:colcon.colcon_core.package_identification:_identify(src/courseworks/panda_description) by extension 'ros'
[0.383s] DEBUG:colcon.colcon_core.package_identification:Package 'src/courseworks/panda_description' with type 'ros.ament_cmake' and name 'panda_description'
[0.384s] Level 1:colcon.colcon_core.package_identification:_identify(src/courseworks/panda_moveit_config) by extensions ['ignore', 'ignore_ament_install']
[0.384s] Level 1:colcon.colcon_core.package_identification:_identify(src/courseworks/panda_moveit_config) by extension 'ignore'
[0.384s] Level 1:colcon.colcon_core.package_identification:_identify(src/courseworks/panda_moveit_config) by extension 'ignore_ament_install'
[0.384s] Level 1:colcon.colcon_core.package_identification:_identify(src/courseworks/panda_moveit_config) by extensions ['colcon_pkg']
[0.384s] Level 1:colcon.colcon_core.package_identification:_identify(src/courseworks/panda_moveit_config) by extension 'colcon_pkg'
[0.384s] Level 1:colcon.colcon_core.package_identification:_identify(src/courseworks/panda_moveit_config) by extensions ['colcon_meta']
[0.384s] Level 1:colcon.colcon_core.package_identification:_identify(src/courseworks/panda_moveit_config) by extension 'colcon_meta'
[0.384s] Level 1:colcon.colcon_core.package_identification:_identify(src/courseworks/panda_moveit_config) by extensions ['ros']
[0.384s] Level 1:colcon.colcon_core.package_identification:_identify(src/courseworks/panda_moveit_config) by extension 'ros'
[0.385s] DEBUG:colcon.colcon_core.package_identification:Package 'src/courseworks/panda_moveit_config' with type 'ros.ament_cmake' and name 'panda_moveit_config'
[0.385s] Level 1:colcon.colcon_core.package_identification:_identify(src/courseworks/realsense_gazebo_plugin) by extensions ['ignore', 'ignore_ament_install']
[0.385s] Level 1:colcon.colcon_core.package_identification:_identify(src/courseworks/realsense_gazebo_plugin) by extension 'ignore'
[0.385s] Level 1:colcon.colcon_core.package_identification:_identify(src/courseworks/realsense_gazebo_plugin) by extension 'ignore_ament_install'
[0.385s] Level 1:colcon.colcon_core.package_identification:_identify(src/courseworks/realsense_gazebo_plugin) by extensions ['colcon_pkg']
[0.385s] Level 1:colcon.colcon_core.package_identification:_identify(src/courseworks/realsense_gazebo_plugin) by extension 'colcon_pkg'
[0.386s] Level 1:colcon.colcon_core.package_identification:_identify(src/courseworks/realsense_gazebo_plugin) by extensions ['colcon_meta']
[0.386s] Level 1:colcon.colcon_core.package_identification:_identify(src/courseworks/realsense_gazebo_plugin) by extension 'colcon_meta'
[0.386s] Level 1:colcon.colcon_core.package_identification:_identify(src/courseworks/realsense_gazebo_plugin) by extensions ['ros']
[0.386s] Level 1:colcon.colcon_core.package_identification:_identify(src/courseworks/realsense_gazebo_plugin) by extension 'ros'
[0.387s] DEBUG:colcon.colcon_core.package_identification:Package 'src/courseworks/realsense_gazebo_plugin' with type 'ros.ament_cmake' and name 'realsense_gazebo_plugin'
[0.387s] Level 1:colcon.colcon_core.package_identification:_identify(src/courseworks/rpl_panda_with_rs) by extensions ['ignore', 'ignore_ament_install']
[0.387s] Level 1:colcon.colcon_core.package_identification:_identify(src/courseworks/rpl_panda_with_rs) by extension 'ignore'
[0.387s] Level 1:colcon.colcon_core.package_identification:_identify(src/courseworks/rpl_panda_with_rs) by extension 'ignore_ament_install'
[0.387s] Level 1:colcon.colcon_core.package_identification:_identify(src/courseworks/rpl_panda_with_rs) by extensions ['colcon_pkg']
[0.387s] Level 1:colcon.colcon_core.package_identification:_identify(src/courseworks/rpl_panda_with_rs) by extension 'colcon_pkg'
[0.387s] Level 1:colcon.colcon_core.package_identification:_identify(src/courseworks/rpl_panda_with_rs) by extensions ['colcon_meta']
[0.387s] Level 1:colcon.colcon_core.package_identification:_identify(src/courseworks/rpl_panda_with_rs) by extension 'colcon_meta'
[0.387s] Level 1:colcon.colcon_core.package_identification:_identify(src/courseworks/rpl_panda_with_rs) by extensions ['ros']
[0.387s] Level 1:colcon.colcon_core.package_identification:_identify(src/courseworks/rpl_panda_with_rs) by extension 'ros'
[0.388s] DEBUG:colcon.colcon_core.package_identification:Package 'src/courseworks/rpl_panda_with_rs' with type 'ros.ament_cmake' and name 'rpl_panda_with_rs'
[0.388s] Level 1:colcon.colcon_core.package_discovery:discover_packages(recursive) using defaults
[0.388s] Level 1:colcon.colcon_core.package_discovery:discover_packages(ignore) discover
[0.388s] Level 1:colcon.colcon_core.package_discovery:discover_packages(ignore) using defaults
[0.388s] Level 1:colcon.colcon_core.package_discovery:discover_packages(path) discover
[0.388s] Level 1:colcon.colcon_core.package_discovery:discover_packages(path) using defaults
[0.416s] Level 1:colcon.colcon_core.package_discovery:discover_packages(prefix_path) check parameters
[0.416s] Level 1:colcon.colcon_core.package_discovery:discover_packages(prefix_path) discover
[0.421s] DEBUG:colcon.colcon_installed_package_information.package_discovery:Found 375 installed packages in /opt/ros/humble
[0.424s] Level 1:colcon.colcon_core.package_discovery:discover_packages(prefix_path) using defaults
[0.464s] Level 5:colcon.colcon_core.verb:set package 'cw2_world_spawner' build argument 'cmake_args' from command line to 'None'
[0.464s] Level 5:colcon.colcon_core.verb:set package 'cw2_world_spawner' build argument 'cmake_target' from command line to 'None'
[0.464s] Level 5:colcon.colcon_core.verb:set package 'cw2_world_spawner' build argument 'cmake_target_skip_unavailable' from command line to 'False'
[0.464s] Level 5:colcon.colcon_core.verb:set package 'cw2_world_spawner' build argument 'cmake_clean_cache' from command line to 'False'
[0.464s] Level 5:colcon.colcon_core.verb:set package 'cw2_world_spawner' build argument 'cmake_clean_first' from command line to 'False'
[0.464s] Level 5:colcon.colcon_core.verb:set package 'cw2_world_spawner' build argument 'cmake_force_configure' from command line to 'False'
[0.464s] Level 5:colcon.colcon_core.verb:set package 'cw2_world_spawner' build argument 'ament_cmake_args' from command line to 'None'
[0.464s] Level 5:colcon.colcon_core.verb:set package 'cw2_world_spawner' build argument 'catkin_cmake_args' from command line to 'None'
[0.464s] Level 5:colcon.colcon_core.verb:set package 'cw2_world_spawner' build argument 'catkin_skip_building_tests' from command line to 'False'
[0.465s] DEBUG:colcon.colcon_core.verb:Building package 'cw2_world_spawner' with the following arguments: {'ament_cmake_args': None, 'build_base': '/home/bizare/Desktop/cw2_team_14/build/cw2_world_spawner', 'catkin_cmake_args': None, 'catkin_skip_building_tests': False, 'cmake_args': None, 'cmake_clean_cache': False, 'cmake_clean_first': False, 'cmake_force_configure': False, 'cmake_target': None, 'cmake_target_skip_unavailable': False, 'install_base': '/home/bizare/Desktop/cw2_team_14/install/cw2_world_spawner', 'merge_install': False, 'path': '/home/bizare/Desktop/cw2_team_14/src/courseworks/cw2_world_spawner', 'symlink_install': False, 'test_result_base': None}
[0.465s] Level 5:colcon.colcon_core.verb:set package 'panda_description' build argument 'cmake_args' from command line to 'None'
[0.465s] Level 5:colcon.colcon_core.verb:set package 'panda_description' build argument 'cmake_target' from command line to 'None'
[0.465s] Level 5:colcon.colcon_core.verb:set package 'panda_description' build argument 'cmake_target_skip_unavailable' from command line to 'False'
[0.465s] Level 5:colcon.colcon_core.verb:set package 'panda_description' build argument 'cmake_clean_cache' from command line to 'False'
[0.465s] Level 5:colcon.colcon_core.verb:set package 'panda_description' build argument 'cmake_clean_first' from command line to 'False'
[0.465s] Level 5:colcon.colcon_core.verb:set package 'panda_description' build argument 'cmake_force_configure' from command line to 'False'
[0.465s] Level 5:colcon.colcon_core.verb:set package 'panda_description' build argument 'ament_cmake_args' from command line to 'None'
[0.465s] Level 5:colcon.colcon_core.verb:set package 'panda_description' build argument 'catkin_cmake_args' from command line to 'None'
[0.465s] Level 5:colcon.colcon_core.verb:set package 'panda_description' build argument 'catkin_skip_building_tests' from command line to 'False'
[0.465s] DEBUG:colcon.colcon_core.verb:Building package 'panda_description' with the following arguments: {'ament_cmake_args': None, 'build_base': '/home/bizare/Desktop/cw2_team_14/build/panda_description', 'catkin_cmake_args': None, 'catkin_skip_building_tests': False, 'cmake_args': None, 'cmake_clean_cache': False, 'cmake_clean_first': False, 'cmake_force_configure': False, 'cmake_target': None, 'cmake_target_skip_unavailable': False, 'install_base': '/home/bizare/Desktop/cw2_team_14/install/panda_description', 'merge_install': False, 'path': '/home/bizare/Desktop/cw2_team_14/src/courseworks/panda_description', 'symlink_install': False, 'test_result_base': None}
[0.466s] Level 5:colcon.colcon_core.verb:set package 'panda_moveit_config' build argument 'cmake_args' from command line to 'None'
[0.466s] Level 5:colcon.colcon_core.verb:set package 'panda_moveit_config' build argument 'cmake_target' from command line to 'None'
[0.466s] Level 5:colcon.colcon_core.verb:set package 'panda_moveit_config' build argument 'cmake_target_skip_unavailable' from command line to 'False'
[0.466s] Level 5:colcon.colcon_core.verb:set package 'panda_moveit_config' build argument 'cmake_clean_cache' from command line to 'False'
[0.466s] Level 5:colcon.colcon_core.verb:set package 'panda_moveit_config' build argument 'cmake_clean_first' from command line to 'False'
[0.466s] Level 5:colcon.colcon_core.verb:set package 'panda_moveit_config' build argument 'cmake_force_configure' from command line to 'False'
[0.466s] Level 5:colcon.colcon_core.verb:set package 'panda_moveit_config' build argument 'ament_cmake_args' from command line to 'None'
[0.466s] Level 5:colcon.colcon_core.verb:set package 'panda_moveit_config' build argument 'catkin_cmake_args' from command line to 'None'
[0.466s] Level 5:colcon.colcon_core.verb:set package 'panda_moveit_config' build argument 'catkin_skip_building_tests' from command line to 'False'
[0.466s] DEBUG:colcon.colcon_core.verb:Building package 'panda_moveit_config' with the following arguments: {'ament_cmake_args': None, 'build_base': '/home/bizare/Desktop/cw2_team_14/build/panda_moveit_config', 'catkin_cmake_args': None, 'catkin_skip_building_tests': False, 'cmake_args': None, 'cmake_clean_cache': False, 'cmake_clean_first': False, 'cmake_force_configure': False, 'cmake_target': None, 'cmake_target_skip_unavailable': False, 'install_base': '/home/bizare/Desktop/cw2_team_14/install/panda_moveit_config', 'merge_install': False, 'path': '/home/bizare/Desktop/cw2_team_14/src/courseworks/panda_moveit_config', 'symlink_install': False, 'test_result_base': None}
[0.466s] Level 5:colcon.colcon_core.verb:set package 'realsense_gazebo_plugin' build argument 'cmake_args' from command line to 'None'
[0.466s] Level 5:colcon.colcon_core.verb:set package 'realsense_gazebo_plugin' build argument 'cmake_target' from command line to 'None'
[0.466s] Level 5:colcon.colcon_core.verb:set package 'realsense_gazebo_plugin' build argument 'cmake_target_skip_unavailable' from command line to 'False'
[0.466s] Level 5:colcon.colcon_core.verb:set package 'realsense_gazebo_plugin' build argument 'cmake_clean_cache' from command line to 'False'
[0.466s] Level 5:colcon.colcon_core.verb:set package 'realsense_gazebo_plugin' build argument 'cmake_clean_first' from command line to 'False'
[0.466s] Level 5:colcon.colcon_core.verb:set package 'realsense_gazebo_plugin' build argument 'cmake_force_configure' from command line to 'False'
[0.466s] Level 5:colcon.colcon_core.verb:set package 'realsense_gazebo_plugin' build argument 'ament_cmake_args' from command line to 'None'
[0.466s] Level 5:colcon.colcon_core.verb:set package 'realsense_gazebo_plugin' build argument 'catkin_cmake_args' from command line to 'None'
[0.466s] Level 5:colcon.colcon_core.verb:set package 'realsense_gazebo_plugin' build argument 'catkin_skip_building_tests' from command line to 'False'
[0.466s] DEBUG:colcon.colcon_core.verb:Building package 'realsense_gazebo_plugin' with the following arguments: {'ament_cmake_args': None, 'build_base': '/home/bizare/Desktop/cw2_team_14/build/realsense_gazebo_plugin', 'catkin_cmake_args': None, 'catkin_skip_building_tests': False, 'cmake_args': None, 'cmake_clean_cache': False, 'cmake_clean_first': False, 'cmake_force_configure': False, 'cmake_target': None, 'cmake_target_skip_unavailable': False, 'install_base': '/home/bizare/Desktop/cw2_team_14/install/realsense_gazebo_plugin', 'merge_install': False, 'path': '/home/bizare/Desktop/cw2_team_14/src/courseworks/realsense_gazebo_plugin', 'symlink_install': False, 'test_result_base': None}
[0.467s] Level 5:colcon.colcon_core.verb:set package 'cw2_team_14' build argument 'cmake_args' from command line to 'None'
[0.467s] Level 5:colcon.colcon_core.verb:set package 'cw2_team_14' build argument 'cmake_target' from command line to 'None'
[0.467s] Level 5:colcon.colcon_core.verb:set package 'cw2_team_14' build argument 'cmake_target_skip_unavailable' from command line to 'False'
[0.467s] Level 5:colcon.colcon_core.verb:set package 'cw2_team_14' build argument 'cmake_clean_cache' from command line to 'False'
[0.467s] Level 5:colcon.colcon_core.verb:set package 'cw2_team_14' build argument 'cmake_clean_first' from command line to 'False'
[0.467s] Level 5:colcon.colcon_core.verb:set package 'cw2_team_14' build argument 'cmake_force_configure' from command line to 'False'
[0.467s] Level 5:colcon.colcon_core.verb:set package 'cw2_team_14' build argument 'ament_cmake_args' from command line to 'None'
[0.467s] Level 5:colcon.colcon_core.verb:set package 'cw2_team_14' build argument 'catkin_cmake_args' from command line to 'None'
[0.467s] Level 5:colcon.colcon_core.verb:set package 'cw2_team_14' build argument 'catkin_skip_building_tests' from command line to 'False'
[0.467s] DEBUG:colcon.colcon_core.verb:Building package 'cw2_team_14' with the following arguments: {'ament_cmake_args': None, 'build_base': '/home/bizare/Desktop/cw2_team_14/build/cw2_team_14', 'catkin_cmake_args': None, 'catkin_skip_building_tests': False, 'cmake_args': None, 'cmake_clean_cache': False, 'cmake_clean_first': False, 'cmake_force_configure': False, 'cmake_target': None, 'cmake_target_skip_unavailable': False, 'install_base': '/home/bizare/Desktop/cw2_team_14/install/cw2_team_14', 'merge_install': False, 'path': '/home/bizare/Desktop/cw2_team_14/src/courseworks/cw2_team_14', 'symlink_install': False, 'test_result_base': None}
[0.467s] Level 5:colcon.colcon_core.verb:set package 'rpl_panda_with_rs' build argument 'cmake_args' from command line to 'None'
[0.467s] Level 5:colcon.colcon_core.verb:set package 'rpl_panda_with_rs' build argument 'cmake_target' from command line to 'None'
[0.467s] Level 5:colcon.colcon_core.verb:set package 'rpl_panda_with_rs' build argument 'cmake_target_skip_unavailable' from command line to 'False'
[0.467s] Level 5:colcon.colcon_core.verb:set package 'rpl_panda_with_rs' build argument 'cmake_clean_cache' from command line to 'False'
[0.467s] Level 5:colcon.colcon_core.verb:set package 'rpl_panda_with_rs' build argument 'cmake_clean_first' from command line to 'False'
[0.467s] Level 5:colcon.colcon_core.verb:set package 'rpl_panda_with_rs' build argument 'cmake_force_configure' from command line to 'False'
[0.467s] Level 5:colcon.colcon_core.verb:set package 'rpl_panda_with_rs' build argument 'ament_cmake_args' from command line to 'None'
[0.467s] Level 5:colcon.colcon_core.verb:set package 'rpl_panda_with_rs' build argument 'catkin_cmake_args' from command line to 'None'
[0.467s] Level 5:colcon.colcon_core.verb:set package 'rpl_panda_with_rs' build argument 'catkin_skip_building_tests' from command line to 'False'
[0.467s] DEBUG:colcon.colcon_core.verb:Building package 'rpl_panda_with_rs' with the following arguments: {'ament_cmake_args': None, 'build_base': '/home/bizare/Desktop/cw2_team_14/build/rpl_panda_with_rs', 'catkin_cmake_args': None, 'catkin_skip_building_tests': False, 'cmake_args': None, 'cmake_clean_cache': False, 'cmake_clean_first': False, 'cmake_force_configure': False, 'cmake_target': None, 'cmake_target_skip_unavailable': False, 'install_base': '/home/bizare/Desktop/cw2_team_14/install/rpl_panda_with_rs', 'merge_install': False, 'path': '/home/bizare/Desktop/cw2_team_14/src/courseworks/rpl_panda_with_rs', 'symlink_install': False, 'test_result_base': None}
[0.467s] INFO:colcon.colcon_core.executor:Executing jobs using 'parallel' executor
[0.468s] DEBUG:colcon.colcon_parallel_executor.executor.parallel:run_until_complete
[0.468s] INFO:colcon.colcon_ros.task.ament_cmake.build:Building ROS package in '/home/bizare/Desktop/cw2_team_14/src/courseworks/cw2_world_spawner' with build type 'ament_cmake'
[0.469s] INFO:colcon.colcon_cmake.task.cmake.build:Building CMake package in '/home/bizare/Desktop/cw2_team_14/src/courseworks/cw2_world_spawner'
[0.475s] INFO:colcon.colcon_core.plugin_system:Skipping extension 'colcon_core.shell.bat': Not used on non-Windows systems
[0.475s] INFO:colcon.colcon_core.shell:Skip shell extension 'powershell' for command environment: Not usable outside of PowerShell
[0.475s] DEBUG:colcon.colcon_core.shell:Skip shell extension 'dsv' for command environment
[0.478s] INFO:colcon.colcon_ros.task.ament_cmake.build:Building ROS package in '/home/bizare/Desktop/cw2_team_14/src/courseworks/panda_moveit_config' with build type 'ament_cmake'
[0.478s] INFO:colcon.colcon_cmake.task.cmake.build:Building CMake package in '/home/bizare/Desktop/cw2_team_14/src/courseworks/panda_moveit_config'
[0.478s] INFO:colcon.colcon_core.shell:Skip shell extension 'powershell' for command environment: Not usable outside of PowerShell
[0.479s] DEBUG:colcon.colcon_core.shell:Skip shell extension 'dsv' for command environment
[0.489s] DEBUG:colcon.colcon_core.event_handler.log_command:Invoking command in '/home/bizare/Desktop/cw2_team_14/build/cw2_world_spawner': CMAKE_PREFIX_PATH=/opt/ros/humble /usr/bin/cmake --build /home/bizare/Desktop/cw2_team_14/build/cw2_world_spawner -- -j2 -l2
[0.497s] DEBUG:colcon.colcon_core.event_handler.log_command:Invoking command in '/home/bizare/Desktop/cw2_team_14/build/panda_moveit_config': CMAKE_PREFIX_PATH=/opt/ros/humble /usr/bin/cmake --build /home/bizare/Desktop/cw2_team_14/build/panda_moveit_config -- -j2 -l2
[0.547s] DEBUG:colcon.colcon_core.event_handler.log_command:Invoked command in '/home/bizare/Desktop/cw2_team_14/build/panda_moveit_config' returned '0': CMAKE_PREFIX_PATH=/opt/ros/humble /usr/bin/cmake --build /home/bizare/Desktop/cw2_team_14/build/panda_moveit_config -- -j2 -l2
[0.556s] DEBUG:colcon.colcon_core.event_handler.log_command:Invoking command in '/home/bizare/Desktop/cw2_team_14/build/panda_moveit_config': CMAKE_PREFIX_PATH=/opt/ros/humble /usr/bin/cmake --install /home/bizare/Desktop/cw2_team_14/build/panda_moveit_config
[0.578s] Level 1:colcon.colcon_core.environment:create_environment_scripts_only(panda_moveit_config)
[0.600s] DEBUG:colcon.colcon_core.event_handler.log_command:Invoked command in '/home/bizare/Desktop/cw2_team_14/build/panda_moveit_config' returned '0': CMAKE_PREFIX_PATH=/opt/ros/humble /usr/bin/cmake --install /home/bizare/Desktop/cw2_team_14/build/panda_moveit_config
[0.601s] Level 1:colcon.colcon_core.environment:checking '/home/bizare/Desktop/cw2_team_14/install/panda_moveit_config' for CMake module files
[0.601s] Level 1:colcon.colcon_core.environment:checking '/home/bizare/Desktop/cw2_team_14/install/panda_moveit_config' for CMake config files
[0.601s] Level 1:colcon.colcon_core.shell:create_environment_hook('panda_moveit_config', 'cmake_prefix_path')
[0.601s] INFO:colcon.colcon_core.shell:Creating environment hook '/home/bizare/Desktop/cw2_team_14/install/panda_moveit_config/share/panda_moveit_config/hook/cmake_prefix_path.ps1'
[0.604s] INFO:colcon.colcon_core.shell:Creating environment descriptor '/home/bizare/Desktop/cw2_team_14/install/panda_moveit_config/share/panda_moveit_config/hook/cmake_prefix_path.dsv'
[0.605s] INFO:colcon.colcon_core.shell:Creating environment hook '/home/bizare/Desktop/cw2_team_14/install/panda_moveit_config/share/panda_moveit_config/hook/cmake_prefix_path.sh'
[0.606s] Level 1:colcon.colcon_core.environment:checking '/home/bizare/Desktop/cw2_team_14/install/panda_moveit_config/bin'
[0.606s] Level 1:colcon.colcon_core.environment:checking '/home/bizare/Desktop/cw2_team_14/install/panda_moveit_config/lib/pkgconfig/panda_moveit_config.pc'
[0.606s] Level 1:colcon.colcon_core.environment:checking '/home/bizare/Desktop/cw2_team_14/install/panda_moveit_config/lib/python3.10/site-packages'
[0.606s] Level 1:colcon.colcon_core.environment:checking '/home/bizare/Desktop/cw2_team_14/install/panda_moveit_config/bin'
[0.607s] INFO:colcon.colcon_core.shell:Creating package script '/home/bizare/Desktop/cw2_team_14/install/panda_moveit_config/share/panda_moveit_config/package.ps1'
[0.609s] INFO:colcon.colcon_core.shell:Creating package descriptor '/home/bizare/Desktop/cw2_team_14/install/panda_moveit_config/share/panda_moveit_config/package.dsv'
[0.609s] INFO:colcon.colcon_core.shell:Creating package script '/home/bizare/Desktop/cw2_team_14/install/panda_moveit_config/share/panda_moveit_config/package.sh'
[0.612s] INFO:colcon.colcon_core.shell:Creating package script '/home/bizare/Desktop/cw2_team_14/install/panda_moveit_config/share/panda_moveit_config/package.bash'
[0.614s] INFO:colcon.colcon_core.shell:Creating package script '/home/bizare/Desktop/cw2_team_14/install/panda_moveit_config/share/panda_moveit_config/package.zsh'
[0.615s] Level 1:colcon.colcon_core.environment:create_file_with_runtime_dependencies(/home/bizare/Desktop/cw2_team_14/install/panda_moveit_config/share/colcon-core/packages/panda_moveit_config)
[0.616s] Level 1:colcon.colcon_core.environment:create_environment_scripts_only(panda_moveit_config)
[0.616s] Level 1:colcon.colcon_core.environment:checking '/home/bizare/Desktop/cw2_team_14/install/panda_moveit_config' for CMake module files
[0.617s] Level 1:colcon.colcon_core.environment:checking '/home/bizare/Desktop/cw2_team_14/install/panda_moveit_config' for CMake config files
[0.617s] Level 1:colcon.colcon_core.shell:create_environment_hook('panda_moveit_config', 'cmake_prefix_path')
[0.617s] INFO:colcon.colcon_core.shell:Creating environment hook '/home/bizare/Desktop/cw2_team_14/install/panda_moveit_config/share/panda_moveit_config/hook/cmake_prefix_path.ps1'
[0.617s] INFO:colcon.colcon_core.shell:Creating environment descriptor '/home/bizare/Desktop/cw2_team_14/install/panda_moveit_config/share/panda_moveit_config/hook/cmake_prefix_path.dsv'
[0.618s] INFO:colcon.colcon_core.shell:Creating environment hook '/home/bizare/Desktop/cw2_team_14/install/panda_moveit_config/share/panda_moveit_config/hook/cmake_prefix_path.sh'
[0.618s] Level 1:colcon.colcon_core.environment:checking '/home/bizare/Desktop/cw2_team_14/install/panda_moveit_config/bin'
[0.618s] Level 1:colcon.colcon_core.environment:checking '/home/bizare/Desktop/cw2_team_14/install/panda_moveit_config/lib/pkgconfig/panda_moveit_config.pc'
[0.618s] Level 1:colcon.colcon_core.environment:checking '/home/bizare/Desktop/cw2_team_14/install/panda_moveit_config/lib/python3.10/site-packages'
[0.619s] Level 1:colcon.colcon_core.environment:checking '/home/bizare/Desktop/cw2_team_14/install/panda_moveit_config/bin'
[0.619s] INFO:colcon.colcon_core.shell:Creating package script '/home/bizare/Desktop/cw2_team_14/install/panda_moveit_config/share/panda_moveit_config/package.ps1'
[0.619s] INFO:colcon.colcon_core.shell:Creating package descriptor '/home/bizare/Desktop/cw2_team_14/install/panda_moveit_config/share/panda_moveit_config/package.dsv'
[0.620s] INFO:colcon.colcon_core.shell:Creating package script '/home/bizare/Desktop/cw2_team_14/install/panda_moveit_config/share/panda_moveit_config/package.sh'
[0.620s] INFO:colcon.colcon_core.shell:Creating package script '/home/bizare/Desktop/cw2_team_14/install/panda_moveit_config/share/panda_moveit_config/package.bash'
[0.621s] INFO:colcon.colcon_core.shell:Creating package script '/home/bizare/Desktop/cw2_team_14/install/panda_moveit_config/share/panda_moveit_config/package.zsh'
[0.621s] Level 1:colcon.colcon_core.environment:create_file_with_runtime_dependencies(/home/bizare/Desktop/cw2_team_14/install/panda_moveit_config/share/colcon-core/packages/panda_moveit_config)
[0.621s] INFO:colcon.colcon_ros.task.ament_cmake.build:Building ROS package in '/home/bizare/Desktop/cw2_team_14/src/courseworks/realsense_gazebo_plugin' with build type 'ament_cmake'
[0.622s] INFO:colcon.colcon_cmake.task.cmake.build:Building CMake package in '/home/bizare/Desktop/cw2_team_14/src/courseworks/realsense_gazebo_plugin'
[0.622s] INFO:colcon.colcon_core.shell:Skip shell extension 'powershell' for command environment: Not usable outside of PowerShell
[0.622s] DEBUG:colcon.colcon_core.shell:Skip shell extension 'dsv' for command environment
[0.636s] DEBUG:colcon.colcon_core.event_handler.log_command:Invoking command in '/home/bizare/Desktop/cw2_team_14/build/realsense_gazebo_plugin': CMAKE_PREFIX_PATH=/opt/ros/humble /usr/bin/cmake --build /home/bizare/Desktop/cw2_team_14/build/realsense_gazebo_plugin -- -j2 -l2
[0.787s] DEBUG:colcon.colcon_core.event_handler.log_command:Invoked command in '/home/bizare/Desktop/cw2_team_14/build/realsense_gazebo_plugin' returned '0': CMAKE_PREFIX_PATH=/opt/ros/humble /usr/bin/cmake --build /home/bizare/Desktop/cw2_team_14/build/realsense_gazebo_plugin -- -j2 -l2
[0.788s] DEBUG:colcon.colcon_core.event_handler.log_command:Invoking command in '/home/bizare/Desktop/cw2_team_14/build/realsense_gazebo_plugin': CMAKE_PREFIX_PATH=/opt/ros/humble /usr/bin/cmake --install /home/bizare/Desktop/cw2_team_14/build/realsense_gazebo_plugin
[0.829s] Level 1:colcon.colcon_core.environment:create_environment_scripts_only(realsense_gazebo_plugin)
[0.830s] Level 1:colcon.colcon_core.environment:checking '/home/bizare/Desktop/cw2_team_14/install/realsense_gazebo_plugin' for CMake module files
[0.830s] Level 1:colcon.colcon_core.environment:checking '/home/bizare/Desktop/cw2_team_14/install/realsense_gazebo_plugin' for CMake config files
[0.830s] Level 1:colcon.colcon_core.shell:create_environment_hook('realsense_gazebo_plugin', 'cmake_prefix_path')
[0.831s] INFO:colcon.colcon_core.shell:Creating environment hook '/home/bizare/Desktop/cw2_team_14/install/realsense_gazebo_plugin/share/realsense_gazebo_plugin/hook/cmake_prefix_path.ps1'
[0.834s] DEBUG:colcon.colcon_core.event_handler.log_command:Invoked command in '/home/bizare/Desktop/cw2_team_14/build/realsense_gazebo_plugin' returned '0': CMAKE_PREFIX_PATH=/opt/ros/humble /usr/bin/cmake --install /home/bizare/Desktop/cw2_team_14/build/realsense_gazebo_plugin
[0.836s] INFO:colcon.colcon_core.shell:Creating environment descriptor '/home/bizare/Desktop/cw2_team_14/install/realsense_gazebo_plugin/share/realsense_gazebo_plugin/hook/cmake_prefix_path.dsv'
[0.837s] INFO:colcon.colcon_core.shell:Creating environment hook '/home/bizare/Desktop/cw2_team_14/install/realsense_gazebo_plugin/share/realsense_gazebo_plugin/hook/cmake_prefix_path.sh'
[0.838s] Level 1:colcon.colcon_core.environment:checking '/home/bizare/Desktop/cw2_team_14/install/realsense_gazebo_plugin/lib'
[0.838s] Level 1:colcon.colcon_core.shell:create_environment_hook('realsense_gazebo_plugin', 'ld_library_path_lib')
[0.839s] INFO:colcon.colcon_core.shell:Creating environment hook '/home/bizare/Desktop/cw2_team_14/install/realsense_gazebo_plugin/share/realsense_gazebo_plugin/hook/ld_library_path_lib.ps1'
[0.840s] INFO:colcon.colcon_core.shell:Creating environment descriptor '/home/bizare/Desktop/cw2_team_14/install/realsense_gazebo_plugin/share/realsense_gazebo_plugin/hook/ld_library_path_lib.dsv'
[0.842s] INFO:colcon.colcon_core.shell:Creating environment hook '/home/bizare/Desktop/cw2_team_14/install/realsense_gazebo_plugin/share/realsense_gazebo_plugin/hook/ld_library_path_lib.sh'
[0.843s] Level 1:colcon.colcon_core.environment:checking '/home/bizare/Desktop/cw2_team_14/install/realsense_gazebo_plugin/bin'
[0.843s] Level 1:colcon.colcon_core.environment:checking '/home/bizare/Desktop/cw2_team_14/install/realsense_gazebo_plugin/lib/pkgconfig/realsense_gazebo_plugin.pc'
[0.843s] Level 1:colcon.colcon_core.environment:checking '/home/bizare/Desktop/cw2_team_14/install/realsense_gazebo_plugin/lib/python3.10/site-packages'
[0.843s] Level 1:colcon.colcon_core.environment:checking '/home/bizare/Desktop/cw2_team_14/install/realsense_gazebo_plugin/bin'
[0.844s] INFO:colcon.colcon_core.shell:Creating package script '/home/bizare/Desktop/cw2_team_14/install/realsense_gazebo_plugin/share/realsense_gazebo_plugin/package.ps1'
[0.844s] INFO:colcon.colcon_core.shell:Creating package descriptor '/home/bizare/Desktop/cw2_team_14/install/realsense_gazebo_plugin/share/realsense_gazebo_plugin/package.dsv'
[0.845s] INFO:colcon.colcon_core.shell:Creating package script '/home/bizare/Desktop/cw2_team_14/install/realsense_gazebo_plugin/share/realsense_gazebo_plugin/package.sh'
[0.845s] INFO:colcon.colcon_core.shell:Creating package script '/home/bizare/Desktop/cw2_team_14/install/realsense_gazebo_plugin/share/realsense_gazebo_plugin/package.bash'
[0.845s] INFO:colcon.colcon_core.shell:Creating package script '/home/bizare/Desktop/cw2_team_14/install/realsense_gazebo_plugin/share/realsense_gazebo_plugin/package.zsh'
[0.846s] Level 1:colcon.colcon_core.environment:create_file_with_runtime_dependencies(/home/bizare/Desktop/cw2_team_14/install/realsense_gazebo_plugin/share/colcon-core/packages/realsense_gazebo_plugin)
[0.849s] Level 1:colcon.colcon_core.environment:create_environment_scripts_only(realsense_gazebo_plugin)
[0.849s] Level 1:colcon.colcon_core.environment:checking '/home/bizare/Desktop/cw2_team_14/install/realsense_gazebo_plugin' for CMake module files
[0.849s] Level 1:colcon.colcon_core.environment:checking '/home/bizare/Desktop/cw2_team_14/install/realsense_gazebo_plugin' for CMake config files
[0.849s] Level 1:colcon.colcon_core.shell:create_environment_hook('realsense_gazebo_plugin', 'cmake_prefix_path')
[0.850s] INFO:colcon.colcon_core.shell:Creating environment hook '/home/bizare/Desktop/cw2_team_14/install/realsense_gazebo_plugin/share/realsense_gazebo_plugin/hook/cmake_prefix_path.ps1'
[0.850s] INFO:colcon.colcon_core.shell:Creating environment descriptor '/home/bizare/Desktop/cw2_team_14/install/realsense_gazebo_plugin/share/realsense_gazebo_plugin/hook/cmake_prefix_path.dsv'
[0.850s] INFO:colcon.colcon_core.shell:Creating environment hook '/home/bizare/Desktop/cw2_team_14/install/realsense_gazebo_plugin/share/realsense_gazebo_plugin/hook/cmake_prefix_path.sh'
[0.851s] Level 1:colcon.colcon_core.environment:checking '/home/bizare/Desktop/cw2_team_14/install/realsense_gazebo_plugin/lib'
[0.851s] Level 1:colcon.colcon_core.shell:create_environment_hook('realsense_gazebo_plugin', 'ld_library_path_lib')
[0.851s] INFO:colcon.colcon_core.shell:Creating environment hook '/home/bizare/Desktop/cw2_team_14/install/realsense_gazebo_plugin/share/realsense_gazebo_plugin/hook/ld_library_path_lib.ps1'
[0.852s] INFO:colcon.colcon_core.shell:Creating environment descriptor '/home/bizare/Desktop/cw2_team_14/install/realsense_gazebo_plugin/share/realsense_gazebo_plugin/hook/ld_library_path_lib.dsv'
[0.852s] INFO:colcon.colcon_core.shell:Creating environment hook '/home/bizare/Desktop/cw2_team_14/install/realsense_gazebo_plugin/share/realsense_gazebo_plugin/hook/ld_library_path_lib.sh'
[0.855s] Level 1:colcon.colcon_core.environment:checking '/home/bizare/Desktop/cw2_team_14/install/realsense_gazebo_plugin/bin'
[0.855s] Level 1:colcon.colcon_core.environment:checking '/home/bizare/Desktop/cw2_team_14/install/realsense_gazebo_plugin/lib/pkgconfig/realsense_gazebo_plugin.pc'
[0.855s] Level 1:colcon.colcon_core.environment:checking '/home/bizare/Desktop/cw2_team_14/install/realsense_gazebo_plugin/lib/python3.10/site-packages'
[0.855s] Level 1:colcon.colcon_core.environment:checking '/home/bizare/Desktop/cw2_team_14/install/realsense_gazebo_plugin/bin'
[0.855s] INFO:colcon.colcon_core.shell:Creating package script '/home/bizare/Desktop/cw2_team_14/install/realsense_gazebo_plugin/share/realsense_gazebo_plugin/package.ps1'
[0.856s] INFO:colcon.colcon_core.shell:Creating package descriptor '/home/bizare/Desktop/cw2_team_14/install/realsense_gazebo_plugin/share/realsense_gazebo_plugin/package.dsv'
[0.859s] INFO:colcon.colcon_core.shell:Creating package script '/home/bizare/Desktop/cw2_team_14/install/realsense_gazebo_plugin/share/realsense_gazebo_plugin/package.sh'
[0.859s] INFO:colcon.colcon_core.shell:Creating package script '/home/bizare/Desktop/cw2_team_14/install/realsense_gazebo_plugin/share/realsense_gazebo_plugin/package.bash'
[0.859s] INFO:colcon.colcon_core.shell:Creating package script '/home/bizare/Desktop/cw2_team_14/install/realsense_gazebo_plugin/share/realsense_gazebo_plugin/package.zsh'
[0.860s] Level 1:colcon.colcon_core.environment:create_file_with_runtime_dependencies(/home/bizare/Desktop/cw2_team_14/install/realsense_gazebo_plugin/share/colcon-core/packages/realsense_gazebo_plugin)
[0.863s] INFO:colcon.colcon_ros.task.ament_cmake.build:Building ROS package in '/home/bizare/Desktop/cw2_team_14/src/courseworks/panda_description' with build type 'ament_cmake'
[0.863s] INFO:colcon.colcon_cmake.task.cmake.build:Building CMake package in '/home/bizare/Desktop/cw2_team_14/src/courseworks/panda_description'
[0.863s] INFO:colcon.colcon_core.shell:Skip shell extension 'powershell' for command environment: Not usable outside of PowerShell
[0.863s] DEBUG:colcon.colcon_core.shell:Skip shell extension 'dsv' for command environment
[0.879s] DEBUG:colcon.colcon_core.event_handler.log_command:Invoking command in '/home/bizare/Desktop/cw2_team_14/build/panda_description': CMAKE_PREFIX_PATH=/opt/ros/humble /usr/bin/cmake --build /home/bizare/Desktop/cw2_team_14/build/panda_description -- -j2 -l2
[0.946s] DEBUG:colcon.colcon_core.event_handler.log_command:Invoked command in '/home/bizare/Desktop/cw2_team_14/build/panda_description' returned '0': CMAKE_PREFIX_PATH=/opt/ros/humble /usr/bin/cmake --build /home/bizare/Desktop/cw2_team_14/build/panda_description -- -j2 -l2
[0.947s] DEBUG:colcon.colcon_core.event_handler.log_command:Invoking command in '/home/bizare/Desktop/cw2_team_14/build/panda_description': CMAKE_PREFIX_PATH=/opt/ros/humble /usr/bin/cmake --install /home/bizare/Desktop/cw2_team_14/build/panda_description
[0.956s] Level 1:colcon.colcon_core.environment:create_environment_scripts_only(panda_description)
[0.956s] Level 1:colcon.colcon_core.environment:checking '/home/bizare/Desktop/cw2_team_14/install/panda_description' for CMake module files
[0.957s] Level 1:colcon.colcon_core.environment:checking '/home/bizare/Desktop/cw2_team_14/install/panda_description' for CMake config files
[0.957s] Level 1:colcon.colcon_core.shell:create_environment_hook('panda_description', 'cmake_prefix_path')
[0.957s] INFO:colcon.colcon_core.shell:Creating environment hook '/home/bizare/Desktop/cw2_team_14/install/panda_description/share/panda_description/hook/cmake_prefix_path.ps1'
[0.958s] INFO:colcon.colcon_core.shell:Creating environment descriptor '/home/bizare/Desktop/cw2_team_14/install/panda_description/share/panda_description/hook/cmake_prefix_path.dsv'
[0.961s] INFO:colcon.colcon_core.shell:Creating environment hook '/home/bizare/Desktop/cw2_team_14/install/panda_description/share/panda_description/hook/cmake_prefix_path.sh'
[0.962s] Level 1:colcon.colcon_core.environment:checking '/home/bizare/Desktop/cw2_team_14/install/panda_description/bin'
[0.962s] Level 1:colcon.colcon_core.environment:checking '/home/bizare/Desktop/cw2_team_14/install/panda_description/lib/pkgconfig/panda_description.pc'
[0.962s] Level 1:colcon.colcon_core.environment:checking '/home/bizare/Desktop/cw2_team_14/install/panda_description/lib/python3.10/site-packages'
[0.962s] Level 1:colcon.colcon_core.environment:checking '/home/bizare/Desktop/cw2_team_14/install/panda_description/bin'
[0.963s] INFO:colcon.colcon_core.shell:Creating package script '/home/bizare/Desktop/cw2_team_14/install/panda_description/share/panda_description/package.ps1'
[0.972s] INFO:colcon.colcon_core.shell:Creating package descriptor '/home/bizare/Desktop/cw2_team_14/install/panda_description/share/panda_description/package.dsv'
[0.973s] INFO:colcon.colcon_core.shell:Creating package script '/home/bizare/Desktop/cw2_team_14/install/panda_description/share/panda_description/package.sh'
[0.973s] INFO:colcon.colcon_core.shell:Creating package script '/home/bizare/Desktop/cw2_team_14/install/panda_description/share/panda_description/package.bash'
[0.973s] DEBUG:colcon.colcon_core.event_handler.log_command:Invoked command in '/home/bizare/Desktop/cw2_team_14/build/panda_description' returned '0': CMAKE_PREFIX_PATH=/opt/ros/humble /usr/bin/cmake --install /home/bizare/Desktop/cw2_team_14/build/panda_description
[0.975s] INFO:colcon.colcon_core.shell:Creating package script '/home/bizare/Desktop/cw2_team_14/install/panda_description/share/panda_description/package.zsh'
[0.975s] Level 1:colcon.colcon_core.environment:create_file_with_runtime_dependencies(/home/bizare/Desktop/cw2_team_14/install/panda_description/share/colcon-core/packages/panda_description)
[0.975s] Level 1:colcon.colcon_core.environment:create_environment_scripts_only(panda_description)
[0.976s] Level 1:colcon.colcon_core.environment:checking '/home/bizare/Desktop/cw2_team_14/install/panda_description' for CMake module files
[0.976s] Level 1:colcon.colcon_core.environment:checking '/home/bizare/Desktop/cw2_team_14/install/panda_description' for CMake config files
[0.976s] Level 1:colcon.colcon_core.shell:create_environment_hook('panda_description', 'cmake_prefix_path')
[0.979s] INFO:colcon.colcon_core.shell:Creating environment hook '/home/bizare/Desktop/cw2_team_14/install/panda_description/share/panda_description/hook/cmake_prefix_path.ps1'
[0.980s] INFO:colcon.colcon_core.shell:Creating environment descriptor '/home/bizare/Desktop/cw2_team_14/install/panda_description/share/panda_description/hook/cmake_prefix_path.dsv'
[0.984s] INFO:colcon.colcon_core.shell:Creating environment hook '/home/bizare/Desktop/cw2_team_14/install/panda_description/share/panda_description/hook/cmake_prefix_path.sh'
[0.984s] Level 1:colcon.colcon_core.environment:checking '/home/bizare/Desktop/cw2_team_14/install/panda_description/bin'
[0.984s] Level 1:colcon.colcon_core.environment:checking '/home/bizare/Desktop/cw2_team_14/install/panda_description/lib/pkgconfig/panda_description.pc'
[0.984s] Level 1:colcon.colcon_core.environment:checking '/home/bizare/Desktop/cw2_team_14/install/panda_description/lib/python3.10/site-packages'
[0.985s] Level 1:colcon.colcon_core.environment:checking '/home/bizare/Desktop/cw2_team_14/install/panda_description/bin'
[0.985s] INFO:colcon.colcon_core.shell:Creating package script '/home/bizare/Desktop/cw2_team_14/install/panda_description/share/panda_description/package.ps1'
[0.989s] INFO:colcon.colcon_core.shell:Creating package descriptor '/home/bizare/Desktop/cw2_team_14/install/panda_description/share/panda_description/package.dsv'
[0.990s] INFO:colcon.colcon_core.shell:Creating package script '/home/bizare/Desktop/cw2_team_14/install/panda_description/share/panda_description/package.sh'
[0.990s] INFO:colcon.colcon_core.shell:Creating package script '/home/bizare/Desktop/cw2_team_14/install/panda_description/share/panda_description/package.bash'
[0.992s] INFO:colcon.colcon_core.shell:Creating package script '/home/bizare/Desktop/cw2_team_14/install/panda_description/share/panda_description/package.zsh'
[0.994s] Level 1:colcon.colcon_core.environment:create_file_with_runtime_dependencies(/home/bizare/Desktop/cw2_team_14/install/panda_description/share/colcon-core/packages/panda_description)
[0.994s] INFO:colcon.colcon_ros.task.ament_cmake.build:Building ROS package in '/home/bizare/Desktop/cw2_team_14/src/courseworks/rpl_panda_with_rs' with build type 'ament_cmake'
[0.994s] INFO:colcon.colcon_cmake.task.cmake.build:Building CMake package in '/home/bizare/Desktop/cw2_team_14/src/courseworks/rpl_panda_with_rs'
[0.995s] INFO:colcon.colcon_core.shell:Skip shell extension 'powershell' for command environment: Not usable outside of PowerShell
[0.995s] DEBUG:colcon.colcon_core.shell:Skip shell extension 'dsv' for command environment
[1.035s] DEBUG:colcon.colcon_core.event_handler.log_command:Invoking command in '/home/bizare/Desktop/cw2_team_14/build/rpl_panda_with_rs': AMENT_PREFIX_PATH=/home/bizare/Desktop/cw2_team_14/install/realsense_gazebo_plugin:/home/bizare/Desktop/cw2_team_14/install/panda_moveit_config:${AMENT_PREFIX_PATH} CMAKE_PREFIX_PATH=/home/bizare/Desktop/cw2_team_14/install/realsense_gazebo_plugin:/home/bizare/Desktop/cw2_team_14/install/panda_moveit_config:/opt/ros/humble LD_LIBRARY_PATH=/home/bizare/Desktop/cw2_team_14/install/realsense_gazebo_plugin/lib:${LD_LIBRARY_PATH} /usr/bin/cmake --build /home/bizare/Desktop/cw2_team_14/build/rpl_panda_with_rs -- -j2 -l2
[1.102s] DEBUG:colcon.colcon_core.event_handler.log_command:Invoked command in '/home/bizare/Desktop/cw2_team_14/build/rpl_panda_with_rs' returned '0': AMENT_PREFIX_PATH=/home/bizare/Desktop/cw2_team_14/install/realsense_gazebo_plugin:/home/bizare/Desktop/cw2_team_14/install/panda_moveit_config:${AMENT_PREFIX_PATH} CMAKE_PREFIX_PATH=/home/bizare/Desktop/cw2_team_14/install/realsense_gazebo_plugin:/home/bizare/Desktop/cw2_team_14/install/panda_moveit_config:/opt/ros/humble LD_LIBRARY_PATH=/home/bizare/Desktop/cw2_team_14/install/realsense_gazebo_plugin/lib:${LD_LIBRARY_PATH} /usr/bin/cmake --build /home/bizare/Desktop/cw2_team_14/build/rpl_panda_with_rs -- -j2 -l2
[1.102s] DEBUG:colcon.colcon_core.event_handler.log_command:Invoking command in '/home/bizare/Desktop/cw2_team_14/build/rpl_panda_with_rs': AMENT_PREFIX_PATH=/home/bizare/Desktop/cw2_team_14/install/realsense_gazebo_plugin:/home/bizare/Desktop/cw2_team_14/install/panda_moveit_config:${AMENT_PREFIX_PATH} CMAKE_PREFIX_PATH=/home/bizare/Desktop/cw2_team_14/install/realsense_gazebo_plugin:/home/bizare/Desktop/cw2_team_14/install/panda_moveit_config:/opt/ros/humble LD_LIBRARY_PATH=/home/bizare/Desktop/cw2_team_14/install/realsense_gazebo_plugin/lib:${LD_LIBRARY_PATH} /usr/bin/cmake --install /home/bizare/Desktop/cw2_team_14/build/rpl_panda_with_rs
[1.130s] Level 1:colcon.colcon_core.environment:create_environment_scripts_only(rpl_panda_with_rs)
[1.133s] Level 1:colcon.colcon_core.environment:checking '/home/bizare/Desktop/cw2_team_14/install/rpl_panda_with_rs' for CMake module files
[1.134s] Level 1:colcon.colcon_core.environment:checking '/home/bizare/Desktop/cw2_team_14/install/rpl_panda_with_rs' for CMake config files
[1.134s] Level 1:colcon.colcon_core.shell:create_environment_hook('rpl_panda_with_rs', 'cmake_prefix_path')
[1.134s] INFO:colcon.colcon_core.shell:Creating environment hook '/home/bizare/Desktop/cw2_team_14/install/rpl_panda_with_rs/share/rpl_panda_with_rs/hook/cmake_prefix_path.ps1'
[1.131s] DEBUG:colcon.colcon_core.event_handler.log_command:Invoked command in '/home/bizare/Desktop/cw2_team_14/build/rpl_panda_with_rs' returned '0': AMENT_PREFIX_PATH=/home/bizare/Desktop/cw2_team_14/install/realsense_gazebo_plugin:/home/bizare/Desktop/cw2_team_14/install/panda_moveit_config:${AMENT_PREFIX_PATH} CMAKE_PREFIX_PATH=/home/bizare/Desktop/cw2_team_14/install/realsense_gazebo_plugin:/home/bizare/Desktop/cw2_team_14/install/panda_moveit_config:/opt/ros/humble LD_LIBRARY_PATH=/home/bizare/Desktop/cw2_team_14/install/realsense_gazebo_plugin/lib:${LD_LIBRARY_PATH} /usr/bin/cmake --install /home/bizare/Desktop/cw2_team_14/build/rpl_panda_with_rs
[1.138s] INFO:colcon.colcon_core.shell:Creating environment descriptor '/home/bizare/Desktop/cw2_team_14/install/rpl_panda_with_rs/share/rpl_panda_with_rs/hook/cmake_prefix_path.dsv'
[1.139s] INFO:colcon.colcon_core.shell:Creating environment hook '/home/bizare/Desktop/cw2_team_14/install/rpl_panda_with_rs/share/rpl_panda_with_rs/hook/cmake_prefix_path.sh'
[1.139s] Level 1:colcon.colcon_core.environment:checking '/home/bizare/Desktop/cw2_team_14/install/rpl_panda_with_rs/lib'
[1.139s] Level 1:colcon.colcon_core.environment:checking '/home/bizare/Desktop/cw2_team_14/install/rpl_panda_with_rs/bin'
[1.139s] Level 1:colcon.colcon_core.environment:checking '/home/bizare/Desktop/cw2_team_14/install/rpl_panda_with_rs/lib/pkgconfig/rpl_panda_with_rs.pc'
[1.139s] Level 1:colcon.colcon_core.environment:checking '/home/bizare/Desktop/cw2_team_14/install/rpl_panda_with_rs/lib/python3.10/site-packages'
[1.140s] Level 1:colcon.colcon_core.environment:checking '/home/bizare/Desktop/cw2_team_14/install/rpl_panda_with_rs/bin'
[1.145s] INFO:colcon.colcon_core.shell:Creating package script '/home/bizare/Desktop/cw2_team_14/install/rpl_panda_with_rs/share/rpl_panda_with_rs/package.ps1'
[1.145s] INFO:colcon.colcon_core.shell:Creating package descriptor '/home/bizare/Desktop/cw2_team_14/install/rpl_panda_with_rs/share/rpl_panda_with_rs/package.dsv'
[1.146s] INFO:colcon.colcon_core.shell:Creating package script '/home/bizare/Desktop/cw2_team_14/install/rpl_panda_with_rs/share/rpl_panda_with_rs/package.sh'
[1.148s] INFO:colcon.colcon_core.shell:Creating package script '/home/bizare/Desktop/cw2_team_14/install/rpl_panda_with_rs/share/rpl_panda_with_rs/package.bash'
[1.149s] INFO:colcon.colcon_core.shell:Creating package script '/home/bizare/Desktop/cw2_team_14/install/rpl_panda_with_rs/share/rpl_panda_with_rs/package.zsh'
[1.149s] Level 1:colcon.colcon_core.environment:create_file_with_runtime_dependencies(/home/bizare/Desktop/cw2_team_14/install/rpl_panda_with_rs/share/colcon-core/packages/rpl_panda_with_rs)
[1.150s] Level 1:colcon.colcon_core.environment:create_environment_scripts_only(rpl_panda_with_rs)
[1.155s] Level 1:colcon.colcon_core.environment:checking '/home/bizare/Desktop/cw2_team_14/install/rpl_panda_with_rs' for CMake module files
[1.155s] Level 1:colcon.colcon_core.environment:checking '/home/bizare/Desktop/cw2_team_14/install/rpl_panda_with_rs' for CMake config files
[1.155s] Level 1:colcon.colcon_core.shell:create_environment_hook('rpl_panda_with_rs', 'cmake_prefix_path')
[1.155s] INFO:colcon.colcon_core.shell:Creating environment hook '/home/bizare/Desktop/cw2_team_14/install/rpl_panda_with_rs/share/rpl_panda_with_rs/hook/cmake_prefix_path.ps1'
[1.160s] INFO:colcon.colcon_core.shell:Creating environment descriptor '/home/bizare/Desktop/cw2_team_14/install/rpl_panda_with_rs/share/rpl_panda_with_rs/hook/cmake_prefix_path.dsv'
[1.160s] INFO:colcon.colcon_core.shell:Creating environment hook '/home/bizare/Desktop/cw2_team_14/install/rpl_panda_with_rs/share/rpl_panda_with_rs/hook/cmake_prefix_path.sh'
[1.160s] Level 1:colcon.colcon_core.environment:checking '/home/bizare/Desktop/cw2_team_14/install/rpl_panda_with_rs/lib'
[1.161s] Level 1:colcon.colcon_core.environment:checking '/home/bizare/Desktop/cw2_team_14/install/rpl_panda_with_rs/bin'
[1.161s] Level 1:colcon.colcon_core.environment:checking '/home/bizare/Desktop/cw2_team_14/install/rpl_panda_with_rs/lib/pkgconfig/rpl_panda_with_rs.pc'
[1.161s] Level 1:colcon.colcon_core.environment:checking '/home/bizare/Desktop/cw2_team_14/install/rpl_panda_with_rs/lib/python3.10/site-packages'
[1.161s] Level 1:colcon.colcon_core.environment:checking '/home/bizare/Desktop/cw2_team_14/install/rpl_panda_with_rs/bin'
[1.161s] INFO:colcon.colcon_core.shell:Creating package script '/home/bizare/Desktop/cw2_team_14/install/rpl_panda_with_rs/share/rpl_panda_with_rs/package.ps1'
[1.168s] INFO:colcon.colcon_core.shell:Creating package descriptor '/home/bizare/Desktop/cw2_team_14/install/rpl_panda_with_rs/share/rpl_panda_with_rs/package.dsv'
[1.169s] INFO:colcon.colcon_core.shell:Creating package script '/home/bizare/Desktop/cw2_team_14/install/rpl_panda_with_rs/share/rpl_panda_with_rs/package.sh'
[1.169s] INFO:colcon.colcon_core.shell:Creating package script '/home/bizare/Desktop/cw2_team_14/install/rpl_panda_with_rs/share/rpl_panda_with_rs/package.bash'
[1.169s] INFO:colcon.colcon_core.shell:Creating package script '/home/bizare/Desktop/cw2_team_14/install/rpl_panda_with_rs/share/rpl_panda_with_rs/package.zsh'
[1.170s] Level 1:colcon.colcon_core.environment:create_file_with_runtime_dependencies(/home/bizare/Desktop/cw2_team_14/install/rpl_panda_with_rs/share/colcon-core/packages/rpl_panda_with_rs)
[1.433s] DEBUG:colcon.colcon_core.event_handler.log_command:Invoked command in '/home/bizare/Desktop/cw2_team_14/build/cw2_world_spawner' returned '0': CMAKE_PREFIX_PATH=/opt/ros/humble /usr/bin/cmake --build /home/bizare/Desktop/cw2_team_14/build/cw2_world_spawner -- -j2 -l2
[1.437s] DEBUG:colcon.colcon_core.event_handler.log_command:Invoking command in '/home/bizare/Desktop/cw2_team_14/build/cw2_world_spawner': CMAKE_PREFIX_PATH=/opt/ros/humble /usr/bin/cmake --install /home/bizare/Desktop/cw2_team_14/build/cw2_world_spawner
[1.559s] Level 1:colcon.colcon_core.environment:create_environment_scripts_only(cw2_world_spawner)
[1.560s] Level 1:colcon.colcon_core.environment:checking '/home/bizare/Desktop/cw2_team_14/install/cw2_world_spawner' for CMake module files
[1.560s] Level 1:colcon.colcon_core.environment:checking '/home/bizare/Desktop/cw2_team_14/install/cw2_world_spawner' for CMake config files
[1.560s] Level 1:colcon.colcon_core.shell:create_environment_hook('cw2_world_spawner', 'cmake_prefix_path')
[1.561s] INFO:colcon.colcon_core.shell:Creating environment hook '/home/bizare/Desktop/cw2_team_14/install/cw2_world_spawner/share/cw2_world_spawner/hook/cmake_prefix_path.ps1'
[1.561s] DEBUG:colcon.colcon_core.event_handler.log_command:Invoked command in '/home/bizare/Desktop/cw2_team_14/build/cw2_world_spawner' returned '0': CMAKE_PREFIX_PATH=/opt/ros/humble /usr/bin/cmake --install /home/bizare/Desktop/cw2_team_14/build/cw2_world_spawner
[1.561s] INFO:colcon.colcon_core.shell:Creating environment descriptor '/home/bizare/Desktop/cw2_team_14/install/cw2_world_spawner/share/cw2_world_spawner/hook/cmake_prefix_path.dsv'
[1.562s] INFO:colcon.colcon_core.shell:Creating environment hook '/home/bizare/Desktop/cw2_team_14/install/cw2_world_spawner/share/cw2_world_spawner/hook/cmake_prefix_path.sh'
[1.562s] Level 1:colcon.colcon_core.environment:checking '/home/bizare/Desktop/cw2_team_14/install/cw2_world_spawner/lib'
[1.562s] Level 1:colcon.colcon_core.shell:create_environment_hook('cw2_world_spawner', 'ld_library_path_lib')
[1.563s] INFO:colcon.colcon_core.shell:Creating environment hook '/home/bizare/Desktop/cw2_team_14/install/cw2_world_spawner/share/cw2_world_spawner/hook/ld_library_path_lib.ps1'
[1.563s] INFO:colcon.colcon_core.shell:Creating environment descriptor '/home/bizare/Desktop/cw2_team_14/install/cw2_world_spawner/share/cw2_world_spawner/hook/ld_library_path_lib.dsv'
[1.563s] INFO:colcon.colcon_core.shell:Creating environment hook '/home/bizare/Desktop/cw2_team_14/install/cw2_world_spawner/share/cw2_world_spawner/hook/ld_library_path_lib.sh'
[1.564s] Level 1:colcon.colcon_core.environment:checking '/home/bizare/Desktop/cw2_team_14/install/cw2_world_spawner/bin'
[1.564s] Level 1:colcon.colcon_core.environment:checking '/home/bizare/Desktop/cw2_team_14/install/cw2_world_spawner/lib/pkgconfig/cw2_world_spawner.pc'
[1.564s] Level 1:colcon.colcon_core.environment:checking '/home/bizare/Desktop/cw2_team_14/install/cw2_world_spawner/lib/python3.10/site-packages'
[1.564s] Level 1:colcon.colcon_core.environment:checking '/home/bizare/Desktop/cw2_team_14/install/cw2_world_spawner/bin'
[1.564s] INFO:colcon.colcon_core.shell:Creating package script '/home/bizare/Desktop/cw2_team_14/install/cw2_world_spawner/share/cw2_world_spawner/package.ps1'
[1.565s] INFO:colcon.colcon_core.shell:Creating package descriptor '/home/bizare/Desktop/cw2_team_14/install/cw2_world_spawner/share/cw2_world_spawner/package.dsv'
[1.565s] INFO:colcon.colcon_core.shell:Creating package script '/home/bizare/Desktop/cw2_team_14/install/cw2_world_spawner/share/cw2_world_spawner/package.sh'
[1.566s] INFO:colcon.colcon_core.shell:Creating package script '/home/bizare/Desktop/cw2_team_14/install/cw2_world_spawner/share/cw2_world_spawner/package.bash'
[1.566s] INFO:colcon.colcon_core.shell:Creating package script '/home/bizare/Desktop/cw2_team_14/install/cw2_world_spawner/share/cw2_world_spawner/package.zsh'
[1.566s] Level 1:colcon.colcon_core.environment:create_file_with_runtime_dependencies(/home/bizare/Desktop/cw2_team_14/install/cw2_world_spawner/share/colcon-core/packages/cw2_world_spawner)
[1.567s] Level 1:colcon.colcon_core.environment:create_environment_scripts_only(cw2_world_spawner)
[1.567s] Level 1:colcon.colcon_core.environment:checking '/home/bizare/Desktop/cw2_team_14/install/cw2_world_spawner' for CMake module files
[1.568s] Level 1:colcon.colcon_core.environment:checking '/home/bizare/Desktop/cw2_team_14/install/cw2_world_spawner' for CMake config files
[1.568s] Level 1:colcon.colcon_core.shell:create_environment_hook('cw2_world_spawner', 'cmake_prefix_path')
[1.568s] INFO:colcon.colcon_core.shell:Creating environment hook '/home/bizare/Desktop/cw2_team_14/install/cw2_world_spawner/share/cw2_world_spawner/hook/cmake_prefix_path.ps1'
[1.568s] INFO:colcon.colcon_core.shell:Creating environment descriptor '/home/bizare/Desktop/cw2_team_14/install/cw2_world_spawner/share/cw2_world_spawner/hook/cmake_prefix_path.dsv'
[1.569s] INFO:colcon.colcon_core.shell:Creating environment hook '/home/bizare/Desktop/cw2_team_14/install/cw2_world_spawner/share/cw2_world_spawner/hook/cmake_prefix_path.sh'
[1.569s] Level 1:colcon.colcon_core.environment:checking '/home/bizare/Desktop/cw2_team_14/install/cw2_world_spawner/lib'
[1.569s] Level 1:colcon.colcon_core.shell:create_environment_hook('cw2_world_spawner', 'ld_library_path_lib')
[1.570s] INFO:colcon.colcon_core.shell:Creating environment hook '/home/bizare/Desktop/cw2_team_14/install/cw2_world_spawner/share/cw2_world_spawner/hook/ld_library_path_lib.ps1'
[1.570s] INFO:colcon.colcon_core.shell:Creating environment descriptor '/home/bizare/Desktop/cw2_team_14/install/cw2_world_spawner/share/cw2_world_spawner/hook/ld_library_path_lib.dsv'
[1.570s] INFO:colcon.colcon_core.shell:Creating environment hook '/home/bizare/Desktop/cw2_team_14/install/cw2_world_spawner/share/cw2_world_spawner/hook/ld_library_path_lib.sh'
[1.571s] Level 1:colcon.colcon_core.environment:checking '/home/bizare/Desktop/cw2_team_14/install/cw2_world_spawner/bin'
[1.571s] Level 1:colcon.colcon_core.environment:checking '/home/bizare/Desktop/cw2_team_14/install/cw2_world_spawner/lib/pkgconfig/cw2_world_spawner.pc'
[1.571s] Level 1:colcon.colcon_core.environment:checking '/home/bizare/Desktop/cw2_team_14/install/cw2_world_spawner/lib/python3.10/site-packages'
[1.571s] Level 1:colcon.colcon_core.environment:checking '/home/bizare/Desktop/cw2_team_14/install/cw2_world_spawner/bin'
[1.571s] INFO:colcon.colcon_core.shell:Creating package script '/home/bizare/Desktop/cw2_team_14/install/cw2_world_spawner/share/cw2_world_spawner/package.ps1'
[1.572s] INFO:colcon.colcon_core.shell:Creating package descriptor '/home/bizare/Desktop/cw2_team_14/install/cw2_world_spawner/share/cw2_world_spawner/package.dsv'
[1.572s] INFO:colcon.colcon_core.shell:Creating package script '/home/bizare/Desktop/cw2_team_14/install/cw2_world_spawner/share/cw2_world_spawner/package.sh'
[1.573s] INFO:colcon.colcon_core.shell:Creating package script '/home/bizare/Desktop/cw2_team_14/install/cw2_world_spawner/share/cw2_world_spawner/package.bash'
[1.573s] INFO:colcon.colcon_core.shell:Creating package script '/home/bizare/Desktop/cw2_team_14/install/cw2_world_spawner/share/cw2_world_spawner/package.zsh'
[1.574s] Level 1:colcon.colcon_core.environment:create_file_with_runtime_dependencies(/home/bizare/Desktop/cw2_team_14/install/cw2_world_spawner/share/colcon-core/packages/cw2_world_spawner)
[1.574s] INFO:colcon.colcon_ros.task.ament_cmake.build:Building ROS package in '/home/bizare/Desktop/cw2_team_14/src/courseworks/cw2_team_14' with build type 'ament_cmake'
[1.575s] INFO:colcon.colcon_cmake.task.cmake.build:Building CMake package in '/home/bizare/Desktop/cw2_team_14/src/courseworks/cw2_team_14'
[1.575s] INFO:colcon.colcon_core.shell:Skip shell extension 'powershell' for command environment: Not usable outside of PowerShell
[1.575s] DEBUG:colcon.colcon_core.shell:Skip shell extension 'dsv' for command environment
[1.583s] DEBUG:colcon.colcon_core.event_handler.log_command:Invoking command in '/home/bizare/Desktop/cw2_team_14/build/cw2_team_14': AMENT_PREFIX_PATH=/home/bizare/Desktop/cw2_team_14/install/cw2_world_spawner:${AMENT_PREFIX_PATH} CMAKE_PREFIX_PATH=/home/bizare/Desktop/cw2_team_14/install/cw2_world_spawner:/opt/ros/humble LD_LIBRARY_PATH=/home/bizare/Desktop/cw2_team_14/install/cw2_world_spawner/lib:${LD_LIBRARY_PATH} PYTHONPATH=/home/bizare/Desktop/cw2_team_14/install/cw2_world_spawner/local/lib/python3.10/dist-packages:${PYTHONPATH} /usr/bin/cmake --build /home/bizare/Desktop/cw2_team_14/build/cw2_team_14 -- -j2 -l2
[21.131s] DEBUG:colcon.colcon_core.event_handler.log_command:Invoked command in '/home/bizare/Desktop/cw2_team_14/build/cw2_team_14' returned '0': AMENT_PREFIX_PATH=/home/bizare/Desktop/cw2_team_14/install/cw2_world_spawner:${AMENT_PREFIX_PATH} CMAKE_PREFIX_PATH=/home/bizare/Desktop/cw2_team_14/install/cw2_world_spawner:/opt/ros/humble LD_LIBRARY_PATH=/home/bizare/Desktop/cw2_team_14/install/cw2_world_spawner/lib:${LD_LIBRARY_PATH} PYTHONPATH=/home/bizare/Desktop/cw2_team_14/install/cw2_world_spawner/local/lib/python3.10/dist-packages:${PYTHONPATH} /usr/bin/cmake --build /home/bizare/Desktop/cw2_team_14/build/cw2_team_14 -- -j2 -l2
[21.134s] DEBUG:colcon.colcon_core.event_handler.log_command:Invoking command in '/home/bizare/Desktop/cw2_team_14/build/cw2_team_14': AMENT_PREFIX_PATH=/home/bizare/Desktop/cw2_team_14/install/cw2_world_spawner:${AMENT_PREFIX_PATH} CMAKE_PREFIX_PATH=/home/bizare/Desktop/cw2_team_14/install/cw2_world_spawner:/opt/ros/humble LD_LIBRARY_PATH=/home/bizare/Desktop/cw2_team_14/install/cw2_world_spawner/lib:${LD_LIBRARY_PATH} PYTHONPATH=/home/bizare/Desktop/cw2_team_14/install/cw2_world_spawner/local/lib/python3.10/dist-packages:${PYTHONPATH} /usr/bin/cmake --install /home/bizare/Desktop/cw2_team_14/build/cw2_team_14
[21.215s] Level 1:colcon.colcon_core.environment:create_environment_scripts_only(cw2_team_14)
[21.215s] Level 1:colcon.colcon_core.environment:checking '/home/bizare/Desktop/cw2_team_14/install/cw2_team_14' for CMake module files
[21.217s] Level 1:colcon.colcon_core.environment:checking '/home/bizare/Desktop/cw2_team_14/install/cw2_team_14' for CMake config files
[21.218s] DEBUG:colcon.colcon_core.event_handler.log_command:Invoked command in '/home/bizare/Desktop/cw2_team_14/build/cw2_team_14' returned '0': AMENT_PREFIX_PATH=/home/bizare/Desktop/cw2_team_14/install/cw2_world_spawner:${AMENT_PREFIX_PATH} CMAKE_PREFIX_PATH=/home/bizare/Desktop/cw2_team_14/install/cw2_world_spawner:/opt/ros/humble LD_LIBRARY_PATH=/home/bizare/Desktop/cw2_team_14/install/cw2_world_spawner/lib:${LD_LIBRARY_PATH} PYTHONPATH=/home/bizare/Desktop/cw2_team_14/install/cw2_world_spawner/local/lib/python3.10/dist-packages:${PYTHONPATH} /usr/bin/cmake --install /home/bizare/Desktop/cw2_team_14/build/cw2_team_14
[21.218s] Level 1:colcon.colcon_core.shell:create_environment_hook('cw2_team_14', 'cmake_prefix_path')
[21.218s] INFO:colcon.colcon_core.shell:Creating environment hook '/home/bizare/Desktop/cw2_team_14/install/cw2_team_14/share/cw2_team_14/hook/cmake_prefix_path.ps1'
[21.219s] INFO:colcon.colcon_core.shell:Creating environment descriptor '/home/bizare/Desktop/cw2_team_14/install/cw2_team_14/share/cw2_team_14/hook/cmake_prefix_path.dsv'
[21.219s] INFO:colcon.colcon_core.shell:Creating environment hook '/home/bizare/Desktop/cw2_team_14/install/cw2_team_14/share/cw2_team_14/hook/cmake_prefix_path.sh'
[21.220s] Level 1:colcon.colcon_core.environment:checking '/home/bizare/Desktop/cw2_team_14/install/cw2_team_14/lib'
[21.220s] Level 1:colcon.colcon_core.shell:create_environment_hook('cw2_team_14', 'ld_library_path_lib')
[21.220s] INFO:colcon.colcon_core.shell:Creating environment hook '/home/bizare/Desktop/cw2_team_14/install/cw2_team_14/share/cw2_team_14/hook/ld_library_path_lib.ps1'
[21.221s] INFO:colcon.colcon_core.shell:Creating environment descriptor '/home/bizare/Desktop/cw2_team_14/install/cw2_team_14/share/cw2_team_14/hook/ld_library_path_lib.dsv'
[21.221s] INFO:colcon.colcon_core.shell:Creating environment hook '/home/bizare/Desktop/cw2_team_14/install/cw2_team_14/share/cw2_team_14/hook/ld_library_path_lib.sh'
[21.222s] Level 1:colcon.colcon_core.environment:checking '/home/bizare/Desktop/cw2_team_14/install/cw2_team_14/bin'
[21.222s] Level 1:colcon.colcon_core.environment:checking '/home/bizare/Desktop/cw2_team_14/install/cw2_team_14/lib/pkgconfig/cw2_team_14.pc'
[21.222s] Level 1:colcon.colcon_core.environment:checking '/home/bizare/Desktop/cw2_team_14/install/cw2_team_14/lib/python3.10/site-packages'
[21.222s] Level 1:colcon.colcon_core.environment:checking '/home/bizare/Desktop/cw2_team_14/install/cw2_team_14/bin'
[21.223s] INFO:colcon.colcon_core.shell:Creating package script '/home/bizare/Desktop/cw2_team_14/install/cw2_team_14/share/cw2_team_14/package.ps1'
[21.223s] INFO:colcon.colcon_core.shell:Creating package descriptor '/home/bizare/Desktop/cw2_team_14/install/cw2_team_14/share/cw2_team_14/package.dsv'
[21.224s] INFO:colcon.colcon_core.shell:Creating package script '/home/bizare/Desktop/cw2_team_14/install/cw2_team_14/share/cw2_team_14/package.sh'
[21.224s] INFO:colcon.colcon_core.shell:Creating package script '/home/bizare/Desktop/cw2_team_14/install/cw2_team_14/share/cw2_team_14/package.bash'
[21.224s] INFO:colcon.colcon_core.shell:Creating package script '/home/bizare/Desktop/cw2_team_14/install/cw2_team_14/share/cw2_team_14/package.zsh'
[21.225s] Level 1:colcon.colcon_core.environment:create_file_with_runtime_dependencies(/home/bizare/Desktop/cw2_team_14/install/cw2_team_14/share/colcon-core/packages/cw2_team_14)
[21.225s] Level 1:colcon.colcon_core.environment:create_environment_scripts_only(cw2_team_14)
[21.226s] Level 1:colcon.colcon_core.environment:checking '/home/bizare/Desktop/cw2_team_14/install/cw2_team_14' for CMake module files
[21.226s] Level 1:colcon.colcon_core.environment:checking '/home/bizare/Desktop/cw2_team_14/install/cw2_team_14' for CMake config files
[21.227s] Level 1:colcon.colcon_core.shell:create_environment_hook('cw2_team_14', 'cmake_prefix_path')
[21.227s] INFO:colcon.colcon_core.shell:Creating environment hook '/home/bizare/Desktop/cw2_team_14/install/cw2_team_14/share/cw2_team_14/hook/cmake_prefix_path.ps1'
[21.227s] INFO:colcon.colcon_core.shell:Creating environment descriptor '/home/bizare/Desktop/cw2_team_14/install/cw2_team_14/share/cw2_team_14/hook/cmake_prefix_path.dsv'
[21.228s] INFO:colcon.colcon_core.shell:Creating environment hook '/home/bizare/Desktop/cw2_team_14/install/cw2_team_14/share/cw2_team_14/hook/cmake_prefix_path.sh'
[21.228s] Level 1:colcon.colcon_core.environment:checking '/home/bizare/Desktop/cw2_team_14/install/cw2_team_14/lib'
[21.228s] Level 1:colcon.colcon_core.shell:create_environment_hook('cw2_team_14', 'ld_library_path_lib')
[21.228s] INFO:colcon.colcon_core.shell:Creating environment hook '/home/bizare/Desktop/cw2_team_14/install/cw2_team_14/share/cw2_team_14/hook/ld_library_path_lib.ps1'
[21.229s] INFO:colcon.colcon_core.shell:Creating environment descriptor '/home/bizare/Desktop/cw2_team_14/install/cw2_team_14/share/cw2_team_14/hook/ld_library_path_lib.dsv'
[21.229s] INFO:colcon.colcon_core.shell:Creating environment hook '/home/bizare/Desktop/cw2_team_14/install/cw2_team_14/share/cw2_team_14/hook/ld_library_path_lib.sh'
[21.230s] Level 1:colcon.colcon_core.environment:checking '/home/bizare/Desktop/cw2_team_14/install/cw2_team_14/bin'
[21.230s] Level 1:colcon.colcon_core.environment:checking '/home/bizare/Desktop/cw2_team_14/install/cw2_team_14/lib/pkgconfig/cw2_team_14.pc'
[21.230s] Level 1:colcon.colcon_core.environment:checking '/home/bizare/Desktop/cw2_team_14/install/cw2_team_14/lib/python3.10/site-packages'
[21.230s] Level 1:colcon.colcon_core.environment:checking '/home/bizare/Desktop/cw2_team_14/install/cw2_team_14/bin'
[21.231s] INFO:colcon.colcon_core.shell:Creating package script '/home/bizare/Desktop/cw2_team_14/install/cw2_team_14/share/cw2_team_14/package.ps1'
[21.231s] INFO:colcon.colcon_core.shell:Creating package descriptor '/home/bizare/Desktop/cw2_team_14/install/cw2_team_14/share/cw2_team_14/package.dsv'
[21.232s] INFO:colcon.colcon_core.shell:Creating package script '/home/bizare/Desktop/cw2_team_14/install/cw2_team_14/share/cw2_team_14/package.sh'
[21.233s] INFO:colcon.colcon_core.shell:Creating package script '/home/bizare/Desktop/cw2_team_14/install/cw2_team_14/share/cw2_team_14/package.bash'
[21.233s] INFO:colcon.colcon_core.shell:Creating package script '/home/bizare/Desktop/cw2_team_14/install/cw2_team_14/share/cw2_team_14/package.zsh'
[21.234s] Level 1:colcon.colcon_core.environment:create_file_with_runtime_dependencies(/home/bizare/Desktop/cw2_team_14/install/cw2_team_14/share/colcon-core/packages/cw2_team_14)
[21.234s] DEBUG:colcon.colcon_parallel_executor.executor.parallel:closing loop
[21.235s] DEBUG:colcon.colcon_parallel_executor.executor.parallel:loop closed
[21.235s] DEBUG:colcon.colcon_parallel_executor.executor.parallel:run_until_complete finished with '0'
[21.235s] DEBUG:colcon.colcon_core.event_reactor:joining thread
[21.244s] INFO:colcon.colcon_core.plugin_system:Skipping extension 'colcon_notification.desktop_notification.terminal_notifier': Not used on non-Darwin systems
[21.244s] INFO:colcon.colcon_core.plugin_system:Skipping extension 'colcon_notification.desktop_notification.win32': Not used on non-Windows systems
[21.244s] INFO:colcon.colcon_notification.desktop_notification:Sending desktop notification using 'notify2'
[21.265s] DEBUG:colcon.colcon_core.event_reactor:joined thread
[21.265s] INFO:colcon.colcon_core.shell:Creating prefix script '/home/bizare/Desktop/cw2_team_14/install/local_setup.ps1'
[21.266s] INFO:colcon.colcon_core.shell:Creating prefix util module '/home/bizare/Desktop/cw2_team_14/install/_local_setup_util_ps1.py'
[21.268s] INFO:colcon.colcon_core.shell:Creating prefix chain script '/home/bizare/Desktop/cw2_team_14/install/setup.ps1'
[21.269s] INFO:colcon.colcon_core.shell:Creating prefix script '/home/bizare/Desktop/cw2_team_14/install/local_setup.sh'
[21.270s] INFO:colcon.colcon_core.shell:Creating prefix util module '/home/bizare/Desktop/cw2_team_14/install/_local_setup_util_sh.py'
[21.271s] INFO:colcon.colcon_core.shell:Creating prefix chain script '/home/bizare/Desktop/cw2_team_14/install/setup.sh'
[21.272s] INFO:colcon.colcon_core.shell:Creating prefix script '/home/bizare/Desktop/cw2_team_14/install/local_setup.bash'
[21.272s] INFO:colcon.colcon_core.shell:Creating prefix chain script '/home/bizare/Desktop/cw2_team_14/install/setup.bash'
[21.274s] INFO:colcon.colcon_core.shell:Creating prefix script '/home/bizare/Desktop/cw2_team_14/install/local_setup.zsh'
[21.276s] INFO:colcon.colcon_core.shell:Creating prefix chain script '/home/bizare/Desktop/cw2_team_14/install/setup.zsh'
