[0.012s] Invoking command in '/home/ethan/COMP0250/cw2_team_14/build/realsense_gazebo_plugin': CMAKE_PREFIX_PATH=/opt/ros/humble /usr/bin/cmake /home/ethan/COMP0250/cw2_team_14/src/courseworks/realsense_gazebo_plugin -DCMAKE_INSTALL_PREFIX=/home/ethan/COMP0250/cw2_team_14/install/realsense_gazebo_plugin
[0.059s] -- The C compiler identification is GNU 11.4.0
[0.106s] -- The CXX compiler identification is GNU 11.4.0
[0.112s] -- Detecting C compiler ABI info
[0.170s] -- Detecting C compiler ABI info - done
[0.175s] -- Check for working C compiler: /usr/bin/cc - skipped
[0.175s] -- Detecting C compile features
[0.175s] -- Detecting C compile features - done
[0.177s] -- Detecting CXX compiler ABI info
[0.247s] -- Detecting CXX compiler ABI info - done
[0.252s] -- Check for working CXX compiler: /usr/bin/c++ - skipped
[0.252s] -- Detecting CXX compile features
[0.252s] -- Detecting CXX compile features - done
[0.255s] -- Found ament_cmake: 1.3.14 (/opt/ros/humble/share/ament_cmake/cmake)
[0.345s] -- Found Python3: /usr/bin/python3 (found version "3.10.12") found components: Interpreter 
[0.395s] -- Found rclcpp: 16.0.19 (/opt/ros/humble/share/rclcpp/cmake)
[0.420s] -- Found rosidl_generator_c: 3.1.8 (/opt/ros/humble/share/rosidl_generator_c/cmake)
[0.423s] -- Found rosidl_adapter: 3.1.8 (/opt/ros/humble/share/rosidl_adapter/cmake)
[0.428s] -- Found rosidl_generator_cpp: 3.1.8 (/opt/ros/humble/share/rosidl_generator_cpp/cmake)
[0.435s] -- Using all available rosidl_typesupport_c: rosidl_typesupport_fastrtps_c;rosidl_typesupport_introspection_c
[0.443s] -- Using all available rosidl_typesupport_cpp: rosidl_typesupport_fastrtps_cpp;rosidl_typesupport_introspection_cpp
[0.467s] -- Found rmw_implementation_cmake: 6.1.2 (/opt/ros/humble/share/rmw_implementation_cmake/cmake)
[0.468s] -- Found rmw_fastrtps_cpp: 6.2.10 (/opt/ros/humble/share/rmw_fastrtps_cpp/cmake)
[0.526s] -- Found OpenSSL: /usr/lib/x86_64-linux-gnu/libcrypto.so (found version "3.0.2")  
[0.544s] -- Found FastRTPS: /opt/ros/humble/include  
[0.572s] -- Using RMW implementation 'rmw_fastrtps_cpp' as default
[0.576s] -- Looking for pthread.h
[0.624s] -- Looking for pthread.h - found
[0.625s] -- Performing Test CMAKE_HAVE_LIBC_PTHREAD
[0.673s] -- Performing Test CMAKE_HAVE_LIBC_PTHREAD - Success
[0.674s] -- Found Threads: TRUE  
[0.705s] -- Found gazebo_ros: 3.9.0 (/opt/ros/humble/share/gazebo_ros/cmake)
[0.713s] -- Found PkgConfig: /usr/bin/pkg-config (found version "0.29.2") 
[0.714s] -- Checking for module 'bullet>=2.82'
[0.725s] --   Found bullet, version 3.05
[0.817s] -- Found fcl: /usr/include (found suitable version "0.7.0", minimum required is "0.5.0") 
[0.859s] -- Found assimp: /usr/include (found version "5.2.0") 
[0.871s] -- Found DART: /usr/include (Required is at least version "6.6") found components: dart 
[0.889s] -- Found Boost: /usr/lib/x86_64-linux-gnu/cmake/Boost-1.74.0/BoostConfig.cmake (found suitable version "1.74.0", minimum required is "1.40.0") found components: thread system filesystem program_options regex iostreams date_time 
[0.902s] -- Found Protobuf: /usr/lib/x86_64-linux-gnu/libprotobuf.so (found version "3.12.4") 
[0.907s] -- Looking for ignition-math6 -- found version 6.15.1
[0.913s] -- Searching for dependencies of ignition-math6
[0.915s] -- Looking for OGRE...
[0.915s] -- OGRE_PREFIX_WATCH changed.
[0.919s] -- Checking for module 'OGRE'
[0.930s] --   Found OGRE, version 1.9.0
[0.960s] -- Found Ogre Ghadamon (1.9.0)
[0.965s] -- Found OGRE: optimized;/usr/lib/x86_64-linux-gnu/libOgreMain.so;debug;/usr/lib/x86_64-linux-gnu/libOgreMain.so
[0.970s] -- Looking for OGRE_Paging...
[0.973s] -- Found OGRE_Paging: optimized;/usr/lib/x86_64-linux-gnu/libOgrePaging.so;debug;/usr/lib/x86_64-linux-gnu/libOgrePaging.so
[0.973s] -- Looking for OGRE_Terrain...
[0.976s] -- Found OGRE_Terrain: optimized;/usr/lib/x86_64-linux-gnu/libOgreTerrain.so;debug;/usr/lib/x86_64-linux-gnu/libOgreTerrain.so
[0.976s] -- Looking for OGRE_Property...
[0.979s] -- Found OGRE_Property: optimized;/usr/lib/x86_64-linux-gnu/libOgreProperty.so;debug;/usr/lib/x86_64-linux-gnu/libOgreProperty.so
[0.979s] -- Looking for OGRE_RTShaderSystem...
[0.982s] -- Found OGRE_RTShaderSystem: optimized;/usr/lib/x86_64-linux-gnu/libOgreRTShaderSystem.so;debug;/usr/lib/x86_64-linux-gnu/libOgreRTShaderSystem.so
[0.982s] -- Looking for OGRE_Volume...
[0.985s] -- Found OGRE_Volume: optimized;/usr/lib/x86_64-linux-gnu/libOgreVolume.so;debug;/usr/lib/x86_64-linux-gnu/libOgreVolume.so
[0.985s] -- Looking for OGRE_Overlay...
[0.987s] -- Found OGRE_Overlay: optimized;/usr/lib/x86_64-linux-gnu/libOgreOverlay.so;debug;/usr/lib/x86_64-linux-gnu/libOgreOverlay.so
[1.046s] -- Looking for ignition-math6 -- found version 6.15.1
[1.048s] -- Looking for ignition-transport8 -- found version 8.2.1
[1.048s] -- Searching for dependencies of ignition-transport8
[1.060s] -- Found Protobuf: /usr/lib/x86_64-linux-gnu/libprotobuf.so (found suitable version "3.12.4", minimum required is "3") 
[1.068s] -- Config-file not installed for ZeroMQ -- checking for pkg-config
[1.072s] -- Checking for module 'libzmq >= 4'
[1.085s] --   Found libzmq , version 4.3.4
[1.117s] -- Found ZeroMQ: TRUE (Required is at least version "4") 
[1.122s] -- Checking for module 'uuid'
[1.133s] --   Found uuid, version 2.37.2
[1.161s] -- Found UUID: TRUE  
[1.164s] -- Looking for ignition-msgs5 -- found version 5.8.1
[1.164s] -- Searching for dependencies of ignition-msgs5
[1.177s] -- Looking for ignition-math6 -- found version 6.15.1
[1.181s] -- Checking for module 'tinyxml2'
[1.193s] --   Found tinyxml2, version 9.0.0
[1.225s] -- Looking for ignition-msgs5 -- found version 5.8.1
[1.227s] -- Looking for ignition-common3 -- found version 3.14.0
[1.227s] -- Searching for dependencies of ignition-common3
[1.227s] -- Looking for dlfcn.h - found
[1.228s] -- Looking for libdl - found
[1.229s] -- Found DL: TRUE  
[1.237s] -- Found tinyobjloader: /usr/lib/x86_64-linux-gnu/cmake/tinyobjloader/tinyobjloader-config.cmake (found version "2.0.0") 
[1.237s] -- Searching for <ignition-common3> component [graphics]
[1.239s] -- Looking for ignition-common3-graphics -- found version 3.14.0
[1.239s] -- Searching for dependencies of ignition-common3-graphics
[1.239s] -- Looking for ignition-math6 -- found version 6.15.1
[1.242s] -- Looking for ignition-fuel_tools4 -- found version 4.4.0
[1.242s] -- Searching for dependencies of ignition-fuel_tools4
[1.305s] -- Found CURL: /usr/lib/x86_64-linux-gnu/libcurl.so (found version "7.81.0")  
[1.313s] -- Checking for module 'jsoncpp'
[1.325s] --   Found jsoncpp, version 1.9.5
[1.353s] -- Found JSONCPP: TRUE  
[1.359s] -- Checking for module 'libzip'
[1.370s] --   Found libzip, version 1.7.3
[1.399s] -- Found ZIP: TRUE  
[1.399s] -- Looking for ignition-common3 -- found version 3.14.0
[1.400s] -- Looking for ignition-math6 -- found version 6.15.1
[1.400s] -- Looking for ignition-msgs5 -- found version 5.8.1
[1.403s] -- Gazebo version: 11.10
[1.403s] -- Checking for module 'tbb'
[1.415s] --   Found tbb, version 2021.5.0
[1.447s] -- Found image_transport: 3.1.12 (/opt/ros/humble/share/image_transport/cmake)
[1.486s] -- Found point_cloud_transport: 1.0.21 (/opt/ros/humble/share/point_cloud_transport/cmake)
[1.490s] -- Found camera_info_manager: 3.1.12 (/opt/ros/humble/share/camera_info_manager/cmake)
[1.501s] -- Found ament_lint_auto: 0.12.15 (/opt/ros/humble/share/ament_lint_auto/cmake)
[1.537s] -- Configuring done
[1.570s] -- Generating done
[1.573s] -- Build files have been written to: /home/ethan/COMP0250/cw2_team_14/build/realsense_gazebo_plugin
[1.583s] Invoked command in '/home/ethan/COMP0250/cw2_team_14/build/realsense_gazebo_plugin' returned '0': CMAKE_PREFIX_PATH=/opt/ros/humble /usr/bin/cmake /home/ethan/COMP0250/cw2_team_14/src/courseworks/realsense_gazebo_plugin -DCMAKE_INSTALL_PREFIX=/home/ethan/COMP0250/cw2_team_14/install/realsense_gazebo_plugin
[1.584s] Invoking command in '/home/ethan/COMP0250/cw2_team_14/build/realsense_gazebo_plugin': CMAKE_PREFIX_PATH=/opt/ros/humble /usr/bin/cmake --build /home/ethan/COMP0250/cw2_team_14/build/realsense_gazebo_plugin -- -j32 -l32
[1.620s] [ 33%] [32mBuilding CXX object CMakeFiles/realsense_gazebo_plugin.dir/src/RealSensePlugin.cpp.o[0m
[1.621s] [ 66%] [32mBuilding CXX object CMakeFiles/realsense_gazebo_plugin.dir/src/gazebo_ros_realsense.cpp.o[0m
[12.218s] [100%] [32m[1mLinking CXX shared library librealsense_gazebo_plugin.so[0m
[12.609s] [100%] Built target realsense_gazebo_plugin
[12.617s] Invoked command in '/home/ethan/COMP0250/cw2_team_14/build/realsense_gazebo_plugin' returned '0': CMAKE_PREFIX_PATH=/opt/ros/humble /usr/bin/cmake --build /home/ethan/COMP0250/cw2_team_14/build/realsense_gazebo_plugin -- -j32 -l32
[12.618s] Invoking command in '/home/ethan/COMP0250/cw2_team_14/build/realsense_gazebo_plugin': CMAKE_PREFIX_PATH=/opt/ros/humble /usr/bin/cmake --install /home/ethan/COMP0250/cw2_team_14/build/realsense_gazebo_plugin
[12.622s] -- Install configuration: ""
[12.622s] -- Installing: /home/ethan/COMP0250/cw2_team_14/install/realsense_gazebo_plugin/lib/librealsense_gazebo_plugin.so
[12.624s] -- Set runtime path of "/home/ethan/COMP0250/cw2_team_14/install/realsense_gazebo_plugin/lib/librealsense_gazebo_plugin.so" to ""
[12.624s] -- Installing: /home/ethan/COMP0250/cw2_team_14/install/realsense_gazebo_plugin/include/
[12.624s] -- Installing: /home/ethan/COMP0250/cw2_team_14/install/realsense_gazebo_plugin/include//realsense_gazebo_plugin
[12.624s] -- Installing: /home/ethan/COMP0250/cw2_team_14/install/realsense_gazebo_plugin/include//realsense_gazebo_plugin/RealSensePlugin.hpp
[12.624s] -- Installing: /home/ethan/COMP0250/cw2_team_14/install/realsense_gazebo_plugin/include//realsense_gazebo_plugin/gazebo_ros_realsense.hpp
[12.624s] -- Installing: /home/ethan/COMP0250/cw2_team_14/install/realsense_gazebo_plugin/share/realsense_gazebo_plugin/models
[12.624s] -- Installing: /home/ethan/COMP0250/cw2_team_14/install/realsense_gazebo_plugin/share/realsense_gazebo_plugin/models/realsense_camera
[12.624s] -- Installing: /home/ethan/COMP0250/cw2_team_14/install/realsense_gazebo_plugin/share/realsense_gazebo_plugin/models/realsense_camera/model.config
[12.625s] -- Installing: /home/ethan/COMP0250/cw2_team_14/install/realsense_gazebo_plugin/share/realsense_gazebo_plugin/models/realsense_camera/materials
[12.625s] -- Installing: /home/ethan/COMP0250/cw2_team_14/install/realsense_gazebo_plugin/share/realsense_gazebo_plugin/models/realsense_camera/materials/textures
[12.625s] -- Installing: /home/ethan/COMP0250/cw2_team_14/install/realsense_gazebo_plugin/share/realsense_gazebo_plugin/models/realsense_camera/materials/textures/realsense_diffuse.png
[12.625s] -- Installing: /home/ethan/COMP0250/cw2_team_14/install/realsense_gazebo_plugin/share/realsense_gazebo_plugin/models/realsense_camera/model.sdf
[12.625s] -- Installing: /home/ethan/COMP0250/cw2_team_14/install/realsense_gazebo_plugin/share/realsense_gazebo_plugin/models/realsense_camera/meshes
[12.625s] -- Installing: /home/ethan/COMP0250/cw2_team_14/install/realsense_gazebo_plugin/share/realsense_gazebo_plugin/models/realsense_camera/meshes/realsense.dae
[12.625s] -- Installing: /home/ethan/COMP0250/cw2_team_14/install/realsense_gazebo_plugin/share/realsense_gazebo_plugin/urdf
[12.625s] -- Installing: /home/ethan/COMP0250/cw2_team_14/install/realsense_gazebo_plugin/share/realsense_gazebo_plugin/urdf/d435_simulation.xacro
[12.625s] -- Installing: /home/ethan/COMP0250/cw2_team_14/install/realsense_gazebo_plugin/share/realsense_gazebo_plugin/urdf/multi_d435_simulation.xacro
[12.625s] -- Installing: /home/ethan/COMP0250/cw2_team_14/install/realsense_gazebo_plugin/share/realsense_gazebo_plugin/urdf/realsense-D435.macro.xacro
[12.625s] -- Installing: /home/ethan/COMP0250/cw2_team_14/install/realsense_gazebo_plugin/share/realsense_gazebo_plugin/worlds
[12.625s] -- Installing: /home/ethan/COMP0250/cw2_team_14/install/realsense_gazebo_plugin/share/realsense_gazebo_plugin/worlds/realsense.world
[12.625s] -- Installing: /home/ethan/COMP0250/cw2_team_14/install/realsense_gazebo_plugin/share/realsense_gazebo_plugin/environment/library_path.sh
[12.626s] -- Installing: /home/ethan/COMP0250/cw2_team_14/install/realsense_gazebo_plugin/share/realsense_gazebo_plugin/environment/library_path.dsv
[12.626s] -- Installing: /home/ethan/COMP0250/cw2_team_14/install/realsense_gazebo_plugin/share/ament_index/resource_index/package_run_dependencies/realsense_gazebo_plugin
[12.626s] -- Installing: /home/ethan/COMP0250/cw2_team_14/install/realsense_gazebo_plugin/share/ament_index/resource_index/parent_prefix_path/realsense_gazebo_plugin
[12.626s] -- Installing: /home/ethan/COMP0250/cw2_team_14/install/realsense_gazebo_plugin/share/realsense_gazebo_plugin/environment/ament_prefix_path.sh
[12.626s] -- Installing: /home/ethan/COMP0250/cw2_team_14/install/realsense_gazebo_plugin/share/realsense_gazebo_plugin/environment/ament_prefix_path.dsv
[12.626s] -- Installing: /home/ethan/COMP0250/cw2_team_14/install/realsense_gazebo_plugin/share/realsense_gazebo_plugin/environment/path.sh
[12.626s] -- Installing: /home/ethan/COMP0250/cw2_team_14/install/realsense_gazebo_plugin/share/realsense_gazebo_plugin/environment/path.dsv
[12.626s] -- Installing: /home/ethan/COMP0250/cw2_team_14/install/realsense_gazebo_plugin/share/realsense_gazebo_plugin/local_setup.bash
[12.626s] -- Installing: /home/ethan/COMP0250/cw2_team_14/install/realsense_gazebo_plugin/share/realsense_gazebo_plugin/local_setup.sh
[12.627s] -- Installing: /home/ethan/COMP0250/cw2_team_14/install/realsense_gazebo_plugin/share/realsense_gazebo_plugin/local_setup.zsh
[12.627s] -- Installing: /home/ethan/COMP0250/cw2_team_14/install/realsense_gazebo_plugin/share/realsense_gazebo_plugin/local_setup.dsv
[12.627s] -- Installing: /home/ethan/COMP0250/cw2_team_14/install/realsense_gazebo_plugin/share/realsense_gazebo_plugin/package.dsv
[12.627s] -- Installing: /home/ethan/COMP0250/cw2_team_14/install/realsense_gazebo_plugin/share/ament_index/resource_index/packages/realsense_gazebo_plugin
[12.627s] -- Installing: /home/ethan/COMP0250/cw2_team_14/install/realsense_gazebo_plugin/share/realsense_gazebo_plugin/cmake/ament_cmake_export_include_directories-extras.cmake
[12.627s] -- Installing: /home/ethan/COMP0250/cw2_team_14/install/realsense_gazebo_plugin/share/realsense_gazebo_plugin/cmake/ament_cmake_export_libraries-extras.cmake
[12.627s] -- Installing: /home/ethan/COMP0250/cw2_team_14/install/realsense_gazebo_plugin/share/realsense_gazebo_plugin/cmake/realsense_gazebo_pluginConfig.cmake
[12.627s] -- Installing: /home/ethan/COMP0250/cw2_team_14/install/realsense_gazebo_plugin/share/realsense_gazebo_plugin/cmake/realsense_gazebo_pluginConfig-version.cmake
[12.627s] -- Installing: /home/ethan/COMP0250/cw2_team_14/install/realsense_gazebo_plugin/share/realsense_gazebo_plugin/package.xml
[12.629s] Invoked command in '/home/ethan/COMP0250/cw2_team_14/build/realsense_gazebo_plugin' returned '0': CMAKE_PREFIX_PATH=/opt/ros/humble /usr/bin/cmake --install /home/ethan/COMP0250/cw2_team_14/build/realsense_gazebo_plugin
