[0.030s] Invoking command in '/home/czg22/comp0250_s26_labs/build/panda_description': CMAKE_PREFIX_PATH=${CMAKE_PREFIX_PATH}:/home/czg22/ws_moveit2/install/moveit_configs_utils:/home/czg22/ws_moveit2/install/launch_param_builder:/opt/ros/humble /usr/bin/cmake /home/czg22/comp0250_s26_labs/src/courseworks/panda_description -DCMAKE_INSTALL_PREFIX=/home/czg22/comp0250_s26_labs/install/panda_description
[0.165s] -- The C compiler identification is GNU 11.4.0
[0.371s] -- The CXX compiler identification is GNU 11.4.0
[0.483s] -- Detecting C compiler ABI info
[0.608s] -- Detecting C compiler ABI info - done
[0.612s] -- Check for working C compiler: /usr/bin/cc - skipped
[0.613s] -- Detecting C compile features
[0.614s] -- Detecting C compile features - done
[0.617s] -- Detecting CXX compiler ABI info
[0.744s] -- Detecting CXX compiler ABI info - done
[0.748s] -- Check for working CXX compiler: /usr/bin/c++ - skipped
[0.749s] -- Detecting CXX compile features
[0.749s] -- Detecting CXX compile features - done
[0.772s] -- Found ament_cmake: 1.3.13 (/opt/ros/humble/share/ament_cmake/cmake)
[0.921s] -- Found Python3: /usr/bin/python3 (found version "3.10.12") found components: Interpreter 
[1.151s] -- Configuring done
[1.156s] -- Generating done
[1.158s] -- Build files have been written to: /home/czg22/comp0250_s26_labs/build/panda_description
[1.164s] Invoked command in '/home/czg22/comp0250_s26_labs/build/panda_description' returned '0': CMAKE_PREFIX_PATH=${CMAKE_PREFIX_PATH}:/home/czg22/ws_moveit2/install/moveit_configs_utils:/home/czg22/ws_moveit2/install/launch_param_builder:/opt/ros/humble /usr/bin/cmake /home/czg22/comp0250_s26_labs/src/courseworks/panda_description -DCMAKE_INSTALL_PREFIX=/home/czg22/comp0250_s26_labs/install/panda_description
[1.165s] Invoking command in '/home/czg22/comp0250_s26_labs/build/panda_description': CMAKE_PREFIX_PATH=${CMAKE_PREFIX_PATH}:/home/czg22/ws_moveit2/install/moveit_configs_utils:/home/czg22/ws_moveit2/install/launch_param_builder:/opt/ros/humble /usr/bin/cmake --build /home/czg22/comp0250_s26_labs/build/panda_description -- -j32 -l32
[1.222s] Invoked command in '/home/czg22/comp0250_s26_labs/build/panda_description' returned '0': CMAKE_PREFIX_PATH=${CMAKE_PREFIX_PATH}:/home/czg22/ws_moveit2/install/moveit_configs_utils:/home/czg22/ws_moveit2/install/launch_param_builder:/opt/ros/humble /usr/bin/cmake --build /home/czg22/comp0250_s26_labs/build/panda_description -- -j32 -l32
[1.237s] Invoking command in '/home/czg22/comp0250_s26_labs/build/panda_description': CMAKE_PREFIX_PATH=${CMAKE_PREFIX_PATH}:/home/czg22/ws_moveit2/install/moveit_configs_utils:/home/czg22/ws_moveit2/install/launch_param_builder:/opt/ros/humble /usr/bin/cmake --install /home/czg22/comp0250_s26_labs/build/panda_description
[1.248s] -- Install configuration: ""
[1.248s] -- Installing: /home/czg22/comp0250_s26_labs/install/panda_description/share/panda_description/config
[1.249s] -- Installing: /home/czg22/comp0250_s26_labs/install/panda_description/share/panda_description/config/panda_control.yaml
[1.250s] -- Installing: /home/czg22/comp0250_s26_labs/install/panda_description/share/panda_description/meshes
[1.250s] -- Installing: /home/czg22/comp0250_s26_labs/install/panda_description/share/panda_description/meshes/collision
[1.250s] -- Installing: /home/czg22/comp0250_s26_labs/install/panda_description/share/panda_description/meshes/collision/link6.stl
[1.251s] -- Installing: /home/czg22/comp0250_s26_labs/install/panda_description/share/panda_description/meshes/collision/link2.stl
[1.251s] -- Installing: /home/czg22/comp0250_s26_labs/install/panda_description/share/panda_description/meshes/collision/link1.stl
[1.252s] -- Installing: /home/czg22/comp0250_s26_labs/install/panda_description/share/panda_description/meshes/collision/link5.stl
[1.252s] -- Installing: /home/czg22/comp0250_s26_labs/install/panda_description/share/panda_description/meshes/collision/hand.stl
[1.253s] -- Installing: /home/czg22/comp0250_s26_labs/install/panda_description/share/panda_description/meshes/collision/finger.stl
[1.253s] -- Installing: /home/czg22/comp0250_s26_labs/install/panda_description/share/panda_description/meshes/collision/link3.stl
[1.254s] -- Installing: /home/czg22/comp0250_s26_labs/install/panda_description/share/panda_description/meshes/collision/link4.stl
[1.254s] -- Installing: /home/czg22/comp0250_s26_labs/install/panda_description/share/panda_description/meshes/collision/link0.stl
[1.255s] -- Installing: /home/czg22/comp0250_s26_labs/install/panda_description/share/panda_description/meshes/collision/link7.stl
[1.255s] -- Installing: /home/czg22/comp0250_s26_labs/install/panda_description/share/panda_description/meshes/visual
[1.255s] -- Installing: /home/czg22/comp0250_s26_labs/install/panda_description/share/panda_description/meshes/visual/hand.dae
[1.258s] -- Installing: /home/czg22/comp0250_s26_labs/install/panda_description/share/panda_description/meshes/visual/link7.dae
[1.261s] -- Installing: /home/czg22/comp0250_s26_labs/install/panda_description/share/panda_description/meshes/visual/link4.dae
[1.264s] -- Installing: /home/czg22/comp0250_s26_labs/install/panda_description/share/panda_description/meshes/visual/link3.dae
[1.267s] -- Installing: /home/czg22/comp0250_s26_labs/install/panda_description/share/panda_description/meshes/visual/link6.dae
[1.272s] -- Installing: /home/czg22/comp0250_s26_labs/install/panda_description/share/panda_description/meshes/visual/finger.dae
[1.273s] -- Installing: /home/czg22/comp0250_s26_labs/install/panda_description/share/panda_description/meshes/visual/link2.dae
[1.275s] -- Installing: /home/czg22/comp0250_s26_labs/install/panda_description/share/panda_description/meshes/visual/link1.dae
[1.279s] -- Installing: /home/czg22/comp0250_s26_labs/install/panda_description/share/panda_description/meshes/visual/link5.dae
[1.284s] -- Installing: /home/czg22/comp0250_s26_labs/install/panda_description/share/panda_description/meshes/visual/link0.dae
[1.287s] -- Installing: /home/czg22/comp0250_s26_labs/install/panda_description/share/panda_description/rviz
[1.288s] -- Installing: /home/czg22/comp0250_s26_labs/install/panda_description/share/panda_description/rviz/urdf.rviz
[1.288s] -- Installing: /home/czg22/comp0250_s26_labs/install/panda_description/share/panda_description/sdf
[1.289s] -- Installing: /home/czg22/comp0250_s26_labs/install/panda_description/share/panda_description/sdf/empty_panda.world
[1.289s] -- Installing: /home/czg22/comp0250_s26_labs/install/panda_description/share/panda_description/sdf/empty_panda_noShadow.world
[1.290s] -- Installing: /home/czg22/comp0250_s26_labs/install/panda_description/share/panda_description/srdf
[1.290s] -- Installing: /home/czg22/comp0250_s26_labs/install/panda_description/share/panda_description/srdf/panda_with_rs.srdf.xacro
[1.290s] -- Installing: /home/czg22/comp0250_s26_labs/install/panda_description/share/panda_description/urdf
[1.292s] -- Installing: /home/czg22/comp0250_s26_labs/install/panda_description/share/panda_description/urdf/panda_arm_hand.urdf.xacro
[1.292s] -- Installing: /home/czg22/comp0250_s26_labs/install/panda_description/share/panda_description/urdf/panda_with_rs.urdf.xacro
[1.292s] -- Installing: /home/czg22/comp0250_s26_labs/install/panda_description/share/panda_description/xacro
[1.293s] -- Installing: /home/czg22/comp0250_s26_labs/install/panda_description/share/panda_description/xacro/panda.transmission.xacro
[1.294s] -- Installing: /home/czg22/comp0250_s26_labs/install/panda_description/share/panda_description/xacro/panda_arm.xacro
[1.294s] -- Installing: /home/czg22/comp0250_s26_labs/install/panda_description/share/panda_description/xacro/panda.control.xacro
[1.295s] -- Installing: /home/czg22/comp0250_s26_labs/install/panda_description/share/panda_description/xacro/panda.gazebo.xacro
[1.295s] -- Installing: /home/czg22/comp0250_s26_labs/install/panda_description/share/panda_description/xacro/hand.xacro
[1.295s] -- Installing: /home/czg22/comp0250_s26_labs/install/panda_description/share/panda_description/launch
[1.296s] -- Installing: /home/czg22/comp0250_s26_labs/install/panda_description/share/panda_description/launch/description.launch.py
[1.297s] -- Installing: /home/czg22/comp0250_s26_labs/install/panda_description/share/ament_index/resource_index/package_run_dependencies/panda_description
[1.297s] -- Installing: /home/czg22/comp0250_s26_labs/install/panda_description/share/ament_index/resource_index/parent_prefix_path/panda_description
[1.298s] -- Installing: /home/czg22/comp0250_s26_labs/install/panda_description/share/panda_description/environment/ament_prefix_path.sh
[1.298s] -- Installing: /home/czg22/comp0250_s26_labs/install/panda_description/share/panda_description/environment/ament_prefix_path.dsv
[1.298s] -- Installing: /home/czg22/comp0250_s26_labs/install/panda_description/share/panda_description/environment/path.sh
[1.298s] -- Installing: /home/czg22/comp0250_s26_labs/install/panda_description/share/panda_description/environment/path.dsv
[1.298s] -- Installing: /home/czg22/comp0250_s26_labs/install/panda_description/share/panda_description/local_setup.bash
[1.299s] -- Installing: /home/czg22/comp0250_s26_labs/install/panda_description/share/panda_description/local_setup.sh
[1.299s] -- Installing: /home/czg22/comp0250_s26_labs/install/panda_description/share/panda_description/local_setup.zsh
[1.299s] -- Installing: /home/czg22/comp0250_s26_labs/install/panda_description/share/panda_description/local_setup.dsv
[1.300s] -- Installing: /home/czg22/comp0250_s26_labs/install/panda_description/share/panda_description/package.dsv
[1.300s] -- Installing: /home/czg22/comp0250_s26_labs/install/panda_description/share/ament_index/resource_index/packages/panda_description
[1.301s] -- Installing: /home/czg22/comp0250_s26_labs/install/panda_description/share/panda_description/cmake/panda_descriptionConfig.cmake
[1.301s] -- Installing: /home/czg22/comp0250_s26_labs/install/panda_description/share/panda_description/cmake/panda_descriptionConfig-version.cmake
[1.301s] -- Installing: /home/czg22/comp0250_s26_labs/install/panda_description/share/panda_description/package.xml
[1.309s] Invoked command in '/home/czg22/comp0250_s26_labs/build/panda_description' returned '0': CMAKE_PREFIX_PATH=${CMAKE_PREFIX_PATH}:/home/czg22/ws_moveit2/install/moveit_configs_utils:/home/czg22/ws_moveit2/install/launch_param_builder:/opt/ros/humble /usr/bin/cmake --install /home/czg22/comp0250_s26_labs/build/panda_description
