[  2%] Built target cw2_team_14__cpp
[ 11%] Built target cw2_team_14__rosidl_generator_c
[ 20%] Built target cw2_team_14__rosidl_typesupport_cpp
[ 20%] Built target ament_cmake_python_copy_cw2_team_14
[ 28%] Built target cw2_team_14__rosidl_typesupport_fastrtps_c
[ 37%] Built target cw2_team_14__rosidl_typesupport_introspection_c
[ 45%] Built target cw2_team_14__rosidl_typesupport_c
[ 54%] Built target cw2_team_14__rosidl_typesupport_fastrtps_cpp
[ 62%] Built target cw2_team_14__rosidl_typesupport_introspection_cpp
[35m[1mConsolidate compiler generated dependencies of target cw2_team_14_cw2_class_lib[0m
[ 65%] [32mBuilding CXX object CMakeFiles/cw2_team_14_cw2_class_lib.dir/src/cw2_class.cpp.o[0m
running egg_info
writing cw2_team_14.egg-info/PKG-INFO
writing dependency_links to cw2_team_14.egg-info/dependency_links.txt
writing top-level names to cw2_team_14.egg-info/top_level.txt
reading manifest file 'cw2_team_14.egg-info/SOURCES.txt'
writing manifest file 'cw2_team_14.egg-info/SOURCES.txt'
[ 65%] Built target ament_cmake_python_build_cw2_team_14_egg
[ 65%] Built target cw2_team_14
[ 68%] Built target cw2_team_14__py
[ 74%] Built target cw2_team_14__rosidl_generator_py
[ 80%] Built target cw2_team_14__rosidl_typesupport_fastrtps_c__pyext
[ 85%] Built target cw2_team_14__rosidl_typesupport_introspection_c__pyext
[ 91%] Built target cw2_team_14__rosidl_typesupport_c__pyext
[01m[K/home/bizare/Desktop/cw2_team_14/src/courseworks/cw2_team_14/src/cw2_class.cpp:[m[K In member function ‘[01m[Kvoid cw2::t1_callback(std::shared_ptr<cw2_world_spawner::srv::Task1Service_Request_<std::allocator<void> > >, std::shared_ptr<cw2_world_spawner::srv::Task1Service_Response_<std::allocator<void> > >)[m[K’:
[01m[K/home/bizare/Desktop/cw2_team_14/src/courseworks/cw2_team_14/src/cw2_class.cpp:446:9:[m[K [01;31m[Kerror: [m[Ktoo few arguments to function ‘[01m[Kvoid exit(int)[m[K’
  446 |     [01;31m[Kexit()[m[K
      |     [01;31m[K~~~~^~[m[K
In file included from [01m[K/usr/include/c++/11/cstdlib:75[m[K,
                 from [01m[K/usr/include/c++/11/ext/string_conversions.h:41[m[K,
                 from [01m[K/usr/include/c++/11/bits/basic_string.h:6608[m[K,
                 from [01m[K/usr/include/c++/11/string:55[m[K,
                 from [01m[K/usr/include/c++/11/stdexcept:39[m[K,
                 from [01m[K/usr/include/c++/11/system_error:41[m[K,
                 from [01m[K/usr/include/c++/11/mutex:42[m[K,
                 from [01m[K/home/bizare/Desktop/cw2_team_14/src/courseworks/cw2_team_14/include/cw2_class.h:11[m[K,
                 from [01m[K/home/bizare/Desktop/cw2_team_14/src/courseworks/cw2_team_14/src/cw2_class.cpp:6[m[K:
[01m[K/usr/include/stdlib.h:624:13:[m[K [01;36m[Knote: [m[Kdeclared here
  624 | extern void [01;36m[Kexit[m[K (int __status) __THROW __attribute__ ((__noreturn__));
      |             [01;36m[K^~~~[m[K
[01m[K/home/bizare/Desktop/cw2_team_14/src/courseworks/cw2_team_14/src/cw2_class.cpp:454:7:[m[K [01;31m[Kerror: [m[K‘[01m[Ktransit_z[m[K’ was not declared in this scope; did you mean ‘[01m[Ktransit_pose[m[K’?
  454 |       [01;31m[Ktransit_z[m[K,
      |       [01;31m[K^~~~~~~~~[m[K
      |       [32m[Ktransit_pose[m[K
[01m[K/home/bizare/Desktop/cw2_team_14/src/courseworks/cw2_team_14/src/cw2_class.cpp:443:16:[m[K [01;35m[Kwarning: [m[Kunused variable ‘[01m[Klifted[m[K’ [[01;35m[K]8;;https://gcc.gnu.org/onlinedocs/gcc/Warning-Options.html#index-Wunused-variable-Wunused-variable]8;;[m[K]
  443 |     const bool [01;35m[Klifted[m[K = execute_cartesian_path(
      |                [01;35m[K^~~~~~[m[K
[01m[K/home/bizare/Desktop/cw2_team_14/src/courseworks/cw2_team_14/src/cw2_class.cpp:451:36:[m[K [01;35m[Kwarning: [m[Kunused variable ‘[01m[Ktransit_pose[m[K’ [[01;35m[K]8;;https://gcc.gnu.org/onlinedocs/gcc/Warning-Options.html#index-Wunused-variable-Wunused-variable]8;;[m[K]
  451 |     const geometry_msgs::msg::Pose [01;35m[Ktransit_pose[m[K = make_top_down_pose(
      |                                    [01;35m[K^~~~~~~~~~~~[m[K
[01m[K/home/bizare/Desktop/cw2_team_14/src/courseworks/cw2_team_14/src/cw2_class.cpp:468:37:[m[K [01;31m[Kerror: [m[K‘[01m[Kgrasp_dx[m[K’ was not declared in this scope
  468 |       request->goal_point.point.x + [01;31m[Kgrasp_dx[m[K,
      |                                     [01;31m[K^~~~~~~~[m[K
[01m[K/home/bizare/Desktop/cw2_team_14/src/courseworks/cw2_team_14/src/cw2_class.cpp:469:37:[m[K [01;31m[Kerror: [m[K‘[01m[Kgrasp_dy[m[K’ was not declared in this scope
  469 |       request->goal_point.point.y + [01;31m[Kgrasp_dy[m[K,
      |                                     [01;31m[K^~~~~~~~[m[K
[01m[K/home/bizare/Desktop/cw2_team_14/src/courseworks/cw2_team_14/src/cw2_class.cpp:470:7:[m[K [01;31m[Kerror: [m[K‘[01m[Ktransit_z[m[K’ was not declared in this scope
  470 |       [01;31m[Ktransit_z[m[K,
      |       [01;31m[K^~~~~~~~~[m[K
[01m[K/home/bizare/Desktop/cw2_team_14/src/courseworks/cw2_team_14/src/cw2_class.cpp:471:7:[m[K [01;31m[Kerror: [m[K‘[01m[Kcandidate[m[K’ was not declared in this scope; did you mean ‘[01m[Kcandidates[m[K’?
  471 |       [01;31m[Kcandidate[m[K.closing_axis_yaw);
      |       [01;31m[K^~~~~~~~~[m[K
      |       [32m[Kcandidates[m[K
[01m[K/home/bizare/Desktop/cw2_team_14/src/courseworks/cw2_team_14/src/cw2_class.cpp:474:12:[m[K [01;31m[Kerror: [m[K‘[01m[Ktransit_pose[m[K’ was not declared in this scope
  474 |           {[01;31m[Ktransit_pose[m[K, place_hover_pose},
      |            [01;31m[K^~~~~~~~~~~~[m[K
[01m[K/home/bizare/Desktop/cw2_team_14/src/courseworks/cw2_team_14/src/cw2_class.cpp:473:32:[m[K [01;31m[Kerror: [m[Kcannot convert ‘[01m[K<brace-enclosed initializer list>[m[K’ to ‘[01m[Kconst std::vector<geometry_msgs::msg::Pose_<std::allocator<void> > >&[m[K’
  473 |     if (![01;31m[Kexecute_cartesian_path([m[K
      |          [01;31m[K~~~~~~~~~~~~~~~~~~~~~~^[m[K
  474 | [01;31m[K          {transit_pose, place_hover_pose},[m[K
      |           [01;31m[K~~~~~~~~~~~~~~~~~~~~~~~~~~~~~~~~~[m[K
  475 | [01;31m[K          goal_frame,[m[K
      |           [01;31m[K~~~~~~~~~~~[m[K           
  476 | [01;31m[K          kCartesianEefStep,[m[K
      |           [01;31m[K~~~~~~~~~~~~~~~~~~[m[K    
  477 | [01;31m[K          kCartesianMinFraction)[m[K) {
      |           [01;31m[K~~~~~~~~~~~~~~~~~~~~~~[m[K
[01m[K/home/bizare/Desktop/cw2_team_14/src/courseworks/cw2_team_14/src/cw2_class.cpp:202:48:[m[K [01;36m[Knote: [m[K  initializing argument 1 of ‘[01m[Kbool cw2::execute_cartesian_path(const std::vector<geometry_msgs::msg::Pose_<std::allocator<void> > >&, const string&, double, double)[m[K’
  202 |   [01;36m[Kconst std::vector<geometry_msgs::msg::Pose> &waypoints[m[K,
      |   [01;36m[K~~~~~~~~~~~~~~~~~~~~~~~~~~~~~~~~~~~~~~~~~~~~~^~~~~~~~~[m[K
[01m[K/home/bizare/Desktop/cw2_team_14/src/courseworks/cw2_team_14/src/cw2_class.cpp:480:7:[m[K [01;31m[Kerror: [m[Kbreak statement not within loop or switch
  480 |       [01;31m[Kbreak[m[K;
      |       [01;31m[K^~~~~[m[K
[01m[K/home/bizare/Desktop/cw2_team_14/src/courseworks/cw2_team_14/src/cw2_class.cpp:493:7:[m[K [01;31m[Kerror: [m[Kbreak statement not within loop or switch
  493 |       [01;31m[Kbreak[m[K;
      |       [01;31m[K^~~~~[m[K
[01m[K/home/bizare/Desktop/cw2_team_14/src/courseworks/cw2_team_14/src/cw2_class.cpp:516:5:[m[K [01;31m[Kerror: [m[Kbreak statement not within loop or switch
  516 |     [01;31m[Kbreak[m[K;
      |     [01;31m[K^~~~~[m[K
[01m[K/home/bizare/Desktop/cw2_team_14/src/courseworks/cw2_team_14/src/cw2_class.cpp:[m[K At global scope:
[01m[K/home/bizare/Desktop/cw2_team_14/src/courseworks/cw2_team_14/src/cw2_class.cpp:520:3:[m[K [01;31m[Kerror: [m[Kexpected unqualified-id before ‘[01m[Kif[m[K’
  520 |   [01;31m[Kif[m[K (!move_arm_to_named_target("ready")) {
      |   [01;31m[K^~[m[K
[01m[K/home/bizare/Desktop/cw2_team_14/src/courseworks/cw2_team_14/src/cw2_class.cpp:525:3:[m[K [01;31m[Kerror: [m[Kexpected unqualified-id before ‘[01m[Kif[m[K’
  525 |   [01;31m[Kif[m[K (!task_completed) {
      |   [01;31m[K^~[m[K
In file included from [01m[K/opt/ros/humble/include/moveit/kinematics_base/kinematics_base.h:42[m[K,
                 from [01m[K/opt/ros/humble/include/moveit/robot_model/joint_model_group.h:42[m[K,
                 from [01m[K/opt/ros/humble/include/moveit/robot_model/robot_model.h:45[m[K,
                 from [01m[K/opt/ros/humble/include/moveit/robot_state/robot_state.h:40[m[K,
                 from [01m[K/opt/ros/humble/include/moveit/move_group_interface/move_group_interface.h:41[m[K,
                 from [01m[K/home/bizare/Desktop/cw2_team_14/src/courseworks/cw2_team_14/include/cw2_class.h:16[m[K,
                 from [01m[K/home/bizare/Desktop/cw2_team_14/src/courseworks/cw2_team_14/src/cw2_class.cpp:6[m[K:
[01m[K/home/bizare/Desktop/cw2_team_14/src/courseworks/cw2_team_14/src/cw2_class.cpp:531:3:[m[K [01;31m[Kerror: [m[Kexpected unqualified-id before ‘[01m[Kdo[m[K’
  531 |   [01;31m[KRCLCPP_INFO[m[K(node_->get_logger(), "Task 1 completed");
      |   [01;31m[K^~~~~~~~~~~[m[K
[01m[K/home/bizare/Desktop/cw2_team_14/src/courseworks/cw2_team_14/src/cw2_class.cpp:531:3:[m[K [01;31m[Kerror: [m[Kexpected unqualified-id before ‘[01m[Kwhile[m[K’
  531 |   [01;31m[KRCLCPP_INFO[m[K(node_->get_logger(), "Task 1 completed");
      |   [01;31m[K^~~~~~~~~~~[m[K
[01m[K/home/bizare/Desktop/cw2_team_14/src/courseworks/cw2_team_14/src/cw2_class.cpp:532:1:[m[K [01;31m[Kerror: [m[Kexpected declaration before ‘[01m[K}[m[K’ token
  532 | [01;31m[K}[m[K
      | [01;31m[K^[m[K
gmake[2]: *** [CMakeFiles/cw2_team_14_cw2_class_lib.dir/build.make:76: CMakeFiles/cw2_team_14_cw2_class_lib.dir/src/cw2_class.cpp.o] Error 1
gmake[1]: *** [CMakeFiles/Makefile2:595: CMakeFiles/cw2_team_14_cw2_class_lib.dir/all] Error 2
gmake: *** [Makefile:146: all] Error 2
