[0.186s] DEBUG:colcon:Command line arguments: ['/usr/bin/colcon', 'build']
[0.187s] DEBUG:colcon:Parsed command line arguments: Namespace(log_base=None, log_level=None, verb_name='build', build_base='build', install_base='install', merge_install=False, symlink_install=False, test_result_base=None, continue_on_error=False, executor='parallel', parallel_workers=2, event_handlers=None, ignore_user_meta=False, metas=['./colcon.meta'], base_paths=['.'], packages_ignore=None, packages_ignore_regex=None, paths=None, packages_up_to=None, packages_up_to_regex=None, packages_above=None, packages_above_and_dependencies=None, packages_above_depth=None, packages_select_by_dep=None, packages_skip_by_dep=None, packages_skip_up_to=None, packages_select_build_failed=False, packages_skip_build_finished=False, packages_select_test_failures=False, packages_skip_test_passed=False, packages_select=None, packages_skip=None, packages_select_regex=None, packages_skip_regex=None, packages_start=None, packages_end=None, allow_overriding=[], cmake_args=None, cmake_target=None, cmake_target_skip_unavailable=False, cmake_clean_cache=False, cmake_clean_first=False, cmake_force_configure=False, ament_cmake_args=None, catkin_cmake_args=None, catkin_skip_building_tests=False, mixin_files=None, mixin=None, verb_parser=<colcon_mixin.mixin.mixin_argument.MixinArgumentDecorator object at 0x734f5ee15f00>, verb_extension=<colcon_core.verb.build.BuildVerb object at 0x734f5ee15a50>, main=<bound method BuildVerb.main of <colcon_core.verb.build.BuildVerb object at 0x734f5ee15a50>>, mixin_verb=('build',))
[0.468s] Level 1:colcon.colcon_core.package_discovery:discover_packages(colcon_meta) check parameters
[0.468s] Level 1:colcon.colcon_core.package_discovery:discover_packages(recursive) check parameters
[0.468s] Level 1:colcon.colcon_core.package_discovery:discover_packages(ignore) check parameters
[0.468s] Level 1:colcon.colcon_core.package_discovery:discover_packages(path) check parameters
[0.468s] Level 1:colcon.colcon_core.package_discovery:discover_packages(colcon_meta) discover
[0.469s] Level 1:colcon.colcon_core.package_discovery:discover_packages(recursive) discover
[0.469s] INFO:colcon.colcon_core.package_discovery:Crawling recursively for packages in '/home/bizare/Desktop/cw2_team_14'
[0.469s] Level 1:colcon.colcon_core.package_identification:_identify(.) by extensions ['ignore', 'ignore_ament_install']
[0.469s] Level 1:colcon.colcon_core.package_identification:_identify(.) by extension 'ignore'
[0.469s] Level 1:colcon.colcon_core.package_identification:_identify(.) by extension 'ignore_ament_install'
[0.469s] Level 1:colcon.colcon_core.package_identification:_identify(.) by extensions ['colcon_pkg']
[0.469s] Level 1:colcon.colcon_core.package_identification:_identify(.) by extension 'colcon_pkg'
[0.469s] Level 1:colcon.colcon_core.package_identification:_identify(.) by extensions ['colcon_meta']
[0.469s] Level 1:colcon.colcon_core.package_identification:_identify(.) by extension 'colcon_meta'
[0.469s] Level 1:colcon.colcon_core.package_identification:_identify(.) by extensions ['ros']
[0.469s] Level 1:colcon.colcon_core.package_identification:_identify(.) by extension 'ros'
[0.507s] Level 1:colcon.colcon_core.package_identification:_identify(.) by extensions ['cmake', 'python']
[0.507s] Level 1:colcon.colcon_core.package_identification:_identify(.) by extension 'cmake'
[0.507s] Level 1:colcon.colcon_core.package_identification:_identify(.) by extension 'python'
[0.507s] Level 1:colcon.colcon_core.package_identification:_identify(.) by extensions ['python_setup_py']
[0.507s] Level 1:colcon.colcon_core.package_identification:_identify(.) by extension 'python_setup_py'
[0.508s] Level 1:colcon.colcon_core.package_identification:_identify(build) by extensions ['ignore', 'ignore_ament_install']
[0.508s] Level 1:colcon.colcon_core.package_identification:_identify(build) by extension 'ignore'
[0.508s] Level 1:colcon.colcon_core.package_identification:_identify(build) ignored
[0.508s] Level 1:colcon.colcon_core.package_identification:_identify(install) by extensions ['ignore', 'ignore_ament_install']
[0.508s] Level 1:colcon.colcon_core.package_identification:_identify(install) by extension 'ignore'
[0.508s] Level 1:colcon.colcon_core.package_identification:_identify(install) ignored
[0.508s] Level 1:colcon.colcon_core.package_identification:_identify(log) by extensions ['ignore', 'ignore_ament_install']
[0.508s] Level 1:colcon.colcon_core.package_identification:_identify(log) by extension 'ignore'
[0.508s] Level 1:colcon.colcon_core.package_identification:_identify(log) ignored
[0.508s] Level 1:colcon.colcon_core.package_identification:_identify(scripts) by extensions ['ignore', 'ignore_ament_install']
[0.509s] Level 1:colcon.colcon_core.package_identification:_identify(scripts) by extension 'ignore'
[0.509s] Level 1:colcon.colcon_core.package_identification:_identify(scripts) by extension 'ignore_ament_install'
[0.509s] Level 1:colcon.colcon_core.package_identification:_identify(scripts) by extensions ['colcon_pkg']
[0.509s] Level 1:colcon.colcon_core.package_identification:_identify(scripts) by extension 'colcon_pkg'
[0.509s] Level 1:colcon.colcon_core.package_identification:_identify(scripts) by extensions ['colcon_meta']
[0.509s] Level 1:colcon.colcon_core.package_identification:_identify(scripts) by extension 'colcon_meta'
[0.509s] Level 1:colcon.colcon_core.package_identification:_identify(scripts) by extensions ['ros']
[0.509s] Level 1:colcon.colcon_core.package_identification:_identify(scripts) by extension 'ros'
[0.509s] Level 1:colcon.colcon_core.package_identification:_identify(scripts) by extensions ['cmake', 'python']
[0.509s] Level 1:colcon.colcon_core.package_identification:_identify(scripts) by extension 'cmake'
[0.509s] Level 1:colcon.colcon_core.package_identification:_identify(scripts) by extension 'python'
[0.509s] Level 1:colcon.colcon_core.package_identification:_identify(scripts) by extensions ['python_setup_py']
[0.509s] Level 1:colcon.colcon_core.package_identification:_identify(scripts) by extension 'python_setup_py'
[0.510s] Level 1:colcon.colcon_core.package_identification:_identify(src) by extensions ['ignore', 'ignore_ament_install']
[0.510s] Level 1:colcon.colcon_core.package_identification:_identify(src) by extension 'ignore'
[0.510s] Level 1:colcon.colcon_core.package_identification:_identify(src) by extension 'ignore_ament_install'
[0.510s] Level 1:colcon.colcon_core.package_identification:_identify(src) by extensions ['colcon_pkg']
[0.510s] Level 1:colcon.colcon_core.package_identification:_identify(src) by extension 'colcon_pkg'
[0.510s] Level 1:colcon.colcon_core.package_identification:_identify(src) by extensions ['colcon_meta']
[0.510s] Level 1:colcon.colcon_core.package_identification:_identify(src) by extension 'colcon_meta'
[0.510s] Level 1:colcon.colcon_core.package_identification:_identify(src) by extensions ['ros']
[0.510s] Level 1:colcon.colcon_core.package_identification:_identify(src) by extension 'ros'
[0.510s] Level 1:colcon.colcon_core.package_identification:_identify(src) by extensions ['cmake', 'python']
[0.510s] Level 1:colcon.colcon_core.package_identification:_identify(src) by extension 'cmake'
[0.510s] Level 1:colcon.colcon_core.package_identification:_identify(src) by extension 'python'
[0.510s] Level 1:colcon.colcon_core.package_identification:_identify(src) by extensions ['python_setup_py']
[0.511s] Level 1:colcon.colcon_core.package_identification:_identify(src) by extension 'python_setup_py'
[0.511s] Level 1:colcon.colcon_core.package_identification:_identify(src/courseworks) by extensions ['ignore', 'ignore_ament_install']
[0.511s] Level 1:colcon.colcon_core.package_identification:_identify(src/courseworks) by extension 'ignore'
[0.511s] Level 1:colcon.colcon_core.package_identification:_identify(src/courseworks) by extension 'ignore_ament_install'
[0.511s] Level 1:colcon.colcon_core.package_identification:_identify(src/courseworks) by extensions ['colcon_pkg']
[0.511s] Level 1:colcon.colcon_core.package_identification:_identify(src/courseworks) by extension 'colcon_pkg'
[0.512s] Level 1:colcon.colcon_core.package_identification:_identify(src/courseworks) by extensions ['colcon_meta']
[0.512s] Level 1:colcon.colcon_core.package_identification:_identify(src/courseworks) by extension 'colcon_meta'
[0.512s] Level 1:colcon.colcon_core.package_identification:_identify(src/courseworks) by extensions ['ros']
[0.512s] Level 1:colcon.colcon_core.package_identification:_identify(src/courseworks) by extension 'ros'
[0.512s] Level 1:colcon.colcon_core.package_identification:_identify(src/courseworks) by extensions ['cmake', 'python']
[0.512s] Level 1:colcon.colcon_core.package_identification:_identify(src/courseworks) by extension 'cmake'
[0.512s] Level 1:colcon.colcon_core.package_identification:_identify(src/courseworks) by extension 'python'
[0.512s] Level 1:colcon.colcon_core.package_identification:_identify(src/courseworks) by extensions ['python_setup_py']
[0.512s] Level 1:colcon.colcon_core.package_identification:_identify(src/courseworks) by extension 'python_setup_py'
[0.512s] Level 1:colcon.colcon_core.package_identification:_identify(src/courseworks/cw2_team_14) by extensions ['ignore', 'ignore_ament_install']
[0.512s] Level 1:colcon.colcon_core.package_identification:_identify(src/courseworks/cw2_team_14) by extension 'ignore'
[0.512s] Level 1:colcon.colcon_core.package_identification:_identify(src/courseworks/cw2_team_14) by extension 'ignore_ament_install'
[0.513s] Level 1:colcon.colcon_core.package_identification:_identify(src/courseworks/cw2_team_14) by extensions ['colcon_pkg']
[0.513s] Level 1:colcon.colcon_core.package_identification:_identify(src/courseworks/cw2_team_14) by extension 'colcon_pkg'
[0.513s] Level 1:colcon.colcon_core.package_identification:_identify(src/courseworks/cw2_team_14) by extensions ['colcon_meta']
[0.513s] Level 1:colcon.colcon_core.package_identification:_identify(src/courseworks/cw2_team_14) by extension 'colcon_meta'
[0.513s] Level 1:colcon.colcon_core.package_identification:_identify(src/courseworks/cw2_team_14) by extensions ['ros']
[0.513s] Level 1:colcon.colcon_core.package_identification:_identify(src/courseworks/cw2_team_14) by extension 'ros'
[0.517s] DEBUG:colcon.colcon_core.package_identification:Package 'src/courseworks/cw2_team_14' with type 'ros.ament_cmake' and name 'cw2_team_14'
[0.518s] Level 1:colcon.colcon_core.package_identification:_identify(src/courseworks/cw2_world_spawner) by extensions ['ignore', 'ignore_ament_install']
[0.518s] Level 1:colcon.colcon_core.package_identification:_identify(src/courseworks/cw2_world_spawner) by extension 'ignore'
[0.518s] Level 1:colcon.colcon_core.package_identification:_identify(src/courseworks/cw2_world_spawner) by extension 'ignore_ament_install'
[0.518s] Level 1:colcon.colcon_core.package_identification:_identify(src/courseworks/cw2_world_spawner) by extensions ['colcon_pkg']
[0.518s] Level 1:colcon.colcon_core.package_identification:_identify(src/courseworks/cw2_world_spawner) by extension 'colcon_pkg'
[0.518s] Level 1:colcon.colcon_core.package_identification:_identify(src/courseworks/cw2_world_spawner) by extensions ['colcon_meta']
[0.518s] Level 1:colcon.colcon_core.package_identification:_identify(src/courseworks/cw2_world_spawner) by extension 'colcon_meta'
[0.518s] Level 1:colcon.colcon_core.package_identification:_identify(src/courseworks/cw2_world_spawner) by extensions ['ros']
[0.518s] Level 1:colcon.colcon_core.package_identification:_identify(src/courseworks/cw2_world_spawner) by extension 'ros'
[0.519s] DEBUG:colcon.colcon_core.package_identification:Package 'src/courseworks/cw2_world_spawner' with type 'ros.ament_cmake' and name 'cw2_world_spawner'
[0.519s] Level 1:colcon.colcon_core.package_identification:_identify(src/courseworks/panda_description) by extensions ['ignore', 'ignore_ament_install']
[0.520s] Level 1:colcon.colcon_core.package_identification:_identify(src/courseworks/panda_description) by extension 'ignore'
[0.520s] Level 1:colcon.colcon_core.package_identification:_identify(src/courseworks/panda_description) by extension 'ignore_ament_install'
[0.520s] Level 1:colcon.colcon_core.package_identification:_identify(src/courseworks/panda_description) by extensions ['colcon_pkg']
[0.520s] Level 1:colcon.colcon_core.package_identification:_identify(src/courseworks/panda_description) by extension 'colcon_pkg'
[0.520s] Level 1:colcon.colcon_core.package_identification:_identify(src/courseworks/panda_description) by extensions ['colcon_meta']
[0.520s] Level 1:colcon.colcon_core.package_identification:_identify(src/courseworks/panda_description) by extension 'colcon_meta'
[0.520s] Level 1:colcon.colcon_core.package_identification:_identify(src/courseworks/panda_description) by extensions ['ros']
[0.520s] Level 1:colcon.colcon_core.package_identification:_identify(src/courseworks/panda_description) by extension 'ros'
[0.521s] DEBUG:colcon.colcon_core.package_identification:Package 'src/courseworks/panda_description' with type 'ros.ament_cmake' and name 'panda_description'
[0.521s] Level 1:colcon.colcon_core.package_identification:_identify(src/courseworks/panda_moveit_config) by extensions ['ignore', 'ignore_ament_install']
[0.521s] Level 1:colcon.colcon_core.package_identification:_identify(src/courseworks/panda_moveit_config) by extension 'ignore'
[0.521s] Level 1:colcon.colcon_core.package_identification:_identify(src/courseworks/panda_moveit_config) by extension 'ignore_ament_install'
[0.522s] Level 1:colcon.colcon_core.package_identification:_identify(src/courseworks/panda_moveit_config) by extensions ['colcon_pkg']
[0.522s] Level 1:colcon.colcon_core.package_identification:_identify(src/courseworks/panda_moveit_config) by extension 'colcon_pkg'
[0.522s] Level 1:colcon.colcon_core.package_identification:_identify(src/courseworks/panda_moveit_config) by extensions ['colcon_meta']
[0.522s] Level 1:colcon.colcon_core.package_identification:_identify(src/courseworks/panda_moveit_config) by extension 'colcon_meta'
[0.522s] Level 1:colcon.colcon_core.package_identification:_identify(src/courseworks/panda_moveit_config) by extensions ['ros']
[0.522s] Level 1:colcon.colcon_core.package_identification:_identify(src/courseworks/panda_moveit_config) by extension 'ros'
[0.523s] DEBUG:colcon.colcon_core.package_identification:Package 'src/courseworks/panda_moveit_config' with type 'ros.ament_cmake' and name 'panda_moveit_config'
[0.524s] Level 1:colcon.colcon_core.package_identification:_identify(src/courseworks/realsense_gazebo_plugin) by extensions ['ignore', 'ignore_ament_install']
[0.524s] Level 1:colcon.colcon_core.package_identification:_identify(src/courseworks/realsense_gazebo_plugin) by extension 'ignore'
[0.524s] Level 1:colcon.colcon_core.package_identification:_identify(src/courseworks/realsense_gazebo_plugin) by extension 'ignore_ament_install'
[0.524s] Level 1:colcon.colcon_core.package_identification:_identify(src/courseworks/realsense_gazebo_plugin) by extensions ['colcon_pkg']
[0.524s] Level 1:colcon.colcon_core.package_identification:_identify(src/courseworks/realsense_gazebo_plugin) by extension 'colcon_pkg'
[0.524s] Level 1:colcon.colcon_core.package_identification:_identify(src/courseworks/realsense_gazebo_plugin) by extensions ['colcon_meta']
[0.524s] Level 1:colcon.colcon_core.package_identification:_identify(src/courseworks/realsense_gazebo_plugin) by extension 'colcon_meta'
[0.524s] Level 1:colcon.colcon_core.package_identification:_identify(src/courseworks/realsense_gazebo_plugin) by extensions ['ros']
[0.524s] Level 1:colcon.colcon_core.package_identification:_identify(src/courseworks/realsense_gazebo_plugin) by extension 'ros'
[0.525s] DEBUG:colcon.colcon_core.package_identification:Package 'src/courseworks/realsense_gazebo_plugin' with type 'ros.ament_cmake' and name 'realsense_gazebo_plugin'
[0.525s] Level 1:colcon.colcon_core.package_identification:_identify(src/courseworks/rpl_panda_with_rs) by extensions ['ignore', 'ignore_ament_install']
[0.525s] Level 1:colcon.colcon_core.package_identification:_identify(src/courseworks/rpl_panda_with_rs) by extension 'ignore'
[0.526s] Level 1:colcon.colcon_core.package_identification:_identify(src/courseworks/rpl_panda_with_rs) by extension 'ignore_ament_install'
[0.526s] Level 1:colcon.colcon_core.package_identification:_identify(src/courseworks/rpl_panda_with_rs) by extensions ['colcon_pkg']
[0.526s] Level 1:colcon.colcon_core.package_identification:_identify(src/courseworks/rpl_panda_with_rs) by extension 'colcon_pkg'
[0.526s] Level 1:colcon.colcon_core.package_identification:_identify(src/courseworks/rpl_panda_with_rs) by extensions ['colcon_meta']
[0.526s] Level 1:colcon.colcon_core.package_identification:_identify(src/courseworks/rpl_panda_with_rs) by extension 'colcon_meta'
[0.526s] Level 1:colcon.colcon_core.package_identification:_identify(src/courseworks/rpl_panda_with_rs) by extensions ['ros']
[0.526s] Level 1:colcon.colcon_core.package_identification:_identify(src/courseworks/rpl_panda_with_rs) by extension 'ros'
[0.527s] DEBUG:colcon.colcon_core.package_identification:Package 'src/courseworks/rpl_panda_with_rs' with type 'ros.ament_cmake' and name 'rpl_panda_with_rs'
[0.527s] Level 1:colcon.colcon_core.package_discovery:discover_packages(recursive) using defaults
[0.527s] Level 1:colcon.colcon_core.package_discovery:discover_packages(ignore) discover
[0.527s] Level 1:colcon.colcon_core.package_discovery:discover_packages(ignore) using defaults
[0.527s] Level 1:colcon.colcon_core.package_discovery:discover_packages(path) discover
[0.527s] Level 1:colcon.colcon_core.package_discovery:discover_packages(path) using defaults
[0.558s] Level 1:colcon.colcon_core.package_discovery:discover_packages(prefix_path) check parameters
[0.558s] Level 1:colcon.colcon_core.package_discovery:discover_packages(prefix_path) discover
[0.560s] WARNING:colcon.colcon_ros.prefix_path.ament:The path '/home/bizare/Desktop/cw2_team_14/install/rpl_panda_with_rs' in the environment variable AMENT_PREFIX_PATH doesn't exist
[0.560s] WARNING:colcon.colcon_ros.prefix_path.ament:The path '/home/bizare/Desktop/cw2_team_14/install/realsense_gazebo_plugin' in the environment variable AMENT_PREFIX_PATH doesn't exist
[0.560s] WARNING:colcon.colcon_ros.prefix_path.ament:The path '/home/bizare/Desktop/cw2_team_14/install/panda_moveit_config' in the environment variable AMENT_PREFIX_PATH doesn't exist
[0.560s] WARNING:colcon.colcon_ros.prefix_path.ament:The path '/home/bizare/Desktop/cw2_team_14/install/panda_description' in the environment variable AMENT_PREFIX_PATH doesn't exist
[0.560s] WARNING:colcon.colcon_ros.prefix_path.ament:The path '/home/bizare/Desktop/cw2_team_14/install/cw2_team_14' in the environment variable AMENT_PREFIX_PATH doesn't exist
[0.560s] WARNING:colcon.colcon_ros.prefix_path.ament:The path '/home/bizare/Desktop/cw2_team_14/install/cw2_world_spawner' in the environment variable AMENT_PREFIX_PATH doesn't exist
[0.561s] WARNING:colcon.colcon_ros.prefix_path.catkin:The path '/home/bizare/Desktop/cw2_team_14/install/rpl_panda_with_rs' in the environment variable CMAKE_PREFIX_PATH doesn't exist
[0.561s] WARNING:colcon.colcon_ros.prefix_path.catkin:The path '/home/bizare/Desktop/cw2_team_14/install/realsense_gazebo_plugin' in the environment variable CMAKE_PREFIX_PATH doesn't exist
[0.561s] WARNING:colcon.colcon_ros.prefix_path.catkin:The path '/home/bizare/Desktop/cw2_team_14/install/panda_moveit_config' in the environment variable CMAKE_PREFIX_PATH doesn't exist
[0.561s] WARNING:colcon.colcon_ros.prefix_path.catkin:The path '/home/bizare/Desktop/cw2_team_14/install/panda_description' in the environment variable CMAKE_PREFIX_PATH doesn't exist
[0.561s] WARNING:colcon.colcon_ros.prefix_path.catkin:The path '/home/bizare/Desktop/cw2_team_14/install/cw2_team_14' in the environment variable CMAKE_PREFIX_PATH doesn't exist
[0.561s] WARNING:colcon.colcon_ros.prefix_path.catkin:The path '/home/bizare/Desktop/cw2_team_14/install/cw2_world_spawner' in the environment variable CMAKE_PREFIX_PATH doesn't exist
[0.562s] DEBUG:colcon.colcon_installed_package_information.package_discovery:Found 0 installed packages in /home/bizare/Desktop/cw2_team_14/install
[0.563s] DEBUG:colcon.colcon_installed_package_information.package_discovery:Found 375 installed packages in /opt/ros/humble
[0.565s] Level 1:colcon.colcon_core.package_discovery:discover_packages(prefix_path) using defaults
[0.608s] Level 5:colcon.colcon_core.verb:set package 'cw2_world_spawner' build argument 'cmake_args' from command line to 'None'
[0.608s] Level 5:colcon.colcon_core.verb:set package 'cw2_world_spawner' build argument 'cmake_target' from command line to 'None'
[0.608s] Level 5:colcon.colcon_core.verb:set package 'cw2_world_spawner' build argument 'cmake_target_skip_unavailable' from command line to 'False'
[0.608s] Level 5:colcon.colcon_core.verb:set package 'cw2_world_spawner' build argument 'cmake_clean_cache' from command line to 'False'
[0.608s] Level 5:colcon.colcon_core.verb:set package 'cw2_world_spawner' build argument 'cmake_clean_first' from command line to 'False'
[0.608s] Level 5:colcon.colcon_core.verb:set package 'cw2_world_spawner' build argument 'cmake_force_configure' from command line to 'False'
[0.608s] Level 5:colcon.colcon_core.verb:set package 'cw2_world_spawner' build argument 'ament_cmake_args' from command line to 'None'
[0.608s] Level 5:colcon.colcon_core.verb:set package 'cw2_world_spawner' build argument 'catkin_cmake_args' from command line to 'None'
[0.608s] Level 5:colcon.colcon_core.verb:set package 'cw2_world_spawner' build argument 'catkin_skip_building_tests' from command line to 'False'
[0.608s] DEBUG:colcon.colcon_core.verb:Building package 'cw2_world_spawner' with the following arguments: {'ament_cmake_args': None, 'build_base': '/home/bizare/Desktop/cw2_team_14/build/cw2_world_spawner', 'catkin_cmake_args': None, 'catkin_skip_building_tests': False, 'cmake_args': None, 'cmake_clean_cache': False, 'cmake_clean_first': False, 'cmake_force_configure': False, 'cmake_target': None, 'cmake_target_skip_unavailable': False, 'install_base': '/home/bizare/Desktop/cw2_team_14/install/cw2_world_spawner', 'merge_install': False, 'path': '/home/bizare/Desktop/cw2_team_14/src/courseworks/cw2_world_spawner', 'symlink_install': False, 'test_result_base': None}
[0.608s] Level 5:colcon.colcon_core.verb:set package 'panda_description' build argument 'cmake_args' from command line to 'None'
[0.608s] Level 5:colcon.colcon_core.verb:set package 'panda_description' build argument 'cmake_target' from command line to 'None'
[0.608s] Level 5:colcon.colcon_core.verb:set package 'panda_description' build argument 'cmake_target_skip_unavailable' from command line to 'False'
[0.608s] Level 5:colcon.colcon_core.verb:set package 'panda_description' build argument 'cmake_clean_cache' from command line to 'False'
[0.608s] Level 5:colcon.colcon_core.verb:set package 'panda_description' build argument 'cmake_clean_first' from command line to 'False'
[0.609s] Level 5:colcon.colcon_core.verb:set package 'panda_description' build argument 'cmake_force_configure' from command line to 'False'
[0.609s] Level 5:colcon.colcon_core.verb:set package 'panda_description' build argument 'ament_cmake_args' from command line to 'None'
[0.609s] Level 5:colcon.colcon_core.verb:set package 'panda_description' build argument 'catkin_cmake_args' from command line to 'None'
[0.609s] Level 5:colcon.colcon_core.verb:set package 'panda_description' build argument 'catkin_skip_building_tests' from command line to 'False'
[0.609s] DEBUG:colcon.colcon_core.verb:Building package 'panda_description' with the following arguments: {'ament_cmake_args': None, 'build_base': '/home/bizare/Desktop/cw2_team_14/build/panda_description', 'catkin_cmake_args': None, 'catkin_skip_building_tests': False, 'cmake_args': None, 'cmake_clean_cache': False, 'cmake_clean_first': False, 'cmake_force_configure': False, 'cmake_target': None, 'cmake_target_skip_unavailable': False, 'install_base': '/home/bizare/Desktop/cw2_team_14/install/panda_description', 'merge_install': False, 'path': '/home/bizare/Desktop/cw2_team_14/src/courseworks/panda_description', 'symlink_install': False, 'test_result_base': None}
[0.609s] Level 5:colcon.colcon_core.verb:set package 'panda_moveit_config' build argument 'cmake_args' from command line to 'None'
[0.609s] Level 5:colcon.colcon_core.verb:set package 'panda_moveit_config' build argument 'cmake_target' from command line to 'None'
[0.609s] Level 5:colcon.colcon_core.verb:set package 'panda_moveit_config' build argument 'cmake_target_skip_unavailable' from command line to 'False'
[0.609s] Level 5:colcon.colcon_core.verb:set package 'panda_moveit_config' build argument 'cmake_clean_cache' from command line to 'False'
[0.609s] Level 5:colcon.colcon_core.verb:set package 'panda_moveit_config' build argument 'cmake_clean_first' from command line to 'False'
[0.609s] Level 5:colcon.colcon_core.verb:set package 'panda_moveit_config' build argument 'cmake_force_configure' from command line to 'False'
[0.609s] Level 5:colcon.colcon_core.verb:set package 'panda_moveit_config' build argument 'ament_cmake_args' from command line to 'None'
[0.609s] Level 5:colcon.colcon_core.verb:set package 'panda_moveit_config' build argument 'catkin_cmake_args' from command line to 'None'
[0.609s] Level 5:colcon.colcon_core.verb:set package 'panda_moveit_config' build argument 'catkin_skip_building_tests' from command line to 'False'
[0.609s] DEBUG:colcon.colcon_core.verb:Building package 'panda_moveit_config' with the following arguments: {'ament_cmake_args': None, 'build_base': '/home/bizare/Desktop/cw2_team_14/build/panda_moveit_config', 'catkin_cmake_args': None, 'catkin_skip_building_tests': False, 'cmake_args': None, 'cmake_clean_cache': False, 'cmake_clean_first': False, 'cmake_force_configure': False, 'cmake_target': None, 'cmake_target_skip_unavailable': False, 'install_base': '/home/bizare/Desktop/cw2_team_14/install/panda_moveit_config', 'merge_install': False, 'path': '/home/bizare/Desktop/cw2_team_14/src/courseworks/panda_moveit_config', 'symlink_install': False, 'test_result_base': None}
[0.610s] Level 5:colcon.colcon_core.verb:set package 'realsense_gazebo_plugin' build argument 'cmake_args' from command line to 'None'
[0.610s] Level 5:colcon.colcon_core.verb:set package 'realsense_gazebo_plugin' build argument 'cmake_target' from command line to 'None'
[0.610s] Level 5:colcon.colcon_core.verb:set package 'realsense_gazebo_plugin' build argument 'cmake_target_skip_unavailable' from command line to 'False'
[0.610s] Level 5:colcon.colcon_core.verb:set package 'realsense_gazebo_plugin' build argument 'cmake_clean_cache' from command line to 'False'
[0.611s] Level 5:colcon.colcon_core.verb:set package 'realsense_gazebo_plugin' build argument 'cmake_clean_first' from command line to 'False'
[0.611s] Level 5:colcon.colcon_core.verb:set package 'realsense_gazebo_plugin' build argument 'cmake_force_configure' from command line to 'False'
[0.611s] Level 5:colcon.colcon_core.verb:set package 'realsense_gazebo_plugin' build argument 'ament_cmake_args' from command line to 'None'
[0.611s] Level 5:colcon.colcon_core.verb:set package 'realsense_gazebo_plugin' build argument 'catkin_cmake_args' from command line to 'None'
[0.611s] Level 5:colcon.colcon_core.verb:set package 'realsense_gazebo_plugin' build argument 'catkin_skip_building_tests' from command line to 'False'
[0.611s] DEBUG:colcon.colcon_core.verb:Building package 'realsense_gazebo_plugin' with the following arguments: {'ament_cmake_args': None, 'build_base': '/home/bizare/Desktop/cw2_team_14/build/realsense_gazebo_plugin', 'catkin_cmake_args': None, 'catkin_skip_building_tests': False, 'cmake_args': None, 'cmake_clean_cache': False, 'cmake_clean_first': False, 'cmake_force_configure': False, 'cmake_target': None, 'cmake_target_skip_unavailable': False, 'install_base': '/home/bizare/Desktop/cw2_team_14/install/realsense_gazebo_plugin', 'merge_install': False, 'path': '/home/bizare/Desktop/cw2_team_14/src/courseworks/realsense_gazebo_plugin', 'symlink_install': False, 'test_result_base': None}
[0.612s] Level 5:colcon.colcon_core.verb:set package 'cw2_team_14' build argument 'cmake_args' from command line to 'None'
[0.612s] Level 5:colcon.colcon_core.verb:set package 'cw2_team_14' build argument 'cmake_target' from command line to 'None'
[0.612s] Level 5:colcon.colcon_core.verb:set package 'cw2_team_14' build argument 'cmake_target_skip_unavailable' from command line to 'False'
[0.612s] Level 5:colcon.colcon_core.verb:set package 'cw2_team_14' build argument 'cmake_clean_cache' from command line to 'False'
[0.612s] Level 5:colcon.colcon_core.verb:set package 'cw2_team_14' build argument 'cmake_clean_first' from command line to 'False'
[0.612s] Level 5:colcon.colcon_core.verb:set package 'cw2_team_14' build argument 'cmake_force_configure' from command line to 'False'
[0.612s] Level 5:colcon.colcon_core.verb:set package 'cw2_team_14' build argument 'ament_cmake_args' from command line to 'None'
[0.612s] Level 5:colcon.colcon_core.verb:set package 'cw2_team_14' build argument 'catkin_cmake_args' from command line to 'None'
[0.612s] Level 5:colcon.colcon_core.verb:set package 'cw2_team_14' build argument 'catkin_skip_building_tests' from command line to 'False'
[0.612s] DEBUG:colcon.colcon_core.verb:Building package 'cw2_team_14' with the following arguments: {'ament_cmake_args': None, 'build_base': '/home/bizare/Desktop/cw2_team_14/build/cw2_team_14', 'catkin_cmake_args': None, 'catkin_skip_building_tests': False, 'cmake_args': None, 'cmake_clean_cache': False, 'cmake_clean_first': False, 'cmake_force_configure': False, 'cmake_target': None, 'cmake_target_skip_unavailable': False, 'install_base': '/home/bizare/Desktop/cw2_team_14/install/cw2_team_14', 'merge_install': False, 'path': '/home/bizare/Desktop/cw2_team_14/src/courseworks/cw2_team_14', 'symlink_install': False, 'test_result_base': None}
[0.612s] Level 5:colcon.colcon_core.verb:set package 'rpl_panda_with_rs' build argument 'cmake_args' from command line to 'None'
[0.613s] Level 5:colcon.colcon_core.verb:set package 'rpl_panda_with_rs' build argument 'cmake_target' from command line to 'None'
[0.613s] Level 5:colcon.colcon_core.verb:set package 'rpl_panda_with_rs' build argument 'cmake_target_skip_unavailable' from command line to 'False'
[0.613s] Level 5:colcon.colcon_core.verb:set package 'rpl_panda_with_rs' build argument 'cmake_clean_cache' from command line to 'False'
[0.613s] Level 5:colcon.colcon_core.verb:set package 'rpl_panda_with_rs' build argument 'cmake_clean_first' from command line to 'False'
[0.613s] Level 5:colcon.colcon_core.verb:set package 'rpl_panda_with_rs' build argument 'cmake_force_configure' from command line to 'False'
[0.613s] Level 5:colcon.colcon_core.verb:set package 'rpl_panda_with_rs' build argument 'ament_cmake_args' from command line to 'None'
[0.613s] Level 5:colcon.colcon_core.verb:set package 'rpl_panda_with_rs' build argument 'catkin_cmake_args' from command line to 'None'
[0.613s] Level 5:colcon.colcon_core.verb:set package 'rpl_panda_with_rs' build argument 'catkin_skip_building_tests' from command line to 'False'
[0.613s] DEBUG:colcon.colcon_core.verb:Building package 'rpl_panda_with_rs' with the following arguments: {'ament_cmake_args': None, 'build_base': '/home/bizare/Desktop/cw2_team_14/build/rpl_panda_with_rs', 'catkin_cmake_args': None, 'catkin_skip_building_tests': False, 'cmake_args': None, 'cmake_clean_cache': False, 'cmake_clean_first': False, 'cmake_force_configure': False, 'cmake_target': None, 'cmake_target_skip_unavailable': False, 'install_base': '/home/bizare/Desktop/cw2_team_14/install/rpl_panda_with_rs', 'merge_install': False, 'path': '/home/bizare/Desktop/cw2_team_14/src/courseworks/rpl_panda_with_rs', 'symlink_install': False, 'test_result_base': None}
[0.613s] INFO:colcon.colcon_core.executor:Executing jobs using 'parallel' executor
[0.615s] DEBUG:colcon.colcon_parallel_executor.executor.parallel:run_until_complete
[0.615s] INFO:colcon.colcon_ros.task.ament_cmake.build:Building ROS package in '/home/bizare/Desktop/cw2_team_14/src/courseworks/cw2_world_spawner' with build type 'ament_cmake'
[0.615s] INFO:colcon.colcon_cmake.task.cmake.build:Building CMake package in '/home/bizare/Desktop/cw2_team_14/src/courseworks/cw2_world_spawner'
[0.622s] INFO:colcon.colcon_core.plugin_system:Skipping extension 'colcon_core.shell.bat': Not used on non-Windows systems
[0.622s] INFO:colcon.colcon_core.shell:Skip shell extension 'powershell' for command environment: Not usable outside of PowerShell
[0.623s] DEBUG:colcon.colcon_core.shell:Skip shell extension 'dsv' for command environment
[0.629s] INFO:colcon.colcon_ros.task.ament_cmake.build:Building ROS package in '/home/bizare/Desktop/cw2_team_14/src/courseworks/panda_moveit_config' with build type 'ament_cmake'
[0.629s] INFO:colcon.colcon_cmake.task.cmake.build:Building CMake package in '/home/bizare/Desktop/cw2_team_14/src/courseworks/panda_moveit_config'
[0.629s] INFO:colcon.colcon_core.shell:Skip shell extension 'powershell' for command environment: Not usable outside of PowerShell
[0.629s] DEBUG:colcon.colcon_core.shell:Skip shell extension 'dsv' for command environment
[0.637s] DEBUG:colcon.colcon_core.event_handler.log_command:Invoking command in '/home/bizare/Desktop/cw2_team_14/build/cw2_world_spawner': CMAKE_PREFIX_PATH=${CMAKE_PREFIX_PATH}:/opt/ros/humble /usr/bin/cmake /home/bizare/Desktop/cw2_team_14/src/courseworks/cw2_world_spawner -DCMAKE_INSTALL_PREFIX=/home/bizare/Desktop/cw2_team_14/install/cw2_world_spawner
[0.644s] DEBUG:colcon.colcon_core.event_handler.log_command:Invoking command in '/home/bizare/Desktop/cw2_team_14/build/panda_moveit_config': CMAKE_PREFIX_PATH=${CMAKE_PREFIX_PATH}:/opt/ros/humble /usr/bin/cmake /home/bizare/Desktop/cw2_team_14/src/courseworks/panda_moveit_config -DCMAKE_INSTALL_PREFIX=/home/bizare/Desktop/cw2_team_14/install/panda_moveit_config
[1.959s] DEBUG:colcon.colcon_core.event_handler.log_command:Invoked command in '/home/bizare/Desktop/cw2_team_14/build/panda_moveit_config' returned '0': CMAKE_PREFIX_PATH=${CMAKE_PREFIX_PATH}:/opt/ros/humble /usr/bin/cmake /home/bizare/Desktop/cw2_team_14/src/courseworks/panda_moveit_config -DCMAKE_INSTALL_PREFIX=/home/bizare/Desktop/cw2_team_14/install/panda_moveit_config
[1.964s] DEBUG:colcon.colcon_core.event_handler.log_command:Invoking command in '/home/bizare/Desktop/cw2_team_14/build/panda_moveit_config': CMAKE_PREFIX_PATH=${CMAKE_PREFIX_PATH}:/opt/ros/humble /usr/bin/cmake --build /home/bizare/Desktop/cw2_team_14/build/panda_moveit_config -- -j2 -l2
[2.004s] DEBUG:colcon.colcon_core.event_handler.log_command:Invoked command in '/home/bizare/Desktop/cw2_team_14/build/panda_moveit_config' returned '0': CMAKE_PREFIX_PATH=${CMAKE_PREFIX_PATH}:/opt/ros/humble /usr/bin/cmake --build /home/bizare/Desktop/cw2_team_14/build/panda_moveit_config -- -j2 -l2
[2.016s] DEBUG:colcon.colcon_core.event_handler.log_command:Invoking command in '/home/bizare/Desktop/cw2_team_14/build/panda_moveit_config': CMAKE_PREFIX_PATH=${CMAKE_PREFIX_PATH}:/opt/ros/humble /usr/bin/cmake --install /home/bizare/Desktop/cw2_team_14/build/panda_moveit_config
[2.054s] Level 1:colcon.colcon_core.environment:create_environment_scripts_only(panda_moveit_config)
[2.066s] DEBUG:colcon.colcon_core.event_handler.log_command:Invoked command in '/home/bizare/Desktop/cw2_team_14/build/panda_moveit_config' returned '0': CMAKE_PREFIX_PATH=${CMAKE_PREFIX_PATH}:/opt/ros/humble /usr/bin/cmake --install /home/bizare/Desktop/cw2_team_14/build/panda_moveit_config
[2.070s] Level 1:colcon.colcon_core.environment:checking '/home/bizare/Desktop/cw2_team_14/install/panda_moveit_config' for CMake module files
[2.071s] Level 1:colcon.colcon_core.environment:checking '/home/bizare/Desktop/cw2_team_14/install/panda_moveit_config' for CMake config files
[2.071s] Level 1:colcon.colcon_core.shell:create_environment_hook('panda_moveit_config', 'cmake_prefix_path')
[2.071s] INFO:colcon.colcon_core.shell:Creating environment hook '/home/bizare/Desktop/cw2_team_14/install/panda_moveit_config/share/panda_moveit_config/hook/cmake_prefix_path.ps1'
[2.074s] INFO:colcon.colcon_core.shell:Creating environment descriptor '/home/bizare/Desktop/cw2_team_14/install/panda_moveit_config/share/panda_moveit_config/hook/cmake_prefix_path.dsv'
[2.074s] INFO:colcon.colcon_core.shell:Creating environment hook '/home/bizare/Desktop/cw2_team_14/install/panda_moveit_config/share/panda_moveit_config/hook/cmake_prefix_path.sh'
[2.076s] Level 1:colcon.colcon_core.environment:checking '/home/bizare/Desktop/cw2_team_14/install/panda_moveit_config/bin'
[2.076s] Level 1:colcon.colcon_core.environment:checking '/home/bizare/Desktop/cw2_team_14/install/panda_moveit_config/lib/pkgconfig/panda_moveit_config.pc'
[2.076s] Level 1:colcon.colcon_core.environment:checking '/home/bizare/Desktop/cw2_team_14/install/panda_moveit_config/lib/python3.10/site-packages'
[2.077s] Level 1:colcon.colcon_core.environment:checking '/home/bizare/Desktop/cw2_team_14/install/panda_moveit_config/bin'
[2.077s] INFO:colcon.colcon_core.shell:Creating package script '/home/bizare/Desktop/cw2_team_14/install/panda_moveit_config/share/panda_moveit_config/package.ps1'
[2.079s] INFO:colcon.colcon_core.shell:Creating package descriptor '/home/bizare/Desktop/cw2_team_14/install/panda_moveit_config/share/panda_moveit_config/package.dsv'
[2.080s] INFO:colcon.colcon_core.shell:Creating package script '/home/bizare/Desktop/cw2_team_14/install/panda_moveit_config/share/panda_moveit_config/package.sh'
[2.081s] INFO:colcon.colcon_core.shell:Creating package script '/home/bizare/Desktop/cw2_team_14/install/panda_moveit_config/share/panda_moveit_config/package.bash'
[2.084s] INFO:colcon.colcon_core.shell:Creating package script '/home/bizare/Desktop/cw2_team_14/install/panda_moveit_config/share/panda_moveit_config/package.zsh'
[2.086s] Level 1:colcon.colcon_core.environment:create_file_with_runtime_dependencies(/home/bizare/Desktop/cw2_team_14/install/panda_moveit_config/share/colcon-core/packages/panda_moveit_config)
[2.087s] Level 1:colcon.colcon_core.environment:create_environment_scripts_only(panda_moveit_config)
[2.087s] Level 1:colcon.colcon_core.environment:checking '/home/bizare/Desktop/cw2_team_14/install/panda_moveit_config' for CMake module files
[2.087s] Level 1:colcon.colcon_core.environment:checking '/home/bizare/Desktop/cw2_team_14/install/panda_moveit_config' for CMake config files
[2.087s] Level 1:colcon.colcon_core.shell:create_environment_hook('panda_moveit_config', 'cmake_prefix_path')
[2.087s] INFO:colcon.colcon_core.shell:Creating environment hook '/home/bizare/Desktop/cw2_team_14/install/panda_moveit_config/share/panda_moveit_config/hook/cmake_prefix_path.ps1'
[2.090s] INFO:colcon.colcon_core.shell:Creating environment descriptor '/home/bizare/Desktop/cw2_team_14/install/panda_moveit_config/share/panda_moveit_config/hook/cmake_prefix_path.dsv'
[2.091s] INFO:colcon.colcon_core.shell:Creating environment hook '/home/bizare/Desktop/cw2_team_14/install/panda_moveit_config/share/panda_moveit_config/hook/cmake_prefix_path.sh'
[2.093s] Level 1:colcon.colcon_core.environment:checking '/home/bizare/Desktop/cw2_team_14/install/panda_moveit_config/bin'
[2.093s] Level 1:colcon.colcon_core.environment:checking '/home/bizare/Desktop/cw2_team_14/install/panda_moveit_config/lib/pkgconfig/panda_moveit_config.pc'
[2.093s] Level 1:colcon.colcon_core.environment:checking '/home/bizare/Desktop/cw2_team_14/install/panda_moveit_config/lib/python3.10/site-packages'
[2.093s] Level 1:colcon.colcon_core.environment:checking '/home/bizare/Desktop/cw2_team_14/install/panda_moveit_config/bin'
[2.093s] INFO:colcon.colcon_core.shell:Creating package script '/home/bizare/Desktop/cw2_team_14/install/panda_moveit_config/share/panda_moveit_config/package.ps1'
[2.096s] INFO:colcon.colcon_core.shell:Creating package descriptor '/home/bizare/Desktop/cw2_team_14/install/panda_moveit_config/share/panda_moveit_config/package.dsv'
[2.097s] INFO:colcon.colcon_core.shell:Creating package script '/home/bizare/Desktop/cw2_team_14/install/panda_moveit_config/share/panda_moveit_config/package.sh'
[2.098s] INFO:colcon.colcon_core.shell:Creating package script '/home/bizare/Desktop/cw2_team_14/install/panda_moveit_config/share/panda_moveit_config/package.bash'
[2.099s] INFO:colcon.colcon_core.shell:Creating package script '/home/bizare/Desktop/cw2_team_14/install/panda_moveit_config/share/panda_moveit_config/package.zsh'
[2.100s] Level 1:colcon.colcon_core.environment:create_file_with_runtime_dependencies(/home/bizare/Desktop/cw2_team_14/install/panda_moveit_config/share/colcon-core/packages/panda_moveit_config)
[2.101s] INFO:colcon.colcon_ros.task.ament_cmake.build:Building ROS package in '/home/bizare/Desktop/cw2_team_14/src/courseworks/realsense_gazebo_plugin' with build type 'ament_cmake'
[2.101s] INFO:colcon.colcon_cmake.task.cmake.build:Building CMake package in '/home/bizare/Desktop/cw2_team_14/src/courseworks/realsense_gazebo_plugin'
[2.101s] INFO:colcon.colcon_core.shell:Skip shell extension 'powershell' for command environment: Not usable outside of PowerShell
[2.101s] DEBUG:colcon.colcon_core.shell:Skip shell extension 'dsv' for command environment
[2.122s] DEBUG:colcon.colcon_core.event_handler.log_command:Invoking command in '/home/bizare/Desktop/cw2_team_14/build/realsense_gazebo_plugin': CMAKE_PREFIX_PATH=${CMAKE_PREFIX_PATH}:/opt/ros/humble /usr/bin/cmake /home/bizare/Desktop/cw2_team_14/src/courseworks/realsense_gazebo_plugin -DCMAKE_INSTALL_PREFIX=/home/bizare/Desktop/cw2_team_14/install/realsense_gazebo_plugin
[4.287s] DEBUG:colcon.colcon_core.event_handler.log_command:Invoked command in '/home/bizare/Desktop/cw2_team_14/build/cw2_world_spawner' returned '0': CMAKE_PREFIX_PATH=${CMAKE_PREFIX_PATH}:/opt/ros/humble /usr/bin/cmake /home/bizare/Desktop/cw2_team_14/src/courseworks/cw2_world_spawner -DCMAKE_INSTALL_PREFIX=/home/bizare/Desktop/cw2_team_14/install/cw2_world_spawner
[4.287s] DEBUG:colcon.colcon_core.event_handler.log_command:Invoking command in '/home/bizare/Desktop/cw2_team_14/build/cw2_world_spawner': CMAKE_PREFIX_PATH=${CMAKE_PREFIX_PATH}:/opt/ros/humble /usr/bin/cmake --build /home/bizare/Desktop/cw2_team_14/build/cw2_world_spawner -- -j2 -l2
[6.466s] DEBUG:colcon.colcon_core.event_handler.log_command:Invoked command in '/home/bizare/Desktop/cw2_team_14/build/realsense_gazebo_plugin' returned '0': CMAKE_PREFIX_PATH=${CMAKE_PREFIX_PATH}:/opt/ros/humble /usr/bin/cmake /home/bizare/Desktop/cw2_team_14/src/courseworks/realsense_gazebo_plugin -DCMAKE_INSTALL_PREFIX=/home/bizare/Desktop/cw2_team_14/install/realsense_gazebo_plugin
[6.471s] DEBUG:colcon.colcon_core.event_handler.log_command:Invoking command in '/home/bizare/Desktop/cw2_team_14/build/realsense_gazebo_plugin': CMAKE_PREFIX_PATH=${CMAKE_PREFIX_PATH}:/opt/ros/humble /usr/bin/cmake --build /home/bizare/Desktop/cw2_team_14/build/realsense_gazebo_plugin -- -j2 -l2
[21.099s] DEBUG:colcon.colcon_core.event_handler.log_command:Invoked command in '/home/bizare/Desktop/cw2_team_14/build/cw2_world_spawner' returned '0': CMAKE_PREFIX_PATH=${CMAKE_PREFIX_PATH}:/opt/ros/humble /usr/bin/cmake --build /home/bizare/Desktop/cw2_team_14/build/cw2_world_spawner -- -j2 -l2
[21.100s] DEBUG:colcon.colcon_core.event_handler.log_command:Invoking command in '/home/bizare/Desktop/cw2_team_14/build/cw2_world_spawner': CMAKE_PREFIX_PATH=${CMAKE_PREFIX_PATH}:/opt/ros/humble /usr/bin/cmake --install /home/bizare/Desktop/cw2_team_14/build/cw2_world_spawner
[21.389s] Level 1:colcon.colcon_core.environment:create_environment_scripts_only(cw2_world_spawner)
[21.389s] Level 1:colcon.colcon_core.environment:checking '/home/bizare/Desktop/cw2_team_14/install/cw2_world_spawner' for CMake module files
[21.390s] Level 1:colcon.colcon_core.environment:checking '/home/bizare/Desktop/cw2_team_14/install/cw2_world_spawner' for CMake config files
[21.390s] Level 1:colcon.colcon_core.shell:create_environment_hook('cw2_world_spawner', 'cmake_prefix_path')
[21.390s] INFO:colcon.colcon_core.shell:Creating environment hook '/home/bizare/Desktop/cw2_team_14/install/cw2_world_spawner/share/cw2_world_spawner/hook/cmake_prefix_path.ps1'
[21.389s] DEBUG:colcon.colcon_core.event_handler.log_command:Invoked command in '/home/bizare/Desktop/cw2_team_14/build/cw2_world_spawner' returned '0': CMAKE_PREFIX_PATH=${CMAKE_PREFIX_PATH}:/opt/ros/humble /usr/bin/cmake --install /home/bizare/Desktop/cw2_team_14/build/cw2_world_spawner
[21.393s] INFO:colcon.colcon_core.shell:Creating environment descriptor '/home/bizare/Desktop/cw2_team_14/install/cw2_world_spawner/share/cw2_world_spawner/hook/cmake_prefix_path.dsv'
[21.394s] INFO:colcon.colcon_core.shell:Creating environment hook '/home/bizare/Desktop/cw2_team_14/install/cw2_world_spawner/share/cw2_world_spawner/hook/cmake_prefix_path.sh'
[21.394s] Level 1:colcon.colcon_core.environment:checking '/home/bizare/Desktop/cw2_team_14/install/cw2_world_spawner/lib'
[21.394s] Level 1:colcon.colcon_core.shell:create_environment_hook('cw2_world_spawner', 'ld_library_path_lib')
[21.394s] INFO:colcon.colcon_core.shell:Creating environment hook '/home/bizare/Desktop/cw2_team_14/install/cw2_world_spawner/share/cw2_world_spawner/hook/ld_library_path_lib.ps1'
[21.397s] INFO:colcon.colcon_core.shell:Creating environment descriptor '/home/bizare/Desktop/cw2_team_14/install/cw2_world_spawner/share/cw2_world_spawner/hook/ld_library_path_lib.dsv'
[21.397s] INFO:colcon.colcon_core.shell:Creating environment hook '/home/bizare/Desktop/cw2_team_14/install/cw2_world_spawner/share/cw2_world_spawner/hook/ld_library_path_lib.sh'
[21.397s] Level 1:colcon.colcon_core.environment:checking '/home/bizare/Desktop/cw2_team_14/install/cw2_world_spawner/bin'
[21.397s] Level 1:colcon.colcon_core.environment:checking '/home/bizare/Desktop/cw2_team_14/install/cw2_world_spawner/lib/pkgconfig/cw2_world_spawner.pc'
[21.397s] Level 1:colcon.colcon_core.environment:checking '/home/bizare/Desktop/cw2_team_14/install/cw2_world_spawner/lib/python3.10/site-packages'
[21.398s] Level 1:colcon.colcon_core.environment:checking '/home/bizare/Desktop/cw2_team_14/install/cw2_world_spawner/bin'
[21.398s] INFO:colcon.colcon_core.shell:Creating package script '/home/bizare/Desktop/cw2_team_14/install/cw2_world_spawner/share/cw2_world_spawner/package.ps1'
[21.399s] INFO:colcon.colcon_core.shell:Creating package descriptor '/home/bizare/Desktop/cw2_team_14/install/cw2_world_spawner/share/cw2_world_spawner/package.dsv'
[21.401s] INFO:colcon.colcon_core.shell:Creating package script '/home/bizare/Desktop/cw2_team_14/install/cw2_world_spawner/share/cw2_world_spawner/package.sh'
[21.402s] INFO:colcon.colcon_core.shell:Creating package script '/home/bizare/Desktop/cw2_team_14/install/cw2_world_spawner/share/cw2_world_spawner/package.bash'
[21.402s] INFO:colcon.colcon_core.shell:Creating package script '/home/bizare/Desktop/cw2_team_14/install/cw2_world_spawner/share/cw2_world_spawner/package.zsh'
[21.403s] Level 1:colcon.colcon_core.environment:create_file_with_runtime_dependencies(/home/bizare/Desktop/cw2_team_14/install/cw2_world_spawner/share/colcon-core/packages/cw2_world_spawner)
[21.403s] Level 1:colcon.colcon_core.environment:create_environment_scripts_only(cw2_world_spawner)
[21.406s] Level 1:colcon.colcon_core.environment:checking '/home/bizare/Desktop/cw2_team_14/install/cw2_world_spawner' for CMake module files
[21.406s] Level 1:colcon.colcon_core.environment:checking '/home/bizare/Desktop/cw2_team_14/install/cw2_world_spawner' for CMake config files
[21.407s] Level 1:colcon.colcon_core.shell:create_environment_hook('cw2_world_spawner', 'cmake_prefix_path')
[21.407s] INFO:colcon.colcon_core.shell:Creating environment hook '/home/bizare/Desktop/cw2_team_14/install/cw2_world_spawner/share/cw2_world_spawner/hook/cmake_prefix_path.ps1'
[21.410s] INFO:colcon.colcon_core.shell:Creating environment descriptor '/home/bizare/Desktop/cw2_team_14/install/cw2_world_spawner/share/cw2_world_spawner/hook/cmake_prefix_path.dsv'
[21.410s] INFO:colcon.colcon_core.shell:Creating environment hook '/home/bizare/Desktop/cw2_team_14/install/cw2_world_spawner/share/cw2_world_spawner/hook/cmake_prefix_path.sh'
[21.411s] Level 1:colcon.colcon_core.environment:checking '/home/bizare/Desktop/cw2_team_14/install/cw2_world_spawner/lib'
[21.411s] Level 1:colcon.colcon_core.shell:create_environment_hook('cw2_world_spawner', 'ld_library_path_lib')
[21.411s] INFO:colcon.colcon_core.shell:Creating environment hook '/home/bizare/Desktop/cw2_team_14/install/cw2_world_spawner/share/cw2_world_spawner/hook/ld_library_path_lib.ps1'
[21.413s] INFO:colcon.colcon_core.shell:Creating environment descriptor '/home/bizare/Desktop/cw2_team_14/install/cw2_world_spawner/share/cw2_world_spawner/hook/ld_library_path_lib.dsv'
[21.413s] INFO:colcon.colcon_core.shell:Creating environment hook '/home/bizare/Desktop/cw2_team_14/install/cw2_world_spawner/share/cw2_world_spawner/hook/ld_library_path_lib.sh'
[21.414s] Level 1:colcon.colcon_core.environment:checking '/home/bizare/Desktop/cw2_team_14/install/cw2_world_spawner/bin'
[21.415s] Level 1:colcon.colcon_core.environment:checking '/home/bizare/Desktop/cw2_team_14/install/cw2_world_spawner/lib/pkgconfig/cw2_world_spawner.pc'
[21.415s] Level 1:colcon.colcon_core.environment:checking '/home/bizare/Desktop/cw2_team_14/install/cw2_world_spawner/lib/python3.10/site-packages'
[21.416s] Level 1:colcon.colcon_core.environment:checking '/home/bizare/Desktop/cw2_team_14/install/cw2_world_spawner/bin'
[21.416s] INFO:colcon.colcon_core.shell:Creating package script '/home/bizare/Desktop/cw2_team_14/install/cw2_world_spawner/share/cw2_world_spawner/package.ps1'
[21.417s] INFO:colcon.colcon_core.shell:Creating package descriptor '/home/bizare/Desktop/cw2_team_14/install/cw2_world_spawner/share/cw2_world_spawner/package.dsv'
[21.419s] INFO:colcon.colcon_core.shell:Creating package script '/home/bizare/Desktop/cw2_team_14/install/cw2_world_spawner/share/cw2_world_spawner/package.sh'
[21.419s] INFO:colcon.colcon_core.shell:Creating package script '/home/bizare/Desktop/cw2_team_14/install/cw2_world_spawner/share/cw2_world_spawner/package.bash'
[21.421s] INFO:colcon.colcon_core.shell:Creating package script '/home/bizare/Desktop/cw2_team_14/install/cw2_world_spawner/share/cw2_world_spawner/package.zsh'
[21.421s] Level 1:colcon.colcon_core.environment:create_file_with_runtime_dependencies(/home/bizare/Desktop/cw2_team_14/install/cw2_world_spawner/share/colcon-core/packages/cw2_world_spawner)
[21.424s] INFO:colcon.colcon_ros.task.ament_cmake.build:Building ROS package in '/home/bizare/Desktop/cw2_team_14/src/courseworks/panda_description' with build type 'ament_cmake'
[21.424s] INFO:colcon.colcon_cmake.task.cmake.build:Building CMake package in '/home/bizare/Desktop/cw2_team_14/src/courseworks/panda_description'
[21.424s] INFO:colcon.colcon_core.shell:Skip shell extension 'powershell' for command environment: Not usable outside of PowerShell
[21.424s] DEBUG:colcon.colcon_core.shell:Skip shell extension 'dsv' for command environment
[21.435s] DEBUG:colcon.colcon_core.event_handler.log_command:Invoking command in '/home/bizare/Desktop/cw2_team_14/build/panda_description': CMAKE_PREFIX_PATH=${CMAKE_PREFIX_PATH}:/opt/ros/humble /usr/bin/cmake /home/bizare/Desktop/cw2_team_14/src/courseworks/panda_description -DCMAKE_INSTALL_PREFIX=/home/bizare/Desktop/cw2_team_14/install/panda_description
[22.694s] DEBUG:colcon.colcon_core.event_handler.log_command:Invoked command in '/home/bizare/Desktop/cw2_team_14/build/panda_description' returned '0': CMAKE_PREFIX_PATH=${CMAKE_PREFIX_PATH}:/opt/ros/humble /usr/bin/cmake /home/bizare/Desktop/cw2_team_14/src/courseworks/panda_description -DCMAKE_INSTALL_PREFIX=/home/bizare/Desktop/cw2_team_14/install/panda_description
[22.695s] DEBUG:colcon.colcon_core.event_handler.log_command:Invoking command in '/home/bizare/Desktop/cw2_team_14/build/panda_description': CMAKE_PREFIX_PATH=${CMAKE_PREFIX_PATH}:/opt/ros/humble /usr/bin/cmake --build /home/bizare/Desktop/cw2_team_14/build/panda_description -- -j2 -l2
[22.786s] DEBUG:colcon.colcon_core.event_handler.log_command:Invoked command in '/home/bizare/Desktop/cw2_team_14/build/panda_description' returned '0': CMAKE_PREFIX_PATH=${CMAKE_PREFIX_PATH}:/opt/ros/humble /usr/bin/cmake --build /home/bizare/Desktop/cw2_team_14/build/panda_description -- -j2 -l2
[22.787s] DEBUG:colcon.colcon_core.event_handler.log_command:Invoking command in '/home/bizare/Desktop/cw2_team_14/build/panda_description': CMAKE_PREFIX_PATH=${CMAKE_PREFIX_PATH}:/opt/ros/humble /usr/bin/cmake --install /home/bizare/Desktop/cw2_team_14/build/panda_description
[22.876s] Level 1:colcon.colcon_core.environment:create_environment_scripts_only(panda_description)
[22.876s] Level 1:colcon.colcon_core.environment:checking '/home/bizare/Desktop/cw2_team_14/install/panda_description' for CMake module files
[22.877s] Level 1:colcon.colcon_core.environment:checking '/home/bizare/Desktop/cw2_team_14/install/panda_description' for CMake config files
[22.877s] Level 1:colcon.colcon_core.shell:create_environment_hook('panda_description', 'cmake_prefix_path')
[22.877s] INFO:colcon.colcon_core.shell:Creating environment hook '/home/bizare/Desktop/cw2_team_14/install/panda_description/share/panda_description/hook/cmake_prefix_path.ps1'
[22.878s] INFO:colcon.colcon_core.shell:Creating environment descriptor '/home/bizare/Desktop/cw2_team_14/install/panda_description/share/panda_description/hook/cmake_prefix_path.dsv'
[22.878s] DEBUG:colcon.colcon_core.event_handler.log_command:Invoked command in '/home/bizare/Desktop/cw2_team_14/build/panda_description' returned '0': CMAKE_PREFIX_PATH=${CMAKE_PREFIX_PATH}:/opt/ros/humble /usr/bin/cmake --install /home/bizare/Desktop/cw2_team_14/build/panda_description
[22.878s] INFO:colcon.colcon_core.shell:Creating environment hook '/home/bizare/Desktop/cw2_team_14/install/panda_description/share/panda_description/hook/cmake_prefix_path.sh'
[22.879s] Level 1:colcon.colcon_core.environment:checking '/home/bizare/Desktop/cw2_team_14/install/panda_description/bin'
[22.879s] Level 1:colcon.colcon_core.environment:checking '/home/bizare/Desktop/cw2_team_14/install/panda_description/lib/pkgconfig/panda_description.pc'
[22.879s] Level 1:colcon.colcon_core.environment:checking '/home/bizare/Desktop/cw2_team_14/install/panda_description/lib/python3.10/site-packages'
[22.879s] Level 1:colcon.colcon_core.environment:checking '/home/bizare/Desktop/cw2_team_14/install/panda_description/bin'
[22.880s] INFO:colcon.colcon_core.shell:Creating package script '/home/bizare/Desktop/cw2_team_14/install/panda_description/share/panda_description/package.ps1'
[22.880s] INFO:colcon.colcon_core.shell:Creating package descriptor '/home/bizare/Desktop/cw2_team_14/install/panda_description/share/panda_description/package.dsv'
[22.880s] INFO:colcon.colcon_core.shell:Creating package script '/home/bizare/Desktop/cw2_team_14/install/panda_description/share/panda_description/package.sh'
[22.881s] INFO:colcon.colcon_core.shell:Creating package script '/home/bizare/Desktop/cw2_team_14/install/panda_description/share/panda_description/package.bash'
[22.881s] INFO:colcon.colcon_core.shell:Creating package script '/home/bizare/Desktop/cw2_team_14/install/panda_description/share/panda_description/package.zsh'
[22.881s] Level 1:colcon.colcon_core.environment:create_file_with_runtime_dependencies(/home/bizare/Desktop/cw2_team_14/install/panda_description/share/colcon-core/packages/panda_description)
[22.882s] Level 1:colcon.colcon_core.environment:create_environment_scripts_only(panda_description)
[22.882s] Level 1:colcon.colcon_core.environment:checking '/home/bizare/Desktop/cw2_team_14/install/panda_description' for CMake module files
[22.882s] Level 1:colcon.colcon_core.environment:checking '/home/bizare/Desktop/cw2_team_14/install/panda_description' for CMake config files
[22.882s] Level 1:colcon.colcon_core.shell:create_environment_hook('panda_description', 'cmake_prefix_path')
[22.882s] INFO:colcon.colcon_core.shell:Creating environment hook '/home/bizare/Desktop/cw2_team_14/install/panda_description/share/panda_description/hook/cmake_prefix_path.ps1'
[22.883s] INFO:colcon.colcon_core.shell:Creating environment descriptor '/home/bizare/Desktop/cw2_team_14/install/panda_description/share/panda_description/hook/cmake_prefix_path.dsv'
[22.883s] INFO:colcon.colcon_core.shell:Creating environment hook '/home/bizare/Desktop/cw2_team_14/install/panda_description/share/panda_description/hook/cmake_prefix_path.sh'
[22.884s] Level 1:colcon.colcon_core.environment:checking '/home/bizare/Desktop/cw2_team_14/install/panda_description/bin'
[22.884s] Level 1:colcon.colcon_core.environment:checking '/home/bizare/Desktop/cw2_team_14/install/panda_description/lib/pkgconfig/panda_description.pc'
[22.885s] Level 1:colcon.colcon_core.environment:checking '/home/bizare/Desktop/cw2_team_14/install/panda_description/lib/python3.10/site-packages'
[22.885s] Level 1:colcon.colcon_core.environment:checking '/home/bizare/Desktop/cw2_team_14/install/panda_description/bin'
[22.885s] INFO:colcon.colcon_core.shell:Creating package script '/home/bizare/Desktop/cw2_team_14/install/panda_description/share/panda_description/package.ps1'
[22.886s] INFO:colcon.colcon_core.shell:Creating package descriptor '/home/bizare/Desktop/cw2_team_14/install/panda_description/share/panda_description/package.dsv'
[22.886s] INFO:colcon.colcon_core.shell:Creating package script '/home/bizare/Desktop/cw2_team_14/install/panda_description/share/panda_description/package.sh'
[22.886s] INFO:colcon.colcon_core.shell:Creating package script '/home/bizare/Desktop/cw2_team_14/install/panda_description/share/panda_description/package.bash'
[22.887s] INFO:colcon.colcon_core.shell:Creating package script '/home/bizare/Desktop/cw2_team_14/install/panda_description/share/panda_description/package.zsh'
[22.887s] Level 1:colcon.colcon_core.environment:create_file_with_runtime_dependencies(/home/bizare/Desktop/cw2_team_14/install/panda_description/share/colcon-core/packages/panda_description)
[22.888s] INFO:colcon.colcon_ros.task.ament_cmake.build:Building ROS package in '/home/bizare/Desktop/cw2_team_14/src/courseworks/cw2_team_14' with build type 'ament_cmake'
[22.888s] INFO:colcon.colcon_cmake.task.cmake.build:Building CMake package in '/home/bizare/Desktop/cw2_team_14/src/courseworks/cw2_team_14'
[22.889s] INFO:colcon.colcon_core.shell:Skip shell extension 'powershell' for command environment: Not usable outside of PowerShell
[22.889s] DEBUG:colcon.colcon_core.shell:Skip shell extension 'dsv' for command environment
[22.898s] DEBUG:colcon.colcon_core.event_handler.log_command:Invoking command in '/home/bizare/Desktop/cw2_team_14/build/cw2_team_14': CMAKE_PREFIX_PATH=/home/bizare/Desktop/cw2_team_14/install/cw2_world_spawner:/home/bizare/Desktop/cw2_team_14/install/rpl_panda_with_rs:/home/bizare/Desktop/cw2_team_14/install/realsense_gazebo_plugin:/home/bizare/Desktop/cw2_team_14/install/panda_moveit_config:/home/bizare/Desktop/cw2_team_14/install/panda_description:/home/bizare/Desktop/cw2_team_14/install/cw2_team_14:/opt/ros/humble LD_LIBRARY_PATH=/home/bizare/Desktop/cw2_team_14/install/cw2_world_spawner/lib:/home/bizare/Desktop/cw2_team_14/install/realsense_gazebo_plugin/lib:/home/bizare/Desktop/cw2_team_14/install/cw2_team_14/lib:/usr/lib/x86_64-linux-gnu/gazebo-11/plugins:/opt/ros/humble/opt/rviz_ogre_vendor/lib:/opt/ros/humble/lib/x86_64-linux-gnu:/opt/ros/humble/lib /usr/bin/cmake /home/bizare/Desktop/cw2_team_14/src/courseworks/cw2_team_14 -DCMAKE_INSTALL_PREFIX=/home/bizare/Desktop/cw2_team_14/install/cw2_team_14
[29.578s] DEBUG:colcon.colcon_core.event_handler.log_command:Invoked command in '/home/bizare/Desktop/cw2_team_14/build/cw2_team_14' returned '0': CMAKE_PREFIX_PATH=/home/bizare/Desktop/cw2_team_14/install/cw2_world_spawner:/home/bizare/Desktop/cw2_team_14/install/rpl_panda_with_rs:/home/bizare/Desktop/cw2_team_14/install/realsense_gazebo_plugin:/home/bizare/Desktop/cw2_team_14/install/panda_moveit_config:/home/bizare/Desktop/cw2_team_14/install/panda_description:/home/bizare/Desktop/cw2_team_14/install/cw2_team_14:/opt/ros/humble LD_LIBRARY_PATH=/home/bizare/Desktop/cw2_team_14/install/cw2_world_spawner/lib:/home/bizare/Desktop/cw2_team_14/install/realsense_gazebo_plugin/lib:/home/bizare/Desktop/cw2_team_14/install/cw2_team_14/lib:/usr/lib/x86_64-linux-gnu/gazebo-11/plugins:/opt/ros/humble/opt/rviz_ogre_vendor/lib:/opt/ros/humble/lib/x86_64-linux-gnu:/opt/ros/humble/lib /usr/bin/cmake /home/bizare/Desktop/cw2_team_14/src/courseworks/cw2_team_14 -DCMAKE_INSTALL_PREFIX=/home/bizare/Desktop/cw2_team_14/install/cw2_team_14
[29.579s] DEBUG:colcon.colcon_core.event_handler.log_command:Invoking command in '/home/bizare/Desktop/cw2_team_14/build/cw2_team_14': CMAKE_PREFIX_PATH=/home/bizare/Desktop/cw2_team_14/install/cw2_world_spawner:/home/bizare/Desktop/cw2_team_14/install/rpl_panda_with_rs:/home/bizare/Desktop/cw2_team_14/install/realsense_gazebo_plugin:/home/bizare/Desktop/cw2_team_14/install/panda_moveit_config:/home/bizare/Desktop/cw2_team_14/install/panda_description:/home/bizare/Desktop/cw2_team_14/install/cw2_team_14:/opt/ros/humble LD_LIBRARY_PATH=/home/bizare/Desktop/cw2_team_14/install/cw2_world_spawner/lib:/home/bizare/Desktop/cw2_team_14/install/realsense_gazebo_plugin/lib:/home/bizare/Desktop/cw2_team_14/install/cw2_team_14/lib:/usr/lib/x86_64-linux-gnu/gazebo-11/plugins:/opt/ros/humble/opt/rviz_ogre_vendor/lib:/opt/ros/humble/lib/x86_64-linux-gnu:/opt/ros/humble/lib /usr/bin/cmake --build /home/bizare/Desktop/cw2_team_14/build/cw2_team_14 -- -j2 -l2
[69.424s] DEBUG:colcon.colcon_core.event_handler.log_command:Invoked command in '/home/bizare/Desktop/cw2_team_14/build/realsense_gazebo_plugin' returned '0': CMAKE_PREFIX_PATH=${CMAKE_PREFIX_PATH}:/opt/ros/humble /usr/bin/cmake --build /home/bizare/Desktop/cw2_team_14/build/realsense_gazebo_plugin -- -j2 -l2
[69.461s] DEBUG:colcon.colcon_core.event_handler.log_command:Invoking command in '/home/bizare/Desktop/cw2_team_14/build/realsense_gazebo_plugin': CMAKE_PREFIX_PATH=${CMAKE_PREFIX_PATH}:/opt/ros/humble /usr/bin/cmake --install /home/bizare/Desktop/cw2_team_14/build/realsense_gazebo_plugin
[69.513s] Level 1:colcon.colcon_core.environment:create_environment_scripts_only(realsense_gazebo_plugin)
[69.515s] DEBUG:colcon.colcon_core.event_handler.log_command:Invoked command in '/home/bizare/Desktop/cw2_team_14/build/realsense_gazebo_plugin' returned '0': CMAKE_PREFIX_PATH=${CMAKE_PREFIX_PATH}:/opt/ros/humble /usr/bin/cmake --install /home/bizare/Desktop/cw2_team_14/build/realsense_gazebo_plugin
[69.539s] Level 1:colcon.colcon_core.environment:checking '/home/bizare/Desktop/cw2_team_14/install/realsense_gazebo_plugin' for CMake module files
[69.540s] Level 1:colcon.colcon_core.environment:checking '/home/bizare/Desktop/cw2_team_14/install/realsense_gazebo_plugin' for CMake config files
[69.542s] Level 1:colcon.colcon_core.shell:create_environment_hook('realsense_gazebo_plugin', 'cmake_prefix_path')
[69.545s] INFO:colcon.colcon_core.shell:Creating environment hook '/home/bizare/Desktop/cw2_team_14/install/realsense_gazebo_plugin/share/realsense_gazebo_plugin/hook/cmake_prefix_path.ps1'
[69.567s] INFO:colcon.colcon_core.shell:Creating environment descriptor '/home/bizare/Desktop/cw2_team_14/install/realsense_gazebo_plugin/share/realsense_gazebo_plugin/hook/cmake_prefix_path.dsv'
[69.571s] INFO:colcon.colcon_core.shell:Creating environment hook '/home/bizare/Desktop/cw2_team_14/install/realsense_gazebo_plugin/share/realsense_gazebo_plugin/hook/cmake_prefix_path.sh'
[69.575s] Level 1:colcon.colcon_core.environment:checking '/home/bizare/Desktop/cw2_team_14/install/realsense_gazebo_plugin/lib'
[69.576s] Level 1:colcon.colcon_core.shell:create_environment_hook('realsense_gazebo_plugin', 'ld_library_path_lib')
[69.576s] INFO:colcon.colcon_core.shell:Creating environment hook '/home/bizare/Desktop/cw2_team_14/install/realsense_gazebo_plugin/share/realsense_gazebo_plugin/hook/ld_library_path_lib.ps1'
[69.577s] INFO:colcon.colcon_core.shell:Creating environment descriptor '/home/bizare/Desktop/cw2_team_14/install/realsense_gazebo_plugin/share/realsense_gazebo_plugin/hook/ld_library_path_lib.dsv'
[69.578s] INFO:colcon.colcon_core.shell:Creating environment hook '/home/bizare/Desktop/cw2_team_14/install/realsense_gazebo_plugin/share/realsense_gazebo_plugin/hook/ld_library_path_lib.sh'
[69.579s] Level 1:colcon.colcon_core.environment:checking '/home/bizare/Desktop/cw2_team_14/install/realsense_gazebo_plugin/bin'
[69.579s] Level 1:colcon.colcon_core.environment:checking '/home/bizare/Desktop/cw2_team_14/install/realsense_gazebo_plugin/lib/pkgconfig/realsense_gazebo_plugin.pc'
[69.585s] Level 1:colcon.colcon_core.environment:checking '/home/bizare/Desktop/cw2_team_14/install/realsense_gazebo_plugin/lib/python3.10/site-packages'
[69.585s] Level 1:colcon.colcon_core.environment:checking '/home/bizare/Desktop/cw2_team_14/install/realsense_gazebo_plugin/bin'
[69.586s] INFO:colcon.colcon_core.shell:Creating package script '/home/bizare/Desktop/cw2_team_14/install/realsense_gazebo_plugin/share/realsense_gazebo_plugin/package.ps1'
[69.588s] INFO:colcon.colcon_core.shell:Creating package descriptor '/home/bizare/Desktop/cw2_team_14/install/realsense_gazebo_plugin/share/realsense_gazebo_plugin/package.dsv'
[69.589s] INFO:colcon.colcon_core.shell:Creating package script '/home/bizare/Desktop/cw2_team_14/install/realsense_gazebo_plugin/share/realsense_gazebo_plugin/package.sh'
[69.589s] INFO:colcon.colcon_core.shell:Creating package script '/home/bizare/Desktop/cw2_team_14/install/realsense_gazebo_plugin/share/realsense_gazebo_plugin/package.bash'
[69.592s] INFO:colcon.colcon_core.shell:Creating package script '/home/bizare/Desktop/cw2_team_14/install/realsense_gazebo_plugin/share/realsense_gazebo_plugin/package.zsh'
[69.594s] Level 1:colcon.colcon_core.environment:create_file_with_runtime_dependencies(/home/bizare/Desktop/cw2_team_14/install/realsense_gazebo_plugin/share/colcon-core/packages/realsense_gazebo_plugin)
[69.595s] Level 1:colcon.colcon_core.environment:create_environment_scripts_only(realsense_gazebo_plugin)
[69.596s] Level 1:colcon.colcon_core.environment:checking '/home/bizare/Desktop/cw2_team_14/install/realsense_gazebo_plugin' for CMake module files
[69.596s] Level 1:colcon.colcon_core.environment:checking '/home/bizare/Desktop/cw2_team_14/install/realsense_gazebo_plugin' for CMake config files
[69.597s] Level 1:colcon.colcon_core.shell:create_environment_hook('realsense_gazebo_plugin', 'cmake_prefix_path')
[69.597s] INFO:colcon.colcon_core.shell:Creating environment hook '/home/bizare/Desktop/cw2_team_14/install/realsense_gazebo_plugin/share/realsense_gazebo_plugin/hook/cmake_prefix_path.ps1'
[69.598s] INFO:colcon.colcon_core.shell:Creating environment descriptor '/home/bizare/Desktop/cw2_team_14/install/realsense_gazebo_plugin/share/realsense_gazebo_plugin/hook/cmake_prefix_path.dsv'
[69.604s] INFO:colcon.colcon_core.shell:Creating environment hook '/home/bizare/Desktop/cw2_team_14/install/realsense_gazebo_plugin/share/realsense_gazebo_plugin/hook/cmake_prefix_path.sh'
[69.604s] Level 1:colcon.colcon_core.environment:checking '/home/bizare/Desktop/cw2_team_14/install/realsense_gazebo_plugin/lib'
[69.605s] Level 1:colcon.colcon_core.shell:create_environment_hook('realsense_gazebo_plugin', 'ld_library_path_lib')
[69.605s] INFO:colcon.colcon_core.shell:Creating environment hook '/home/bizare/Desktop/cw2_team_14/install/realsense_gazebo_plugin/share/realsense_gazebo_plugin/hook/ld_library_path_lib.ps1'
[69.605s] INFO:colcon.colcon_core.shell:Creating environment descriptor '/home/bizare/Desktop/cw2_team_14/install/realsense_gazebo_plugin/share/realsense_gazebo_plugin/hook/ld_library_path_lib.dsv'
[69.606s] INFO:colcon.colcon_core.shell:Creating environment hook '/home/bizare/Desktop/cw2_team_14/install/realsense_gazebo_plugin/share/realsense_gazebo_plugin/hook/ld_library_path_lib.sh'
[69.606s] Level 1:colcon.colcon_core.environment:checking '/home/bizare/Desktop/cw2_team_14/install/realsense_gazebo_plugin/bin'
[69.606s] Level 1:colcon.colcon_core.environment:checking '/home/bizare/Desktop/cw2_team_14/install/realsense_gazebo_plugin/lib/pkgconfig/realsense_gazebo_plugin.pc'
[69.607s] Level 1:colcon.colcon_core.environment:checking '/home/bizare/Desktop/cw2_team_14/install/realsense_gazebo_plugin/lib/python3.10/site-packages'
[69.607s] Level 1:colcon.colcon_core.environment:checking '/home/bizare/Desktop/cw2_team_14/install/realsense_gazebo_plugin/bin'
[69.607s] INFO:colcon.colcon_core.shell:Creating package script '/home/bizare/Desktop/cw2_team_14/install/realsense_gazebo_plugin/share/realsense_gazebo_plugin/package.ps1'
[69.608s] INFO:colcon.colcon_core.shell:Creating package descriptor '/home/bizare/Desktop/cw2_team_14/install/realsense_gazebo_plugin/share/realsense_gazebo_plugin/package.dsv'
[69.609s] INFO:colcon.colcon_core.shell:Creating package script '/home/bizare/Desktop/cw2_team_14/install/realsense_gazebo_plugin/share/realsense_gazebo_plugin/package.sh'
[69.610s] INFO:colcon.colcon_core.shell:Creating package script '/home/bizare/Desktop/cw2_team_14/install/realsense_gazebo_plugin/share/realsense_gazebo_plugin/package.bash'
[69.611s] INFO:colcon.colcon_core.shell:Creating package script '/home/bizare/Desktop/cw2_team_14/install/realsense_gazebo_plugin/share/realsense_gazebo_plugin/package.zsh'
[69.611s] Level 1:colcon.colcon_core.environment:create_file_with_runtime_dependencies(/home/bizare/Desktop/cw2_team_14/install/realsense_gazebo_plugin/share/colcon-core/packages/realsense_gazebo_plugin)
[69.615s] INFO:colcon.colcon_ros.task.ament_cmake.build:Building ROS package in '/home/bizare/Desktop/cw2_team_14/src/courseworks/rpl_panda_with_rs' with build type 'ament_cmake'
[69.616s] INFO:colcon.colcon_cmake.task.cmake.build:Building CMake package in '/home/bizare/Desktop/cw2_team_14/src/courseworks/rpl_panda_with_rs'
[69.619s] INFO:colcon.colcon_core.shell:Skip shell extension 'powershell' for command environment: Not usable outside of PowerShell
[69.619s] DEBUG:colcon.colcon_core.shell:Skip shell extension 'dsv' for command environment
[69.650s] DEBUG:colcon.colcon_core.event_handler.log_command:Invoking command in '/home/bizare/Desktop/cw2_team_14/build/rpl_panda_with_rs': CMAKE_PREFIX_PATH=/home/bizare/Desktop/cw2_team_14/install/realsense_gazebo_plugin:/home/bizare/Desktop/cw2_team_14/install/panda_moveit_config:/home/bizare/Desktop/cw2_team_14/install/rpl_panda_with_rs:/home/bizare/Desktop/cw2_team_14/install/panda_description:/home/bizare/Desktop/cw2_team_14/install/cw2_team_14:/home/bizare/Desktop/cw2_team_14/install/cw2_world_spawner:/opt/ros/humble /usr/bin/cmake /home/bizare/Desktop/cw2_team_14/src/courseworks/rpl_panda_with_rs -DCMAKE_INSTALL_PREFIX=/home/bizare/Desktop/cw2_team_14/install/rpl_panda_with_rs
[71.149s] DEBUG:colcon.colcon_core.event_handler.log_command:Invoked command in '/home/bizare/Desktop/cw2_team_14/build/rpl_panda_with_rs' returned '0': CMAKE_PREFIX_PATH=/home/bizare/Desktop/cw2_team_14/install/realsense_gazebo_plugin:/home/bizare/Desktop/cw2_team_14/install/panda_moveit_config:/home/bizare/Desktop/cw2_team_14/install/rpl_panda_with_rs:/home/bizare/Desktop/cw2_team_14/install/panda_description:/home/bizare/Desktop/cw2_team_14/install/cw2_team_14:/home/bizare/Desktop/cw2_team_14/install/cw2_world_spawner:/opt/ros/humble /usr/bin/cmake /home/bizare/Desktop/cw2_team_14/src/courseworks/rpl_panda_with_rs -DCMAKE_INSTALL_PREFIX=/home/bizare/Desktop/cw2_team_14/install/rpl_panda_with_rs
[71.152s] DEBUG:colcon.colcon_core.event_handler.log_command:Invoking command in '/home/bizare/Desktop/cw2_team_14/build/rpl_panda_with_rs': CMAKE_PREFIX_PATH=/home/bizare/Desktop/cw2_team_14/install/realsense_gazebo_plugin:/home/bizare/Desktop/cw2_team_14/install/panda_moveit_config:/home/bizare/Desktop/cw2_team_14/install/rpl_panda_with_rs:/home/bizare/Desktop/cw2_team_14/install/panda_description:/home/bizare/Desktop/cw2_team_14/install/cw2_team_14:/home/bizare/Desktop/cw2_team_14/install/cw2_world_spawner:/opt/ros/humble /usr/bin/cmake --build /home/bizare/Desktop/cw2_team_14/build/rpl_panda_with_rs -- -j2 -l2
[71.205s] DEBUG:colcon.colcon_core.event_handler.log_command:Invoked command in '/home/bizare/Desktop/cw2_team_14/build/rpl_panda_with_rs' returned '0': CMAKE_PREFIX_PATH=/home/bizare/Desktop/cw2_team_14/install/realsense_gazebo_plugin:/home/bizare/Desktop/cw2_team_14/install/panda_moveit_config:/home/bizare/Desktop/cw2_team_14/install/rpl_panda_with_rs:/home/bizare/Desktop/cw2_team_14/install/panda_description:/home/bizare/Desktop/cw2_team_14/install/cw2_team_14:/home/bizare/Desktop/cw2_team_14/install/cw2_world_spawner:/opt/ros/humble /usr/bin/cmake --build /home/bizare/Desktop/cw2_team_14/build/rpl_panda_with_rs -- -j2 -l2
[71.207s] DEBUG:colcon.colcon_core.event_handler.log_command:Invoking command in '/home/bizare/Desktop/cw2_team_14/build/rpl_panda_with_rs': CMAKE_PREFIX_PATH=/home/bizare/Desktop/cw2_team_14/install/realsense_gazebo_plugin:/home/bizare/Desktop/cw2_team_14/install/panda_moveit_config:/home/bizare/Desktop/cw2_team_14/install/rpl_panda_with_rs:/home/bizare/Desktop/cw2_team_14/install/panda_description:/home/bizare/Desktop/cw2_team_14/install/cw2_team_14:/home/bizare/Desktop/cw2_team_14/install/cw2_world_spawner:/opt/ros/humble /usr/bin/cmake --install /home/bizare/Desktop/cw2_team_14/build/rpl_panda_with_rs
[71.251s] Level 1:colcon.colcon_core.environment:create_environment_scripts_only(rpl_panda_with_rs)
[71.251s] Level 1:colcon.colcon_core.environment:checking '/home/bizare/Desktop/cw2_team_14/install/rpl_panda_with_rs' for CMake module files
[71.252s] Level 1:colcon.colcon_core.environment:checking '/home/bizare/Desktop/cw2_team_14/install/rpl_panda_with_rs' for CMake config files
[71.252s] Level 1:colcon.colcon_core.shell:create_environment_hook('rpl_panda_with_rs', 'cmake_prefix_path')
[71.252s] INFO:colcon.colcon_core.shell:Creating environment hook '/home/bizare/Desktop/cw2_team_14/install/rpl_panda_with_rs/share/rpl_panda_with_rs/hook/cmake_prefix_path.ps1'
[71.252s] INFO:colcon.colcon_core.shell:Creating environment descriptor '/home/bizare/Desktop/cw2_team_14/install/rpl_panda_with_rs/share/rpl_panda_with_rs/hook/cmake_prefix_path.dsv'
[71.255s] DEBUG:colcon.colcon_core.event_handler.log_command:Invoked command in '/home/bizare/Desktop/cw2_team_14/build/rpl_panda_with_rs' returned '0': CMAKE_PREFIX_PATH=/home/bizare/Desktop/cw2_team_14/install/realsense_gazebo_plugin:/home/bizare/Desktop/cw2_team_14/install/panda_moveit_config:/home/bizare/Desktop/cw2_team_14/install/rpl_panda_with_rs:/home/bizare/Desktop/cw2_team_14/install/panda_description:/home/bizare/Desktop/cw2_team_14/install/cw2_team_14:/home/bizare/Desktop/cw2_team_14/install/cw2_world_spawner:/opt/ros/humble /usr/bin/cmake --install /home/bizare/Desktop/cw2_team_14/build/rpl_panda_with_rs
[71.255s] INFO:colcon.colcon_core.shell:Creating environment hook '/home/bizare/Desktop/cw2_team_14/install/rpl_panda_with_rs/share/rpl_panda_with_rs/hook/cmake_prefix_path.sh'
[71.257s] Level 1:colcon.colcon_core.environment:checking '/home/bizare/Desktop/cw2_team_14/install/rpl_panda_with_rs/lib'
[71.257s] Level 1:colcon.colcon_core.environment:checking '/home/bizare/Desktop/cw2_team_14/install/rpl_panda_with_rs/bin'
[71.257s] Level 1:colcon.colcon_core.environment:checking '/home/bizare/Desktop/cw2_team_14/install/rpl_panda_with_rs/lib/pkgconfig/rpl_panda_with_rs.pc'
[71.257s] Level 1:colcon.colcon_core.environment:checking '/home/bizare/Desktop/cw2_team_14/install/rpl_panda_with_rs/lib/python3.10/site-packages'
[71.259s] Level 1:colcon.colcon_core.environment:checking '/home/bizare/Desktop/cw2_team_14/install/rpl_panda_with_rs/bin'
[71.260s] INFO:colcon.colcon_core.shell:Creating package script '/home/bizare/Desktop/cw2_team_14/install/rpl_panda_with_rs/share/rpl_panda_with_rs/package.ps1'
[71.260s] INFO:colcon.colcon_core.shell:Creating package descriptor '/home/bizare/Desktop/cw2_team_14/install/rpl_panda_with_rs/share/rpl_panda_with_rs/package.dsv'
[71.261s] INFO:colcon.colcon_core.shell:Creating package script '/home/bizare/Desktop/cw2_team_14/install/rpl_panda_with_rs/share/rpl_panda_with_rs/package.sh'
[71.262s] INFO:colcon.colcon_core.shell:Creating package script '/home/bizare/Desktop/cw2_team_14/install/rpl_panda_with_rs/share/rpl_panda_with_rs/package.bash'
[71.262s] INFO:colcon.colcon_core.shell:Creating package script '/home/bizare/Desktop/cw2_team_14/install/rpl_panda_with_rs/share/rpl_panda_with_rs/package.zsh'
[71.265s] Level 1:colcon.colcon_core.environment:create_file_with_runtime_dependencies(/home/bizare/Desktop/cw2_team_14/install/rpl_panda_with_rs/share/colcon-core/packages/rpl_panda_with_rs)
[71.268s] Level 1:colcon.colcon_core.environment:create_environment_scripts_only(rpl_panda_with_rs)
[71.268s] Level 1:colcon.colcon_core.environment:checking '/home/bizare/Desktop/cw2_team_14/install/rpl_panda_with_rs' for CMake module files
[71.269s] Level 1:colcon.colcon_core.environment:checking '/home/bizare/Desktop/cw2_team_14/install/rpl_panda_with_rs' for CMake config files
[71.269s] Level 1:colcon.colcon_core.shell:create_environment_hook('rpl_panda_with_rs', 'cmake_prefix_path')
[71.269s] INFO:colcon.colcon_core.shell:Creating environment hook '/home/bizare/Desktop/cw2_team_14/install/rpl_panda_with_rs/share/rpl_panda_with_rs/hook/cmake_prefix_path.ps1'
[71.271s] INFO:colcon.colcon_core.shell:Creating environment descriptor '/home/bizare/Desktop/cw2_team_14/install/rpl_panda_with_rs/share/rpl_panda_with_rs/hook/cmake_prefix_path.dsv'
[71.273s] INFO:colcon.colcon_core.shell:Creating environment hook '/home/bizare/Desktop/cw2_team_14/install/rpl_panda_with_rs/share/rpl_panda_with_rs/hook/cmake_prefix_path.sh'
[71.273s] Level 1:colcon.colcon_core.environment:checking '/home/bizare/Desktop/cw2_team_14/install/rpl_panda_with_rs/lib'
[71.273s] Level 1:colcon.colcon_core.environment:checking '/home/bizare/Desktop/cw2_team_14/install/rpl_panda_with_rs/bin'
[71.274s] Level 1:colcon.colcon_core.environment:checking '/home/bizare/Desktop/cw2_team_14/install/rpl_panda_with_rs/lib/pkgconfig/rpl_panda_with_rs.pc'
[71.274s] Level 1:colcon.colcon_core.environment:checking '/home/bizare/Desktop/cw2_team_14/install/rpl_panda_with_rs/lib/python3.10/site-packages'
[71.274s] Level 1:colcon.colcon_core.environment:checking '/home/bizare/Desktop/cw2_team_14/install/rpl_panda_with_rs/bin'
[71.275s] INFO:colcon.colcon_core.shell:Creating package script '/home/bizare/Desktop/cw2_team_14/install/rpl_panda_with_rs/share/rpl_panda_with_rs/package.ps1'
[71.275s] INFO:colcon.colcon_core.shell:Creating package descriptor '/home/bizare/Desktop/cw2_team_14/install/rpl_panda_with_rs/share/rpl_panda_with_rs/package.dsv'
[71.276s] INFO:colcon.colcon_core.shell:Creating package script '/home/bizare/Desktop/cw2_team_14/install/rpl_panda_with_rs/share/rpl_panda_with_rs/package.sh'
[71.276s] INFO:colcon.colcon_core.shell:Creating package script '/home/bizare/Desktop/cw2_team_14/install/rpl_panda_with_rs/share/rpl_panda_with_rs/package.bash'
[71.277s] INFO:colcon.colcon_core.shell:Creating package script '/home/bizare/Desktop/cw2_team_14/install/rpl_panda_with_rs/share/rpl_panda_with_rs/package.zsh'
[71.278s] Level 1:colcon.colcon_core.environment:create_file_with_runtime_dependencies(/home/bizare/Desktop/cw2_team_14/install/rpl_panda_with_rs/share/colcon-core/packages/rpl_panda_with_rs)
[84.024s] DEBUG:colcon.colcon_core.event_handler.log_command:Invoked command in '/home/bizare/Desktop/cw2_team_14/build/cw2_team_14' returned '0': CMAKE_PREFIX_PATH=/home/bizare/Desktop/cw2_team_14/install/cw2_world_spawner:/home/bizare/Desktop/cw2_team_14/install/rpl_panda_with_rs:/home/bizare/Desktop/cw2_team_14/install/realsense_gazebo_plugin:/home/bizare/Desktop/cw2_team_14/install/panda_moveit_config:/home/bizare/Desktop/cw2_team_14/install/panda_description:/home/bizare/Desktop/cw2_team_14/install/cw2_team_14:/opt/ros/humble LD_LIBRARY_PATH=/home/bizare/Desktop/cw2_team_14/install/cw2_world_spawner/lib:/home/bizare/Desktop/cw2_team_14/install/realsense_gazebo_plugin/lib:/home/bizare/Desktop/cw2_team_14/install/cw2_team_14/lib:/usr/lib/x86_64-linux-gnu/gazebo-11/plugins:/opt/ros/humble/opt/rviz_ogre_vendor/lib:/opt/ros/humble/lib/x86_64-linux-gnu:/opt/ros/humble/lib /usr/bin/cmake --build /home/bizare/Desktop/cw2_team_14/build/cw2_team_14 -- -j2 -l2
[84.030s] DEBUG:colcon.colcon_core.event_handler.log_command:Invoking command in '/home/bizare/Desktop/cw2_team_14/build/cw2_team_14': CMAKE_PREFIX_PATH=/home/bizare/Desktop/cw2_team_14/install/cw2_world_spawner:/home/bizare/Desktop/cw2_team_14/install/rpl_panda_with_rs:/home/bizare/Desktop/cw2_team_14/install/realsense_gazebo_plugin:/home/bizare/Desktop/cw2_team_14/install/panda_moveit_config:/home/bizare/Desktop/cw2_team_14/install/panda_description:/home/bizare/Desktop/cw2_team_14/install/cw2_team_14:/opt/ros/humble LD_LIBRARY_PATH=/home/bizare/Desktop/cw2_team_14/install/cw2_world_spawner/lib:/home/bizare/Desktop/cw2_team_14/install/realsense_gazebo_plugin/lib:/home/bizare/Desktop/cw2_team_14/install/cw2_team_14/lib:/usr/lib/x86_64-linux-gnu/gazebo-11/plugins:/opt/ros/humble/opt/rviz_ogre_vendor/lib:/opt/ros/humble/lib/x86_64-linux-gnu:/opt/ros/humble/lib /usr/bin/cmake --install /home/bizare/Desktop/cw2_team_14/build/cw2_team_14
[84.115s] Level 1:colcon.colcon_core.environment:create_environment_scripts_only(cw2_team_14)
[84.115s] Level 1:colcon.colcon_core.environment:checking '/home/bizare/Desktop/cw2_team_14/install/cw2_team_14' for CMake module files
[84.116s] Level 1:colcon.colcon_core.environment:checking '/home/bizare/Desktop/cw2_team_14/install/cw2_team_14' for CMake config files
[84.116s] Level 1:colcon.colcon_core.shell:create_environment_hook('cw2_team_14', 'cmake_prefix_path')
[84.117s] INFO:colcon.colcon_core.shell:Creating environment hook '/home/bizare/Desktop/cw2_team_14/install/cw2_team_14/share/cw2_team_14/hook/cmake_prefix_path.ps1'
[84.117s] DEBUG:colcon.colcon_core.event_handler.log_command:Invoked command in '/home/bizare/Desktop/cw2_team_14/build/cw2_team_14' returned '0': CMAKE_PREFIX_PATH=/home/bizare/Desktop/cw2_team_14/install/cw2_world_spawner:/home/bizare/Desktop/cw2_team_14/install/rpl_panda_with_rs:/home/bizare/Desktop/cw2_team_14/install/realsense_gazebo_plugin:/home/bizare/Desktop/cw2_team_14/install/panda_moveit_config:/home/bizare/Desktop/cw2_team_14/install/panda_description:/home/bizare/Desktop/cw2_team_14/install/cw2_team_14:/opt/ros/humble LD_LIBRARY_PATH=/home/bizare/Desktop/cw2_team_14/install/cw2_world_spawner/lib:/home/bizare/Desktop/cw2_team_14/install/realsense_gazebo_plugin/lib:/home/bizare/Desktop/cw2_team_14/install/cw2_team_14/lib:/usr/lib/x86_64-linux-gnu/gazebo-11/plugins:/opt/ros/humble/opt/rviz_ogre_vendor/lib:/opt/ros/humble/lib/x86_64-linux-gnu:/opt/ros/humble/lib /usr/bin/cmake --install /home/bizare/Desktop/cw2_team_14/build/cw2_team_14
[84.118s] INFO:colcon.colcon_core.shell:Creating environment descriptor '/home/bizare/Desktop/cw2_team_14/install/cw2_team_14/share/cw2_team_14/hook/cmake_prefix_path.dsv'
[84.118s] INFO:colcon.colcon_core.shell:Creating environment hook '/home/bizare/Desktop/cw2_team_14/install/cw2_team_14/share/cw2_team_14/hook/cmake_prefix_path.sh'
[84.118s] Level 1:colcon.colcon_core.environment:checking '/home/bizare/Desktop/cw2_team_14/install/cw2_team_14/lib'
[84.118s] Level 1:colcon.colcon_core.shell:create_environment_hook('cw2_team_14', 'ld_library_path_lib')
[84.119s] INFO:colcon.colcon_core.shell:Creating environment hook '/home/bizare/Desktop/cw2_team_14/install/cw2_team_14/share/cw2_team_14/hook/ld_library_path_lib.ps1'
[84.119s] INFO:colcon.colcon_core.shell:Creating environment descriptor '/home/bizare/Desktop/cw2_team_14/install/cw2_team_14/share/cw2_team_14/hook/ld_library_path_lib.dsv'
[84.119s] INFO:colcon.colcon_core.shell:Creating environment hook '/home/bizare/Desktop/cw2_team_14/install/cw2_team_14/share/cw2_team_14/hook/ld_library_path_lib.sh'
[84.120s] Level 1:colcon.colcon_core.environment:checking '/home/bizare/Desktop/cw2_team_14/install/cw2_team_14/bin'
[84.120s] Level 1:colcon.colcon_core.environment:checking '/home/bizare/Desktop/cw2_team_14/install/cw2_team_14/lib/pkgconfig/cw2_team_14.pc'
[84.120s] Level 1:colcon.colcon_core.environment:checking '/home/bizare/Desktop/cw2_team_14/install/cw2_team_14/lib/python3.10/site-packages'
[84.120s] Level 1:colcon.colcon_core.environment:checking '/home/bizare/Desktop/cw2_team_14/install/cw2_team_14/bin'
[84.121s] INFO:colcon.colcon_core.shell:Creating package script '/home/bizare/Desktop/cw2_team_14/install/cw2_team_14/share/cw2_team_14/package.ps1'
[84.121s] INFO:colcon.colcon_core.shell:Creating package descriptor '/home/bizare/Desktop/cw2_team_14/install/cw2_team_14/share/cw2_team_14/package.dsv'
[84.122s] INFO:colcon.colcon_core.shell:Creating package script '/home/bizare/Desktop/cw2_team_14/install/cw2_team_14/share/cw2_team_14/package.sh'
[84.123s] INFO:colcon.colcon_core.shell:Creating package script '/home/bizare/Desktop/cw2_team_14/install/cw2_team_14/share/cw2_team_14/package.bash'
[84.123s] INFO:colcon.colcon_core.shell:Creating package script '/home/bizare/Desktop/cw2_team_14/install/cw2_team_14/share/cw2_team_14/package.zsh'
[84.123s] Level 1:colcon.colcon_core.environment:create_file_with_runtime_dependencies(/home/bizare/Desktop/cw2_team_14/install/cw2_team_14/share/colcon-core/packages/cw2_team_14)
[84.125s] Level 1:colcon.colcon_core.environment:create_environment_scripts_only(cw2_team_14)
[84.125s] Level 1:colcon.colcon_core.environment:checking '/home/bizare/Desktop/cw2_team_14/install/cw2_team_14' for CMake module files
[84.126s] Level 1:colcon.colcon_core.environment:checking '/home/bizare/Desktop/cw2_team_14/install/cw2_team_14' for CMake config files
[84.126s] Level 1:colcon.colcon_core.shell:create_environment_hook('cw2_team_14', 'cmake_prefix_path')
[84.127s] INFO:colcon.colcon_core.shell:Creating environment hook '/home/bizare/Desktop/cw2_team_14/install/cw2_team_14/share/cw2_team_14/hook/cmake_prefix_path.ps1'
[84.128s] INFO:colcon.colcon_core.shell:Creating environment descriptor '/home/bizare/Desktop/cw2_team_14/install/cw2_team_14/share/cw2_team_14/hook/cmake_prefix_path.dsv'
[84.128s] INFO:colcon.colcon_core.shell:Creating environment hook '/home/bizare/Desktop/cw2_team_14/install/cw2_team_14/share/cw2_team_14/hook/cmake_prefix_path.sh'
[84.128s] Level 1:colcon.colcon_core.environment:checking '/home/bizare/Desktop/cw2_team_14/install/cw2_team_14/lib'
[84.129s] Level 1:colcon.colcon_core.shell:create_environment_hook('cw2_team_14', 'ld_library_path_lib')
[84.130s] INFO:colcon.colcon_core.shell:Creating environment hook '/home/bizare/Desktop/cw2_team_14/install/cw2_team_14/share/cw2_team_14/hook/ld_library_path_lib.ps1'
[84.130s] INFO:colcon.colcon_core.shell:Creating environment descriptor '/home/bizare/Desktop/cw2_team_14/install/cw2_team_14/share/cw2_team_14/hook/ld_library_path_lib.dsv'
[84.130s] INFO:colcon.colcon_core.shell:Creating environment hook '/home/bizare/Desktop/cw2_team_14/install/cw2_team_14/share/cw2_team_14/hook/ld_library_path_lib.sh'
[84.131s] Level 1:colcon.colcon_core.environment:checking '/home/bizare/Desktop/cw2_team_14/install/cw2_team_14/bin'
[84.131s] Level 1:colcon.colcon_core.environment:checking '/home/bizare/Desktop/cw2_team_14/install/cw2_team_14/lib/pkgconfig/cw2_team_14.pc'
[84.132s] Level 1:colcon.colcon_core.environment:checking '/home/bizare/Desktop/cw2_team_14/install/cw2_team_14/lib/python3.10/site-packages'
[84.132s] Level 1:colcon.colcon_core.environment:checking '/home/bizare/Desktop/cw2_team_14/install/cw2_team_14/bin'
[84.132s] INFO:colcon.colcon_core.shell:Creating package script '/home/bizare/Desktop/cw2_team_14/install/cw2_team_14/share/cw2_team_14/package.ps1'
[84.133s] INFO:colcon.colcon_core.shell:Creating package descriptor '/home/bizare/Desktop/cw2_team_14/install/cw2_team_14/share/cw2_team_14/package.dsv'
[84.133s] INFO:colcon.colcon_core.shell:Creating package script '/home/bizare/Desktop/cw2_team_14/install/cw2_team_14/share/cw2_team_14/package.sh'
[84.134s] INFO:colcon.colcon_core.shell:Creating package script '/home/bizare/Desktop/cw2_team_14/install/cw2_team_14/share/cw2_team_14/package.bash'
[84.134s] INFO:colcon.colcon_core.shell:Creating package script '/home/bizare/Desktop/cw2_team_14/install/cw2_team_14/share/cw2_team_14/package.zsh'
[84.135s] Level 1:colcon.colcon_core.environment:create_file_with_runtime_dependencies(/home/bizare/Desktop/cw2_team_14/install/cw2_team_14/share/colcon-core/packages/cw2_team_14)
[84.137s] DEBUG:colcon.colcon_parallel_executor.executor.parallel:closing loop
[84.139s] DEBUG:colcon.colcon_parallel_executor.executor.parallel:loop closed
[84.139s] DEBUG:colcon.colcon_parallel_executor.executor.parallel:run_until_complete finished with '0'
[84.141s] DEBUG:colcon.colcon_core.event_reactor:joining thread
[84.177s] INFO:colcon.colcon_core.plugin_system:Skipping extension 'colcon_notification.desktop_notification.terminal_notifier': Not used on non-Darwin systems
[84.177s] INFO:colcon.colcon_core.plugin_system:Skipping extension 'colcon_notification.desktop_notification.win32': Not used on non-Windows systems
[84.177s] INFO:colcon.colcon_notification.desktop_notification:Sending desktop notification using 'notify2'
[84.341s] DEBUG:colcon.colcon_core.event_reactor:joined thread
[84.345s] INFO:colcon.colcon_core.shell:Creating prefix script '/home/bizare/Desktop/cw2_team_14/install/local_setup.ps1'
[84.347s] INFO:colcon.colcon_core.shell:Creating prefix util module '/home/bizare/Desktop/cw2_team_14/install/_local_setup_util_ps1.py'
[84.353s] INFO:colcon.colcon_core.shell:Creating prefix chain script '/home/bizare/Desktop/cw2_team_14/install/setup.ps1'
[84.359s] INFO:colcon.colcon_core.shell:Creating prefix script '/home/bizare/Desktop/cw2_team_14/install/local_setup.sh'
[84.360s] INFO:colcon.colcon_core.shell:Creating prefix util module '/home/bizare/Desktop/cw2_team_14/install/_local_setup_util_sh.py'
[84.360s] INFO:colcon.colcon_core.shell:Creating prefix chain script '/home/bizare/Desktop/cw2_team_14/install/setup.sh'
[84.365s] INFO:colcon.colcon_core.shell:Creating prefix script '/home/bizare/Desktop/cw2_team_14/install/local_setup.bash'
[84.366s] INFO:colcon.colcon_core.shell:Creating prefix chain script '/home/bizare/Desktop/cw2_team_14/install/setup.bash'
[84.368s] INFO:colcon.colcon_core.shell:Creating prefix script '/home/bizare/Desktop/cw2_team_14/install/local_setup.zsh'
[84.369s] INFO:colcon.colcon_core.shell:Creating prefix chain script '/home/bizare/Desktop/cw2_team_14/install/setup.zsh'
