[0.010s] Invoking command in '/home/bizare/Desktop/cw2_team_14/build/panda_moveit_config': CMAKE_PREFIX_PATH=/opt/ros/humble /usr/bin/cmake /home/bizare/Desktop/cw2_team_14/src/courseworks/panda_moveit_config -DCMAKE_INSTALL_PREFIX=/home/bizare/Desktop/cw2_team_14/install/panda_moveit_config
[0.168s] -- The C compiler identification is GNU 11.4.0
[0.270s] -- The CXX compiler identification is GNU 11.4.0
[0.279s] -- Detecting C compiler ABI info
[0.385s] -- Detecting C compiler ABI info - done
[0.402s] -- Check for working C compiler: /usr/bin/cc - skipped
[0.402s] -- Detecting C compile features
[0.407s] -- Detecting C compile features - done
[0.426s] -- Detecting CXX compiler ABI info
[0.553s] -- Detecting CXX compiler ABI info - done
[0.556s] -- Check for working CXX compiler: /usr/bin/c++ - skipped
[0.558s] -- Detecting CXX compile features
[0.558s] -- Detecting CXX compile features - done
[0.565s] -- Found ament_cmake: 1.3.12 (/opt/ros/humble/share/ament_cmake/cmake)
[0.733s] -- Found Python3: /usr/bin/python3 (found version "3.10.12") found components: Interpreter 
[0.952s] -- Configuring done
[0.958s] -- Generating done
[0.960s] -- Build files have been written to: /home/bizare/Desktop/cw2_team_14/build/panda_moveit_config
[0.964s] Invoked command in '/home/bizare/Desktop/cw2_team_14/build/panda_moveit_config' returned '0': CMAKE_PREFIX_PATH=/opt/ros/humble /usr/bin/cmake /home/bizare/Desktop/cw2_team_14/src/courseworks/panda_moveit_config -DCMAKE_INSTALL_PREFIX=/home/bizare/Desktop/cw2_team_14/install/panda_moveit_config
[0.966s] Invoking command in '/home/bizare/Desktop/cw2_team_14/build/panda_moveit_config': CMAKE_PREFIX_PATH=/opt/ros/humble /usr/bin/cmake --build /home/bizare/Desktop/cw2_team_14/build/panda_moveit_config -- -j2 -l2
[0.998s] Invoked command in '/home/bizare/Desktop/cw2_team_14/build/panda_moveit_config' returned '0': CMAKE_PREFIX_PATH=/opt/ros/humble /usr/bin/cmake --build /home/bizare/Desktop/cw2_team_14/build/panda_moveit_config -- -j2 -l2
[1.009s] Invoking command in '/home/bizare/Desktop/cw2_team_14/build/panda_moveit_config': CMAKE_PREFIX_PATH=/opt/ros/humble /usr/bin/cmake --install /home/bizare/Desktop/cw2_team_14/build/panda_moveit_config
[1.013s] -- Install configuration: ""
[1.013s] -- Installing: /home/bizare/Desktop/cw2_team_14/install/panda_moveit_config/share/panda_moveit_config/launch
[1.014s] -- Installing: /home/bizare/Desktop/cw2_team_14/install/panda_moveit_config/share/panda_moveit_config/launch/move_group.launch
[1.014s] -- Installing: /home/bizare/Desktop/cw2_team_14/install/panda_moveit_config/share/panda_moveit_config/launch/moveit.rviz
[1.014s] -- Installing: /home/bizare/Desktop/cw2_team_14/install/panda_moveit_config/share/panda_moveit_config/launch/panda_moveit_controller_manager_simulation.launch.xml
[1.014s] -- Installing: /home/bizare/Desktop/cw2_team_14/install/panda_moveit_config/share/panda_moveit_config/launch/chomp_planning_pipeline.launch.xml
[1.015s] -- Installing: /home/bizare/Desktop/cw2_team_14/install/panda_moveit_config/share/panda_moveit_config/launch/sensor_manager.launch.xml
[1.015s] -- Installing: /home/bizare/Desktop/cw2_team_14/install/panda_moveit_config/share/panda_moveit_config/launch/joystick_control.launch
[1.015s] -- Installing: /home/bizare/Desktop/cw2_team_14/install/panda_moveit_config/share/panda_moveit_config/launch/moveit_empty.rviz
[1.015s] -- Installing: /home/bizare/Desktop/cw2_team_14/install/panda_moveit_config/share/panda_moveit_config/launch/stomp_planning_pipeline.launch.xml
[1.015s] -- Installing: /home/bizare/Desktop/cw2_team_14/install/panda_moveit_config/share/panda_moveit_config/launch/run_benchmark_ompl.launch
[1.016s] -- Installing: /home/bizare/Desktop/cw2_team_14/install/panda_moveit_config/share/panda_moveit_config/launch/planning_pipeline.launch.xml
[1.016s] -- Installing: /home/bizare/Desktop/cw2_team_14/install/panda_moveit_config/share/panda_moveit_config/launch/ompl_planning_pipeline.launch.xml
[1.016s] -- Installing: /home/bizare/Desktop/cw2_team_14/install/panda_moveit_config/share/panda_moveit_config/launch/panda_gripper_moveit_controller_manager.launch.xml
[1.016s] -- Installing: /home/bizare/Desktop/cw2_team_14/install/panda_moveit_config/share/panda_moveit_config/launch/demo-project.launch
[1.016s] -- Installing: /home/bizare/Desktop/cw2_team_14/install/panda_moveit_config/share/panda_moveit_config/launch/demo.launch
[1.017s] -- Installing: /home/bizare/Desktop/cw2_team_14/install/panda_moveit_config/share/panda_moveit_config/launch/panda_control_moveit_rviz.launch
[1.017s] -- Installing: /home/bizare/Desktop/cw2_team_14/install/panda_moveit_config/share/panda_moveit_config/launch/panda_moveit.launch
[1.017s] -- Installing: /home/bizare/Desktop/cw2_team_14/install/panda_moveit_config/share/panda_moveit_config/launch/panda_moveit_controller_manager.launch.xml
[1.017s] -- Installing: /home/bizare/Desktop/cw2_team_14/install/panda_moveit_config/share/panda_moveit_config/launch/warehouse.launch
[1.017s] -- Installing: /home/bizare/Desktop/cw2_team_14/install/panda_moveit_config/share/panda_moveit_config/launch/moveit_rviz_simulation.launch
[1.017s] -- Installing: /home/bizare/Desktop/cw2_team_14/install/panda_moveit_config/share/panda_moveit_config/launch/project.rviz
[1.018s] -- Installing: /home/bizare/Desktop/cw2_team_14/install/panda_moveit_config/share/panda_moveit_config/launch/panda_moveit_sensor_manager.launch.xml
[1.018s] -- Installing: /home/bizare/Desktop/cw2_team_14/install/panda_moveit_config/share/panda_moveit_config/launch/fake_moveit_controller_manager.launch.xml
[1.018s] -- Installing: /home/bizare/Desktop/cw2_team_14/install/panda_moveit_config/share/panda_moveit_config/launch/panda_gripper_moveit_controller_manager_simulation.launch.xml
[1.018s] -- Installing: /home/bizare/Desktop/cw2_team_14/install/panda_moveit_config/share/panda_moveit_config/launch/default_warehouse_db.launch
[1.018s] -- Installing: /home/bizare/Desktop/cw2_team_14/install/panda_moveit_config/share/panda_moveit_config/launch/moveit_simulation.rviz
[1.019s] -- Installing: /home/bizare/Desktop/cw2_team_14/install/panda_moveit_config/share/panda_moveit_config/launch/moveit_rviz.launch
[1.019s] -- Installing: /home/bizare/Desktop/cw2_team_14/install/panda_moveit_config/share/panda_moveit_config/launch/demo_chomp.launch
[1.019s] -- Installing: /home/bizare/Desktop/cw2_team_14/install/panda_moveit_config/share/panda_moveit_config/launch/warehouse_settings.launch.xml
[1.019s] -- Installing: /home/bizare/Desktop/cw2_team_14/install/panda_moveit_config/share/panda_moveit_config/launch/trajectory_execution.launch.xml
[1.019s] -- Installing: /home/bizare/Desktop/cw2_team_14/install/panda_moveit_config/share/panda_moveit_config/launch/planning_context.launch
[1.019s] -- Installing: /home/bizare/Desktop/cw2_team_14/install/panda_moveit_config/share/panda_moveit_config/config
[1.020s] -- Installing: /home/bizare/Desktop/cw2_team_14/install/panda_moveit_config/share/panda_moveit_config/config/panda_arm.xacro
[1.020s] -- Installing: /home/bizare/Desktop/cw2_team_14/install/panda_moveit_config/share/panda_moveit_config/config/sensors_kinect_depthmap.yaml
[1.020s] -- Installing: /home/bizare/Desktop/cw2_team_14/install/panda_moveit_config/share/panda_moveit_config/config/panda_gripper_controllers_simulation.yaml
[1.020s] -- Installing: /home/bizare/Desktop/cw2_team_14/install/panda_moveit_config/share/panda_moveit_config/config/fake_controllers.yaml
[1.021s] -- Installing: /home/bizare/Desktop/cw2_team_14/install/panda_moveit_config/share/panda_moveit_config/config/hand.xacro
[1.021s] -- Installing: /home/bizare/Desktop/cw2_team_14/install/panda_moveit_config/share/panda_moveit_config/config/panda_controllers_simulation.yaml
[1.021s] -- Installing: /home/bizare/Desktop/cw2_team_14/install/panda_moveit_config/share/panda_moveit_config/config/pilz_cartesian_limits.yaml
[1.021s] -- Installing: /home/bizare/Desktop/cw2_team_14/install/panda_moveit_config/share/panda_moveit_config/config/panda_gripper_controllers.yaml
[1.021s] -- Installing: /home/bizare/Desktop/cw2_team_14/install/panda_moveit_config/share/panda_moveit_config/config/kinematics.yaml
[1.021s] -- Installing: /home/bizare/Desktop/cw2_team_14/install/panda_moveit_config/share/panda_moveit_config/config/panda_arm.srdf.xacro
[1.022s] -- Installing: /home/bizare/Desktop/cw2_team_14/install/panda_moveit_config/share/panda_moveit_config/config/panda_controllers.yaml
[1.022s] -- Installing: /home/bizare/Desktop/cw2_team_14/install/panda_moveit_config/share/panda_moveit_config/config/panda_gripper_controllers (modified).yaml
[1.022s] -- Installing: /home/bizare/Desktop/cw2_team_14/install/panda_moveit_config/share/panda_moveit_config/config/chomp_planning.yaml
[1.022s] -- Installing: /home/bizare/Desktop/cw2_team_14/install/panda_moveit_config/share/panda_moveit_config/config/stomp_planning.yaml
[1.022s] -- Installing: /home/bizare/Desktop/cw2_team_14/install/panda_moveit_config/share/panda_moveit_config/config/panda_arm_hand.srdf.xacro
[1.022s] -- Installing: /home/bizare/Desktop/cw2_team_14/install/panda_moveit_config/share/panda_moveit_config/config/joint_limits.yaml
[1.023s] -- Installing: /home/bizare/Desktop/cw2_team_14/install/panda_moveit_config/share/panda_moveit_config/config/ompl_planning.yaml
[1.023s] -- Installing: /home/bizare/Desktop/cw2_team_14/install/panda_moveit_config/share/panda_moveit_config/config/sensors_kinect_pointcloud.yaml
[1.023s] -- Installing: /home/bizare/Desktop/cw2_team_14/install/panda_moveit_config/share/ament_index/resource_index/package_run_dependencies/panda_moveit_config
[1.023s] -- Installing: /home/bizare/Desktop/cw2_team_14/install/panda_moveit_config/share/ament_index/resource_index/parent_prefix_path/panda_moveit_config
[1.024s] -- Installing: /home/bizare/Desktop/cw2_team_14/install/panda_moveit_config/share/panda_moveit_config/environment/ament_prefix_path.sh
[1.024s] -- Installing: /home/bizare/Desktop/cw2_team_14/install/panda_moveit_config/share/panda_moveit_config/environment/ament_prefix_path.dsv
[1.024s] -- Installing: /home/bizare/Desktop/cw2_team_14/install/panda_moveit_config/share/panda_moveit_config/environment/path.sh
[1.024s] -- Installing: /home/bizare/Desktop/cw2_team_14/install/panda_moveit_config/share/panda_moveit_config/environment/path.dsv
[1.025s] -- Installing: /home/bizare/Desktop/cw2_team_14/install/panda_moveit_config/share/panda_moveit_config/local_setup.bash
[1.025s] -- Installing: /home/bizare/Desktop/cw2_team_14/install/panda_moveit_config/share/panda_moveit_config/local_setup.sh
[1.025s] -- Installing: /home/bizare/Desktop/cw2_team_14/install/panda_moveit_config/share/panda_moveit_config/local_setup.zsh
[1.025s] -- Installing: /home/bizare/Desktop/cw2_team_14/install/panda_moveit_config/share/panda_moveit_config/local_setup.dsv
[1.026s] -- Installing: /home/bizare/Desktop/cw2_team_14/install/panda_moveit_config/share/panda_moveit_config/package.dsv
[1.026s] -- Installing: /home/bizare/Desktop/cw2_team_14/install/panda_moveit_config/share/ament_index/resource_index/packages/panda_moveit_config
[1.026s] -- Installing: /home/bizare/Desktop/cw2_team_14/install/panda_moveit_config/share/panda_moveit_config/cmake/panda_moveit_configConfig.cmake
[1.026s] -- Installing: /home/bizare/Desktop/cw2_team_14/install/panda_moveit_config/share/panda_moveit_config/cmake/panda_moveit_configConfig-version.cmake
[1.028s] -- Installing: /home/bizare/Desktop/cw2_team_14/install/panda_moveit_config/share/panda_moveit_config/package.xml
[1.028s] Invoked command in '/home/bizare/Desktop/cw2_team_14/build/panda_moveit_config' returned '0': CMAKE_PREFIX_PATH=/opt/ros/humble /usr/bin/cmake --install /home/bizare/Desktop/cw2_team_14/build/panda_moveit_config
