[0.011s] Invoking command in '/home/bizare/Desktop/cw2_team_14/build/cw1_world_spawner': CMAKE_PREFIX_PATH=${CMAKE_PREFIX_PATH}:/opt/ros/humble /usr/bin/cmake --build /home/bizare/Desktop/cw2_team_14/build/cw1_world_spawner -- -j2 -l2
[0.085s] [  1%] Built target cw1_world_spawner__cpp
[0.089s] [ 12%] Built target cw1_world_spawner__rosidl_generator_c
[0.118s] [ 12%] Built target ament_cmake_python_copy_cw1_world_spawner
[0.169s] [ 12%] Built target ament_cmake_python_copy_coursework_world_spawner_lib
[0.174s] [ 23%] Built target cw1_world_spawner__rosidl_typesupport_cpp
[0.233s] [ 34%] Built target cw1_world_spawner__rosidl_typesupport_fastrtps_c
[0.239s] [ 45%] Built target cw1_world_spawner__rosidl_typesupport_introspection_c
[0.275s] [ 56%] Built target cw1_world_spawner__rosidl_typesupport_c
[0.285s] [ 67%] Built target cw1_world_spawner__rosidl_typesupport_fastrtps_cpp
[0.328s] [ 78%] Built target cw1_world_spawner__rosidl_typesupport_introspection_cpp
[0.659s] running egg_info
[0.659s] writing cw1_world_spawner.egg-info/PKG-INFO
[0.660s] writing dependency_links to cw1_world_spawner.egg-info/dependency_links.txt
[0.660s] writing top-level names to cw1_world_spawner.egg-info/top_level.txt
[0.663s] reading manifest file 'cw1_world_spawner.egg-info/SOURCES.txt'
[0.663s] writing manifest file 'cw1_world_spawner.egg-info/SOURCES.txt'
[0.717s] [ 78%] Built target ament_cmake_python_build_cw1_world_spawner_egg
[0.736s] [ 78%] Built target cw1_world_spawner
[0.763s] running egg_info
[0.768s] writing coursework_world_spawner_lib.egg-info/PKG-INFO
[0.769s] [ 80%] Built target cw1_world_spawner__py
[0.769s] writing dependency_links to coursework_world_spawner_lib.egg-info/dependency_links.txt
[0.770s] writing top-level names to coursework_world_spawner_lib.egg-info/top_level.txt
[0.776s] reading manifest file 'coursework_world_spawner_lib.egg-info/SOURCES.txt'
[0.777s] writing manifest file 'coursework_world_spawner_lib.egg-info/SOURCES.txt'
[0.809s] [ 89%] Built target cw1_world_spawner__rosidl_generator_py
[0.846s] [ 92%] Built target cw1_world_spawner__rosidl_typesupport_fastrtps_c__pyext
[0.859s] [ 92%] Built target ament_cmake_python_build_coursework_world_spawner_lib_egg
[0.916s] [ 96%] Built target cw1_world_spawner__rosidl_typesupport_c__pyext
[0.917s] [100%] Built target cw1_world_spawner__rosidl_typesupport_introspection_c__pyext
[0.942s] Invoked command in '/home/bizare/Desktop/cw2_team_14/build/cw1_world_spawner' returned '0': CMAKE_PREFIX_PATH=${CMAKE_PREFIX_PATH}:/opt/ros/humble /usr/bin/cmake --build /home/bizare/Desktop/cw2_team_14/build/cw1_world_spawner -- -j2 -l2
[0.944s] Invoking command in '/home/bizare/Desktop/cw2_team_14/build/cw1_world_spawner': CMAKE_PREFIX_PATH=${CMAKE_PREFIX_PATH}:/opt/ros/humble /usr/bin/cmake --install /home/bizare/Desktop/cw2_team_14/build/cw1_world_spawner
[0.950s] -- Install configuration: ""
[0.950s] -- Up-to-date: /home/bizare/Desktop/cw2_team_14/install/cw1_world_spawner/share/ament_index/resource_index/rosidl_interfaces/cw1_world_spawner
[0.951s] -- Up-to-date: /home/bizare/Desktop/cw2_team_14/install/cw1_world_spawner/include/cw1_world_spawner/cw1_world_spawner
[0.951s] -- Up-to-date: /home/bizare/Desktop/cw2_team_14/install/cw1_world_spawner/include/cw1_world_spawner/cw1_world_spawner/msg
[0.951s] -- Up-to-date: /home/bizare/Desktop/cw2_team_14/install/cw1_world_spawner/include/cw1_world_spawner/cw1_world_spawner/msg/rosidl_generator_c__visibility_control.h
[0.952s] -- Up-to-date: /home/bizare/Desktop/cw2_team_14/install/cw1_world_spawner/include/cw1_world_spawner/cw1_world_spawner/srv
[0.953s] -- Up-to-date: /home/bizare/Desktop/cw2_team_14/install/cw1_world_spawner/include/cw1_world_spawner/cw1_world_spawner/srv/task3_service.h
[0.953s] -- Up-to-date: /home/bizare/Desktop/cw2_team_14/install/cw1_world_spawner/include/cw1_world_spawner/cw1_world_spawner/srv/detail
[0.953s] -- Up-to-date: /home/bizare/Desktop/cw2_team_14/install/cw1_world_spawner/include/cw1_world_spawner/cw1_world_spawner/srv/detail/task1_service__struct.h
[0.953s] -- Up-to-date: /home/bizare/Desktop/cw2_team_14/install/cw1_world_spawner/include/cw1_world_spawner/cw1_world_spawner/srv/detail/task1_service__functions.c
[0.953s] -- Up-to-date: /home/bizare/Desktop/cw2_team_14/install/cw1_world_spawner/include/cw1_world_spawner/cw1_world_spawner/srv/detail/task_setup__functions.c
[0.953s] -- Up-to-date: /home/bizare/Desktop/cw2_team_14/install/cw1_world_spawner/include/cw1_world_spawner/cw1_world_spawner/srv/detail/task3_service__type_support.h
[0.956s] -- Up-to-date: /home/bizare/Desktop/cw2_team_14/install/cw1_world_spawner/include/cw1_world_spawner/cw1_world_spawner/srv/detail/task3_service__functions.h
[0.956s] -- Up-to-date: /home/bizare/Desktop/cw2_team_14/install/cw1_world_spawner/include/cw1_world_spawner/cw1_world_spawner/srv/detail/task1_service__type_support.h
[0.956s] -- Up-to-date: /home/bizare/Desktop/cw2_team_14/install/cw1_world_spawner/include/cw1_world_spawner/cw1_world_spawner/srv/detail/task2_service__type_support.h
[0.957s] -- Up-to-date: /home/bizare/Desktop/cw2_team_14/install/cw1_world_spawner/include/cw1_world_spawner/cw1_world_spawner/srv/detail/task1_service__functions.h
[0.957s] -- Up-to-date: /home/bizare/Desktop/cw2_team_14/install/cw1_world_spawner/include/cw1_world_spawner/cw1_world_spawner/srv/detail/task2_service__functions.c
[0.957s] -- Up-to-date: /home/bizare/Desktop/cw2_team_14/install/cw1_world_spawner/include/cw1_world_spawner/cw1_world_spawner/srv/detail/task2_service__functions.h
[0.957s] -- Up-to-date: /home/bizare/Desktop/cw2_team_14/install/cw1_world_spawner/include/cw1_world_spawner/cw1_world_spawner/srv/detail/task3_service__struct.h
[0.957s] -- Up-to-date: /home/bizare/Desktop/cw2_team_14/install/cw1_world_spawner/include/cw1_world_spawner/cw1_world_spawner/srv/detail/task3_service__functions.c
[0.957s] -- Up-to-date: /home/bizare/Desktop/cw2_team_14/install/cw1_world_spawner/include/cw1_world_spawner/cw1_world_spawner/srv/detail/task_setup__struct.h
[0.957s] -- Up-to-date: /home/bizare/Desktop/cw2_team_14/install/cw1_world_spawner/include/cw1_world_spawner/cw1_world_spawner/srv/detail/task_setup__type_support.h
[0.957s] -- Up-to-date: /home/bizare/Desktop/cw2_team_14/install/cw1_world_spawner/include/cw1_world_spawner/cw1_world_spawner/srv/detail/task2_service__struct.h
[0.957s] -- Up-to-date: /home/bizare/Desktop/cw2_team_14/install/cw1_world_spawner/include/cw1_world_spawner/cw1_world_spawner/srv/detail/task_setup__functions.h
[0.957s] -- Up-to-date: /home/bizare/Desktop/cw2_team_14/install/cw1_world_spawner/include/cw1_world_spawner/cw1_world_spawner/srv/task2_service.h
[0.957s] -- Up-to-date: /home/bizare/Desktop/cw2_team_14/install/cw1_world_spawner/include/cw1_world_spawner/cw1_world_spawner/srv/task1_service.h
[0.957s] -- Up-to-date: /home/bizare/Desktop/cw2_team_14/install/cw1_world_spawner/include/cw1_world_spawner/cw1_world_spawner/srv/task_setup.h
[0.957s] -- Up-to-date: /home/bizare/Desktop/cw2_team_14/install/cw1_world_spawner/share/cw1_world_spawner/environment/library_path.sh
[0.957s] -- Up-to-date: /home/bizare/Desktop/cw2_team_14/install/cw1_world_spawner/share/cw1_world_spawner/environment/library_path.dsv
[0.957s] -- Up-to-date: /home/bizare/Desktop/cw2_team_14/install/cw1_world_spawner/lib/libcw1_world_spawner__rosidl_generator_c.so
[0.957s] -- Up-to-date: /home/bizare/Desktop/cw2_team_14/install/cw1_world_spawner/include/cw1_world_spawner/cw1_world_spawner
[0.957s] -- Up-to-date: /home/bizare/Desktop/cw2_team_14/install/cw1_world_spawner/include/cw1_world_spawner/cw1_world_spawner/msg
[0.957s] -- Up-to-date: /home/bizare/Desktop/cw2_team_14/install/cw1_world_spawner/include/cw1_world_spawner/cw1_world_spawner/msg/rosidl_typesupport_fastrtps_c__visibility_control.h
[0.957s] -- Up-to-date: /home/bizare/Desktop/cw2_team_14/install/cw1_world_spawner/include/cw1_world_spawner/cw1_world_spawner/srv
[0.957s] -- Up-to-date: /home/bizare/Desktop/cw2_team_14/install/cw1_world_spawner/include/cw1_world_spawner/cw1_world_spawner/srv/detail
[0.957s] -- Up-to-date: /home/bizare/Desktop/cw2_team_14/install/cw1_world_spawner/include/cw1_world_spawner/cw1_world_spawner/srv/detail/task2_service__rosidl_typesupport_fastrtps_c.h
[0.957s] -- Up-to-date: /home/bizare/Desktop/cw2_team_14/install/cw1_world_spawner/include/cw1_world_spawner/cw1_world_spawner/srv/detail/task_setup__rosidl_typesupport_fastrtps_c.h
[0.958s] -- Up-to-date: /home/bizare/Desktop/cw2_team_14/install/cw1_world_spawner/include/cw1_world_spawner/cw1_world_spawner/srv/detail/task3_service__rosidl_typesupport_fastrtps_c.h
[0.958s] -- Up-to-date: /home/bizare/Desktop/cw2_team_14/install/cw1_world_spawner/include/cw1_world_spawner/cw1_world_spawner/srv/detail/task1_service__rosidl_typesupport_fastrtps_c.h
[0.959s] -- Up-to-date: /home/bizare/Desktop/cw2_team_14/install/cw1_world_spawner/lib/libcw1_world_spawner__rosidl_typesupport_fastrtps_c.so
[0.959s] -- Up-to-date: /home/bizare/Desktop/cw2_team_14/install/cw1_world_spawner/include/cw1_world_spawner/cw1_world_spawner
[0.959s] -- Up-to-date: /home/bizare/Desktop/cw2_team_14/install/cw1_world_spawner/include/cw1_world_spawner/cw1_world_spawner/msg
[0.959s] -- Up-to-date: /home/bizare/Desktop/cw2_team_14/install/cw1_world_spawner/include/cw1_world_spawner/cw1_world_spawner/msg/rosidl_typesupport_introspection_c__visibility_control.h
[0.959s] -- Up-to-date: /home/bizare/Desktop/cw2_team_14/install/cw1_world_spawner/include/cw1_world_spawner/cw1_world_spawner/srv
[0.965s] -- Up-to-date: /home/bizare/Desktop/cw2_team_14/install/cw1_world_spawner/include/cw1_world_spawner/cw1_world_spawner/srv/detail
[0.965s] -- Up-to-date: /home/bizare/Desktop/cw2_team_14/install/cw1_world_spawner/include/cw1_world_spawner/cw1_world_spawner/srv/detail/task2_service__rosidl_typesupport_introspection_c.h
[0.965s] -- Up-to-date: /home/bizare/Desktop/cw2_team_14/install/cw1_world_spawner/include/cw1_world_spawner/cw1_world_spawner/srv/detail/task_setup__rosidl_typesupport_introspection_c.h
[0.965s] -- Up-to-date: /home/bizare/Desktop/cw2_team_14/install/cw1_world_spawner/include/cw1_world_spawner/cw1_world_spawner/srv/detail/task3_service__type_support.c
[0.965s] -- Up-to-date: /home/bizare/Desktop/cw2_team_14/install/cw1_world_spawner/include/cw1_world_spawner/cw1_world_spawner/srv/detail/task2_service__type_support.c
[0.965s] -- Up-to-date: /home/bizare/Desktop/cw2_team_14/install/cw1_world_spawner/include/cw1_world_spawner/cw1_world_spawner/srv/detail/task1_service__rosidl_typesupport_introspection_c.h
[0.965s] -- Up-to-date: /home/bizare/Desktop/cw2_team_14/install/cw1_world_spawner/include/cw1_world_spawner/cw1_world_spawner/srv/detail/task3_service__rosidl_typesupport_introspection_c.h
[0.965s] -- Up-to-date: /home/bizare/Desktop/cw2_team_14/install/cw1_world_spawner/include/cw1_world_spawner/cw1_world_spawner/srv/detail/task_setup__type_support.c
[0.965s] -- Up-to-date: /home/bizare/Desktop/cw2_team_14/install/cw1_world_spawner/include/cw1_world_spawner/cw1_world_spawner/srv/detail/task1_service__type_support.c
[0.965s] -- Up-to-date: /home/bizare/Desktop/cw2_team_14/install/cw1_world_spawner/lib/libcw1_world_spawner__rosidl_typesupport_introspection_c.so
[0.965s] -- Up-to-date: /home/bizare/Desktop/cw2_team_14/install/cw1_world_spawner/lib/libcw1_world_spawner__rosidl_typesupport_c.so
[0.965s] -- Up-to-date: /home/bizare/Desktop/cw2_team_14/install/cw1_world_spawner/include/cw1_world_spawner/cw1_world_spawner
[0.965s] -- Up-to-date: /home/bizare/Desktop/cw2_team_14/install/cw1_world_spawner/include/cw1_world_spawner/cw1_world_spawner/msg
[0.967s] -- Up-to-date: /home/bizare/Desktop/cw2_team_14/install/cw1_world_spawner/include/cw1_world_spawner/cw1_world_spawner/msg/rosidl_generator_cpp__visibility_control.hpp
[0.967s] -- Up-to-date: /home/bizare/Desktop/cw2_team_14/install/cw1_world_spawner/include/cw1_world_spawner/cw1_world_spawner/srv
[0.967s] -- Up-to-date: /home/bizare/Desktop/cw2_team_14/install/cw1_world_spawner/include/cw1_world_spawner/cw1_world_spawner/srv/task3_service.hpp
[0.967s] -- Up-to-date: /home/bizare/Desktop/cw2_team_14/install/cw1_world_spawner/include/cw1_world_spawner/cw1_world_spawner/srv/task1_service.hpp
[0.967s] -- Up-to-date: /home/bizare/Desktop/cw2_team_14/install/cw1_world_spawner/include/cw1_world_spawner/cw1_world_spawner/srv/task_setup.hpp
[0.967s] -- Up-to-date: /home/bizare/Desktop/cw2_team_14/install/cw1_world_spawner/include/cw1_world_spawner/cw1_world_spawner/srv/detail
[0.967s] -- Up-to-date: /home/bizare/Desktop/cw2_team_14/install/cw1_world_spawner/include/cw1_world_spawner/cw1_world_spawner/srv/detail/task_setup__struct.hpp
[0.967s] -- Up-to-date: /home/bizare/Desktop/cw2_team_14/install/cw1_world_spawner/include/cw1_world_spawner/cw1_world_spawner/srv/detail/task2_service__type_support.hpp
[0.967s] -- Up-to-date: /home/bizare/Desktop/cw2_team_14/install/cw1_world_spawner/include/cw1_world_spawner/cw1_world_spawner/srv/detail/task_setup__type_support.hpp
[0.967s] -- Up-to-date: /home/bizare/Desktop/cw2_team_14/install/cw1_world_spawner/include/cw1_world_spawner/cw1_world_spawner/srv/detail/task3_service__builder.hpp
[0.967s] -- Up-to-date: /home/bizare/Desktop/cw2_team_14/install/cw1_world_spawner/include/cw1_world_spawner/cw1_world_spawner/srv/detail/task1_service__struct.hpp
[0.967s] -- Up-to-date: /home/bizare/Desktop/cw2_team_14/install/cw1_world_spawner/include/cw1_world_spawner/cw1_world_spawner/srv/detail/task2_service__builder.hpp
[0.967s] -- Up-to-date: /home/bizare/Desktop/cw2_team_14/install/cw1_world_spawner/include/cw1_world_spawner/cw1_world_spawner/srv/detail/task1_service__type_support.hpp
[0.967s] -- Up-to-date: /home/bizare/Desktop/cw2_team_14/install/cw1_world_spawner/include/cw1_world_spawner/cw1_world_spawner/srv/detail/task2_service__traits.hpp
[0.967s] -- Up-to-date: /home/bizare/Desktop/cw2_team_14/install/cw1_world_spawner/include/cw1_world_spawner/cw1_world_spawner/srv/detail/task3_service__struct.hpp
[0.967s] -- Up-to-date: /home/bizare/Desktop/cw2_team_14/install/cw1_world_spawner/include/cw1_world_spawner/cw1_world_spawner/srv/detail/task_setup__builder.hpp
[0.967s] -- Up-to-date: /home/bizare/Desktop/cw2_team_14/install/cw1_world_spawner/include/cw1_world_spawner/cw1_world_spawner/srv/detail/task_setup__traits.hpp
[0.967s] -- Up-to-date: /home/bizare/Desktop/cw2_team_14/install/cw1_world_spawner/include/cw1_world_spawner/cw1_world_spawner/srv/detail/task2_service__struct.hpp
[0.967s] -- Up-to-date: /home/bizare/Desktop/cw2_team_14/install/cw1_world_spawner/include/cw1_world_spawner/cw1_world_spawner/srv/detail/task1_service__builder.hpp
[0.968s] -- Up-to-date: /home/bizare/Desktop/cw2_team_14/install/cw1_world_spawner/include/cw1_world_spawner/cw1_world_spawner/srv/detail/task3_service__traits.hpp
[0.968s] -- Up-to-date: /home/bizare/Desktop/cw2_team_14/install/cw1_world_spawner/include/cw1_world_spawner/cw1_world_spawner/srv/detail/task3_service__type_support.hpp
[0.968s] -- Up-to-date: /home/bizare/Desktop/cw2_team_14/install/cw1_world_spawner/include/cw1_world_spawner/cw1_world_spawner/srv/detail/task1_service__traits.hpp
[0.969s] -- Up-to-date: /home/bizare/Desktop/cw2_team_14/install/cw1_world_spawner/include/cw1_world_spawner/cw1_world_spawner/srv/task2_service.hpp
[0.969s] -- Up-to-date: /home/bizare/Desktop/cw2_team_14/install/cw1_world_spawner/include/cw1_world_spawner/cw1_world_spawner
[0.969s] -- Up-to-date: /home/bizare/Desktop/cw2_team_14/install/cw1_world_spawner/include/cw1_world_spawner/cw1_world_spawner/msg
[0.969s] -- Up-to-date: /home/bizare/Desktop/cw2_team_14/install/cw1_world_spawner/include/cw1_world_spawner/cw1_world_spawner/msg/rosidl_typesupport_fastrtps_cpp__visibility_control.h
[0.969s] -- Up-to-date: /home/bizare/Desktop/cw2_team_14/install/cw1_world_spawner/include/cw1_world_spawner/cw1_world_spawner/srv
[0.970s] -- Up-to-date: /home/bizare/Desktop/cw2_team_14/install/cw1_world_spawner/include/cw1_world_spawner/cw1_world_spawner/srv/detail
[0.970s] -- Up-to-date: /home/bizare/Desktop/cw2_team_14/install/cw1_world_spawner/include/cw1_world_spawner/cw1_world_spawner/srv/detail/dds_fastrtps
[0.970s] -- Up-to-date: /home/bizare/Desktop/cw2_team_14/install/cw1_world_spawner/include/cw1_world_spawner/cw1_world_spawner/srv/detail/task_setup__rosidl_typesupport_fastrtps_cpp.hpp
[0.970s] -- Up-to-date: /home/bizare/Desktop/cw2_team_14/install/cw1_world_spawner/include/cw1_world_spawner/cw1_world_spawner/srv/detail/task1_service__rosidl_typesupport_fastrtps_cpp.hpp
[0.970s] -- Up-to-date: /home/bizare/Desktop/cw2_team_14/install/cw1_world_spawner/include/cw1_world_spawner/cw1_world_spawner/srv/detail/task2_service__rosidl_typesupport_fastrtps_cpp.hpp
[0.970s] -- Up-to-date: /home/bizare/Desktop/cw2_team_14/install/cw1_world_spawner/include/cw1_world_spawner/cw1_world_spawner/srv/detail/task3_service__rosidl_typesupport_fastrtps_cpp.hpp
[0.973s] -- Up-to-date: /home/bizare/Desktop/cw2_team_14/install/cw1_world_spawner/lib/libcw1_world_spawner__rosidl_typesupport_fastrtps_cpp.so
[0.973s] -- Up-to-date: /home/bizare/Desktop/cw2_team_14/install/cw1_world_spawner/include/cw1_world_spawner/cw1_world_spawner
[0.973s] -- Up-to-date: /home/bizare/Desktop/cw2_team_14/install/cw1_world_spawner/include/cw1_world_spawner/cw1_world_spawner/srv
[0.973s] -- Up-to-date: /home/bizare/Desktop/cw2_team_14/install/cw1_world_spawner/include/cw1_world_spawner/cw1_world_spawner/srv/detail
[0.973s] -- Up-to-date: /home/bizare/Desktop/cw2_team_14/install/cw1_world_spawner/include/cw1_world_spawner/cw1_world_spawner/srv/detail/task3_service__rosidl_typesupport_introspection_cpp.hpp
[0.973s] -- Up-to-date: /home/bizare/Desktop/cw2_team_14/install/cw1_world_spawner/include/cw1_world_spawner/cw1_world_spawner/srv/detail/task3_service__type_support.cpp
[0.973s] -- Up-to-date: /home/bizare/Desktop/cw2_team_14/install/cw1_world_spawner/include/cw1_world_spawner/cw1_world_spawner/srv/detail/task2_service__type_support.cpp
[0.973s] -- Up-to-date: /home/bizare/Desktop/cw2_team_14/install/cw1_world_spawner/include/cw1_world_spawner/cw1_world_spawner/srv/detail/task2_service__rosidl_typesupport_introspection_cpp.hpp
[0.974s] -- Up-to-date: /home/bizare/Desktop/cw2_team_14/install/cw1_world_spawner/include/cw1_world_spawner/cw1_world_spawner/srv/detail/task1_service__rosidl_typesupport_introspection_cpp.hpp
[0.975s] -- Up-to-date: /home/bizare/Desktop/cw2_team_14/install/cw1_world_spawner/include/cw1_world_spawner/cw1_world_spawner/srv/detail/task_setup__type_support.cpp
[0.975s] -- Up-to-date: /home/bizare/Desktop/cw2_team_14/install/cw1_world_spawner/include/cw1_world_spawner/cw1_world_spawner/srv/detail/task_setup__rosidl_typesupport_introspection_cpp.hpp
[0.975s] -- Up-to-date: /home/bizare/Desktop/cw2_team_14/install/cw1_world_spawner/include/cw1_world_spawner/cw1_world_spawner/srv/detail/task1_service__type_support.cpp
[0.975s] -- Up-to-date: /home/bizare/Desktop/cw2_team_14/install/cw1_world_spawner/lib/libcw1_world_spawner__rosidl_typesupport_introspection_cpp.so
[0.975s] -- Up-to-date: /home/bizare/Desktop/cw2_team_14/install/cw1_world_spawner/lib/libcw1_world_spawner__rosidl_typesupport_cpp.so
[0.975s] -- Up-to-date: /home/bizare/Desktop/cw2_team_14/install/cw1_world_spawner/share/cw1_world_spawner/environment/pythonpath.sh
[0.978s] -- Up-to-date: /home/bizare/Desktop/cw2_team_14/install/cw1_world_spawner/share/cw1_world_spawner/environment/pythonpath.dsv
[0.978s] -- Up-to-date: /home/bizare/Desktop/cw2_team_14/install/cw1_world_spawner/local/lib/python3.10/dist-packages/cw1_world_spawner-0.1.0-py3.10.egg-info
[0.978s] -- Installing: /home/bizare/Desktop/cw2_team_14/install/cw1_world_spawner/local/lib/python3.10/dist-packages/cw1_world_spawner-0.1.0-py3.10.egg-info/SOURCES.txt
[0.978s] -- Installing: /home/bizare/Desktop/cw2_team_14/install/cw1_world_spawner/local/lib/python3.10/dist-packages/cw1_world_spawner-0.1.0-py3.10.egg-info/dependency_links.txt
[0.978s] -- Installing: /home/bizare/Desktop/cw2_team_14/install/cw1_world_spawner/local/lib/python3.10/dist-packages/cw1_world_spawner-0.1.0-py3.10.egg-info/PKG-INFO
[0.978s] -- Installing: /home/bizare/Desktop/cw2_team_14/install/cw1_world_spawner/local/lib/python3.10/dist-packages/cw1_world_spawner-0.1.0-py3.10.egg-info/top_level.txt
[0.978s] -- Up-to-date: /home/bizare/Desktop/cw2_team_14/install/cw1_world_spawner/local/lib/python3.10/dist-packages/cw1_world_spawner
[0.978s] -- Up-to-date: /home/bizare/Desktop/cw2_team_14/install/cw1_world_spawner/local/lib/python3.10/dist-packages/cw1_world_spawner/libcw1_world_spawner__rosidl_generator_py.so
[0.978s] -- Up-to-date: /home/bizare/Desktop/cw2_team_14/install/cw1_world_spawner/local/lib/python3.10/dist-packages/cw1_world_spawner/cw1_world_spawner_s__rosidl_typesupport_c.cpython-310-x86_64-linux-gnu.so
[0.978s] -- Up-to-date: /home/bizare/Desktop/cw2_team_14/install/cw1_world_spawner/local/lib/python3.10/dist-packages/cw1_world_spawner/__init__.py
[0.978s] -- Up-to-date: /home/bizare/Desktop/cw2_team_14/install/cw1_world_spawner/local/lib/python3.10/dist-packages/cw1_world_spawner/_cw1_world_spawner_s.ep.rosidl_typesupport_fastrtps_c.c
[0.978s] -- Up-to-date: /home/bizare/Desktop/cw2_team_14/install/cw1_world_spawner/local/lib/python3.10/dist-packages/cw1_world_spawner/_cw1_world_spawner_s.ep.rosidl_typesupport_introspection_c.c
[0.979s] -- Up-to-date: /home/bizare/Desktop/cw2_team_14/install/cw1_world_spawner/local/lib/python3.10/dist-packages/cw1_world_spawner/cw1_world_spawner_s__rosidl_typesupport_introspection_c.cpython-310-x86_64-linux-gnu.so
[0.982s] -- Up-to-date: /home/bizare/Desktop/cw2_team_14/install/cw1_world_spawner/local/lib/python3.10/dist-packages/cw1_world_spawner/_cw1_world_spawner_s.ep.rosidl_typesupport_c.c
[0.982s] -- Up-to-date: /home/bizare/Desktop/cw2_team_14/install/cw1_world_spawner/local/lib/python3.10/dist-packages/cw1_world_spawner/cw1_world_spawner_s__rosidl_typesupport_fastrtps_c.cpython-310-x86_64-linux-gnu.so
[0.982s] -- Up-to-date: /home/bizare/Desktop/cw2_team_14/install/cw1_world_spawner/local/lib/python3.10/dist-packages/cw1_world_spawner/srv
[0.982s] -- Up-to-date: /home/bizare/Desktop/cw2_team_14/install/cw1_world_spawner/local/lib/python3.10/dist-packages/cw1_world_spawner/srv/_task3_service_s.c
[0.982s] -- Up-to-date: /home/bizare/Desktop/cw2_team_14/install/cw1_world_spawner/local/lib/python3.10/dist-packages/cw1_world_spawner/srv/_task1_service_s.c
[0.984s] -- Up-to-date: /home/bizare/Desktop/cw2_team_14/install/cw1_world_spawner/local/lib/python3.10/dist-packages/cw1_world_spawner/srv/__init__.py
[0.984s] -- Up-to-date: /home/bizare/Desktop/cw2_team_14/install/cw1_world_spawner/local/lib/python3.10/dist-packages/cw1_world_spawner/srv/_task_setup_s.c
[0.984s] -- Up-to-date: /home/bizare/Desktop/cw2_team_14/install/cw1_world_spawner/local/lib/python3.10/dist-packages/cw1_world_spawner/srv/_task2_service_s.c
[0.985s] -- Up-to-date: /home/bizare/Desktop/cw2_team_14/install/cw1_world_spawner/local/lib/python3.10/dist-packages/cw1_world_spawner/srv/_task_setup.py
[0.985s] -- Up-to-date: /home/bizare/Desktop/cw2_team_14/install/cw1_world_spawner/local/lib/python3.10/dist-packages/cw1_world_spawner/srv/_task2_service.py
[0.985s] -- Up-to-date: /home/bizare/Desktop/cw2_team_14/install/cw1_world_spawner/local/lib/python3.10/dist-packages/cw1_world_spawner/srv/_task1_service.py
[0.985s] -- Up-to-date: /home/bizare/Desktop/cw2_team_14/install/cw1_world_spawner/local/lib/python3.10/dist-packages/cw1_world_spawner/srv/_task3_service.py
[1.036s] Listing '/home/bizare/Desktop/cw2_team_14/install/cw1_world_spawner/local/lib/python3.10/dist-packages/cw1_world_spawner'...
[1.036s] Listing '/home/bizare/Desktop/cw2_team_14/install/cw1_world_spawner/local/lib/python3.10/dist-packages/cw1_world_spawner/srv'...
[1.041s] -- Up-to-date: /home/bizare/Desktop/cw2_team_14/install/cw1_world_spawner/local/lib/python3.10/dist-packages/cw1_world_spawner/cw1_world_spawner_s__rosidl_typesupport_fastrtps_c.cpython-310-x86_64-linux-gnu.so
[1.043s] -- Up-to-date: /home/bizare/Desktop/cw2_team_14/install/cw1_world_spawner/local/lib/python3.10/dist-packages/cw1_world_spawner/cw1_world_spawner_s__rosidl_typesupport_introspection_c.cpython-310-x86_64-linux-gnu.so
[1.043s] -- Up-to-date: /home/bizare/Desktop/cw2_team_14/install/cw1_world_spawner/local/lib/python3.10/dist-packages/cw1_world_spawner/cw1_world_spawner_s__rosidl_typesupport_c.cpython-310-x86_64-linux-gnu.so
[1.045s] -- Up-to-date: /home/bizare/Desktop/cw2_team_14/install/cw1_world_spawner/lib/libcw1_world_spawner__rosidl_generator_py.so
[1.047s] -- Up-to-date: /home/bizare/Desktop/cw2_team_14/install/cw1_world_spawner/share/cw1_world_spawner/srv/TaskSetup.idl
[1.047s] -- Up-to-date: /home/bizare/Desktop/cw2_team_14/install/cw1_world_spawner/share/cw1_world_spawner/srv/Task1Service.idl
[1.047s] -- Up-to-date: /home/bizare/Desktop/cw2_team_14/install/cw1_world_spawner/share/cw1_world_spawner/srv/Task2Service.idl
[1.047s] -- Up-to-date: /home/bizare/Desktop/cw2_team_14/install/cw1_world_spawner/share/cw1_world_spawner/srv/Task3Service.idl
[1.047s] -- Up-to-date: /home/bizare/Desktop/cw2_team_14/install/cw1_world_spawner/share/cw1_world_spawner/srv/TaskSetup.srv
[1.047s] -- Up-to-date: /home/bizare/Desktop/cw2_team_14/install/cw1_world_spawner/share/cw1_world_spawner/srv/TaskSetup_Request.msg
[1.047s] -- Up-to-date: /home/bizare/Desktop/cw2_team_14/install/cw1_world_spawner/share/cw1_world_spawner/srv/TaskSetup_Response.msg
[1.047s] -- Up-to-date: /home/bizare/Desktop/cw2_team_14/install/cw1_world_spawner/share/cw1_world_spawner/srv/Task1Service.srv
[1.047s] -- Up-to-date: /home/bizare/Desktop/cw2_team_14/install/cw1_world_spawner/share/cw1_world_spawner/srv/Task1Service_Request.msg
[1.047s] -- Up-to-date: /home/bizare/Desktop/cw2_team_14/install/cw1_world_spawner/share/cw1_world_spawner/srv/Task1Service_Response.msg
[1.047s] -- Up-to-date: /home/bizare/Desktop/cw2_team_14/install/cw1_world_spawner/share/cw1_world_spawner/srv/Task2Service.srv
[1.047s] -- Up-to-date: /home/bizare/Desktop/cw2_team_14/install/cw1_world_spawner/share/cw1_world_spawner/srv/Task2Service_Request.msg
[1.047s] -- Up-to-date: /home/bizare/Desktop/cw2_team_14/install/cw1_world_spawner/share/cw1_world_spawner/srv/Task2Service_Response.msg
[1.047s] -- Up-to-date: /home/bizare/Desktop/cw2_team_14/install/cw1_world_spawner/share/cw1_world_spawner/srv/Task3Service.srv
[1.048s] -- Up-to-date: /home/bizare/Desktop/cw2_team_14/install/cw1_world_spawner/share/cw1_world_spawner/srv/Task3Service_Request.msg
[1.048s] -- Up-to-date: /home/bizare/Desktop/cw2_team_14/install/cw1_world_spawner/share/cw1_world_spawner/srv/Task3Service_Response.msg
[1.048s] -- Up-to-date: /home/bizare/Desktop/cw2_team_14/install/cw1_world_spawner/local/lib/python3.10/dist-packages/coursework_world_spawner_lib-0.1.0-py3.10.egg-info
[1.049s] -- Installing: /home/bizare/Desktop/cw2_team_14/install/cw1_world_spawner/local/lib/python3.10/dist-packages/coursework_world_spawner_lib-0.1.0-py3.10.egg-info/SOURCES.txt
[1.049s] -- Installing: /home/bizare/Desktop/cw2_team_14/install/cw1_world_spawner/local/lib/python3.10/dist-packages/coursework_world_spawner_lib-0.1.0-py3.10.egg-info/dependency_links.txt
[1.049s] -- Installing: /home/bizare/Desktop/cw2_team_14/install/cw1_world_spawner/local/lib/python3.10/dist-packages/coursework_world_spawner_lib-0.1.0-py3.10.egg-info/PKG-INFO
[1.049s] -- Installing: /home/bizare/Desktop/cw2_team_14/install/cw1_world_spawner/local/lib/python3.10/dist-packages/coursework_world_spawner_lib-0.1.0-py3.10.egg-info/top_level.txt
[1.049s] -- Up-to-date: /home/bizare/Desktop/cw2_team_14/install/cw1_world_spawner/local/lib/python3.10/dist-packages/coursework_world_spawner_lib
[1.049s] -- Up-to-date: /home/bizare/Desktop/cw2_team_14/install/cw1_world_spawner/local/lib/python3.10/dist-packages/coursework_world_spawner_lib/__init__.py
[1.049s] -- Up-to-date: /home/bizare/Desktop/cw2_team_14/install/cw1_world_spawner/local/lib/python3.10/dist-packages/coursework_world_spawner_lib/coursework_world_spawner.py
[1.091s] Listing '/home/bizare/Desktop/cw2_team_14/install/cw1_world_spawner/local/lib/python3.10/dist-packages/coursework_world_spawner_lib'...
[1.096s] -- Up-to-date: /home/bizare/Desktop/cw2_team_14/install/cw1_world_spawner/lib/cw1_world_spawner/world_spawner.py
[1.096s] -- Up-to-date: /home/bizare/Desktop/cw2_team_14/install/cw1_world_spawner/lib/cw1_world_spawner/test_coursework.py
[1.097s] -- Up-to-date: /home/bizare/Desktop/cw2_team_14/install/cw1_world_spawner/share/cw1_world_spawner/models
[1.098s] -- Up-to-date: /home/bizare/Desktop/cw2_team_14/install/cw1_world_spawner/share/cw1_world_spawner/models/basket_blue
[1.098s] -- Up-to-date: /home/bizare/Desktop/cw2_team_14/install/cw1_world_spawner/share/cw1_world_spawner/models/basket_blue/model.config
[1.098s] -- Up-to-date: /home/bizare/Desktop/cw2_team_14/install/cw1_world_spawner/share/cw1_world_spawner/models/basket_blue/model.sdf.xmacro
[1.098s] -- Up-to-date: /home/bizare/Desktop/cw2_team_14/install/cw1_world_spawner/share/cw1_world_spawner/models/basket_blue/model.sdf
[1.098s] -- Up-to-date: /home/bizare/Desktop/cw2_team_14/install/cw1_world_spawner/share/cw1_world_spawner/models/all_tiles
[1.098s] -- Up-to-date: /home/bizare/Desktop/cw2_team_14/install/cw1_world_spawner/share/cw1_world_spawner/models/all_tiles/model.config
[1.098s] -- Up-to-date: /home/bizare/Desktop/cw2_team_14/install/cw1_world_spawner/share/cw1_world_spawner/models/all_tiles/model.sdf.xmacro
[1.098s] -- Up-to-date: /home/bizare/Desktop/cw2_team_14/install/cw1_world_spawner/share/cw1_world_spawner/models/all_tiles/model.sdf
[1.098s] -- Up-to-date: /home/bizare/Desktop/cw2_team_14/install/cw1_world_spawner/share/cw1_world_spawner/models/basket_purple
[1.098s] -- Up-to-date: /home/bizare/Desktop/cw2_team_14/install/cw1_world_spawner/share/cw1_world_spawner/models/basket_purple/model.config
[1.100s] -- Up-to-date: /home/bizare/Desktop/cw2_team_14/install/cw1_world_spawner/share/cw1_world_spawner/models/basket_purple/model.sdf.xmacro
[1.100s] -- Up-to-date: /home/bizare/Desktop/cw2_team_14/install/cw1_world_spawner/share/cw1_world_spawner/models/basket_purple/model.sdf
[1.100s] -- Up-to-date: /home/bizare/Desktop/cw2_team_14/install/cw1_world_spawner/share/cw1_world_spawner/models/box
[1.101s] -- Up-to-date: /home/bizare/Desktop/cw2_team_14/install/cw1_world_spawner/share/cw1_world_spawner/models/box/model.config
[1.101s] -- Up-to-date: /home/bizare/Desktop/cw2_team_14/install/cw1_world_spawner/share/cw1_world_spawner/models/box/model.sdf
[1.101s] -- Up-to-date: /home/bizare/Desktop/cw2_team_14/install/cw1_world_spawner/share/cw1_world_spawner/models/basket
[1.101s] -- Up-to-date: /home/bizare/Desktop/cw2_team_14/install/cw1_world_spawner/share/cw1_world_spawner/models/basket/model.config
[1.102s] -- Up-to-date: /home/bizare/Desktop/cw2_team_14/install/cw1_world_spawner/share/cw1_world_spawner/models/basket/model.sdf.xmacro
[1.103s] -- Up-to-date: /home/bizare/Desktop/cw2_team_14/install/cw1_world_spawner/share/cw1_world_spawner/models/basket/model.sdf
[1.103s] -- Up-to-date: /home/bizare/Desktop/cw2_team_14/install/cw1_world_spawner/share/cw1_world_spawner/models/box_blue
[1.103s] -- Up-to-date: /home/bizare/Desktop/cw2_team_14/install/cw1_world_spawner/share/cw1_world_spawner/models/box_blue/model.config
[1.103s] -- Up-to-date: /home/bizare/Desktop/cw2_team_14/install/cw1_world_spawner/share/cw1_world_spawner/models/box_blue/model.sdf
[1.103s] -- Up-to-date: /home/bizare/Desktop/cw2_team_14/install/cw1_world_spawner/share/cw1_world_spawner/models/basket_red
[1.103s] -- Up-to-date: /home/bizare/Desktop/cw2_team_14/install/cw1_world_spawner/share/cw1_world_spawner/models/basket_red/model.config
[1.103s] -- Up-to-date: /home/bizare/Desktop/cw2_team_14/install/cw1_world_spawner/share/cw1_world_spawner/models/basket_red/model.sdf.xmacro
[1.103s] -- Up-to-date: /home/bizare/Desktop/cw2_team_14/install/cw1_world_spawner/share/cw1_world_spawner/models/basket_red/model.sdf
[1.105s] -- Up-to-date: /home/bizare/Desktop/cw2_team_14/install/cw1_world_spawner/share/cw1_world_spawner/models/object-golf-tile
[1.105s] -- Up-to-date: /home/bizare/Desktop/cw2_team_14/install/cw1_world_spawner/share/cw1_world_spawner/models/object-golf-tile/model.config
[1.105s] -- Up-to-date: /home/bizare/Desktop/cw2_team_14/install/cw1_world_spawner/share/cw1_world_spawner/models/object-golf-tile/model.sdf
[1.105s] -- Up-to-date: /home/bizare/Desktop/cw2_team_14/install/cw1_world_spawner/share/cw1_world_spawner/models/box_red
[1.105s] -- Up-to-date: /home/bizare/Desktop/cw2_team_14/install/cw1_world_spawner/share/cw1_world_spawner/models/box_red/model.config
[1.105s] -- Up-to-date: /home/bizare/Desktop/cw2_team_14/install/cw1_world_spawner/share/cw1_world_spawner/models/box_red/model.sdf
[1.105s] -- Up-to-date: /home/bizare/Desktop/cw2_team_14/install/cw1_world_spawner/share/cw1_world_spawner/models/box_purple
[1.105s] -- Up-to-date: /home/bizare/Desktop/cw2_team_14/install/cw1_world_spawner/share/cw1_world_spawner/models/box_purple/model.config
[1.105s] -- Up-to-date: /home/bizare/Desktop/cw2_team_14/install/cw1_world_spawner/share/cw1_world_spawner/models/box_purple/model.sdf
[1.106s] -- Up-to-date: /home/bizare/Desktop/cw2_team_14/install/cw1_world_spawner/share/cw1_world_spawner/launch
[1.107s] -- Up-to-date: /home/bizare/Desktop/cw2_team_14/install/cw1_world_spawner/share/cw1_world_spawner/launch/world_spawner.launch.py
[1.107s] -- Up-to-date: /home/bizare/Desktop/cw2_team_14/install/cw1_world_spawner/share/cw1_world_spawner/launch/test_coursework.launch.py
[1.107s] -- Up-to-date: /home/bizare/Desktop/cw2_team_14/install/cw1_world_spawner/share/ament_index/resource_index/package_run_dependencies/cw1_world_spawner
[1.107s] -- Up-to-date: /home/bizare/Desktop/cw2_team_14/install/cw1_world_spawner/share/ament_index/resource_index/parent_prefix_path/cw1_world_spawner
[1.107s] -- Up-to-date: /home/bizare/Desktop/cw2_team_14/install/cw1_world_spawner/share/cw1_world_spawner/environment/ament_prefix_path.sh
[1.107s] -- Up-to-date: /home/bizare/Desktop/cw2_team_14/install/cw1_world_spawner/share/cw1_world_spawner/environment/ament_prefix_path.dsv
[1.107s] -- Up-to-date: /home/bizare/Desktop/cw2_team_14/install/cw1_world_spawner/share/cw1_world_spawner/environment/path.sh
[1.109s] -- Up-to-date: /home/bizare/Desktop/cw2_team_14/install/cw1_world_spawner/share/cw1_world_spawner/environment/path.dsv
[1.109s] -- Up-to-date: /home/bizare/Desktop/cw2_team_14/install/cw1_world_spawner/share/cw1_world_spawner/local_setup.bash
[1.109s] -- Up-to-date: /home/bizare/Desktop/cw2_team_14/install/cw1_world_spawner/share/cw1_world_spawner/local_setup.sh
[1.111s] -- Up-to-date: /home/bizare/Desktop/cw2_team_14/install/cw1_world_spawner/share/cw1_world_spawner/local_setup.zsh
[1.111s] -- Up-to-date: /home/bizare/Desktop/cw2_team_14/install/cw1_world_spawner/share/cw1_world_spawner/local_setup.dsv
[1.111s] -- Installing: /home/bizare/Desktop/cw2_team_14/install/cw1_world_spawner/share/cw1_world_spawner/package.dsv
[1.111s] -- Up-to-date: /home/bizare/Desktop/cw2_team_14/install/cw1_world_spawner/share/ament_index/resource_index/packages/cw1_world_spawner
[1.111s] -- Up-to-date: /home/bizare/Desktop/cw2_team_14/install/cw1_world_spawner/share/cw1_world_spawner/cmake/export_cw1_world_spawner__rosidl_generator_cExport.cmake
[1.111s] -- Up-to-date: /home/bizare/Desktop/cw2_team_14/install/cw1_world_spawner/share/cw1_world_spawner/cmake/export_cw1_world_spawner__rosidl_generator_cExport-noconfig.cmake
[1.111s] -- Up-to-date: /home/bizare/Desktop/cw2_team_14/install/cw1_world_spawner/share/cw1_world_spawner/cmake/export_cw1_world_spawner__rosidl_typesupport_fastrtps_cExport.cmake
[1.111s] -- Up-to-date: /home/bizare/Desktop/cw2_team_14/install/cw1_world_spawner/share/cw1_world_spawner/cmake/export_cw1_world_spawner__rosidl_typesupport_fastrtps_cExport-noconfig.cmake
[1.111s] -- Up-to-date: /home/bizare/Desktop/cw2_team_14/install/cw1_world_spawner/share/cw1_world_spawner/cmake/cw1_world_spawner__rosidl_typesupport_introspection_cExport.cmake
[1.111s] -- Up-to-date: /home/bizare/Desktop/cw2_team_14/install/cw1_world_spawner/share/cw1_world_spawner/cmake/cw1_world_spawner__rosidl_typesupport_introspection_cExport-noconfig.cmake
[1.111s] -- Up-to-date: /home/bizare/Desktop/cw2_team_14/install/cw1_world_spawner/share/cw1_world_spawner/cmake/cw1_world_spawner__rosidl_typesupport_cExport.cmake
[1.111s] -- Up-to-date: /home/bizare/Desktop/cw2_team_14/install/cw1_world_spawner/share/cw1_world_spawner/cmake/cw1_world_spawner__rosidl_typesupport_cExport-noconfig.cmake
[1.111s] -- Up-to-date: /home/bizare/Desktop/cw2_team_14/install/cw1_world_spawner/share/cw1_world_spawner/cmake/export_cw1_world_spawner__rosidl_generator_cppExport.cmake
[1.111s] -- Up-to-date: /home/bizare/Desktop/cw2_team_14/install/cw1_world_spawner/share/cw1_world_spawner/cmake/export_cw1_world_spawner__rosidl_typesupport_fastrtps_cppExport.cmake
[1.111s] -- Up-to-date: /home/bizare/Desktop/cw2_team_14/install/cw1_world_spawner/share/cw1_world_spawner/cmake/export_cw1_world_spawner__rosidl_typesupport_fastrtps_cppExport-noconfig.cmake
[1.111s] -- Up-to-date: /home/bizare/Desktop/cw2_team_14/install/cw1_world_spawner/share/cw1_world_spawner/cmake/cw1_world_spawner__rosidl_typesupport_introspection_cppExport.cmake
[1.113s] -- Up-to-date: /home/bizare/Desktop/cw2_team_14/install/cw1_world_spawner/share/cw1_world_spawner/cmake/cw1_world_spawner__rosidl_typesupport_introspection_cppExport-noconfig.cmake
[1.114s] -- Up-to-date: /home/bizare/Desktop/cw2_team_14/install/cw1_world_spawner/share/cw1_world_spawner/cmake/cw1_world_spawner__rosidl_typesupport_cppExport.cmake
[1.114s] -- Up-to-date: /home/bizare/Desktop/cw2_team_14/install/cw1_world_spawner/share/cw1_world_spawner/cmake/cw1_world_spawner__rosidl_typesupport_cppExport-noconfig.cmake
[1.114s] -- Up-to-date: /home/bizare/Desktop/cw2_team_14/install/cw1_world_spawner/share/cw1_world_spawner/cmake/export_cw1_world_spawner__rosidl_generator_pyExport.cmake
[1.114s] -- Up-to-date: /home/bizare/Desktop/cw2_team_14/install/cw1_world_spawner/share/cw1_world_spawner/cmake/export_cw1_world_spawner__rosidl_generator_pyExport-noconfig.cmake
[1.114s] -- Up-to-date: /home/bizare/Desktop/cw2_team_14/install/cw1_world_spawner/share/cw1_world_spawner/cmake/rosidl_cmake-extras.cmake
[1.114s] -- Up-to-date: /home/bizare/Desktop/cw2_team_14/install/cw1_world_spawner/share/cw1_world_spawner/cmake/ament_cmake_export_dependencies-extras.cmake
[1.114s] -- Up-to-date: /home/bizare/Desktop/cw2_team_14/install/cw1_world_spawner/share/cw1_world_spawner/cmake/ament_cmake_export_include_directories-extras.cmake
[1.114s] -- Up-to-date: /home/bizare/Desktop/cw2_team_14/install/cw1_world_spawner/share/cw1_world_spawner/cmake/ament_cmake_export_libraries-extras.cmake
[1.114s] -- Up-to-date: /home/bizare/Desktop/cw2_team_14/install/cw1_world_spawner/share/cw1_world_spawner/cmake/ament_cmake_export_targets-extras.cmake
[1.114s] -- Up-to-date: /home/bizare/Desktop/cw2_team_14/install/cw1_world_spawner/share/cw1_world_spawner/cmake/rosidl_cmake_export_typesupport_targets-extras.cmake
[1.114s] -- Up-to-date: /home/bizare/Desktop/cw2_team_14/install/cw1_world_spawner/share/cw1_world_spawner/cmake/rosidl_cmake_export_typesupport_libraries-extras.cmake
[1.114s] -- Up-to-date: /home/bizare/Desktop/cw2_team_14/install/cw1_world_spawner/share/cw1_world_spawner/cmake/cw1_world_spawnerConfig.cmake
[1.114s] -- Up-to-date: /home/bizare/Desktop/cw2_team_14/install/cw1_world_spawner/share/cw1_world_spawner/cmake/cw1_world_spawnerConfig-version.cmake
[1.114s] -- Up-to-date: /home/bizare/Desktop/cw2_team_14/install/cw1_world_spawner/share/cw1_world_spawner/package.xml
[1.121s] Invoked command in '/home/bizare/Desktop/cw2_team_14/build/cw1_world_spawner' returned '0': CMAKE_PREFIX_PATH=${CMAKE_PREFIX_PATH}:/opt/ros/humble /usr/bin/cmake --install /home/bizare/Desktop/cw2_team_14/build/cw1_world_spawner
