[0.021s] Invoking command in '/home/bizare/Desktop/cw2_team_14/build/cw2_team_14': CMAKE_PREFIX_PATH=/home/bizare/Desktop/cw2_team_14/install/cw2_world_spawner:/home/bizare/Desktop/cw2_team_14/install/rpl_panda_with_rs:/home/bizare/Desktop/cw2_team_14/install/realsense_gazebo_plugin:/home/bizare/Desktop/cw2_team_14/install/panda_moveit_config:/home/bizare/Desktop/cw2_team_14/install/panda_description:/home/bizare/Desktop/cw2_team_14/install/cw2_team_14:/home/bizare/Desktop/cw2_team_14/install/cw1_world_spawner:/opt/ros/humble LD_LIBRARY_PATH=/home/bizare/Desktop/cw2_team_14/install/cw2_world_spawner/lib:/home/bizare/Desktop/cw2_team_14/install/realsense_gazebo_plugin/lib:/home/bizare/Desktop/cw2_team_14/install/cw2_team_14/lib:/home/bizare/Desktop/cw2_team_14/install/cw1_world_spawner/lib:/usr/lib/x86_64-linux-gnu/gazebo-11/plugins:/opt/ros/humble/opt/rviz_ogre_vendor/lib:/opt/ros/humble/lib/x86_64-linux-gnu:/opt/ros/humble/lib /usr/bin/cmake --build /home/bizare/Desktop/cw2_team_14/build/cw2_team_14 -- -j2 -l2
[0.107s] [  2%] Built target cw2_team_14__cpp
[0.130s] [ 11%] Built target cw2_team_14__rosidl_generator_c
[0.163s] [ 11%] Built target ament_cmake_python_copy_cw2_team_14
[0.187s] [ 20%] Built target cw2_team_14__rosidl_typesupport_cpp
[0.212s] [ 28%] Built target cw2_team_14__rosidl_typesupport_fastrtps_c
[0.234s] [ 37%] Built target cw2_team_14__rosidl_typesupport_introspection_c
[0.270s] [ 45%] Built target cw2_team_14__rosidl_typesupport_c
[0.294s] [ 54%] Built target cw2_team_14__rosidl_typesupport_fastrtps_cpp
[0.320s] [ 62%] Built target cw2_team_14__rosidl_typesupport_introspection_cpp
[0.545s] running egg_info
[0.545s] writing cw2_team_14.egg-info/PKG-INFO
[0.546s] writing dependency_links to cw2_team_14.egg-info/dependency_links.txt
[0.546s] writing top-level names to cw2_team_14.egg-info/top_level.txt
[0.548s] reading manifest file 'cw2_team_14.egg-info/SOURCES.txt'
[0.549s] writing manifest file 'cw2_team_14.egg-info/SOURCES.txt'
[0.569s] [ 62%] Built target ament_cmake_python_build_cw2_team_14_egg
[0.587s] [35m[1mConsolidate compiler generated dependencies of target cw2_team_14_cw2_class_lib[0m
[0.637s] [ 65%] [32mBuilding CXX object CMakeFiles/cw2_team_14_cw2_class_lib.dir/src/cw2_class.cpp.o[0m
[17.351s] [ 68%] [32m[1mLinking CXX shared library libcw2_team_14_cw2_class_lib.so[0m
[18.959s] [ 68%] Built target cw2_team_14_cw2_class_lib
[18.979s] [ 68%] Built target cw2_team_14
[19.013s] [ 71%] [32m[1mLinking CXX executable cw2_solution_node[0m
[19.884s] [ 74%] Built target cw2_solution_node
[19.905s] [ 77%] Built target cw2_team_14__py
[19.927s] [ 82%] Built target cw2_team_14__rosidl_generator_py
[19.949s] [ 88%] Built target cw2_team_14__rosidl_typesupport_fastrtps_c__pyext
[19.970s] [ 94%] Built target cw2_team_14__rosidl_typesupport_introspection_c__pyext
[19.992s] [100%] Built target cw2_team_14__rosidl_typesupport_c__pyext
[20.004s] Invoked command in '/home/bizare/Desktop/cw2_team_14/build/cw2_team_14' returned '0': CMAKE_PREFIX_PATH=/home/bizare/Desktop/cw2_team_14/install/cw2_world_spawner:/home/bizare/Desktop/cw2_team_14/install/rpl_panda_with_rs:/home/bizare/Desktop/cw2_team_14/install/realsense_gazebo_plugin:/home/bizare/Desktop/cw2_team_14/install/panda_moveit_config:/home/bizare/Desktop/cw2_team_14/install/panda_description:/home/bizare/Desktop/cw2_team_14/install/cw2_team_14:/home/bizare/Desktop/cw2_team_14/install/cw1_world_spawner:/opt/ros/humble LD_LIBRARY_PATH=/home/bizare/Desktop/cw2_team_14/install/cw2_world_spawner/lib:/home/bizare/Desktop/cw2_team_14/install/realsense_gazebo_plugin/lib:/home/bizare/Desktop/cw2_team_14/install/cw2_team_14/lib:/home/bizare/Desktop/cw2_team_14/install/cw1_world_spawner/lib:/usr/lib/x86_64-linux-gnu/gazebo-11/plugins:/opt/ros/humble/opt/rviz_ogre_vendor/lib:/opt/ros/humble/lib/x86_64-linux-gnu:/opt/ros/humble/lib /usr/bin/cmake --build /home/bizare/Desktop/cw2_team_14/build/cw2_team_14 -- -j2 -l2
[20.017s] Invoking command in '/home/bizare/Desktop/cw2_team_14/build/cw2_team_14': CMAKE_PREFIX_PATH=/home/bizare/Desktop/cw2_team_14/install/cw2_world_spawner:/home/bizare/Desktop/cw2_team_14/install/rpl_panda_with_rs:/home/bizare/Desktop/cw2_team_14/install/realsense_gazebo_plugin:/home/bizare/Desktop/cw2_team_14/install/panda_moveit_config:/home/bizare/Desktop/cw2_team_14/install/panda_description:/home/bizare/Desktop/cw2_team_14/install/cw2_team_14:/home/bizare/Desktop/cw2_team_14/install/cw1_world_spawner:/opt/ros/humble LD_LIBRARY_PATH=/home/bizare/Desktop/cw2_team_14/install/cw2_world_spawner/lib:/home/bizare/Desktop/cw2_team_14/install/realsense_gazebo_plugin/lib:/home/bizare/Desktop/cw2_team_14/install/cw2_team_14/lib:/home/bizare/Desktop/cw2_team_14/install/cw1_world_spawner/lib:/usr/lib/x86_64-linux-gnu/gazebo-11/plugins:/opt/ros/humble/opt/rviz_ogre_vendor/lib:/opt/ros/humble/lib/x86_64-linux-gnu:/opt/ros/humble/lib /usr/bin/cmake --install /home/bizare/Desktop/cw2_team_14/build/cw2_team_14
[20.023s] -- Install configuration: ""
[20.023s] -- Up-to-date: /home/bizare/Desktop/cw2_team_14/install/cw2_team_14/share/ament_index/resource_index/rosidl_interfaces/cw2_team_14
[20.024s] -- Up-to-date: /home/bizare/Desktop/cw2_team_14/install/cw2_team_14/include/cw2_team_14/cw2_team_14
[20.024s] -- Up-to-date: /home/bizare/Desktop/cw2_team_14/install/cw2_team_14/include/cw2_team_14/cw2_team_14/msg
[20.024s] -- Up-to-date: /home/bizare/Desktop/cw2_team_14/install/cw2_team_14/include/cw2_team_14/cw2_team_14/msg/rosidl_generator_c__visibility_control.h
[20.024s] -- Up-to-date: /home/bizare/Desktop/cw2_team_14/install/cw2_team_14/include/cw2_team_14/cw2_team_14/srv
[20.024s] -- Up-to-date: /home/bizare/Desktop/cw2_team_14/install/cw2_team_14/include/cw2_team_14/cw2_team_14/srv/detail
[20.025s] -- Up-to-date: /home/bizare/Desktop/cw2_team_14/install/cw2_team_14/include/cw2_team_14/cw2_team_14/srv/detail/example__functions.c
[20.025s] -- Up-to-date: /home/bizare/Desktop/cw2_team_14/install/cw2_team_14/include/cw2_team_14/cw2_team_14/srv/detail/example__struct.h
[20.025s] -- Up-to-date: /home/bizare/Desktop/cw2_team_14/install/cw2_team_14/include/cw2_team_14/cw2_team_14/srv/detail/example__functions.h
[20.025s] -- Up-to-date: /home/bizare/Desktop/cw2_team_14/install/cw2_team_14/include/cw2_team_14/cw2_team_14/srv/detail/example__type_support.h
[20.025s] -- Up-to-date: /home/bizare/Desktop/cw2_team_14/install/cw2_team_14/include/cw2_team_14/cw2_team_14/srv/example.h
[20.026s] -- Up-to-date: /home/bizare/Desktop/cw2_team_14/install/cw2_team_14/share/cw2_team_14/environment/library_path.sh
[20.026s] -- Up-to-date: /home/bizare/Desktop/cw2_team_14/install/cw2_team_14/share/cw2_team_14/environment/library_path.dsv
[20.026s] -- Up-to-date: /home/bizare/Desktop/cw2_team_14/install/cw2_team_14/lib/libcw2_team_14__rosidl_generator_c.so
[20.026s] -- Up-to-date: /home/bizare/Desktop/cw2_team_14/install/cw2_team_14/include/cw2_team_14/cw2_team_14
[20.026s] -- Up-to-date: /home/bizare/Desktop/cw2_team_14/install/cw2_team_14/include/cw2_team_14/cw2_team_14/msg
[20.027s] -- Up-to-date: /home/bizare/Desktop/cw2_team_14/install/cw2_team_14/include/cw2_team_14/cw2_team_14/msg/rosidl_typesupport_fastrtps_c__visibility_control.h
[20.027s] -- Up-to-date: /home/bizare/Desktop/cw2_team_14/install/cw2_team_14/include/cw2_team_14/cw2_team_14/srv
[20.028s] -- Up-to-date: /home/bizare/Desktop/cw2_team_14/install/cw2_team_14/include/cw2_team_14/cw2_team_14/srv/detail
[20.029s] -- Up-to-date: /home/bizare/Desktop/cw2_team_14/install/cw2_team_14/include/cw2_team_14/cw2_team_14/srv/detail/example__rosidl_typesupport_fastrtps_c.h
[20.029s] -- Up-to-date: /home/bizare/Desktop/cw2_team_14/install/cw2_team_14/lib/libcw2_team_14__rosidl_typesupport_fastrtps_c.so
[20.029s] -- Up-to-date: /home/bizare/Desktop/cw2_team_14/install/cw2_team_14/include/cw2_team_14/cw2_team_14
[20.029s] -- Up-to-date: /home/bizare/Desktop/cw2_team_14/install/cw2_team_14/include/cw2_team_14/cw2_team_14/msg
[20.029s] -- Up-to-date: /home/bizare/Desktop/cw2_team_14/install/cw2_team_14/include/cw2_team_14/cw2_team_14/msg/rosidl_typesupport_introspection_c__visibility_control.h
[20.029s] -- Up-to-date: /home/bizare/Desktop/cw2_team_14/install/cw2_team_14/include/cw2_team_14/cw2_team_14/srv
[20.030s] -- Up-to-date: /home/bizare/Desktop/cw2_team_14/install/cw2_team_14/include/cw2_team_14/cw2_team_14/srv/detail
[20.030s] -- Up-to-date: /home/bizare/Desktop/cw2_team_14/install/cw2_team_14/include/cw2_team_14/cw2_team_14/srv/detail/example__type_support.c
[20.031s] -- Up-to-date: /home/bizare/Desktop/cw2_team_14/install/cw2_team_14/include/cw2_team_14/cw2_team_14/srv/detail/example__rosidl_typesupport_introspection_c.h
[20.031s] -- Up-to-date: /home/bizare/Desktop/cw2_team_14/install/cw2_team_14/lib/libcw2_team_14__rosidl_typesupport_introspection_c.so
[20.031s] -- Up-to-date: /home/bizare/Desktop/cw2_team_14/install/cw2_team_14/lib/libcw2_team_14__rosidl_typesupport_c.so
[20.031s] -- Up-to-date: /home/bizare/Desktop/cw2_team_14/install/cw2_team_14/include/cw2_team_14/cw2_team_14
[20.031s] -- Up-to-date: /home/bizare/Desktop/cw2_team_14/install/cw2_team_14/include/cw2_team_14/cw2_team_14/msg
[20.031s] -- Up-to-date: /home/bizare/Desktop/cw2_team_14/install/cw2_team_14/include/cw2_team_14/cw2_team_14/msg/rosidl_generator_cpp__visibility_control.hpp
[20.031s] -- Up-to-date: /home/bizare/Desktop/cw2_team_14/install/cw2_team_14/include/cw2_team_14/cw2_team_14/srv
[20.031s] -- Up-to-date: /home/bizare/Desktop/cw2_team_14/install/cw2_team_14/include/cw2_team_14/cw2_team_14/srv/example.hpp
[20.031s] -- Up-to-date: /home/bizare/Desktop/cw2_team_14/install/cw2_team_14/include/cw2_team_14/cw2_team_14/srv/detail
[20.031s] -- Up-to-date: /home/bizare/Desktop/cw2_team_14/install/cw2_team_14/include/cw2_team_14/cw2_team_14/srv/detail/example__builder.hpp
[20.031s] -- Up-to-date: /home/bizare/Desktop/cw2_team_14/install/cw2_team_14/include/cw2_team_14/cw2_team_14/srv/detail/example__type_support.hpp
[20.031s] -- Up-to-date: /home/bizare/Desktop/cw2_team_14/install/cw2_team_14/include/cw2_team_14/cw2_team_14/srv/detail/example__traits.hpp
[20.032s] -- Up-to-date: /home/bizare/Desktop/cw2_team_14/install/cw2_team_14/include/cw2_team_14/cw2_team_14/srv/detail/example__struct.hpp
[20.032s] -- Up-to-date: /home/bizare/Desktop/cw2_team_14/install/cw2_team_14/include/cw2_team_14/cw2_team_14
[20.032s] -- Up-to-date: /home/bizare/Desktop/cw2_team_14/install/cw2_team_14/include/cw2_team_14/cw2_team_14/msg
[20.035s] -- Up-to-date: /home/bizare/Desktop/cw2_team_14/install/cw2_team_14/include/cw2_team_14/cw2_team_14/msg/rosidl_typesupport_fastrtps_cpp__visibility_control.h
[20.035s] -- Up-to-date: /home/bizare/Desktop/cw2_team_14/install/cw2_team_14/include/cw2_team_14/cw2_team_14/srv
[20.035s] -- Up-to-date: /home/bizare/Desktop/cw2_team_14/install/cw2_team_14/include/cw2_team_14/cw2_team_14/srv/detail
[20.035s] -- Up-to-date: /home/bizare/Desktop/cw2_team_14/install/cw2_team_14/include/cw2_team_14/cw2_team_14/srv/detail/dds_fastrtps
[20.036s] -- Up-to-date: /home/bizare/Desktop/cw2_team_14/install/cw2_team_14/include/cw2_team_14/cw2_team_14/srv/detail/example__rosidl_typesupport_fastrtps_cpp.hpp
[20.036s] -- Up-to-date: /home/bizare/Desktop/cw2_team_14/install/cw2_team_14/lib/libcw2_team_14__rosidl_typesupport_fastrtps_cpp.so
[20.036s] -- Up-to-date: /home/bizare/Desktop/cw2_team_14/install/cw2_team_14/include/cw2_team_14/cw2_team_14
[20.036s] -- Up-to-date: /home/bizare/Desktop/cw2_team_14/install/cw2_team_14/include/cw2_team_14/cw2_team_14/srv
[20.036s] -- Up-to-date: /home/bizare/Desktop/cw2_team_14/install/cw2_team_14/include/cw2_team_14/cw2_team_14/srv/detail
[20.036s] -- Up-to-date: /home/bizare/Desktop/cw2_team_14/install/cw2_team_14/include/cw2_team_14/cw2_team_14/srv/detail/example__rosidl_typesupport_introspection_cpp.hpp
[20.036s] -- Up-to-date: /home/bizare/Desktop/cw2_team_14/install/cw2_team_14/include/cw2_team_14/cw2_team_14/srv/detail/example__type_support.cpp
[20.036s] -- Up-to-date: /home/bizare/Desktop/cw2_team_14/install/cw2_team_14/lib/libcw2_team_14__rosidl_typesupport_introspection_cpp.so
[20.036s] -- Up-to-date: /home/bizare/Desktop/cw2_team_14/install/cw2_team_14/lib/libcw2_team_14__rosidl_typesupport_cpp.so
[20.036s] -- Up-to-date: /home/bizare/Desktop/cw2_team_14/install/cw2_team_14/share/cw2_team_14/environment/pythonpath.sh
[20.036s] -- Up-to-date: /home/bizare/Desktop/cw2_team_14/install/cw2_team_14/share/cw2_team_14/environment/pythonpath.dsv
[20.036s] -- Up-to-date: /home/bizare/Desktop/cw2_team_14/install/cw2_team_14/local/lib/python3.10/dist-packages/cw2_team_14-0.1.0-py3.10.egg-info
[20.036s] -- Installing: /home/bizare/Desktop/cw2_team_14/install/cw2_team_14/local/lib/python3.10/dist-packages/cw2_team_14-0.1.0-py3.10.egg-info/SOURCES.txt
[20.036s] -- Installing: /home/bizare/Desktop/cw2_team_14/install/cw2_team_14/local/lib/python3.10/dist-packages/cw2_team_14-0.1.0-py3.10.egg-info/dependency_links.txt
[20.036s] -- Installing: /home/bizare/Desktop/cw2_team_14/install/cw2_team_14/local/lib/python3.10/dist-packages/cw2_team_14-0.1.0-py3.10.egg-info/PKG-INFO
[20.036s] -- Installing: /home/bizare/Desktop/cw2_team_14/install/cw2_team_14/local/lib/python3.10/dist-packages/cw2_team_14-0.1.0-py3.10.egg-info/top_level.txt
[20.036s] -- Up-to-date: /home/bizare/Desktop/cw2_team_14/install/cw2_team_14/local/lib/python3.10/dist-packages/cw2_team_14
[20.036s] -- Up-to-date: /home/bizare/Desktop/cw2_team_14/install/cw2_team_14/local/lib/python3.10/dist-packages/cw2_team_14/libcw2_team_14__rosidl_generator_py.so
[20.037s] -- Up-to-date: /home/bizare/Desktop/cw2_team_14/install/cw2_team_14/local/lib/python3.10/dist-packages/cw2_team_14/cw2_team_14_s__rosidl_typesupport_fastrtps_c.cpython-310-x86_64-linux-gnu.so
[20.037s] -- Up-to-date: /home/bizare/Desktop/cw2_team_14/install/cw2_team_14/local/lib/python3.10/dist-packages/cw2_team_14/__init__.py
[20.037s] -- Up-to-date: /home/bizare/Desktop/cw2_team_14/install/cw2_team_14/local/lib/python3.10/dist-packages/cw2_team_14/_cw2_team_14_s.ep.rosidl_typesupport_introspection_c.c
[20.041s] -- Up-to-date: /home/bizare/Desktop/cw2_team_14/install/cw2_team_14/local/lib/python3.10/dist-packages/cw2_team_14/_cw2_team_14_s.ep.rosidl_typesupport_c.c
[20.041s] -- Up-to-date: /home/bizare/Desktop/cw2_team_14/install/cw2_team_14/local/lib/python3.10/dist-packages/cw2_team_14/cw2_team_14_s__rosidl_typesupport_c.cpython-310-x86_64-linux-gnu.so
[20.041s] -- Up-to-date: /home/bizare/Desktop/cw2_team_14/install/cw2_team_14/local/lib/python3.10/dist-packages/cw2_team_14/cw2_team_14_s__rosidl_typesupport_introspection_c.cpython-310-x86_64-linux-gnu.so
[20.041s] -- Up-to-date: /home/bizare/Desktop/cw2_team_14/install/cw2_team_14/local/lib/python3.10/dist-packages/cw2_team_14/_cw2_team_14_s.ep.rosidl_typesupport_fastrtps_c.c
[20.041s] -- Up-to-date: /home/bizare/Desktop/cw2_team_14/install/cw2_team_14/local/lib/python3.10/dist-packages/cw2_team_14/srv
[20.041s] -- Up-to-date: /home/bizare/Desktop/cw2_team_14/install/cw2_team_14/local/lib/python3.10/dist-packages/cw2_team_14/srv/_example_s.c
[20.041s] -- Up-to-date: /home/bizare/Desktop/cw2_team_14/install/cw2_team_14/local/lib/python3.10/dist-packages/cw2_team_14/srv/_example.py
[20.041s] -- Up-to-date: /home/bizare/Desktop/cw2_team_14/install/cw2_team_14/local/lib/python3.10/dist-packages/cw2_team_14/srv/__init__.py
[20.069s] Listing '/home/bizare/Desktop/cw2_team_14/install/cw2_team_14/local/lib/python3.10/dist-packages/cw2_team_14'...
[20.070s] Listing '/home/bizare/Desktop/cw2_team_14/install/cw2_team_14/local/lib/python3.10/dist-packages/cw2_team_14/srv'...
[20.073s] -- Up-to-date: /home/bizare/Desktop/cw2_team_14/install/cw2_team_14/local/lib/python3.10/dist-packages/cw2_team_14/cw2_team_14_s__rosidl_typesupport_fastrtps_c.cpython-310-x86_64-linux-gnu.so
[20.073s] -- Up-to-date: /home/bizare/Desktop/cw2_team_14/install/cw2_team_14/local/lib/python3.10/dist-packages/cw2_team_14/cw2_team_14_s__rosidl_typesupport_introspection_c.cpython-310-x86_64-linux-gnu.so
[20.074s] -- Up-to-date: /home/bizare/Desktop/cw2_team_14/install/cw2_team_14/local/lib/python3.10/dist-packages/cw2_team_14/cw2_team_14_s__rosidl_typesupport_c.cpython-310-x86_64-linux-gnu.so
[20.074s] -- Up-to-date: /home/bizare/Desktop/cw2_team_14/install/cw2_team_14/lib/libcw2_team_14__rosidl_generator_py.so
[20.075s] -- Up-to-date: /home/bizare/Desktop/cw2_team_14/install/cw2_team_14/share/cw2_team_14/srv/Example.idl
[20.075s] -- Up-to-date: /home/bizare/Desktop/cw2_team_14/install/cw2_team_14/share/cw2_team_14/srv/Example.srv
[20.075s] -- Up-to-date: /home/bizare/Desktop/cw2_team_14/install/cw2_team_14/share/cw2_team_14/srv/Example_Request.msg
[20.075s] -- Up-to-date: /home/bizare/Desktop/cw2_team_14/install/cw2_team_14/share/cw2_team_14/srv/Example_Response.msg
[20.075s] -- Installing: /home/bizare/Desktop/cw2_team_14/install/cw2_team_14/lib/libcw2_team_14_cw2_class_lib.so
[20.086s] -- Set runtime path of "/home/bizare/Desktop/cw2_team_14/install/cw2_team_14/lib/libcw2_team_14_cw2_class_lib.so" to ""
[20.087s] -- Installing: /home/bizare/Desktop/cw2_team_14/install/cw2_team_14/lib/cw2_team_14/cw2_solution_node
[20.087s] -- Set runtime path of "/home/bizare/Desktop/cw2_team_14/install/cw2_team_14/lib/cw2_team_14/cw2_solution_node" to ""
[20.087s] -- Up-to-date: /home/bizare/Desktop/cw2_team_14/install/cw2_team_14/share/cw2_team_14/launch
[20.087s] -- Up-to-date: /home/bizare/Desktop/cw2_team_14/install/cw2_team_14/share/cw2_team_14/launch/run_solution.launch.py
[20.087s] -- Up-to-date: /home/bizare/Desktop/cw2_team_14/install/cw2_team_14/share/ament_index/resource_index/package_run_dependencies/cw2_team_14
[20.087s] -- Up-to-date: /home/bizare/Desktop/cw2_team_14/install/cw2_team_14/share/ament_index/resource_index/parent_prefix_path/cw2_team_14
[20.088s] -- Up-to-date: /home/bizare/Desktop/cw2_team_14/install/cw2_team_14/share/cw2_team_14/environment/ament_prefix_path.sh
[20.088s] -- Up-to-date: /home/bizare/Desktop/cw2_team_14/install/cw2_team_14/share/cw2_team_14/environment/ament_prefix_path.dsv
[20.088s] -- Up-to-date: /home/bizare/Desktop/cw2_team_14/install/cw2_team_14/share/cw2_team_14/environment/path.sh
[20.088s] -- Up-to-date: /home/bizare/Desktop/cw2_team_14/install/cw2_team_14/share/cw2_team_14/environment/path.dsv
[20.088s] -- Up-to-date: /home/bizare/Desktop/cw2_team_14/install/cw2_team_14/share/cw2_team_14/local_setup.bash
[20.088s] -- Up-to-date: /home/bizare/Desktop/cw2_team_14/install/cw2_team_14/share/cw2_team_14/local_setup.sh
[20.089s] -- Up-to-date: /home/bizare/Desktop/cw2_team_14/install/cw2_team_14/share/cw2_team_14/local_setup.zsh
[20.089s] -- Up-to-date: /home/bizare/Desktop/cw2_team_14/install/cw2_team_14/share/cw2_team_14/local_setup.dsv
[20.089s] -- Installing: /home/bizare/Desktop/cw2_team_14/install/cw2_team_14/share/cw2_team_14/package.dsv
[20.090s] -- Up-to-date: /home/bizare/Desktop/cw2_team_14/install/cw2_team_14/share/ament_index/resource_index/packages/cw2_team_14
[20.090s] -- Up-to-date: /home/bizare/Desktop/cw2_team_14/install/cw2_team_14/share/cw2_team_14/cmake/export_cw2_team_14__rosidl_generator_cExport.cmake
[20.090s] -- Up-to-date: /home/bizare/Desktop/cw2_team_14/install/cw2_team_14/share/cw2_team_14/cmake/export_cw2_team_14__rosidl_generator_cExport-noconfig.cmake
[20.090s] -- Up-to-date: /home/bizare/Desktop/cw2_team_14/install/cw2_team_14/share/cw2_team_14/cmake/export_cw2_team_14__rosidl_typesupport_fastrtps_cExport.cmake
[20.090s] -- Up-to-date: /home/bizare/Desktop/cw2_team_14/install/cw2_team_14/share/cw2_team_14/cmake/export_cw2_team_14__rosidl_typesupport_fastrtps_cExport-noconfig.cmake
[20.091s] -- Up-to-date: /home/bizare/Desktop/cw2_team_14/install/cw2_team_14/share/cw2_team_14/cmake/cw2_team_14__rosidl_typesupport_introspection_cExport.cmake
[20.091s] -- Up-to-date: /home/bizare/Desktop/cw2_team_14/install/cw2_team_14/share/cw2_team_14/cmake/cw2_team_14__rosidl_typesupport_introspection_cExport-noconfig.cmake
[20.091s] -- Up-to-date: /home/bizare/Desktop/cw2_team_14/install/cw2_team_14/share/cw2_team_14/cmake/cw2_team_14__rosidl_typesupport_cExport.cmake
[20.091s] -- Up-to-date: /home/bizare/Desktop/cw2_team_14/install/cw2_team_14/share/cw2_team_14/cmake/cw2_team_14__rosidl_typesupport_cExport-noconfig.cmake
[20.091s] -- Up-to-date: /home/bizare/Desktop/cw2_team_14/install/cw2_team_14/share/cw2_team_14/cmake/export_cw2_team_14__rosidl_generator_cppExport.cmake
[20.091s] -- Up-to-date: /home/bizare/Desktop/cw2_team_14/install/cw2_team_14/share/cw2_team_14/cmake/export_cw2_team_14__rosidl_typesupport_fastrtps_cppExport.cmake
[20.091s] -- Up-to-date: /home/bizare/Desktop/cw2_team_14/install/cw2_team_14/share/cw2_team_14/cmake/export_cw2_team_14__rosidl_typesupport_fastrtps_cppExport-noconfig.cmake
[20.092s] -- Up-to-date: /home/bizare/Desktop/cw2_team_14/install/cw2_team_14/share/cw2_team_14/cmake/cw2_team_14__rosidl_typesupport_introspection_cppExport.cmake
[20.092s] -- Up-to-date: /home/bizare/Desktop/cw2_team_14/install/cw2_team_14/share/cw2_team_14/cmake/cw2_team_14__rosidl_typesupport_introspection_cppExport-noconfig.cmake
[20.092s] -- Up-to-date: /home/bizare/Desktop/cw2_team_14/install/cw2_team_14/share/cw2_team_14/cmake/cw2_team_14__rosidl_typesupport_cppExport.cmake
[20.092s] -- Up-to-date: /home/bizare/Desktop/cw2_team_14/install/cw2_team_14/share/cw2_team_14/cmake/cw2_team_14__rosidl_typesupport_cppExport-noconfig.cmake
[20.092s] -- Up-to-date: /home/bizare/Desktop/cw2_team_14/install/cw2_team_14/share/cw2_team_14/cmake/export_cw2_team_14__rosidl_generator_pyExport.cmake
[20.092s] -- Up-to-date: /home/bizare/Desktop/cw2_team_14/install/cw2_team_14/share/cw2_team_14/cmake/export_cw2_team_14__rosidl_generator_pyExport-noconfig.cmake
[20.092s] -- Up-to-date: /home/bizare/Desktop/cw2_team_14/install/cw2_team_14/share/cw2_team_14/cmake/rosidl_cmake-extras.cmake
[20.092s] -- Up-to-date: /home/bizare/Desktop/cw2_team_14/install/cw2_team_14/share/cw2_team_14/cmake/ament_cmake_export_dependencies-extras.cmake
[20.092s] -- Up-to-date: /home/bizare/Desktop/cw2_team_14/install/cw2_team_14/share/cw2_team_14/cmake/ament_cmake_export_include_directories-extras.cmake
[20.092s] -- Up-to-date: /home/bizare/Desktop/cw2_team_14/install/cw2_team_14/share/cw2_team_14/cmake/ament_cmake_export_libraries-extras.cmake
[20.092s] -- Up-to-date: /home/bizare/Desktop/cw2_team_14/install/cw2_team_14/share/cw2_team_14/cmake/ament_cmake_export_targets-extras.cmake
[20.092s] -- Up-to-date: /home/bizare/Desktop/cw2_team_14/install/cw2_team_14/share/cw2_team_14/cmake/rosidl_cmake_export_typesupport_targets-extras.cmake
[20.092s] -- Up-to-date: /home/bizare/Desktop/cw2_team_14/install/cw2_team_14/share/cw2_team_14/cmake/rosidl_cmake_export_typesupport_libraries-extras.cmake
[20.092s] -- Up-to-date: /home/bizare/Desktop/cw2_team_14/install/cw2_team_14/share/cw2_team_14/cmake/cw2_team_14Config.cmake
[20.093s] -- Up-to-date: /home/bizare/Desktop/cw2_team_14/install/cw2_team_14/share/cw2_team_14/cmake/cw2_team_14Config-version.cmake
[20.093s] -- Up-to-date: /home/bizare/Desktop/cw2_team_14/install/cw2_team_14/share/cw2_team_14/package.xml
[20.097s] Invoked command in '/home/bizare/Desktop/cw2_team_14/build/cw2_team_14' returned '0': CMAKE_PREFIX_PATH=/home/bizare/Desktop/cw2_team_14/install/cw2_world_spawner:/home/bizare/Desktop/cw2_team_14/install/rpl_panda_with_rs:/home/bizare/Desktop/cw2_team_14/install/realsense_gazebo_plugin:/home/bizare/Desktop/cw2_team_14/install/panda_moveit_config:/home/bizare/Desktop/cw2_team_14/install/panda_description:/home/bizare/Desktop/cw2_team_14/install/cw2_team_14:/home/bizare/Desktop/cw2_team_14/install/cw1_world_spawner:/opt/ros/humble LD_LIBRARY_PATH=/home/bizare/Desktop/cw2_team_14/install/cw2_world_spawner/lib:/home/bizare/Desktop/cw2_team_14/install/realsense_gazebo_plugin/lib:/home/bizare/Desktop/cw2_team_14/install/cw2_team_14/lib:/home/bizare/Desktop/cw2_team_14/install/cw1_world_spawner/lib:/usr/lib/x86_64-linux-gnu/gazebo-11/plugins:/opt/ros/humble/opt/rviz_ogre_vendor/lib:/opt/ros/humble/lib/x86_64-linux-gnu:/opt/ros/humble/lib /usr/bin/cmake --install /home/bizare/Desktop/cw2_team_14/build/cw2_team_14
