[0.014s] Invoking command in '/home/bizare/Desktop/cw2_team_14/build/cw2_world_spawner': CMAKE_PREFIX_PATH=${CMAKE_PREFIX_PATH}:/opt/ros/humble /usr/bin/cmake --build /home/bizare/Desktop/cw2_team_14/build/cw2_world_spawner -- -j2 -l2
[0.093s] [  1%] Built target cw2_world_spawner__cpp
[0.097s] [ 12%] Built target cw2_world_spawner__rosidl_generator_c
[0.132s] [ 12%] Built target ament_cmake_python_copy_cw2_world_spawner_lib
[0.180s] [ 23%] Built target cw2_world_spawner__rosidl_typesupport_cpp
[0.181s] [ 14%] Built target ament_cmake_python_copy_cw2_world_spawner
[0.228s] [ 34%] Built target cw2_world_spawner__rosidl_typesupport_introspection_c
[0.235s] [ 45%] Built target cw2_world_spawner__rosidl_typesupport_fastrtps_c
[0.282s] [ 56%] Built target cw2_world_spawner__rosidl_typesupport_fastrtps_cpp
[0.299s] [ 67%] Built target cw2_world_spawner__rosidl_typesupport_c
[0.358s] [ 78%] Built target cw2_world_spawner__rosidl_typesupport_introspection_cpp
[0.797s] running egg_info
[0.797s] writing cw2_world_spawner.egg-info/PKG-INFO
[0.797s] writing dependency_links to cw2_world_spawner.egg-info/dependency_links.txt
[0.797s] writing top-level names to cw2_world_spawner.egg-info/top_level.txt
[0.804s] reading manifest file 'cw2_world_spawner.egg-info/SOURCES.txt'
[0.806s] running egg_info
[0.806s] writing manifest file 'cw2_world_spawner.egg-info/SOURCES.txt'
[0.806s] writing cw2_world_spawner_lib.egg-info/PKG-INFO
[0.810s] writing dependency_links to cw2_world_spawner_lib.egg-info/dependency_links.txt
[0.810s] writing top-level names to cw2_world_spawner_lib.egg-info/top_level.txt
[0.814s] reading manifest file 'cw2_world_spawner_lib.egg-info/SOURCES.txt'
[0.814s] writing manifest file 'cw2_world_spawner_lib.egg-info/SOURCES.txt'
[0.848s] [ 78%] Built target ament_cmake_python_build_cw2_world_spawner_lib_egg
[0.870s] [ 78%] Built target ament_cmake_python_build_cw2_world_spawner_egg
[0.900s] [ 78%] Built target cw2_world_spawner
[0.941s] [ 80%] Built target cw2_world_spawner__py
[0.980s] [ 89%] Built target cw2_world_spawner__rosidl_generator_py
[1.030s] [ 92%] Built target cw2_world_spawner__rosidl_typesupport_fastrtps_c__pyext
[1.045s] [ 96%] Built target cw2_world_spawner__rosidl_typesupport_introspection_c__pyext
[1.087s] [100%] Built target cw2_world_spawner__rosidl_typesupport_c__pyext
[1.115s] Invoked command in '/home/bizare/Desktop/cw2_team_14/build/cw2_world_spawner' returned '0': CMAKE_PREFIX_PATH=${CMAKE_PREFIX_PATH}:/opt/ros/humble /usr/bin/cmake --build /home/bizare/Desktop/cw2_team_14/build/cw2_world_spawner -- -j2 -l2
[1.120s] Invoking command in '/home/bizare/Desktop/cw2_team_14/build/cw2_world_spawner': CMAKE_PREFIX_PATH=${CMAKE_PREFIX_PATH}:/opt/ros/humble /usr/bin/cmake --install /home/bizare/Desktop/cw2_team_14/build/cw2_world_spawner
[1.134s] -- Install configuration: ""
[1.135s] -- Up-to-date: /home/bizare/Desktop/cw2_team_14/install/cw2_world_spawner/share/ament_index/resource_index/rosidl_interfaces/cw2_world_spawner
[1.136s] -- Up-to-date: /home/bizare/Desktop/cw2_team_14/install/cw2_world_spawner/include/cw2_world_spawner/cw2_world_spawner
[1.136s] -- Up-to-date: /home/bizare/Desktop/cw2_team_14/install/cw2_world_spawner/include/cw2_world_spawner/cw2_world_spawner/msg
[1.136s] -- Up-to-date: /home/bizare/Desktop/cw2_team_14/install/cw2_world_spawner/include/cw2_world_spawner/cw2_world_spawner/msg/rosidl_generator_c__visibility_control.h
[1.136s] -- Up-to-date: /home/bizare/Desktop/cw2_team_14/install/cw2_world_spawner/include/cw2_world_spawner/cw2_world_spawner/srv
[1.137s] -- Up-to-date: /home/bizare/Desktop/cw2_team_14/install/cw2_world_spawner/include/cw2_world_spawner/cw2_world_spawner/srv/task3_service.h
[1.137s] -- Up-to-date: /home/bizare/Desktop/cw2_team_14/install/cw2_world_spawner/include/cw2_world_spawner/cw2_world_spawner/srv/detail
[1.137s] -- Up-to-date: /home/bizare/Desktop/cw2_team_14/install/cw2_world_spawner/include/cw2_world_spawner/cw2_world_spawner/srv/detail/task1_service__struct.h
[1.137s] -- Up-to-date: /home/bizare/Desktop/cw2_team_14/install/cw2_world_spawner/include/cw2_world_spawner/cw2_world_spawner/srv/detail/task1_service__functions.c
[1.138s] -- Up-to-date: /home/bizare/Desktop/cw2_team_14/install/cw2_world_spawner/include/cw2_world_spawner/cw2_world_spawner/srv/detail/task_setup__functions.c
[1.138s] -- Up-to-date: /home/bizare/Desktop/cw2_team_14/install/cw2_world_spawner/include/cw2_world_spawner/cw2_world_spawner/srv/detail/task3_service__type_support.h
[1.138s] -- Up-to-date: /home/bizare/Desktop/cw2_team_14/install/cw2_world_spawner/include/cw2_world_spawner/cw2_world_spawner/srv/detail/task3_service__functions.h
[1.138s] -- Up-to-date: /home/bizare/Desktop/cw2_team_14/install/cw2_world_spawner/include/cw2_world_spawner/cw2_world_spawner/srv/detail/task1_service__type_support.h
[1.138s] -- Up-to-date: /home/bizare/Desktop/cw2_team_14/install/cw2_world_spawner/include/cw2_world_spawner/cw2_world_spawner/srv/detail/task2_service__type_support.h
[1.138s] -- Up-to-date: /home/bizare/Desktop/cw2_team_14/install/cw2_world_spawner/include/cw2_world_spawner/cw2_world_spawner/srv/detail/task1_service__functions.h
[1.138s] -- Up-to-date: /home/bizare/Desktop/cw2_team_14/install/cw2_world_spawner/include/cw2_world_spawner/cw2_world_spawner/srv/detail/task2_service__functions.c
[1.138s] -- Up-to-date: /home/bizare/Desktop/cw2_team_14/install/cw2_world_spawner/include/cw2_world_spawner/cw2_world_spawner/srv/detail/task2_service__functions.h
[1.138s] -- Up-to-date: /home/bizare/Desktop/cw2_team_14/install/cw2_world_spawner/include/cw2_world_spawner/cw2_world_spawner/srv/detail/task3_service__struct.h
[1.138s] -- Up-to-date: /home/bizare/Desktop/cw2_team_14/install/cw2_world_spawner/include/cw2_world_spawner/cw2_world_spawner/srv/detail/task3_service__functions.c
[1.138s] -- Up-to-date: /home/bizare/Desktop/cw2_team_14/install/cw2_world_spawner/include/cw2_world_spawner/cw2_world_spawner/srv/detail/task_setup__struct.h
[1.138s] -- Up-to-date: /home/bizare/Desktop/cw2_team_14/install/cw2_world_spawner/include/cw2_world_spawner/cw2_world_spawner/srv/detail/task_setup__type_support.h
[1.138s] -- Up-to-date: /home/bizare/Desktop/cw2_team_14/install/cw2_world_spawner/include/cw2_world_spawner/cw2_world_spawner/srv/detail/task2_service__struct.h
[1.138s] -- Up-to-date: /home/bizare/Desktop/cw2_team_14/install/cw2_world_spawner/include/cw2_world_spawner/cw2_world_spawner/srv/detail/task_setup__functions.h
[1.138s] -- Up-to-date: /home/bizare/Desktop/cw2_team_14/install/cw2_world_spawner/include/cw2_world_spawner/cw2_world_spawner/srv/task2_service.h
[1.138s] -- Up-to-date: /home/bizare/Desktop/cw2_team_14/install/cw2_world_spawner/include/cw2_world_spawner/cw2_world_spawner/srv/task1_service.h
[1.138s] -- Up-to-date: /home/bizare/Desktop/cw2_team_14/install/cw2_world_spawner/include/cw2_world_spawner/cw2_world_spawner/srv/task_setup.h
[1.139s] -- Up-to-date: /home/bizare/Desktop/cw2_team_14/install/cw2_world_spawner/share/cw2_world_spawner/environment/library_path.sh
[1.141s] -- Up-to-date: /home/bizare/Desktop/cw2_team_14/install/cw2_world_spawner/share/cw2_world_spawner/environment/library_path.dsv
[1.142s] -- Up-to-date: /home/bizare/Desktop/cw2_team_14/install/cw2_world_spawner/lib/libcw2_world_spawner__rosidl_generator_c.so
[1.143s] -- Up-to-date: /home/bizare/Desktop/cw2_team_14/install/cw2_world_spawner/include/cw2_world_spawner/cw2_world_spawner
[1.143s] -- Up-to-date: /home/bizare/Desktop/cw2_team_14/install/cw2_world_spawner/include/cw2_world_spawner/cw2_world_spawner/msg
[1.143s] -- Up-to-date: /home/bizare/Desktop/cw2_team_14/install/cw2_world_spawner/include/cw2_world_spawner/cw2_world_spawner/msg/rosidl_typesupport_fastrtps_c__visibility_control.h
[1.143s] -- Up-to-date: /home/bizare/Desktop/cw2_team_14/install/cw2_world_spawner/include/cw2_world_spawner/cw2_world_spawner/srv
[1.143s] -- Up-to-date: /home/bizare/Desktop/cw2_team_14/install/cw2_world_spawner/include/cw2_world_spawner/cw2_world_spawner/srv/detail
[1.143s] -- Up-to-date: /home/bizare/Desktop/cw2_team_14/install/cw2_world_spawner/include/cw2_world_spawner/cw2_world_spawner/srv/detail/task2_service__rosidl_typesupport_fastrtps_c.h
[1.143s] -- Up-to-date: /home/bizare/Desktop/cw2_team_14/install/cw2_world_spawner/include/cw2_world_spawner/cw2_world_spawner/srv/detail/task_setup__rosidl_typesupport_fastrtps_c.h
[1.143s] -- Up-to-date: /home/bizare/Desktop/cw2_team_14/install/cw2_world_spawner/include/cw2_world_spawner/cw2_world_spawner/srv/detail/task3_service__rosidl_typesupport_fastrtps_c.h
[1.143s] -- Up-to-date: /home/bizare/Desktop/cw2_team_14/install/cw2_world_spawner/include/cw2_world_spawner/cw2_world_spawner/srv/detail/task1_service__rosidl_typesupport_fastrtps_c.h
[1.143s] -- Up-to-date: /home/bizare/Desktop/cw2_team_14/install/cw2_world_spawner/lib/libcw2_world_spawner__rosidl_typesupport_fastrtps_c.so
[1.143s] -- Up-to-date: /home/bizare/Desktop/cw2_team_14/install/cw2_world_spawner/include/cw2_world_spawner/cw2_world_spawner
[1.143s] -- Up-to-date: /home/bizare/Desktop/cw2_team_14/install/cw2_world_spawner/include/cw2_world_spawner/cw2_world_spawner/msg
[1.143s] -- Up-to-date: /home/bizare/Desktop/cw2_team_14/install/cw2_world_spawner/include/cw2_world_spawner/cw2_world_spawner/msg/rosidl_typesupport_introspection_c__visibility_control.h
[1.143s] -- Up-to-date: /home/bizare/Desktop/cw2_team_14/install/cw2_world_spawner/include/cw2_world_spawner/cw2_world_spawner/srv
[1.143s] -- Up-to-date: /home/bizare/Desktop/cw2_team_14/install/cw2_world_spawner/include/cw2_world_spawner/cw2_world_spawner/srv/detail
[1.143s] -- Up-to-date: /home/bizare/Desktop/cw2_team_14/install/cw2_world_spawner/include/cw2_world_spawner/cw2_world_spawner/srv/detail/task2_service__rosidl_typesupport_introspection_c.h
[1.143s] -- Up-to-date: /home/bizare/Desktop/cw2_team_14/install/cw2_world_spawner/include/cw2_world_spawner/cw2_world_spawner/srv/detail/task_setup__rosidl_typesupport_introspection_c.h
[1.143s] -- Up-to-date: /home/bizare/Desktop/cw2_team_14/install/cw2_world_spawner/include/cw2_world_spawner/cw2_world_spawner/srv/detail/task3_service__type_support.c
[1.143s] -- Up-to-date: /home/bizare/Desktop/cw2_team_14/install/cw2_world_spawner/include/cw2_world_spawner/cw2_world_spawner/srv/detail/task2_service__type_support.c
[1.143s] -- Up-to-date: /home/bizare/Desktop/cw2_team_14/install/cw2_world_spawner/include/cw2_world_spawner/cw2_world_spawner/srv/detail/task1_service__rosidl_typesupport_introspection_c.h
[1.143s] -- Up-to-date: /home/bizare/Desktop/cw2_team_14/install/cw2_world_spawner/include/cw2_world_spawner/cw2_world_spawner/srv/detail/task3_service__rosidl_typesupport_introspection_c.h
[1.144s] -- Up-to-date: /home/bizare/Desktop/cw2_team_14/install/cw2_world_spawner/include/cw2_world_spawner/cw2_world_spawner/srv/detail/task_setup__type_support.c
[1.146s] -- Up-to-date: /home/bizare/Desktop/cw2_team_14/install/cw2_world_spawner/include/cw2_world_spawner/cw2_world_spawner/srv/detail/task1_service__type_support.c
[1.148s] -- Up-to-date: /home/bizare/Desktop/cw2_team_14/install/cw2_world_spawner/lib/libcw2_world_spawner__rosidl_typesupport_introspection_c.so
[1.149s] -- Up-to-date: /home/bizare/Desktop/cw2_team_14/install/cw2_world_spawner/lib/libcw2_world_spawner__rosidl_typesupport_c.so
[1.149s] -- Up-to-date: /home/bizare/Desktop/cw2_team_14/install/cw2_world_spawner/include/cw2_world_spawner/cw2_world_spawner
[1.149s] -- Up-to-date: /home/bizare/Desktop/cw2_team_14/install/cw2_world_spawner/include/cw2_world_spawner/cw2_world_spawner/msg
[1.149s] -- Up-to-date: /home/bizare/Desktop/cw2_team_14/install/cw2_world_spawner/include/cw2_world_spawner/cw2_world_spawner/msg/rosidl_generator_cpp__visibility_control.hpp
[1.149s] -- Up-to-date: /home/bizare/Desktop/cw2_team_14/install/cw2_world_spawner/include/cw2_world_spawner/cw2_world_spawner/srv
[1.149s] -- Up-to-date: /home/bizare/Desktop/cw2_team_14/install/cw2_world_spawner/include/cw2_world_spawner/cw2_world_spawner/srv/task3_service.hpp
[1.149s] -- Up-to-date: /home/bizare/Desktop/cw2_team_14/install/cw2_world_spawner/include/cw2_world_spawner/cw2_world_spawner/srv/task1_service.hpp
[1.149s] -- Up-to-date: /home/bizare/Desktop/cw2_team_14/install/cw2_world_spawner/include/cw2_world_spawner/cw2_world_spawner/srv/task_setup.hpp
[1.149s] -- Up-to-date: /home/bizare/Desktop/cw2_team_14/install/cw2_world_spawner/include/cw2_world_spawner/cw2_world_spawner/srv/detail
[1.149s] -- Up-to-date: /home/bizare/Desktop/cw2_team_14/install/cw2_world_spawner/include/cw2_world_spawner/cw2_world_spawner/srv/detail/task_setup__struct.hpp
[1.149s] -- Up-to-date: /home/bizare/Desktop/cw2_team_14/install/cw2_world_spawner/include/cw2_world_spawner/cw2_world_spawner/srv/detail/task2_service__type_support.hpp
[1.150s] -- Up-to-date: /home/bizare/Desktop/cw2_team_14/install/cw2_world_spawner/include/cw2_world_spawner/cw2_world_spawner/srv/detail/task_setup__type_support.hpp
[1.150s] -- Up-to-date: /home/bizare/Desktop/cw2_team_14/install/cw2_world_spawner/include/cw2_world_spawner/cw2_world_spawner/srv/detail/task3_service__builder.hpp
[1.150s] -- Up-to-date: /home/bizare/Desktop/cw2_team_14/install/cw2_world_spawner/include/cw2_world_spawner/cw2_world_spawner/srv/detail/task1_service__struct.hpp
[1.150s] -- Up-to-date: /home/bizare/Desktop/cw2_team_14/install/cw2_world_spawner/include/cw2_world_spawner/cw2_world_spawner/srv/detail/task2_service__builder.hpp
[1.150s] -- Up-to-date: /home/bizare/Desktop/cw2_team_14/install/cw2_world_spawner/include/cw2_world_spawner/cw2_world_spawner/srv/detail/task1_service__type_support.hpp
[1.150s] -- Up-to-date: /home/bizare/Desktop/cw2_team_14/install/cw2_world_spawner/include/cw2_world_spawner/cw2_world_spawner/srv/detail/task2_service__traits.hpp
[1.150s] -- Up-to-date: /home/bizare/Desktop/cw2_team_14/install/cw2_world_spawner/include/cw2_world_spawner/cw2_world_spawner/srv/detail/task3_service__struct.hpp
[1.150s] -- Up-to-date: /home/bizare/Desktop/cw2_team_14/install/cw2_world_spawner/include/cw2_world_spawner/cw2_world_spawner/srv/detail/task_setup__builder.hpp
[1.150s] -- Up-to-date: /home/bizare/Desktop/cw2_team_14/install/cw2_world_spawner/include/cw2_world_spawner/cw2_world_spawner/srv/detail/task_setup__traits.hpp
[1.150s] -- Up-to-date: /home/bizare/Desktop/cw2_team_14/install/cw2_world_spawner/include/cw2_world_spawner/cw2_world_spawner/srv/detail/task2_service__struct.hpp
[1.150s] -- Up-to-date: /home/bizare/Desktop/cw2_team_14/install/cw2_world_spawner/include/cw2_world_spawner/cw2_world_spawner/srv/detail/task1_service__builder.hpp
[1.151s] -- Up-to-date: /home/bizare/Desktop/cw2_team_14/install/cw2_world_spawner/include/cw2_world_spawner/cw2_world_spawner/srv/detail/task3_service__traits.hpp
[1.151s] -- Up-to-date: /home/bizare/Desktop/cw2_team_14/install/cw2_world_spawner/include/cw2_world_spawner/cw2_world_spawner/srv/detail/task3_service__type_support.hpp
[1.151s] -- Up-to-date: /home/bizare/Desktop/cw2_team_14/install/cw2_world_spawner/include/cw2_world_spawner/cw2_world_spawner/srv/detail/task1_service__traits.hpp
[1.151s] -- Up-to-date: /home/bizare/Desktop/cw2_team_14/install/cw2_world_spawner/include/cw2_world_spawner/cw2_world_spawner/srv/task2_service.hpp
[1.151s] -- Up-to-date: /home/bizare/Desktop/cw2_team_14/install/cw2_world_spawner/include/cw2_world_spawner/cw2_world_spawner
[1.151s] -- Up-to-date: /home/bizare/Desktop/cw2_team_14/install/cw2_world_spawner/include/cw2_world_spawner/cw2_world_spawner/msg
[1.151s] -- Up-to-date: /home/bizare/Desktop/cw2_team_14/install/cw2_world_spawner/include/cw2_world_spawner/cw2_world_spawner/msg/rosidl_typesupport_fastrtps_cpp__visibility_control.h
[1.151s] -- Up-to-date: /home/bizare/Desktop/cw2_team_14/install/cw2_world_spawner/include/cw2_world_spawner/cw2_world_spawner/srv
[1.151s] -- Up-to-date: /home/bizare/Desktop/cw2_team_14/install/cw2_world_spawner/include/cw2_world_spawner/cw2_world_spawner/srv/detail
[1.151s] -- Up-to-date: /home/bizare/Desktop/cw2_team_14/install/cw2_world_spawner/include/cw2_world_spawner/cw2_world_spawner/srv/detail/dds_fastrtps
[1.159s] -- Up-to-date: /home/bizare/Desktop/cw2_team_14/install/cw2_world_spawner/include/cw2_world_spawner/cw2_world_spawner/srv/detail/task_setup__rosidl_typesupport_fastrtps_cpp.hpp
[1.159s] -- Up-to-date: /home/bizare/Desktop/cw2_team_14/install/cw2_world_spawner/include/cw2_world_spawner/cw2_world_spawner/srv/detail/task1_service__rosidl_typesupport_fastrtps_cpp.hpp
[1.159s] -- Up-to-date: /home/bizare/Desktop/cw2_team_14/install/cw2_world_spawner/include/cw2_world_spawner/cw2_world_spawner/srv/detail/task2_service__rosidl_typesupport_fastrtps_cpp.hpp
[1.159s] -- Up-to-date: /home/bizare/Desktop/cw2_team_14/install/cw2_world_spawner/include/cw2_world_spawner/cw2_world_spawner/srv/detail/task3_service__rosidl_typesupport_fastrtps_cpp.hpp
[1.159s] -- Up-to-date: /home/bizare/Desktop/cw2_team_14/install/cw2_world_spawner/lib/libcw2_world_spawner__rosidl_typesupport_fastrtps_cpp.so
[1.159s] -- Up-to-date: /home/bizare/Desktop/cw2_team_14/install/cw2_world_spawner/include/cw2_world_spawner/cw2_world_spawner
[1.159s] -- Up-to-date: /home/bizare/Desktop/cw2_team_14/install/cw2_world_spawner/include/cw2_world_spawner/cw2_world_spawner/srv
[1.159s] -- Up-to-date: /home/bizare/Desktop/cw2_team_14/install/cw2_world_spawner/include/cw2_world_spawner/cw2_world_spawner/srv/detail
[1.159s] -- Up-to-date: /home/bizare/Desktop/cw2_team_14/install/cw2_world_spawner/include/cw2_world_spawner/cw2_world_spawner/srv/detail/task3_service__rosidl_typesupport_introspection_cpp.hpp
[1.160s] -- Up-to-date: /home/bizare/Desktop/cw2_team_14/install/cw2_world_spawner/include/cw2_world_spawner/cw2_world_spawner/srv/detail/task3_service__type_support.cpp
[1.160s] -- Up-to-date: /home/bizare/Desktop/cw2_team_14/install/cw2_world_spawner/include/cw2_world_spawner/cw2_world_spawner/srv/detail/task2_service__type_support.cpp
[1.160s] -- Up-to-date: /home/bizare/Desktop/cw2_team_14/install/cw2_world_spawner/include/cw2_world_spawner/cw2_world_spawner/srv/detail/task2_service__rosidl_typesupport_introspection_cpp.hpp
[1.160s] -- Up-to-date: /home/bizare/Desktop/cw2_team_14/install/cw2_world_spawner/include/cw2_world_spawner/cw2_world_spawner/srv/detail/task1_service__rosidl_typesupport_introspection_cpp.hpp
[1.160s] -- Up-to-date: /home/bizare/Desktop/cw2_team_14/install/cw2_world_spawner/include/cw2_world_spawner/cw2_world_spawner/srv/detail/task_setup__type_support.cpp
[1.160s] -- Up-to-date: /home/bizare/Desktop/cw2_team_14/install/cw2_world_spawner/include/cw2_world_spawner/cw2_world_spawner/srv/detail/task_setup__rosidl_typesupport_introspection_cpp.hpp
[1.160s] -- Up-to-date: /home/bizare/Desktop/cw2_team_14/install/cw2_world_spawner/include/cw2_world_spawner/cw2_world_spawner/srv/detail/task1_service__type_support.cpp
[1.160s] -- Up-to-date: /home/bizare/Desktop/cw2_team_14/install/cw2_world_spawner/lib/libcw2_world_spawner__rosidl_typesupport_introspection_cpp.so
[1.160s] -- Up-to-date: /home/bizare/Desktop/cw2_team_14/install/cw2_world_spawner/lib/libcw2_world_spawner__rosidl_typesupport_cpp.so
[1.160s] -- Up-to-date: /home/bizare/Desktop/cw2_team_14/install/cw2_world_spawner/share/cw2_world_spawner/environment/pythonpath.sh
[1.160s] -- Up-to-date: /home/bizare/Desktop/cw2_team_14/install/cw2_world_spawner/share/cw2_world_spawner/environment/pythonpath.dsv
[1.160s] -- Up-to-date: /home/bizare/Desktop/cw2_team_14/install/cw2_world_spawner/local/lib/python3.10/dist-packages/cw2_world_spawner-0.1.0-py3.10.egg-info
[1.160s] -- Installing: /home/bizare/Desktop/cw2_team_14/install/cw2_world_spawner/local/lib/python3.10/dist-packages/cw2_world_spawner-0.1.0-py3.10.egg-info/SOURCES.txt
[1.160s] -- Installing: /home/bizare/Desktop/cw2_team_14/install/cw2_world_spawner/local/lib/python3.10/dist-packages/cw2_world_spawner-0.1.0-py3.10.egg-info/dependency_links.txt
[1.160s] -- Installing: /home/bizare/Desktop/cw2_team_14/install/cw2_world_spawner/local/lib/python3.10/dist-packages/cw2_world_spawner-0.1.0-py3.10.egg-info/PKG-INFO
[1.160s] -- Installing: /home/bizare/Desktop/cw2_team_14/install/cw2_world_spawner/local/lib/python3.10/dist-packages/cw2_world_spawner-0.1.0-py3.10.egg-info/top_level.txt
[1.160s] -- Up-to-date: /home/bizare/Desktop/cw2_team_14/install/cw2_world_spawner/local/lib/python3.10/dist-packages/cw2_world_spawner
[1.163s] -- Up-to-date: /home/bizare/Desktop/cw2_team_14/install/cw2_world_spawner/local/lib/python3.10/dist-packages/cw2_world_spawner/_cw2_world_spawner_s.ep.rosidl_typesupport_fastrtps_c.c
[1.163s] -- Up-to-date: /home/bizare/Desktop/cw2_team_14/install/cw2_world_spawner/local/lib/python3.10/dist-packages/cw2_world_spawner/_cw2_world_spawner_s.ep.rosidl_typesupport_introspection_c.c
[1.163s] -- Up-to-date: /home/bizare/Desktop/cw2_team_14/install/cw2_world_spawner/local/lib/python3.10/dist-packages/cw2_world_spawner/cw2_world_spawner_s__rosidl_typesupport_fastrtps_c.cpython-310-x86_64-linux-gnu.so
[1.163s] -- Up-to-date: /home/bizare/Desktop/cw2_team_14/install/cw2_world_spawner/local/lib/python3.10/dist-packages/cw2_world_spawner/__init__.py
[1.163s] -- Up-to-date: /home/bizare/Desktop/cw2_team_14/install/cw2_world_spawner/local/lib/python3.10/dist-packages/cw2_world_spawner/_cw2_world_spawner_s.ep.rosidl_typesupport_c.c
[1.164s] -- Up-to-date: /home/bizare/Desktop/cw2_team_14/install/cw2_world_spawner/local/lib/python3.10/dist-packages/cw2_world_spawner/cw2_world_spawner_s__rosidl_typesupport_introspection_c.cpython-310-x86_64-linux-gnu.so
[1.164s] -- Up-to-date: /home/bizare/Desktop/cw2_team_14/install/cw2_world_spawner/local/lib/python3.10/dist-packages/cw2_world_spawner/libcw2_world_spawner__rosidl_generator_py.so
[1.164s] -- Up-to-date: /home/bizare/Desktop/cw2_team_14/install/cw2_world_spawner/local/lib/python3.10/dist-packages/cw2_world_spawner/cw2_world_spawner_s__rosidl_typesupport_c.cpython-310-x86_64-linux-gnu.so
[1.164s] -- Up-to-date: /home/bizare/Desktop/cw2_team_14/install/cw2_world_spawner/local/lib/python3.10/dist-packages/cw2_world_spawner/srv
[1.164s] -- Up-to-date: /home/bizare/Desktop/cw2_team_14/install/cw2_world_spawner/local/lib/python3.10/dist-packages/cw2_world_spawner/srv/_task3_service_s.c
[1.164s] -- Up-to-date: /home/bizare/Desktop/cw2_team_14/install/cw2_world_spawner/local/lib/python3.10/dist-packages/cw2_world_spawner/srv/_task1_service_s.c
[1.164s] -- Up-to-date: /home/bizare/Desktop/cw2_team_14/install/cw2_world_spawner/local/lib/python3.10/dist-packages/cw2_world_spawner/srv/__init__.py
[1.164s] -- Up-to-date: /home/bizare/Desktop/cw2_team_14/install/cw2_world_spawner/local/lib/python3.10/dist-packages/cw2_world_spawner/srv/_task_setup_s.c
[1.164s] -- Up-to-date: /home/bizare/Desktop/cw2_team_14/install/cw2_world_spawner/local/lib/python3.10/dist-packages/cw2_world_spawner/srv/_task2_service_s.c
[1.167s] -- Up-to-date: /home/bizare/Desktop/cw2_team_14/install/cw2_world_spawner/local/lib/python3.10/dist-packages/cw2_world_spawner/srv/_task_setup.py
[1.167s] -- Up-to-date: /home/bizare/Desktop/cw2_team_14/install/cw2_world_spawner/local/lib/python3.10/dist-packages/cw2_world_spawner/srv/_task2_service.py
[1.167s] -- Up-to-date: /home/bizare/Desktop/cw2_team_14/install/cw2_world_spawner/local/lib/python3.10/dist-packages/cw2_world_spawner/srv/_task1_service.py
[1.167s] -- Up-to-date: /home/bizare/Desktop/cw2_team_14/install/cw2_world_spawner/local/lib/python3.10/dist-packages/cw2_world_spawner/srv/_task3_service.py
[1.215s] Listing '/home/bizare/Desktop/cw2_team_14/install/cw2_world_spawner/local/lib/python3.10/dist-packages/cw2_world_spawner'...
[1.215s] Listing '/home/bizare/Desktop/cw2_team_14/install/cw2_world_spawner/local/lib/python3.10/dist-packages/cw2_world_spawner/srv'...
[1.225s] -- Up-to-date: /home/bizare/Desktop/cw2_team_14/install/cw2_world_spawner/local/lib/python3.10/dist-packages/cw2_world_spawner/cw2_world_spawner_s__rosidl_typesupport_fastrtps_c.cpython-310-x86_64-linux-gnu.so
[1.225s] -- Up-to-date: /home/bizare/Desktop/cw2_team_14/install/cw2_world_spawner/local/lib/python3.10/dist-packages/cw2_world_spawner/cw2_world_spawner_s__rosidl_typesupport_introspection_c.cpython-310-x86_64-linux-gnu.so
[1.226s] -- Up-to-date: /home/bizare/Desktop/cw2_team_14/install/cw2_world_spawner/local/lib/python3.10/dist-packages/cw2_world_spawner/cw2_world_spawner_s__rosidl_typesupport_c.cpython-310-x86_64-linux-gnu.so
[1.226s] -- Up-to-date: /home/bizare/Desktop/cw2_team_14/install/cw2_world_spawner/lib/libcw2_world_spawner__rosidl_generator_py.so
[1.227s] -- Up-to-date: /home/bizare/Desktop/cw2_team_14/install/cw2_world_spawner/share/cw2_world_spawner/srv/TaskSetup.idl
[1.227s] -- Up-to-date: /home/bizare/Desktop/cw2_team_14/install/cw2_world_spawner/share/cw2_world_spawner/srv/Task1Service.idl
[1.228s] -- Up-to-date: /home/bizare/Desktop/cw2_team_14/install/cw2_world_spawner/share/cw2_world_spawner/srv/Task2Service.idl
[1.228s] -- Up-to-date: /home/bizare/Desktop/cw2_team_14/install/cw2_world_spawner/share/cw2_world_spawner/srv/Task3Service.idl
[1.228s] -- Up-to-date: /home/bizare/Desktop/cw2_team_14/install/cw2_world_spawner/share/cw2_world_spawner/srv/TaskSetup.srv
[1.228s] -- Up-to-date: /home/bizare/Desktop/cw2_team_14/install/cw2_world_spawner/share/cw2_world_spawner/srv/TaskSetup_Request.msg
[1.228s] -- Up-to-date: /home/bizare/Desktop/cw2_team_14/install/cw2_world_spawner/share/cw2_world_spawner/srv/TaskSetup_Response.msg
[1.230s] -- Up-to-date: /home/bizare/Desktop/cw2_team_14/install/cw2_world_spawner/share/cw2_world_spawner/srv/Task1Service.srv
[1.230s] -- Up-to-date: /home/bizare/Desktop/cw2_team_14/install/cw2_world_spawner/share/cw2_world_spawner/srv/Task1Service_Request.msg
[1.230s] -- Up-to-date: /home/bizare/Desktop/cw2_team_14/install/cw2_world_spawner/share/cw2_world_spawner/srv/Task1Service_Response.msg
[1.230s] -- Up-to-date: /home/bizare/Desktop/cw2_team_14/install/cw2_world_spawner/share/cw2_world_spawner/srv/Task2Service.srv
[1.232s] -- Up-to-date: /home/bizare/Desktop/cw2_team_14/install/cw2_world_spawner/share/cw2_world_spawner/srv/Task2Service_Request.msg
[1.232s] -- Up-to-date: /home/bizare/Desktop/cw2_team_14/install/cw2_world_spawner/share/cw2_world_spawner/srv/Task2Service_Response.msg
[1.232s] -- Up-to-date: /home/bizare/Desktop/cw2_team_14/install/cw2_world_spawner/share/cw2_world_spawner/srv/Task3Service.srv
[1.232s] -- Up-to-date: /home/bizare/Desktop/cw2_team_14/install/cw2_world_spawner/share/cw2_world_spawner/srv/Task3Service_Request.msg
[1.232s] -- Up-to-date: /home/bizare/Desktop/cw2_team_14/install/cw2_world_spawner/share/cw2_world_spawner/srv/Task3Service_Response.msg
[1.233s] -- Up-to-date: /home/bizare/Desktop/cw2_team_14/install/cw2_world_spawner/local/lib/python3.10/dist-packages/cw2_world_spawner_lib-0.1.0-py3.10.egg-info
[1.233s] -- Installing: /home/bizare/Desktop/cw2_team_14/install/cw2_world_spawner/local/lib/python3.10/dist-packages/cw2_world_spawner_lib-0.1.0-py3.10.egg-info/SOURCES.txt
[1.233s] -- Installing: /home/bizare/Desktop/cw2_team_14/install/cw2_world_spawner/local/lib/python3.10/dist-packages/cw2_world_spawner_lib-0.1.0-py3.10.egg-info/dependency_links.txt
[1.234s] -- Installing: /home/bizare/Desktop/cw2_team_14/install/cw2_world_spawner/local/lib/python3.10/dist-packages/cw2_world_spawner_lib-0.1.0-py3.10.egg-info/PKG-INFO
[1.236s] -- Installing: /home/bizare/Desktop/cw2_team_14/install/cw2_world_spawner/local/lib/python3.10/dist-packages/cw2_world_spawner_lib-0.1.0-py3.10.egg-info/top_level.txt
[1.236s] -- Up-to-date: /home/bizare/Desktop/cw2_team_14/install/cw2_world_spawner/local/lib/python3.10/dist-packages/cw2_world_spawner_lib
[1.237s] -- Up-to-date: /home/bizare/Desktop/cw2_team_14/install/cw2_world_spawner/local/lib/python3.10/dist-packages/cw2_world_spawner_lib/__init__.py
[1.237s] -- Up-to-date: /home/bizare/Desktop/cw2_team_14/install/cw2_world_spawner/local/lib/python3.10/dist-packages/cw2_world_spawner_lib/coursework_world_spawner.py
[1.306s] Listing '/home/bizare/Desktop/cw2_team_14/install/cw2_world_spawner/local/lib/python3.10/dist-packages/cw2_world_spawner_lib'...
[1.312s] -- Up-to-date: /home/bizare/Desktop/cw2_team_14/install/cw2_world_spawner/lib/cw2_world_spawner/world_spawner.py
[1.312s] -- Up-to-date: /home/bizare/Desktop/cw2_team_14/install/cw2_world_spawner/share/cw2_world_spawner/models
[1.312s] -- Up-to-date: /home/bizare/Desktop/cw2_team_14/install/cw2_world_spawner/share/cw2_world_spawner/models/cross_red_20mm
[1.312s] -- Up-to-date: /home/bizare/Desktop/cw2_team_14/install/cw2_world_spawner/share/cw2_world_spawner/models/cross_red_20mm/cross_20mm_40H.STL
[1.313s] -- Up-to-date: /home/bizare/Desktop/cw2_team_14/install/cw2_world_spawner/share/cw2_world_spawner/models/cross_red_20mm/model.config
[1.313s] -- Up-to-date: /home/bizare/Desktop/cw2_team_14/install/cw2_world_spawner/share/cw2_world_spawner/models/cross_red_20mm/model.sdf
[1.313s] -- Up-to-date: /home/bizare/Desktop/cw2_team_14/install/cw2_world_spawner/share/cw2_world_spawner/models/cross_red_20mm/cross_40mm.STL
[1.313s] -- Up-to-date: /home/bizare/Desktop/cw2_team_14/install/cw2_world_spawner/share/cw2_world_spawner/models/nought_purple_20mm
[1.313s] -- Up-to-date: /home/bizare/Desktop/cw2_team_14/install/cw2_world_spawner/share/cw2_world_spawner/models/nought_purple_20mm/model.config
[1.313s] -- Up-to-date: /home/bizare/Desktop/cw2_team_14/install/cw2_world_spawner/share/cw2_world_spawner/models/nought_purple_20mm/nought_20mm_40H.STL
[1.313s] -- Up-to-date: /home/bizare/Desktop/cw2_team_14/install/cw2_world_spawner/share/cw2_world_spawner/models/nought_purple_20mm/model.sdf
[1.314s] -- Up-to-date: /home/bizare/Desktop/cw2_team_14/install/cw2_world_spawner/share/cw2_world_spawner/models/cross_blue_40mm
[1.314s] -- Up-to-date: /home/bizare/Desktop/cw2_team_14/install/cw2_world_spawner/share/cw2_world_spawner/models/cross_blue_40mm/model.config
[1.314s] -- Up-to-date: /home/bizare/Desktop/cw2_team_14/install/cw2_world_spawner/share/cw2_world_spawner/models/cross_blue_40mm/model.sdf
[1.317s] -- Up-to-date: /home/bizare/Desktop/cw2_team_14/install/cw2_world_spawner/share/cw2_world_spawner/models/cross_blue_40mm/cross_40mm.STL
[1.317s] -- Up-to-date: /home/bizare/Desktop/cw2_team_14/install/cw2_world_spawner/share/cw2_world_spawner/models/all_tiles
[1.317s] -- Up-to-date: /home/bizare/Desktop/cw2_team_14/install/cw2_world_spawner/share/cw2_world_spawner/models/all_tiles/model.config
[1.317s] -- Up-to-date: /home/bizare/Desktop/cw2_team_14/install/cw2_world_spawner/share/cw2_world_spawner/models/all_tiles/model.sdf.xmacro
[1.317s] -- Up-to-date: /home/bizare/Desktop/cw2_team_14/install/cw2_world_spawner/share/cw2_world_spawner/models/all_tiles/model.sdf
[1.317s] -- Up-to-date: /home/bizare/Desktop/cw2_team_14/install/cw2_world_spawner/share/cw2_world_spawner/models/nought_purple_40mm
[1.317s] -- Up-to-date: /home/bizare/Desktop/cw2_team_14/install/cw2_world_spawner/share/cw2_world_spawner/models/nought_purple_40mm/nought_40mm.STL
[1.317s] -- Up-to-date: /home/bizare/Desktop/cw2_team_14/install/cw2_world_spawner/share/cw2_world_spawner/models/nought_purple_40mm/model.config
[1.317s] -- Up-to-date: /home/bizare/Desktop/cw2_team_14/install/cw2_world_spawner/share/cw2_world_spawner/models/nought_purple_40mm/model.sdf
[1.317s] -- Up-to-date: /home/bizare/Desktop/cw2_team_14/install/cw2_world_spawner/share/cw2_world_spawner/models/nought_blue_30mm
[1.317s] -- Up-to-date: /home/bizare/Desktop/cw2_team_14/install/cw2_world_spawner/share/cw2_world_spawner/models/nought_blue_30mm/model.config
[1.317s] -- Up-to-date: /home/bizare/Desktop/cw2_team_14/install/cw2_world_spawner/share/cw2_world_spawner/models/nought_blue_30mm/nought_30mm_40H.STL
[1.318s] -- Up-to-date: /home/bizare/Desktop/cw2_team_14/install/cw2_world_spawner/share/cw2_world_spawner/models/nought_blue_30mm/model.sdf
[1.318s] -- Up-to-date: /home/bizare/Desktop/cw2_team_14/install/cw2_world_spawner/share/cw2_world_spawner/models/obstacle_4
[1.318s] -- Up-to-date: /home/bizare/Desktop/cw2_team_14/install/cw2_world_spawner/share/cw2_world_spawner/models/obstacle_4/model.config
[1.318s] -- Up-to-date: /home/bizare/Desktop/cw2_team_14/install/cw2_world_spawner/share/cw2_world_spawner/models/obstacle_4/model.sdf
[1.318s] -- Up-to-date: /home/bizare/Desktop/cw2_team_14/install/cw2_world_spawner/share/cw2_world_spawner/models/basket
[1.318s] -- Up-to-date: /home/bizare/Desktop/cw2_team_14/install/cw2_world_spawner/share/cw2_world_spawner/models/basket/model.config
[1.318s] -- Up-to-date: /home/bizare/Desktop/cw2_team_14/install/cw2_world_spawner/share/cw2_world_spawner/models/basket/model.sdf.xmacro
[1.318s] -- Up-to-date: /home/bizare/Desktop/cw2_team_14/install/cw2_world_spawner/share/cw2_world_spawner/models/basket/model.sdf
[1.318s] -- Up-to-date: /home/bizare/Desktop/cw2_team_14/install/cw2_world_spawner/share/cw2_world_spawner/models/obstacle_3
[1.318s] -- Up-to-date: /home/bizare/Desktop/cw2_team_14/install/cw2_world_spawner/share/cw2_world_spawner/models/obstacle_3/model.config
[1.318s] -- Up-to-date: /home/bizare/Desktop/cw2_team_14/install/cw2_world_spawner/share/cw2_world_spawner/models/obstacle_3/model.sdf
[1.320s] -- Up-to-date: /home/bizare/Desktop/cw2_team_14/install/cw2_world_spawner/share/cw2_world_spawner/models/nought_blue_20mm
[1.320s] -- Up-to-date: /home/bizare/Desktop/cw2_team_14/install/cw2_world_spawner/share/cw2_world_spawner/models/nought_blue_20mm/model.config
[1.320s] -- Up-to-date: /home/bizare/Desktop/cw2_team_14/install/cw2_world_spawner/share/cw2_world_spawner/models/nought_blue_20mm/nought_20mm_40H.STL
[1.320s] -- Up-to-date: /home/bizare/Desktop/cw2_team_14/install/cw2_world_spawner/share/cw2_world_spawner/models/nought_blue_20mm/model.sdf
[1.320s] -- Up-to-date: /home/bizare/Desktop/cw2_team_14/install/cw2_world_spawner/share/cw2_world_spawner/models/nought_blue_40mm
[1.320s] -- Up-to-date: /home/bizare/Desktop/cw2_team_14/install/cw2_world_spawner/share/cw2_world_spawner/models/nought_blue_40mm/nought_40mm.STL
[1.320s] -- Up-to-date: /home/bizare/Desktop/cw2_team_14/install/cw2_world_spawner/share/cw2_world_spawner/models/nought_blue_40mm/model.config
[1.320s] -- Up-to-date: /home/bizare/Desktop/cw2_team_14/install/cw2_world_spawner/share/cw2_world_spawner/models/nought_blue_40mm/model.sdf
[1.320s] -- Up-to-date: /home/bizare/Desktop/cw2_team_14/install/cw2_world_spawner/share/cw2_world_spawner/models/cross_red_40mm
[1.320s] -- Up-to-date: /home/bizare/Desktop/cw2_team_14/install/cw2_world_spawner/share/cw2_world_spawner/models/cross_red_40mm/model.config
[1.320s] -- Up-to-date: /home/bizare/Desktop/cw2_team_14/install/cw2_world_spawner/share/cw2_world_spawner/models/cross_red_40mm/model.sdf
[1.320s] -- Up-to-date: /home/bizare/Desktop/cw2_team_14/install/cw2_world_spawner/share/cw2_world_spawner/models/cross_red_40mm/cross_40mm.STL
[1.322s] -- Up-to-date: /home/bizare/Desktop/cw2_team_14/install/cw2_world_spawner/share/cw2_world_spawner/models/cross_purple_30mm
[1.322s] -- Up-to-date: /home/bizare/Desktop/cw2_team_14/install/cw2_world_spawner/share/cw2_world_spawner/models/cross_purple_30mm/model.config
[1.322s] -- Up-to-date: /home/bizare/Desktop/cw2_team_14/install/cw2_world_spawner/share/cw2_world_spawner/models/cross_purple_30mm/cross_30mm_40H.STL
[1.322s] -- Up-to-date: /home/bizare/Desktop/cw2_team_14/install/cw2_world_spawner/share/cw2_world_spawner/models/cross_purple_30mm/model.sdf
[1.322s] -- Up-to-date: /home/bizare/Desktop/cw2_team_14/install/cw2_world_spawner/share/cw2_world_spawner/models/cross_red_30mm
[1.322s] -- Up-to-date: /home/bizare/Desktop/cw2_team_14/install/cw2_world_spawner/share/cw2_world_spawner/models/cross_red_30mm/model.config
[1.322s] -- Up-to-date: /home/bizare/Desktop/cw2_team_14/install/cw2_world_spawner/share/cw2_world_spawner/models/cross_red_30mm/cross_30mm_40H.STL
[1.322s] -- Up-to-date: /home/bizare/Desktop/cw2_team_14/install/cw2_world_spawner/share/cw2_world_spawner/models/cross_red_30mm/model.sdf
[1.322s] -- Up-to-date: /home/bizare/Desktop/cw2_team_14/install/cw2_world_spawner/share/cw2_world_spawner/models/nought_red_30mm
[1.322s] -- Up-to-date: /home/bizare/Desktop/cw2_team_14/install/cw2_world_spawner/share/cw2_world_spawner/models/nought_red_30mm/model.config
[1.322s] -- Up-to-date: /home/bizare/Desktop/cw2_team_14/install/cw2_world_spawner/share/cw2_world_spawner/models/nought_red_30mm/nought_30mm_40H.STL
[1.322s] -- Up-to-date: /home/bizare/Desktop/cw2_team_14/install/cw2_world_spawner/share/cw2_world_spawner/models/nought_red_30mm/model.sdf
[1.323s] -- Up-to-date: /home/bizare/Desktop/cw2_team_14/install/cw2_world_spawner/share/cw2_world_spawner/models/nought_purple_30mm
[1.324s] -- Up-to-date: /home/bizare/Desktop/cw2_team_14/install/cw2_world_spawner/share/cw2_world_spawner/models/nought_purple_30mm/model.config
[1.324s] -- Up-to-date: /home/bizare/Desktop/cw2_team_14/install/cw2_world_spawner/share/cw2_world_spawner/models/nought_purple_30mm/nought_30mm_40H.STL
[1.324s] -- Up-to-date: /home/bizare/Desktop/cw2_team_14/install/cw2_world_spawner/share/cw2_world_spawner/models/nought_purple_30mm/model.sdf
[1.324s] -- Up-to-date: /home/bizare/Desktop/cw2_team_14/install/cw2_world_spawner/share/cw2_world_spawner/models/cross_blue_20mm
[1.324s] -- Up-to-date: /home/bizare/Desktop/cw2_team_14/install/cw2_world_spawner/share/cw2_world_spawner/models/cross_blue_20mm/cross_20mm_40H.STL
[1.324s] -- Up-to-date: /home/bizare/Desktop/cw2_team_14/install/cw2_world_spawner/share/cw2_world_spawner/models/cross_blue_20mm/model.config
[1.324s] -- Up-to-date: /home/bizare/Desktop/cw2_team_14/install/cw2_world_spawner/share/cw2_world_spawner/models/cross_blue_20mm/model.sdf
[1.324s] -- Up-to-date: /home/bizare/Desktop/cw2_team_14/install/cw2_world_spawner/share/cw2_world_spawner/models/cross_blue_20mm/cross_40mm.STL
[1.326s] -- Up-to-date: /home/bizare/Desktop/cw2_team_14/install/cw2_world_spawner/share/cw2_world_spawner/models/obstacle_1
[1.326s] -- Up-to-date: /home/bizare/Desktop/cw2_team_14/install/cw2_world_spawner/share/cw2_world_spawner/models/obstacle_1/model.config
[1.326s] -- Up-to-date: /home/bizare/Desktop/cw2_team_14/install/cw2_world_spawner/share/cw2_world_spawner/models/obstacle_1/model.sdf
[1.326s] -- Up-to-date: /home/bizare/Desktop/cw2_team_14/install/cw2_world_spawner/share/cw2_world_spawner/models/obstacle_2
[1.326s] -- Up-to-date: /home/bizare/Desktop/cw2_team_14/install/cw2_world_spawner/share/cw2_world_spawner/models/obstacle_2/model.config
[1.326s] -- Up-to-date: /home/bizare/Desktop/cw2_team_14/install/cw2_world_spawner/share/cw2_world_spawner/models/obstacle_2/model.sdf
[1.326s] -- Up-to-date: /home/bizare/Desktop/cw2_team_14/install/cw2_world_spawner/share/cw2_world_spawner/models/nought_red_20mm
[1.326s] -- Up-to-date: /home/bizare/Desktop/cw2_team_14/install/cw2_world_spawner/share/cw2_world_spawner/models/nought_red_20mm/model.config
[1.326s] -- Up-to-date: /home/bizare/Desktop/cw2_team_14/install/cw2_world_spawner/share/cw2_world_spawner/models/nought_red_20mm/nought_20mm_40H.STL
[1.326s] -- Up-to-date: /home/bizare/Desktop/cw2_team_14/install/cw2_world_spawner/share/cw2_world_spawner/models/nought_red_20mm/model.sdf
[1.327s] -- Up-to-date: /home/bizare/Desktop/cw2_team_14/install/cw2_world_spawner/share/cw2_world_spawner/models/cross_blue_30mm
[1.327s] -- Up-to-date: /home/bizare/Desktop/cw2_team_14/install/cw2_world_spawner/share/cw2_world_spawner/models/cross_blue_30mm/model.config
[1.328s] -- Up-to-date: /home/bizare/Desktop/cw2_team_14/install/cw2_world_spawner/share/cw2_world_spawner/models/cross_blue_30mm/cross_30mm_40H.STL
[1.329s] -- Up-to-date: /home/bizare/Desktop/cw2_team_14/install/cw2_world_spawner/share/cw2_world_spawner/models/cross_blue_30mm/model.sdf
[1.330s] -- Up-to-date: /home/bizare/Desktop/cw2_team_14/install/cw2_world_spawner/share/cw2_world_spawner/models/cross_purple_20mm
[1.330s] -- Up-to-date: /home/bizare/Desktop/cw2_team_14/install/cw2_world_spawner/share/cw2_world_spawner/models/cross_purple_20mm/cross_20mm_40H.STL
[1.330s] -- Up-to-date: /home/bizare/Desktop/cw2_team_14/install/cw2_world_spawner/share/cw2_world_spawner/models/cross_purple_20mm/model.config
[1.330s] -- Up-to-date: /home/bizare/Desktop/cw2_team_14/install/cw2_world_spawner/share/cw2_world_spawner/models/cross_purple_20mm/model.sdf
[1.331s] -- Up-to-date: /home/bizare/Desktop/cw2_team_14/install/cw2_world_spawner/share/cw2_world_spawner/models/cross_purple_20mm/cross_40mm.STL
[1.331s] -- Up-to-date: /home/bizare/Desktop/cw2_team_14/install/cw2_world_spawner/share/cw2_world_spawner/models/cross_purple_40mm
[1.331s] -- Up-to-date: /home/bizare/Desktop/cw2_team_14/install/cw2_world_spawner/share/cw2_world_spawner/models/cross_purple_40mm/model.config
[1.332s] -- Up-to-date: /home/bizare/Desktop/cw2_team_14/install/cw2_world_spawner/share/cw2_world_spawner/models/cross_purple_40mm/model.sdf
[1.332s] -- Up-to-date: /home/bizare/Desktop/cw2_team_14/install/cw2_world_spawner/share/cw2_world_spawner/models/cross_purple_40mm/cross_40mm.STL
[1.332s] -- Up-to-date: /home/bizare/Desktop/cw2_team_14/install/cw2_world_spawner/share/cw2_world_spawner/models/nought_red_40mm
[1.332s] -- Up-to-date: /home/bizare/Desktop/cw2_team_14/install/cw2_world_spawner/share/cw2_world_spawner/models/nought_red_40mm/nought_40mm.STL
[1.332s] -- Up-to-date: /home/bizare/Desktop/cw2_team_14/install/cw2_world_spawner/share/cw2_world_spawner/models/nought_red_40mm/model.config
[1.332s] -- Up-to-date: /home/bizare/Desktop/cw2_team_14/install/cw2_world_spawner/share/cw2_world_spawner/models/nought_red_40mm/model.sdf
[1.332s] -- Up-to-date: /home/bizare/Desktop/cw2_team_14/install/cw2_world_spawner/share/cw2_world_spawner/launch
[1.333s] -- Up-to-date: /home/bizare/Desktop/cw2_team_14/install/cw2_world_spawner/share/cw2_world_spawner/launch/world_spawner.launch.py
[1.335s] -- Up-to-date: /home/bizare/Desktop/cw2_team_14/install/cw2_world_spawner/share/ament_index/resource_index/package_run_dependencies/cw2_world_spawner
[1.335s] -- Up-to-date: /home/bizare/Desktop/cw2_team_14/install/cw2_world_spawner/share/ament_index/resource_index/parent_prefix_path/cw2_world_spawner
[1.336s] -- Up-to-date: /home/bizare/Desktop/cw2_team_14/install/cw2_world_spawner/share/cw2_world_spawner/environment/ament_prefix_path.sh
[1.336s] -- Up-to-date: /home/bizare/Desktop/cw2_team_14/install/cw2_world_spawner/share/cw2_world_spawner/environment/ament_prefix_path.dsv
[1.336s] -- Up-to-date: /home/bizare/Desktop/cw2_team_14/install/cw2_world_spawner/share/cw2_world_spawner/environment/path.sh
[1.336s] -- Up-to-date: /home/bizare/Desktop/cw2_team_14/install/cw2_world_spawner/share/cw2_world_spawner/environment/path.dsv
[1.336s] -- Up-to-date: /home/bizare/Desktop/cw2_team_14/install/cw2_world_spawner/share/cw2_world_spawner/local_setup.bash
[1.336s] -- Up-to-date: /home/bizare/Desktop/cw2_team_14/install/cw2_world_spawner/share/cw2_world_spawner/local_setup.sh
[1.336s] -- Up-to-date: /home/bizare/Desktop/cw2_team_14/install/cw2_world_spawner/share/cw2_world_spawner/local_setup.zsh
[1.336s] -- Up-to-date: /home/bizare/Desktop/cw2_team_14/install/cw2_world_spawner/share/cw2_world_spawner/local_setup.dsv
[1.336s] -- Installing: /home/bizare/Desktop/cw2_team_14/install/cw2_world_spawner/share/cw2_world_spawner/package.dsv
[1.336s] -- Up-to-date: /home/bizare/Desktop/cw2_team_14/install/cw2_world_spawner/share/ament_index/resource_index/packages/cw2_world_spawner
[1.336s] -- Up-to-date: /home/bizare/Desktop/cw2_team_14/install/cw2_world_spawner/share/cw2_world_spawner/cmake/export_cw2_world_spawner__rosidl_generator_cExport.cmake
[1.336s] -- Up-to-date: /home/bizare/Desktop/cw2_team_14/install/cw2_world_spawner/share/cw2_world_spawner/cmake/export_cw2_world_spawner__rosidl_generator_cExport-noconfig.cmake
[1.337s] -- Up-to-date: /home/bizare/Desktop/cw2_team_14/install/cw2_world_spawner/share/cw2_world_spawner/cmake/export_cw2_world_spawner__rosidl_typesupport_fastrtps_cExport.cmake
[1.337s] -- Up-to-date: /home/bizare/Desktop/cw2_team_14/install/cw2_world_spawner/share/cw2_world_spawner/cmake/export_cw2_world_spawner__rosidl_typesupport_fastrtps_cExport-noconfig.cmake
[1.337s] -- Up-to-date: /home/bizare/Desktop/cw2_team_14/install/cw2_world_spawner/share/cw2_world_spawner/cmake/cw2_world_spawner__rosidl_typesupport_introspection_cExport.cmake
[1.337s] -- Up-to-date: /home/bizare/Desktop/cw2_team_14/install/cw2_world_spawner/share/cw2_world_spawner/cmake/cw2_world_spawner__rosidl_typesupport_introspection_cExport-noconfig.cmake
[1.337s] -- Up-to-date: /home/bizare/Desktop/cw2_team_14/install/cw2_world_spawner/share/cw2_world_spawner/cmake/cw2_world_spawner__rosidl_typesupport_cExport.cmake
[1.337s] -- Up-to-date: /home/bizare/Desktop/cw2_team_14/install/cw2_world_spawner/share/cw2_world_spawner/cmake/cw2_world_spawner__rosidl_typesupport_cExport-noconfig.cmake
[1.343s] -- Up-to-date: /home/bizare/Desktop/cw2_team_14/install/cw2_world_spawner/share/cw2_world_spawner/cmake/export_cw2_world_spawner__rosidl_generator_cppExport.cmake
[1.343s] -- Up-to-date: /home/bizare/Desktop/cw2_team_14/install/cw2_world_spawner/share/cw2_world_spawner/cmake/export_cw2_world_spawner__rosidl_typesupport_fastrtps_cppExport.cmake
[1.343s] -- Up-to-date: /home/bizare/Desktop/cw2_team_14/install/cw2_world_spawner/share/cw2_world_spawner/cmake/export_cw2_world_spawner__rosidl_typesupport_fastrtps_cppExport-noconfig.cmake
[1.343s] -- Up-to-date: /home/bizare/Desktop/cw2_team_14/install/cw2_world_spawner/share/cw2_world_spawner/cmake/cw2_world_spawner__rosidl_typesupport_introspection_cppExport.cmake
[1.343s] -- Up-to-date: /home/bizare/Desktop/cw2_team_14/install/cw2_world_spawner/share/cw2_world_spawner/cmake/cw2_world_spawner__rosidl_typesupport_introspection_cppExport-noconfig.cmake
[1.343s] -- Up-to-date: /home/bizare/Desktop/cw2_team_14/install/cw2_world_spawner/share/cw2_world_spawner/cmake/cw2_world_spawner__rosidl_typesupport_cppExport.cmake
[1.343s] -- Up-to-date: /home/bizare/Desktop/cw2_team_14/install/cw2_world_spawner/share/cw2_world_spawner/cmake/cw2_world_spawner__rosidl_typesupport_cppExport-noconfig.cmake
[1.343s] -- Up-to-date: /home/bizare/Desktop/cw2_team_14/install/cw2_world_spawner/share/cw2_world_spawner/cmake/export_cw2_world_spawner__rosidl_generator_pyExport.cmake
[1.343s] -- Up-to-date: /home/bizare/Desktop/cw2_team_14/install/cw2_world_spawner/share/cw2_world_spawner/cmake/export_cw2_world_spawner__rosidl_generator_pyExport-noconfig.cmake
[1.343s] -- Up-to-date: /home/bizare/Desktop/cw2_team_14/install/cw2_world_spawner/share/cw2_world_spawner/cmake/rosidl_cmake-extras.cmake
[1.343s] -- Up-to-date: /home/bizare/Desktop/cw2_team_14/install/cw2_world_spawner/share/cw2_world_spawner/cmake/ament_cmake_export_dependencies-extras.cmake
[1.343s] -- Up-to-date: /home/bizare/Desktop/cw2_team_14/install/cw2_world_spawner/share/cw2_world_spawner/cmake/ament_cmake_export_include_directories-extras.cmake
[1.343s] -- Up-to-date: /home/bizare/Desktop/cw2_team_14/install/cw2_world_spawner/share/cw2_world_spawner/cmake/ament_cmake_export_libraries-extras.cmake
[1.343s] -- Up-to-date: /home/bizare/Desktop/cw2_team_14/install/cw2_world_spawner/share/cw2_world_spawner/cmake/ament_cmake_export_targets-extras.cmake
[1.343s] -- Up-to-date: /home/bizare/Desktop/cw2_team_14/install/cw2_world_spawner/share/cw2_world_spawner/cmake/rosidl_cmake_export_typesupport_targets-extras.cmake
[1.344s] -- Up-to-date: /home/bizare/Desktop/cw2_team_14/install/cw2_world_spawner/share/cw2_world_spawner/cmake/rosidl_cmake_export_typesupport_libraries-extras.cmake
[1.344s] -- Up-to-date: /home/bizare/Desktop/cw2_team_14/install/cw2_world_spawner/share/cw2_world_spawner/cmake/cw2_world_spawnerConfig.cmake
[1.344s] -- Up-to-date: /home/bizare/Desktop/cw2_team_14/install/cw2_world_spawner/share/cw2_world_spawner/cmake/cw2_world_spawnerConfig-version.cmake
[1.344s] -- Up-to-date: /home/bizare/Desktop/cw2_team_14/install/cw2_world_spawner/share/cw2_world_spawner/package.xml
[1.347s] Invoked command in '/home/bizare/Desktop/cw2_team_14/build/cw2_world_spawner' returned '0': CMAKE_PREFIX_PATH=${CMAKE_PREFIX_PATH}:/opt/ros/humble /usr/bin/cmake --install /home/bizare/Desktop/cw2_team_14/build/cw2_world_spawner
