[0.170s] DEBUG:colcon:Command line arguments: ['/usr/bin/colcon', 'build']
[0.170s] DEBUG:colcon:Parsed command line arguments: Namespace(log_base=None, log_level=None, verb_name='build', build_base='build', install_base='install', merge_install=False, symlink_install=False, test_result_base=None, continue_on_error=False, executor='parallel', parallel_workers=2, event_handlers=None, ignore_user_meta=False, metas=['./colcon.meta'], base_paths=['.'], packages_ignore=None, packages_ignore_regex=None, paths=None, packages_up_to=None, packages_up_to_regex=None, packages_above=None, packages_above_and_dependencies=None, packages_above_depth=None, packages_select_by_dep=None, packages_skip_by_dep=None, packages_skip_up_to=None, packages_select_build_failed=False, packages_skip_build_finished=False, packages_select_test_failures=False, packages_skip_test_passed=False, packages_select=None, packages_skip=None, packages_select_regex=None, packages_skip_regex=None, packages_start=None, packages_end=None, allow_overriding=[], cmake_args=None, cmake_target=None, cmake_target_skip_unavailable=False, cmake_clean_cache=False, cmake_clean_first=False, cmake_force_configure=False, ament_cmake_args=None, catkin_cmake_args=None, catkin_skip_building_tests=False, mixin_files=None, mixin=None, verb_parser=<colcon_mixin.mixin.mixin_argument.MixinArgumentDecorator object at 0x7df0f2055f00>, verb_extension=<colcon_core.verb.build.BuildVerb object at 0x7df0f2055a50>, main=<bound method BuildVerb.main of <colcon_core.verb.build.BuildVerb object at 0x7df0f2055a50>>, mixin_verb=('build',))
[0.439s] Level 1:colcon.colcon_core.package_discovery:discover_packages(colcon_meta) check parameters
[0.439s] Level 1:colcon.colcon_core.package_discovery:discover_packages(recursive) check parameters
[0.439s] Level 1:colcon.colcon_core.package_discovery:discover_packages(ignore) check parameters
[0.439s] Level 1:colcon.colcon_core.package_discovery:discover_packages(path) check parameters
[0.439s] Level 1:colcon.colcon_core.package_discovery:discover_packages(colcon_meta) discover
[0.439s] Level 1:colcon.colcon_core.package_discovery:discover_packages(recursive) discover
[0.439s] INFO:colcon.colcon_core.package_discovery:Crawling recursively for packages in '/home/bizare/Desktop/cw2_team_14'
[0.439s] Level 1:colcon.colcon_core.package_identification:_identify(.) by extensions ['ignore', 'ignore_ament_install']
[0.439s] Level 1:colcon.colcon_core.package_identification:_identify(.) by extension 'ignore'
[0.439s] Level 1:colcon.colcon_core.package_identification:_identify(.) by extension 'ignore_ament_install'
[0.439s] Level 1:colcon.colcon_core.package_identification:_identify(.) by extensions ['colcon_pkg']
[0.440s] Level 1:colcon.colcon_core.package_identification:_identify(.) by extension 'colcon_pkg'
[0.440s] Level 1:colcon.colcon_core.package_identification:_identify(.) by extensions ['colcon_meta']
[0.440s] Level 1:colcon.colcon_core.package_identification:_identify(.) by extension 'colcon_meta'
[0.440s] Level 1:colcon.colcon_core.package_identification:_identify(.) by extensions ['ros']
[0.440s] Level 1:colcon.colcon_core.package_identification:_identify(.) by extension 'ros'
[0.481s] Level 1:colcon.colcon_core.package_identification:_identify(.) by extensions ['cmake', 'python']
[0.481s] Level 1:colcon.colcon_core.package_identification:_identify(.) by extension 'cmake'
[0.481s] Level 1:colcon.colcon_core.package_identification:_identify(.) by extension 'python'
[0.481s] Level 1:colcon.colcon_core.package_identification:_identify(.) by extensions ['python_setup_py']
[0.481s] Level 1:colcon.colcon_core.package_identification:_identify(.) by extension 'python_setup_py'
[0.481s] Level 1:colcon.colcon_core.package_identification:_identify(build) by extensions ['ignore', 'ignore_ament_install']
[0.481s] Level 1:colcon.colcon_core.package_identification:_identify(build) by extension 'ignore'
[0.481s] Level 1:colcon.colcon_core.package_identification:_identify(build) ignored
[0.481s] Level 1:colcon.colcon_core.package_identification:_identify(install) by extensions ['ignore', 'ignore_ament_install']
[0.481s] Level 1:colcon.colcon_core.package_identification:_identify(install) by extension 'ignore'
[0.481s] Level 1:colcon.colcon_core.package_identification:_identify(install) ignored
[0.481s] Level 1:colcon.colcon_core.package_identification:_identify(log) by extensions ['ignore', 'ignore_ament_install']
[0.481s] Level 1:colcon.colcon_core.package_identification:_identify(log) by extension 'ignore'
[0.481s] Level 1:colcon.colcon_core.package_identification:_identify(log) ignored
[0.481s] Level 1:colcon.colcon_core.package_identification:_identify(scripts) by extensions ['ignore', 'ignore_ament_install']
[0.482s] Level 1:colcon.colcon_core.package_identification:_identify(scripts) by extension 'ignore'
[0.482s] Level 1:colcon.colcon_core.package_identification:_identify(scripts) by extension 'ignore_ament_install'
[0.482s] Level 1:colcon.colcon_core.package_identification:_identify(scripts) by extensions ['colcon_pkg']
[0.482s] Level 1:colcon.colcon_core.package_identification:_identify(scripts) by extension 'colcon_pkg'
[0.482s] Level 1:colcon.colcon_core.package_identification:_identify(scripts) by extensions ['colcon_meta']
[0.482s] Level 1:colcon.colcon_core.package_identification:_identify(scripts) by extension 'colcon_meta'
[0.482s] Level 1:colcon.colcon_core.package_identification:_identify(scripts) by extensions ['ros']
[0.482s] Level 1:colcon.colcon_core.package_identification:_identify(scripts) by extension 'ros'
[0.482s] Level 1:colcon.colcon_core.package_identification:_identify(scripts) by extensions ['cmake', 'python']
[0.482s] Level 1:colcon.colcon_core.package_identification:_identify(scripts) by extension 'cmake'
[0.482s] Level 1:colcon.colcon_core.package_identification:_identify(scripts) by extension 'python'
[0.482s] Level 1:colcon.colcon_core.package_identification:_identify(scripts) by extensions ['python_setup_py']
[0.482s] Level 1:colcon.colcon_core.package_identification:_identify(scripts) by extension 'python_setup_py'
[0.482s] Level 1:colcon.colcon_core.package_identification:_identify(src) by extensions ['ignore', 'ignore_ament_install']
[0.482s] Level 1:colcon.colcon_core.package_identification:_identify(src) by extension 'ignore'
[0.482s] Level 1:colcon.colcon_core.package_identification:_identify(src) by extension 'ignore_ament_install'
[0.482s] Level 1:colcon.colcon_core.package_identification:_identify(src) by extensions ['colcon_pkg']
[0.482s] Level 1:colcon.colcon_core.package_identification:_identify(src) by extension 'colcon_pkg'
[0.482s] Level 1:colcon.colcon_core.package_identification:_identify(src) by extensions ['colcon_meta']
[0.482s] Level 1:colcon.colcon_core.package_identification:_identify(src) by extension 'colcon_meta'
[0.482s] Level 1:colcon.colcon_core.package_identification:_identify(src) by extensions ['ros']
[0.483s] Level 1:colcon.colcon_core.package_identification:_identify(src) by extension 'ros'
[0.483s] Level 1:colcon.colcon_core.package_identification:_identify(src) by extensions ['cmake', 'python']
[0.483s] Level 1:colcon.colcon_core.package_identification:_identify(src) by extension 'cmake'
[0.483s] Level 1:colcon.colcon_core.package_identification:_identify(src) by extension 'python'
[0.483s] Level 1:colcon.colcon_core.package_identification:_identify(src) by extensions ['python_setup_py']
[0.483s] Level 1:colcon.colcon_core.package_identification:_identify(src) by extension 'python_setup_py'
[0.483s] Level 1:colcon.colcon_core.package_identification:_identify(src/courseworks) by extensions ['ignore', 'ignore_ament_install']
[0.483s] Level 1:colcon.colcon_core.package_identification:_identify(src/courseworks) by extension 'ignore'
[0.483s] Level 1:colcon.colcon_core.package_identification:_identify(src/courseworks) by extension 'ignore_ament_install'
[0.483s] Level 1:colcon.colcon_core.package_identification:_identify(src/courseworks) by extensions ['colcon_pkg']
[0.483s] Level 1:colcon.colcon_core.package_identification:_identify(src/courseworks) by extension 'colcon_pkg'
[0.483s] Level 1:colcon.colcon_core.package_identification:_identify(src/courseworks) by extensions ['colcon_meta']
[0.483s] Level 1:colcon.colcon_core.package_identification:_identify(src/courseworks) by extension 'colcon_meta'
[0.483s] Level 1:colcon.colcon_core.package_identification:_identify(src/courseworks) by extensions ['ros']
[0.483s] Level 1:colcon.colcon_core.package_identification:_identify(src/courseworks) by extension 'ros'
[0.483s] Level 1:colcon.colcon_core.package_identification:_identify(src/courseworks) by extensions ['cmake', 'python']
[0.483s] Level 1:colcon.colcon_core.package_identification:_identify(src/courseworks) by extension 'cmake'
[0.483s] Level 1:colcon.colcon_core.package_identification:_identify(src/courseworks) by extension 'python'
[0.483s] Level 1:colcon.colcon_core.package_identification:_identify(src/courseworks) by extensions ['python_setup_py']
[0.483s] Level 1:colcon.colcon_core.package_identification:_identify(src/courseworks) by extension 'python_setup_py'
[0.483s] Level 1:colcon.colcon_core.package_identification:_identify(src/courseworks/cw2_team_14) by extensions ['ignore', 'ignore_ament_install']
[0.484s] Level 1:colcon.colcon_core.package_identification:_identify(src/courseworks/cw2_team_14) by extension 'ignore'
[0.484s] Level 1:colcon.colcon_core.package_identification:_identify(src/courseworks/cw2_team_14) by extension 'ignore_ament_install'
[0.484s] Level 1:colcon.colcon_core.package_identification:_identify(src/courseworks/cw2_team_14) by extensions ['colcon_pkg']
[0.484s] Level 1:colcon.colcon_core.package_identification:_identify(src/courseworks/cw2_team_14) by extension 'colcon_pkg'
[0.484s] Level 1:colcon.colcon_core.package_identification:_identify(src/courseworks/cw2_team_14) by extensions ['colcon_meta']
[0.484s] Level 1:colcon.colcon_core.package_identification:_identify(src/courseworks/cw2_team_14) by extension 'colcon_meta'
[0.484s] Level 1:colcon.colcon_core.package_identification:_identify(src/courseworks/cw2_team_14) by extensions ['ros']
[0.484s] Level 1:colcon.colcon_core.package_identification:_identify(src/courseworks/cw2_team_14) by extension 'ros'
[0.488s] DEBUG:colcon.colcon_core.package_identification:Package 'src/courseworks/cw2_team_14' with type 'ros.ament_cmake' and name 'cw2_team_14'
[0.488s] Level 1:colcon.colcon_core.package_identification:_identify(src/courseworks/cw2_world_spawner) by extensions ['ignore', 'ignore_ament_install']
[0.488s] Level 1:colcon.colcon_core.package_identification:_identify(src/courseworks/cw2_world_spawner) by extension 'ignore'
[0.488s] Level 1:colcon.colcon_core.package_identification:_identify(src/courseworks/cw2_world_spawner) by extension 'ignore_ament_install'
[0.488s] Level 1:colcon.colcon_core.package_identification:_identify(src/courseworks/cw2_world_spawner) by extensions ['colcon_pkg']
[0.488s] Level 1:colcon.colcon_core.package_identification:_identify(src/courseworks/cw2_world_spawner) by extension 'colcon_pkg'
[0.488s] Level 1:colcon.colcon_core.package_identification:_identify(src/courseworks/cw2_world_spawner) by extensions ['colcon_meta']
[0.488s] Level 1:colcon.colcon_core.package_identification:_identify(src/courseworks/cw2_world_spawner) by extension 'colcon_meta'
[0.488s] Level 1:colcon.colcon_core.package_identification:_identify(src/courseworks/cw2_world_spawner) by extensions ['ros']
[0.488s] Level 1:colcon.colcon_core.package_identification:_identify(src/courseworks/cw2_world_spawner) by extension 'ros'
[0.489s] DEBUG:colcon.colcon_core.package_identification:Package 'src/courseworks/cw2_world_spawner' with type 'ros.ament_cmake' and name 'cw2_world_spawner'
[0.489s] Level 1:colcon.colcon_core.package_identification:_identify(src/courseworks/panda_description) by extensions ['ignore', 'ignore_ament_install']
[0.489s] Level 1:colcon.colcon_core.package_identification:_identify(src/courseworks/panda_description) by extension 'ignore'
[0.489s] Level 1:colcon.colcon_core.package_identification:_identify(src/courseworks/panda_description) by extension 'ignore_ament_install'
[0.489s] Level 1:colcon.colcon_core.package_identification:_identify(src/courseworks/panda_description) by extensions ['colcon_pkg']
[0.489s] Level 1:colcon.colcon_core.package_identification:_identify(src/courseworks/panda_description) by extension 'colcon_pkg'
[0.489s] Level 1:colcon.colcon_core.package_identification:_identify(src/courseworks/panda_description) by extensions ['colcon_meta']
[0.489s] Level 1:colcon.colcon_core.package_identification:_identify(src/courseworks/panda_description) by extension 'colcon_meta'
[0.489s] Level 1:colcon.colcon_core.package_identification:_identify(src/courseworks/panda_description) by extensions ['ros']
[0.489s] Level 1:colcon.colcon_core.package_identification:_identify(src/courseworks/panda_description) by extension 'ros'
[0.490s] DEBUG:colcon.colcon_core.package_identification:Package 'src/courseworks/panda_description' with type 'ros.ament_cmake' and name 'panda_description'
[0.490s] Level 1:colcon.colcon_core.package_identification:_identify(src/courseworks/panda_moveit_config) by extensions ['ignore', 'ignore_ament_install']
[0.490s] Level 1:colcon.colcon_core.package_identification:_identify(src/courseworks/panda_moveit_config) by extension 'ignore'
[0.490s] Level 1:colcon.colcon_core.package_identification:_identify(src/courseworks/panda_moveit_config) by extension 'ignore_ament_install'
[0.490s] Level 1:colcon.colcon_core.package_identification:_identify(src/courseworks/panda_moveit_config) by extensions ['colcon_pkg']
[0.490s] Level 1:colcon.colcon_core.package_identification:_identify(src/courseworks/panda_moveit_config) by extension 'colcon_pkg'
[0.490s] Level 1:colcon.colcon_core.package_identification:_identify(src/courseworks/panda_moveit_config) by extensions ['colcon_meta']
[0.490s] Level 1:colcon.colcon_core.package_identification:_identify(src/courseworks/panda_moveit_config) by extension 'colcon_meta'
[0.490s] Level 1:colcon.colcon_core.package_identification:_identify(src/courseworks/panda_moveit_config) by extensions ['ros']
[0.490s] Level 1:colcon.colcon_core.package_identification:_identify(src/courseworks/panda_moveit_config) by extension 'ros'
[0.491s] DEBUG:colcon.colcon_core.package_identification:Package 'src/courseworks/panda_moveit_config' with type 'ros.ament_cmake' and name 'panda_moveit_config'
[0.491s] Level 1:colcon.colcon_core.package_identification:_identify(src/courseworks/realsense_gazebo_plugin) by extensions ['ignore', 'ignore_ament_install']
[0.492s] Level 1:colcon.colcon_core.package_identification:_identify(src/courseworks/realsense_gazebo_plugin) by extension 'ignore'
[0.492s] Level 1:colcon.colcon_core.package_identification:_identify(src/courseworks/realsense_gazebo_plugin) by extension 'ignore_ament_install'
[0.492s] Level 1:colcon.colcon_core.package_identification:_identify(src/courseworks/realsense_gazebo_plugin) by extensions ['colcon_pkg']
[0.492s] Level 1:colcon.colcon_core.package_identification:_identify(src/courseworks/realsense_gazebo_plugin) by extension 'colcon_pkg'
[0.492s] Level 1:colcon.colcon_core.package_identification:_identify(src/courseworks/realsense_gazebo_plugin) by extensions ['colcon_meta']
[0.492s] Level 1:colcon.colcon_core.package_identification:_identify(src/courseworks/realsense_gazebo_plugin) by extension 'colcon_meta'
[0.492s] Level 1:colcon.colcon_core.package_identification:_identify(src/courseworks/realsense_gazebo_plugin) by extensions ['ros']
[0.492s] Level 1:colcon.colcon_core.package_identification:_identify(src/courseworks/realsense_gazebo_plugin) by extension 'ros'
[0.493s] DEBUG:colcon.colcon_core.package_identification:Package 'src/courseworks/realsense_gazebo_plugin' with type 'ros.ament_cmake' and name 'realsense_gazebo_plugin'
[0.493s] Level 1:colcon.colcon_core.package_identification:_identify(src/courseworks/rpl_panda_with_rs) by extensions ['ignore', 'ignore_ament_install']
[0.493s] Level 1:colcon.colcon_core.package_identification:_identify(src/courseworks/rpl_panda_with_rs) by extension 'ignore'
[0.493s] Level 1:colcon.colcon_core.package_identification:_identify(src/courseworks/rpl_panda_with_rs) by extension 'ignore_ament_install'
[0.493s] Level 1:colcon.colcon_core.package_identification:_identify(src/courseworks/rpl_panda_with_rs) by extensions ['colcon_pkg']
[0.493s] Level 1:colcon.colcon_core.package_identification:_identify(src/courseworks/rpl_panda_with_rs) by extension 'colcon_pkg'
[0.493s] Level 1:colcon.colcon_core.package_identification:_identify(src/courseworks/rpl_panda_with_rs) by extensions ['colcon_meta']
[0.493s] Level 1:colcon.colcon_core.package_identification:_identify(src/courseworks/rpl_panda_with_rs) by extension 'colcon_meta'
[0.493s] Level 1:colcon.colcon_core.package_identification:_identify(src/courseworks/rpl_panda_with_rs) by extensions ['ros']
[0.493s] Level 1:colcon.colcon_core.package_identification:_identify(src/courseworks/rpl_panda_with_rs) by extension 'ros'
[0.494s] DEBUG:colcon.colcon_core.package_identification:Package 'src/courseworks/rpl_panda_with_rs' with type 'ros.ament_cmake' and name 'rpl_panda_with_rs'
[0.494s] Level 1:colcon.colcon_core.package_discovery:discover_packages(recursive) using defaults
[0.494s] Level 1:colcon.colcon_core.package_discovery:discover_packages(ignore) discover
[0.494s] Level 1:colcon.colcon_core.package_discovery:discover_packages(ignore) using defaults
[0.494s] Level 1:colcon.colcon_core.package_discovery:discover_packages(path) discover
[0.494s] Level 1:colcon.colcon_core.package_discovery:discover_packages(path) using defaults
[0.520s] Level 1:colcon.colcon_core.package_discovery:discover_packages(prefix_path) check parameters
[0.520s] Level 1:colcon.colcon_core.package_discovery:discover_packages(prefix_path) discover
[0.522s] WARNING:colcon.colcon_ros.prefix_path.ament:The path '/home/bizare/Desktop/cw2_team_14/install/rpl_panda_with_rs' in the environment variable AMENT_PREFIX_PATH doesn't exist
[0.523s] WARNING:colcon.colcon_ros.prefix_path.ament:The path '/home/bizare/Desktop/cw2_team_14/install/realsense_gazebo_plugin' in the environment variable AMENT_PREFIX_PATH doesn't exist
[0.523s] WARNING:colcon.colcon_ros.prefix_path.ament:The path '/home/bizare/Desktop/cw2_team_14/install/panda_moveit_config' in the environment variable AMENT_PREFIX_PATH doesn't exist
[0.523s] WARNING:colcon.colcon_ros.prefix_path.ament:The path '/home/bizare/Desktop/cw2_team_14/install/panda_description' in the environment variable AMENT_PREFIX_PATH doesn't exist
[0.523s] WARNING:colcon.colcon_ros.prefix_path.ament:The path '/home/bizare/Desktop/cw2_team_14/install/cw2_team_14' in the environment variable AMENT_PREFIX_PATH doesn't exist
[0.523s] WARNING:colcon.colcon_ros.prefix_path.ament:The path '/home/bizare/Desktop/cw2_team_14/install/cw2_world_spawner' in the environment variable AMENT_PREFIX_PATH doesn't exist
[0.523s] WARNING:colcon.colcon_ros.prefix_path.catkin:The path '/home/bizare/Desktop/cw2_team_14/install/rpl_panda_with_rs' in the environment variable CMAKE_PREFIX_PATH doesn't exist
[0.523s] WARNING:colcon.colcon_ros.prefix_path.catkin:The path '/home/bizare/Desktop/cw2_team_14/install/realsense_gazebo_plugin' in the environment variable CMAKE_PREFIX_PATH doesn't exist
[0.523s] WARNING:colcon.colcon_ros.prefix_path.catkin:The path '/home/bizare/Desktop/cw2_team_14/install/panda_moveit_config' in the environment variable CMAKE_PREFIX_PATH doesn't exist
[0.523s] WARNING:colcon.colcon_ros.prefix_path.catkin:The path '/home/bizare/Desktop/cw2_team_14/install/panda_description' in the environment variable CMAKE_PREFIX_PATH doesn't exist
[0.523s] WARNING:colcon.colcon_ros.prefix_path.catkin:The path '/home/bizare/Desktop/cw2_team_14/install/cw2_team_14' in the environment variable CMAKE_PREFIX_PATH doesn't exist
[0.523s] WARNING:colcon.colcon_ros.prefix_path.catkin:The path '/home/bizare/Desktop/cw2_team_14/install/cw2_world_spawner' in the environment variable CMAKE_PREFIX_PATH doesn't exist
[0.524s] DEBUG:colcon.colcon_installed_package_information.package_discovery:Found 0 installed packages in /home/bizare/Desktop/cw2_team_14/install
[0.525s] DEBUG:colcon.colcon_installed_package_information.package_discovery:Found 375 installed packages in /opt/ros/humble
[0.527s] Level 1:colcon.colcon_core.package_discovery:discover_packages(prefix_path) using defaults
[0.569s] Level 5:colcon.colcon_core.verb:set package 'cw2_world_spawner' build argument 'cmake_args' from command line to 'None'
[0.569s] Level 5:colcon.colcon_core.verb:set package 'cw2_world_spawner' build argument 'cmake_target' from command line to 'None'
[0.569s] Level 5:colcon.colcon_core.verb:set package 'cw2_world_spawner' build argument 'cmake_target_skip_unavailable' from command line to 'False'
[0.569s] Level 5:colcon.colcon_core.verb:set package 'cw2_world_spawner' build argument 'cmake_clean_cache' from command line to 'False'
[0.569s] Level 5:colcon.colcon_core.verb:set package 'cw2_world_spawner' build argument 'cmake_clean_first' from command line to 'False'
[0.569s] Level 5:colcon.colcon_core.verb:set package 'cw2_world_spawner' build argument 'cmake_force_configure' from command line to 'False'
[0.569s] Level 5:colcon.colcon_core.verb:set package 'cw2_world_spawner' build argument 'ament_cmake_args' from command line to 'None'
[0.569s] Level 5:colcon.colcon_core.verb:set package 'cw2_world_spawner' build argument 'catkin_cmake_args' from command line to 'None'
[0.569s] Level 5:colcon.colcon_core.verb:set package 'cw2_world_spawner' build argument 'catkin_skip_building_tests' from command line to 'False'
[0.569s] DEBUG:colcon.colcon_core.verb:Building package 'cw2_world_spawner' with the following arguments: {'ament_cmake_args': None, 'build_base': '/home/bizare/Desktop/cw2_team_14/build/cw2_world_spawner', 'catkin_cmake_args': None, 'catkin_skip_building_tests': False, 'cmake_args': None, 'cmake_clean_cache': False, 'cmake_clean_first': False, 'cmake_force_configure': False, 'cmake_target': None, 'cmake_target_skip_unavailable': False, 'install_base': '/home/bizare/Desktop/cw2_team_14/install/cw2_world_spawner', 'merge_install': False, 'path': '/home/bizare/Desktop/cw2_team_14/src/courseworks/cw2_world_spawner', 'symlink_install': False, 'test_result_base': None}
[0.569s] Level 5:colcon.colcon_core.verb:set package 'panda_description' build argument 'cmake_args' from command line to 'None'
[0.569s] Level 5:colcon.colcon_core.verb:set package 'panda_description' build argument 'cmake_target' from command line to 'None'
[0.570s] Level 5:colcon.colcon_core.verb:set package 'panda_description' build argument 'cmake_target_skip_unavailable' from command line to 'False'
[0.570s] Level 5:colcon.colcon_core.verb:set package 'panda_description' build argument 'cmake_clean_cache' from command line to 'False'
[0.570s] Level 5:colcon.colcon_core.verb:set package 'panda_description' build argument 'cmake_clean_first' from command line to 'False'
[0.570s] Level 5:colcon.colcon_core.verb:set package 'panda_description' build argument 'cmake_force_configure' from command line to 'False'
[0.570s] Level 5:colcon.colcon_core.verb:set package 'panda_description' build argument 'ament_cmake_args' from command line to 'None'
[0.570s] Level 5:colcon.colcon_core.verb:set package 'panda_description' build argument 'catkin_cmake_args' from command line to 'None'
[0.570s] Level 5:colcon.colcon_core.verb:set package 'panda_description' build argument 'catkin_skip_building_tests' from command line to 'False'
[0.570s] DEBUG:colcon.colcon_core.verb:Building package 'panda_description' with the following arguments: {'ament_cmake_args': None, 'build_base': '/home/bizare/Desktop/cw2_team_14/build/panda_description', 'catkin_cmake_args': None, 'catkin_skip_building_tests': False, 'cmake_args': None, 'cmake_clean_cache': False, 'cmake_clean_first': False, 'cmake_force_configure': False, 'cmake_target': None, 'cmake_target_skip_unavailable': False, 'install_base': '/home/bizare/Desktop/cw2_team_14/install/panda_description', 'merge_install': False, 'path': '/home/bizare/Desktop/cw2_team_14/src/courseworks/panda_description', 'symlink_install': False, 'test_result_base': None}
[0.570s] Level 5:colcon.colcon_core.verb:set package 'panda_moveit_config' build argument 'cmake_args' from command line to 'None'
[0.570s] Level 5:colcon.colcon_core.verb:set package 'panda_moveit_config' build argument 'cmake_target' from command line to 'None'
[0.570s] Level 5:colcon.colcon_core.verb:set package 'panda_moveit_config' build argument 'cmake_target_skip_unavailable' from command line to 'False'
[0.570s] Level 5:colcon.colcon_core.verb:set package 'panda_moveit_config' build argument 'cmake_clean_cache' from command line to 'False'
[0.570s] Level 5:colcon.colcon_core.verb:set package 'panda_moveit_config' build argument 'cmake_clean_first' from command line to 'False'
[0.570s] Level 5:colcon.colcon_core.verb:set package 'panda_moveit_config' build argument 'cmake_force_configure' from command line to 'False'
[0.570s] Level 5:colcon.colcon_core.verb:set package 'panda_moveit_config' build argument 'ament_cmake_args' from command line to 'None'
[0.570s] Level 5:colcon.colcon_core.verb:set package 'panda_moveit_config' build argument 'catkin_cmake_args' from command line to 'None'
[0.570s] Level 5:colcon.colcon_core.verb:set package 'panda_moveit_config' build argument 'catkin_skip_building_tests' from command line to 'False'
[0.570s] DEBUG:colcon.colcon_core.verb:Building package 'panda_moveit_config' with the following arguments: {'ament_cmake_args': None, 'build_base': '/home/bizare/Desktop/cw2_team_14/build/panda_moveit_config', 'catkin_cmake_args': None, 'catkin_skip_building_tests': False, 'cmake_args': None, 'cmake_clean_cache': False, 'cmake_clean_first': False, 'cmake_force_configure': False, 'cmake_target': None, 'cmake_target_skip_unavailable': False, 'install_base': '/home/bizare/Desktop/cw2_team_14/install/panda_moveit_config', 'merge_install': False, 'path': '/home/bizare/Desktop/cw2_team_14/src/courseworks/panda_moveit_config', 'symlink_install': False, 'test_result_base': None}
[0.570s] Level 5:colcon.colcon_core.verb:set package 'realsense_gazebo_plugin' build argument 'cmake_args' from command line to 'None'
[0.570s] Level 5:colcon.colcon_core.verb:set package 'realsense_gazebo_plugin' build argument 'cmake_target' from command line to 'None'
[0.570s] Level 5:colcon.colcon_core.verb:set package 'realsense_gazebo_plugin' build argument 'cmake_target_skip_unavailable' from command line to 'False'
[0.570s] Level 5:colcon.colcon_core.verb:set package 'realsense_gazebo_plugin' build argument 'cmake_clean_cache' from command line to 'False'
[0.571s] Level 5:colcon.colcon_core.verb:set package 'realsense_gazebo_plugin' build argument 'cmake_clean_first' from command line to 'False'
[0.571s] Level 5:colcon.colcon_core.verb:set package 'realsense_gazebo_plugin' build argument 'cmake_force_configure' from command line to 'False'
[0.571s] Level 5:colcon.colcon_core.verb:set package 'realsense_gazebo_plugin' build argument 'ament_cmake_args' from command line to 'None'
[0.571s] Level 5:colcon.colcon_core.verb:set package 'realsense_gazebo_plugin' build argument 'catkin_cmake_args' from command line to 'None'
[0.571s] Level 5:colcon.colcon_core.verb:set package 'realsense_gazebo_plugin' build argument 'catkin_skip_building_tests' from command line to 'False'
[0.571s] DEBUG:colcon.colcon_core.verb:Building package 'realsense_gazebo_plugin' with the following arguments: {'ament_cmake_args': None, 'build_base': '/home/bizare/Desktop/cw2_team_14/build/realsense_gazebo_plugin', 'catkin_cmake_args': None, 'catkin_skip_building_tests': False, 'cmake_args': None, 'cmake_clean_cache': False, 'cmake_clean_first': False, 'cmake_force_configure': False, 'cmake_target': None, 'cmake_target_skip_unavailable': False, 'install_base': '/home/bizare/Desktop/cw2_team_14/install/realsense_gazebo_plugin', 'merge_install': False, 'path': '/home/bizare/Desktop/cw2_team_14/src/courseworks/realsense_gazebo_plugin', 'symlink_install': False, 'test_result_base': None}
[0.571s] Level 5:colcon.colcon_core.verb:set package 'cw2_team_14' build argument 'cmake_args' from command line to 'None'
[0.571s] Level 5:colcon.colcon_core.verb:set package 'cw2_team_14' build argument 'cmake_target' from command line to 'None'
[0.571s] Level 5:colcon.colcon_core.verb:set package 'cw2_team_14' build argument 'cmake_target_skip_unavailable' from command line to 'False'
[0.571s] Level 5:colcon.colcon_core.verb:set package 'cw2_team_14' build argument 'cmake_clean_cache' from command line to 'False'
[0.571s] Level 5:colcon.colcon_core.verb:set package 'cw2_team_14' build argument 'cmake_clean_first' from command line to 'False'
[0.571s] Level 5:colcon.colcon_core.verb:set package 'cw2_team_14' build argument 'cmake_force_configure' from command line to 'False'
[0.571s] Level 5:colcon.colcon_core.verb:set package 'cw2_team_14' build argument 'ament_cmake_args' from command line to 'None'
[0.571s] Level 5:colcon.colcon_core.verb:set package 'cw2_team_14' build argument 'catkin_cmake_args' from command line to 'None'
[0.571s] Level 5:colcon.colcon_core.verb:set package 'cw2_team_14' build argument 'catkin_skip_building_tests' from command line to 'False'
[0.571s] DEBUG:colcon.colcon_core.verb:Building package 'cw2_team_14' with the following arguments: {'ament_cmake_args': None, 'build_base': '/home/bizare/Desktop/cw2_team_14/build/cw2_team_14', 'catkin_cmake_args': None, 'catkin_skip_building_tests': False, 'cmake_args': None, 'cmake_clean_cache': False, 'cmake_clean_first': False, 'cmake_force_configure': False, 'cmake_target': None, 'cmake_target_skip_unavailable': False, 'install_base': '/home/bizare/Desktop/cw2_team_14/install/cw2_team_14', 'merge_install': False, 'path': '/home/bizare/Desktop/cw2_team_14/src/courseworks/cw2_team_14', 'symlink_install': False, 'test_result_base': None}
[0.571s] Level 5:colcon.colcon_core.verb:set package 'rpl_panda_with_rs' build argument 'cmake_args' from command line to 'None'
[0.571s] Level 5:colcon.colcon_core.verb:set package 'rpl_panda_with_rs' build argument 'cmake_target' from command line to 'None'
[0.571s] Level 5:colcon.colcon_core.verb:set package 'rpl_panda_with_rs' build argument 'cmake_target_skip_unavailable' from command line to 'False'
[0.571s] Level 5:colcon.colcon_core.verb:set package 'rpl_panda_with_rs' build argument 'cmake_clean_cache' from command line to 'False'
[0.571s] Level 5:colcon.colcon_core.verb:set package 'rpl_panda_with_rs' build argument 'cmake_clean_first' from command line to 'False'
[0.571s] Level 5:colcon.colcon_core.verb:set package 'rpl_panda_with_rs' build argument 'cmake_force_configure' from command line to 'False'
[0.572s] Level 5:colcon.colcon_core.verb:set package 'rpl_panda_with_rs' build argument 'ament_cmake_args' from command line to 'None'
[0.572s] Level 5:colcon.colcon_core.verb:set package 'rpl_panda_with_rs' build argument 'catkin_cmake_args' from command line to 'None'
[0.572s] Level 5:colcon.colcon_core.verb:set package 'rpl_panda_with_rs' build argument 'catkin_skip_building_tests' from command line to 'False'
[0.572s] DEBUG:colcon.colcon_core.verb:Building package 'rpl_panda_with_rs' with the following arguments: {'ament_cmake_args': None, 'build_base': '/home/bizare/Desktop/cw2_team_14/build/rpl_panda_with_rs', 'catkin_cmake_args': None, 'catkin_skip_building_tests': False, 'cmake_args': None, 'cmake_clean_cache': False, 'cmake_clean_first': False, 'cmake_force_configure': False, 'cmake_target': None, 'cmake_target_skip_unavailable': False, 'install_base': '/home/bizare/Desktop/cw2_team_14/install/rpl_panda_with_rs', 'merge_install': False, 'path': '/home/bizare/Desktop/cw2_team_14/src/courseworks/rpl_panda_with_rs', 'symlink_install': False, 'test_result_base': None}
[0.572s] INFO:colcon.colcon_core.executor:Executing jobs using 'parallel' executor
[0.573s] DEBUG:colcon.colcon_parallel_executor.executor.parallel:run_until_complete
[0.573s] INFO:colcon.colcon_ros.task.ament_cmake.build:Building ROS package in '/home/bizare/Desktop/cw2_team_14/src/courseworks/cw2_world_spawner' with build type 'ament_cmake'
[0.573s] INFO:colcon.colcon_cmake.task.cmake.build:Building CMake package in '/home/bizare/Desktop/cw2_team_14/src/courseworks/cw2_world_spawner'
[0.578s] INFO:colcon.colcon_core.plugin_system:Skipping extension 'colcon_core.shell.bat': Not used on non-Windows systems
[0.578s] INFO:colcon.colcon_core.shell:Skip shell extension 'powershell' for command environment: Not usable outside of PowerShell
[0.578s] DEBUG:colcon.colcon_core.shell:Skip shell extension 'dsv' for command environment
[0.581s] INFO:colcon.colcon_ros.task.ament_cmake.build:Building ROS package in '/home/bizare/Desktop/cw2_team_14/src/courseworks/panda_moveit_config' with build type 'ament_cmake'
[0.581s] INFO:colcon.colcon_cmake.task.cmake.build:Building CMake package in '/home/bizare/Desktop/cw2_team_14/src/courseworks/panda_moveit_config'
[0.581s] INFO:colcon.colcon_core.shell:Skip shell extension 'powershell' for command environment: Not usable outside of PowerShell
[0.582s] DEBUG:colcon.colcon_core.shell:Skip shell extension 'dsv' for command environment
[0.588s] DEBUG:colcon.colcon_core.event_handler.log_command:Invoking command in '/home/bizare/Desktop/cw2_team_14/build/panda_moveit_config': CMAKE_PREFIX_PATH=${CMAKE_PREFIX_PATH}:/opt/ros/humble /usr/bin/cmake /home/bizare/Desktop/cw2_team_14/src/courseworks/panda_moveit_config -DCMAKE_INSTALL_PREFIX=/home/bizare/Desktop/cw2_team_14/install/panda_moveit_config
[0.595s] DEBUG:colcon.colcon_core.event_handler.log_command:Invoking command in '/home/bizare/Desktop/cw2_team_14/build/cw2_world_spawner': CMAKE_PREFIX_PATH=${CMAKE_PREFIX_PATH}:/opt/ros/humble /usr/bin/cmake /home/bizare/Desktop/cw2_team_14/src/courseworks/cw2_world_spawner -DCMAKE_INSTALL_PREFIX=/home/bizare/Desktop/cw2_team_14/install/cw2_world_spawner
[1.439s] DEBUG:colcon.colcon_core.event_handler.log_command:Invoked command in '/home/bizare/Desktop/cw2_team_14/build/panda_moveit_config' returned '0': CMAKE_PREFIX_PATH=${CMAKE_PREFIX_PATH}:/opt/ros/humble /usr/bin/cmake /home/bizare/Desktop/cw2_team_14/src/courseworks/panda_moveit_config -DCMAKE_INSTALL_PREFIX=/home/bizare/Desktop/cw2_team_14/install/panda_moveit_config
[1.439s] DEBUG:colcon.colcon_core.event_handler.log_command:Invoking command in '/home/bizare/Desktop/cw2_team_14/build/panda_moveit_config': CMAKE_PREFIX_PATH=${CMAKE_PREFIX_PATH}:/opt/ros/humble /usr/bin/cmake --build /home/bizare/Desktop/cw2_team_14/build/panda_moveit_config -- -j2 -l2
[1.477s] DEBUG:colcon.colcon_core.event_handler.log_command:Invoked command in '/home/bizare/Desktop/cw2_team_14/build/panda_moveit_config' returned '0': CMAKE_PREFIX_PATH=${CMAKE_PREFIX_PATH}:/opt/ros/humble /usr/bin/cmake --build /home/bizare/Desktop/cw2_team_14/build/panda_moveit_config -- -j2 -l2
[1.483s] DEBUG:colcon.colcon_core.event_handler.log_command:Invoking command in '/home/bizare/Desktop/cw2_team_14/build/panda_moveit_config': CMAKE_PREFIX_PATH=${CMAKE_PREFIX_PATH}:/opt/ros/humble /usr/bin/cmake --install /home/bizare/Desktop/cw2_team_14/build/panda_moveit_config
[1.517s] Level 1:colcon.colcon_core.environment:create_environment_scripts_only(panda_moveit_config)
[1.518s] DEBUG:colcon.colcon_core.event_handler.log_command:Invoked command in '/home/bizare/Desktop/cw2_team_14/build/panda_moveit_config' returned '0': CMAKE_PREFIX_PATH=${CMAKE_PREFIX_PATH}:/opt/ros/humble /usr/bin/cmake --install /home/bizare/Desktop/cw2_team_14/build/panda_moveit_config
[1.523s] Level 1:colcon.colcon_core.environment:checking '/home/bizare/Desktop/cw2_team_14/install/panda_moveit_config' for CMake module files
[1.523s] Level 1:colcon.colcon_core.environment:checking '/home/bizare/Desktop/cw2_team_14/install/panda_moveit_config' for CMake config files
[1.523s] Level 1:colcon.colcon_core.shell:create_environment_hook('panda_moveit_config', 'cmake_prefix_path')
[1.523s] INFO:colcon.colcon_core.shell:Creating environment hook '/home/bizare/Desktop/cw2_team_14/install/panda_moveit_config/share/panda_moveit_config/hook/cmake_prefix_path.ps1'
[1.524s] INFO:colcon.colcon_core.shell:Creating environment descriptor '/home/bizare/Desktop/cw2_team_14/install/panda_moveit_config/share/panda_moveit_config/hook/cmake_prefix_path.dsv'
[1.525s] INFO:colcon.colcon_core.shell:Creating environment hook '/home/bizare/Desktop/cw2_team_14/install/panda_moveit_config/share/panda_moveit_config/hook/cmake_prefix_path.sh'
[1.526s] Level 1:colcon.colcon_core.environment:checking '/home/bizare/Desktop/cw2_team_14/install/panda_moveit_config/bin'
[1.526s] Level 1:colcon.colcon_core.environment:checking '/home/bizare/Desktop/cw2_team_14/install/panda_moveit_config/lib/pkgconfig/panda_moveit_config.pc'
[1.526s] Level 1:colcon.colcon_core.environment:checking '/home/bizare/Desktop/cw2_team_14/install/panda_moveit_config/lib/python3.10/site-packages'
[1.527s] Level 1:colcon.colcon_core.environment:checking '/home/bizare/Desktop/cw2_team_14/install/panda_moveit_config/bin'
[1.527s] INFO:colcon.colcon_core.shell:Creating package script '/home/bizare/Desktop/cw2_team_14/install/panda_moveit_config/share/panda_moveit_config/package.ps1'
[1.528s] INFO:colcon.colcon_core.shell:Creating package descriptor '/home/bizare/Desktop/cw2_team_14/install/panda_moveit_config/share/panda_moveit_config/package.dsv'
[1.529s] INFO:colcon.colcon_core.shell:Creating package script '/home/bizare/Desktop/cw2_team_14/install/panda_moveit_config/share/panda_moveit_config/package.sh'
[1.530s] INFO:colcon.colcon_core.shell:Creating package script '/home/bizare/Desktop/cw2_team_14/install/panda_moveit_config/share/panda_moveit_config/package.bash'
[1.531s] INFO:colcon.colcon_core.shell:Creating package script '/home/bizare/Desktop/cw2_team_14/install/panda_moveit_config/share/panda_moveit_config/package.zsh'
[1.532s] Level 1:colcon.colcon_core.environment:create_file_with_runtime_dependencies(/home/bizare/Desktop/cw2_team_14/install/panda_moveit_config/share/colcon-core/packages/panda_moveit_config)
[1.533s] Level 1:colcon.colcon_core.environment:create_environment_scripts_only(panda_moveit_config)
[1.533s] Level 1:colcon.colcon_core.environment:checking '/home/bizare/Desktop/cw2_team_14/install/panda_moveit_config' for CMake module files
[1.533s] Level 1:colcon.colcon_core.environment:checking '/home/bizare/Desktop/cw2_team_14/install/panda_moveit_config' for CMake config files
[1.533s] Level 1:colcon.colcon_core.shell:create_environment_hook('panda_moveit_config', 'cmake_prefix_path')
[1.534s] INFO:colcon.colcon_core.shell:Creating environment hook '/home/bizare/Desktop/cw2_team_14/install/panda_moveit_config/share/panda_moveit_config/hook/cmake_prefix_path.ps1'
[1.534s] INFO:colcon.colcon_core.shell:Creating environment descriptor '/home/bizare/Desktop/cw2_team_14/install/panda_moveit_config/share/panda_moveit_config/hook/cmake_prefix_path.dsv'
[1.535s] INFO:colcon.colcon_core.shell:Creating environment hook '/home/bizare/Desktop/cw2_team_14/install/panda_moveit_config/share/panda_moveit_config/hook/cmake_prefix_path.sh'
[1.535s] Level 1:colcon.colcon_core.environment:checking '/home/bizare/Desktop/cw2_team_14/install/panda_moveit_config/bin'
[1.536s] Level 1:colcon.colcon_core.environment:checking '/home/bizare/Desktop/cw2_team_14/install/panda_moveit_config/lib/pkgconfig/panda_moveit_config.pc'
[1.536s] Level 1:colcon.colcon_core.environment:checking '/home/bizare/Desktop/cw2_team_14/install/panda_moveit_config/lib/python3.10/site-packages'
[1.536s] Level 1:colcon.colcon_core.environment:checking '/home/bizare/Desktop/cw2_team_14/install/panda_moveit_config/bin'
[1.537s] INFO:colcon.colcon_core.shell:Creating package script '/home/bizare/Desktop/cw2_team_14/install/panda_moveit_config/share/panda_moveit_config/package.ps1'
[1.537s] INFO:colcon.colcon_core.shell:Creating package descriptor '/home/bizare/Desktop/cw2_team_14/install/panda_moveit_config/share/panda_moveit_config/package.dsv'
[1.538s] INFO:colcon.colcon_core.shell:Creating package script '/home/bizare/Desktop/cw2_team_14/install/panda_moveit_config/share/panda_moveit_config/package.sh'
[1.538s] INFO:colcon.colcon_core.shell:Creating package script '/home/bizare/Desktop/cw2_team_14/install/panda_moveit_config/share/panda_moveit_config/package.bash'
[1.539s] INFO:colcon.colcon_core.shell:Creating package script '/home/bizare/Desktop/cw2_team_14/install/panda_moveit_config/share/panda_moveit_config/package.zsh'
[1.539s] Level 1:colcon.colcon_core.environment:create_file_with_runtime_dependencies(/home/bizare/Desktop/cw2_team_14/install/panda_moveit_config/share/colcon-core/packages/panda_moveit_config)
[1.540s] INFO:colcon.colcon_ros.task.ament_cmake.build:Building ROS package in '/home/bizare/Desktop/cw2_team_14/src/courseworks/realsense_gazebo_plugin' with build type 'ament_cmake'
[1.540s] INFO:colcon.colcon_cmake.task.cmake.build:Building CMake package in '/home/bizare/Desktop/cw2_team_14/src/courseworks/realsense_gazebo_plugin'
[1.540s] INFO:colcon.colcon_core.shell:Skip shell extension 'powershell' for command environment: Not usable outside of PowerShell
[1.540s] DEBUG:colcon.colcon_core.shell:Skip shell extension 'dsv' for command environment
[1.549s] DEBUG:colcon.colcon_core.event_handler.log_command:Invoking command in '/home/bizare/Desktop/cw2_team_14/build/realsense_gazebo_plugin': CMAKE_PREFIX_PATH=${CMAKE_PREFIX_PATH}:/opt/ros/humble /usr/bin/cmake /home/bizare/Desktop/cw2_team_14/src/courseworks/realsense_gazebo_plugin -DCMAKE_INSTALL_PREFIX=/home/bizare/Desktop/cw2_team_14/install/realsense_gazebo_plugin
[2.940s] DEBUG:colcon.colcon_core.event_handler.log_command:Invoked command in '/home/bizare/Desktop/cw2_team_14/build/cw2_world_spawner' returned '0': CMAKE_PREFIX_PATH=${CMAKE_PREFIX_PATH}:/opt/ros/humble /usr/bin/cmake /home/bizare/Desktop/cw2_team_14/src/courseworks/cw2_world_spawner -DCMAKE_INSTALL_PREFIX=/home/bizare/Desktop/cw2_team_14/install/cw2_world_spawner
[2.940s] DEBUG:colcon.colcon_core.event_handler.log_command:Invoking command in '/home/bizare/Desktop/cw2_team_14/build/cw2_world_spawner': CMAKE_PREFIX_PATH=${CMAKE_PREFIX_PATH}:/opt/ros/humble /usr/bin/cmake --build /home/bizare/Desktop/cw2_team_14/build/cw2_world_spawner -- -j2 -l2
[4.381s] DEBUG:colcon.colcon_core.event_handler.log_command:Invoked command in '/home/bizare/Desktop/cw2_team_14/build/realsense_gazebo_plugin' returned '0': CMAKE_PREFIX_PATH=${CMAKE_PREFIX_PATH}:/opt/ros/humble /usr/bin/cmake /home/bizare/Desktop/cw2_team_14/src/courseworks/realsense_gazebo_plugin -DCMAKE_INSTALL_PREFIX=/home/bizare/Desktop/cw2_team_14/install/realsense_gazebo_plugin
[4.384s] DEBUG:colcon.colcon_core.event_handler.log_command:Invoking command in '/home/bizare/Desktop/cw2_team_14/build/realsense_gazebo_plugin': CMAKE_PREFIX_PATH=${CMAKE_PREFIX_PATH}:/opt/ros/humble /usr/bin/cmake --build /home/bizare/Desktop/cw2_team_14/build/realsense_gazebo_plugin -- -j2 -l2
[22.194s] DEBUG:colcon.colcon_core.event_handler.log_command:Invoked command in '/home/bizare/Desktop/cw2_team_14/build/cw2_world_spawner' returned '0': CMAKE_PREFIX_PATH=${CMAKE_PREFIX_PATH}:/opt/ros/humble /usr/bin/cmake --build /home/bizare/Desktop/cw2_team_14/build/cw2_world_spawner -- -j2 -l2
[22.194s] DEBUG:colcon.colcon_core.event_handler.log_command:Invoking command in '/home/bizare/Desktop/cw2_team_14/build/cw2_world_spawner': CMAKE_PREFIX_PATH=${CMAKE_PREFIX_PATH}:/opt/ros/humble /usr/bin/cmake --install /home/bizare/Desktop/cw2_team_14/build/cw2_world_spawner
[22.530s] Level 1:colcon.colcon_core.environment:create_environment_scripts_only(cw2_world_spawner)
[22.531s] Level 1:colcon.colcon_core.environment:checking '/home/bizare/Desktop/cw2_team_14/install/cw2_world_spawner' for CMake module files
[22.531s] Level 1:colcon.colcon_core.environment:checking '/home/bizare/Desktop/cw2_team_14/install/cw2_world_spawner' for CMake config files
[22.532s] Level 1:colcon.colcon_core.shell:create_environment_hook('cw2_world_spawner', 'cmake_prefix_path')
[22.530s] DEBUG:colcon.colcon_core.event_handler.log_command:Invoked command in '/home/bizare/Desktop/cw2_team_14/build/cw2_world_spawner' returned '0': CMAKE_PREFIX_PATH=${CMAKE_PREFIX_PATH}:/opt/ros/humble /usr/bin/cmake --install /home/bizare/Desktop/cw2_team_14/build/cw2_world_spawner
[22.538s] INFO:colcon.colcon_core.shell:Creating environment hook '/home/bizare/Desktop/cw2_team_14/install/cw2_world_spawner/share/cw2_world_spawner/hook/cmake_prefix_path.ps1'
[22.542s] INFO:colcon.colcon_core.shell:Creating environment descriptor '/home/bizare/Desktop/cw2_team_14/install/cw2_world_spawner/share/cw2_world_spawner/hook/cmake_prefix_path.dsv'
[22.542s] INFO:colcon.colcon_core.shell:Creating environment hook '/home/bizare/Desktop/cw2_team_14/install/cw2_world_spawner/share/cw2_world_spawner/hook/cmake_prefix_path.sh'
[22.544s] Level 1:colcon.colcon_core.environment:checking '/home/bizare/Desktop/cw2_team_14/install/cw2_world_spawner/lib'
[22.544s] Level 1:colcon.colcon_core.shell:create_environment_hook('cw2_world_spawner', 'ld_library_path_lib')
[22.544s] INFO:colcon.colcon_core.shell:Creating environment hook '/home/bizare/Desktop/cw2_team_14/install/cw2_world_spawner/share/cw2_world_spawner/hook/ld_library_path_lib.ps1'
[22.550s] INFO:colcon.colcon_core.shell:Creating environment descriptor '/home/bizare/Desktop/cw2_team_14/install/cw2_world_spawner/share/cw2_world_spawner/hook/ld_library_path_lib.dsv'
[22.551s] INFO:colcon.colcon_core.shell:Creating environment hook '/home/bizare/Desktop/cw2_team_14/install/cw2_world_spawner/share/cw2_world_spawner/hook/ld_library_path_lib.sh'
[22.551s] Level 1:colcon.colcon_core.environment:checking '/home/bizare/Desktop/cw2_team_14/install/cw2_world_spawner/bin'
[22.551s] Level 1:colcon.colcon_core.environment:checking '/home/bizare/Desktop/cw2_team_14/install/cw2_world_spawner/lib/pkgconfig/cw2_world_spawner.pc'
[22.551s] Level 1:colcon.colcon_core.environment:checking '/home/bizare/Desktop/cw2_team_14/install/cw2_world_spawner/lib/python3.10/site-packages'
[22.552s] Level 1:colcon.colcon_core.environment:checking '/home/bizare/Desktop/cw2_team_14/install/cw2_world_spawner/bin'
[22.558s] INFO:colcon.colcon_core.shell:Creating package script '/home/bizare/Desktop/cw2_team_14/install/cw2_world_spawner/share/cw2_world_spawner/package.ps1'
[22.559s] INFO:colcon.colcon_core.shell:Creating package descriptor '/home/bizare/Desktop/cw2_team_14/install/cw2_world_spawner/share/cw2_world_spawner/package.dsv'
[22.561s] INFO:colcon.colcon_core.shell:Creating package script '/home/bizare/Desktop/cw2_team_14/install/cw2_world_spawner/share/cw2_world_spawner/package.sh'
[22.561s] INFO:colcon.colcon_core.shell:Creating package script '/home/bizare/Desktop/cw2_team_14/install/cw2_world_spawner/share/cw2_world_spawner/package.bash'
[22.565s] INFO:colcon.colcon_core.shell:Creating package script '/home/bizare/Desktop/cw2_team_14/install/cw2_world_spawner/share/cw2_world_spawner/package.zsh'
[22.566s] Level 1:colcon.colcon_core.environment:create_file_with_runtime_dependencies(/home/bizare/Desktop/cw2_team_14/install/cw2_world_spawner/share/colcon-core/packages/cw2_world_spawner)
[22.566s] Level 1:colcon.colcon_core.environment:create_environment_scripts_only(cw2_world_spawner)
[22.566s] Level 1:colcon.colcon_core.environment:checking '/home/bizare/Desktop/cw2_team_14/install/cw2_world_spawner' for CMake module files
[22.567s] Level 1:colcon.colcon_core.environment:checking '/home/bizare/Desktop/cw2_team_14/install/cw2_world_spawner' for CMake config files
[22.574s] Level 1:colcon.colcon_core.shell:create_environment_hook('cw2_world_spawner', 'cmake_prefix_path')
[22.574s] INFO:colcon.colcon_core.shell:Creating environment hook '/home/bizare/Desktop/cw2_team_14/install/cw2_world_spawner/share/cw2_world_spawner/hook/cmake_prefix_path.ps1'
[22.574s] INFO:colcon.colcon_core.shell:Creating environment descriptor '/home/bizare/Desktop/cw2_team_14/install/cw2_world_spawner/share/cw2_world_spawner/hook/cmake_prefix_path.dsv'
[22.576s] INFO:colcon.colcon_core.shell:Creating environment hook '/home/bizare/Desktop/cw2_team_14/install/cw2_world_spawner/share/cw2_world_spawner/hook/cmake_prefix_path.sh'
[22.581s] Level 1:colcon.colcon_core.environment:checking '/home/bizare/Desktop/cw2_team_14/install/cw2_world_spawner/lib'
[22.582s] Level 1:colcon.colcon_core.shell:create_environment_hook('cw2_world_spawner', 'ld_library_path_lib')
[22.582s] INFO:colcon.colcon_core.shell:Creating environment hook '/home/bizare/Desktop/cw2_team_14/install/cw2_world_spawner/share/cw2_world_spawner/hook/ld_library_path_lib.ps1'
[22.582s] INFO:colcon.colcon_core.shell:Creating environment descriptor '/home/bizare/Desktop/cw2_team_14/install/cw2_world_spawner/share/cw2_world_spawner/hook/ld_library_path_lib.dsv'
[22.584s] INFO:colcon.colcon_core.shell:Creating environment hook '/home/bizare/Desktop/cw2_team_14/install/cw2_world_spawner/share/cw2_world_spawner/hook/ld_library_path_lib.sh'
[22.585s] Level 1:colcon.colcon_core.environment:checking '/home/bizare/Desktop/cw2_team_14/install/cw2_world_spawner/bin'
[22.585s] Level 1:colcon.colcon_core.environment:checking '/home/bizare/Desktop/cw2_team_14/install/cw2_world_spawner/lib/pkgconfig/cw2_world_spawner.pc'
[22.591s] Level 1:colcon.colcon_core.environment:checking '/home/bizare/Desktop/cw2_team_14/install/cw2_world_spawner/lib/python3.10/site-packages'
[22.591s] Level 1:colcon.colcon_core.environment:checking '/home/bizare/Desktop/cw2_team_14/install/cw2_world_spawner/bin'
[22.592s] INFO:colcon.colcon_core.shell:Creating package script '/home/bizare/Desktop/cw2_team_14/install/cw2_world_spawner/share/cw2_world_spawner/package.ps1'
[22.596s] INFO:colcon.colcon_core.shell:Creating package descriptor '/home/bizare/Desktop/cw2_team_14/install/cw2_world_spawner/share/cw2_world_spawner/package.dsv'
[22.596s] INFO:colcon.colcon_core.shell:Creating package script '/home/bizare/Desktop/cw2_team_14/install/cw2_world_spawner/share/cw2_world_spawner/package.sh'
[22.597s] INFO:colcon.colcon_core.shell:Creating package script '/home/bizare/Desktop/cw2_team_14/install/cw2_world_spawner/share/cw2_world_spawner/package.bash'
[22.598s] INFO:colcon.colcon_core.shell:Creating package script '/home/bizare/Desktop/cw2_team_14/install/cw2_world_spawner/share/cw2_world_spawner/package.zsh'
[22.598s] Level 1:colcon.colcon_core.environment:create_file_with_runtime_dependencies(/home/bizare/Desktop/cw2_team_14/install/cw2_world_spawner/share/colcon-core/packages/cw2_world_spawner)
[22.600s] INFO:colcon.colcon_ros.task.ament_cmake.build:Building ROS package in '/home/bizare/Desktop/cw2_team_14/src/courseworks/panda_description' with build type 'ament_cmake'
[22.600s] INFO:colcon.colcon_cmake.task.cmake.build:Building CMake package in '/home/bizare/Desktop/cw2_team_14/src/courseworks/panda_description'
[22.601s] INFO:colcon.colcon_core.shell:Skip shell extension 'powershell' for command environment: Not usable outside of PowerShell
[22.601s] DEBUG:colcon.colcon_core.shell:Skip shell extension 'dsv' for command environment
[22.621s] DEBUG:colcon.colcon_core.event_handler.log_command:Invoking command in '/home/bizare/Desktop/cw2_team_14/build/panda_description': CMAKE_PREFIX_PATH=${CMAKE_PREFIX_PATH}:/opt/ros/humble /usr/bin/cmake /home/bizare/Desktop/cw2_team_14/src/courseworks/panda_description -DCMAKE_INSTALL_PREFIX=/home/bizare/Desktop/cw2_team_14/install/panda_description
[24.349s] DEBUG:colcon.colcon_core.event_handler.log_command:Invoked command in '/home/bizare/Desktop/cw2_team_14/build/panda_description' returned '0': CMAKE_PREFIX_PATH=${CMAKE_PREFIX_PATH}:/opt/ros/humble /usr/bin/cmake /home/bizare/Desktop/cw2_team_14/src/courseworks/panda_description -DCMAKE_INSTALL_PREFIX=/home/bizare/Desktop/cw2_team_14/install/panda_description
[24.350s] DEBUG:colcon.colcon_core.event_handler.log_command:Invoking command in '/home/bizare/Desktop/cw2_team_14/build/panda_description': CMAKE_PREFIX_PATH=${CMAKE_PREFIX_PATH}:/opt/ros/humble /usr/bin/cmake --build /home/bizare/Desktop/cw2_team_14/build/panda_description -- -j2 -l2
[24.466s] DEBUG:colcon.colcon_core.event_handler.log_command:Invoked command in '/home/bizare/Desktop/cw2_team_14/build/panda_description' returned '0': CMAKE_PREFIX_PATH=${CMAKE_PREFIX_PATH}:/opt/ros/humble /usr/bin/cmake --build /home/bizare/Desktop/cw2_team_14/build/panda_description -- -j2 -l2
[24.467s] DEBUG:colcon.colcon_core.event_handler.log_command:Invoking command in '/home/bizare/Desktop/cw2_team_14/build/panda_description': CMAKE_PREFIX_PATH=${CMAKE_PREFIX_PATH}:/opt/ros/humble /usr/bin/cmake --install /home/bizare/Desktop/cw2_team_14/build/panda_description
[24.574s] Level 1:colcon.colcon_core.environment:create_environment_scripts_only(panda_description)
[24.574s] Level 1:colcon.colcon_core.environment:checking '/home/bizare/Desktop/cw2_team_14/install/panda_description' for CMake module files
[24.574s] DEBUG:colcon.colcon_core.event_handler.log_command:Invoked command in '/home/bizare/Desktop/cw2_team_14/build/panda_description' returned '0': CMAKE_PREFIX_PATH=${CMAKE_PREFIX_PATH}:/opt/ros/humble /usr/bin/cmake --install /home/bizare/Desktop/cw2_team_14/build/panda_description
[24.575s] Level 1:colcon.colcon_core.environment:checking '/home/bizare/Desktop/cw2_team_14/install/panda_description' for CMake config files
[24.575s] Level 1:colcon.colcon_core.shell:create_environment_hook('panda_description', 'cmake_prefix_path')
[24.575s] INFO:colcon.colcon_core.shell:Creating environment hook '/home/bizare/Desktop/cw2_team_14/install/panda_description/share/panda_description/hook/cmake_prefix_path.ps1'
[24.576s] INFO:colcon.colcon_core.shell:Creating environment descriptor '/home/bizare/Desktop/cw2_team_14/install/panda_description/share/panda_description/hook/cmake_prefix_path.dsv'
[24.581s] INFO:colcon.colcon_core.shell:Creating environment hook '/home/bizare/Desktop/cw2_team_14/install/panda_description/share/panda_description/hook/cmake_prefix_path.sh'
[24.582s] Level 1:colcon.colcon_core.environment:checking '/home/bizare/Desktop/cw2_team_14/install/panda_description/bin'
[24.582s] Level 1:colcon.colcon_core.environment:checking '/home/bizare/Desktop/cw2_team_14/install/panda_description/lib/pkgconfig/panda_description.pc'
[24.585s] Level 1:colcon.colcon_core.environment:checking '/home/bizare/Desktop/cw2_team_14/install/panda_description/lib/python3.10/site-packages'
[24.586s] Level 1:colcon.colcon_core.environment:checking '/home/bizare/Desktop/cw2_team_14/install/panda_description/bin'
[24.586s] INFO:colcon.colcon_core.shell:Creating package script '/home/bizare/Desktop/cw2_team_14/install/panda_description/share/panda_description/package.ps1'
[24.590s] INFO:colcon.colcon_core.shell:Creating package descriptor '/home/bizare/Desktop/cw2_team_14/install/panda_description/share/panda_description/package.dsv'
[24.591s] INFO:colcon.colcon_core.shell:Creating package script '/home/bizare/Desktop/cw2_team_14/install/panda_description/share/panda_description/package.sh'
[24.592s] INFO:colcon.colcon_core.shell:Creating package script '/home/bizare/Desktop/cw2_team_14/install/panda_description/share/panda_description/package.bash'
[24.592s] INFO:colcon.colcon_core.shell:Creating package script '/home/bizare/Desktop/cw2_team_14/install/panda_description/share/panda_description/package.zsh'
[24.598s] Level 1:colcon.colcon_core.environment:create_file_with_runtime_dependencies(/home/bizare/Desktop/cw2_team_14/install/panda_description/share/colcon-core/packages/panda_description)
[24.599s] Level 1:colcon.colcon_core.environment:create_environment_scripts_only(panda_description)
[24.599s] Level 1:colcon.colcon_core.environment:checking '/home/bizare/Desktop/cw2_team_14/install/panda_description' for CMake module files
[24.601s] Level 1:colcon.colcon_core.environment:checking '/home/bizare/Desktop/cw2_team_14/install/panda_description' for CMake config files
[24.602s] Level 1:colcon.colcon_core.shell:create_environment_hook('panda_description', 'cmake_prefix_path')
[24.602s] INFO:colcon.colcon_core.shell:Creating environment hook '/home/bizare/Desktop/cw2_team_14/install/panda_description/share/panda_description/hook/cmake_prefix_path.ps1'
[24.602s] INFO:colcon.colcon_core.shell:Creating environment descriptor '/home/bizare/Desktop/cw2_team_14/install/panda_description/share/panda_description/hook/cmake_prefix_path.dsv'
[24.603s] INFO:colcon.colcon_core.shell:Creating environment hook '/home/bizare/Desktop/cw2_team_14/install/panda_description/share/panda_description/hook/cmake_prefix_path.sh'
[24.603s] Level 1:colcon.colcon_core.environment:checking '/home/bizare/Desktop/cw2_team_14/install/panda_description/bin'
[24.603s] Level 1:colcon.colcon_core.environment:checking '/home/bizare/Desktop/cw2_team_14/install/panda_description/lib/pkgconfig/panda_description.pc'
[24.603s] Level 1:colcon.colcon_core.environment:checking '/home/bizare/Desktop/cw2_team_14/install/panda_description/lib/python3.10/site-packages'
[24.604s] Level 1:colcon.colcon_core.environment:checking '/home/bizare/Desktop/cw2_team_14/install/panda_description/bin'
[24.604s] INFO:colcon.colcon_core.shell:Creating package script '/home/bizare/Desktop/cw2_team_14/install/panda_description/share/panda_description/package.ps1'
[24.609s] INFO:colcon.colcon_core.shell:Creating package descriptor '/home/bizare/Desktop/cw2_team_14/install/panda_description/share/panda_description/package.dsv'
[24.610s] INFO:colcon.colcon_core.shell:Creating package script '/home/bizare/Desktop/cw2_team_14/install/panda_description/share/panda_description/package.sh'
[24.610s] INFO:colcon.colcon_core.shell:Creating package script '/home/bizare/Desktop/cw2_team_14/install/panda_description/share/panda_description/package.bash'
[24.611s] INFO:colcon.colcon_core.shell:Creating package script '/home/bizare/Desktop/cw2_team_14/install/panda_description/share/panda_description/package.zsh'
[24.616s] Level 1:colcon.colcon_core.environment:create_file_with_runtime_dependencies(/home/bizare/Desktop/cw2_team_14/install/panda_description/share/colcon-core/packages/panda_description)
[24.616s] INFO:colcon.colcon_ros.task.ament_cmake.build:Building ROS package in '/home/bizare/Desktop/cw2_team_14/src/courseworks/cw2_team_14' with build type 'ament_cmake'
[24.621s] INFO:colcon.colcon_cmake.task.cmake.build:Building CMake package in '/home/bizare/Desktop/cw2_team_14/src/courseworks/cw2_team_14'
[24.621s] INFO:colcon.colcon_core.shell:Skip shell extension 'powershell' for command environment: Not usable outside of PowerShell
[24.621s] DEBUG:colcon.colcon_core.shell:Skip shell extension 'dsv' for command environment
[24.668s] DEBUG:colcon.colcon_core.event_handler.log_command:Invoking command in '/home/bizare/Desktop/cw2_team_14/build/cw2_team_14': CMAKE_PREFIX_PATH=/home/bizare/Desktop/cw2_team_14/install/cw2_world_spawner:/home/bizare/Desktop/cw2_team_14/install/rpl_panda_with_rs:/home/bizare/Desktop/cw2_team_14/install/realsense_gazebo_plugin:/home/bizare/Desktop/cw2_team_14/install/panda_moveit_config:/home/bizare/Desktop/cw2_team_14/install/panda_description:/home/bizare/Desktop/cw2_team_14/install/cw2_team_14:/opt/ros/humble LD_LIBRARY_PATH=/home/bizare/Desktop/cw2_team_14/install/cw2_world_spawner/lib:/home/bizare/Desktop/cw2_team_14/install/realsense_gazebo_plugin/lib:/home/bizare/Desktop/cw2_team_14/install/cw2_team_14/lib:/usr/lib/x86_64-linux-gnu/gazebo-11/plugins:/opt/ros/humble/opt/rviz_ogre_vendor/lib:/opt/ros/humble/lib/x86_64-linux-gnu:/opt/ros/humble/lib /usr/bin/cmake /home/bizare/Desktop/cw2_team_14/src/courseworks/cw2_team_14 -DCMAKE_INSTALL_PREFIX=/home/bizare/Desktop/cw2_team_14/install/cw2_team_14
[35.161s] DEBUG:colcon.colcon_core.event_handler.log_command:Invoked command in '/home/bizare/Desktop/cw2_team_14/build/cw2_team_14' returned '0': CMAKE_PREFIX_PATH=/home/bizare/Desktop/cw2_team_14/install/cw2_world_spawner:/home/bizare/Desktop/cw2_team_14/install/rpl_panda_with_rs:/home/bizare/Desktop/cw2_team_14/install/realsense_gazebo_plugin:/home/bizare/Desktop/cw2_team_14/install/panda_moveit_config:/home/bizare/Desktop/cw2_team_14/install/panda_description:/home/bizare/Desktop/cw2_team_14/install/cw2_team_14:/opt/ros/humble LD_LIBRARY_PATH=/home/bizare/Desktop/cw2_team_14/install/cw2_world_spawner/lib:/home/bizare/Desktop/cw2_team_14/install/realsense_gazebo_plugin/lib:/home/bizare/Desktop/cw2_team_14/install/cw2_team_14/lib:/usr/lib/x86_64-linux-gnu/gazebo-11/plugins:/opt/ros/humble/opt/rviz_ogre_vendor/lib:/opt/ros/humble/lib/x86_64-linux-gnu:/opt/ros/humble/lib /usr/bin/cmake /home/bizare/Desktop/cw2_team_14/src/courseworks/cw2_team_14 -DCMAKE_INSTALL_PREFIX=/home/bizare/Desktop/cw2_team_14/install/cw2_team_14
[35.184s] DEBUG:colcon.colcon_core.event_handler.log_command:Invoking command in '/home/bizare/Desktop/cw2_team_14/build/cw2_team_14': CMAKE_PREFIX_PATH=/home/bizare/Desktop/cw2_team_14/install/cw2_world_spawner:/home/bizare/Desktop/cw2_team_14/install/rpl_panda_with_rs:/home/bizare/Desktop/cw2_team_14/install/realsense_gazebo_plugin:/home/bizare/Desktop/cw2_team_14/install/panda_moveit_config:/home/bizare/Desktop/cw2_team_14/install/panda_description:/home/bizare/Desktop/cw2_team_14/install/cw2_team_14:/opt/ros/humble LD_LIBRARY_PATH=/home/bizare/Desktop/cw2_team_14/install/cw2_world_spawner/lib:/home/bizare/Desktop/cw2_team_14/install/realsense_gazebo_plugin/lib:/home/bizare/Desktop/cw2_team_14/install/cw2_team_14/lib:/usr/lib/x86_64-linux-gnu/gazebo-11/plugins:/opt/ros/humble/opt/rviz_ogre_vendor/lib:/opt/ros/humble/lib/x86_64-linux-gnu:/opt/ros/humble/lib /usr/bin/cmake --build /home/bizare/Desktop/cw2_team_14/build/cw2_team_14 -- -j2 -l2
[69.857s] DEBUG:colcon.colcon_core.event_handler.log_command:Invoked command in '/home/bizare/Desktop/cw2_team_14/build/realsense_gazebo_plugin' returned '0': CMAKE_PREFIX_PATH=${CMAKE_PREFIX_PATH}:/opt/ros/humble /usr/bin/cmake --build /home/bizare/Desktop/cw2_team_14/build/realsense_gazebo_plugin -- -j2 -l2
[69.904s] DEBUG:colcon.colcon_core.event_handler.log_command:Invoking command in '/home/bizare/Desktop/cw2_team_14/build/realsense_gazebo_plugin': CMAKE_PREFIX_PATH=${CMAKE_PREFIX_PATH}:/opt/ros/humble /usr/bin/cmake --install /home/bizare/Desktop/cw2_team_14/build/realsense_gazebo_plugin
[69.939s] Level 1:colcon.colcon_core.environment:create_environment_scripts_only(realsense_gazebo_plugin)
[69.940s] DEBUG:colcon.colcon_core.event_handler.log_command:Invoked command in '/home/bizare/Desktop/cw2_team_14/build/realsense_gazebo_plugin' returned '0': CMAKE_PREFIX_PATH=${CMAKE_PREFIX_PATH}:/opt/ros/humble /usr/bin/cmake --install /home/bizare/Desktop/cw2_team_14/build/realsense_gazebo_plugin
[69.952s] Level 1:colcon.colcon_core.environment:checking '/home/bizare/Desktop/cw2_team_14/install/realsense_gazebo_plugin' for CMake module files
[69.953s] Level 1:colcon.colcon_core.environment:checking '/home/bizare/Desktop/cw2_team_14/install/realsense_gazebo_plugin' for CMake config files
[69.955s] Level 1:colcon.colcon_core.shell:create_environment_hook('realsense_gazebo_plugin', 'cmake_prefix_path')
[69.957s] INFO:colcon.colcon_core.shell:Creating environment hook '/home/bizare/Desktop/cw2_team_14/install/realsense_gazebo_plugin/share/realsense_gazebo_plugin/hook/cmake_prefix_path.ps1'
[69.968s] INFO:colcon.colcon_core.shell:Creating environment descriptor '/home/bizare/Desktop/cw2_team_14/install/realsense_gazebo_plugin/share/realsense_gazebo_plugin/hook/cmake_prefix_path.dsv'
[69.970s] INFO:colcon.colcon_core.shell:Creating environment hook '/home/bizare/Desktop/cw2_team_14/install/realsense_gazebo_plugin/share/realsense_gazebo_plugin/hook/cmake_prefix_path.sh'
[69.974s] Level 1:colcon.colcon_core.environment:checking '/home/bizare/Desktop/cw2_team_14/install/realsense_gazebo_plugin/lib'
[69.975s] Level 1:colcon.colcon_core.shell:create_environment_hook('realsense_gazebo_plugin', 'ld_library_path_lib')
[69.975s] INFO:colcon.colcon_core.shell:Creating environment hook '/home/bizare/Desktop/cw2_team_14/install/realsense_gazebo_plugin/share/realsense_gazebo_plugin/hook/ld_library_path_lib.ps1'
[69.975s] INFO:colcon.colcon_core.shell:Creating environment descriptor '/home/bizare/Desktop/cw2_team_14/install/realsense_gazebo_plugin/share/realsense_gazebo_plugin/hook/ld_library_path_lib.dsv'
[69.975s] INFO:colcon.colcon_core.shell:Creating environment hook '/home/bizare/Desktop/cw2_team_14/install/realsense_gazebo_plugin/share/realsense_gazebo_plugin/hook/ld_library_path_lib.sh'
[69.976s] Level 1:colcon.colcon_core.environment:checking '/home/bizare/Desktop/cw2_team_14/install/realsense_gazebo_plugin/bin'
[69.976s] Level 1:colcon.colcon_core.environment:checking '/home/bizare/Desktop/cw2_team_14/install/realsense_gazebo_plugin/lib/pkgconfig/realsense_gazebo_plugin.pc'
[69.982s] Level 1:colcon.colcon_core.environment:checking '/home/bizare/Desktop/cw2_team_14/install/realsense_gazebo_plugin/lib/python3.10/site-packages'
[69.982s] Level 1:colcon.colcon_core.environment:checking '/home/bizare/Desktop/cw2_team_14/install/realsense_gazebo_plugin/bin'
[69.983s] INFO:colcon.colcon_core.shell:Creating package script '/home/bizare/Desktop/cw2_team_14/install/realsense_gazebo_plugin/share/realsense_gazebo_plugin/package.ps1'
[69.985s] INFO:colcon.colcon_core.shell:Creating package descriptor '/home/bizare/Desktop/cw2_team_14/install/realsense_gazebo_plugin/share/realsense_gazebo_plugin/package.dsv'
[69.986s] INFO:colcon.colcon_core.shell:Creating package script '/home/bizare/Desktop/cw2_team_14/install/realsense_gazebo_plugin/share/realsense_gazebo_plugin/package.sh'
[69.987s] INFO:colcon.colcon_core.shell:Creating package script '/home/bizare/Desktop/cw2_team_14/install/realsense_gazebo_plugin/share/realsense_gazebo_plugin/package.bash'
[69.988s] INFO:colcon.colcon_core.shell:Creating package script '/home/bizare/Desktop/cw2_team_14/install/realsense_gazebo_plugin/share/realsense_gazebo_plugin/package.zsh'
[69.989s] Level 1:colcon.colcon_core.environment:create_file_with_runtime_dependencies(/home/bizare/Desktop/cw2_team_14/install/realsense_gazebo_plugin/share/colcon-core/packages/realsense_gazebo_plugin)
[69.992s] Level 1:colcon.colcon_core.environment:create_environment_scripts_only(realsense_gazebo_plugin)
[69.992s] Level 1:colcon.colcon_core.environment:checking '/home/bizare/Desktop/cw2_team_14/install/realsense_gazebo_plugin' for CMake module files
[69.992s] Level 1:colcon.colcon_core.environment:checking '/home/bizare/Desktop/cw2_team_14/install/realsense_gazebo_plugin' for CMake config files
[69.992s] Level 1:colcon.colcon_core.shell:create_environment_hook('realsense_gazebo_plugin', 'cmake_prefix_path')
[69.993s] INFO:colcon.colcon_core.shell:Creating environment hook '/home/bizare/Desktop/cw2_team_14/install/realsense_gazebo_plugin/share/realsense_gazebo_plugin/hook/cmake_prefix_path.ps1'
[69.993s] INFO:colcon.colcon_core.shell:Creating environment descriptor '/home/bizare/Desktop/cw2_team_14/install/realsense_gazebo_plugin/share/realsense_gazebo_plugin/hook/cmake_prefix_path.dsv'
[69.998s] INFO:colcon.colcon_core.shell:Creating environment hook '/home/bizare/Desktop/cw2_team_14/install/realsense_gazebo_plugin/share/realsense_gazebo_plugin/hook/cmake_prefix_path.sh'
[69.999s] Level 1:colcon.colcon_core.environment:checking '/home/bizare/Desktop/cw2_team_14/install/realsense_gazebo_plugin/lib'
[69.999s] Level 1:colcon.colcon_core.shell:create_environment_hook('realsense_gazebo_plugin', 'ld_library_path_lib')
[69.999s] INFO:colcon.colcon_core.shell:Creating environment hook '/home/bizare/Desktop/cw2_team_14/install/realsense_gazebo_plugin/share/realsense_gazebo_plugin/hook/ld_library_path_lib.ps1'
[70.000s] INFO:colcon.colcon_core.shell:Creating environment descriptor '/home/bizare/Desktop/cw2_team_14/install/realsense_gazebo_plugin/share/realsense_gazebo_plugin/hook/ld_library_path_lib.dsv'
[70.000s] INFO:colcon.colcon_core.shell:Creating environment hook '/home/bizare/Desktop/cw2_team_14/install/realsense_gazebo_plugin/share/realsense_gazebo_plugin/hook/ld_library_path_lib.sh'
[70.001s] Level 1:colcon.colcon_core.environment:checking '/home/bizare/Desktop/cw2_team_14/install/realsense_gazebo_plugin/bin'
[70.001s] Level 1:colcon.colcon_core.environment:checking '/home/bizare/Desktop/cw2_team_14/install/realsense_gazebo_plugin/lib/pkgconfig/realsense_gazebo_plugin.pc'
[70.001s] Level 1:colcon.colcon_core.environment:checking '/home/bizare/Desktop/cw2_team_14/install/realsense_gazebo_plugin/lib/python3.10/site-packages'
[70.001s] Level 1:colcon.colcon_core.environment:checking '/home/bizare/Desktop/cw2_team_14/install/realsense_gazebo_plugin/bin'
[70.002s] INFO:colcon.colcon_core.shell:Creating package script '/home/bizare/Desktop/cw2_team_14/install/realsense_gazebo_plugin/share/realsense_gazebo_plugin/package.ps1'
[70.002s] INFO:colcon.colcon_core.shell:Creating package descriptor '/home/bizare/Desktop/cw2_team_14/install/realsense_gazebo_plugin/share/realsense_gazebo_plugin/package.dsv'
[70.003s] INFO:colcon.colcon_core.shell:Creating package script '/home/bizare/Desktop/cw2_team_14/install/realsense_gazebo_plugin/share/realsense_gazebo_plugin/package.sh'
[70.003s] INFO:colcon.colcon_core.shell:Creating package script '/home/bizare/Desktop/cw2_team_14/install/realsense_gazebo_plugin/share/realsense_gazebo_plugin/package.bash'
[70.004s] INFO:colcon.colcon_core.shell:Creating package script '/home/bizare/Desktop/cw2_team_14/install/realsense_gazebo_plugin/share/realsense_gazebo_plugin/package.zsh'
[70.004s] Level 1:colcon.colcon_core.environment:create_file_with_runtime_dependencies(/home/bizare/Desktop/cw2_team_14/install/realsense_gazebo_plugin/share/colcon-core/packages/realsense_gazebo_plugin)
[70.006s] INFO:colcon.colcon_ros.task.ament_cmake.build:Building ROS package in '/home/bizare/Desktop/cw2_team_14/src/courseworks/rpl_panda_with_rs' with build type 'ament_cmake'
[70.007s] INFO:colcon.colcon_cmake.task.cmake.build:Building CMake package in '/home/bizare/Desktop/cw2_team_14/src/courseworks/rpl_panda_with_rs'
[70.007s] INFO:colcon.colcon_core.shell:Skip shell extension 'powershell' for command environment: Not usable outside of PowerShell
[70.007s] DEBUG:colcon.colcon_core.shell:Skip shell extension 'dsv' for command environment
[70.062s] DEBUG:colcon.colcon_core.event_handler.log_command:Invoking command in '/home/bizare/Desktop/cw2_team_14/build/rpl_panda_with_rs': CMAKE_PREFIX_PATH=/home/bizare/Desktop/cw2_team_14/install/realsense_gazebo_plugin:/home/bizare/Desktop/cw2_team_14/install/panda_moveit_config:/home/bizare/Desktop/cw2_team_14/install/rpl_panda_with_rs:/home/bizare/Desktop/cw2_team_14/install/panda_description:/home/bizare/Desktop/cw2_team_14/install/cw2_team_14:/home/bizare/Desktop/cw2_team_14/install/cw2_world_spawner:/opt/ros/humble /usr/bin/cmake /home/bizare/Desktop/cw2_team_14/src/courseworks/rpl_panda_with_rs -DCMAKE_INSTALL_PREFIX=/home/bizare/Desktop/cw2_team_14/install/rpl_panda_with_rs
[71.708s] DEBUG:colcon.colcon_core.event_handler.log_command:Invoked command in '/home/bizare/Desktop/cw2_team_14/build/rpl_panda_with_rs' returned '0': CMAKE_PREFIX_PATH=/home/bizare/Desktop/cw2_team_14/install/realsense_gazebo_plugin:/home/bizare/Desktop/cw2_team_14/install/panda_moveit_config:/home/bizare/Desktop/cw2_team_14/install/rpl_panda_with_rs:/home/bizare/Desktop/cw2_team_14/install/panda_description:/home/bizare/Desktop/cw2_team_14/install/cw2_team_14:/home/bizare/Desktop/cw2_team_14/install/cw2_world_spawner:/opt/ros/humble /usr/bin/cmake /home/bizare/Desktop/cw2_team_14/src/courseworks/rpl_panda_with_rs -DCMAKE_INSTALL_PREFIX=/home/bizare/Desktop/cw2_team_14/install/rpl_panda_with_rs
[71.709s] DEBUG:colcon.colcon_core.event_handler.log_command:Invoking command in '/home/bizare/Desktop/cw2_team_14/build/rpl_panda_with_rs': CMAKE_PREFIX_PATH=/home/bizare/Desktop/cw2_team_14/install/realsense_gazebo_plugin:/home/bizare/Desktop/cw2_team_14/install/panda_moveit_config:/home/bizare/Desktop/cw2_team_14/install/rpl_panda_with_rs:/home/bizare/Desktop/cw2_team_14/install/panda_description:/home/bizare/Desktop/cw2_team_14/install/cw2_team_14:/home/bizare/Desktop/cw2_team_14/install/cw2_world_spawner:/opt/ros/humble /usr/bin/cmake --build /home/bizare/Desktop/cw2_team_14/build/rpl_panda_with_rs -- -j2 -l2
[71.799s] DEBUG:colcon.colcon_core.event_handler.log_command:Invoked command in '/home/bizare/Desktop/cw2_team_14/build/rpl_panda_with_rs' returned '0': CMAKE_PREFIX_PATH=/home/bizare/Desktop/cw2_team_14/install/realsense_gazebo_plugin:/home/bizare/Desktop/cw2_team_14/install/panda_moveit_config:/home/bizare/Desktop/cw2_team_14/install/rpl_panda_with_rs:/home/bizare/Desktop/cw2_team_14/install/panda_description:/home/bizare/Desktop/cw2_team_14/install/cw2_team_14:/home/bizare/Desktop/cw2_team_14/install/cw2_world_spawner:/opt/ros/humble /usr/bin/cmake --build /home/bizare/Desktop/cw2_team_14/build/rpl_panda_with_rs -- -j2 -l2
[71.800s] DEBUG:colcon.colcon_core.event_handler.log_command:Invoking command in '/home/bizare/Desktop/cw2_team_14/build/rpl_panda_with_rs': CMAKE_PREFIX_PATH=/home/bizare/Desktop/cw2_team_14/install/realsense_gazebo_plugin:/home/bizare/Desktop/cw2_team_14/install/panda_moveit_config:/home/bizare/Desktop/cw2_team_14/install/rpl_panda_with_rs:/home/bizare/Desktop/cw2_team_14/install/panda_description:/home/bizare/Desktop/cw2_team_14/install/cw2_team_14:/home/bizare/Desktop/cw2_team_14/install/cw2_world_spawner:/opt/ros/humble /usr/bin/cmake --install /home/bizare/Desktop/cw2_team_14/build/rpl_panda_with_rs
[71.847s] Level 1:colcon.colcon_core.environment:create_environment_scripts_only(rpl_panda_with_rs)
[71.847s] Level 1:colcon.colcon_core.environment:checking '/home/bizare/Desktop/cw2_team_14/install/rpl_panda_with_rs' for CMake module files
[71.848s] DEBUG:colcon.colcon_core.event_handler.log_command:Invoked command in '/home/bizare/Desktop/cw2_team_14/build/rpl_panda_with_rs' returned '0': CMAKE_PREFIX_PATH=/home/bizare/Desktop/cw2_team_14/install/realsense_gazebo_plugin:/home/bizare/Desktop/cw2_team_14/install/panda_moveit_config:/home/bizare/Desktop/cw2_team_14/install/rpl_panda_with_rs:/home/bizare/Desktop/cw2_team_14/install/panda_description:/home/bizare/Desktop/cw2_team_14/install/cw2_team_14:/home/bizare/Desktop/cw2_team_14/install/cw2_world_spawner:/opt/ros/humble /usr/bin/cmake --install /home/bizare/Desktop/cw2_team_14/build/rpl_panda_with_rs
[71.848s] Level 1:colcon.colcon_core.environment:checking '/home/bizare/Desktop/cw2_team_14/install/rpl_panda_with_rs' for CMake config files
[71.848s] Level 1:colcon.colcon_core.shell:create_environment_hook('rpl_panda_with_rs', 'cmake_prefix_path')
[71.849s] INFO:colcon.colcon_core.shell:Creating environment hook '/home/bizare/Desktop/cw2_team_14/install/rpl_panda_with_rs/share/rpl_panda_with_rs/hook/cmake_prefix_path.ps1'
[71.850s] INFO:colcon.colcon_core.shell:Creating environment descriptor '/home/bizare/Desktop/cw2_team_14/install/rpl_panda_with_rs/share/rpl_panda_with_rs/hook/cmake_prefix_path.dsv'
[71.850s] INFO:colcon.colcon_core.shell:Creating environment hook '/home/bizare/Desktop/cw2_team_14/install/rpl_panda_with_rs/share/rpl_panda_with_rs/hook/cmake_prefix_path.sh'
[71.854s] Level 1:colcon.colcon_core.environment:checking '/home/bizare/Desktop/cw2_team_14/install/rpl_panda_with_rs/lib'
[71.854s] Level 1:colcon.colcon_core.environment:checking '/home/bizare/Desktop/cw2_team_14/install/rpl_panda_with_rs/bin'
[71.854s] Level 1:colcon.colcon_core.environment:checking '/home/bizare/Desktop/cw2_team_14/install/rpl_panda_with_rs/lib/pkgconfig/rpl_panda_with_rs.pc'
[71.854s] Level 1:colcon.colcon_core.environment:checking '/home/bizare/Desktop/cw2_team_14/install/rpl_panda_with_rs/lib/python3.10/site-packages'
[71.855s] Level 1:colcon.colcon_core.environment:checking '/home/bizare/Desktop/cw2_team_14/install/rpl_panda_with_rs/bin'
[71.856s] INFO:colcon.colcon_core.shell:Creating package script '/home/bizare/Desktop/cw2_team_14/install/rpl_panda_with_rs/share/rpl_panda_with_rs/package.ps1'
[71.858s] INFO:colcon.colcon_core.shell:Creating package descriptor '/home/bizare/Desktop/cw2_team_14/install/rpl_panda_with_rs/share/rpl_panda_with_rs/package.dsv'
[71.858s] INFO:colcon.colcon_core.shell:Creating package script '/home/bizare/Desktop/cw2_team_14/install/rpl_panda_with_rs/share/rpl_panda_with_rs/package.sh'
[71.858s] INFO:colcon.colcon_core.shell:Creating package script '/home/bizare/Desktop/cw2_team_14/install/rpl_panda_with_rs/share/rpl_panda_with_rs/package.bash'
[71.859s] INFO:colcon.colcon_core.shell:Creating package script '/home/bizare/Desktop/cw2_team_14/install/rpl_panda_with_rs/share/rpl_panda_with_rs/package.zsh'
[71.859s] Level 1:colcon.colcon_core.environment:create_file_with_runtime_dependencies(/home/bizare/Desktop/cw2_team_14/install/rpl_panda_with_rs/share/colcon-core/packages/rpl_panda_with_rs)
[71.861s] Level 1:colcon.colcon_core.environment:create_environment_scripts_only(rpl_panda_with_rs)
[71.861s] Level 1:colcon.colcon_core.environment:checking '/home/bizare/Desktop/cw2_team_14/install/rpl_panda_with_rs' for CMake module files
[71.862s] Level 1:colcon.colcon_core.environment:checking '/home/bizare/Desktop/cw2_team_14/install/rpl_panda_with_rs' for CMake config files
[71.862s] Level 1:colcon.colcon_core.shell:create_environment_hook('rpl_panda_with_rs', 'cmake_prefix_path')
[71.864s] INFO:colcon.colcon_core.shell:Creating environment hook '/home/bizare/Desktop/cw2_team_14/install/rpl_panda_with_rs/share/rpl_panda_with_rs/hook/cmake_prefix_path.ps1'
[71.864s] INFO:colcon.colcon_core.shell:Creating environment descriptor '/home/bizare/Desktop/cw2_team_14/install/rpl_panda_with_rs/share/rpl_panda_with_rs/hook/cmake_prefix_path.dsv'
[71.867s] INFO:colcon.colcon_core.shell:Creating environment hook '/home/bizare/Desktop/cw2_team_14/install/rpl_panda_with_rs/share/rpl_panda_with_rs/hook/cmake_prefix_path.sh'
[71.867s] Level 1:colcon.colcon_core.environment:checking '/home/bizare/Desktop/cw2_team_14/install/rpl_panda_with_rs/lib'
[71.868s] Level 1:colcon.colcon_core.environment:checking '/home/bizare/Desktop/cw2_team_14/install/rpl_panda_with_rs/bin'
[71.868s] Level 1:colcon.colcon_core.environment:checking '/home/bizare/Desktop/cw2_team_14/install/rpl_panda_with_rs/lib/pkgconfig/rpl_panda_with_rs.pc'
[71.868s] Level 1:colcon.colcon_core.environment:checking '/home/bizare/Desktop/cw2_team_14/install/rpl_panda_with_rs/lib/python3.10/site-packages'
[71.868s] Level 1:colcon.colcon_core.environment:checking '/home/bizare/Desktop/cw2_team_14/install/rpl_panda_with_rs/bin'
[71.871s] INFO:colcon.colcon_core.shell:Creating package script '/home/bizare/Desktop/cw2_team_14/install/rpl_panda_with_rs/share/rpl_panda_with_rs/package.ps1'
[71.872s] INFO:colcon.colcon_core.shell:Creating package descriptor '/home/bizare/Desktop/cw2_team_14/install/rpl_panda_with_rs/share/rpl_panda_with_rs/package.dsv'
[71.873s] INFO:colcon.colcon_core.shell:Creating package script '/home/bizare/Desktop/cw2_team_14/install/rpl_panda_with_rs/share/rpl_panda_with_rs/package.sh'
[71.874s] INFO:colcon.colcon_core.shell:Creating package script '/home/bizare/Desktop/cw2_team_14/install/rpl_panda_with_rs/share/rpl_panda_with_rs/package.bash'
[71.876s] INFO:colcon.colcon_core.shell:Creating package script '/home/bizare/Desktop/cw2_team_14/install/rpl_panda_with_rs/share/rpl_panda_with_rs/package.zsh'
[71.876s] Level 1:colcon.colcon_core.environment:create_file_with_runtime_dependencies(/home/bizare/Desktop/cw2_team_14/install/rpl_panda_with_rs/share/colcon-core/packages/rpl_panda_with_rs)
[118.578s] DEBUG:colcon.colcon_core.event_handler.log_command:Invoked command in '/home/bizare/Desktop/cw2_team_14/build/cw2_team_14' returned '0': CMAKE_PREFIX_PATH=/home/bizare/Desktop/cw2_team_14/install/cw2_world_spawner:/home/bizare/Desktop/cw2_team_14/install/rpl_panda_with_rs:/home/bizare/Desktop/cw2_team_14/install/realsense_gazebo_plugin:/home/bizare/Desktop/cw2_team_14/install/panda_moveit_config:/home/bizare/Desktop/cw2_team_14/install/panda_description:/home/bizare/Desktop/cw2_team_14/install/cw2_team_14:/opt/ros/humble LD_LIBRARY_PATH=/home/bizare/Desktop/cw2_team_14/install/cw2_world_spawner/lib:/home/bizare/Desktop/cw2_team_14/install/realsense_gazebo_plugin/lib:/home/bizare/Desktop/cw2_team_14/install/cw2_team_14/lib:/usr/lib/x86_64-linux-gnu/gazebo-11/plugins:/opt/ros/humble/opt/rviz_ogre_vendor/lib:/opt/ros/humble/lib/x86_64-linux-gnu:/opt/ros/humble/lib /usr/bin/cmake --build /home/bizare/Desktop/cw2_team_14/build/cw2_team_14 -- -j2 -l2
[118.590s] DEBUG:colcon.colcon_core.event_handler.log_command:Invoking command in '/home/bizare/Desktop/cw2_team_14/build/cw2_team_14': CMAKE_PREFIX_PATH=/home/bizare/Desktop/cw2_team_14/install/cw2_world_spawner:/home/bizare/Desktop/cw2_team_14/install/rpl_panda_with_rs:/home/bizare/Desktop/cw2_team_14/install/realsense_gazebo_plugin:/home/bizare/Desktop/cw2_team_14/install/panda_moveit_config:/home/bizare/Desktop/cw2_team_14/install/panda_description:/home/bizare/Desktop/cw2_team_14/install/cw2_team_14:/opt/ros/humble LD_LIBRARY_PATH=/home/bizare/Desktop/cw2_team_14/install/cw2_world_spawner/lib:/home/bizare/Desktop/cw2_team_14/install/realsense_gazebo_plugin/lib:/home/bizare/Desktop/cw2_team_14/install/cw2_team_14/lib:/usr/lib/x86_64-linux-gnu/gazebo-11/plugins:/opt/ros/humble/opt/rviz_ogre_vendor/lib:/opt/ros/humble/lib/x86_64-linux-gnu:/opt/ros/humble/lib /usr/bin/cmake --install /home/bizare/Desktop/cw2_team_14/build/cw2_team_14
[118.708s] Level 1:colcon.colcon_core.environment:create_environment_scripts_only(cw2_team_14)
[118.708s] Level 1:colcon.colcon_core.environment:checking '/home/bizare/Desktop/cw2_team_14/install/cw2_team_14' for CMake module files
[118.709s] Level 1:colcon.colcon_core.environment:checking '/home/bizare/Desktop/cw2_team_14/install/cw2_team_14' for CMake config files
[118.709s] DEBUG:colcon.colcon_core.event_handler.log_command:Invoked command in '/home/bizare/Desktop/cw2_team_14/build/cw2_team_14' returned '0': CMAKE_PREFIX_PATH=/home/bizare/Desktop/cw2_team_14/install/cw2_world_spawner:/home/bizare/Desktop/cw2_team_14/install/rpl_panda_with_rs:/home/bizare/Desktop/cw2_team_14/install/realsense_gazebo_plugin:/home/bizare/Desktop/cw2_team_14/install/panda_moveit_config:/home/bizare/Desktop/cw2_team_14/install/panda_description:/home/bizare/Desktop/cw2_team_14/install/cw2_team_14:/opt/ros/humble LD_LIBRARY_PATH=/home/bizare/Desktop/cw2_team_14/install/cw2_world_spawner/lib:/home/bizare/Desktop/cw2_team_14/install/realsense_gazebo_plugin/lib:/home/bizare/Desktop/cw2_team_14/install/cw2_team_14/lib:/usr/lib/x86_64-linux-gnu/gazebo-11/plugins:/opt/ros/humble/opt/rviz_ogre_vendor/lib:/opt/ros/humble/lib/x86_64-linux-gnu:/opt/ros/humble/lib /usr/bin/cmake --install /home/bizare/Desktop/cw2_team_14/build/cw2_team_14
[118.710s] Level 1:colcon.colcon_core.shell:create_environment_hook('cw2_team_14', 'cmake_prefix_path')
[118.710s] INFO:colcon.colcon_core.shell:Creating environment hook '/home/bizare/Desktop/cw2_team_14/install/cw2_team_14/share/cw2_team_14/hook/cmake_prefix_path.ps1'
[118.711s] INFO:colcon.colcon_core.shell:Creating environment descriptor '/home/bizare/Desktop/cw2_team_14/install/cw2_team_14/share/cw2_team_14/hook/cmake_prefix_path.dsv'
[118.711s] INFO:colcon.colcon_core.shell:Creating environment hook '/home/bizare/Desktop/cw2_team_14/install/cw2_team_14/share/cw2_team_14/hook/cmake_prefix_path.sh'
[118.711s] Level 1:colcon.colcon_core.environment:checking '/home/bizare/Desktop/cw2_team_14/install/cw2_team_14/lib'
[118.712s] Level 1:colcon.colcon_core.shell:create_environment_hook('cw2_team_14', 'ld_library_path_lib')
[118.712s] INFO:colcon.colcon_core.shell:Creating environment hook '/home/bizare/Desktop/cw2_team_14/install/cw2_team_14/share/cw2_team_14/hook/ld_library_path_lib.ps1'
[118.712s] INFO:colcon.colcon_core.shell:Creating environment descriptor '/home/bizare/Desktop/cw2_team_14/install/cw2_team_14/share/cw2_team_14/hook/ld_library_path_lib.dsv'
[118.713s] INFO:colcon.colcon_core.shell:Creating environment hook '/home/bizare/Desktop/cw2_team_14/install/cw2_team_14/share/cw2_team_14/hook/ld_library_path_lib.sh'
[118.713s] Level 1:colcon.colcon_core.environment:checking '/home/bizare/Desktop/cw2_team_14/install/cw2_team_14/bin'
[118.713s] Level 1:colcon.colcon_core.environment:checking '/home/bizare/Desktop/cw2_team_14/install/cw2_team_14/lib/pkgconfig/cw2_team_14.pc'
[118.713s] Level 1:colcon.colcon_core.environment:checking '/home/bizare/Desktop/cw2_team_14/install/cw2_team_14/lib/python3.10/site-packages'
[118.714s] Level 1:colcon.colcon_core.environment:checking '/home/bizare/Desktop/cw2_team_14/install/cw2_team_14/bin'
[118.714s] INFO:colcon.colcon_core.shell:Creating package script '/home/bizare/Desktop/cw2_team_14/install/cw2_team_14/share/cw2_team_14/package.ps1'
[118.715s] INFO:colcon.colcon_core.shell:Creating package descriptor '/home/bizare/Desktop/cw2_team_14/install/cw2_team_14/share/cw2_team_14/package.dsv'
[118.715s] INFO:colcon.colcon_core.shell:Creating package script '/home/bizare/Desktop/cw2_team_14/install/cw2_team_14/share/cw2_team_14/package.sh'
[118.715s] INFO:colcon.colcon_core.shell:Creating package script '/home/bizare/Desktop/cw2_team_14/install/cw2_team_14/share/cw2_team_14/package.bash'
[118.716s] INFO:colcon.colcon_core.shell:Creating package script '/home/bizare/Desktop/cw2_team_14/install/cw2_team_14/share/cw2_team_14/package.zsh'
[118.718s] Level 1:colcon.colcon_core.environment:create_file_with_runtime_dependencies(/home/bizare/Desktop/cw2_team_14/install/cw2_team_14/share/colcon-core/packages/cw2_team_14)
[118.719s] Level 1:colcon.colcon_core.environment:create_environment_scripts_only(cw2_team_14)
[118.719s] Level 1:colcon.colcon_core.environment:checking '/home/bizare/Desktop/cw2_team_14/install/cw2_team_14' for CMake module files
[118.720s] Level 1:colcon.colcon_core.environment:checking '/home/bizare/Desktop/cw2_team_14/install/cw2_team_14' for CMake config files
[118.720s] Level 1:colcon.colcon_core.shell:create_environment_hook('cw2_team_14', 'cmake_prefix_path')
[118.721s] INFO:colcon.colcon_core.shell:Creating environment hook '/home/bizare/Desktop/cw2_team_14/install/cw2_team_14/share/cw2_team_14/hook/cmake_prefix_path.ps1'
[118.721s] INFO:colcon.colcon_core.shell:Creating environment descriptor '/home/bizare/Desktop/cw2_team_14/install/cw2_team_14/share/cw2_team_14/hook/cmake_prefix_path.dsv'
[118.722s] INFO:colcon.colcon_core.shell:Creating environment hook '/home/bizare/Desktop/cw2_team_14/install/cw2_team_14/share/cw2_team_14/hook/cmake_prefix_path.sh'
[118.722s] Level 1:colcon.colcon_core.environment:checking '/home/bizare/Desktop/cw2_team_14/install/cw2_team_14/lib'
[118.723s] Level 1:colcon.colcon_core.shell:create_environment_hook('cw2_team_14', 'ld_library_path_lib')
[118.723s] INFO:colcon.colcon_core.shell:Creating environment hook '/home/bizare/Desktop/cw2_team_14/install/cw2_team_14/share/cw2_team_14/hook/ld_library_path_lib.ps1'
[118.724s] INFO:colcon.colcon_core.shell:Creating environment descriptor '/home/bizare/Desktop/cw2_team_14/install/cw2_team_14/share/cw2_team_14/hook/ld_library_path_lib.dsv'
[118.724s] INFO:colcon.colcon_core.shell:Creating environment hook '/home/bizare/Desktop/cw2_team_14/install/cw2_team_14/share/cw2_team_14/hook/ld_library_path_lib.sh'
[118.724s] Level 1:colcon.colcon_core.environment:checking '/home/bizare/Desktop/cw2_team_14/install/cw2_team_14/bin'
[118.724s] Level 1:colcon.colcon_core.environment:checking '/home/bizare/Desktop/cw2_team_14/install/cw2_team_14/lib/pkgconfig/cw2_team_14.pc'
[118.725s] Level 1:colcon.colcon_core.environment:checking '/home/bizare/Desktop/cw2_team_14/install/cw2_team_14/lib/python3.10/site-packages'
[118.725s] Level 1:colcon.colcon_core.environment:checking '/home/bizare/Desktop/cw2_team_14/install/cw2_team_14/bin'
[118.725s] INFO:colcon.colcon_core.shell:Creating package script '/home/bizare/Desktop/cw2_team_14/install/cw2_team_14/share/cw2_team_14/package.ps1'
[118.726s] INFO:colcon.colcon_core.shell:Creating package descriptor '/home/bizare/Desktop/cw2_team_14/install/cw2_team_14/share/cw2_team_14/package.dsv'
[118.726s] INFO:colcon.colcon_core.shell:Creating package script '/home/bizare/Desktop/cw2_team_14/install/cw2_team_14/share/cw2_team_14/package.sh'
[118.727s] INFO:colcon.colcon_core.shell:Creating package script '/home/bizare/Desktop/cw2_team_14/install/cw2_team_14/share/cw2_team_14/package.bash'
[118.727s] INFO:colcon.colcon_core.shell:Creating package script '/home/bizare/Desktop/cw2_team_14/install/cw2_team_14/share/cw2_team_14/package.zsh'
[118.728s] Level 1:colcon.colcon_core.environment:create_file_with_runtime_dependencies(/home/bizare/Desktop/cw2_team_14/install/cw2_team_14/share/colcon-core/packages/cw2_team_14)
[118.731s] DEBUG:colcon.colcon_parallel_executor.executor.parallel:closing loop
[118.733s] DEBUG:colcon.colcon_parallel_executor.executor.parallel:loop closed
[118.734s] DEBUG:colcon.colcon_parallel_executor.executor.parallel:run_until_complete finished with '0'
[118.735s] DEBUG:colcon.colcon_core.event_reactor:joining thread
[118.789s] INFO:colcon.colcon_core.plugin_system:Skipping extension 'colcon_notification.desktop_notification.terminal_notifier': Not used on non-Darwin systems
[118.789s] INFO:colcon.colcon_core.plugin_system:Skipping extension 'colcon_notification.desktop_notification.win32': Not used on non-Windows systems
[118.789s] INFO:colcon.colcon_notification.desktop_notification:Sending desktop notification using 'notify2'
[118.963s] DEBUG:colcon.colcon_core.event_reactor:joined thread
[118.967s] INFO:colcon.colcon_core.shell:Creating prefix script '/home/bizare/Desktop/cw2_team_14/install/local_setup.ps1'
[118.969s] INFO:colcon.colcon_core.shell:Creating prefix util module '/home/bizare/Desktop/cw2_team_14/install/_local_setup_util_ps1.py'
[118.973s] INFO:colcon.colcon_core.shell:Creating prefix chain script '/home/bizare/Desktop/cw2_team_14/install/setup.ps1'
[118.975s] INFO:colcon.colcon_core.shell:Creating prefix script '/home/bizare/Desktop/cw2_team_14/install/local_setup.sh'
[118.976s] INFO:colcon.colcon_core.shell:Creating prefix util module '/home/bizare/Desktop/cw2_team_14/install/_local_setup_util_sh.py'
[118.976s] INFO:colcon.colcon_core.shell:Creating prefix chain script '/home/bizare/Desktop/cw2_team_14/install/setup.sh'
[118.978s] INFO:colcon.colcon_core.shell:Creating prefix script '/home/bizare/Desktop/cw2_team_14/install/local_setup.bash'
[118.978s] INFO:colcon.colcon_core.shell:Creating prefix chain script '/home/bizare/Desktop/cw2_team_14/install/setup.bash'
[118.980s] INFO:colcon.colcon_core.shell:Creating prefix script '/home/bizare/Desktop/cw2_team_14/install/local_setup.zsh'
[118.981s] INFO:colcon.colcon_core.shell:Creating prefix chain script '/home/bizare/Desktop/cw2_team_14/install/setup.zsh'
