[0.015s] Invoking command in '/home/bizare/Desktop/cw2_team_14/build/panda_moveit_config': CMAKE_PREFIX_PATH=${CMAKE_PREFIX_PATH}:/opt/ros/humble /usr/bin/cmake --build /home/bizare/Desktop/cw2_team_14/build/panda_moveit_config -- -j2 -l2
[0.070s] Invoked command in '/home/bizare/Desktop/cw2_team_14/build/panda_moveit_config' returned '0': CMAKE_PREFIX_PATH=${CMAKE_PREFIX_PATH}:/opt/ros/humble /usr/bin/cmake --build /home/bizare/Desktop/cw2_team_14/build/panda_moveit_config -- -j2 -l2
[0.092s] Invoking command in '/home/bizare/Desktop/cw2_team_14/build/panda_moveit_config': CMAKE_PREFIX_PATH=${CMAKE_PREFIX_PATH}:/opt/ros/humble /usr/bin/cmake --install /home/bizare/Desktop/cw2_team_14/build/panda_moveit_config
[0.104s] -- Install configuration: ""
[0.105s] -- Up-to-date: /home/bizare/Desktop/cw2_team_14/install/panda_moveit_config/share/panda_moveit_config/launch
[0.105s] -- Up-to-date: /home/bizare/Desktop/cw2_team_14/install/panda_moveit_config/share/panda_moveit_config/launch/move_group.launch
[0.107s] -- Up-to-date: /home/bizare/Desktop/cw2_team_14/install/panda_moveit_config/share/panda_moveit_config/launch/moveit.rviz
[0.107s] -- Up-to-date: /home/bizare/Desktop/cw2_team_14/install/panda_moveit_config/share/panda_moveit_config/launch/panda_moveit_controller_manager_simulation.launch.xml
[0.108s] -- Up-to-date: /home/bizare/Desktop/cw2_team_14/install/panda_moveit_config/share/panda_moveit_config/launch/chomp_planning_pipeline.launch.xml
[0.108s] -- Up-to-date: /home/bizare/Desktop/cw2_team_14/install/panda_moveit_config/share/panda_moveit_config/launch/sensor_manager.launch.xml
[0.108s] -- Up-to-date: /home/bizare/Desktop/cw2_team_14/install/panda_moveit_config/share/panda_moveit_config/launch/joystick_control.launch
[0.109s] -- Up-to-date: /home/bizare/Desktop/cw2_team_14/install/panda_moveit_config/share/panda_moveit_config/launch/moveit_empty.rviz
[0.110s] -- Up-to-date: /home/bizare/Desktop/cw2_team_14/install/panda_moveit_config/share/panda_moveit_config/launch/stomp_planning_pipeline.launch.xml
[0.110s] -- Up-to-date: /home/bizare/Desktop/cw2_team_14/install/panda_moveit_config/share/panda_moveit_config/launch/run_benchmark_ompl.launch
[0.110s] -- Up-to-date: /home/bizare/Desktop/cw2_team_14/install/panda_moveit_config/share/panda_moveit_config/launch/planning_pipeline.launch.xml
[0.110s] -- Up-to-date: /home/bizare/Desktop/cw2_team_14/install/panda_moveit_config/share/panda_moveit_config/launch/ompl_planning_pipeline.launch.xml
[0.110s] -- Up-to-date: /home/bizare/Desktop/cw2_team_14/install/panda_moveit_config/share/panda_moveit_config/launch/panda_gripper_moveit_controller_manager.launch.xml
[0.110s] -- Up-to-date: /home/bizare/Desktop/cw2_team_14/install/panda_moveit_config/share/panda_moveit_config/launch/demo-project.launch
[0.110s] -- Up-to-date: /home/bizare/Desktop/cw2_team_14/install/panda_moveit_config/share/panda_moveit_config/launch/demo.launch
[0.110s] -- Up-to-date: /home/bizare/Desktop/cw2_team_14/install/panda_moveit_config/share/panda_moveit_config/launch/panda_control_moveit_rviz.launch
[0.110s] -- Up-to-date: /home/bizare/Desktop/cw2_team_14/install/panda_moveit_config/share/panda_moveit_config/launch/panda_moveit.launch
[0.110s] -- Up-to-date: /home/bizare/Desktop/cw2_team_14/install/panda_moveit_config/share/panda_moveit_config/launch/panda_moveit_controller_manager.launch.xml
[0.110s] -- Up-to-date: /home/bizare/Desktop/cw2_team_14/install/panda_moveit_config/share/panda_moveit_config/launch/warehouse.launch
[0.110s] -- Up-to-date: /home/bizare/Desktop/cw2_team_14/install/panda_moveit_config/share/panda_moveit_config/launch/moveit_rviz_simulation.launch
[0.111s] -- Up-to-date: /home/bizare/Desktop/cw2_team_14/install/panda_moveit_config/share/panda_moveit_config/launch/project.rviz
[0.111s] -- Up-to-date: /home/bizare/Desktop/cw2_team_14/install/panda_moveit_config/share/panda_moveit_config/launch/panda_moveit_sensor_manager.launch.xml
[0.111s] -- Up-to-date: /home/bizare/Desktop/cw2_team_14/install/panda_moveit_config/share/panda_moveit_config/launch/fake_moveit_controller_manager.launch.xml
[0.111s] -- Up-to-date: /home/bizare/Desktop/cw2_team_14/install/panda_moveit_config/share/panda_moveit_config/launch/panda_gripper_moveit_controller_manager_simulation.launch.xml
[0.111s] -- Up-to-date: /home/bizare/Desktop/cw2_team_14/install/panda_moveit_config/share/panda_moveit_config/launch/default_warehouse_db.launch
[0.111s] -- Up-to-date: /home/bizare/Desktop/cw2_team_14/install/panda_moveit_config/share/panda_moveit_config/launch/moveit_simulation.rviz
[0.111s] -- Up-to-date: /home/bizare/Desktop/cw2_team_14/install/panda_moveit_config/share/panda_moveit_config/launch/moveit_rviz.launch
[0.111s] -- Up-to-date: /home/bizare/Desktop/cw2_team_14/install/panda_moveit_config/share/panda_moveit_config/launch/demo_chomp.launch
[0.111s] -- Up-to-date: /home/bizare/Desktop/cw2_team_14/install/panda_moveit_config/share/panda_moveit_config/launch/warehouse_settings.launch.xml
[0.111s] -- Up-to-date: /home/bizare/Desktop/cw2_team_14/install/panda_moveit_config/share/panda_moveit_config/launch/trajectory_execution.launch.xml
[0.120s] -- Up-to-date: /home/bizare/Desktop/cw2_team_14/install/panda_moveit_config/share/panda_moveit_config/launch/planning_context.launch
[0.120s] -- Up-to-date: /home/bizare/Desktop/cw2_team_14/install/panda_moveit_config/share/panda_moveit_config/config
[0.120s] -- Up-to-date: /home/bizare/Desktop/cw2_team_14/install/panda_moveit_config/share/panda_moveit_config/config/panda_arm.xacro
[0.120s] -- Up-to-date: /home/bizare/Desktop/cw2_team_14/install/panda_moveit_config/share/panda_moveit_config/config/sensors_kinect_depthmap.yaml
[0.120s] -- Up-to-date: /home/bizare/Desktop/cw2_team_14/install/panda_moveit_config/share/panda_moveit_config/config/panda_gripper_controllers_simulation.yaml
[0.123s] -- Up-to-date: /home/bizare/Desktop/cw2_team_14/install/panda_moveit_config/share/panda_moveit_config/config/fake_controllers.yaml
[0.123s] -- Up-to-date: /home/bizare/Desktop/cw2_team_14/install/panda_moveit_config/share/panda_moveit_config/config/hand.xacro
[0.123s] -- Up-to-date: /home/bizare/Desktop/cw2_team_14/install/panda_moveit_config/share/panda_moveit_config/config/panda_controllers_simulation.yaml
[0.123s] -- Up-to-date: /home/bizare/Desktop/cw2_team_14/install/panda_moveit_config/share/panda_moveit_config/config/pilz_cartesian_limits.yaml
[0.123s] -- Up-to-date: /home/bizare/Desktop/cw2_team_14/install/panda_moveit_config/share/panda_moveit_config/config/panda_gripper_controllers.yaml
[0.123s] -- Up-to-date: /home/bizare/Desktop/cw2_team_14/install/panda_moveit_config/share/panda_moveit_config/config/kinematics.yaml
[0.126s] -- Up-to-date: /home/bizare/Desktop/cw2_team_14/install/panda_moveit_config/share/panda_moveit_config/config/panda_arm.srdf.xacro
[0.126s] -- Up-to-date: /home/bizare/Desktop/cw2_team_14/install/panda_moveit_config/share/panda_moveit_config/config/panda_controllers.yaml
[0.126s] -- Up-to-date: /home/bizare/Desktop/cw2_team_14/install/panda_moveit_config/share/panda_moveit_config/config/panda_gripper_controllers (modified).yaml
[0.126s] -- Up-to-date: /home/bizare/Desktop/cw2_team_14/install/panda_moveit_config/share/panda_moveit_config/config/chomp_planning.yaml
[0.126s] -- Up-to-date: /home/bizare/Desktop/cw2_team_14/install/panda_moveit_config/share/panda_moveit_config/config/stomp_planning.yaml
[0.126s] -- Up-to-date: /home/bizare/Desktop/cw2_team_14/install/panda_moveit_config/share/panda_moveit_config/config/panda_arm_hand.srdf.xacro
[0.127s] -- Up-to-date: /home/bizare/Desktop/cw2_team_14/install/panda_moveit_config/share/panda_moveit_config/config/joint_limits.yaml
[0.127s] -- Up-to-date: /home/bizare/Desktop/cw2_team_14/install/panda_moveit_config/share/panda_moveit_config/config/ompl_planning.yaml
[0.127s] -- Up-to-date: /home/bizare/Desktop/cw2_team_14/install/panda_moveit_config/share/panda_moveit_config/config/sensors_kinect_pointcloud.yaml
[0.127s] -- Up-to-date: /home/bizare/Desktop/cw2_team_14/install/panda_moveit_config/share/ament_index/resource_index/package_run_dependencies/panda_moveit_config
[0.127s] -- Up-to-date: /home/bizare/Desktop/cw2_team_14/install/panda_moveit_config/share/ament_index/resource_index/parent_prefix_path/panda_moveit_config
[0.127s] -- Up-to-date: /home/bizare/Desktop/cw2_team_14/install/panda_moveit_config/share/panda_moveit_config/environment/ament_prefix_path.sh
[0.127s] -- Up-to-date: /home/bizare/Desktop/cw2_team_14/install/panda_moveit_config/share/panda_moveit_config/environment/ament_prefix_path.dsv
[0.127s] -- Up-to-date: /home/bizare/Desktop/cw2_team_14/install/panda_moveit_config/share/panda_moveit_config/environment/path.sh
[0.134s] -- Up-to-date: /home/bizare/Desktop/cw2_team_14/install/panda_moveit_config/share/panda_moveit_config/environment/path.dsv
[0.134s] -- Up-to-date: /home/bizare/Desktop/cw2_team_14/install/panda_moveit_config/share/panda_moveit_config/local_setup.bash
[0.134s] -- Up-to-date: /home/bizare/Desktop/cw2_team_14/install/panda_moveit_config/share/panda_moveit_config/local_setup.sh
[0.135s] -- Up-to-date: /home/bizare/Desktop/cw2_team_14/install/panda_moveit_config/share/panda_moveit_config/local_setup.zsh
[0.135s] -- Up-to-date: /home/bizare/Desktop/cw2_team_14/install/panda_moveit_config/share/panda_moveit_config/local_setup.dsv
[0.135s] -- Installing: /home/bizare/Desktop/cw2_team_14/install/panda_moveit_config/share/panda_moveit_config/package.dsv
[0.135s] -- Up-to-date: /home/bizare/Desktop/cw2_team_14/install/panda_moveit_config/share/ament_index/resource_index/packages/panda_moveit_config
[0.135s] -- Up-to-date: /home/bizare/Desktop/cw2_team_14/install/panda_moveit_config/share/panda_moveit_config/cmake/panda_moveit_configConfig.cmake
[0.135s] -- Up-to-date: /home/bizare/Desktop/cw2_team_14/install/panda_moveit_config/share/panda_moveit_config/cmake/panda_moveit_configConfig-version.cmake
[0.135s] -- Up-to-date: /home/bizare/Desktop/cw2_team_14/install/panda_moveit_config/share/panda_moveit_config/package.xml
[0.135s] Invoked command in '/home/bizare/Desktop/cw2_team_14/build/panda_moveit_config' returned '0': CMAKE_PREFIX_PATH=${CMAKE_PREFIX_PATH}:/opt/ros/humble /usr/bin/cmake --install /home/bizare/Desktop/cw2_team_14/build/panda_moveit_config
